main function started.
--------Start of iteration 0---------


Iteration 0, Turn 0, current agent count: 5


Iteration 0, Turn 1, current agent count: 5


Iteration 0, Turn 2, current agent count: 5


Iteration 0, Turn 3, current agent count: 5


Iteration 0, Turn 4, current agent count: 5
--------End of iteration 0---------
--------Start of iteration 1---------


Iteration 1, Turn 0, current agent count: 5


Iteration 1, Turn 1, current agent count: 5


Iteration 1, Turn 2, current agent count: 5


Iteration 1, Turn 3, current agent count: 5


Iteration 1, Turn 4, current agent count: 5
--------End of iteration 1---------
--------Start of iteration 2---------


Iteration 2, Turn 0, current agent count: 5


Iteration 2, Turn 1, current agent count: 5


Iteration 2, Turn 2, current agent count: 5


Iteration 2, Turn 3, current agent count: 5


Iteration 2, Turn 4, current agent count: 5
--------End of iteration 2---------


GamePlaybackSummary - playing 18 turn records

Iteration 0, Turn 0:

Iteration 0, Turn 1:
Agent 685cfb9e-16a9-4001-bc3b-95163829b33b: 
[DEAD] 
Agent ID: 685cfb9e-16a9-4001-bc3b-95163829b33b
Agent 7d704a23-73c5-4e2d-a25f-ad0f5694b2ab: 
[DEAD] 
Agent ID: 7d704a23-73c5-4e2d-a25f-ad0f5694b2ab
Agent b83bcd07-2578-4ba5-bdbe-867b5f9569ed: 
[DEAD] 
Agent ID: b83bcd07-2578-4ba5-bdbe-867b5f9569ed
Agent e57f95ed-342e-4f80-a511-e283d781618a: 
Agent ID: e57f95ed-342e-4f80-a511-e283d781618a
Agent f0d5a940-e825-473d-b495-b46329d68082: 
Agent ID: f0d5a940-e825-473d-b495-b46329d68082

Iteration 0, Turn 2:
Agent 685cfb9e-16a9-4001-bc3b-95163829b33b: 
[DEAD] 
Agent ID: 685cfb9e-16a9-4001-bc3b-95163829b33b
Agent 7d704a23-73c5-4e2d-a25f-ad0f5694b2ab: 
[DEAD] 
Agent ID: 7d704a23-73c5-4e2d-a25f-ad0f5694b2ab
Agent b83bcd07-2578-4ba5-bdbe-867b5f9569ed: 
[DEAD] 
Agent ID: b83bcd07-2578-4ba5-bdbe-867b5f9569ed
Agent e57f95ed-342e-4f80-a511-e283d781618a: 
Agent ID: e57f95ed-342e-4f80-a511-e283d781618a
Agent f0d5a940-e825-473d-b495-b46329d68082: 
Agent ID: f0d5a940-e825-473d-b495-b46329d68082

Iteration 0, Turn 3:
Agent 685cfb9e-16a9-4001-bc3b-95163829b33b: 
[DEAD] 
Agent ID: 685cfb9e-16a9-4001-bc3b-95163829b33b
Agent 7d704a23-73c5-4e2d-a25f-ad0f5694b2ab: 
[DEAD] 
Agent ID: 7d704a23-73c5-4e2d-a25f-ad0f5694b2ab
Agent b83bcd07-2578-4ba5-bdbe-867b5f9569ed: 
[DEAD] 
Agent ID: b83bcd07-2578-4ba5-bdbe-867b5f9569ed
Agent e57f95ed-342e-4f80-a511-e283d781618a: 
[DEAD] 
Agent ID: e57f95ed-342e-4f80-a511-e283d781618a
Agent f0d5a940-e825-473d-b495-b46329d68082: 
Agent ID: f0d5a940-e825-473d-b495-b46329d68082

Iteration 0, Turn 4:
Agent 685cfb9e-16a9-4001-bc3b-95163829b33b: 
[DEAD] 
Agent ID: 685cfb9e-16a9-4001-bc3b-95163829b33b
Agent 7d704a23-73c5-4e2d-a25f-ad0f5694b2ab: 
[DEAD] 
Agent ID: 7d704a23-73c5-4e2d-a25f-ad0f5694b2ab
Agent b83bcd07-2578-4ba5-bdbe-867b5f9569ed: 
[DEAD] 
Agent ID: b83bcd07-2578-4ba5-bdbe-867b5f9569ed
Agent e57f95ed-342e-4f80-a511-e283d781618a: 
[DEAD] 
Agent ID: e57f95ed-342e-4f80-a511-e283d781618a
Agent f0d5a940-e825-473d-b495-b46329d68082: 
[DEAD] 
Agent ID: f0d5a940-e825-473d-b495-b46329d68082

Iteration 0, Turn 5:
Agent 685cfb9e-16a9-4001-bc3b-95163829b33b: 
[DEAD] 
Agent ID: 685cfb9e-16a9-4001-bc3b-95163829b33b
Agent 7d704a23-73c5-4e2d-a25f-ad0f5694b2ab: 
[DEAD] 
Agent ID: 7d704a23-73c5-4e2d-a25f-ad0f5694b2ab
Agent b83bcd07-2578-4ba5-bdbe-867b5f9569ed: 
[DEAD] 
Agent ID: b83bcd07-2578-4ba5-bdbe-867b5f9569ed
Agent e57f95ed-342e-4f80-a511-e283d781618a: 
[DEAD] 
Agent ID: e57f95ed-342e-4f80-a511-e283d781618a
Agent f0d5a940-e825-473d-b495-b46329d68082: 
[DEAD] 
Agent ID: f0d5a940-e825-473d-b495-b46329d68082

Iteration 1, Turn 0:

Iteration 1, Turn 1:
Agent 685cfb9e-16a9-4001-bc3b-95163829b33b: 
[DEAD] 
Agent ID: 685cfb9e-16a9-4001-bc3b-95163829b33b
Agent 7d704a23-73c5-4e2d-a25f-ad0f5694b2ab: 
[DEAD] 
Agent ID: 7d704a23-73c5-4e2d-a25f-ad0f5694b2ab
Agent b83bcd07-2578-4ba5-bdbe-867b5f9569ed: 
[DEAD] 
Agent ID: b83bcd07-2578-4ba5-bdbe-867b5f9569ed
Agent e57f95ed-342e-4f80-a511-e283d781618a: 
[DEAD] 
Agent ID: e57f95ed-342e-4f80-a511-e283d781618a
Agent f0d5a940-e825-473d-b495-b46329d68082: 
[DEAD] 
Agent ID: f0d5a940-e825-473d-b495-b46329d68082

Iteration 1, Turn 2:
Agent 685cfb9e-16a9-4001-bc3b-95163829b33b: 
[DEAD] 
Agent ID: 685cfb9e-16a9-4001-bc3b-95163829b33b
Agent 7d704a23-73c5-4e2d-a25f-ad0f5694b2ab: 
[DEAD] 
Agent ID: 7d704a23-73c5-4e2d-a25f-ad0f5694b2ab
Agent b83bcd07-2578-4ba5-bdbe-867b5f9569ed: 
[DEAD] 
Agent ID: b83bcd07-2578-4ba5-bdbe-867b5f9569ed
Agent e57f95ed-342e-4f80-a511-e283d781618a: 
[DEAD] 
Agent ID: e57f95ed-342e-4f80-a511-e283d781618a
Agent f0d5a940-e825-473d-b495-b46329d68082: 
[DEAD] 
Agent ID: f0d5a940-e825-473d-b495-b46329d68082

Iteration 1, Turn 3:
Agent 685cfb9e-16a9-4001-bc3b-95163829b33b: 
[DEAD] 
Agent ID: 685cfb9e-16a9-4001-bc3b-95163829b33b
Agent 7d704a23-73c5-4e2d-a25f-ad0f5694b2ab: 
[DEAD] 
Agent ID: 7d704a23-73c5-4e2d-a25f-ad0f5694b2ab
Agent b83bcd07-2578-4ba5-bdbe-867b5f9569ed: 
[DEAD] 
Agent ID: b83bcd07-2578-4ba5-bdbe-867b5f9569ed
Agent e57f95ed-342e-4f80-a511-e283d781618a: 
[DEAD] 
Agent ID: e57f95ed-342e-4f80-a511-e283d781618a
Agent f0d5a940-e825-473d-b495-b46329d68082: 
[DEAD] 
Agent ID: f0d5a940-e825-473d-b495-b46329d68082

Iteration 1, Turn 4:
Agent 685cfb9e-16a9-4001-bc3b-95163829b33b: 
[DEAD] 
Agent ID: 685cfb9e-16a9-4001-bc3b-95163829b33b
Agent 7d704a23-73c5-4e2d-a25f-ad0f5694b2ab: 
[DEAD] 
Agent ID: 7d704a23-73c5-4e2d-a25f-ad0f5694b2ab
Agent b83bcd07-2578-4ba5-bdbe-867b5f9569ed: 
[DEAD] 
Agent ID: b83bcd07-2578-4ba5-bdbe-867b5f9569ed
Agent e57f95ed-342e-4f80-a511-e283d781618a: 
[DEAD] 
Agent ID: e57f95ed-342e-4f80-a511-e283d781618a
Agent f0d5a940-e825-473d-b495-b46329d68082: 
[DEAD] 
Agent ID: f0d5a940-e825-473d-b495-b46329d68082

Iteration 1, Turn 5:
Agent 685cfb9e-16a9-4001-bc3b-95163829b33b: 
[DEAD] 
Agent ID: 685cfb9e-16a9-4001-bc3b-95163829b33b
Agent 7d704a23-73c5-4e2d-a25f-ad0f5694b2ab: 
[DEAD] 
Agent ID: 7d704a23-73c5-4e2d-a25f-ad0f5694b2ab
Agent b83bcd07-2578-4ba5-bdbe-867b5f9569ed: 
[DEAD] 
Agent ID: b83bcd07-2578-4ba5-bdbe-867b5f9569ed
Agent e57f95ed-342e-4f80-a511-e283d781618a: 
[DEAD] 
Agent ID: e57f95ed-342e-4f80-a511-e283d781618a
Agent f0d5a940-e825-473d-b495-b46329d68082: 
[DEAD] 
Agent ID: f0d5a940-e825-473d-b495-b46329d68082

Iteration 2, Turn 0:

Iteration 2, Turn 1:
Agent 685cfb9e-16a9-4001-bc3b-95163829b33b: 
[DEAD] 
Agent ID: 685cfb9e-16a9-4001-bc3b-95163829b33b
Agent 7d704a23-73c5-4e2d-a25f-ad0f5694b2ab: 
[DEAD] 
Agent ID: 7d704a23-73c5-4e2d-a25f-ad0f5694b2ab
Agent b83bcd07-2578-4ba5-bdbe-867b5f9569ed: 
[DEAD] 
Agent ID: b83bcd07-2578-4ba5-bdbe-867b5f9569ed
Agent e57f95ed-342e-4f80-a511-e283d781618a: 
[DEAD] 
Agent ID: e57f95ed-342e-4f80-a511-e283d781618a
Agent f0d5a940-e825-473d-b495-b46329d68082: 
[DEAD] 
Agent ID: f0d5a940-e825-473d-b495-b46329d68082

Iteration 2, Turn 2:
Agent 685cfb9e-16a9-4001-bc3b-95163829b33b: 
[DEAD] 
Agent ID: 685cfb9e-16a9-4001-bc3b-95163829b33b
Agent 7d704a23-73c5-4e2d-a25f-ad0f5694b2ab: 
[DEAD] 
Agent ID: 7d704a23-73c5-4e2d-a25f-ad0f5694b2ab
Agent b83bcd07-2578-4ba5-bdbe-867b5f9569ed: 
[DEAD] 
Agent ID: b83bcd07-2578-4ba5-bdbe-867b5f9569ed
Agent e57f95ed-342e-4f80-a511-e283d781618a: 
[DEAD] 
Agent ID: e57f95ed-342e-4f80-a511-e283d781618a
Agent f0d5a940-e825-473d-b495-b46329d68082: 
[DEAD] 
Agent ID: f0d5a940-e825-473d-b495-b46329d68082

Iteration 2, Turn 3:
Agent 685cfb9e-16a9-4001-bc3b-95163829b33b: 
[DEAD] 
Agent ID: 685cfb9e-16a9-4001-bc3b-95163829b33b
Agent 7d704a23-73c5-4e2d-a25f-ad0f5694b2ab: 
[DEAD] 
Agent ID: 7d704a23-73c5-4e2d-a25f-ad0f5694b2ab
Agent b83bcd07-2578-4ba5-bdbe-867b5f9569ed: 
[DEAD] 
Agent ID: b83bcd07-2578-4ba5-bdbe-867b5f9569ed
Agent e57f95ed-342e-4f80-a511-e283d781618a: 
[DEAD] 
Agent ID: e57f95ed-342e-4f80-a511-e283d781618a
Agent f0d5a940-e825-473d-b495-b46329d68082: 
[DEAD] 
Agent ID: f0d5a940-e825-473d-b495-b46329d68082

Iteration 2, Turn 4:
Agent 685cfb9e-16a9-4001-bc3b-95163829b33b: 
[DEAD] 
Agent ID: 685cfb9e-16a9-4001-bc3b-95163829b33b
Agent 7d704a23-73c5-4e2d-a25f-ad0f5694b2ab: 
[DEAD] 
Agent ID: 7d704a23-73c5-4e2d-a25f-ad0f5694b2ab
Agent b83bcd07-2578-4ba5-bdbe-867b5f9569ed: 
[DEAD] 
Agent ID: b83bcd07-2578-4ba5-bdbe-867b5f9569ed
Agent e57f95ed-342e-4f80-a511-e283d781618a: 
[DEAD] 
Agent ID: e57f95ed-342e-4f80-a511-e283d781618a
Agent f0d5a940-e825-473d-b495-b46329d68082: 
[DEAD] 
Agent ID: f0d5a940-e825-473d-b495-b46329d68082

Iteration 2, Turn 5:
Agent 685cfb9e-16a9-4001-bc3b-95163829b33b: 
[DEAD] 
Agent ID: 685cfb9e-16a9-4001-bc3b-95163829b33b
Agent 7d704a23-73c5-4e2d-a25f-ad0f5694b2ab: 
[DEAD] 
Agent ID: 7d704a23-73c5-4e2d-a25f-ad0f5694b2ab
Agent b83bcd07-2578-4ba5-bdbe-867b5f9569ed: 
[DEAD] 
Agent ID: b83bcd07-2578-4ba5-bdbe-867b5f9569ed
Agent e57f95ed-342e-4f80-a511-e283d781618a: 
[DEAD] 
Agent ID: e57f95ed-342e-4f80-a511-e283d781618a
Agent f0d5a940-e825-473d-b495-b46329d68082: 
[DEAD] 
Agent ID: f0d5a940-e825-473d-b495-b46329d68082
