main function started.
--------Start of iteration 0---------


Iteration 0, Turn 0, current agent count: 10


Iteration 0, Turn 1, current agent count: 10


Iteration 0, Turn 2, current agent count: 10


Iteration 0, Turn 3, current agent count: 10


Iteration 0, Turn 4, current agent count: 10
--------End of iteration 0---------
--------Start of iteration 1---------


Iteration 1, Turn 0, current agent count: 10


Iteration 1, Turn 1, current agent count: 10


Iteration 1, Turn 2, current agent count: 10


Iteration 1, Turn 3, current agent count: 10


Iteration 1, Turn 4, current agent count: 10
--------End of iteration 1---------
--------Start of iteration 2---------


Iteration 2, Turn 0, current agent count: 10


Iteration 2, Turn 1, current agent count: 10


Iteration 2, Turn 2, current agent count: 10


Iteration 2, Turn 3, current agent count: 10


Iteration 2, Turn 4, current agent count: 10
--------End of iteration 2---------


GamePlaybackSummary - playing 18 turn records

Iteration 0, Turn 0:

Iteration 0, Turn 0:
Agent 04b5f110-f45b-468b-83a8-b395fcf4cafd: 
Agent ID: 04b5f110-f45b-468b-83a8-b395fcf4cafd
Agent 28b2c1db-62ea-4a89-8941-7eb5358a04d6: 
Agent ID: 28b2c1db-62ea-4a89-8941-7eb5358a04d6
Agent 422a1aab-1be2-45d9-8d43-6acc49e78986: 
Agent ID: 422a1aab-1be2-45d9-8d43-6acc49e78986
Agent 567f98b5-b4d5-4667-9188-e8e0f4c45acc: 
Agent ID: 567f98b5-b4d5-4667-9188-e8e0f4c45acc
Agent 5a366637-c786-4eee-9749-b3824b7a30ec: 
Agent ID: 5a366637-c786-4eee-9749-b3824b7a30ec
Agent 97006a29-3aba-4e2b-aa57-b208b4d89f54: 
Agent ID: 97006a29-3aba-4e2b-aa57-b208b4d89f54
Agent 992b9f66-0d3e-4904-a0b4-80907d587954: 
Agent ID: 992b9f66-0d3e-4904-a0b4-80907d587954
Agent 9daca6b7-1951-4934-8c33-2330c907134b: 
Agent ID: 9daca6b7-1951-4934-8c33-2330c907134b
Agent b3e0e5d6-85fd-4af8-b78c-142b61319e4f: 
Agent ID: b3e0e5d6-85fd-4af8-b78c-142b61319e4f
Agent e8551956-6a7f-4100-8be8-1f45c9585c01: 
Agent ID: e8551956-6a7f-4100-8be8-1f45c9585c01

Iteration 0, Turn 1:
Agent 04b5f110-f45b-468b-83a8-b395fcf4cafd: 
Agent ID: 04b5f110-f45b-468b-83a8-b395fcf4cafd
Agent 28b2c1db-62ea-4a89-8941-7eb5358a04d6: 
Agent ID: 28b2c1db-62ea-4a89-8941-7eb5358a04d6
Agent 422a1aab-1be2-45d9-8d43-6acc49e78986: 
Agent ID: 422a1aab-1be2-45d9-8d43-6acc49e78986
Agent 567f98b5-b4d5-4667-9188-e8e0f4c45acc: 
Agent ID: 567f98b5-b4d5-4667-9188-e8e0f4c45acc
Agent 5a366637-c786-4eee-9749-b3824b7a30ec: 
Agent ID: 5a366637-c786-4eee-9749-b3824b7a30ec
Agent 97006a29-3aba-4e2b-aa57-b208b4d89f54: 
Agent ID: 97006a29-3aba-4e2b-aa57-b208b4d89f54
Agent 992b9f66-0d3e-4904-a0b4-80907d587954: 
Agent ID: 992b9f66-0d3e-4904-a0b4-80907d587954
Agent 9daca6b7-1951-4934-8c33-2330c907134b: 
[DEAD] 
Agent ID: 9daca6b7-1951-4934-8c33-2330c907134b
Agent b3e0e5d6-85fd-4af8-b78c-142b61319e4f: 
Agent ID: b3e0e5d6-85fd-4af8-b78c-142b61319e4f
Agent e8551956-6a7f-4100-8be8-1f45c9585c01: 
Agent ID: e8551956-6a7f-4100-8be8-1f45c9585c01

Iteration 0, Turn 2:
Agent 04b5f110-f45b-468b-83a8-b395fcf4cafd: 
Agent ID: 04b5f110-f45b-468b-83a8-b395fcf4cafd
Agent 28b2c1db-62ea-4a89-8941-7eb5358a04d6: 
Agent ID: 28b2c1db-62ea-4a89-8941-7eb5358a04d6
Agent 422a1aab-1be2-45d9-8d43-6acc49e78986: 
Agent ID: 422a1aab-1be2-45d9-8d43-6acc49e78986
Agent 567f98b5-b4d5-4667-9188-e8e0f4c45acc: 
Agent ID: 567f98b5-b4d5-4667-9188-e8e0f4c45acc
Agent 5a366637-c786-4eee-9749-b3824b7a30ec: 
Agent ID: 5a366637-c786-4eee-9749-b3824b7a30ec
Agent 97006a29-3aba-4e2b-aa57-b208b4d89f54: 
Agent ID: 97006a29-3aba-4e2b-aa57-b208b4d89f54
Agent 992b9f66-0d3e-4904-a0b4-80907d587954: 
Agent ID: 992b9f66-0d3e-4904-a0b4-80907d587954
Agent 9daca6b7-1951-4934-8c33-2330c907134b: 
[DEAD] 
Agent ID: 9daca6b7-1951-4934-8c33-2330c907134b
Agent b3e0e5d6-85fd-4af8-b78c-142b61319e4f: 
Agent ID: b3e0e5d6-85fd-4af8-b78c-142b61319e4f
Agent e8551956-6a7f-4100-8be8-1f45c9585c01: 
Agent ID: e8551956-6a7f-4100-8be8-1f45c9585c01

Iteration 0, Turn 3:
Agent 04b5f110-f45b-468b-83a8-b395fcf4cafd: 
Agent ID: 04b5f110-f45b-468b-83a8-b395fcf4cafd
Agent 28b2c1db-62ea-4a89-8941-7eb5358a04d6: 
Agent ID: 28b2c1db-62ea-4a89-8941-7eb5358a04d6
Agent 422a1aab-1be2-45d9-8d43-6acc49e78986: 
Agent ID: 422a1aab-1be2-45d9-8d43-6acc49e78986
Agent 567f98b5-b4d5-4667-9188-e8e0f4c45acc: 
Agent ID: 567f98b5-b4d5-4667-9188-e8e0f4c45acc
Agent 5a366637-c786-4eee-9749-b3824b7a30ec: 
Agent ID: 5a366637-c786-4eee-9749-b3824b7a30ec
Agent 97006a29-3aba-4e2b-aa57-b208b4d89f54: 
Agent ID: 97006a29-3aba-4e2b-aa57-b208b4d89f54
Agent 992b9f66-0d3e-4904-a0b4-80907d587954: 
Agent ID: 992b9f66-0d3e-4904-a0b4-80907d587954
Agent 9daca6b7-1951-4934-8c33-2330c907134b: 
[DEAD] 
Agent ID: 9daca6b7-1951-4934-8c33-2330c907134b
Agent b3e0e5d6-85fd-4af8-b78c-142b61319e4f: 
Agent ID: b3e0e5d6-85fd-4af8-b78c-142b61319e4f
Agent e8551956-6a7f-4100-8be8-1f45c9585c01: 
Agent ID: e8551956-6a7f-4100-8be8-1f45c9585c01

Iteration 0, Turn 4:
Agent 04b5f110-f45b-468b-83a8-b395fcf4cafd: 
Agent ID: 04b5f110-f45b-468b-83a8-b395fcf4cafd
Agent 28b2c1db-62ea-4a89-8941-7eb5358a04d6: 
Agent ID: 28b2c1db-62ea-4a89-8941-7eb5358a04d6
Agent 422a1aab-1be2-45d9-8d43-6acc49e78986: 
Agent ID: 422a1aab-1be2-45d9-8d43-6acc49e78986
Agent 567f98b5-b4d5-4667-9188-e8e0f4c45acc: 
Agent ID: 567f98b5-b4d5-4667-9188-e8e0f4c45acc
Agent 5a366637-c786-4eee-9749-b3824b7a30ec: 
Agent ID: 5a366637-c786-4eee-9749-b3824b7a30ec
Agent 97006a29-3aba-4e2b-aa57-b208b4d89f54: 
Agent ID: 97006a29-3aba-4e2b-aa57-b208b4d89f54
Agent 992b9f66-0d3e-4904-a0b4-80907d587954: 
Agent ID: 992b9f66-0d3e-4904-a0b4-80907d587954
Agent 9daca6b7-1951-4934-8c33-2330c907134b: 
[DEAD] 
Agent ID: 9daca6b7-1951-4934-8c33-2330c907134b
Agent b3e0e5d6-85fd-4af8-b78c-142b61319e4f: 
Agent ID: b3e0e5d6-85fd-4af8-b78c-142b61319e4f
Agent e8551956-6a7f-4100-8be8-1f45c9585c01: 
Agent ID: e8551956-6a7f-4100-8be8-1f45c9585c01

Iteration 1, Turn 0:

Iteration 1, Turn 0:
Agent 04b5f110-f45b-468b-83a8-b395fcf4cafd: 
Agent ID: 04b5f110-f45b-468b-83a8-b395fcf4cafd
Agent 28b2c1db-62ea-4a89-8941-7eb5358a04d6: 
Agent ID: 28b2c1db-62ea-4a89-8941-7eb5358a04d6
Agent 422a1aab-1be2-45d9-8d43-6acc49e78986: 
Agent ID: 422a1aab-1be2-45d9-8d43-6acc49e78986
Agent 567f98b5-b4d5-4667-9188-e8e0f4c45acc: 
Agent ID: 567f98b5-b4d5-4667-9188-e8e0f4c45acc
Agent 5a366637-c786-4eee-9749-b3824b7a30ec: 
[DEAD] 
Agent ID: 5a366637-c786-4eee-9749-b3824b7a30ec
Agent 97006a29-3aba-4e2b-aa57-b208b4d89f54: 
Agent ID: 97006a29-3aba-4e2b-aa57-b208b4d89f54
Agent 992b9f66-0d3e-4904-a0b4-80907d587954: 
[DEAD] 
Agent ID: 992b9f66-0d3e-4904-a0b4-80907d587954
Agent 9daca6b7-1951-4934-8c33-2330c907134b: 
[DEAD] 
Agent ID: 9daca6b7-1951-4934-8c33-2330c907134b
Agent b3e0e5d6-85fd-4af8-b78c-142b61319e4f: 
Agent ID: b3e0e5d6-85fd-4af8-b78c-142b61319e4f
Agent e8551956-6a7f-4100-8be8-1f45c9585c01: 
Agent ID: e8551956-6a7f-4100-8be8-1f45c9585c01

Iteration 1, Turn 1:
Agent 04b5f110-f45b-468b-83a8-b395fcf4cafd: 
Agent ID: 04b5f110-f45b-468b-83a8-b395fcf4cafd
Agent 28b2c1db-62ea-4a89-8941-7eb5358a04d6: 
Agent ID: 28b2c1db-62ea-4a89-8941-7eb5358a04d6
Agent 422a1aab-1be2-45d9-8d43-6acc49e78986: 
Agent ID: 422a1aab-1be2-45d9-8d43-6acc49e78986
Agent 567f98b5-b4d5-4667-9188-e8e0f4c45acc: 
Agent ID: 567f98b5-b4d5-4667-9188-e8e0f4c45acc
Agent 5a366637-c786-4eee-9749-b3824b7a30ec: 
[DEAD] 
Agent ID: 5a366637-c786-4eee-9749-b3824b7a30ec
Agent 97006a29-3aba-4e2b-aa57-b208b4d89f54: 
Agent ID: 97006a29-3aba-4e2b-aa57-b208b4d89f54
Agent 992b9f66-0d3e-4904-a0b4-80907d587954: 
[DEAD] 
Agent ID: 992b9f66-0d3e-4904-a0b4-80907d587954
Agent 9daca6b7-1951-4934-8c33-2330c907134b: 
[DEAD] 
Agent ID: 9daca6b7-1951-4934-8c33-2330c907134b
Agent b3e0e5d6-85fd-4af8-b78c-142b61319e4f: 
Agent ID: b3e0e5d6-85fd-4af8-b78c-142b61319e4f
Agent e8551956-6a7f-4100-8be8-1f45c9585c01: 
Agent ID: e8551956-6a7f-4100-8be8-1f45c9585c01

Iteration 1, Turn 2:
Agent 04b5f110-f45b-468b-83a8-b395fcf4cafd: 
Agent ID: 04b5f110-f45b-468b-83a8-b395fcf4cafd
Agent 28b2c1db-62ea-4a89-8941-7eb5358a04d6: 
Agent ID: 28b2c1db-62ea-4a89-8941-7eb5358a04d6
Agent 422a1aab-1be2-45d9-8d43-6acc49e78986: 
Agent ID: 422a1aab-1be2-45d9-8d43-6acc49e78986
Agent 567f98b5-b4d5-4667-9188-e8e0f4c45acc: 
Agent ID: 567f98b5-b4d5-4667-9188-e8e0f4c45acc
Agent 5a366637-c786-4eee-9749-b3824b7a30ec: 
[DEAD] 
Agent ID: 5a366637-c786-4eee-9749-b3824b7a30ec
Agent 97006a29-3aba-4e2b-aa57-b208b4d89f54: 
Agent ID: 97006a29-3aba-4e2b-aa57-b208b4d89f54
Agent 992b9f66-0d3e-4904-a0b4-80907d587954: 
[DEAD] 
Agent ID: 992b9f66-0d3e-4904-a0b4-80907d587954
Agent 9daca6b7-1951-4934-8c33-2330c907134b: 
[DEAD] 
Agent ID: 9daca6b7-1951-4934-8c33-2330c907134b
Agent b3e0e5d6-85fd-4af8-b78c-142b61319e4f: 
Agent ID: b3e0e5d6-85fd-4af8-b78c-142b61319e4f
Agent e8551956-6a7f-4100-8be8-1f45c9585c01: 
[DEAD] 
Agent ID: e8551956-6a7f-4100-8be8-1f45c9585c01

Iteration 1, Turn 3:
Agent 04b5f110-f45b-468b-83a8-b395fcf4cafd: 
Agent ID: 04b5f110-f45b-468b-83a8-b395fcf4cafd
Agent 28b2c1db-62ea-4a89-8941-7eb5358a04d6: 
Agent ID: 28b2c1db-62ea-4a89-8941-7eb5358a04d6
Agent 422a1aab-1be2-45d9-8d43-6acc49e78986: 
Agent ID: 422a1aab-1be2-45d9-8d43-6acc49e78986
Agent 567f98b5-b4d5-4667-9188-e8e0f4c45acc: 
Agent ID: 567f98b5-b4d5-4667-9188-e8e0f4c45acc
Agent 5a366637-c786-4eee-9749-b3824b7a30ec: 
[DEAD] 
Agent ID: 5a366637-c786-4eee-9749-b3824b7a30ec
Agent 97006a29-3aba-4e2b-aa57-b208b4d89f54: 
Agent ID: 97006a29-3aba-4e2b-aa57-b208b4d89f54
Agent 992b9f66-0d3e-4904-a0b4-80907d587954: 
[DEAD] 
Agent ID: 992b9f66-0d3e-4904-a0b4-80907d587954
Agent 9daca6b7-1951-4934-8c33-2330c907134b: 
[DEAD] 
Agent ID: 9daca6b7-1951-4934-8c33-2330c907134b
Agent b3e0e5d6-85fd-4af8-b78c-142b61319e4f: 
Agent ID: b3e0e5d6-85fd-4af8-b78c-142b61319e4f
Agent e8551956-6a7f-4100-8be8-1f45c9585c01: 
[DEAD] 
Agent ID: e8551956-6a7f-4100-8be8-1f45c9585c01

Iteration 1, Turn 4:
Agent 04b5f110-f45b-468b-83a8-b395fcf4cafd: 
[DEAD] 
Agent ID: 04b5f110-f45b-468b-83a8-b395fcf4cafd
Agent 28b2c1db-62ea-4a89-8941-7eb5358a04d6: 
[DEAD] 
Agent ID: 28b2c1db-62ea-4a89-8941-7eb5358a04d6
Agent 422a1aab-1be2-45d9-8d43-6acc49e78986: 
Agent ID: 422a1aab-1be2-45d9-8d43-6acc49e78986
Agent 567f98b5-b4d5-4667-9188-e8e0f4c45acc: 
Agent ID: 567f98b5-b4d5-4667-9188-e8e0f4c45acc
Agent 5a366637-c786-4eee-9749-b3824b7a30ec: 
[DEAD] 
Agent ID: 5a366637-c786-4eee-9749-b3824b7a30ec
Agent 97006a29-3aba-4e2b-aa57-b208b4d89f54: 
Agent ID: 97006a29-3aba-4e2b-aa57-b208b4d89f54
Agent 992b9f66-0d3e-4904-a0b4-80907d587954: 
[DEAD] 
Agent ID: 992b9f66-0d3e-4904-a0b4-80907d587954
Agent 9daca6b7-1951-4934-8c33-2330c907134b: 
[DEAD] 
Agent ID: 9daca6b7-1951-4934-8c33-2330c907134b
Agent b3e0e5d6-85fd-4af8-b78c-142b61319e4f: 
Agent ID: b3e0e5d6-85fd-4af8-b78c-142b61319e4f
Agent e8551956-6a7f-4100-8be8-1f45c9585c01: 
[DEAD] 
Agent ID: e8551956-6a7f-4100-8be8-1f45c9585c01

Iteration 2, Turn 0:

Iteration 2, Turn 0:
Agent 04b5f110-f45b-468b-83a8-b395fcf4cafd: 
[DEAD] 
Agent ID: 04b5f110-f45b-468b-83a8-b395fcf4cafd
Agent 28b2c1db-62ea-4a89-8941-7eb5358a04d6: 
[DEAD] 
Agent ID: 28b2c1db-62ea-4a89-8941-7eb5358a04d6
Agent 422a1aab-1be2-45d9-8d43-6acc49e78986: 
Agent ID: 422a1aab-1be2-45d9-8d43-6acc49e78986
Agent 567f98b5-b4d5-4667-9188-e8e0f4c45acc: 
Agent ID: 567f98b5-b4d5-4667-9188-e8e0f4c45acc
Agent 5a366637-c786-4eee-9749-b3824b7a30ec: 
[DEAD] 
Agent ID: 5a366637-c786-4eee-9749-b3824b7a30ec
Agent 97006a29-3aba-4e2b-aa57-b208b4d89f54: 
Agent ID: 97006a29-3aba-4e2b-aa57-b208b4d89f54
Agent 992b9f66-0d3e-4904-a0b4-80907d587954: 
[DEAD] 
Agent ID: 992b9f66-0d3e-4904-a0b4-80907d587954
Agent 9daca6b7-1951-4934-8c33-2330c907134b: 
[DEAD] 
Agent ID: 9daca6b7-1951-4934-8c33-2330c907134b
Agent b3e0e5d6-85fd-4af8-b78c-142b61319e4f: 
[DEAD] 
Agent ID: b3e0e5d6-85fd-4af8-b78c-142b61319e4f
Agent e8551956-6a7f-4100-8be8-1f45c9585c01: 
[DEAD] 
Agent ID: e8551956-6a7f-4100-8be8-1f45c9585c01

Iteration 2, Turn 1:
Agent 04b5f110-f45b-468b-83a8-b395fcf4cafd: 
[DEAD] 
Agent ID: 04b5f110-f45b-468b-83a8-b395fcf4cafd
Agent 28b2c1db-62ea-4a89-8941-7eb5358a04d6: 
[DEAD] 
Agent ID: 28b2c1db-62ea-4a89-8941-7eb5358a04d6
Agent 422a1aab-1be2-45d9-8d43-6acc49e78986: 
Agent ID: 422a1aab-1be2-45d9-8d43-6acc49e78986
Agent 567f98b5-b4d5-4667-9188-e8e0f4c45acc: 
Agent ID: 567f98b5-b4d5-4667-9188-e8e0f4c45acc
Agent 5a366637-c786-4eee-9749-b3824b7a30ec: 
[DEAD] 
Agent ID: 5a366637-c786-4eee-9749-b3824b7a30ec
Agent 97006a29-3aba-4e2b-aa57-b208b4d89f54: 
Agent ID: 97006a29-3aba-4e2b-aa57-b208b4d89f54
Agent 992b9f66-0d3e-4904-a0b4-80907d587954: 
[DEAD] 
Agent ID: 992b9f66-0d3e-4904-a0b4-80907d587954
Agent 9daca6b7-1951-4934-8c33-2330c907134b: 
[DEAD] 
Agent ID: 9daca6b7-1951-4934-8c33-2330c907134b
Agent b3e0e5d6-85fd-4af8-b78c-142b61319e4f: 
[DEAD] 
Agent ID: b3e0e5d6-85fd-4af8-b78c-142b61319e4f
Agent e8551956-6a7f-4100-8be8-1f45c9585c01: 
[DEAD] 
Agent ID: e8551956-6a7f-4100-8be8-1f45c9585c01

Iteration 2, Turn 2:
Agent 04b5f110-f45b-468b-83a8-b395fcf4cafd: 
[DEAD] 
Agent ID: 04b5f110-f45b-468b-83a8-b395fcf4cafd
Agent 28b2c1db-62ea-4a89-8941-7eb5358a04d6: 
[DEAD] 
Agent ID: 28b2c1db-62ea-4a89-8941-7eb5358a04d6
Agent 422a1aab-1be2-45d9-8d43-6acc49e78986: 
Agent ID: 422a1aab-1be2-45d9-8d43-6acc49e78986
Agent 567f98b5-b4d5-4667-9188-e8e0f4c45acc: 
[DEAD] 
Agent ID: 567f98b5-b4d5-4667-9188-e8e0f4c45acc
Agent 5a366637-c786-4eee-9749-b3824b7a30ec: 
[DEAD] 
Agent ID: 5a366637-c786-4eee-9749-b3824b7a30ec
Agent 97006a29-3aba-4e2b-aa57-b208b4d89f54: 
Agent ID: 97006a29-3aba-4e2b-aa57-b208b4d89f54
Agent 992b9f66-0d3e-4904-a0b4-80907d587954: 
[DEAD] 
Agent ID: 992b9f66-0d3e-4904-a0b4-80907d587954
Agent 9daca6b7-1951-4934-8c33-2330c907134b: 
[DEAD] 
Agent ID: 9daca6b7-1951-4934-8c33-2330c907134b
Agent b3e0e5d6-85fd-4af8-b78c-142b61319e4f: 
[DEAD] 
Agent ID: b3e0e5d6-85fd-4af8-b78c-142b61319e4f
Agent e8551956-6a7f-4100-8be8-1f45c9585c01: 
[DEAD] 
Agent ID: e8551956-6a7f-4100-8be8-1f45c9585c01

Iteration 2, Turn 3:
Agent 04b5f110-f45b-468b-83a8-b395fcf4cafd: 
[DEAD] 
Agent ID: 04b5f110-f45b-468b-83a8-b395fcf4cafd
Agent 28b2c1db-62ea-4a89-8941-7eb5358a04d6: 
[DEAD] 
Agent ID: 28b2c1db-62ea-4a89-8941-7eb5358a04d6
Agent 422a1aab-1be2-45d9-8d43-6acc49e78986: 
Agent ID: 422a1aab-1be2-45d9-8d43-6acc49e78986
Agent 567f98b5-b4d5-4667-9188-e8e0f4c45acc: 
[DEAD] 
Agent ID: 567f98b5-b4d5-4667-9188-e8e0f4c45acc
Agent 5a366637-c786-4eee-9749-b3824b7a30ec: 
[DEAD] 
Agent ID: 5a366637-c786-4eee-9749-b3824b7a30ec
Agent 97006a29-3aba-4e2b-aa57-b208b4d89f54: 
[DEAD] 
Agent ID: 97006a29-3aba-4e2b-aa57-b208b4d89f54
Agent 992b9f66-0d3e-4904-a0b4-80907d587954: 
[DEAD] 
Agent ID: 992b9f66-0d3e-4904-a0b4-80907d587954
Agent 9daca6b7-1951-4934-8c33-2330c907134b: 
[DEAD] 
Agent ID: 9daca6b7-1951-4934-8c33-2330c907134b
Agent b3e0e5d6-85fd-4af8-b78c-142b61319e4f: 
[DEAD] 
Agent ID: b3e0e5d6-85fd-4af8-b78c-142b61319e4f
Agent e8551956-6a7f-4100-8be8-1f45c9585c01: 
[DEAD] 
Agent ID: e8551956-6a7f-4100-8be8-1f45c9585c01

Iteration 2, Turn 4:
Agent 04b5f110-f45b-468b-83a8-b395fcf4cafd: 
[DEAD] 
Agent ID: 04b5f110-f45b-468b-83a8-b395fcf4cafd
Agent 28b2c1db-62ea-4a89-8941-7eb5358a04d6: 
[DEAD] 
Agent ID: 28b2c1db-62ea-4a89-8941-7eb5358a04d6
Agent 422a1aab-1be2-45d9-8d43-6acc49e78986: 
Agent ID: 422a1aab-1be2-45d9-8d43-6acc49e78986
Agent 567f98b5-b4d5-4667-9188-e8e0f4c45acc: 
[DEAD] 
Agent ID: 567f98b5-b4d5-4667-9188-e8e0f4c45acc
Agent 5a366637-c786-4eee-9749-b3824b7a30ec: 
[DEAD] 
Agent ID: 5a366637-c786-4eee-9749-b3824b7a30ec
Agent 97006a29-3aba-4e2b-aa57-b208b4d89f54: 
[DEAD] 
Agent ID: 97006a29-3aba-4e2b-aa57-b208b4d89f54
Agent 992b9f66-0d3e-4904-a0b4-80907d587954: 
[DEAD] 
Agent ID: 992b9f66-0d3e-4904-a0b4-80907d587954
Agent 9daca6b7-1951-4934-8c33-2330c907134b: 
[DEAD] 
Agent ID: 9daca6b7-1951-4934-8c33-2330c907134b
Agent b3e0e5d6-85fd-4af8-b78c-142b61319e4f: 
[DEAD] 
Agent ID: b3e0e5d6-85fd-4af8-b78c-142b61319e4f
Agent e8551956-6a7f-4100-8be8-1f45c9585c01: 
[DEAD] 
Agent ID: e8551956-6a7f-4100-8be8-1f45c9585c01
