main function started.
--------Start of iteration 0---------


Iteration 0, Turn 0, current agent count: 5


Iteration 0, Turn 1, current agent count: 2


Iteration 0, Turn 2, current agent count: 2


Iteration 0, Turn 3, current agent count: 1


Iteration 0, Turn 4, current agent count: 0
--------End of iteration 0---------
--------Start of iteration 1---------


Iteration 1, Turn 0, current agent count: 0


Iteration 1, Turn 1, current agent count: 0


Iteration 1, Turn 2, current agent count: 0


Iteration 1, Turn 3, current agent count: 0


Iteration 1, Turn 4, current agent count: 0
--------End of iteration 1---------
--------Start of iteration 2---------


Iteration 2, Turn 0, current agent count: 0


Iteration 2, Turn 1, current agent count: 0


Iteration 2, Turn 2, current agent count: 0


Iteration 2, Turn 3, current agent count: 0


Iteration 2, Turn 4, current agent count: 0
--------End of iteration 2---------


GamePlaybackSummary - playing 18 turn records

Iteration 0, Turn 0:

Iteration 0, Turn 1:
Agent 12f794db-b3d3-4f34-9c84-177f6be32dff: 
Agent ID: 12f794db-b3d3-4f34-9c84-177f6be32dff
Agent d1c8e4fd-9f3e-4742-b5af-8ae8c5c01669: 
Agent ID: d1c8e4fd-9f3e-4742-b5af-8ae8c5c01669

Iteration 0, Turn 2:
Agent 12f794db-b3d3-4f34-9c84-177f6be32dff: 
Agent ID: 12f794db-b3d3-4f34-9c84-177f6be32dff
Agent d1c8e4fd-9f3e-4742-b5af-8ae8c5c01669: 
Agent ID: d1c8e4fd-9f3e-4742-b5af-8ae8c5c01669

Iteration 0, Turn 3:
Agent d1c8e4fd-9f3e-4742-b5af-8ae8c5c01669: 
Agent ID: d1c8e4fd-9f3e-4742-b5af-8ae8c5c01669

Iteration 0, Turn 4:

Iteration 0, Turn 5:

Iteration 1, Turn 0:

Iteration 1, Turn 1:

Iteration 1, Turn 2:

Iteration 1, Turn 3:

Iteration 1, Turn 4:

Iteration 1, Turn 5:

Iteration 2, Turn 0:

Iteration 2, Turn 1:

Iteration 2, Turn 2:

Iteration 2, Turn 3:

Iteration 2, Turn 4:

Iteration 2, Turn 5:
