main function started.
--------Start of iteration 0---------


Iteration 0, Turn 0, current agent count: 20


Iteration 0, Turn 1, current agent count: 20


Iteration 0, Turn 2, current agent count: 20


Iteration 0, Turn 3, current agent count: 20


Iteration 0, Turn 4, current agent count: 20
--------End of iteration 0---------
--------Start of iteration 1---------


Iteration 1, Turn 0, current agent count: 20


Iteration 1, Turn 1, current agent count: 20


Iteration 1, Turn 2, current agent count: 20


Iteration 1, Turn 3, current agent count: 20


Iteration 1, Turn 4, current agent count: 20
--------End of iteration 1---------
--------Start of iteration 2---------


Iteration 2, Turn 0, current agent count: 20


Iteration 2, Turn 1, current agent count: 20


Iteration 2, Turn 2, current agent count: 20


Iteration 2, Turn 3, current agent count: 20


Iteration 2, Turn 4, current agent count: 20
--------End of iteration 2---------


GamePlaybackSummary - playing 18 turn records

Iteration 0, Turn 0:

Iteration 0, Turn 0:
Agent 0ba45194-bcb5-403f-8769-94e4a33d24a7: 
[DEAD] 
Agent ID: 0ba45194-bcb5-403f-8769-94e4a33d24a7
Agent 375e17ca-eadd-45d4-b144-09ab78bb8a29: 
Agent ID: 375e17ca-eadd-45d4-b144-09ab78bb8a29
Agent 4836f218-c198-464a-a00c-15e46acd51c0: 
Agent ID: 4836f218-c198-464a-a00c-15e46acd51c0
Agent 4898a79f-6c3b-4790-b088-9504a0ab5463: 
Agent ID: 4898a79f-6c3b-4790-b088-9504a0ab5463
Agent 5bbdc123-fb9e-4fe4-a9c1-e49ae7ec420a: 
Agent ID: 5bbdc123-fb9e-4fe4-a9c1-e49ae7ec420a
Agent 5e5339de-08f2-45ff-a865-4058d078f050: 
[DEAD] 
Agent ID: 5e5339de-08f2-45ff-a865-4058d078f050
Agent 77c1cf05-38bd-42c7-81f6-ede1d51be108: 
Agent ID: 77c1cf05-38bd-42c7-81f6-ede1d51be108
Agent 80dbeb93-0d28-4c75-ad1a-9c57659b5ed7: 
[DEAD] 
Agent ID: 80dbeb93-0d28-4c75-ad1a-9c57659b5ed7
Agent 8e941504-0352-438c-9fc4-96c48e5417c7: 
Agent ID: 8e941504-0352-438c-9fc4-96c48e5417c7
Agent 93824062-6a0a-4fda-aa35-ad3d83541984: 
Agent ID: 93824062-6a0a-4fda-aa35-ad3d83541984
Agent 93afe427-fe09-4cc2-9a63-df43665ed3c7: 
Agent ID: 93afe427-fe09-4cc2-9a63-df43665ed3c7
Agent a7b97009-f1b3-4194-92d9-f2bf1809ae2b: 
Agent ID: a7b97009-f1b3-4194-92d9-f2bf1809ae2b
Agent afcd6d3a-1acd-4e9d-818c-2908d516a930: 
Agent ID: afcd6d3a-1acd-4e9d-818c-2908d516a930
Agent c3684f3b-b25d-4839-88c2-89b71f5d7196: 
[DEAD] 
Agent ID: c3684f3b-b25d-4839-88c2-89b71f5d7196
Agent c6a71f96-0e33-49b7-b61c-5569151971cc: 
Agent ID: c6a71f96-0e33-49b7-b61c-5569151971cc
Agent e55fd9c5-58b6-49c3-848d-3277e1d6752b: 
Agent ID: e55fd9c5-58b6-49c3-848d-3277e1d6752b
Agent eaf5c074-1034-4663-ac3a-27050490fd1e: 
Agent ID: eaf5c074-1034-4663-ac3a-27050490fd1e
Agent f7e09c49-10dc-46d0-b156-98ba68abbd71: 
Agent ID: f7e09c49-10dc-46d0-b156-98ba68abbd71
Agent f9c04803-aae2-43fd-affb-1435fd38fe65: 
Agent ID: f9c04803-aae2-43fd-affb-1435fd38fe65
Agent fb4fa50a-f7bc-4006-8632-bfb0d2a4e221: 
Agent ID: fb4fa50a-f7bc-4006-8632-bfb0d2a4e221

Iteration 0, Turn 1:
Agent 0ba45194-bcb5-403f-8769-94e4a33d24a7: 
[DEAD] 
Agent ID: 0ba45194-bcb5-403f-8769-94e4a33d24a7
Agent 375e17ca-eadd-45d4-b144-09ab78bb8a29: 
Agent ID: 375e17ca-eadd-45d4-b144-09ab78bb8a29
Agent 4836f218-c198-464a-a00c-15e46acd51c0: 
[DEAD] 
Agent ID: 4836f218-c198-464a-a00c-15e46acd51c0
Agent 4898a79f-6c3b-4790-b088-9504a0ab5463: 
Agent ID: 4898a79f-6c3b-4790-b088-9504a0ab5463
Agent 5bbdc123-fb9e-4fe4-a9c1-e49ae7ec420a: 
[DEAD] 
Agent ID: 5bbdc123-fb9e-4fe4-a9c1-e49ae7ec420a
Agent 5e5339de-08f2-45ff-a865-4058d078f050: 
[DEAD] 
Agent ID: 5e5339de-08f2-45ff-a865-4058d078f050
Agent 77c1cf05-38bd-42c7-81f6-ede1d51be108: 
Agent ID: 77c1cf05-38bd-42c7-81f6-ede1d51be108
Agent 80dbeb93-0d28-4c75-ad1a-9c57659b5ed7: 
[DEAD] 
Agent ID: 80dbeb93-0d28-4c75-ad1a-9c57659b5ed7
Agent 8e941504-0352-438c-9fc4-96c48e5417c7: 
[DEAD] 
Agent ID: 8e941504-0352-438c-9fc4-96c48e5417c7
Agent 93824062-6a0a-4fda-aa35-ad3d83541984: 
Agent ID: 93824062-6a0a-4fda-aa35-ad3d83541984
Agent 93afe427-fe09-4cc2-9a63-df43665ed3c7: 
Agent ID: 93afe427-fe09-4cc2-9a63-df43665ed3c7
Agent a7b97009-f1b3-4194-92d9-f2bf1809ae2b: 
[DEAD] 
Agent ID: a7b97009-f1b3-4194-92d9-f2bf1809ae2b
Agent afcd6d3a-1acd-4e9d-818c-2908d516a930: 
Agent ID: afcd6d3a-1acd-4e9d-818c-2908d516a930
Agent c3684f3b-b25d-4839-88c2-89b71f5d7196: 
[DEAD] 
Agent ID: c3684f3b-b25d-4839-88c2-89b71f5d7196
Agent c6a71f96-0e33-49b7-b61c-5569151971cc: 
[DEAD] 
Agent ID: c6a71f96-0e33-49b7-b61c-5569151971cc
Agent e55fd9c5-58b6-49c3-848d-3277e1d6752b: 
[DEAD] 
Agent ID: e55fd9c5-58b6-49c3-848d-3277e1d6752b
Agent eaf5c074-1034-4663-ac3a-27050490fd1e: 
[DEAD] 
Agent ID: eaf5c074-1034-4663-ac3a-27050490fd1e
Agent f7e09c49-10dc-46d0-b156-98ba68abbd71: 
Agent ID: f7e09c49-10dc-46d0-b156-98ba68abbd71
Agent f9c04803-aae2-43fd-affb-1435fd38fe65: 
Agent ID: f9c04803-aae2-43fd-affb-1435fd38fe65
Agent fb4fa50a-f7bc-4006-8632-bfb0d2a4e221: 
[DEAD] 
Agent ID: fb4fa50a-f7bc-4006-8632-bfb0d2a4e221

Iteration 0, Turn 2:
Agent 0ba45194-bcb5-403f-8769-94e4a33d24a7: 
[DEAD] 
Agent ID: 0ba45194-bcb5-403f-8769-94e4a33d24a7
Agent 375e17ca-eadd-45d4-b144-09ab78bb8a29: 
Agent ID: 375e17ca-eadd-45d4-b144-09ab78bb8a29
Agent 4836f218-c198-464a-a00c-15e46acd51c0: 
[DEAD] 
Agent ID: 4836f218-c198-464a-a00c-15e46acd51c0
Agent 4898a79f-6c3b-4790-b088-9504a0ab5463: 
[DEAD] 
Agent ID: 4898a79f-6c3b-4790-b088-9504a0ab5463
Agent 5bbdc123-fb9e-4fe4-a9c1-e49ae7ec420a: 
[DEAD] 
Agent ID: 5bbdc123-fb9e-4fe4-a9c1-e49ae7ec420a
Agent 5e5339de-08f2-45ff-a865-4058d078f050: 
[DEAD] 
Agent ID: 5e5339de-08f2-45ff-a865-4058d078f050
Agent 77c1cf05-38bd-42c7-81f6-ede1d51be108: 
Agent ID: 77c1cf05-38bd-42c7-81f6-ede1d51be108
Agent 80dbeb93-0d28-4c75-ad1a-9c57659b5ed7: 
[DEAD] 
Agent ID: 80dbeb93-0d28-4c75-ad1a-9c57659b5ed7
Agent 8e941504-0352-438c-9fc4-96c48e5417c7: 
[DEAD] 
Agent ID: 8e941504-0352-438c-9fc4-96c48e5417c7
Agent 93824062-6a0a-4fda-aa35-ad3d83541984: 
[DEAD] 
Agent ID: 93824062-6a0a-4fda-aa35-ad3d83541984
Agent 93afe427-fe09-4cc2-9a63-df43665ed3c7: 
Agent ID: 93afe427-fe09-4cc2-9a63-df43665ed3c7
Agent a7b97009-f1b3-4194-92d9-f2bf1809ae2b: 
[DEAD] 
Agent ID: a7b97009-f1b3-4194-92d9-f2bf1809ae2b
Agent afcd6d3a-1acd-4e9d-818c-2908d516a930: 
[DEAD] 
Agent ID: afcd6d3a-1acd-4e9d-818c-2908d516a930
Agent c3684f3b-b25d-4839-88c2-89b71f5d7196: 
[DEAD] 
Agent ID: c3684f3b-b25d-4839-88c2-89b71f5d7196
Agent c6a71f96-0e33-49b7-b61c-5569151971cc: 
[DEAD] 
Agent ID: c6a71f96-0e33-49b7-b61c-5569151971cc
Agent e55fd9c5-58b6-49c3-848d-3277e1d6752b: 
[DEAD] 
Agent ID: e55fd9c5-58b6-49c3-848d-3277e1d6752b
Agent eaf5c074-1034-4663-ac3a-27050490fd1e: 
[DEAD] 
Agent ID: eaf5c074-1034-4663-ac3a-27050490fd1e
Agent f7e09c49-10dc-46d0-b156-98ba68abbd71: 
Agent ID: f7e09c49-10dc-46d0-b156-98ba68abbd71
Agent f9c04803-aae2-43fd-affb-1435fd38fe65: 
Agent ID: f9c04803-aae2-43fd-affb-1435fd38fe65
Agent fb4fa50a-f7bc-4006-8632-bfb0d2a4e221: 
[DEAD] 
Agent ID: fb4fa50a-f7bc-4006-8632-bfb0d2a4e221

Iteration 0, Turn 3:
Agent 0ba45194-bcb5-403f-8769-94e4a33d24a7: 
[DEAD] 
Agent ID: 0ba45194-bcb5-403f-8769-94e4a33d24a7
Agent 375e17ca-eadd-45d4-b144-09ab78bb8a29: 
[DEAD] 
Agent ID: 375e17ca-eadd-45d4-b144-09ab78bb8a29
Agent 4836f218-c198-464a-a00c-15e46acd51c0: 
[DEAD] 
Agent ID: 4836f218-c198-464a-a00c-15e46acd51c0
Agent 4898a79f-6c3b-4790-b088-9504a0ab5463: 
[DEAD] 
Agent ID: 4898a79f-6c3b-4790-b088-9504a0ab5463
Agent 5bbdc123-fb9e-4fe4-a9c1-e49ae7ec420a: 
[DEAD] 
Agent ID: 5bbdc123-fb9e-4fe4-a9c1-e49ae7ec420a
Agent 5e5339de-08f2-45ff-a865-4058d078f050: 
[DEAD] 
Agent ID: 5e5339de-08f2-45ff-a865-4058d078f050
Agent 77c1cf05-38bd-42c7-81f6-ede1d51be108: 
[DEAD] 
Agent ID: 77c1cf05-38bd-42c7-81f6-ede1d51be108
Agent 80dbeb93-0d28-4c75-ad1a-9c57659b5ed7: 
[DEAD] 
Agent ID: 80dbeb93-0d28-4c75-ad1a-9c57659b5ed7
Agent 8e941504-0352-438c-9fc4-96c48e5417c7: 
[DEAD] 
Agent ID: 8e941504-0352-438c-9fc4-96c48e5417c7
Agent 93824062-6a0a-4fda-aa35-ad3d83541984: 
[DEAD] 
Agent ID: 93824062-6a0a-4fda-aa35-ad3d83541984
Agent 93afe427-fe09-4cc2-9a63-df43665ed3c7: 
[DEAD] 
Agent ID: 93afe427-fe09-4cc2-9a63-df43665ed3c7
Agent a7b97009-f1b3-4194-92d9-f2bf1809ae2b: 
[DEAD] 
Agent ID: a7b97009-f1b3-4194-92d9-f2bf1809ae2b
Agent afcd6d3a-1acd-4e9d-818c-2908d516a930: 
[DEAD] 
Agent ID: afcd6d3a-1acd-4e9d-818c-2908d516a930
Agent c3684f3b-b25d-4839-88c2-89b71f5d7196: 
[DEAD] 
Agent ID: c3684f3b-b25d-4839-88c2-89b71f5d7196
Agent c6a71f96-0e33-49b7-b61c-5569151971cc: 
[DEAD] 
Agent ID: c6a71f96-0e33-49b7-b61c-5569151971cc
Agent e55fd9c5-58b6-49c3-848d-3277e1d6752b: 
[DEAD] 
Agent ID: e55fd9c5-58b6-49c3-848d-3277e1d6752b
Agent eaf5c074-1034-4663-ac3a-27050490fd1e: 
[DEAD] 
Agent ID: eaf5c074-1034-4663-ac3a-27050490fd1e
Agent f7e09c49-10dc-46d0-b156-98ba68abbd71: 
[DEAD] 
Agent ID: f7e09c49-10dc-46d0-b156-98ba68abbd71
Agent f9c04803-aae2-43fd-affb-1435fd38fe65: 
Agent ID: f9c04803-aae2-43fd-affb-1435fd38fe65
Agent fb4fa50a-f7bc-4006-8632-bfb0d2a4e221: 
[DEAD] 
Agent ID: fb4fa50a-f7bc-4006-8632-bfb0d2a4e221

Iteration 0, Turn 4:
Agent 0ba45194-bcb5-403f-8769-94e4a33d24a7: 
[DEAD] 
Agent ID: 0ba45194-bcb5-403f-8769-94e4a33d24a7
Agent 375e17ca-eadd-45d4-b144-09ab78bb8a29: 
[DEAD] 
Agent ID: 375e17ca-eadd-45d4-b144-09ab78bb8a29
Agent 4836f218-c198-464a-a00c-15e46acd51c0: 
[DEAD] 
Agent ID: 4836f218-c198-464a-a00c-15e46acd51c0
Agent 4898a79f-6c3b-4790-b088-9504a0ab5463: 
[DEAD] 
Agent ID: 4898a79f-6c3b-4790-b088-9504a0ab5463
Agent 5bbdc123-fb9e-4fe4-a9c1-e49ae7ec420a: 
[DEAD] 
Agent ID: 5bbdc123-fb9e-4fe4-a9c1-e49ae7ec420a
Agent 5e5339de-08f2-45ff-a865-4058d078f050: 
[DEAD] 
Agent ID: 5e5339de-08f2-45ff-a865-4058d078f050
Agent 77c1cf05-38bd-42c7-81f6-ede1d51be108: 
[DEAD] 
Agent ID: 77c1cf05-38bd-42c7-81f6-ede1d51be108
Agent 80dbeb93-0d28-4c75-ad1a-9c57659b5ed7: 
[DEAD] 
Agent ID: 80dbeb93-0d28-4c75-ad1a-9c57659b5ed7
Agent 8e941504-0352-438c-9fc4-96c48e5417c7: 
[DEAD] 
Agent ID: 8e941504-0352-438c-9fc4-96c48e5417c7
Agent 93824062-6a0a-4fda-aa35-ad3d83541984: 
[DEAD] 
Agent ID: 93824062-6a0a-4fda-aa35-ad3d83541984
Agent 93afe427-fe09-4cc2-9a63-df43665ed3c7: 
[DEAD] 
Agent ID: 93afe427-fe09-4cc2-9a63-df43665ed3c7
Agent a7b97009-f1b3-4194-92d9-f2bf1809ae2b: 
[DEAD] 
Agent ID: a7b97009-f1b3-4194-92d9-f2bf1809ae2b
Agent afcd6d3a-1acd-4e9d-818c-2908d516a930: 
[DEAD] 
Agent ID: afcd6d3a-1acd-4e9d-818c-2908d516a930
Agent c3684f3b-b25d-4839-88c2-89b71f5d7196: 
[DEAD] 
Agent ID: c3684f3b-b25d-4839-88c2-89b71f5d7196
Agent c6a71f96-0e33-49b7-b61c-5569151971cc: 
[DEAD] 
Agent ID: c6a71f96-0e33-49b7-b61c-5569151971cc
Agent e55fd9c5-58b6-49c3-848d-3277e1d6752b: 
[DEAD] 
Agent ID: e55fd9c5-58b6-49c3-848d-3277e1d6752b
Agent eaf5c074-1034-4663-ac3a-27050490fd1e: 
[DEAD] 
Agent ID: eaf5c074-1034-4663-ac3a-27050490fd1e
Agent f7e09c49-10dc-46d0-b156-98ba68abbd71: 
[DEAD] 
Agent ID: f7e09c49-10dc-46d0-b156-98ba68abbd71
Agent f9c04803-aae2-43fd-affb-1435fd38fe65: 
Agent ID: f9c04803-aae2-43fd-affb-1435fd38fe65
Agent fb4fa50a-f7bc-4006-8632-bfb0d2a4e221: 
[DEAD] 
Agent ID: fb4fa50a-f7bc-4006-8632-bfb0d2a4e221

Iteration 1, Turn 0:

Iteration 1, Turn 0:
Agent 0ba45194-bcb5-403f-8769-94e4a33d24a7: 
[DEAD] 
Agent ID: 0ba45194-bcb5-403f-8769-94e4a33d24a7
Agent 375e17ca-eadd-45d4-b144-09ab78bb8a29: 
[DEAD] 
Agent ID: 375e17ca-eadd-45d4-b144-09ab78bb8a29
Agent 4836f218-c198-464a-a00c-15e46acd51c0: 
[DEAD] 
Agent ID: 4836f218-c198-464a-a00c-15e46acd51c0
Agent 4898a79f-6c3b-4790-b088-9504a0ab5463: 
[DEAD] 
Agent ID: 4898a79f-6c3b-4790-b088-9504a0ab5463
Agent 5bbdc123-fb9e-4fe4-a9c1-e49ae7ec420a: 
[DEAD] 
Agent ID: 5bbdc123-fb9e-4fe4-a9c1-e49ae7ec420a
Agent 5e5339de-08f2-45ff-a865-4058d078f050: 
[DEAD] 
Agent ID: 5e5339de-08f2-45ff-a865-4058d078f050
Agent 77c1cf05-38bd-42c7-81f6-ede1d51be108: 
[DEAD] 
Agent ID: 77c1cf05-38bd-42c7-81f6-ede1d51be108
Agent 80dbeb93-0d28-4c75-ad1a-9c57659b5ed7: 
[DEAD] 
Agent ID: 80dbeb93-0d28-4c75-ad1a-9c57659b5ed7
Agent 8e941504-0352-438c-9fc4-96c48e5417c7: 
[DEAD] 
Agent ID: 8e941504-0352-438c-9fc4-96c48e5417c7
Agent 93824062-6a0a-4fda-aa35-ad3d83541984: 
[DEAD] 
Agent ID: 93824062-6a0a-4fda-aa35-ad3d83541984
Agent 93afe427-fe09-4cc2-9a63-df43665ed3c7: 
[DEAD] 
Agent ID: 93afe427-fe09-4cc2-9a63-df43665ed3c7
Agent a7b97009-f1b3-4194-92d9-f2bf1809ae2b: 
[DEAD] 
Agent ID: a7b97009-f1b3-4194-92d9-f2bf1809ae2b
Agent afcd6d3a-1acd-4e9d-818c-2908d516a930: 
[DEAD] 
Agent ID: afcd6d3a-1acd-4e9d-818c-2908d516a930
Agent c3684f3b-b25d-4839-88c2-89b71f5d7196: 
[DEAD] 
Agent ID: c3684f3b-b25d-4839-88c2-89b71f5d7196
Agent c6a71f96-0e33-49b7-b61c-5569151971cc: 
[DEAD] 
Agent ID: c6a71f96-0e33-49b7-b61c-5569151971cc
Agent e55fd9c5-58b6-49c3-848d-3277e1d6752b: 
[DEAD] 
Agent ID: e55fd9c5-58b6-49c3-848d-3277e1d6752b
Agent eaf5c074-1034-4663-ac3a-27050490fd1e: 
[DEAD] 
Agent ID: eaf5c074-1034-4663-ac3a-27050490fd1e
Agent f7e09c49-10dc-46d0-b156-98ba68abbd71: 
[DEAD] 
Agent ID: f7e09c49-10dc-46d0-b156-98ba68abbd71
Agent f9c04803-aae2-43fd-affb-1435fd38fe65: 
Agent ID: f9c04803-aae2-43fd-affb-1435fd38fe65
Agent fb4fa50a-f7bc-4006-8632-bfb0d2a4e221: 
[DEAD] 
Agent ID: fb4fa50a-f7bc-4006-8632-bfb0d2a4e221

Iteration 1, Turn 1:
Agent 0ba45194-bcb5-403f-8769-94e4a33d24a7: 
[DEAD] 
Agent ID: 0ba45194-bcb5-403f-8769-94e4a33d24a7
Agent 375e17ca-eadd-45d4-b144-09ab78bb8a29: 
[DEAD] 
Agent ID: 375e17ca-eadd-45d4-b144-09ab78bb8a29
Agent 4836f218-c198-464a-a00c-15e46acd51c0: 
[DEAD] 
Agent ID: 4836f218-c198-464a-a00c-15e46acd51c0
Agent 4898a79f-6c3b-4790-b088-9504a0ab5463: 
[DEAD] 
Agent ID: 4898a79f-6c3b-4790-b088-9504a0ab5463
Agent 5bbdc123-fb9e-4fe4-a9c1-e49ae7ec420a: 
[DEAD] 
Agent ID: 5bbdc123-fb9e-4fe4-a9c1-e49ae7ec420a
Agent 5e5339de-08f2-45ff-a865-4058d078f050: 
[DEAD] 
Agent ID: 5e5339de-08f2-45ff-a865-4058d078f050
Agent 77c1cf05-38bd-42c7-81f6-ede1d51be108: 
[DEAD] 
Agent ID: 77c1cf05-38bd-42c7-81f6-ede1d51be108
Agent 80dbeb93-0d28-4c75-ad1a-9c57659b5ed7: 
[DEAD] 
Agent ID: 80dbeb93-0d28-4c75-ad1a-9c57659b5ed7
Agent 8e941504-0352-438c-9fc4-96c48e5417c7: 
[DEAD] 
Agent ID: 8e941504-0352-438c-9fc4-96c48e5417c7
Agent 93824062-6a0a-4fda-aa35-ad3d83541984: 
[DEAD] 
Agent ID: 93824062-6a0a-4fda-aa35-ad3d83541984
Agent 93afe427-fe09-4cc2-9a63-df43665ed3c7: 
[DEAD] 
Agent ID: 93afe427-fe09-4cc2-9a63-df43665ed3c7
Agent a7b97009-f1b3-4194-92d9-f2bf1809ae2b: 
[DEAD] 
Agent ID: a7b97009-f1b3-4194-92d9-f2bf1809ae2b
Agent afcd6d3a-1acd-4e9d-818c-2908d516a930: 
[DEAD] 
Agent ID: afcd6d3a-1acd-4e9d-818c-2908d516a930
Agent c3684f3b-b25d-4839-88c2-89b71f5d7196: 
[DEAD] 
Agent ID: c3684f3b-b25d-4839-88c2-89b71f5d7196
Agent c6a71f96-0e33-49b7-b61c-5569151971cc: 
[DEAD] 
Agent ID: c6a71f96-0e33-49b7-b61c-5569151971cc
Agent e55fd9c5-58b6-49c3-848d-3277e1d6752b: 
[DEAD] 
Agent ID: e55fd9c5-58b6-49c3-848d-3277e1d6752b
Agent eaf5c074-1034-4663-ac3a-27050490fd1e: 
[DEAD] 
Agent ID: eaf5c074-1034-4663-ac3a-27050490fd1e
Agent f7e09c49-10dc-46d0-b156-98ba68abbd71: 
[DEAD] 
Agent ID: f7e09c49-10dc-46d0-b156-98ba68abbd71
Agent f9c04803-aae2-43fd-affb-1435fd38fe65: 
[DEAD] 
Agent ID: f9c04803-aae2-43fd-affb-1435fd38fe65
Agent fb4fa50a-f7bc-4006-8632-bfb0d2a4e221: 
[DEAD] 
Agent ID: fb4fa50a-f7bc-4006-8632-bfb0d2a4e221

Iteration 1, Turn 2:
Agent 0ba45194-bcb5-403f-8769-94e4a33d24a7: 
[DEAD] 
Agent ID: 0ba45194-bcb5-403f-8769-94e4a33d24a7
Agent 375e17ca-eadd-45d4-b144-09ab78bb8a29: 
[DEAD] 
Agent ID: 375e17ca-eadd-45d4-b144-09ab78bb8a29
Agent 4836f218-c198-464a-a00c-15e46acd51c0: 
[DEAD] 
Agent ID: 4836f218-c198-464a-a00c-15e46acd51c0
Agent 4898a79f-6c3b-4790-b088-9504a0ab5463: 
[DEAD] 
Agent ID: 4898a79f-6c3b-4790-b088-9504a0ab5463
Agent 5bbdc123-fb9e-4fe4-a9c1-e49ae7ec420a: 
[DEAD] 
Agent ID: 5bbdc123-fb9e-4fe4-a9c1-e49ae7ec420a
Agent 5e5339de-08f2-45ff-a865-4058d078f050: 
[DEAD] 
Agent ID: 5e5339de-08f2-45ff-a865-4058d078f050
Agent 77c1cf05-38bd-42c7-81f6-ede1d51be108: 
[DEAD] 
Agent ID: 77c1cf05-38bd-42c7-81f6-ede1d51be108
Agent 80dbeb93-0d28-4c75-ad1a-9c57659b5ed7: 
[DEAD] 
Agent ID: 80dbeb93-0d28-4c75-ad1a-9c57659b5ed7
Agent 8e941504-0352-438c-9fc4-96c48e5417c7: 
[DEAD] 
Agent ID: 8e941504-0352-438c-9fc4-96c48e5417c7
Agent 93824062-6a0a-4fda-aa35-ad3d83541984: 
[DEAD] 
Agent ID: 93824062-6a0a-4fda-aa35-ad3d83541984
Agent 93afe427-fe09-4cc2-9a63-df43665ed3c7: 
[DEAD] 
Agent ID: 93afe427-fe09-4cc2-9a63-df43665ed3c7
Agent a7b97009-f1b3-4194-92d9-f2bf1809ae2b: 
[DEAD] 
Agent ID: a7b97009-f1b3-4194-92d9-f2bf1809ae2b
Agent afcd6d3a-1acd-4e9d-818c-2908d516a930: 
[DEAD] 
Agent ID: afcd6d3a-1acd-4e9d-818c-2908d516a930
Agent c3684f3b-b25d-4839-88c2-89b71f5d7196: 
[DEAD] 
Agent ID: c3684f3b-b25d-4839-88c2-89b71f5d7196
Agent c6a71f96-0e33-49b7-b61c-5569151971cc: 
[DEAD] 
Agent ID: c6a71f96-0e33-49b7-b61c-5569151971cc
Agent e55fd9c5-58b6-49c3-848d-3277e1d6752b: 
[DEAD] 
Agent ID: e55fd9c5-58b6-49c3-848d-3277e1d6752b
Agent eaf5c074-1034-4663-ac3a-27050490fd1e: 
[DEAD] 
Agent ID: eaf5c074-1034-4663-ac3a-27050490fd1e
Agent f7e09c49-10dc-46d0-b156-98ba68abbd71: 
[DEAD] 
Agent ID: f7e09c49-10dc-46d0-b156-98ba68abbd71
Agent f9c04803-aae2-43fd-affb-1435fd38fe65: 
[DEAD] 
Agent ID: f9c04803-aae2-43fd-affb-1435fd38fe65
Agent fb4fa50a-f7bc-4006-8632-bfb0d2a4e221: 
[DEAD] 
Agent ID: fb4fa50a-f7bc-4006-8632-bfb0d2a4e221

Iteration 1, Turn 3:
Agent 0ba45194-bcb5-403f-8769-94e4a33d24a7: 
[DEAD] 
Agent ID: 0ba45194-bcb5-403f-8769-94e4a33d24a7
Agent 375e17ca-eadd-45d4-b144-09ab78bb8a29: 
[DEAD] 
Agent ID: 375e17ca-eadd-45d4-b144-09ab78bb8a29
Agent 4836f218-c198-464a-a00c-15e46acd51c0: 
[DEAD] 
Agent ID: 4836f218-c198-464a-a00c-15e46acd51c0
Agent 4898a79f-6c3b-4790-b088-9504a0ab5463: 
[DEAD] 
Agent ID: 4898a79f-6c3b-4790-b088-9504a0ab5463
Agent 5bbdc123-fb9e-4fe4-a9c1-e49ae7ec420a: 
[DEAD] 
Agent ID: 5bbdc123-fb9e-4fe4-a9c1-e49ae7ec420a
Agent 5e5339de-08f2-45ff-a865-4058d078f050: 
[DEAD] 
Agent ID: 5e5339de-08f2-45ff-a865-4058d078f050
Agent 77c1cf05-38bd-42c7-81f6-ede1d51be108: 
[DEAD] 
Agent ID: 77c1cf05-38bd-42c7-81f6-ede1d51be108
Agent 80dbeb93-0d28-4c75-ad1a-9c57659b5ed7: 
[DEAD] 
Agent ID: 80dbeb93-0d28-4c75-ad1a-9c57659b5ed7
Agent 8e941504-0352-438c-9fc4-96c48e5417c7: 
[DEAD] 
Agent ID: 8e941504-0352-438c-9fc4-96c48e5417c7
Agent 93824062-6a0a-4fda-aa35-ad3d83541984: 
[DEAD] 
Agent ID: 93824062-6a0a-4fda-aa35-ad3d83541984
Agent 93afe427-fe09-4cc2-9a63-df43665ed3c7: 
[DEAD] 
Agent ID: 93afe427-fe09-4cc2-9a63-df43665ed3c7
Agent a7b97009-f1b3-4194-92d9-f2bf1809ae2b: 
[DEAD] 
Agent ID: a7b97009-f1b3-4194-92d9-f2bf1809ae2b
Agent afcd6d3a-1acd-4e9d-818c-2908d516a930: 
[DEAD] 
Agent ID: afcd6d3a-1acd-4e9d-818c-2908d516a930
Agent c3684f3b-b25d-4839-88c2-89b71f5d7196: 
[DEAD] 
Agent ID: c3684f3b-b25d-4839-88c2-89b71f5d7196
Agent c6a71f96-0e33-49b7-b61c-5569151971cc: 
[DEAD] 
Agent ID: c6a71f96-0e33-49b7-b61c-5569151971cc
Agent e55fd9c5-58b6-49c3-848d-3277e1d6752b: 
[DEAD] 
Agent ID: e55fd9c5-58b6-49c3-848d-3277e1d6752b
Agent eaf5c074-1034-4663-ac3a-27050490fd1e: 
[DEAD] 
Agent ID: eaf5c074-1034-4663-ac3a-27050490fd1e
Agent f7e09c49-10dc-46d0-b156-98ba68abbd71: 
[DEAD] 
Agent ID: f7e09c49-10dc-46d0-b156-98ba68abbd71
Agent f9c04803-aae2-43fd-affb-1435fd38fe65: 
[DEAD] 
Agent ID: f9c04803-aae2-43fd-affb-1435fd38fe65
Agent fb4fa50a-f7bc-4006-8632-bfb0d2a4e221: 
[DEAD] 
Agent ID: fb4fa50a-f7bc-4006-8632-bfb0d2a4e221

Iteration 1, Turn 4:
Agent 0ba45194-bcb5-403f-8769-94e4a33d24a7: 
[DEAD] 
Agent ID: 0ba45194-bcb5-403f-8769-94e4a33d24a7
Agent 375e17ca-eadd-45d4-b144-09ab78bb8a29: 
[DEAD] 
Agent ID: 375e17ca-eadd-45d4-b144-09ab78bb8a29
Agent 4836f218-c198-464a-a00c-15e46acd51c0: 
[DEAD] 
Agent ID: 4836f218-c198-464a-a00c-15e46acd51c0
Agent 4898a79f-6c3b-4790-b088-9504a0ab5463: 
[DEAD] 
Agent ID: 4898a79f-6c3b-4790-b088-9504a0ab5463
Agent 5bbdc123-fb9e-4fe4-a9c1-e49ae7ec420a: 
[DEAD] 
Agent ID: 5bbdc123-fb9e-4fe4-a9c1-e49ae7ec420a
Agent 5e5339de-08f2-45ff-a865-4058d078f050: 
[DEAD] 
Agent ID: 5e5339de-08f2-45ff-a865-4058d078f050
Agent 77c1cf05-38bd-42c7-81f6-ede1d51be108: 
[DEAD] 
Agent ID: 77c1cf05-38bd-42c7-81f6-ede1d51be108
Agent 80dbeb93-0d28-4c75-ad1a-9c57659b5ed7: 
[DEAD] 
Agent ID: 80dbeb93-0d28-4c75-ad1a-9c57659b5ed7
Agent 8e941504-0352-438c-9fc4-96c48e5417c7: 
[DEAD] 
Agent ID: 8e941504-0352-438c-9fc4-96c48e5417c7
Agent 93824062-6a0a-4fda-aa35-ad3d83541984: 
[DEAD] 
Agent ID: 93824062-6a0a-4fda-aa35-ad3d83541984
Agent 93afe427-fe09-4cc2-9a63-df43665ed3c7: 
[DEAD] 
Agent ID: 93afe427-fe09-4cc2-9a63-df43665ed3c7
Agent a7b97009-f1b3-4194-92d9-f2bf1809ae2b: 
[DEAD] 
Agent ID: a7b97009-f1b3-4194-92d9-f2bf1809ae2b
Agent afcd6d3a-1acd-4e9d-818c-2908d516a930: 
[DEAD] 
Agent ID: afcd6d3a-1acd-4e9d-818c-2908d516a930
Agent c3684f3b-b25d-4839-88c2-89b71f5d7196: 
[DEAD] 
Agent ID: c3684f3b-b25d-4839-88c2-89b71f5d7196
Agent c6a71f96-0e33-49b7-b61c-5569151971cc: 
[DEAD] 
Agent ID: c6a71f96-0e33-49b7-b61c-5569151971cc
Agent e55fd9c5-58b6-49c3-848d-3277e1d6752b: 
[DEAD] 
Agent ID: e55fd9c5-58b6-49c3-848d-3277e1d6752b
Agent eaf5c074-1034-4663-ac3a-27050490fd1e: 
[DEAD] 
Agent ID: eaf5c074-1034-4663-ac3a-27050490fd1e
Agent f7e09c49-10dc-46d0-b156-98ba68abbd71: 
[DEAD] 
Agent ID: f7e09c49-10dc-46d0-b156-98ba68abbd71
Agent f9c04803-aae2-43fd-affb-1435fd38fe65: 
[DEAD] 
Agent ID: f9c04803-aae2-43fd-affb-1435fd38fe65
Agent fb4fa50a-f7bc-4006-8632-bfb0d2a4e221: 
[DEAD] 
Agent ID: fb4fa50a-f7bc-4006-8632-bfb0d2a4e221

Iteration 2, Turn 0:

Iteration 2, Turn 0:
Agent 0ba45194-bcb5-403f-8769-94e4a33d24a7: 
[DEAD] 
Agent ID: 0ba45194-bcb5-403f-8769-94e4a33d24a7
Agent 375e17ca-eadd-45d4-b144-09ab78bb8a29: 
[DEAD] 
Agent ID: 375e17ca-eadd-45d4-b144-09ab78bb8a29
Agent 4836f218-c198-464a-a00c-15e46acd51c0: 
[DEAD] 
Agent ID: 4836f218-c198-464a-a00c-15e46acd51c0
Agent 4898a79f-6c3b-4790-b088-9504a0ab5463: 
[DEAD] 
Agent ID: 4898a79f-6c3b-4790-b088-9504a0ab5463
Agent 5bbdc123-fb9e-4fe4-a9c1-e49ae7ec420a: 
[DEAD] 
Agent ID: 5bbdc123-fb9e-4fe4-a9c1-e49ae7ec420a
Agent 5e5339de-08f2-45ff-a865-4058d078f050: 
[DEAD] 
Agent ID: 5e5339de-08f2-45ff-a865-4058d078f050
Agent 77c1cf05-38bd-42c7-81f6-ede1d51be108: 
[DEAD] 
Agent ID: 77c1cf05-38bd-42c7-81f6-ede1d51be108
Agent 80dbeb93-0d28-4c75-ad1a-9c57659b5ed7: 
[DEAD] 
Agent ID: 80dbeb93-0d28-4c75-ad1a-9c57659b5ed7
Agent 8e941504-0352-438c-9fc4-96c48e5417c7: 
[DEAD] 
Agent ID: 8e941504-0352-438c-9fc4-96c48e5417c7
Agent 93824062-6a0a-4fda-aa35-ad3d83541984: 
[DEAD] 
Agent ID: 93824062-6a0a-4fda-aa35-ad3d83541984
Agent 93afe427-fe09-4cc2-9a63-df43665ed3c7: 
[DEAD] 
Agent ID: 93afe427-fe09-4cc2-9a63-df43665ed3c7
Agent a7b97009-f1b3-4194-92d9-f2bf1809ae2b: 
[DEAD] 
Agent ID: a7b97009-f1b3-4194-92d9-f2bf1809ae2b
Agent afcd6d3a-1acd-4e9d-818c-2908d516a930: 
[DEAD] 
Agent ID: afcd6d3a-1acd-4e9d-818c-2908d516a930
Agent c3684f3b-b25d-4839-88c2-89b71f5d7196: 
[DEAD] 
Agent ID: c3684f3b-b25d-4839-88c2-89b71f5d7196
Agent c6a71f96-0e33-49b7-b61c-5569151971cc: 
[DEAD] 
Agent ID: c6a71f96-0e33-49b7-b61c-5569151971cc
Agent e55fd9c5-58b6-49c3-848d-3277e1d6752b: 
[DEAD] 
Agent ID: e55fd9c5-58b6-49c3-848d-3277e1d6752b
Agent eaf5c074-1034-4663-ac3a-27050490fd1e: 
[DEAD] 
Agent ID: eaf5c074-1034-4663-ac3a-27050490fd1e
Agent f7e09c49-10dc-46d0-b156-98ba68abbd71: 
[DEAD] 
Agent ID: f7e09c49-10dc-46d0-b156-98ba68abbd71
Agent f9c04803-aae2-43fd-affb-1435fd38fe65: 
[DEAD] 
Agent ID: f9c04803-aae2-43fd-affb-1435fd38fe65
Agent fb4fa50a-f7bc-4006-8632-bfb0d2a4e221: 
[DEAD] 
Agent ID: fb4fa50a-f7bc-4006-8632-bfb0d2a4e221

Iteration 2, Turn 1:
Agent 0ba45194-bcb5-403f-8769-94e4a33d24a7: 
[DEAD] 
Agent ID: 0ba45194-bcb5-403f-8769-94e4a33d24a7
Agent 375e17ca-eadd-45d4-b144-09ab78bb8a29: 
[DEAD] 
Agent ID: 375e17ca-eadd-45d4-b144-09ab78bb8a29
Agent 4836f218-c198-464a-a00c-15e46acd51c0: 
[DEAD] 
Agent ID: 4836f218-c198-464a-a00c-15e46acd51c0
Agent 4898a79f-6c3b-4790-b088-9504a0ab5463: 
[DEAD] 
Agent ID: 4898a79f-6c3b-4790-b088-9504a0ab5463
Agent 5bbdc123-fb9e-4fe4-a9c1-e49ae7ec420a: 
[DEAD] 
Agent ID: 5bbdc123-fb9e-4fe4-a9c1-e49ae7ec420a
Agent 5e5339de-08f2-45ff-a865-4058d078f050: 
[DEAD] 
Agent ID: 5e5339de-08f2-45ff-a865-4058d078f050
Agent 77c1cf05-38bd-42c7-81f6-ede1d51be108: 
[DEAD] 
Agent ID: 77c1cf05-38bd-42c7-81f6-ede1d51be108
Agent 80dbeb93-0d28-4c75-ad1a-9c57659b5ed7: 
[DEAD] 
Agent ID: 80dbeb93-0d28-4c75-ad1a-9c57659b5ed7
Agent 8e941504-0352-438c-9fc4-96c48e5417c7: 
[DEAD] 
Agent ID: 8e941504-0352-438c-9fc4-96c48e5417c7
Agent 93824062-6a0a-4fda-aa35-ad3d83541984: 
[DEAD] 
Agent ID: 93824062-6a0a-4fda-aa35-ad3d83541984
Agent 93afe427-fe09-4cc2-9a63-df43665ed3c7: 
[DEAD] 
Agent ID: 93afe427-fe09-4cc2-9a63-df43665ed3c7
Agent a7b97009-f1b3-4194-92d9-f2bf1809ae2b: 
[DEAD] 
Agent ID: a7b97009-f1b3-4194-92d9-f2bf1809ae2b
Agent afcd6d3a-1acd-4e9d-818c-2908d516a930: 
[DEAD] 
Agent ID: afcd6d3a-1acd-4e9d-818c-2908d516a930
Agent c3684f3b-b25d-4839-88c2-89b71f5d7196: 
[DEAD] 
Agent ID: c3684f3b-b25d-4839-88c2-89b71f5d7196
Agent c6a71f96-0e33-49b7-b61c-5569151971cc: 
[DEAD] 
Agent ID: c6a71f96-0e33-49b7-b61c-5569151971cc
Agent e55fd9c5-58b6-49c3-848d-3277e1d6752b: 
[DEAD] 
Agent ID: e55fd9c5-58b6-49c3-848d-3277e1d6752b
Agent eaf5c074-1034-4663-ac3a-27050490fd1e: 
[DEAD] 
Agent ID: eaf5c074-1034-4663-ac3a-27050490fd1e
Agent f7e09c49-10dc-46d0-b156-98ba68abbd71: 
[DEAD] 
Agent ID: f7e09c49-10dc-46d0-b156-98ba68abbd71
Agent f9c04803-aae2-43fd-affb-1435fd38fe65: 
[DEAD] 
Agent ID: f9c04803-aae2-43fd-affb-1435fd38fe65
Agent fb4fa50a-f7bc-4006-8632-bfb0d2a4e221: 
[DEAD] 
Agent ID: fb4fa50a-f7bc-4006-8632-bfb0d2a4e221

Iteration 2, Turn 2:
Agent 0ba45194-bcb5-403f-8769-94e4a33d24a7: 
[DEAD] 
Agent ID: 0ba45194-bcb5-403f-8769-94e4a33d24a7
Agent 375e17ca-eadd-45d4-b144-09ab78bb8a29: 
[DEAD] 
Agent ID: 375e17ca-eadd-45d4-b144-09ab78bb8a29
Agent 4836f218-c198-464a-a00c-15e46acd51c0: 
[DEAD] 
Agent ID: 4836f218-c198-464a-a00c-15e46acd51c0
Agent 4898a79f-6c3b-4790-b088-9504a0ab5463: 
[DEAD] 
Agent ID: 4898a79f-6c3b-4790-b088-9504a0ab5463
Agent 5bbdc123-fb9e-4fe4-a9c1-e49ae7ec420a: 
[DEAD] 
Agent ID: 5bbdc123-fb9e-4fe4-a9c1-e49ae7ec420a
Agent 5e5339de-08f2-45ff-a865-4058d078f050: 
[DEAD] 
Agent ID: 5e5339de-08f2-45ff-a865-4058d078f050
Agent 77c1cf05-38bd-42c7-81f6-ede1d51be108: 
[DEAD] 
Agent ID: 77c1cf05-38bd-42c7-81f6-ede1d51be108
Agent 80dbeb93-0d28-4c75-ad1a-9c57659b5ed7: 
[DEAD] 
Agent ID: 80dbeb93-0d28-4c75-ad1a-9c57659b5ed7
Agent 8e941504-0352-438c-9fc4-96c48e5417c7: 
[DEAD] 
Agent ID: 8e941504-0352-438c-9fc4-96c48e5417c7
Agent 93824062-6a0a-4fda-aa35-ad3d83541984: 
[DEAD] 
Agent ID: 93824062-6a0a-4fda-aa35-ad3d83541984
Agent 93afe427-fe09-4cc2-9a63-df43665ed3c7: 
[DEAD] 
Agent ID: 93afe427-fe09-4cc2-9a63-df43665ed3c7
Agent a7b97009-f1b3-4194-92d9-f2bf1809ae2b: 
[DEAD] 
Agent ID: a7b97009-f1b3-4194-92d9-f2bf1809ae2b
Agent afcd6d3a-1acd-4e9d-818c-2908d516a930: 
[DEAD] 
Agent ID: afcd6d3a-1acd-4e9d-818c-2908d516a930
Agent c3684f3b-b25d-4839-88c2-89b71f5d7196: 
[DEAD] 
Agent ID: c3684f3b-b25d-4839-88c2-89b71f5d7196
Agent c6a71f96-0e33-49b7-b61c-5569151971cc: 
[DEAD] 
Agent ID: c6a71f96-0e33-49b7-b61c-5569151971cc
Agent e55fd9c5-58b6-49c3-848d-3277e1d6752b: 
[DEAD] 
Agent ID: e55fd9c5-58b6-49c3-848d-3277e1d6752b
Agent eaf5c074-1034-4663-ac3a-27050490fd1e: 
[DEAD] 
Agent ID: eaf5c074-1034-4663-ac3a-27050490fd1e
Agent f7e09c49-10dc-46d0-b156-98ba68abbd71: 
[DEAD] 
Agent ID: f7e09c49-10dc-46d0-b156-98ba68abbd71
Agent f9c04803-aae2-43fd-affb-1435fd38fe65: 
[DEAD] 
Agent ID: f9c04803-aae2-43fd-affb-1435fd38fe65
Agent fb4fa50a-f7bc-4006-8632-bfb0d2a4e221: 
[DEAD] 
Agent ID: fb4fa50a-f7bc-4006-8632-bfb0d2a4e221

Iteration 2, Turn 3:
Agent 0ba45194-bcb5-403f-8769-94e4a33d24a7: 
[DEAD] 
Agent ID: 0ba45194-bcb5-403f-8769-94e4a33d24a7
Agent 375e17ca-eadd-45d4-b144-09ab78bb8a29: 
[DEAD] 
Agent ID: 375e17ca-eadd-45d4-b144-09ab78bb8a29
Agent 4836f218-c198-464a-a00c-15e46acd51c0: 
[DEAD] 
Agent ID: 4836f218-c198-464a-a00c-15e46acd51c0
Agent 4898a79f-6c3b-4790-b088-9504a0ab5463: 
[DEAD] 
Agent ID: 4898a79f-6c3b-4790-b088-9504a0ab5463
Agent 5bbdc123-fb9e-4fe4-a9c1-e49ae7ec420a: 
[DEAD] 
Agent ID: 5bbdc123-fb9e-4fe4-a9c1-e49ae7ec420a
Agent 5e5339de-08f2-45ff-a865-4058d078f050: 
[DEAD] 
Agent ID: 5e5339de-08f2-45ff-a865-4058d078f050
Agent 77c1cf05-38bd-42c7-81f6-ede1d51be108: 
[DEAD] 
Agent ID: 77c1cf05-38bd-42c7-81f6-ede1d51be108
Agent 80dbeb93-0d28-4c75-ad1a-9c57659b5ed7: 
[DEAD] 
Agent ID: 80dbeb93-0d28-4c75-ad1a-9c57659b5ed7
Agent 8e941504-0352-438c-9fc4-96c48e5417c7: 
[DEAD] 
Agent ID: 8e941504-0352-438c-9fc4-96c48e5417c7
Agent 93824062-6a0a-4fda-aa35-ad3d83541984: 
[DEAD] 
Agent ID: 93824062-6a0a-4fda-aa35-ad3d83541984
Agent 93afe427-fe09-4cc2-9a63-df43665ed3c7: 
[DEAD] 
Agent ID: 93afe427-fe09-4cc2-9a63-df43665ed3c7
Agent a7b97009-f1b3-4194-92d9-f2bf1809ae2b: 
[DEAD] 
Agent ID: a7b97009-f1b3-4194-92d9-f2bf1809ae2b
Agent afcd6d3a-1acd-4e9d-818c-2908d516a930: 
[DEAD] 
Agent ID: afcd6d3a-1acd-4e9d-818c-2908d516a930
Agent c3684f3b-b25d-4839-88c2-89b71f5d7196: 
[DEAD] 
Agent ID: c3684f3b-b25d-4839-88c2-89b71f5d7196
Agent c6a71f96-0e33-49b7-b61c-5569151971cc: 
[DEAD] 
Agent ID: c6a71f96-0e33-49b7-b61c-5569151971cc
Agent e55fd9c5-58b6-49c3-848d-3277e1d6752b: 
[DEAD] 
Agent ID: e55fd9c5-58b6-49c3-848d-3277e1d6752b
Agent eaf5c074-1034-4663-ac3a-27050490fd1e: 
[DEAD] 
Agent ID: eaf5c074-1034-4663-ac3a-27050490fd1e
Agent f7e09c49-10dc-46d0-b156-98ba68abbd71: 
[DEAD] 
Agent ID: f7e09c49-10dc-46d0-b156-98ba68abbd71
Agent f9c04803-aae2-43fd-affb-1435fd38fe65: 
[DEAD] 
Agent ID: f9c04803-aae2-43fd-affb-1435fd38fe65
Agent fb4fa50a-f7bc-4006-8632-bfb0d2a4e221: 
[DEAD] 
Agent ID: fb4fa50a-f7bc-4006-8632-bfb0d2a4e221

Iteration 2, Turn 4:
Agent 0ba45194-bcb5-403f-8769-94e4a33d24a7: 
[DEAD] 
Agent ID: 0ba45194-bcb5-403f-8769-94e4a33d24a7
Agent 375e17ca-eadd-45d4-b144-09ab78bb8a29: 
[DEAD] 
Agent ID: 375e17ca-eadd-45d4-b144-09ab78bb8a29
Agent 4836f218-c198-464a-a00c-15e46acd51c0: 
[DEAD] 
Agent ID: 4836f218-c198-464a-a00c-15e46acd51c0
Agent 4898a79f-6c3b-4790-b088-9504a0ab5463: 
[DEAD] 
Agent ID: 4898a79f-6c3b-4790-b088-9504a0ab5463
Agent 5bbdc123-fb9e-4fe4-a9c1-e49ae7ec420a: 
[DEAD] 
Agent ID: 5bbdc123-fb9e-4fe4-a9c1-e49ae7ec420a
Agent 5e5339de-08f2-45ff-a865-4058d078f050: 
[DEAD] 
Agent ID: 5e5339de-08f2-45ff-a865-4058d078f050
Agent 77c1cf05-38bd-42c7-81f6-ede1d51be108: 
[DEAD] 
Agent ID: 77c1cf05-38bd-42c7-81f6-ede1d51be108
Agent 80dbeb93-0d28-4c75-ad1a-9c57659b5ed7: 
[DEAD] 
Agent ID: 80dbeb93-0d28-4c75-ad1a-9c57659b5ed7
Agent 8e941504-0352-438c-9fc4-96c48e5417c7: 
[DEAD] 
Agent ID: 8e941504-0352-438c-9fc4-96c48e5417c7
Agent 93824062-6a0a-4fda-aa35-ad3d83541984: 
[DEAD] 
Agent ID: 93824062-6a0a-4fda-aa35-ad3d83541984
Agent 93afe427-fe09-4cc2-9a63-df43665ed3c7: 
[DEAD] 
Agent ID: 93afe427-fe09-4cc2-9a63-df43665ed3c7
Agent a7b97009-f1b3-4194-92d9-f2bf1809ae2b: 
[DEAD] 
Agent ID: a7b97009-f1b3-4194-92d9-f2bf1809ae2b
Agent afcd6d3a-1acd-4e9d-818c-2908d516a930: 
[DEAD] 
Agent ID: afcd6d3a-1acd-4e9d-818c-2908d516a930
Agent c3684f3b-b25d-4839-88c2-89b71f5d7196: 
[DEAD] 
Agent ID: c3684f3b-b25d-4839-88c2-89b71f5d7196
Agent c6a71f96-0e33-49b7-b61c-5569151971cc: 
[DEAD] 
Agent ID: c6a71f96-0e33-49b7-b61c-5569151971cc
Agent e55fd9c5-58b6-49c3-848d-3277e1d6752b: 
[DEAD] 
Agent ID: e55fd9c5-58b6-49c3-848d-3277e1d6752b
Agent eaf5c074-1034-4663-ac3a-27050490fd1e: 
[DEAD] 
Agent ID: eaf5c074-1034-4663-ac3a-27050490fd1e
Agent f7e09c49-10dc-46d0-b156-98ba68abbd71: 
[DEAD] 
Agent ID: f7e09c49-10dc-46d0-b156-98ba68abbd71
Agent f9c04803-aae2-43fd-affb-1435fd38fe65: 
[DEAD] 
Agent ID: f9c04803-aae2-43fd-affb-1435fd38fe65
Agent fb4fa50a-f7bc-4006-8632-bfb0d2a4e221: 
[DEAD] 
Agent ID: fb4fa50a-f7bc-4006-8632-bfb0d2a4e221
