main function started.
--------Start of iteration 0---------


Iteration 0, Turn 0, current agent count: 5


Iteration 0, Turn 1, current agent count: 5


Iteration 0, Turn 2, current agent count: 5


Iteration 0, Turn 3, current agent count: 5


Iteration 0, Turn 4, current agent count: 5
--------End of iteration 0---------
--------Start of iteration 1---------


Iteration 1, Turn 0, current agent count: 5


Iteration 1, Turn 1, current agent count: 5


Iteration 1, Turn 2, current agent count: 5


Iteration 1, Turn 3, current agent count: 5


Iteration 1, Turn 4, current agent count: 5
--------End of iteration 1---------
--------Start of iteration 2---------


Iteration 2, Turn 0, current agent count: 5


Iteration 2, Turn 1, current agent count: 5


Iteration 2, Turn 2, current agent count: 5


Iteration 2, Turn 3, current agent count: 5


Iteration 2, Turn 4, current agent count: 5
--------End of iteration 2---------


GamePlaybackSummary - playing 18 turn records

Iteration 0, Turn 0:

Iteration 0, Turn 1:
Agent 16603a5e-3a7b-4829-87a0-f7a82cbcc07f: 
[DEAD] 
Agent ID: 16603a5e-3a7b-4829-87a0-f7a82cbcc07f
Agent 6202e437-fcef-4fb8-a1ee-b2cf7c920fda: 
Agent ID: 6202e437-fcef-4fb8-a1ee-b2cf7c920fda
Agent 7b9d3752-8901-4ca4-9446-29861521ee8a: 
[DEAD] 
Agent ID: 7b9d3752-8901-4ca4-9446-29861521ee8a
Agent cfdae5c5-366b-4b92-a390-1594047e06f1: 
[DEAD] 
Agent ID: cfdae5c5-366b-4b92-a390-1594047e06f1
Agent f49a910f-61c1-4f9b-b839-2d6e3755e296: 
[DEAD] 
Agent ID: f49a910f-61c1-4f9b-b839-2d6e3755e296

Iteration 0, Turn 2:
Agent 16603a5e-3a7b-4829-87a0-f7a82cbcc07f: 
[DEAD] 
Agent ID: 16603a5e-3a7b-4829-87a0-f7a82cbcc07f
Agent 6202e437-fcef-4fb8-a1ee-b2cf7c920fda: 
[DEAD] 
Agent ID: 6202e437-fcef-4fb8-a1ee-b2cf7c920fda
Agent 7b9d3752-8901-4ca4-9446-29861521ee8a: 
[DEAD] 
Agent ID: 7b9d3752-8901-4ca4-9446-29861521ee8a
Agent cfdae5c5-366b-4b92-a390-1594047e06f1: 
[DEAD] 
Agent ID: cfdae5c5-366b-4b92-a390-1594047e06f1
Agent f49a910f-61c1-4f9b-b839-2d6e3755e296: 
[DEAD] 
Agent ID: f49a910f-61c1-4f9b-b839-2d6e3755e296

Iteration 0, Turn 3:
Agent 16603a5e-3a7b-4829-87a0-f7a82cbcc07f: 
[DEAD] 
Agent ID: 16603a5e-3a7b-4829-87a0-f7a82cbcc07f
Agent 6202e437-fcef-4fb8-a1ee-b2cf7c920fda: 
[DEAD] 
Agent ID: 6202e437-fcef-4fb8-a1ee-b2cf7c920fda
Agent 7b9d3752-8901-4ca4-9446-29861521ee8a: 
[DEAD] 
Agent ID: 7b9d3752-8901-4ca4-9446-29861521ee8a
Agent cfdae5c5-366b-4b92-a390-1594047e06f1: 
[DEAD] 
Agent ID: cfdae5c5-366b-4b92-a390-1594047e06f1
Agent f49a910f-61c1-4f9b-b839-2d6e3755e296: 
[DEAD] 
Agent ID: f49a910f-61c1-4f9b-b839-2d6e3755e296

Iteration 0, Turn 4:
Agent 16603a5e-3a7b-4829-87a0-f7a82cbcc07f: 
[DEAD] 
Agent ID: 16603a5e-3a7b-4829-87a0-f7a82cbcc07f
Agent 6202e437-fcef-4fb8-a1ee-b2cf7c920fda: 
[DEAD] 
Agent ID: 6202e437-fcef-4fb8-a1ee-b2cf7c920fda
Agent 7b9d3752-8901-4ca4-9446-29861521ee8a: 
[DEAD] 
Agent ID: 7b9d3752-8901-4ca4-9446-29861521ee8a
Agent cfdae5c5-366b-4b92-a390-1594047e06f1: 
[DEAD] 
Agent ID: cfdae5c5-366b-4b92-a390-1594047e06f1
Agent f49a910f-61c1-4f9b-b839-2d6e3755e296: 
[DEAD] 
Agent ID: f49a910f-61c1-4f9b-b839-2d6e3755e296

Iteration 0, Turn 5:
Agent 16603a5e-3a7b-4829-87a0-f7a82cbcc07f: 
[DEAD] 
Agent ID: 16603a5e-3a7b-4829-87a0-f7a82cbcc07f
Agent 6202e437-fcef-4fb8-a1ee-b2cf7c920fda: 
[DEAD] 
Agent ID: 6202e437-fcef-4fb8-a1ee-b2cf7c920fda
Agent 7b9d3752-8901-4ca4-9446-29861521ee8a: 
[DEAD] 
Agent ID: 7b9d3752-8901-4ca4-9446-29861521ee8a
Agent cfdae5c5-366b-4b92-a390-1594047e06f1: 
[DEAD] 
Agent ID: cfdae5c5-366b-4b92-a390-1594047e06f1
Agent f49a910f-61c1-4f9b-b839-2d6e3755e296: 
[DEAD] 
Agent ID: f49a910f-61c1-4f9b-b839-2d6e3755e296

Iteration 1, Turn 0:

Iteration 1, Turn 1:
Agent 16603a5e-3a7b-4829-87a0-f7a82cbcc07f: 
[DEAD] 
Agent ID: 16603a5e-3a7b-4829-87a0-f7a82cbcc07f
Agent 6202e437-fcef-4fb8-a1ee-b2cf7c920fda: 
[DEAD] 
Agent ID: 6202e437-fcef-4fb8-a1ee-b2cf7c920fda
Agent 7b9d3752-8901-4ca4-9446-29861521ee8a: 
[DEAD] 
Agent ID: 7b9d3752-8901-4ca4-9446-29861521ee8a
Agent cfdae5c5-366b-4b92-a390-1594047e06f1: 
[DEAD] 
Agent ID: cfdae5c5-366b-4b92-a390-1594047e06f1
Agent f49a910f-61c1-4f9b-b839-2d6e3755e296: 
[DEAD] 
Agent ID: f49a910f-61c1-4f9b-b839-2d6e3755e296

Iteration 1, Turn 2:
Agent 16603a5e-3a7b-4829-87a0-f7a82cbcc07f: 
[DEAD] 
Agent ID: 16603a5e-3a7b-4829-87a0-f7a82cbcc07f
Agent 6202e437-fcef-4fb8-a1ee-b2cf7c920fda: 
[DEAD] 
Agent ID: 6202e437-fcef-4fb8-a1ee-b2cf7c920fda
Agent 7b9d3752-8901-4ca4-9446-29861521ee8a: 
[DEAD] 
Agent ID: 7b9d3752-8901-4ca4-9446-29861521ee8a
Agent cfdae5c5-366b-4b92-a390-1594047e06f1: 
[DEAD] 
Agent ID: cfdae5c5-366b-4b92-a390-1594047e06f1
Agent f49a910f-61c1-4f9b-b839-2d6e3755e296: 
[DEAD] 
Agent ID: f49a910f-61c1-4f9b-b839-2d6e3755e296

Iteration 1, Turn 3:
Agent 16603a5e-3a7b-4829-87a0-f7a82cbcc07f: 
[DEAD] 
Agent ID: 16603a5e-3a7b-4829-87a0-f7a82cbcc07f
Agent 6202e437-fcef-4fb8-a1ee-b2cf7c920fda: 
[DEAD] 
Agent ID: 6202e437-fcef-4fb8-a1ee-b2cf7c920fda
Agent 7b9d3752-8901-4ca4-9446-29861521ee8a: 
[DEAD] 
Agent ID: 7b9d3752-8901-4ca4-9446-29861521ee8a
Agent cfdae5c5-366b-4b92-a390-1594047e06f1: 
[DEAD] 
Agent ID: cfdae5c5-366b-4b92-a390-1594047e06f1
Agent f49a910f-61c1-4f9b-b839-2d6e3755e296: 
[DEAD] 
Agent ID: f49a910f-61c1-4f9b-b839-2d6e3755e296

Iteration 1, Turn 4:
Agent 16603a5e-3a7b-4829-87a0-f7a82cbcc07f: 
[DEAD] 
Agent ID: 16603a5e-3a7b-4829-87a0-f7a82cbcc07f
Agent 6202e437-fcef-4fb8-a1ee-b2cf7c920fda: 
[DEAD] 
Agent ID: 6202e437-fcef-4fb8-a1ee-b2cf7c920fda
Agent 7b9d3752-8901-4ca4-9446-29861521ee8a: 
[DEAD] 
Agent ID: 7b9d3752-8901-4ca4-9446-29861521ee8a
Agent cfdae5c5-366b-4b92-a390-1594047e06f1: 
[DEAD] 
Agent ID: cfdae5c5-366b-4b92-a390-1594047e06f1
Agent f49a910f-61c1-4f9b-b839-2d6e3755e296: 
[DEAD] 
Agent ID: f49a910f-61c1-4f9b-b839-2d6e3755e296

Iteration 1, Turn 5:
Agent 16603a5e-3a7b-4829-87a0-f7a82cbcc07f: 
[DEAD] 
Agent ID: 16603a5e-3a7b-4829-87a0-f7a82cbcc07f
Agent 6202e437-fcef-4fb8-a1ee-b2cf7c920fda: 
[DEAD] 
Agent ID: 6202e437-fcef-4fb8-a1ee-b2cf7c920fda
Agent 7b9d3752-8901-4ca4-9446-29861521ee8a: 
[DEAD] 
Agent ID: 7b9d3752-8901-4ca4-9446-29861521ee8a
Agent cfdae5c5-366b-4b92-a390-1594047e06f1: 
[DEAD] 
Agent ID: cfdae5c5-366b-4b92-a390-1594047e06f1
Agent f49a910f-61c1-4f9b-b839-2d6e3755e296: 
[DEAD] 
Agent ID: f49a910f-61c1-4f9b-b839-2d6e3755e296

Iteration 2, Turn 0:

Iteration 2, Turn 1:
Agent 16603a5e-3a7b-4829-87a0-f7a82cbcc07f: 
[DEAD] 
Agent ID: 16603a5e-3a7b-4829-87a0-f7a82cbcc07f
Agent 6202e437-fcef-4fb8-a1ee-b2cf7c920fda: 
[DEAD] 
Agent ID: 6202e437-fcef-4fb8-a1ee-b2cf7c920fda
Agent 7b9d3752-8901-4ca4-9446-29861521ee8a: 
[DEAD] 
Agent ID: 7b9d3752-8901-4ca4-9446-29861521ee8a
Agent cfdae5c5-366b-4b92-a390-1594047e06f1: 
[DEAD] 
Agent ID: cfdae5c5-366b-4b92-a390-1594047e06f1
Agent f49a910f-61c1-4f9b-b839-2d6e3755e296: 
[DEAD] 
Agent ID: f49a910f-61c1-4f9b-b839-2d6e3755e296

Iteration 2, Turn 2:
Agent 16603a5e-3a7b-4829-87a0-f7a82cbcc07f: 
[DEAD] 
Agent ID: 16603a5e-3a7b-4829-87a0-f7a82cbcc07f
Agent 6202e437-fcef-4fb8-a1ee-b2cf7c920fda: 
[DEAD] 
Agent ID: 6202e437-fcef-4fb8-a1ee-b2cf7c920fda
Agent 7b9d3752-8901-4ca4-9446-29861521ee8a: 
[DEAD] 
Agent ID: 7b9d3752-8901-4ca4-9446-29861521ee8a
Agent cfdae5c5-366b-4b92-a390-1594047e06f1: 
[DEAD] 
Agent ID: cfdae5c5-366b-4b92-a390-1594047e06f1
Agent f49a910f-61c1-4f9b-b839-2d6e3755e296: 
[DEAD] 
Agent ID: f49a910f-61c1-4f9b-b839-2d6e3755e296

Iteration 2, Turn 3:
Agent 16603a5e-3a7b-4829-87a0-f7a82cbcc07f: 
[DEAD] 
Agent ID: 16603a5e-3a7b-4829-87a0-f7a82cbcc07f
Agent 6202e437-fcef-4fb8-a1ee-b2cf7c920fda: 
[DEAD] 
Agent ID: 6202e437-fcef-4fb8-a1ee-b2cf7c920fda
Agent 7b9d3752-8901-4ca4-9446-29861521ee8a: 
[DEAD] 
Agent ID: 7b9d3752-8901-4ca4-9446-29861521ee8a
Agent cfdae5c5-366b-4b92-a390-1594047e06f1: 
[DEAD] 
Agent ID: cfdae5c5-366b-4b92-a390-1594047e06f1
Agent f49a910f-61c1-4f9b-b839-2d6e3755e296: 
[DEAD] 
Agent ID: f49a910f-61c1-4f9b-b839-2d6e3755e296

Iteration 2, Turn 4:
Agent 16603a5e-3a7b-4829-87a0-f7a82cbcc07f: 
[DEAD] 
Agent ID: 16603a5e-3a7b-4829-87a0-f7a82cbcc07f
Agent 6202e437-fcef-4fb8-a1ee-b2cf7c920fda: 
[DEAD] 
Agent ID: 6202e437-fcef-4fb8-a1ee-b2cf7c920fda
Agent 7b9d3752-8901-4ca4-9446-29861521ee8a: 
[DEAD] 
Agent ID: 7b9d3752-8901-4ca4-9446-29861521ee8a
Agent cfdae5c5-366b-4b92-a390-1594047e06f1: 
[DEAD] 
Agent ID: cfdae5c5-366b-4b92-a390-1594047e06f1
Agent f49a910f-61c1-4f9b-b839-2d6e3755e296: 
[DEAD] 
Agent ID: f49a910f-61c1-4f9b-b839-2d6e3755e296

Iteration 2, Turn 5:
Agent 16603a5e-3a7b-4829-87a0-f7a82cbcc07f: 
[DEAD] 
Agent ID: 16603a5e-3a7b-4829-87a0-f7a82cbcc07f
Agent 6202e437-fcef-4fb8-a1ee-b2cf7c920fda: 
[DEAD] 
Agent ID: 6202e437-fcef-4fb8-a1ee-b2cf7c920fda
Agent 7b9d3752-8901-4ca4-9446-29861521ee8a: 
[DEAD] 
Agent ID: 7b9d3752-8901-4ca4-9446-29861521ee8a
Agent cfdae5c5-366b-4b92-a390-1594047e06f1: 
[DEAD] 
Agent ID: cfdae5c5-366b-4b92-a390-1594047e06f1
Agent f49a910f-61c1-4f9b-b839-2d6e3755e296: 
[DEAD] 
Agent ID: f49a910f-61c1-4f9b-b839-2d6e3755e296
