main function started.
--------Start of iteration 0---------


Iteration 0, Turn 0, current agent count: 5


Iteration 0, Turn 1, current agent count: 5
--------End of iteration 0---------
--------Start of iteration 1---------


Iteration 1, Turn 0, current agent count: 5


Iteration 1, Turn 1, current agent count: 5
--------End of iteration 1---------
--------Start of iteration 2---------


Iteration 2, Turn 0, current agent count: 5


Iteration 2, Turn 1, current agent count: 5
--------End of iteration 2---------


GamePlaybackSummary - playing 9 turn records

Iteration 0, Turn 0:

Iteration 0, Turn 1:
Agent 3139eef6-7792-49c1-bc9c-fee34fbaeb32: 
Agent ID: 3139eef6-7792-49c1-bc9c-fee34fbaeb32
Agent 3c1078ee-7f3a-4038-a32f-0fc7c4832626: 
[DEAD] 
Agent ID: 3c1078ee-7f3a-4038-a32f-0fc7c4832626
Agent 59faf8d0-e8cc-45aa-a32b-321669947704: 
Agent ID: 59faf8d0-e8cc-45aa-a32b-321669947704
Agent c06e92fe-c91b-4810-b830-87d4d7fccfba: 
Agent ID: c06e92fe-c91b-4810-b830-87d4d7fccfba
Agent e59024da-573f-457a-88ae-4fdef8fbddde: 
Agent ID: e59024da-573f-457a-88ae-4fdef8fbddde

Iteration 0, Turn 2:
Agent 3139eef6-7792-49c1-bc9c-fee34fbaeb32: 
Agent ID: 3139eef6-7792-49c1-bc9c-fee34fbaeb32
Agent 3c1078ee-7f3a-4038-a32f-0fc7c4832626: 
[DEAD] 
Agent ID: 3c1078ee-7f3a-4038-a32f-0fc7c4832626
Agent 59faf8d0-e8cc-45aa-a32b-321669947704: 
Agent ID: 59faf8d0-e8cc-45aa-a32b-321669947704
Agent c06e92fe-c91b-4810-b830-87d4d7fccfba: 
[DEAD] 
Agent ID: c06e92fe-c91b-4810-b830-87d4d7fccfba
Agent e59024da-573f-457a-88ae-4fdef8fbddde: 
[DEAD] 
Agent ID: e59024da-573f-457a-88ae-4fdef8fbddde

Iteration 1, Turn 0:

Iteration 1, Turn 1:
Agent 3139eef6-7792-49c1-bc9c-fee34fbaeb32: 
Agent ID: 3139eef6-7792-49c1-bc9c-fee34fbaeb32
Agent 3c1078ee-7f3a-4038-a32f-0fc7c4832626: 
[DEAD] 
Agent ID: 3c1078ee-7f3a-4038-a32f-0fc7c4832626
Agent 59faf8d0-e8cc-45aa-a32b-321669947704: 
[DEAD] 
Agent ID: 59faf8d0-e8cc-45aa-a32b-321669947704
Agent c06e92fe-c91b-4810-b830-87d4d7fccfba: 
[DEAD] 
Agent ID: c06e92fe-c91b-4810-b830-87d4d7fccfba
Agent e59024da-573f-457a-88ae-4fdef8fbddde: 
[DEAD] 
Agent ID: e59024da-573f-457a-88ae-4fdef8fbddde

Iteration 1, Turn 2:
Agent 3139eef6-7792-49c1-bc9c-fee34fbaeb32: 
[DEAD] 
Agent ID: 3139eef6-7792-49c1-bc9c-fee34fbaeb32
Agent 3c1078ee-7f3a-4038-a32f-0fc7c4832626: 
[DEAD] 
Agent ID: 3c1078ee-7f3a-4038-a32f-0fc7c4832626
Agent 59faf8d0-e8cc-45aa-a32b-321669947704: 
[DEAD] 
Agent ID: 59faf8d0-e8cc-45aa-a32b-321669947704
Agent c06e92fe-c91b-4810-b830-87d4d7fccfba: 
[DEAD] 
Agent ID: c06e92fe-c91b-4810-b830-87d4d7fccfba
Agent e59024da-573f-457a-88ae-4fdef8fbddde: 
[DEAD] 
Agent ID: e59024da-573f-457a-88ae-4fdef8fbddde

Iteration 2, Turn 0:

Iteration 2, Turn 1:
Agent 3139eef6-7792-49c1-bc9c-fee34fbaeb32: 
[DEAD] 
Agent ID: 3139eef6-7792-49c1-bc9c-fee34fbaeb32
Agent 3c1078ee-7f3a-4038-a32f-0fc7c4832626: 
[DEAD] 
Agent ID: 3c1078ee-7f3a-4038-a32f-0fc7c4832626
Agent 59faf8d0-e8cc-45aa-a32b-321669947704: 
[DEAD] 
Agent ID: 59faf8d0-e8cc-45aa-a32b-321669947704
Agent c06e92fe-c91b-4810-b830-87d4d7fccfba: 
[DEAD] 
Agent ID: c06e92fe-c91b-4810-b830-87d4d7fccfba
Agent e59024da-573f-457a-88ae-4fdef8fbddde: 
[DEAD] 
Agent ID: e59024da-573f-457a-88ae-4fdef8fbddde

Iteration 2, Turn 2:
Agent 3139eef6-7792-49c1-bc9c-fee34fbaeb32: 
[DEAD] 
Agent ID: 3139eef6-7792-49c1-bc9c-fee34fbaeb32
Agent 3c1078ee-7f3a-4038-a32f-0fc7c4832626: 
[DEAD] 
Agent ID: 3c1078ee-7f3a-4038-a32f-0fc7c4832626
Agent 59faf8d0-e8cc-45aa-a32b-321669947704: 
[DEAD] 
Agent ID: 59faf8d0-e8cc-45aa-a32b-321669947704
Agent c06e92fe-c91b-4810-b830-87d4d7fccfba: 
[DEAD] 
Agent ID: c06e92fe-c91b-4810-b830-87d4d7fccfba
Agent e59024da-573f-457a-88ae-4fdef8fbddde: 
[DEAD] 
Agent ID: e59024da-573f-457a-88ae-4fdef8fbddde
