main function started.
--------Start of iteration 0---------


Iteration 0, Turn 0, current agent count: 5


Iteration 0, Turn 1, current agent count: 5
--------End of iteration 0---------
--------Start of iteration 1---------


Iteration 1, Turn 0, current agent count: 5


Iteration 1, Turn 1, current agent count: 5
--------End of iteration 1---------
--------Start of iteration 2---------


Iteration 2, Turn 0, current agent count: 5


Iteration 2, Turn 1, current agent count: 5
--------End of iteration 2---------


GamePlaybackSummary - playing 9 turn records

Iteration 0, Turn 0:

Iteration 0, Turn 1:
Agent 15edd83c-4864-4c25-af59-a57c697b4e62: 
Agent ID: 15edd83c-4864-4c25-af59-a57c697b4e62
Agent 2150e0ae-9e8f-4301-aa99-29ea2b19ddc3: 
[DEAD] 
Agent ID: 2150e0ae-9e8f-4301-aa99-29ea2b19ddc3
Agent 458debbb-f309-450f-ad6d-08019475e522: 
Agent ID: 458debbb-f309-450f-ad6d-08019475e522
Agent 884fb603-7f11-4a7f-9b01-8861b0ffa7f1: 
Agent ID: 884fb603-7f11-4a7f-9b01-8861b0ffa7f1
Agent bf619ac0-98ad-4ff6-983d-7da328e296b2: 
[DEAD] 
Agent ID: bf619ac0-98ad-4ff6-983d-7da328e296b2

Iteration 0, Turn 2:
Agent 15edd83c-4864-4c25-af59-a57c697b4e62: 
Agent ID: 15edd83c-4864-4c25-af59-a57c697b4e62
Agent 2150e0ae-9e8f-4301-aa99-29ea2b19ddc3: 
[DEAD] 
Agent ID: 2150e0ae-9e8f-4301-aa99-29ea2b19ddc3
Agent 458debbb-f309-450f-ad6d-08019475e522: 
[DEAD] 
Agent ID: 458debbb-f309-450f-ad6d-08019475e522
Agent 884fb603-7f11-4a7f-9b01-8861b0ffa7f1: 
Agent ID: 884fb603-7f11-4a7f-9b01-8861b0ffa7f1
Agent bf619ac0-98ad-4ff6-983d-7da328e296b2: 
[DEAD] 
Agent ID: bf619ac0-98ad-4ff6-983d-7da328e296b2

Iteration 1, Turn 0:

Iteration 1, Turn 1:
Agent 15edd83c-4864-4c25-af59-a57c697b4e62: 
Agent ID: 15edd83c-4864-4c25-af59-a57c697b4e62
Agent 2150e0ae-9e8f-4301-aa99-29ea2b19ddc3: 
[DEAD] 
Agent ID: 2150e0ae-9e8f-4301-aa99-29ea2b19ddc3
Agent 458debbb-f309-450f-ad6d-08019475e522: 
[DEAD] 
Agent ID: 458debbb-f309-450f-ad6d-08019475e522
Agent 884fb603-7f11-4a7f-9b01-8861b0ffa7f1: 
Agent ID: 884fb603-7f11-4a7f-9b01-8861b0ffa7f1
Agent bf619ac0-98ad-4ff6-983d-7da328e296b2: 
[DEAD] 
Agent ID: bf619ac0-98ad-4ff6-983d-7da328e296b2

Iteration 1, Turn 2:
Agent 15edd83c-4864-4c25-af59-a57c697b4e62: 
[DEAD] 
Agent ID: 15edd83c-4864-4c25-af59-a57c697b4e62
Agent 2150e0ae-9e8f-4301-aa99-29ea2b19ddc3: 
[DEAD] 
Agent ID: 2150e0ae-9e8f-4301-aa99-29ea2b19ddc3
Agent 458debbb-f309-450f-ad6d-08019475e522: 
[DEAD] 
Agent ID: 458debbb-f309-450f-ad6d-08019475e522
Agent 884fb603-7f11-4a7f-9b01-8861b0ffa7f1: 
Agent ID: 884fb603-7f11-4a7f-9b01-8861b0ffa7f1
Agent bf619ac0-98ad-4ff6-983d-7da328e296b2: 
[DEAD] 
Agent ID: bf619ac0-98ad-4ff6-983d-7da328e296b2

Iteration 2, Turn 0:

Iteration 2, Turn 1:
Agent 15edd83c-4864-4c25-af59-a57c697b4e62: 
[DEAD] 
Agent ID: 15edd83c-4864-4c25-af59-a57c697b4e62
Agent 2150e0ae-9e8f-4301-aa99-29ea2b19ddc3: 
[DEAD] 
Agent ID: 2150e0ae-9e8f-4301-aa99-29ea2b19ddc3
Agent 458debbb-f309-450f-ad6d-08019475e522: 
[DEAD] 
Agent ID: 458debbb-f309-450f-ad6d-08019475e522
Agent 884fb603-7f11-4a7f-9b01-8861b0ffa7f1: 
Agent ID: 884fb603-7f11-4a7f-9b01-8861b0ffa7f1
Agent bf619ac0-98ad-4ff6-983d-7da328e296b2: 
[DEAD] 
Agent ID: bf619ac0-98ad-4ff6-983d-7da328e296b2

Iteration 2, Turn 2:
Agent 15edd83c-4864-4c25-af59-a57c697b4e62: 
[DEAD] 
Agent ID: 15edd83c-4864-4c25-af59-a57c697b4e62
Agent 2150e0ae-9e8f-4301-aa99-29ea2b19ddc3: 
[DEAD] 
Agent ID: 2150e0ae-9e8f-4301-aa99-29ea2b19ddc3
Agent 458debbb-f309-450f-ad6d-08019475e522: 
[DEAD] 
Agent ID: 458debbb-f309-450f-ad6d-08019475e522
Agent 884fb603-7f11-4a7f-9b01-8861b0ffa7f1: 
[DEAD] 
Agent ID: 884fb603-7f11-4a7f-9b01-8861b0ffa7f1
Agent bf619ac0-98ad-4ff6-983d-7da328e296b2: 
[DEAD] 
Agent ID: bf619ac0-98ad-4ff6-983d-7da328e296b2
