main function started.
--------Start of iteration 0---------


Iteration 0, Turn 0, current agent count: 16


Iteration 0, Turn 1, current agent count: 16


Iteration 0, Turn 2, current agent count: 15


Iteration 0, Turn 3, current agent count: 12


Iteration 0, Turn 4, current agent count: 11
--------End of iteration 0---------
--------Start of iteration 1---------


Iteration 1, Turn 0, current agent count: 10


Iteration 1, Turn 1, current agent count: 10


Iteration 1, Turn 2, current agent count: 9


Iteration 1, Turn 3, current agent count: 9


Iteration 1, Turn 4, current agent count: 7
--------End of iteration 1---------
--------Start of iteration 2---------


Iteration 2, Turn 0, current agent count: 7


Iteration 2, Turn 1, current agent count: 7


Iteration 2, Turn 2, current agent count: 6


Iteration 2, Turn 3, current agent count: 5


Iteration 2, Turn 4, current agent count: 4
--------End of iteration 2---------


GamePlaybackSummary - playing 18 turn records

Iteration 0, Turn 0:

Iteration 0, Turn 0:
Agent 1ff7ff34-7b58-408d-9331-4a0b3e5e13d3: 
Agent ID: 1ff7ff34-7b58-408d-9331-4a0b3e5e13d3
Agent 3a04288f-08cc-45b9-9c93-1d009dad9e5c: 
Agent ID: 3a04288f-08cc-45b9-9c93-1d009dad9e5c
Agent 48946264-bbce-4f0e-944d-d6e894460ab4: 
Agent ID: 48946264-bbce-4f0e-944d-d6e894460ab4
Agent 5b41d2df-d3b5-4e48-b277-49a2df554c87: 
Agent ID: 5b41d2df-d3b5-4e48-b277-49a2df554c87
Agent 69b6c8c9-eac1-44ec-b3a4-9c77d1e53e9b: 
Agent ID: 69b6c8c9-eac1-44ec-b3a4-9c77d1e53e9b
Agent 7ff3e338-eeb9-48f9-ad14-025770690a11: 
Agent ID: 7ff3e338-eeb9-48f9-ad14-025770690a11
Agent 82ba5236-ee52-4f9b-a083-82f42cd0b5c2: 
Agent ID: 82ba5236-ee52-4f9b-a083-82f42cd0b5c2
Agent 88e3c5f5-40b1-4f54-ad1f-13d56af820c5: 
Agent ID: 88e3c5f5-40b1-4f54-ad1f-13d56af820c5
Agent 96f5bef2-3cfd-4050-b6b1-9cf0c2206a1c: 
Agent ID: 96f5bef2-3cfd-4050-b6b1-9cf0c2206a1c
Agent 9f8093f9-fca1-4aa1-9ba7-f9d0a03a21bc: 
Agent ID: 9f8093f9-fca1-4aa1-9ba7-f9d0a03a21bc
Agent a35afde3-f1f2-43b5-ab05-121d11d89328: 
Agent ID: a35afde3-f1f2-43b5-ab05-121d11d89328
Agent b2ec9107-94ed-427c-9c53-91d1c8d75a44: 
Agent ID: b2ec9107-94ed-427c-9c53-91d1c8d75a44
Agent c08b316b-860c-4756-bab6-2d75572a07ad: 
Agent ID: c08b316b-860c-4756-bab6-2d75572a07ad
Agent d501e2fb-47e0-4444-a687-d54b85187936: 
Agent ID: d501e2fb-47e0-4444-a687-d54b85187936
Agent f24d1778-75e1-4438-81a4-651411985f1b: 
Agent ID: f24d1778-75e1-4438-81a4-651411985f1b
Agent fa1ba43d-8afa-4048-b020-6a452e196ad5: 
Agent ID: fa1ba43d-8afa-4048-b020-6a452e196ad5

Iteration 0, Turn 1:
Agent 1ff7ff34-7b58-408d-9331-4a0b3e5e13d3: 
Agent ID: 1ff7ff34-7b58-408d-9331-4a0b3e5e13d3
Agent 3a04288f-08cc-45b9-9c93-1d009dad9e5c: 
Agent ID: 3a04288f-08cc-45b9-9c93-1d009dad9e5c
Agent 48946264-bbce-4f0e-944d-d6e894460ab4: 
Agent ID: 48946264-bbce-4f0e-944d-d6e894460ab4
Agent 69b6c8c9-eac1-44ec-b3a4-9c77d1e53e9b: 
Agent ID: 69b6c8c9-eac1-44ec-b3a4-9c77d1e53e9b
Agent 7ff3e338-eeb9-48f9-ad14-025770690a11: 
Agent ID: 7ff3e338-eeb9-48f9-ad14-025770690a11
Agent 82ba5236-ee52-4f9b-a083-82f42cd0b5c2: 
Agent ID: 82ba5236-ee52-4f9b-a083-82f42cd0b5c2
Agent 88e3c5f5-40b1-4f54-ad1f-13d56af820c5: 
Agent ID: 88e3c5f5-40b1-4f54-ad1f-13d56af820c5
Agent 96f5bef2-3cfd-4050-b6b1-9cf0c2206a1c: 
Agent ID: 96f5bef2-3cfd-4050-b6b1-9cf0c2206a1c
Agent 9f8093f9-fca1-4aa1-9ba7-f9d0a03a21bc: 
Agent ID: 9f8093f9-fca1-4aa1-9ba7-f9d0a03a21bc
Agent a35afde3-f1f2-43b5-ab05-121d11d89328: 
Agent ID: a35afde3-f1f2-43b5-ab05-121d11d89328
Agent b2ec9107-94ed-427c-9c53-91d1c8d75a44: 
Agent ID: b2ec9107-94ed-427c-9c53-91d1c8d75a44
Agent c08b316b-860c-4756-bab6-2d75572a07ad: 
Agent ID: c08b316b-860c-4756-bab6-2d75572a07ad
Agent d501e2fb-47e0-4444-a687-d54b85187936: 
Agent ID: d501e2fb-47e0-4444-a687-d54b85187936
Agent f24d1778-75e1-4438-81a4-651411985f1b: 
Agent ID: f24d1778-75e1-4438-81a4-651411985f1b
Agent fa1ba43d-8afa-4048-b020-6a452e196ad5: 
Agent ID: fa1ba43d-8afa-4048-b020-6a452e196ad5

Iteration 0, Turn 2:
Agent 1ff7ff34-7b58-408d-9331-4a0b3e5e13d3: 
Agent ID: 1ff7ff34-7b58-408d-9331-4a0b3e5e13d3
Agent 3a04288f-08cc-45b9-9c93-1d009dad9e5c: 
Agent ID: 3a04288f-08cc-45b9-9c93-1d009dad9e5c
Agent 48946264-bbce-4f0e-944d-d6e894460ab4: 
Agent ID: 48946264-bbce-4f0e-944d-d6e894460ab4
Agent 7ff3e338-eeb9-48f9-ad14-025770690a11: 
Agent ID: 7ff3e338-eeb9-48f9-ad14-025770690a11
Agent 82ba5236-ee52-4f9b-a083-82f42cd0b5c2: 
Agent ID: 82ba5236-ee52-4f9b-a083-82f42cd0b5c2
Agent 88e3c5f5-40b1-4f54-ad1f-13d56af820c5: 
Agent ID: 88e3c5f5-40b1-4f54-ad1f-13d56af820c5
Agent a35afde3-f1f2-43b5-ab05-121d11d89328: 
Agent ID: a35afde3-f1f2-43b5-ab05-121d11d89328
Agent b2ec9107-94ed-427c-9c53-91d1c8d75a44: 
Agent ID: b2ec9107-94ed-427c-9c53-91d1c8d75a44
Agent c08b316b-860c-4756-bab6-2d75572a07ad: 
Agent ID: c08b316b-860c-4756-bab6-2d75572a07ad
Agent d501e2fb-47e0-4444-a687-d54b85187936: 
Agent ID: d501e2fb-47e0-4444-a687-d54b85187936
Agent f24d1778-75e1-4438-81a4-651411985f1b: 
Agent ID: f24d1778-75e1-4438-81a4-651411985f1b
Agent fa1ba43d-8afa-4048-b020-6a452e196ad5: 
Agent ID: fa1ba43d-8afa-4048-b020-6a452e196ad5

Iteration 0, Turn 3:
Agent 3a04288f-08cc-45b9-9c93-1d009dad9e5c: 
Agent ID: 3a04288f-08cc-45b9-9c93-1d009dad9e5c
Agent 48946264-bbce-4f0e-944d-d6e894460ab4: 
Agent ID: 48946264-bbce-4f0e-944d-d6e894460ab4
Agent 7ff3e338-eeb9-48f9-ad14-025770690a11: 
Agent ID: 7ff3e338-eeb9-48f9-ad14-025770690a11
Agent 82ba5236-ee52-4f9b-a083-82f42cd0b5c2: 
Agent ID: 82ba5236-ee52-4f9b-a083-82f42cd0b5c2
Agent 88e3c5f5-40b1-4f54-ad1f-13d56af820c5: 
Agent ID: 88e3c5f5-40b1-4f54-ad1f-13d56af820c5
Agent a35afde3-f1f2-43b5-ab05-121d11d89328: 
Agent ID: a35afde3-f1f2-43b5-ab05-121d11d89328
Agent b2ec9107-94ed-427c-9c53-91d1c8d75a44: 
Agent ID: b2ec9107-94ed-427c-9c53-91d1c8d75a44
Agent c08b316b-860c-4756-bab6-2d75572a07ad: 
Agent ID: c08b316b-860c-4756-bab6-2d75572a07ad
Agent d501e2fb-47e0-4444-a687-d54b85187936: 
Agent ID: d501e2fb-47e0-4444-a687-d54b85187936
Agent f24d1778-75e1-4438-81a4-651411985f1b: 
Agent ID: f24d1778-75e1-4438-81a4-651411985f1b
Agent fa1ba43d-8afa-4048-b020-6a452e196ad5: 
Agent ID: fa1ba43d-8afa-4048-b020-6a452e196ad5

Iteration 0, Turn 4:
Agent 3a04288f-08cc-45b9-9c93-1d009dad9e5c: 
Agent ID: 3a04288f-08cc-45b9-9c93-1d009dad9e5c
Agent 48946264-bbce-4f0e-944d-d6e894460ab4: 
Agent ID: 48946264-bbce-4f0e-944d-d6e894460ab4
Agent 82ba5236-ee52-4f9b-a083-82f42cd0b5c2: 
Agent ID: 82ba5236-ee52-4f9b-a083-82f42cd0b5c2
Agent 88e3c5f5-40b1-4f54-ad1f-13d56af820c5: 
Agent ID: 88e3c5f5-40b1-4f54-ad1f-13d56af820c5
Agent a35afde3-f1f2-43b5-ab05-121d11d89328: 
Agent ID: a35afde3-f1f2-43b5-ab05-121d11d89328
Agent b2ec9107-94ed-427c-9c53-91d1c8d75a44: 
Agent ID: b2ec9107-94ed-427c-9c53-91d1c8d75a44
Agent c08b316b-860c-4756-bab6-2d75572a07ad: 
Agent ID: c08b316b-860c-4756-bab6-2d75572a07ad
Agent d501e2fb-47e0-4444-a687-d54b85187936: 
Agent ID: d501e2fb-47e0-4444-a687-d54b85187936
Agent f24d1778-75e1-4438-81a4-651411985f1b: 
Agent ID: f24d1778-75e1-4438-81a4-651411985f1b
Agent fa1ba43d-8afa-4048-b020-6a452e196ad5: 
Agent ID: fa1ba43d-8afa-4048-b020-6a452e196ad5

Iteration 1, Turn 0:

Iteration 1, Turn 0:
Agent 3a04288f-08cc-45b9-9c93-1d009dad9e5c: 
Agent ID: 3a04288f-08cc-45b9-9c93-1d009dad9e5c
Agent 48946264-bbce-4f0e-944d-d6e894460ab4: 
Agent ID: 48946264-bbce-4f0e-944d-d6e894460ab4
Agent 82ba5236-ee52-4f9b-a083-82f42cd0b5c2: 
Agent ID: 82ba5236-ee52-4f9b-a083-82f42cd0b5c2
Agent 88e3c5f5-40b1-4f54-ad1f-13d56af820c5: 
Agent ID: 88e3c5f5-40b1-4f54-ad1f-13d56af820c5
Agent a35afde3-f1f2-43b5-ab05-121d11d89328: 
Agent ID: a35afde3-f1f2-43b5-ab05-121d11d89328
Agent b2ec9107-94ed-427c-9c53-91d1c8d75a44: 
Agent ID: b2ec9107-94ed-427c-9c53-91d1c8d75a44
Agent c08b316b-860c-4756-bab6-2d75572a07ad: 
Agent ID: c08b316b-860c-4756-bab6-2d75572a07ad
Agent d501e2fb-47e0-4444-a687-d54b85187936: 
Agent ID: d501e2fb-47e0-4444-a687-d54b85187936
Agent f24d1778-75e1-4438-81a4-651411985f1b: 
Agent ID: f24d1778-75e1-4438-81a4-651411985f1b
Agent fa1ba43d-8afa-4048-b020-6a452e196ad5: 
Agent ID: fa1ba43d-8afa-4048-b020-6a452e196ad5

Iteration 1, Turn 1:
Agent 3a04288f-08cc-45b9-9c93-1d009dad9e5c: 
Agent ID: 3a04288f-08cc-45b9-9c93-1d009dad9e5c
Agent 48946264-bbce-4f0e-944d-d6e894460ab4: 
Agent ID: 48946264-bbce-4f0e-944d-d6e894460ab4
Agent 82ba5236-ee52-4f9b-a083-82f42cd0b5c2: 
Agent ID: 82ba5236-ee52-4f9b-a083-82f42cd0b5c2
Agent 88e3c5f5-40b1-4f54-ad1f-13d56af820c5: 
Agent ID: 88e3c5f5-40b1-4f54-ad1f-13d56af820c5
Agent a35afde3-f1f2-43b5-ab05-121d11d89328: 
Agent ID: a35afde3-f1f2-43b5-ab05-121d11d89328
Agent b2ec9107-94ed-427c-9c53-91d1c8d75a44: 
Agent ID: b2ec9107-94ed-427c-9c53-91d1c8d75a44
Agent c08b316b-860c-4756-bab6-2d75572a07ad: 
Agent ID: c08b316b-860c-4756-bab6-2d75572a07ad
Agent d501e2fb-47e0-4444-a687-d54b85187936: 
Agent ID: d501e2fb-47e0-4444-a687-d54b85187936
Agent f24d1778-75e1-4438-81a4-651411985f1b: 
Agent ID: f24d1778-75e1-4438-81a4-651411985f1b

Iteration 1, Turn 2:
Agent 3a04288f-08cc-45b9-9c93-1d009dad9e5c: 
Agent ID: 3a04288f-08cc-45b9-9c93-1d009dad9e5c
Agent 48946264-bbce-4f0e-944d-d6e894460ab4: 
Agent ID: 48946264-bbce-4f0e-944d-d6e894460ab4
Agent 82ba5236-ee52-4f9b-a083-82f42cd0b5c2: 
Agent ID: 82ba5236-ee52-4f9b-a083-82f42cd0b5c2
Agent 88e3c5f5-40b1-4f54-ad1f-13d56af820c5: 
Agent ID: 88e3c5f5-40b1-4f54-ad1f-13d56af820c5
Agent a35afde3-f1f2-43b5-ab05-121d11d89328: 
Agent ID: a35afde3-f1f2-43b5-ab05-121d11d89328
Agent b2ec9107-94ed-427c-9c53-91d1c8d75a44: 
Agent ID: b2ec9107-94ed-427c-9c53-91d1c8d75a44
Agent c08b316b-860c-4756-bab6-2d75572a07ad: 
Agent ID: c08b316b-860c-4756-bab6-2d75572a07ad
Agent d501e2fb-47e0-4444-a687-d54b85187936: 
Agent ID: d501e2fb-47e0-4444-a687-d54b85187936
Agent f24d1778-75e1-4438-81a4-651411985f1b: 
Agent ID: f24d1778-75e1-4438-81a4-651411985f1b

Iteration 1, Turn 3:
Agent 3a04288f-08cc-45b9-9c93-1d009dad9e5c: 
Agent ID: 3a04288f-08cc-45b9-9c93-1d009dad9e5c
Agent 48946264-bbce-4f0e-944d-d6e894460ab4: 
Agent ID: 48946264-bbce-4f0e-944d-d6e894460ab4
Agent 82ba5236-ee52-4f9b-a083-82f42cd0b5c2: 
Agent ID: 82ba5236-ee52-4f9b-a083-82f42cd0b5c2
Agent b2ec9107-94ed-427c-9c53-91d1c8d75a44: 
Agent ID: b2ec9107-94ed-427c-9c53-91d1c8d75a44
Agent c08b316b-860c-4756-bab6-2d75572a07ad: 
Agent ID: c08b316b-860c-4756-bab6-2d75572a07ad
Agent d501e2fb-47e0-4444-a687-d54b85187936: 
Agent ID: d501e2fb-47e0-4444-a687-d54b85187936
Agent f24d1778-75e1-4438-81a4-651411985f1b: 
Agent ID: f24d1778-75e1-4438-81a4-651411985f1b

Iteration 1, Turn 4:
Agent 3a04288f-08cc-45b9-9c93-1d009dad9e5c: 
Agent ID: 3a04288f-08cc-45b9-9c93-1d009dad9e5c
Agent 48946264-bbce-4f0e-944d-d6e894460ab4: 
Agent ID: 48946264-bbce-4f0e-944d-d6e894460ab4
Agent 82ba5236-ee52-4f9b-a083-82f42cd0b5c2: 
Agent ID: 82ba5236-ee52-4f9b-a083-82f42cd0b5c2
Agent b2ec9107-94ed-427c-9c53-91d1c8d75a44: 
Agent ID: b2ec9107-94ed-427c-9c53-91d1c8d75a44
Agent c08b316b-860c-4756-bab6-2d75572a07ad: 
Agent ID: c08b316b-860c-4756-bab6-2d75572a07ad
Agent d501e2fb-47e0-4444-a687-d54b85187936: 
Agent ID: d501e2fb-47e0-4444-a687-d54b85187936
Agent f24d1778-75e1-4438-81a4-651411985f1b: 
Agent ID: f24d1778-75e1-4438-81a4-651411985f1b

Iteration 2, Turn 0:

Iteration 2, Turn 0:
Agent 3a04288f-08cc-45b9-9c93-1d009dad9e5c: 
Agent ID: 3a04288f-08cc-45b9-9c93-1d009dad9e5c
Agent 48946264-bbce-4f0e-944d-d6e894460ab4: 
Agent ID: 48946264-bbce-4f0e-944d-d6e894460ab4
Agent 82ba5236-ee52-4f9b-a083-82f42cd0b5c2: 
Agent ID: 82ba5236-ee52-4f9b-a083-82f42cd0b5c2
Agent b2ec9107-94ed-427c-9c53-91d1c8d75a44: 
Agent ID: b2ec9107-94ed-427c-9c53-91d1c8d75a44
Agent c08b316b-860c-4756-bab6-2d75572a07ad: 
Agent ID: c08b316b-860c-4756-bab6-2d75572a07ad
Agent d501e2fb-47e0-4444-a687-d54b85187936: 
Agent ID: d501e2fb-47e0-4444-a687-d54b85187936
Agent f24d1778-75e1-4438-81a4-651411985f1b: 
Agent ID: f24d1778-75e1-4438-81a4-651411985f1b

Iteration 2, Turn 1:
Agent 3a04288f-08cc-45b9-9c93-1d009dad9e5c: 
Agent ID: 3a04288f-08cc-45b9-9c93-1d009dad9e5c
Agent 48946264-bbce-4f0e-944d-d6e894460ab4: 
Agent ID: 48946264-bbce-4f0e-944d-d6e894460ab4
Agent 82ba5236-ee52-4f9b-a083-82f42cd0b5c2: 
Agent ID: 82ba5236-ee52-4f9b-a083-82f42cd0b5c2
Agent b2ec9107-94ed-427c-9c53-91d1c8d75a44: 
Agent ID: b2ec9107-94ed-427c-9c53-91d1c8d75a44
Agent c08b316b-860c-4756-bab6-2d75572a07ad: 
Agent ID: c08b316b-860c-4756-bab6-2d75572a07ad
Agent f24d1778-75e1-4438-81a4-651411985f1b: 
Agent ID: f24d1778-75e1-4438-81a4-651411985f1b

Iteration 2, Turn 2:
Agent 3a04288f-08cc-45b9-9c93-1d009dad9e5c: 
Agent ID: 3a04288f-08cc-45b9-9c93-1d009dad9e5c
Agent 48946264-bbce-4f0e-944d-d6e894460ab4: 
Agent ID: 48946264-bbce-4f0e-944d-d6e894460ab4
Agent 82ba5236-ee52-4f9b-a083-82f42cd0b5c2: 
Agent ID: 82ba5236-ee52-4f9b-a083-82f42cd0b5c2
Agent b2ec9107-94ed-427c-9c53-91d1c8d75a44: 
Agent ID: b2ec9107-94ed-427c-9c53-91d1c8d75a44
Agent f24d1778-75e1-4438-81a4-651411985f1b: 
Agent ID: f24d1778-75e1-4438-81a4-651411985f1b

Iteration 2, Turn 3:
Agent 3a04288f-08cc-45b9-9c93-1d009dad9e5c: 
Agent ID: 3a04288f-08cc-45b9-9c93-1d009dad9e5c
Agent 48946264-bbce-4f0e-944d-d6e894460ab4: 
Agent ID: 48946264-bbce-4f0e-944d-d6e894460ab4
Agent 82ba5236-ee52-4f9b-a083-82f42cd0b5c2: 
Agent ID: 82ba5236-ee52-4f9b-a083-82f42cd0b5c2
Agent b2ec9107-94ed-427c-9c53-91d1c8d75a44: 
Agent ID: b2ec9107-94ed-427c-9c53-91d1c8d75a44

Iteration 2, Turn 4:
Agent 3a04288f-08cc-45b9-9c93-1d009dad9e5c: 
Agent ID: 3a04288f-08cc-45b9-9c93-1d009dad9e5c
Agent 48946264-bbce-4f0e-944d-d6e894460ab4: 
Agent ID: 48946264-bbce-4f0e-944d-d6e894460ab4
Agent 82ba5236-ee52-4f9b-a083-82f42cd0b5c2: 
Agent ID: 82ba5236-ee52-4f9b-a083-82f42cd0b5c2
Agent b2ec9107-94ed-427c-9c53-91d1c8d75a44: 
Agent ID: b2ec9107-94ed-427c-9c53-91d1c8d75a44
