main function started.
--------Start of iteration 0---------


Iteration 0, Turn 0, current agent count: 10


Iteration 0, Turn 1, current agent count: 10


Iteration 0, Turn 2, current agent count: 10


Iteration 0, Turn 3, current agent count: 10


Iteration 0, Turn 4, current agent count: 10
--------End of iteration 0---------
--------Start of iteration 1---------


Iteration 1, Turn 0, current agent count: 10


Iteration 1, Turn 1, current agent count: 10


Iteration 1, Turn 2, current agent count: 10


Iteration 1, Turn 3, current agent count: 10


Iteration 1, Turn 4, current agent count: 10
--------End of iteration 1---------
--------Start of iteration 2---------


Iteration 2, Turn 0, current agent count: 10


Iteration 2, Turn 1, current agent count: 10


Iteration 2, Turn 2, current agent count: 10


Iteration 2, Turn 3, current agent count: 10


Iteration 2, Turn 4, current agent count: 10
--------End of iteration 2---------


GamePlaybackSummary - playing 18 turn records

Iteration 0, Turn 0:

Iteration 0, Turn 0:
Agent 133b8de3-03a7-4957-8039-8b410d31725a: 
Agent ID: 133b8de3-03a7-4957-8039-8b410d31725a
Agent 1d585a44-e61f-401f-8362-c83aa4bb1a32: 
Agent ID: 1d585a44-e61f-401f-8362-c83aa4bb1a32
Agent 1f84d2d9-ae35-4e9d-8271-f06c232cc9d1: 
Agent ID: 1f84d2d9-ae35-4e9d-8271-f06c232cc9d1
Agent 362d2fef-5575-44d2-9abb-9f96ea0c0593: 
Agent ID: 362d2fef-5575-44d2-9abb-9f96ea0c0593
Agent 5cf606e4-2d0c-4be8-9535-228a55660ae1: 
Agent ID: 5cf606e4-2d0c-4be8-9535-228a55660ae1
Agent 5deedbd0-d24a-445e-8003-10c9a150601f: 
Agent ID: 5deedbd0-d24a-445e-8003-10c9a150601f
Agent 7e949032-c2a5-4a03-91bf-6e535cacd58c: 
Agent ID: 7e949032-c2a5-4a03-91bf-6e535cacd58c
Agent 88a741cf-ac4a-43c6-af17-251549d18cde: 
Agent ID: 88a741cf-ac4a-43c6-af17-251549d18cde
Agent b9c6a5d0-6c29-44ff-9eec-112ebfee337c: 
Agent ID: b9c6a5d0-6c29-44ff-9eec-112ebfee337c
Agent ba980218-8183-4a70-a739-a7a0b8aeac15: 
Agent ID: ba980218-8183-4a70-a739-a7a0b8aeac15

Iteration 0, Turn 1:
Agent 133b8de3-03a7-4957-8039-8b410d31725a: 
Agent ID: 133b8de3-03a7-4957-8039-8b410d31725a
Agent 1d585a44-e61f-401f-8362-c83aa4bb1a32: 
Agent ID: 1d585a44-e61f-401f-8362-c83aa4bb1a32
Agent 1f84d2d9-ae35-4e9d-8271-f06c232cc9d1: 
Agent ID: 1f84d2d9-ae35-4e9d-8271-f06c232cc9d1
Agent 362d2fef-5575-44d2-9abb-9f96ea0c0593: 
Agent ID: 362d2fef-5575-44d2-9abb-9f96ea0c0593
Agent 5cf606e4-2d0c-4be8-9535-228a55660ae1: 
Agent ID: 5cf606e4-2d0c-4be8-9535-228a55660ae1
Agent 5deedbd0-d24a-445e-8003-10c9a150601f: 
Agent ID: 5deedbd0-d24a-445e-8003-10c9a150601f
Agent 7e949032-c2a5-4a03-91bf-6e535cacd58c: 
Agent ID: 7e949032-c2a5-4a03-91bf-6e535cacd58c
Agent 88a741cf-ac4a-43c6-af17-251549d18cde: 
Agent ID: 88a741cf-ac4a-43c6-af17-251549d18cde
Agent b9c6a5d0-6c29-44ff-9eec-112ebfee337c: 
Agent ID: b9c6a5d0-6c29-44ff-9eec-112ebfee337c
Agent ba980218-8183-4a70-a739-a7a0b8aeac15: 
Agent ID: ba980218-8183-4a70-a739-a7a0b8aeac15

Iteration 0, Turn 2:
Agent 133b8de3-03a7-4957-8039-8b410d31725a: 
Agent ID: 133b8de3-03a7-4957-8039-8b410d31725a
Agent 1d585a44-e61f-401f-8362-c83aa4bb1a32: 
Agent ID: 1d585a44-e61f-401f-8362-c83aa4bb1a32
Agent 1f84d2d9-ae35-4e9d-8271-f06c232cc9d1: 
Agent ID: 1f84d2d9-ae35-4e9d-8271-f06c232cc9d1
Agent 362d2fef-5575-44d2-9abb-9f96ea0c0593: 
Agent ID: 362d2fef-5575-44d2-9abb-9f96ea0c0593
Agent 5cf606e4-2d0c-4be8-9535-228a55660ae1: 
Agent ID: 5cf606e4-2d0c-4be8-9535-228a55660ae1
Agent 5deedbd0-d24a-445e-8003-10c9a150601f: 
Agent ID: 5deedbd0-d24a-445e-8003-10c9a150601f
Agent 7e949032-c2a5-4a03-91bf-6e535cacd58c: 
Agent ID: 7e949032-c2a5-4a03-91bf-6e535cacd58c
Agent 88a741cf-ac4a-43c6-af17-251549d18cde: 
Agent ID: 88a741cf-ac4a-43c6-af17-251549d18cde
Agent b9c6a5d0-6c29-44ff-9eec-112ebfee337c: 
Agent ID: b9c6a5d0-6c29-44ff-9eec-112ebfee337c
Agent ba980218-8183-4a70-a739-a7a0b8aeac15: 
Agent ID: ba980218-8183-4a70-a739-a7a0b8aeac15

Iteration 0, Turn 3:
Agent 133b8de3-03a7-4957-8039-8b410d31725a: 
Agent ID: 133b8de3-03a7-4957-8039-8b410d31725a
Agent 1d585a44-e61f-401f-8362-c83aa4bb1a32: 
Agent ID: 1d585a44-e61f-401f-8362-c83aa4bb1a32
Agent 1f84d2d9-ae35-4e9d-8271-f06c232cc9d1: 
[DEAD] 
Agent ID: 1f84d2d9-ae35-4e9d-8271-f06c232cc9d1
Agent 362d2fef-5575-44d2-9abb-9f96ea0c0593: 
Agent ID: 362d2fef-5575-44d2-9abb-9f96ea0c0593
Agent 5cf606e4-2d0c-4be8-9535-228a55660ae1: 
Agent ID: 5cf606e4-2d0c-4be8-9535-228a55660ae1
Agent 5deedbd0-d24a-445e-8003-10c9a150601f: 
Agent ID: 5deedbd0-d24a-445e-8003-10c9a150601f
Agent 7e949032-c2a5-4a03-91bf-6e535cacd58c: 
Agent ID: 7e949032-c2a5-4a03-91bf-6e535cacd58c
Agent 88a741cf-ac4a-43c6-af17-251549d18cde: 
Agent ID: 88a741cf-ac4a-43c6-af17-251549d18cde
Agent b9c6a5d0-6c29-44ff-9eec-112ebfee337c: 
Agent ID: b9c6a5d0-6c29-44ff-9eec-112ebfee337c
Agent ba980218-8183-4a70-a739-a7a0b8aeac15: 
Agent ID: ba980218-8183-4a70-a739-a7a0b8aeac15

Iteration 0, Turn 4:
Agent 133b8de3-03a7-4957-8039-8b410d31725a: 
Agent ID: 133b8de3-03a7-4957-8039-8b410d31725a
Agent 1d585a44-e61f-401f-8362-c83aa4bb1a32: 
Agent ID: 1d585a44-e61f-401f-8362-c83aa4bb1a32
Agent 1f84d2d9-ae35-4e9d-8271-f06c232cc9d1: 
[DEAD] 
Agent ID: 1f84d2d9-ae35-4e9d-8271-f06c232cc9d1
Agent 362d2fef-5575-44d2-9abb-9f96ea0c0593: 
Agent ID: 362d2fef-5575-44d2-9abb-9f96ea0c0593
Agent 5cf606e4-2d0c-4be8-9535-228a55660ae1: 
[DEAD] 
Agent ID: 5cf606e4-2d0c-4be8-9535-228a55660ae1
Agent 5deedbd0-d24a-445e-8003-10c9a150601f: 
Agent ID: 5deedbd0-d24a-445e-8003-10c9a150601f
Agent 7e949032-c2a5-4a03-91bf-6e535cacd58c: 
Agent ID: 7e949032-c2a5-4a03-91bf-6e535cacd58c
Agent 88a741cf-ac4a-43c6-af17-251549d18cde: 
Agent ID: 88a741cf-ac4a-43c6-af17-251549d18cde
Agent b9c6a5d0-6c29-44ff-9eec-112ebfee337c: 
Agent ID: b9c6a5d0-6c29-44ff-9eec-112ebfee337c
Agent ba980218-8183-4a70-a739-a7a0b8aeac15: 
Agent ID: ba980218-8183-4a70-a739-a7a0b8aeac15

Iteration 1, Turn 0:

Iteration 1, Turn 0:
Agent 133b8de3-03a7-4957-8039-8b410d31725a: 
Agent ID: 133b8de3-03a7-4957-8039-8b410d31725a
Agent 1d585a44-e61f-401f-8362-c83aa4bb1a32: 
Agent ID: 1d585a44-e61f-401f-8362-c83aa4bb1a32
Agent 1f84d2d9-ae35-4e9d-8271-f06c232cc9d1: 
[DEAD] 
Agent ID: 1f84d2d9-ae35-4e9d-8271-f06c232cc9d1
Agent 362d2fef-5575-44d2-9abb-9f96ea0c0593: 
Agent ID: 362d2fef-5575-44d2-9abb-9f96ea0c0593
Agent 5cf606e4-2d0c-4be8-9535-228a55660ae1: 
[DEAD] 
Agent ID: 5cf606e4-2d0c-4be8-9535-228a55660ae1
Agent 5deedbd0-d24a-445e-8003-10c9a150601f: 
Agent ID: 5deedbd0-d24a-445e-8003-10c9a150601f
Agent 7e949032-c2a5-4a03-91bf-6e535cacd58c: 
[DEAD] 
Agent ID: 7e949032-c2a5-4a03-91bf-6e535cacd58c
Agent 88a741cf-ac4a-43c6-af17-251549d18cde: 
Agent ID: 88a741cf-ac4a-43c6-af17-251549d18cde
Agent b9c6a5d0-6c29-44ff-9eec-112ebfee337c: 
Agent ID: b9c6a5d0-6c29-44ff-9eec-112ebfee337c
Agent ba980218-8183-4a70-a739-a7a0b8aeac15: 
Agent ID: ba980218-8183-4a70-a739-a7a0b8aeac15

Iteration 1, Turn 1:
Agent 133b8de3-03a7-4957-8039-8b410d31725a: 
Agent ID: 133b8de3-03a7-4957-8039-8b410d31725a
Agent 1d585a44-e61f-401f-8362-c83aa4bb1a32: 
Agent ID: 1d585a44-e61f-401f-8362-c83aa4bb1a32
Agent 1f84d2d9-ae35-4e9d-8271-f06c232cc9d1: 
[DEAD] 
Agent ID: 1f84d2d9-ae35-4e9d-8271-f06c232cc9d1
Agent 362d2fef-5575-44d2-9abb-9f96ea0c0593: 
Agent ID: 362d2fef-5575-44d2-9abb-9f96ea0c0593
Agent 5cf606e4-2d0c-4be8-9535-228a55660ae1: 
[DEAD] 
Agent ID: 5cf606e4-2d0c-4be8-9535-228a55660ae1
Agent 5deedbd0-d24a-445e-8003-10c9a150601f: 
Agent ID: 5deedbd0-d24a-445e-8003-10c9a150601f
Agent 7e949032-c2a5-4a03-91bf-6e535cacd58c: 
[DEAD] 
Agent ID: 7e949032-c2a5-4a03-91bf-6e535cacd58c
Agent 88a741cf-ac4a-43c6-af17-251549d18cde: 
[DEAD] 
Agent ID: 88a741cf-ac4a-43c6-af17-251549d18cde
Agent b9c6a5d0-6c29-44ff-9eec-112ebfee337c: 
Agent ID: b9c6a5d0-6c29-44ff-9eec-112ebfee337c
Agent ba980218-8183-4a70-a739-a7a0b8aeac15: 
Agent ID: ba980218-8183-4a70-a739-a7a0b8aeac15

Iteration 1, Turn 2:
Agent 133b8de3-03a7-4957-8039-8b410d31725a: 
Agent ID: 133b8de3-03a7-4957-8039-8b410d31725a
Agent 1d585a44-e61f-401f-8362-c83aa4bb1a32: 
Agent ID: 1d585a44-e61f-401f-8362-c83aa4bb1a32
Agent 1f84d2d9-ae35-4e9d-8271-f06c232cc9d1: 
[DEAD] 
Agent ID: 1f84d2d9-ae35-4e9d-8271-f06c232cc9d1
Agent 362d2fef-5575-44d2-9abb-9f96ea0c0593: 
Agent ID: 362d2fef-5575-44d2-9abb-9f96ea0c0593
Agent 5cf606e4-2d0c-4be8-9535-228a55660ae1: 
[DEAD] 
Agent ID: 5cf606e4-2d0c-4be8-9535-228a55660ae1
Agent 5deedbd0-d24a-445e-8003-10c9a150601f: 
Agent ID: 5deedbd0-d24a-445e-8003-10c9a150601f
Agent 7e949032-c2a5-4a03-91bf-6e535cacd58c: 
[DEAD] 
Agent ID: 7e949032-c2a5-4a03-91bf-6e535cacd58c
Agent 88a741cf-ac4a-43c6-af17-251549d18cde: 
[DEAD] 
Agent ID: 88a741cf-ac4a-43c6-af17-251549d18cde
Agent b9c6a5d0-6c29-44ff-9eec-112ebfee337c: 
Agent ID: b9c6a5d0-6c29-44ff-9eec-112ebfee337c
Agent ba980218-8183-4a70-a739-a7a0b8aeac15: 
Agent ID: ba980218-8183-4a70-a739-a7a0b8aeac15

Iteration 1, Turn 3:
Agent 133b8de3-03a7-4957-8039-8b410d31725a: 
[DEAD] 
Agent ID: 133b8de3-03a7-4957-8039-8b410d31725a
Agent 1d585a44-e61f-401f-8362-c83aa4bb1a32: 
Agent ID: 1d585a44-e61f-401f-8362-c83aa4bb1a32
Agent 1f84d2d9-ae35-4e9d-8271-f06c232cc9d1: 
[DEAD] 
Agent ID: 1f84d2d9-ae35-4e9d-8271-f06c232cc9d1
Agent 362d2fef-5575-44d2-9abb-9f96ea0c0593: 
Agent ID: 362d2fef-5575-44d2-9abb-9f96ea0c0593
Agent 5cf606e4-2d0c-4be8-9535-228a55660ae1: 
[DEAD] 
Agent ID: 5cf606e4-2d0c-4be8-9535-228a55660ae1
Agent 5deedbd0-d24a-445e-8003-10c9a150601f: 
Agent ID: 5deedbd0-d24a-445e-8003-10c9a150601f
Agent 7e949032-c2a5-4a03-91bf-6e535cacd58c: 
[DEAD] 
Agent ID: 7e949032-c2a5-4a03-91bf-6e535cacd58c
Agent 88a741cf-ac4a-43c6-af17-251549d18cde: 
[DEAD] 
Agent ID: 88a741cf-ac4a-43c6-af17-251549d18cde
Agent b9c6a5d0-6c29-44ff-9eec-112ebfee337c: 
Agent ID: b9c6a5d0-6c29-44ff-9eec-112ebfee337c
Agent ba980218-8183-4a70-a739-a7a0b8aeac15: 
Agent ID: ba980218-8183-4a70-a739-a7a0b8aeac15

Iteration 1, Turn 4:
Agent 133b8de3-03a7-4957-8039-8b410d31725a: 
[DEAD] 
Agent ID: 133b8de3-03a7-4957-8039-8b410d31725a
Agent 1d585a44-e61f-401f-8362-c83aa4bb1a32: 
Agent ID: 1d585a44-e61f-401f-8362-c83aa4bb1a32
Agent 1f84d2d9-ae35-4e9d-8271-f06c232cc9d1: 
[DEAD] 
Agent ID: 1f84d2d9-ae35-4e9d-8271-f06c232cc9d1
Agent 362d2fef-5575-44d2-9abb-9f96ea0c0593: 
Agent ID: 362d2fef-5575-44d2-9abb-9f96ea0c0593
Agent 5cf606e4-2d0c-4be8-9535-228a55660ae1: 
[DEAD] 
Agent ID: 5cf606e4-2d0c-4be8-9535-228a55660ae1
Agent 5deedbd0-d24a-445e-8003-10c9a150601f: 
Agent ID: 5deedbd0-d24a-445e-8003-10c9a150601f
Agent 7e949032-c2a5-4a03-91bf-6e535cacd58c: 
[DEAD] 
Agent ID: 7e949032-c2a5-4a03-91bf-6e535cacd58c
Agent 88a741cf-ac4a-43c6-af17-251549d18cde: 
[DEAD] 
Agent ID: 88a741cf-ac4a-43c6-af17-251549d18cde
Agent b9c6a5d0-6c29-44ff-9eec-112ebfee337c: 
Agent ID: b9c6a5d0-6c29-44ff-9eec-112ebfee337c
Agent ba980218-8183-4a70-a739-a7a0b8aeac15: 
Agent ID: ba980218-8183-4a70-a739-a7a0b8aeac15

Iteration 2, Turn 0:

Iteration 2, Turn 0:
Agent 133b8de3-03a7-4957-8039-8b410d31725a: 
[DEAD] 
Agent ID: 133b8de3-03a7-4957-8039-8b410d31725a
Agent 1d585a44-e61f-401f-8362-c83aa4bb1a32: 
Agent ID: 1d585a44-e61f-401f-8362-c83aa4bb1a32
Agent 1f84d2d9-ae35-4e9d-8271-f06c232cc9d1: 
[DEAD] 
Agent ID: 1f84d2d9-ae35-4e9d-8271-f06c232cc9d1
Agent 362d2fef-5575-44d2-9abb-9f96ea0c0593: 
Agent ID: 362d2fef-5575-44d2-9abb-9f96ea0c0593
Agent 5cf606e4-2d0c-4be8-9535-228a55660ae1: 
[DEAD] 
Agent ID: 5cf606e4-2d0c-4be8-9535-228a55660ae1
Agent 5deedbd0-d24a-445e-8003-10c9a150601f: 
Agent ID: 5deedbd0-d24a-445e-8003-10c9a150601f
Agent 7e949032-c2a5-4a03-91bf-6e535cacd58c: 
[DEAD] 
Agent ID: 7e949032-c2a5-4a03-91bf-6e535cacd58c
Agent 88a741cf-ac4a-43c6-af17-251549d18cde: 
[DEAD] 
Agent ID: 88a741cf-ac4a-43c6-af17-251549d18cde
Agent b9c6a5d0-6c29-44ff-9eec-112ebfee337c: 
Agent ID: b9c6a5d0-6c29-44ff-9eec-112ebfee337c
Agent ba980218-8183-4a70-a739-a7a0b8aeac15: 
Agent ID: ba980218-8183-4a70-a739-a7a0b8aeac15

Iteration 2, Turn 1:
Agent 133b8de3-03a7-4957-8039-8b410d31725a: 
[DEAD] 
Agent ID: 133b8de3-03a7-4957-8039-8b410d31725a
Agent 1d585a44-e61f-401f-8362-c83aa4bb1a32: 
Agent ID: 1d585a44-e61f-401f-8362-c83aa4bb1a32
Agent 1f84d2d9-ae35-4e9d-8271-f06c232cc9d1: 
[DEAD] 
Agent ID: 1f84d2d9-ae35-4e9d-8271-f06c232cc9d1
Agent 362d2fef-5575-44d2-9abb-9f96ea0c0593: 
Agent ID: 362d2fef-5575-44d2-9abb-9f96ea0c0593
Agent 5cf606e4-2d0c-4be8-9535-228a55660ae1: 
[DEAD] 
Agent ID: 5cf606e4-2d0c-4be8-9535-228a55660ae1
Agent 5deedbd0-d24a-445e-8003-10c9a150601f: 
Agent ID: 5deedbd0-d24a-445e-8003-10c9a150601f
Agent 7e949032-c2a5-4a03-91bf-6e535cacd58c: 
[DEAD] 
Agent ID: 7e949032-c2a5-4a03-91bf-6e535cacd58c
Agent 88a741cf-ac4a-43c6-af17-251549d18cde: 
[DEAD] 
Agent ID: 88a741cf-ac4a-43c6-af17-251549d18cde
Agent b9c6a5d0-6c29-44ff-9eec-112ebfee337c: 
[DEAD] 
Agent ID: b9c6a5d0-6c29-44ff-9eec-112ebfee337c
Agent ba980218-8183-4a70-a739-a7a0b8aeac15: 
[DEAD] 
Agent ID: ba980218-8183-4a70-a739-a7a0b8aeac15

Iteration 2, Turn 2:
Agent 133b8de3-03a7-4957-8039-8b410d31725a: 
[DEAD] 
Agent ID: 133b8de3-03a7-4957-8039-8b410d31725a
Agent 1d585a44-e61f-401f-8362-c83aa4bb1a32: 
Agent ID: 1d585a44-e61f-401f-8362-c83aa4bb1a32
Agent 1f84d2d9-ae35-4e9d-8271-f06c232cc9d1: 
[DEAD] 
Agent ID: 1f84d2d9-ae35-4e9d-8271-f06c232cc9d1
Agent 362d2fef-5575-44d2-9abb-9f96ea0c0593: 
Agent ID: 362d2fef-5575-44d2-9abb-9f96ea0c0593
Agent 5cf606e4-2d0c-4be8-9535-228a55660ae1: 
[DEAD] 
Agent ID: 5cf606e4-2d0c-4be8-9535-228a55660ae1
Agent 5deedbd0-d24a-445e-8003-10c9a150601f: 
Agent ID: 5deedbd0-d24a-445e-8003-10c9a150601f
Agent 7e949032-c2a5-4a03-91bf-6e535cacd58c: 
[DEAD] 
Agent ID: 7e949032-c2a5-4a03-91bf-6e535cacd58c
Agent 88a741cf-ac4a-43c6-af17-251549d18cde: 
[DEAD] 
Agent ID: 88a741cf-ac4a-43c6-af17-251549d18cde
Agent b9c6a5d0-6c29-44ff-9eec-112ebfee337c: 
[DEAD] 
Agent ID: b9c6a5d0-6c29-44ff-9eec-112ebfee337c
Agent ba980218-8183-4a70-a739-a7a0b8aeac15: 
[DEAD] 
Agent ID: ba980218-8183-4a70-a739-a7a0b8aeac15

Iteration 2, Turn 3:
Agent 133b8de3-03a7-4957-8039-8b410d31725a: 
[DEAD] 
Agent ID: 133b8de3-03a7-4957-8039-8b410d31725a
Agent 1d585a44-e61f-401f-8362-c83aa4bb1a32: 
Agent ID: 1d585a44-e61f-401f-8362-c83aa4bb1a32
Agent 1f84d2d9-ae35-4e9d-8271-f06c232cc9d1: 
[DEAD] 
Agent ID: 1f84d2d9-ae35-4e9d-8271-f06c232cc9d1
Agent 362d2fef-5575-44d2-9abb-9f96ea0c0593: 
[DEAD] 
Agent ID: 362d2fef-5575-44d2-9abb-9f96ea0c0593
Agent 5cf606e4-2d0c-4be8-9535-228a55660ae1: 
[DEAD] 
Agent ID: 5cf606e4-2d0c-4be8-9535-228a55660ae1
Agent 5deedbd0-d24a-445e-8003-10c9a150601f: 
Agent ID: 5deedbd0-d24a-445e-8003-10c9a150601f
Agent 7e949032-c2a5-4a03-91bf-6e535cacd58c: 
[DEAD] 
Agent ID: 7e949032-c2a5-4a03-91bf-6e535cacd58c
Agent 88a741cf-ac4a-43c6-af17-251549d18cde: 
[DEAD] 
Agent ID: 88a741cf-ac4a-43c6-af17-251549d18cde
Agent b9c6a5d0-6c29-44ff-9eec-112ebfee337c: 
[DEAD] 
Agent ID: b9c6a5d0-6c29-44ff-9eec-112ebfee337c
Agent ba980218-8183-4a70-a739-a7a0b8aeac15: 
[DEAD] 
Agent ID: ba980218-8183-4a70-a739-a7a0b8aeac15

Iteration 2, Turn 4:
Agent 133b8de3-03a7-4957-8039-8b410d31725a: 
[DEAD] 
Agent ID: 133b8de3-03a7-4957-8039-8b410d31725a
Agent 1d585a44-e61f-401f-8362-c83aa4bb1a32: 
Agent ID: 1d585a44-e61f-401f-8362-c83aa4bb1a32
Agent 1f84d2d9-ae35-4e9d-8271-f06c232cc9d1: 
[DEAD] 
Agent ID: 1f84d2d9-ae35-4e9d-8271-f06c232cc9d1
Agent 362d2fef-5575-44d2-9abb-9f96ea0c0593: 
[DEAD] 
Agent ID: 362d2fef-5575-44d2-9abb-9f96ea0c0593
Agent 5cf606e4-2d0c-4be8-9535-228a55660ae1: 
[DEAD] 
Agent ID: 5cf606e4-2d0c-4be8-9535-228a55660ae1
Agent 5deedbd0-d24a-445e-8003-10c9a150601f: 
Agent ID: 5deedbd0-d24a-445e-8003-10c9a150601f
Agent 7e949032-c2a5-4a03-91bf-6e535cacd58c: 
[DEAD] 
Agent ID: 7e949032-c2a5-4a03-91bf-6e535cacd58c
Agent 88a741cf-ac4a-43c6-af17-251549d18cde: 
[DEAD] 
Agent ID: 88a741cf-ac4a-43c6-af17-251549d18cde
Agent b9c6a5d0-6c29-44ff-9eec-112ebfee337c: 
[DEAD] 
Agent ID: b9c6a5d0-6c29-44ff-9eec-112ebfee337c
Agent ba980218-8183-4a70-a739-a7a0b8aeac15: 
[DEAD] 
Agent ID: ba980218-8183-4a70-a739-a7a0b8aeac15
