main function started.
--------Start of iteration 0---------


Iteration 0, Turn 0, current agent count: 5


Iteration 0, Turn 1, current agent count: 5


Iteration 0, Turn 2, current agent count: 5


Iteration 0, Turn 3, current agent count: 5


Iteration 0, Turn 4, current agent count: 5
--------End of iteration 0---------
--------Start of iteration 1---------


Iteration 1, Turn 0, current agent count: 5


Iteration 1, Turn 1, current agent count: 5


Iteration 1, Turn 2, current agent count: 5


Iteration 1, Turn 3, current agent count: 5


Iteration 1, Turn 4, current agent count: 5
--------End of iteration 1---------
--------Start of iteration 2---------


Iteration 2, Turn 0, current agent count: 5


Iteration 2, Turn 1, current agent count: 5


Iteration 2, Turn 2, current agent count: 5


Iteration 2, Turn 3, current agent count: 5


Iteration 2, Turn 4, current agent count: 5
--------End of iteration 2---------


GamePlaybackSummary - playing 18 turn records

Iteration 0, Turn 0:

Iteration 0, Turn 1:
Agent 848b2c61-d2b0-4701-b7b4-5d17290f66e6: 
Agent ID: 848b2c61-d2b0-4701-b7b4-5d17290f66e6
Agent 96c72965-96aa-4973-8a4e-12efafdc49f0: 
Agent ID: 96c72965-96aa-4973-8a4e-12efafdc49f0
Agent 97186ecd-ae20-47e3-9745-7aa67462ee7c: 
[DEAD] 
Agent ID: 97186ecd-ae20-47e3-9745-7aa67462ee7c
Agent 9dd156b6-7952-47aa-af50-28194ce8ecaf: 
[DEAD] 
Agent ID: 9dd156b6-7952-47aa-af50-28194ce8ecaf
Agent a9a0a744-785a-4eb1-8781-97396a9adeda: 
Agent ID: a9a0a744-785a-4eb1-8781-97396a9adeda

Iteration 0, Turn 2:
Agent 848b2c61-d2b0-4701-b7b4-5d17290f66e6: 
Agent ID: 848b2c61-d2b0-4701-b7b4-5d17290f66e6
Agent 96c72965-96aa-4973-8a4e-12efafdc49f0: 
Agent ID: 96c72965-96aa-4973-8a4e-12efafdc49f0
Agent 97186ecd-ae20-47e3-9745-7aa67462ee7c: 
[DEAD] 
Agent ID: 97186ecd-ae20-47e3-9745-7aa67462ee7c
Agent 9dd156b6-7952-47aa-af50-28194ce8ecaf: 
[DEAD] 
Agent ID: 9dd156b6-7952-47aa-af50-28194ce8ecaf
Agent a9a0a744-785a-4eb1-8781-97396a9adeda: 
[DEAD] 
Agent ID: a9a0a744-785a-4eb1-8781-97396a9adeda

Iteration 0, Turn 3:
Agent 848b2c61-d2b0-4701-b7b4-5d17290f66e6: 
[DEAD] 
Agent ID: 848b2c61-d2b0-4701-b7b4-5d17290f66e6
Agent 96c72965-96aa-4973-8a4e-12efafdc49f0: 
[DEAD] 
Agent ID: 96c72965-96aa-4973-8a4e-12efafdc49f0
Agent 97186ecd-ae20-47e3-9745-7aa67462ee7c: 
[DEAD] 
Agent ID: 97186ecd-ae20-47e3-9745-7aa67462ee7c
Agent 9dd156b6-7952-47aa-af50-28194ce8ecaf: 
[DEAD] 
Agent ID: 9dd156b6-7952-47aa-af50-28194ce8ecaf
Agent a9a0a744-785a-4eb1-8781-97396a9adeda: 
[DEAD] 
Agent ID: a9a0a744-785a-4eb1-8781-97396a9adeda

Iteration 0, Turn 4:
Agent 848b2c61-d2b0-4701-b7b4-5d17290f66e6: 
[DEAD] 
Agent ID: 848b2c61-d2b0-4701-b7b4-5d17290f66e6
Agent 96c72965-96aa-4973-8a4e-12efafdc49f0: 
[DEAD] 
Agent ID: 96c72965-96aa-4973-8a4e-12efafdc49f0
Agent 97186ecd-ae20-47e3-9745-7aa67462ee7c: 
[DEAD] 
Agent ID: 97186ecd-ae20-47e3-9745-7aa67462ee7c
Agent 9dd156b6-7952-47aa-af50-28194ce8ecaf: 
[DEAD] 
Agent ID: 9dd156b6-7952-47aa-af50-28194ce8ecaf
Agent a9a0a744-785a-4eb1-8781-97396a9adeda: 
[DEAD] 
Agent ID: a9a0a744-785a-4eb1-8781-97396a9adeda

Iteration 0, Turn 5:
Agent 848b2c61-d2b0-4701-b7b4-5d17290f66e6: 
[DEAD] 
Agent ID: 848b2c61-d2b0-4701-b7b4-5d17290f66e6
Agent 96c72965-96aa-4973-8a4e-12efafdc49f0: 
[DEAD] 
Agent ID: 96c72965-96aa-4973-8a4e-12efafdc49f0
Agent 97186ecd-ae20-47e3-9745-7aa67462ee7c: 
[DEAD] 
Agent ID: 97186ecd-ae20-47e3-9745-7aa67462ee7c
Agent 9dd156b6-7952-47aa-af50-28194ce8ecaf: 
[DEAD] 
Agent ID: 9dd156b6-7952-47aa-af50-28194ce8ecaf
Agent a9a0a744-785a-4eb1-8781-97396a9adeda: 
[DEAD] 
Agent ID: a9a0a744-785a-4eb1-8781-97396a9adeda

Iteration 1, Turn 0:

Iteration 1, Turn 1:
Agent 848b2c61-d2b0-4701-b7b4-5d17290f66e6: 
[DEAD] 
Agent ID: 848b2c61-d2b0-4701-b7b4-5d17290f66e6
Agent 96c72965-96aa-4973-8a4e-12efafdc49f0: 
[DEAD] 
Agent ID: 96c72965-96aa-4973-8a4e-12efafdc49f0
Agent 97186ecd-ae20-47e3-9745-7aa67462ee7c: 
[DEAD] 
Agent ID: 97186ecd-ae20-47e3-9745-7aa67462ee7c
Agent 9dd156b6-7952-47aa-af50-28194ce8ecaf: 
[DEAD] 
Agent ID: 9dd156b6-7952-47aa-af50-28194ce8ecaf
Agent a9a0a744-785a-4eb1-8781-97396a9adeda: 
[DEAD] 
Agent ID: a9a0a744-785a-4eb1-8781-97396a9adeda

Iteration 1, Turn 2:
Agent 848b2c61-d2b0-4701-b7b4-5d17290f66e6: 
[DEAD] 
Agent ID: 848b2c61-d2b0-4701-b7b4-5d17290f66e6
Agent 96c72965-96aa-4973-8a4e-12efafdc49f0: 
[DEAD] 
Agent ID: 96c72965-96aa-4973-8a4e-12efafdc49f0
Agent 97186ecd-ae20-47e3-9745-7aa67462ee7c: 
[DEAD] 
Agent ID: 97186ecd-ae20-47e3-9745-7aa67462ee7c
Agent 9dd156b6-7952-47aa-af50-28194ce8ecaf: 
[DEAD] 
Agent ID: 9dd156b6-7952-47aa-af50-28194ce8ecaf
Agent a9a0a744-785a-4eb1-8781-97396a9adeda: 
[DEAD] 
Agent ID: a9a0a744-785a-4eb1-8781-97396a9adeda

Iteration 1, Turn 3:
Agent 848b2c61-d2b0-4701-b7b4-5d17290f66e6: 
[DEAD] 
Agent ID: 848b2c61-d2b0-4701-b7b4-5d17290f66e6
Agent 96c72965-96aa-4973-8a4e-12efafdc49f0: 
[DEAD] 
Agent ID: 96c72965-96aa-4973-8a4e-12efafdc49f0
Agent 97186ecd-ae20-47e3-9745-7aa67462ee7c: 
[DEAD] 
Agent ID: 97186ecd-ae20-47e3-9745-7aa67462ee7c
Agent 9dd156b6-7952-47aa-af50-28194ce8ecaf: 
[DEAD] 
Agent ID: 9dd156b6-7952-47aa-af50-28194ce8ecaf
Agent a9a0a744-785a-4eb1-8781-97396a9adeda: 
[DEAD] 
Agent ID: a9a0a744-785a-4eb1-8781-97396a9adeda

Iteration 1, Turn 4:
Agent 848b2c61-d2b0-4701-b7b4-5d17290f66e6: 
[DEAD] 
Agent ID: 848b2c61-d2b0-4701-b7b4-5d17290f66e6
Agent 96c72965-96aa-4973-8a4e-12efafdc49f0: 
[DEAD] 
Agent ID: 96c72965-96aa-4973-8a4e-12efafdc49f0
Agent 97186ecd-ae20-47e3-9745-7aa67462ee7c: 
[DEAD] 
Agent ID: 97186ecd-ae20-47e3-9745-7aa67462ee7c
Agent 9dd156b6-7952-47aa-af50-28194ce8ecaf: 
[DEAD] 
Agent ID: 9dd156b6-7952-47aa-af50-28194ce8ecaf
Agent a9a0a744-785a-4eb1-8781-97396a9adeda: 
[DEAD] 
Agent ID: a9a0a744-785a-4eb1-8781-97396a9adeda

Iteration 1, Turn 5:
Agent 848b2c61-d2b0-4701-b7b4-5d17290f66e6: 
[DEAD] 
Agent ID: 848b2c61-d2b0-4701-b7b4-5d17290f66e6
Agent 96c72965-96aa-4973-8a4e-12efafdc49f0: 
[DEAD] 
Agent ID: 96c72965-96aa-4973-8a4e-12efafdc49f0
Agent 97186ecd-ae20-47e3-9745-7aa67462ee7c: 
[DEAD] 
Agent ID: 97186ecd-ae20-47e3-9745-7aa67462ee7c
Agent 9dd156b6-7952-47aa-af50-28194ce8ecaf: 
[DEAD] 
Agent ID: 9dd156b6-7952-47aa-af50-28194ce8ecaf
Agent a9a0a744-785a-4eb1-8781-97396a9adeda: 
[DEAD] 
Agent ID: a9a0a744-785a-4eb1-8781-97396a9adeda

Iteration 2, Turn 0:

Iteration 2, Turn 1:
Agent 848b2c61-d2b0-4701-b7b4-5d17290f66e6: 
[DEAD] 
Agent ID: 848b2c61-d2b0-4701-b7b4-5d17290f66e6
Agent 96c72965-96aa-4973-8a4e-12efafdc49f0: 
[DEAD] 
Agent ID: 96c72965-96aa-4973-8a4e-12efafdc49f0
Agent 97186ecd-ae20-47e3-9745-7aa67462ee7c: 
[DEAD] 
Agent ID: 97186ecd-ae20-47e3-9745-7aa67462ee7c
Agent 9dd156b6-7952-47aa-af50-28194ce8ecaf: 
[DEAD] 
Agent ID: 9dd156b6-7952-47aa-af50-28194ce8ecaf
Agent a9a0a744-785a-4eb1-8781-97396a9adeda: 
[DEAD] 
Agent ID: a9a0a744-785a-4eb1-8781-97396a9adeda

Iteration 2, Turn 2:
Agent 848b2c61-d2b0-4701-b7b4-5d17290f66e6: 
[DEAD] 
Agent ID: 848b2c61-d2b0-4701-b7b4-5d17290f66e6
Agent 96c72965-96aa-4973-8a4e-12efafdc49f0: 
[DEAD] 
Agent ID: 96c72965-96aa-4973-8a4e-12efafdc49f0
Agent 97186ecd-ae20-47e3-9745-7aa67462ee7c: 
[DEAD] 
Agent ID: 97186ecd-ae20-47e3-9745-7aa67462ee7c
Agent 9dd156b6-7952-47aa-af50-28194ce8ecaf: 
[DEAD] 
Agent ID: 9dd156b6-7952-47aa-af50-28194ce8ecaf
Agent a9a0a744-785a-4eb1-8781-97396a9adeda: 
[DEAD] 
Agent ID: a9a0a744-785a-4eb1-8781-97396a9adeda

Iteration 2, Turn 3:
Agent 848b2c61-d2b0-4701-b7b4-5d17290f66e6: 
[DEAD] 
Agent ID: 848b2c61-d2b0-4701-b7b4-5d17290f66e6
Agent 96c72965-96aa-4973-8a4e-12efafdc49f0: 
[DEAD] 
Agent ID: 96c72965-96aa-4973-8a4e-12efafdc49f0
Agent 97186ecd-ae20-47e3-9745-7aa67462ee7c: 
[DEAD] 
Agent ID: 97186ecd-ae20-47e3-9745-7aa67462ee7c
Agent 9dd156b6-7952-47aa-af50-28194ce8ecaf: 
[DEAD] 
Agent ID: 9dd156b6-7952-47aa-af50-28194ce8ecaf
Agent a9a0a744-785a-4eb1-8781-97396a9adeda: 
[DEAD] 
Agent ID: a9a0a744-785a-4eb1-8781-97396a9adeda

Iteration 2, Turn 4:
Agent 848b2c61-d2b0-4701-b7b4-5d17290f66e6: 
[DEAD] 
Agent ID: 848b2c61-d2b0-4701-b7b4-5d17290f66e6
Agent 96c72965-96aa-4973-8a4e-12efafdc49f0: 
[DEAD] 
Agent ID: 96c72965-96aa-4973-8a4e-12efafdc49f0
Agent 97186ecd-ae20-47e3-9745-7aa67462ee7c: 
[DEAD] 
Agent ID: 97186ecd-ae20-47e3-9745-7aa67462ee7c
Agent 9dd156b6-7952-47aa-af50-28194ce8ecaf: 
[DEAD] 
Agent ID: 9dd156b6-7952-47aa-af50-28194ce8ecaf
Agent a9a0a744-785a-4eb1-8781-97396a9adeda: 
[DEAD] 
Agent ID: a9a0a744-785a-4eb1-8781-97396a9adeda

Iteration 2, Turn 5:
Agent 848b2c61-d2b0-4701-b7b4-5d17290f66e6: 
[DEAD] 
Agent ID: 848b2c61-d2b0-4701-b7b4-5d17290f66e6
Agent 96c72965-96aa-4973-8a4e-12efafdc49f0: 
[DEAD] 
Agent ID: 96c72965-96aa-4973-8a4e-12efafdc49f0
Agent 97186ecd-ae20-47e3-9745-7aa67462ee7c: 
[DEAD] 
Agent ID: 97186ecd-ae20-47e3-9745-7aa67462ee7c
Agent 9dd156b6-7952-47aa-af50-28194ce8ecaf: 
[DEAD] 
Agent ID: 9dd156b6-7952-47aa-af50-28194ce8ecaf
Agent a9a0a744-785a-4eb1-8781-97396a9adeda: 
[DEAD] 
Agent ID: a9a0a744-785a-4eb1-8781-97396a9adeda
