main function started.
--------Start of iteration 0---------


Iteration 0, Turn 0, current agent count: 5


Iteration 0, Turn 1, current agent count: 5


Iteration 0, Turn 2, current agent count: 5


Iteration 0, Turn 3, current agent count: 5


Iteration 0, Turn 4, current agent count: 5
--------End of iteration 0---------
--------Start of iteration 1---------


Iteration 1, Turn 0, current agent count: 5


Iteration 1, Turn 1, current agent count: 5


Iteration 1, Turn 2, current agent count: 5


Iteration 1, Turn 3, current agent count: 5


Iteration 1, Turn 4, current agent count: 5
--------End of iteration 1---------
--------Start of iteration 2---------


Iteration 2, Turn 0, current agent count: 5


Iteration 2, Turn 1, current agent count: 5


Iteration 2, Turn 2, current agent count: 5


Iteration 2, Turn 3, current agent count: 5


Iteration 2, Turn 4, current agent count: 5
--------End of iteration 2---------


GamePlaybackSummary - playing 18 turn records

Iteration 0, Turn 0:

Iteration 0, Turn 1:
Agent 3bab25ea-b86c-4702-b9e2-102afb2f1691: 
Agent ID: 3bab25ea-b86c-4702-b9e2-102afb2f1691
Agent 87d4faf2-8264-40fd-b53d-2441bf8f524e: 
Agent ID: 87d4faf2-8264-40fd-b53d-2441bf8f524e
Agent b42035fd-a3f6-4b49-9002-9a64c922d345: 
Agent ID: b42035fd-a3f6-4b49-9002-9a64c922d345
Agent d79320ee-4321-4ed9-a788-fc68e207d9bf: 
Agent ID: d79320ee-4321-4ed9-a788-fc68e207d9bf
Agent dca124d7-d642-4293-aafb-d847f6f0b084: 
Agent ID: dca124d7-d642-4293-aafb-d847f6f0b084

Iteration 0, Turn 2:
Agent 3bab25ea-b86c-4702-b9e2-102afb2f1691: 
Agent ID: 3bab25ea-b86c-4702-b9e2-102afb2f1691
Agent 87d4faf2-8264-40fd-b53d-2441bf8f524e: 
[DEAD] 
Agent ID: 87d4faf2-8264-40fd-b53d-2441bf8f524e
Agent b42035fd-a3f6-4b49-9002-9a64c922d345: 
Agent ID: b42035fd-a3f6-4b49-9002-9a64c922d345
Agent d79320ee-4321-4ed9-a788-fc68e207d9bf: 
Agent ID: d79320ee-4321-4ed9-a788-fc68e207d9bf
Agent dca124d7-d642-4293-aafb-d847f6f0b084: 
Agent ID: dca124d7-d642-4293-aafb-d847f6f0b084

Iteration 0, Turn 3:
Agent 3bab25ea-b86c-4702-b9e2-102afb2f1691: 
Agent ID: 3bab25ea-b86c-4702-b9e2-102afb2f1691
Agent 87d4faf2-8264-40fd-b53d-2441bf8f524e: 
[DEAD] 
Agent ID: 87d4faf2-8264-40fd-b53d-2441bf8f524e
Agent b42035fd-a3f6-4b49-9002-9a64c922d345: 
Agent ID: b42035fd-a3f6-4b49-9002-9a64c922d345
Agent d79320ee-4321-4ed9-a788-fc68e207d9bf: 
Agent ID: d79320ee-4321-4ed9-a788-fc68e207d9bf
Agent dca124d7-d642-4293-aafb-d847f6f0b084: 
[DEAD] 
Agent ID: dca124d7-d642-4293-aafb-d847f6f0b084

Iteration 0, Turn 4:
Agent 3bab25ea-b86c-4702-b9e2-102afb2f1691: 
Agent ID: 3bab25ea-b86c-4702-b9e2-102afb2f1691
Agent 87d4faf2-8264-40fd-b53d-2441bf8f524e: 
[DEAD] 
Agent ID: 87d4faf2-8264-40fd-b53d-2441bf8f524e
Agent b42035fd-a3f6-4b49-9002-9a64c922d345: 
[DEAD] 
Agent ID: b42035fd-a3f6-4b49-9002-9a64c922d345
Agent d79320ee-4321-4ed9-a788-fc68e207d9bf: 
Agent ID: d79320ee-4321-4ed9-a788-fc68e207d9bf
Agent dca124d7-d642-4293-aafb-d847f6f0b084: 
[DEAD] 
Agent ID: dca124d7-d642-4293-aafb-d847f6f0b084

Iteration 0, Turn 5:
Agent 3bab25ea-b86c-4702-b9e2-102afb2f1691: 
Agent ID: 3bab25ea-b86c-4702-b9e2-102afb2f1691
Agent 87d4faf2-8264-40fd-b53d-2441bf8f524e: 
[DEAD] 
Agent ID: 87d4faf2-8264-40fd-b53d-2441bf8f524e
Agent b42035fd-a3f6-4b49-9002-9a64c922d345: 
[DEAD] 
Agent ID: b42035fd-a3f6-4b49-9002-9a64c922d345
Agent d79320ee-4321-4ed9-a788-fc68e207d9bf: 
Agent ID: d79320ee-4321-4ed9-a788-fc68e207d9bf
Agent dca124d7-d642-4293-aafb-d847f6f0b084: 
[DEAD] 
Agent ID: dca124d7-d642-4293-aafb-d847f6f0b084

Iteration 1, Turn 0:

Iteration 1, Turn 1:
Agent 3bab25ea-b86c-4702-b9e2-102afb2f1691: 
[DEAD] 
Agent ID: 3bab25ea-b86c-4702-b9e2-102afb2f1691
Agent 87d4faf2-8264-40fd-b53d-2441bf8f524e: 
[DEAD] 
Agent ID: 87d4faf2-8264-40fd-b53d-2441bf8f524e
Agent b42035fd-a3f6-4b49-9002-9a64c922d345: 
[DEAD] 
Agent ID: b42035fd-a3f6-4b49-9002-9a64c922d345
Agent d79320ee-4321-4ed9-a788-fc68e207d9bf: 
Agent ID: d79320ee-4321-4ed9-a788-fc68e207d9bf
Agent dca124d7-d642-4293-aafb-d847f6f0b084: 
[DEAD] 
Agent ID: dca124d7-d642-4293-aafb-d847f6f0b084

Iteration 1, Turn 2:
Agent 3bab25ea-b86c-4702-b9e2-102afb2f1691: 
[DEAD] 
Agent ID: 3bab25ea-b86c-4702-b9e2-102afb2f1691
Agent 87d4faf2-8264-40fd-b53d-2441bf8f524e: 
[DEAD] 
Agent ID: 87d4faf2-8264-40fd-b53d-2441bf8f524e
Agent b42035fd-a3f6-4b49-9002-9a64c922d345: 
[DEAD] 
Agent ID: b42035fd-a3f6-4b49-9002-9a64c922d345
Agent d79320ee-4321-4ed9-a788-fc68e207d9bf: 
[DEAD] 
Agent ID: d79320ee-4321-4ed9-a788-fc68e207d9bf
Agent dca124d7-d642-4293-aafb-d847f6f0b084: 
[DEAD] 
Agent ID: dca124d7-d642-4293-aafb-d847f6f0b084

Iteration 1, Turn 3:
Agent 3bab25ea-b86c-4702-b9e2-102afb2f1691: 
[DEAD] 
Agent ID: 3bab25ea-b86c-4702-b9e2-102afb2f1691
Agent 87d4faf2-8264-40fd-b53d-2441bf8f524e: 
[DEAD] 
Agent ID: 87d4faf2-8264-40fd-b53d-2441bf8f524e
Agent b42035fd-a3f6-4b49-9002-9a64c922d345: 
[DEAD] 
Agent ID: b42035fd-a3f6-4b49-9002-9a64c922d345
Agent d79320ee-4321-4ed9-a788-fc68e207d9bf: 
[DEAD] 
Agent ID: d79320ee-4321-4ed9-a788-fc68e207d9bf
Agent dca124d7-d642-4293-aafb-d847f6f0b084: 
[DEAD] 
Agent ID: dca124d7-d642-4293-aafb-d847f6f0b084

Iteration 1, Turn 4:
Agent 3bab25ea-b86c-4702-b9e2-102afb2f1691: 
[DEAD] 
Agent ID: 3bab25ea-b86c-4702-b9e2-102afb2f1691
Agent 87d4faf2-8264-40fd-b53d-2441bf8f524e: 
[DEAD] 
Agent ID: 87d4faf2-8264-40fd-b53d-2441bf8f524e
Agent b42035fd-a3f6-4b49-9002-9a64c922d345: 
[DEAD] 
Agent ID: b42035fd-a3f6-4b49-9002-9a64c922d345
Agent d79320ee-4321-4ed9-a788-fc68e207d9bf: 
[DEAD] 
Agent ID: d79320ee-4321-4ed9-a788-fc68e207d9bf
Agent dca124d7-d642-4293-aafb-d847f6f0b084: 
[DEAD] 
Agent ID: dca124d7-d642-4293-aafb-d847f6f0b084

Iteration 1, Turn 5:
Agent 3bab25ea-b86c-4702-b9e2-102afb2f1691: 
[DEAD] 
Agent ID: 3bab25ea-b86c-4702-b9e2-102afb2f1691
Agent 87d4faf2-8264-40fd-b53d-2441bf8f524e: 
[DEAD] 
Agent ID: 87d4faf2-8264-40fd-b53d-2441bf8f524e
Agent b42035fd-a3f6-4b49-9002-9a64c922d345: 
[DEAD] 
Agent ID: b42035fd-a3f6-4b49-9002-9a64c922d345
Agent d79320ee-4321-4ed9-a788-fc68e207d9bf: 
[DEAD] 
Agent ID: d79320ee-4321-4ed9-a788-fc68e207d9bf
Agent dca124d7-d642-4293-aafb-d847f6f0b084: 
[DEAD] 
Agent ID: dca124d7-d642-4293-aafb-d847f6f0b084

Iteration 2, Turn 0:

Iteration 2, Turn 1:
Agent 3bab25ea-b86c-4702-b9e2-102afb2f1691: 
[DEAD] 
Agent ID: 3bab25ea-b86c-4702-b9e2-102afb2f1691
Agent 87d4faf2-8264-40fd-b53d-2441bf8f524e: 
[DEAD] 
Agent ID: 87d4faf2-8264-40fd-b53d-2441bf8f524e
Agent b42035fd-a3f6-4b49-9002-9a64c922d345: 
[DEAD] 
Agent ID: b42035fd-a3f6-4b49-9002-9a64c922d345
Agent d79320ee-4321-4ed9-a788-fc68e207d9bf: 
[DEAD] 
Agent ID: d79320ee-4321-4ed9-a788-fc68e207d9bf
Agent dca124d7-d642-4293-aafb-d847f6f0b084: 
[DEAD] 
Agent ID: dca124d7-d642-4293-aafb-d847f6f0b084

Iteration 2, Turn 2:
Agent 3bab25ea-b86c-4702-b9e2-102afb2f1691: 
[DEAD] 
Agent ID: 3bab25ea-b86c-4702-b9e2-102afb2f1691
Agent 87d4faf2-8264-40fd-b53d-2441bf8f524e: 
[DEAD] 
Agent ID: 87d4faf2-8264-40fd-b53d-2441bf8f524e
Agent b42035fd-a3f6-4b49-9002-9a64c922d345: 
[DEAD] 
Agent ID: b42035fd-a3f6-4b49-9002-9a64c922d345
Agent d79320ee-4321-4ed9-a788-fc68e207d9bf: 
[DEAD] 
Agent ID: d79320ee-4321-4ed9-a788-fc68e207d9bf
Agent dca124d7-d642-4293-aafb-d847f6f0b084: 
[DEAD] 
Agent ID: dca124d7-d642-4293-aafb-d847f6f0b084

Iteration 2, Turn 3:
Agent 3bab25ea-b86c-4702-b9e2-102afb2f1691: 
[DEAD] 
Agent ID: 3bab25ea-b86c-4702-b9e2-102afb2f1691
Agent 87d4faf2-8264-40fd-b53d-2441bf8f524e: 
[DEAD] 
Agent ID: 87d4faf2-8264-40fd-b53d-2441bf8f524e
Agent b42035fd-a3f6-4b49-9002-9a64c922d345: 
[DEAD] 
Agent ID: b42035fd-a3f6-4b49-9002-9a64c922d345
Agent d79320ee-4321-4ed9-a788-fc68e207d9bf: 
[DEAD] 
Agent ID: d79320ee-4321-4ed9-a788-fc68e207d9bf
Agent dca124d7-d642-4293-aafb-d847f6f0b084: 
[DEAD] 
Agent ID: dca124d7-d642-4293-aafb-d847f6f0b084

Iteration 2, Turn 4:
Agent 3bab25ea-b86c-4702-b9e2-102afb2f1691: 
[DEAD] 
Agent ID: 3bab25ea-b86c-4702-b9e2-102afb2f1691
Agent 87d4faf2-8264-40fd-b53d-2441bf8f524e: 
[DEAD] 
Agent ID: 87d4faf2-8264-40fd-b53d-2441bf8f524e
Agent b42035fd-a3f6-4b49-9002-9a64c922d345: 
[DEAD] 
Agent ID: b42035fd-a3f6-4b49-9002-9a64c922d345
Agent d79320ee-4321-4ed9-a788-fc68e207d9bf: 
[DEAD] 
Agent ID: d79320ee-4321-4ed9-a788-fc68e207d9bf
Agent dca124d7-d642-4293-aafb-d847f6f0b084: 
[DEAD] 
Agent ID: dca124d7-d642-4293-aafb-d847f6f0b084

Iteration 2, Turn 5:
Agent 3bab25ea-b86c-4702-b9e2-102afb2f1691: 
[DEAD] 
Agent ID: 3bab25ea-b86c-4702-b9e2-102afb2f1691
Agent 87d4faf2-8264-40fd-b53d-2441bf8f524e: 
[DEAD] 
Agent ID: 87d4faf2-8264-40fd-b53d-2441bf8f524e
Agent b42035fd-a3f6-4b49-9002-9a64c922d345: 
[DEAD] 
Agent ID: b42035fd-a3f6-4b49-9002-9a64c922d345
Agent d79320ee-4321-4ed9-a788-fc68e207d9bf: 
[DEAD] 
Agent ID: d79320ee-4321-4ed9-a788-fc68e207d9bf
Agent dca124d7-d642-4293-aafb-d847f6f0b084: 
[DEAD] 
Agent ID: dca124d7-d642-4293-aafb-d847f6f0b084
