main function started.
--------Start of iteration 0---------


Iteration 0, Turn 0, current agent count: 5


Iteration 0, Turn 1, current agent count: 5
--------End of iteration 0---------
--------Start of iteration 1---------


Iteration 1, Turn 0, current agent count: 5


Iteration 1, Turn 1, current agent count: 5
--------End of iteration 1---------
--------Start of iteration 2---------


Iteration 2, Turn 0, current agent count: 5


Iteration 2, Turn 1, current agent count: 5
--------End of iteration 2---------


GamePlaybackSummary - playing 9 turn records

Iteration 0, Turn 0:

Iteration 0, Turn 1:
Agent 20ad82ff-29b2-490e-9793-be9b8b74b18e: 
[DEAD] 
Agent ID: 20ad82ff-29b2-490e-9793-be9b8b74b18e
Agent 2f4ae9e9-8db2-43dc-9000-a21f4db1ab59: 
[DEAD] 
Agent ID: 2f4ae9e9-8db2-43dc-9000-a21f4db1ab59
Agent 6bf17725-ddcd-433f-8747-67e3dab519a0: 
Agent ID: 6bf17725-ddcd-433f-8747-67e3dab519a0
Agent 7e247e06-7102-4982-b9db-8a10a1ac4796: 
[DEAD] 
Agent ID: 7e247e06-7102-4982-b9db-8a10a1ac4796
Agent 8c0e6cbe-c51b-4409-a5ac-75177410d01f: 
[DEAD] 
Agent ID: 8c0e6cbe-c51b-4409-a5ac-75177410d01f

Iteration 0, Turn 2:
Agent 20ad82ff-29b2-490e-9793-be9b8b74b18e: 
[DEAD] 
Agent ID: 20ad82ff-29b2-490e-9793-be9b8b74b18e
Agent 2f4ae9e9-8db2-43dc-9000-a21f4db1ab59: 
[DEAD] 
Agent ID: 2f4ae9e9-8db2-43dc-9000-a21f4db1ab59
Agent 6bf17725-ddcd-433f-8747-67e3dab519a0: 
Agent ID: 6bf17725-ddcd-433f-8747-67e3dab519a0
Agent 7e247e06-7102-4982-b9db-8a10a1ac4796: 
[DEAD] 
Agent ID: 7e247e06-7102-4982-b9db-8a10a1ac4796
Agent 8c0e6cbe-c51b-4409-a5ac-75177410d01f: 
[DEAD] 
Agent ID: 8c0e6cbe-c51b-4409-a5ac-75177410d01f

Iteration 1, Turn 0:

Iteration 1, Turn 1:
Agent 20ad82ff-29b2-490e-9793-be9b8b74b18e: 
[DEAD] 
Agent ID: 20ad82ff-29b2-490e-9793-be9b8b74b18e
Agent 2f4ae9e9-8db2-43dc-9000-a21f4db1ab59: 
[DEAD] 
Agent ID: 2f4ae9e9-8db2-43dc-9000-a21f4db1ab59
Agent 6bf17725-ddcd-433f-8747-67e3dab519a0: 
[DEAD] 
Agent ID: 6bf17725-ddcd-433f-8747-67e3dab519a0
Agent 7e247e06-7102-4982-b9db-8a10a1ac4796: 
[DEAD] 
Agent ID: 7e247e06-7102-4982-b9db-8a10a1ac4796
Agent 8c0e6cbe-c51b-4409-a5ac-75177410d01f: 
[DEAD] 
Agent ID: 8c0e6cbe-c51b-4409-a5ac-75177410d01f

Iteration 1, Turn 2:
Agent 20ad82ff-29b2-490e-9793-be9b8b74b18e: 
[DEAD] 
Agent ID: 20ad82ff-29b2-490e-9793-be9b8b74b18e
Agent 2f4ae9e9-8db2-43dc-9000-a21f4db1ab59: 
[DEAD] 
Agent ID: 2f4ae9e9-8db2-43dc-9000-a21f4db1ab59
Agent 6bf17725-ddcd-433f-8747-67e3dab519a0: 
[DEAD] 
Agent ID: 6bf17725-ddcd-433f-8747-67e3dab519a0
Agent 7e247e06-7102-4982-b9db-8a10a1ac4796: 
[DEAD] 
Agent ID: 7e247e06-7102-4982-b9db-8a10a1ac4796
Agent 8c0e6cbe-c51b-4409-a5ac-75177410d01f: 
[DEAD] 
Agent ID: 8c0e6cbe-c51b-4409-a5ac-75177410d01f

Iteration 2, Turn 0:

Iteration 2, Turn 1:
Agent 20ad82ff-29b2-490e-9793-be9b8b74b18e: 
[DEAD] 
Agent ID: 20ad82ff-29b2-490e-9793-be9b8b74b18e
Agent 2f4ae9e9-8db2-43dc-9000-a21f4db1ab59: 
[DEAD] 
Agent ID: 2f4ae9e9-8db2-43dc-9000-a21f4db1ab59
Agent 6bf17725-ddcd-433f-8747-67e3dab519a0: 
[DEAD] 
Agent ID: 6bf17725-ddcd-433f-8747-67e3dab519a0
Agent 7e247e06-7102-4982-b9db-8a10a1ac4796: 
[DEAD] 
Agent ID: 7e247e06-7102-4982-b9db-8a10a1ac4796
Agent 8c0e6cbe-c51b-4409-a5ac-75177410d01f: 
[DEAD] 
Agent ID: 8c0e6cbe-c51b-4409-a5ac-75177410d01f

Iteration 2, Turn 2:
Agent 20ad82ff-29b2-490e-9793-be9b8b74b18e: 
[DEAD] 
Agent ID: 20ad82ff-29b2-490e-9793-be9b8b74b18e
Agent 2f4ae9e9-8db2-43dc-9000-a21f4db1ab59: 
[DEAD] 
Agent ID: 2f4ae9e9-8db2-43dc-9000-a21f4db1ab59
Agent 6bf17725-ddcd-433f-8747-67e3dab519a0: 
[DEAD] 
Agent ID: 6bf17725-ddcd-433f-8747-67e3dab519a0
Agent 7e247e06-7102-4982-b9db-8a10a1ac4796: 
[DEAD] 
Agent ID: 7e247e06-7102-4982-b9db-8a10a1ac4796
Agent 8c0e6cbe-c51b-4409-a5ac-75177410d01f: 
[DEAD] 
Agent ID: 8c0e6cbe-c51b-4409-a5ac-75177410d01f
