main function started.
--------Start of iteration 0---------


Iteration 0, Turn 0, current agent count: 20


Iteration 0, Turn 1, current agent count: 20


Iteration 0, Turn 2, current agent count: 20


Iteration 0, Turn 3, current agent count: 20


Iteration 0, Turn 4, current agent count: 20
--------End of iteration 0---------
--------Start of iteration 1---------


Iteration 1, Turn 0, current agent count: 20


Iteration 1, Turn 1, current agent count: 20


Iteration 1, Turn 2, current agent count: 20


Iteration 1, Turn 3, current agent count: 20


Iteration 1, Turn 4, current agent count: 20
--------End of iteration 1---------
--------Start of iteration 2---------


Iteration 2, Turn 0, current agent count: 20


Iteration 2, Turn 1, current agent count: 20


Iteration 2, Turn 2, current agent count: 20


Iteration 2, Turn 3, current agent count: 20


Iteration 2, Turn 4, current agent count: 20
--------End of iteration 2---------


GamePlaybackSummary - playing 18 turn records

Iteration 0, Turn 0:

Iteration 0, Turn 0:
Agent 0cb61d61-24b2-4ea9-8459-89171edf3e1a: 
Agent ID: 0cb61d61-24b2-4ea9-8459-89171edf3e1a
Agent 1192c0c5-4c3e-45e1-87f2-0bb53876596a: 
Agent ID: 1192c0c5-4c3e-45e1-87f2-0bb53876596a
Agent 1382d94c-14bc-42dd-b0b1-f12239a464af: 
Agent ID: 1382d94c-14bc-42dd-b0b1-f12239a464af
Agent 244ef5ab-0108-4f15-94a2-da91d1c1b2b1: 
Agent ID: 244ef5ab-0108-4f15-94a2-da91d1c1b2b1
Agent 4817b3f9-27ce-479e-a0ae-ae43b181b519: 
Agent ID: 4817b3f9-27ce-479e-a0ae-ae43b181b519
Agent 503678be-a3b8-4307-be4e-fb6b345bf043: 
Agent ID: 503678be-a3b8-4307-be4e-fb6b345bf043
Agent 543c4dd3-9b79-40fc-8d4a-789da1778678: 
Agent ID: 543c4dd3-9b79-40fc-8d4a-789da1778678
Agent 5a6128d5-959d-4cc8-8f8d-526168fa6d9c: 
Agent ID: 5a6128d5-959d-4cc8-8f8d-526168fa6d9c
Agent 7444d030-2c1f-4cd1-badd-b21ee73a0f5e: 
Agent ID: 7444d030-2c1f-4cd1-badd-b21ee73a0f5e
Agent 7741cd04-3b95-48c9-8e4b-8455796677b6: 
Agent ID: 7741cd04-3b95-48c9-8e4b-8455796677b6
Agent 7b94be60-f80f-4a90-ae14-684f3a2c1841: 
Agent ID: 7b94be60-f80f-4a90-ae14-684f3a2c1841
Agent 91f9d03a-c392-4dfd-9515-a39e5d365fe4: 
Agent ID: 91f9d03a-c392-4dfd-9515-a39e5d365fe4
Agent 947cb58d-fd87-4646-9708-a249541a9008: 
Agent ID: 947cb58d-fd87-4646-9708-a249541a9008
Agent b51896a1-6eb8-4359-832f-f7d8f27383bf: 
Agent ID: b51896a1-6eb8-4359-832f-f7d8f27383bf
Agent c2d4bf9a-abe1-447e-bdc5-cc662a9873b8: 
Agent ID: c2d4bf9a-abe1-447e-bdc5-cc662a9873b8
Agent c8969791-6d29-4a98-aa23-c2b53630e7cb: 
Agent ID: c8969791-6d29-4a98-aa23-c2b53630e7cb
Agent d14211a5-b567-4f5e-81da-302f2080d9dc: 
Agent ID: d14211a5-b567-4f5e-81da-302f2080d9dc
Agent ddacb222-af45-4444-a99b-8093e0839a28: 
Agent ID: ddacb222-af45-4444-a99b-8093e0839a28
Agent ee4660c5-eb35-4768-89a8-d93b78d39e9d: 
Agent ID: ee4660c5-eb35-4768-89a8-d93b78d39e9d
Agent f4e43569-92e7-4b2b-8c42-0ca951284359: 
Agent ID: f4e43569-92e7-4b2b-8c42-0ca951284359

Iteration 0, Turn 1:
Agent 0cb61d61-24b2-4ea9-8459-89171edf3e1a: 
Agent ID: 0cb61d61-24b2-4ea9-8459-89171edf3e1a
Agent 1192c0c5-4c3e-45e1-87f2-0bb53876596a: 
Agent ID: 1192c0c5-4c3e-45e1-87f2-0bb53876596a
Agent 1382d94c-14bc-42dd-b0b1-f12239a464af: 
Agent ID: 1382d94c-14bc-42dd-b0b1-f12239a464af
Agent 244ef5ab-0108-4f15-94a2-da91d1c1b2b1: 
Agent ID: 244ef5ab-0108-4f15-94a2-da91d1c1b2b1
Agent 4817b3f9-27ce-479e-a0ae-ae43b181b519: 
Agent ID: 4817b3f9-27ce-479e-a0ae-ae43b181b519
Agent 503678be-a3b8-4307-be4e-fb6b345bf043: 
Agent ID: 503678be-a3b8-4307-be4e-fb6b345bf043
Agent 543c4dd3-9b79-40fc-8d4a-789da1778678: 
Agent ID: 543c4dd3-9b79-40fc-8d4a-789da1778678
Agent 5a6128d5-959d-4cc8-8f8d-526168fa6d9c: 
Agent ID: 5a6128d5-959d-4cc8-8f8d-526168fa6d9c
Agent 7444d030-2c1f-4cd1-badd-b21ee73a0f5e: 
Agent ID: 7444d030-2c1f-4cd1-badd-b21ee73a0f5e
Agent 7741cd04-3b95-48c9-8e4b-8455796677b6: 
Agent ID: 7741cd04-3b95-48c9-8e4b-8455796677b6
Agent 7b94be60-f80f-4a90-ae14-684f3a2c1841: 
Agent ID: 7b94be60-f80f-4a90-ae14-684f3a2c1841
Agent 91f9d03a-c392-4dfd-9515-a39e5d365fe4: 
Agent ID: 91f9d03a-c392-4dfd-9515-a39e5d365fe4
Agent 947cb58d-fd87-4646-9708-a249541a9008: 
Agent ID: 947cb58d-fd87-4646-9708-a249541a9008
Agent b51896a1-6eb8-4359-832f-f7d8f27383bf: 
Agent ID: b51896a1-6eb8-4359-832f-f7d8f27383bf
Agent c2d4bf9a-abe1-447e-bdc5-cc662a9873b8: 
Agent ID: c2d4bf9a-abe1-447e-bdc5-cc662a9873b8
Agent c8969791-6d29-4a98-aa23-c2b53630e7cb: 
Agent ID: c8969791-6d29-4a98-aa23-c2b53630e7cb
Agent d14211a5-b567-4f5e-81da-302f2080d9dc: 
[DEAD] 
Agent ID: d14211a5-b567-4f5e-81da-302f2080d9dc
Agent ddacb222-af45-4444-a99b-8093e0839a28: 
Agent ID: ddacb222-af45-4444-a99b-8093e0839a28
Agent ee4660c5-eb35-4768-89a8-d93b78d39e9d: 
Agent ID: ee4660c5-eb35-4768-89a8-d93b78d39e9d
Agent f4e43569-92e7-4b2b-8c42-0ca951284359: 
Agent ID: f4e43569-92e7-4b2b-8c42-0ca951284359

Iteration 0, Turn 2:
Agent 0cb61d61-24b2-4ea9-8459-89171edf3e1a: 
[DEAD] 
Agent ID: 0cb61d61-24b2-4ea9-8459-89171edf3e1a
Agent 1192c0c5-4c3e-45e1-87f2-0bb53876596a: 
Agent ID: 1192c0c5-4c3e-45e1-87f2-0bb53876596a
Agent 1382d94c-14bc-42dd-b0b1-f12239a464af: 
Agent ID: 1382d94c-14bc-42dd-b0b1-f12239a464af
Agent 244ef5ab-0108-4f15-94a2-da91d1c1b2b1: 
Agent ID: 244ef5ab-0108-4f15-94a2-da91d1c1b2b1
Agent 4817b3f9-27ce-479e-a0ae-ae43b181b519: 
Agent ID: 4817b3f9-27ce-479e-a0ae-ae43b181b519
Agent 503678be-a3b8-4307-be4e-fb6b345bf043: 
[DEAD] 
Agent ID: 503678be-a3b8-4307-be4e-fb6b345bf043
Agent 543c4dd3-9b79-40fc-8d4a-789da1778678: 
[DEAD] 
Agent ID: 543c4dd3-9b79-40fc-8d4a-789da1778678
Agent 5a6128d5-959d-4cc8-8f8d-526168fa6d9c: 
Agent ID: 5a6128d5-959d-4cc8-8f8d-526168fa6d9c
Agent 7444d030-2c1f-4cd1-badd-b21ee73a0f5e: 
Agent ID: 7444d030-2c1f-4cd1-badd-b21ee73a0f5e
Agent 7741cd04-3b95-48c9-8e4b-8455796677b6: 
Agent ID: 7741cd04-3b95-48c9-8e4b-8455796677b6
Agent 7b94be60-f80f-4a90-ae14-684f3a2c1841: 
Agent ID: 7b94be60-f80f-4a90-ae14-684f3a2c1841
Agent 91f9d03a-c392-4dfd-9515-a39e5d365fe4: 
[DEAD] 
Agent ID: 91f9d03a-c392-4dfd-9515-a39e5d365fe4
Agent 947cb58d-fd87-4646-9708-a249541a9008: 
Agent ID: 947cb58d-fd87-4646-9708-a249541a9008
Agent b51896a1-6eb8-4359-832f-f7d8f27383bf: 
Agent ID: b51896a1-6eb8-4359-832f-f7d8f27383bf
Agent c2d4bf9a-abe1-447e-bdc5-cc662a9873b8: 
[DEAD] 
Agent ID: c2d4bf9a-abe1-447e-bdc5-cc662a9873b8
Agent c8969791-6d29-4a98-aa23-c2b53630e7cb: 
Agent ID: c8969791-6d29-4a98-aa23-c2b53630e7cb
Agent d14211a5-b567-4f5e-81da-302f2080d9dc: 
[DEAD] 
Agent ID: d14211a5-b567-4f5e-81da-302f2080d9dc
Agent ddacb222-af45-4444-a99b-8093e0839a28: 
Agent ID: ddacb222-af45-4444-a99b-8093e0839a28
Agent ee4660c5-eb35-4768-89a8-d93b78d39e9d: 
[DEAD] 
Agent ID: ee4660c5-eb35-4768-89a8-d93b78d39e9d
Agent f4e43569-92e7-4b2b-8c42-0ca951284359: 
[DEAD] 
Agent ID: f4e43569-92e7-4b2b-8c42-0ca951284359

Iteration 0, Turn 3:
Agent 0cb61d61-24b2-4ea9-8459-89171edf3e1a: 
[DEAD] 
Agent ID: 0cb61d61-24b2-4ea9-8459-89171edf3e1a
Agent 1192c0c5-4c3e-45e1-87f2-0bb53876596a: 
[DEAD] 
Agent ID: 1192c0c5-4c3e-45e1-87f2-0bb53876596a
Agent 1382d94c-14bc-42dd-b0b1-f12239a464af: 
Agent ID: 1382d94c-14bc-42dd-b0b1-f12239a464af
Agent 244ef5ab-0108-4f15-94a2-da91d1c1b2b1: 
Agent ID: 244ef5ab-0108-4f15-94a2-da91d1c1b2b1
Agent 4817b3f9-27ce-479e-a0ae-ae43b181b519: 
[DEAD] 
Agent ID: 4817b3f9-27ce-479e-a0ae-ae43b181b519
Agent 503678be-a3b8-4307-be4e-fb6b345bf043: 
[DEAD] 
Agent ID: 503678be-a3b8-4307-be4e-fb6b345bf043
Agent 543c4dd3-9b79-40fc-8d4a-789da1778678: 
[DEAD] 
Agent ID: 543c4dd3-9b79-40fc-8d4a-789da1778678
Agent 5a6128d5-959d-4cc8-8f8d-526168fa6d9c: 
Agent ID: 5a6128d5-959d-4cc8-8f8d-526168fa6d9c
Agent 7444d030-2c1f-4cd1-badd-b21ee73a0f5e: 
Agent ID: 7444d030-2c1f-4cd1-badd-b21ee73a0f5e
Agent 7741cd04-3b95-48c9-8e4b-8455796677b6: 
Agent ID: 7741cd04-3b95-48c9-8e4b-8455796677b6
Agent 7b94be60-f80f-4a90-ae14-684f3a2c1841: 
[DEAD] 
Agent ID: 7b94be60-f80f-4a90-ae14-684f3a2c1841
Agent 91f9d03a-c392-4dfd-9515-a39e5d365fe4: 
[DEAD] 
Agent ID: 91f9d03a-c392-4dfd-9515-a39e5d365fe4
Agent 947cb58d-fd87-4646-9708-a249541a9008: 
[DEAD] 
Agent ID: 947cb58d-fd87-4646-9708-a249541a9008
Agent b51896a1-6eb8-4359-832f-f7d8f27383bf: 
[DEAD] 
Agent ID: b51896a1-6eb8-4359-832f-f7d8f27383bf
Agent c2d4bf9a-abe1-447e-bdc5-cc662a9873b8: 
[DEAD] 
Agent ID: c2d4bf9a-abe1-447e-bdc5-cc662a9873b8
Agent c8969791-6d29-4a98-aa23-c2b53630e7cb: 
[DEAD] 
Agent ID: c8969791-6d29-4a98-aa23-c2b53630e7cb
Agent d14211a5-b567-4f5e-81da-302f2080d9dc: 
[DEAD] 
Agent ID: d14211a5-b567-4f5e-81da-302f2080d9dc
Agent ddacb222-af45-4444-a99b-8093e0839a28: 
Agent ID: ddacb222-af45-4444-a99b-8093e0839a28
Agent ee4660c5-eb35-4768-89a8-d93b78d39e9d: 
[DEAD] 
Agent ID: ee4660c5-eb35-4768-89a8-d93b78d39e9d
Agent f4e43569-92e7-4b2b-8c42-0ca951284359: 
[DEAD] 
Agent ID: f4e43569-92e7-4b2b-8c42-0ca951284359

Iteration 0, Turn 4:
Agent 0cb61d61-24b2-4ea9-8459-89171edf3e1a: 
[DEAD] 
Agent ID: 0cb61d61-24b2-4ea9-8459-89171edf3e1a
Agent 1192c0c5-4c3e-45e1-87f2-0bb53876596a: 
[DEAD] 
Agent ID: 1192c0c5-4c3e-45e1-87f2-0bb53876596a
Agent 1382d94c-14bc-42dd-b0b1-f12239a464af: 
Agent ID: 1382d94c-14bc-42dd-b0b1-f12239a464af
Agent 244ef5ab-0108-4f15-94a2-da91d1c1b2b1: 
Agent ID: 244ef5ab-0108-4f15-94a2-da91d1c1b2b1
Agent 4817b3f9-27ce-479e-a0ae-ae43b181b519: 
[DEAD] 
Agent ID: 4817b3f9-27ce-479e-a0ae-ae43b181b519
Agent 503678be-a3b8-4307-be4e-fb6b345bf043: 
[DEAD] 
Agent ID: 503678be-a3b8-4307-be4e-fb6b345bf043
Agent 543c4dd3-9b79-40fc-8d4a-789da1778678: 
[DEAD] 
Agent ID: 543c4dd3-9b79-40fc-8d4a-789da1778678
Agent 5a6128d5-959d-4cc8-8f8d-526168fa6d9c: 
Agent ID: 5a6128d5-959d-4cc8-8f8d-526168fa6d9c
Agent 7444d030-2c1f-4cd1-badd-b21ee73a0f5e: 
Agent ID: 7444d030-2c1f-4cd1-badd-b21ee73a0f5e
Agent 7741cd04-3b95-48c9-8e4b-8455796677b6: 
[DEAD] 
Agent ID: 7741cd04-3b95-48c9-8e4b-8455796677b6
Agent 7b94be60-f80f-4a90-ae14-684f3a2c1841: 
[DEAD] 
Agent ID: 7b94be60-f80f-4a90-ae14-684f3a2c1841
Agent 91f9d03a-c392-4dfd-9515-a39e5d365fe4: 
[DEAD] 
Agent ID: 91f9d03a-c392-4dfd-9515-a39e5d365fe4
Agent 947cb58d-fd87-4646-9708-a249541a9008: 
[DEAD] 
Agent ID: 947cb58d-fd87-4646-9708-a249541a9008
Agent b51896a1-6eb8-4359-832f-f7d8f27383bf: 
[DEAD] 
Agent ID: b51896a1-6eb8-4359-832f-f7d8f27383bf
Agent c2d4bf9a-abe1-447e-bdc5-cc662a9873b8: 
[DEAD] 
Agent ID: c2d4bf9a-abe1-447e-bdc5-cc662a9873b8
Agent c8969791-6d29-4a98-aa23-c2b53630e7cb: 
[DEAD] 
Agent ID: c8969791-6d29-4a98-aa23-c2b53630e7cb
Agent d14211a5-b567-4f5e-81da-302f2080d9dc: 
[DEAD] 
Agent ID: d14211a5-b567-4f5e-81da-302f2080d9dc
Agent ddacb222-af45-4444-a99b-8093e0839a28: 
Agent ID: ddacb222-af45-4444-a99b-8093e0839a28
Agent ee4660c5-eb35-4768-89a8-d93b78d39e9d: 
[DEAD] 
Agent ID: ee4660c5-eb35-4768-89a8-d93b78d39e9d
Agent f4e43569-92e7-4b2b-8c42-0ca951284359: 
[DEAD] 
Agent ID: f4e43569-92e7-4b2b-8c42-0ca951284359

Iteration 1, Turn 0:

Iteration 1, Turn 0:
Agent 0cb61d61-24b2-4ea9-8459-89171edf3e1a: 
[DEAD] 
Agent ID: 0cb61d61-24b2-4ea9-8459-89171edf3e1a
Agent 1192c0c5-4c3e-45e1-87f2-0bb53876596a: 
[DEAD] 
Agent ID: 1192c0c5-4c3e-45e1-87f2-0bb53876596a
Agent 1382d94c-14bc-42dd-b0b1-f12239a464af: 
Agent ID: 1382d94c-14bc-42dd-b0b1-f12239a464af
Agent 244ef5ab-0108-4f15-94a2-da91d1c1b2b1: 
Agent ID: 244ef5ab-0108-4f15-94a2-da91d1c1b2b1
Agent 4817b3f9-27ce-479e-a0ae-ae43b181b519: 
[DEAD] 
Agent ID: 4817b3f9-27ce-479e-a0ae-ae43b181b519
Agent 503678be-a3b8-4307-be4e-fb6b345bf043: 
[DEAD] 
Agent ID: 503678be-a3b8-4307-be4e-fb6b345bf043
Agent 543c4dd3-9b79-40fc-8d4a-789da1778678: 
[DEAD] 
Agent ID: 543c4dd3-9b79-40fc-8d4a-789da1778678
Agent 5a6128d5-959d-4cc8-8f8d-526168fa6d9c: 
Agent ID: 5a6128d5-959d-4cc8-8f8d-526168fa6d9c
Agent 7444d030-2c1f-4cd1-badd-b21ee73a0f5e: 
[DEAD] 
Agent ID: 7444d030-2c1f-4cd1-badd-b21ee73a0f5e
Agent 7741cd04-3b95-48c9-8e4b-8455796677b6: 
[DEAD] 
Agent ID: 7741cd04-3b95-48c9-8e4b-8455796677b6
Agent 7b94be60-f80f-4a90-ae14-684f3a2c1841: 
[DEAD] 
Agent ID: 7b94be60-f80f-4a90-ae14-684f3a2c1841
Agent 91f9d03a-c392-4dfd-9515-a39e5d365fe4: 
[DEAD] 
Agent ID: 91f9d03a-c392-4dfd-9515-a39e5d365fe4
Agent 947cb58d-fd87-4646-9708-a249541a9008: 
[DEAD] 
Agent ID: 947cb58d-fd87-4646-9708-a249541a9008
Agent b51896a1-6eb8-4359-832f-f7d8f27383bf: 
[DEAD] 
Agent ID: b51896a1-6eb8-4359-832f-f7d8f27383bf
Agent c2d4bf9a-abe1-447e-bdc5-cc662a9873b8: 
[DEAD] 
Agent ID: c2d4bf9a-abe1-447e-bdc5-cc662a9873b8
Agent c8969791-6d29-4a98-aa23-c2b53630e7cb: 
[DEAD] 
Agent ID: c8969791-6d29-4a98-aa23-c2b53630e7cb
Agent d14211a5-b567-4f5e-81da-302f2080d9dc: 
[DEAD] 
Agent ID: d14211a5-b567-4f5e-81da-302f2080d9dc
Agent ddacb222-af45-4444-a99b-8093e0839a28: 
[DEAD] 
Agent ID: ddacb222-af45-4444-a99b-8093e0839a28
Agent ee4660c5-eb35-4768-89a8-d93b78d39e9d: 
[DEAD] 
Agent ID: ee4660c5-eb35-4768-89a8-d93b78d39e9d
Agent f4e43569-92e7-4b2b-8c42-0ca951284359: 
[DEAD] 
Agent ID: f4e43569-92e7-4b2b-8c42-0ca951284359

Iteration 1, Turn 1:
Agent 0cb61d61-24b2-4ea9-8459-89171edf3e1a: 
[DEAD] 
Agent ID: 0cb61d61-24b2-4ea9-8459-89171edf3e1a
Agent 1192c0c5-4c3e-45e1-87f2-0bb53876596a: 
[DEAD] 
Agent ID: 1192c0c5-4c3e-45e1-87f2-0bb53876596a
Agent 1382d94c-14bc-42dd-b0b1-f12239a464af: 
Agent ID: 1382d94c-14bc-42dd-b0b1-f12239a464af
Agent 244ef5ab-0108-4f15-94a2-da91d1c1b2b1: 
[DEAD] 
Agent ID: 244ef5ab-0108-4f15-94a2-da91d1c1b2b1
Agent 4817b3f9-27ce-479e-a0ae-ae43b181b519: 
[DEAD] 
Agent ID: 4817b3f9-27ce-479e-a0ae-ae43b181b519
Agent 503678be-a3b8-4307-be4e-fb6b345bf043: 
[DEAD] 
Agent ID: 503678be-a3b8-4307-be4e-fb6b345bf043
Agent 543c4dd3-9b79-40fc-8d4a-789da1778678: 
[DEAD] 
Agent ID: 543c4dd3-9b79-40fc-8d4a-789da1778678
Agent 5a6128d5-959d-4cc8-8f8d-526168fa6d9c: 
Agent ID: 5a6128d5-959d-4cc8-8f8d-526168fa6d9c
Agent 7444d030-2c1f-4cd1-badd-b21ee73a0f5e: 
[DEAD] 
Agent ID: 7444d030-2c1f-4cd1-badd-b21ee73a0f5e
Agent 7741cd04-3b95-48c9-8e4b-8455796677b6: 
[DEAD] 
Agent ID: 7741cd04-3b95-48c9-8e4b-8455796677b6
Agent 7b94be60-f80f-4a90-ae14-684f3a2c1841: 
[DEAD] 
Agent ID: 7b94be60-f80f-4a90-ae14-684f3a2c1841
Agent 91f9d03a-c392-4dfd-9515-a39e5d365fe4: 
[DEAD] 
Agent ID: 91f9d03a-c392-4dfd-9515-a39e5d365fe4
Agent 947cb58d-fd87-4646-9708-a249541a9008: 
[DEAD] 
Agent ID: 947cb58d-fd87-4646-9708-a249541a9008
Agent b51896a1-6eb8-4359-832f-f7d8f27383bf: 
[DEAD] 
Agent ID: b51896a1-6eb8-4359-832f-f7d8f27383bf
Agent c2d4bf9a-abe1-447e-bdc5-cc662a9873b8: 
[DEAD] 
Agent ID: c2d4bf9a-abe1-447e-bdc5-cc662a9873b8
Agent c8969791-6d29-4a98-aa23-c2b53630e7cb: 
[DEAD] 
Agent ID: c8969791-6d29-4a98-aa23-c2b53630e7cb
Agent d14211a5-b567-4f5e-81da-302f2080d9dc: 
[DEAD] 
Agent ID: d14211a5-b567-4f5e-81da-302f2080d9dc
Agent ddacb222-af45-4444-a99b-8093e0839a28: 
[DEAD] 
Agent ID: ddacb222-af45-4444-a99b-8093e0839a28
Agent ee4660c5-eb35-4768-89a8-d93b78d39e9d: 
[DEAD] 
Agent ID: ee4660c5-eb35-4768-89a8-d93b78d39e9d
Agent f4e43569-92e7-4b2b-8c42-0ca951284359: 
[DEAD] 
Agent ID: f4e43569-92e7-4b2b-8c42-0ca951284359

Iteration 1, Turn 2:
Agent 0cb61d61-24b2-4ea9-8459-89171edf3e1a: 
[DEAD] 
Agent ID: 0cb61d61-24b2-4ea9-8459-89171edf3e1a
Agent 1192c0c5-4c3e-45e1-87f2-0bb53876596a: 
[DEAD] 
Agent ID: 1192c0c5-4c3e-45e1-87f2-0bb53876596a
Agent 1382d94c-14bc-42dd-b0b1-f12239a464af: 
[DEAD] 
Agent ID: 1382d94c-14bc-42dd-b0b1-f12239a464af
Agent 244ef5ab-0108-4f15-94a2-da91d1c1b2b1: 
[DEAD] 
Agent ID: 244ef5ab-0108-4f15-94a2-da91d1c1b2b1
Agent 4817b3f9-27ce-479e-a0ae-ae43b181b519: 
[DEAD] 
Agent ID: 4817b3f9-27ce-479e-a0ae-ae43b181b519
Agent 503678be-a3b8-4307-be4e-fb6b345bf043: 
[DEAD] 
Agent ID: 503678be-a3b8-4307-be4e-fb6b345bf043
Agent 543c4dd3-9b79-40fc-8d4a-789da1778678: 
[DEAD] 
Agent ID: 543c4dd3-9b79-40fc-8d4a-789da1778678
Agent 5a6128d5-959d-4cc8-8f8d-526168fa6d9c: 
[DEAD] 
Agent ID: 5a6128d5-959d-4cc8-8f8d-526168fa6d9c
Agent 7444d030-2c1f-4cd1-badd-b21ee73a0f5e: 
[DEAD] 
Agent ID: 7444d030-2c1f-4cd1-badd-b21ee73a0f5e
Agent 7741cd04-3b95-48c9-8e4b-8455796677b6: 
[DEAD] 
Agent ID: 7741cd04-3b95-48c9-8e4b-8455796677b6
Agent 7b94be60-f80f-4a90-ae14-684f3a2c1841: 
[DEAD] 
Agent ID: 7b94be60-f80f-4a90-ae14-684f3a2c1841
Agent 91f9d03a-c392-4dfd-9515-a39e5d365fe4: 
[DEAD] 
Agent ID: 91f9d03a-c392-4dfd-9515-a39e5d365fe4
Agent 947cb58d-fd87-4646-9708-a249541a9008: 
[DEAD] 
Agent ID: 947cb58d-fd87-4646-9708-a249541a9008
Agent b51896a1-6eb8-4359-832f-f7d8f27383bf: 
[DEAD] 
Agent ID: b51896a1-6eb8-4359-832f-f7d8f27383bf
Agent c2d4bf9a-abe1-447e-bdc5-cc662a9873b8: 
[DEAD] 
Agent ID: c2d4bf9a-abe1-447e-bdc5-cc662a9873b8
Agent c8969791-6d29-4a98-aa23-c2b53630e7cb: 
[DEAD] 
Agent ID: c8969791-6d29-4a98-aa23-c2b53630e7cb
Agent d14211a5-b567-4f5e-81da-302f2080d9dc: 
[DEAD] 
Agent ID: d14211a5-b567-4f5e-81da-302f2080d9dc
Agent ddacb222-af45-4444-a99b-8093e0839a28: 
[DEAD] 
Agent ID: ddacb222-af45-4444-a99b-8093e0839a28
Agent ee4660c5-eb35-4768-89a8-d93b78d39e9d: 
[DEAD] 
Agent ID: ee4660c5-eb35-4768-89a8-d93b78d39e9d
Agent f4e43569-92e7-4b2b-8c42-0ca951284359: 
[DEAD] 
Agent ID: f4e43569-92e7-4b2b-8c42-0ca951284359

Iteration 1, Turn 3:
Agent 0cb61d61-24b2-4ea9-8459-89171edf3e1a: 
[DEAD] 
Agent ID: 0cb61d61-24b2-4ea9-8459-89171edf3e1a
Agent 1192c0c5-4c3e-45e1-87f2-0bb53876596a: 
[DEAD] 
Agent ID: 1192c0c5-4c3e-45e1-87f2-0bb53876596a
Agent 1382d94c-14bc-42dd-b0b1-f12239a464af: 
[DEAD] 
Agent ID: 1382d94c-14bc-42dd-b0b1-f12239a464af
Agent 244ef5ab-0108-4f15-94a2-da91d1c1b2b1: 
[DEAD] 
Agent ID: 244ef5ab-0108-4f15-94a2-da91d1c1b2b1
Agent 4817b3f9-27ce-479e-a0ae-ae43b181b519: 
[DEAD] 
Agent ID: 4817b3f9-27ce-479e-a0ae-ae43b181b519
Agent 503678be-a3b8-4307-be4e-fb6b345bf043: 
[DEAD] 
Agent ID: 503678be-a3b8-4307-be4e-fb6b345bf043
Agent 543c4dd3-9b79-40fc-8d4a-789da1778678: 
[DEAD] 
Agent ID: 543c4dd3-9b79-40fc-8d4a-789da1778678
Agent 5a6128d5-959d-4cc8-8f8d-526168fa6d9c: 
[DEAD] 
Agent ID: 5a6128d5-959d-4cc8-8f8d-526168fa6d9c
Agent 7444d030-2c1f-4cd1-badd-b21ee73a0f5e: 
[DEAD] 
Agent ID: 7444d030-2c1f-4cd1-badd-b21ee73a0f5e
Agent 7741cd04-3b95-48c9-8e4b-8455796677b6: 
[DEAD] 
Agent ID: 7741cd04-3b95-48c9-8e4b-8455796677b6
Agent 7b94be60-f80f-4a90-ae14-684f3a2c1841: 
[DEAD] 
Agent ID: 7b94be60-f80f-4a90-ae14-684f3a2c1841
Agent 91f9d03a-c392-4dfd-9515-a39e5d365fe4: 
[DEAD] 
Agent ID: 91f9d03a-c392-4dfd-9515-a39e5d365fe4
Agent 947cb58d-fd87-4646-9708-a249541a9008: 
[DEAD] 
Agent ID: 947cb58d-fd87-4646-9708-a249541a9008
Agent b51896a1-6eb8-4359-832f-f7d8f27383bf: 
[DEAD] 
Agent ID: b51896a1-6eb8-4359-832f-f7d8f27383bf
Agent c2d4bf9a-abe1-447e-bdc5-cc662a9873b8: 
[DEAD] 
Agent ID: c2d4bf9a-abe1-447e-bdc5-cc662a9873b8
Agent c8969791-6d29-4a98-aa23-c2b53630e7cb: 
[DEAD] 
Agent ID: c8969791-6d29-4a98-aa23-c2b53630e7cb
Agent d14211a5-b567-4f5e-81da-302f2080d9dc: 
[DEAD] 
Agent ID: d14211a5-b567-4f5e-81da-302f2080d9dc
Agent ddacb222-af45-4444-a99b-8093e0839a28: 
[DEAD] 
Agent ID: ddacb222-af45-4444-a99b-8093e0839a28
Agent ee4660c5-eb35-4768-89a8-d93b78d39e9d: 
[DEAD] 
Agent ID: ee4660c5-eb35-4768-89a8-d93b78d39e9d
Agent f4e43569-92e7-4b2b-8c42-0ca951284359: 
[DEAD] 
Agent ID: f4e43569-92e7-4b2b-8c42-0ca951284359

Iteration 1, Turn 4:
Agent 0cb61d61-24b2-4ea9-8459-89171edf3e1a: 
[DEAD] 
Agent ID: 0cb61d61-24b2-4ea9-8459-89171edf3e1a
Agent 1192c0c5-4c3e-45e1-87f2-0bb53876596a: 
[DEAD] 
Agent ID: 1192c0c5-4c3e-45e1-87f2-0bb53876596a
Agent 1382d94c-14bc-42dd-b0b1-f12239a464af: 
[DEAD] 
Agent ID: 1382d94c-14bc-42dd-b0b1-f12239a464af
Agent 244ef5ab-0108-4f15-94a2-da91d1c1b2b1: 
[DEAD] 
Agent ID: 244ef5ab-0108-4f15-94a2-da91d1c1b2b1
Agent 4817b3f9-27ce-479e-a0ae-ae43b181b519: 
[DEAD] 
Agent ID: 4817b3f9-27ce-479e-a0ae-ae43b181b519
Agent 503678be-a3b8-4307-be4e-fb6b345bf043: 
[DEAD] 
Agent ID: 503678be-a3b8-4307-be4e-fb6b345bf043
Agent 543c4dd3-9b79-40fc-8d4a-789da1778678: 
[DEAD] 
Agent ID: 543c4dd3-9b79-40fc-8d4a-789da1778678
Agent 5a6128d5-959d-4cc8-8f8d-526168fa6d9c: 
[DEAD] 
Agent ID: 5a6128d5-959d-4cc8-8f8d-526168fa6d9c
Agent 7444d030-2c1f-4cd1-badd-b21ee73a0f5e: 
[DEAD] 
Agent ID: 7444d030-2c1f-4cd1-badd-b21ee73a0f5e
Agent 7741cd04-3b95-48c9-8e4b-8455796677b6: 
[DEAD] 
Agent ID: 7741cd04-3b95-48c9-8e4b-8455796677b6
Agent 7b94be60-f80f-4a90-ae14-684f3a2c1841: 
[DEAD] 
Agent ID: 7b94be60-f80f-4a90-ae14-684f3a2c1841
Agent 91f9d03a-c392-4dfd-9515-a39e5d365fe4: 
[DEAD] 
Agent ID: 91f9d03a-c392-4dfd-9515-a39e5d365fe4
Agent 947cb58d-fd87-4646-9708-a249541a9008: 
[DEAD] 
Agent ID: 947cb58d-fd87-4646-9708-a249541a9008
Agent b51896a1-6eb8-4359-832f-f7d8f27383bf: 
[DEAD] 
Agent ID: b51896a1-6eb8-4359-832f-f7d8f27383bf
Agent c2d4bf9a-abe1-447e-bdc5-cc662a9873b8: 
[DEAD] 
Agent ID: c2d4bf9a-abe1-447e-bdc5-cc662a9873b8
Agent c8969791-6d29-4a98-aa23-c2b53630e7cb: 
[DEAD] 
Agent ID: c8969791-6d29-4a98-aa23-c2b53630e7cb
Agent d14211a5-b567-4f5e-81da-302f2080d9dc: 
[DEAD] 
Agent ID: d14211a5-b567-4f5e-81da-302f2080d9dc
Agent ddacb222-af45-4444-a99b-8093e0839a28: 
[DEAD] 
Agent ID: ddacb222-af45-4444-a99b-8093e0839a28
Agent ee4660c5-eb35-4768-89a8-d93b78d39e9d: 
[DEAD] 
Agent ID: ee4660c5-eb35-4768-89a8-d93b78d39e9d
Agent f4e43569-92e7-4b2b-8c42-0ca951284359: 
[DEAD] 
Agent ID: f4e43569-92e7-4b2b-8c42-0ca951284359

Iteration 2, Turn 0:

Iteration 2, Turn 0:
Agent 0cb61d61-24b2-4ea9-8459-89171edf3e1a: 
[DEAD] 
Agent ID: 0cb61d61-24b2-4ea9-8459-89171edf3e1a
Agent 1192c0c5-4c3e-45e1-87f2-0bb53876596a: 
[DEAD] 
Agent ID: 1192c0c5-4c3e-45e1-87f2-0bb53876596a
Agent 1382d94c-14bc-42dd-b0b1-f12239a464af: 
[DEAD] 
Agent ID: 1382d94c-14bc-42dd-b0b1-f12239a464af
Agent 244ef5ab-0108-4f15-94a2-da91d1c1b2b1: 
[DEAD] 
Agent ID: 244ef5ab-0108-4f15-94a2-da91d1c1b2b1
Agent 4817b3f9-27ce-479e-a0ae-ae43b181b519: 
[DEAD] 
Agent ID: 4817b3f9-27ce-479e-a0ae-ae43b181b519
Agent 503678be-a3b8-4307-be4e-fb6b345bf043: 
[DEAD] 
Agent ID: 503678be-a3b8-4307-be4e-fb6b345bf043
Agent 543c4dd3-9b79-40fc-8d4a-789da1778678: 
[DEAD] 
Agent ID: 543c4dd3-9b79-40fc-8d4a-789da1778678
Agent 5a6128d5-959d-4cc8-8f8d-526168fa6d9c: 
[DEAD] 
Agent ID: 5a6128d5-959d-4cc8-8f8d-526168fa6d9c
Agent 7444d030-2c1f-4cd1-badd-b21ee73a0f5e: 
[DEAD] 
Agent ID: 7444d030-2c1f-4cd1-badd-b21ee73a0f5e
Agent 7741cd04-3b95-48c9-8e4b-8455796677b6: 
[DEAD] 
Agent ID: 7741cd04-3b95-48c9-8e4b-8455796677b6
Agent 7b94be60-f80f-4a90-ae14-684f3a2c1841: 
[DEAD] 
Agent ID: 7b94be60-f80f-4a90-ae14-684f3a2c1841
Agent 91f9d03a-c392-4dfd-9515-a39e5d365fe4: 
[DEAD] 
Agent ID: 91f9d03a-c392-4dfd-9515-a39e5d365fe4
Agent 947cb58d-fd87-4646-9708-a249541a9008: 
[DEAD] 
Agent ID: 947cb58d-fd87-4646-9708-a249541a9008
Agent b51896a1-6eb8-4359-832f-f7d8f27383bf: 
[DEAD] 
Agent ID: b51896a1-6eb8-4359-832f-f7d8f27383bf
Agent c2d4bf9a-abe1-447e-bdc5-cc662a9873b8: 
[DEAD] 
Agent ID: c2d4bf9a-abe1-447e-bdc5-cc662a9873b8
Agent c8969791-6d29-4a98-aa23-c2b53630e7cb: 
[DEAD] 
Agent ID: c8969791-6d29-4a98-aa23-c2b53630e7cb
Agent d14211a5-b567-4f5e-81da-302f2080d9dc: 
[DEAD] 
Agent ID: d14211a5-b567-4f5e-81da-302f2080d9dc
Agent ddacb222-af45-4444-a99b-8093e0839a28: 
[DEAD] 
Agent ID: ddacb222-af45-4444-a99b-8093e0839a28
Agent ee4660c5-eb35-4768-89a8-d93b78d39e9d: 
[DEAD] 
Agent ID: ee4660c5-eb35-4768-89a8-d93b78d39e9d
Agent f4e43569-92e7-4b2b-8c42-0ca951284359: 
[DEAD] 
Agent ID: f4e43569-92e7-4b2b-8c42-0ca951284359

Iteration 2, Turn 1:
Agent 0cb61d61-24b2-4ea9-8459-89171edf3e1a: 
[DEAD] 
Agent ID: 0cb61d61-24b2-4ea9-8459-89171edf3e1a
Agent 1192c0c5-4c3e-45e1-87f2-0bb53876596a: 
[DEAD] 
Agent ID: 1192c0c5-4c3e-45e1-87f2-0bb53876596a
Agent 1382d94c-14bc-42dd-b0b1-f12239a464af: 
[DEAD] 
Agent ID: 1382d94c-14bc-42dd-b0b1-f12239a464af
Agent 244ef5ab-0108-4f15-94a2-da91d1c1b2b1: 
[DEAD] 
Agent ID: 244ef5ab-0108-4f15-94a2-da91d1c1b2b1
Agent 4817b3f9-27ce-479e-a0ae-ae43b181b519: 
[DEAD] 
Agent ID: 4817b3f9-27ce-479e-a0ae-ae43b181b519
Agent 503678be-a3b8-4307-be4e-fb6b345bf043: 
[DEAD] 
Agent ID: 503678be-a3b8-4307-be4e-fb6b345bf043
Agent 543c4dd3-9b79-40fc-8d4a-789da1778678: 
[DEAD] 
Agent ID: 543c4dd3-9b79-40fc-8d4a-789da1778678
Agent 5a6128d5-959d-4cc8-8f8d-526168fa6d9c: 
[DEAD] 
Agent ID: 5a6128d5-959d-4cc8-8f8d-526168fa6d9c
Agent 7444d030-2c1f-4cd1-badd-b21ee73a0f5e: 
[DEAD] 
Agent ID: 7444d030-2c1f-4cd1-badd-b21ee73a0f5e
Agent 7741cd04-3b95-48c9-8e4b-8455796677b6: 
[DEAD] 
Agent ID: 7741cd04-3b95-48c9-8e4b-8455796677b6
Agent 7b94be60-f80f-4a90-ae14-684f3a2c1841: 
[DEAD] 
Agent ID: 7b94be60-f80f-4a90-ae14-684f3a2c1841
Agent 91f9d03a-c392-4dfd-9515-a39e5d365fe4: 
[DEAD] 
Agent ID: 91f9d03a-c392-4dfd-9515-a39e5d365fe4
Agent 947cb58d-fd87-4646-9708-a249541a9008: 
[DEAD] 
Agent ID: 947cb58d-fd87-4646-9708-a249541a9008
Agent b51896a1-6eb8-4359-832f-f7d8f27383bf: 
[DEAD] 
Agent ID: b51896a1-6eb8-4359-832f-f7d8f27383bf
Agent c2d4bf9a-abe1-447e-bdc5-cc662a9873b8: 
[DEAD] 
Agent ID: c2d4bf9a-abe1-447e-bdc5-cc662a9873b8
Agent c8969791-6d29-4a98-aa23-c2b53630e7cb: 
[DEAD] 
Agent ID: c8969791-6d29-4a98-aa23-c2b53630e7cb
Agent d14211a5-b567-4f5e-81da-302f2080d9dc: 
[DEAD] 
Agent ID: d14211a5-b567-4f5e-81da-302f2080d9dc
Agent ddacb222-af45-4444-a99b-8093e0839a28: 
[DEAD] 
Agent ID: ddacb222-af45-4444-a99b-8093e0839a28
Agent ee4660c5-eb35-4768-89a8-d93b78d39e9d: 
[DEAD] 
Agent ID: ee4660c5-eb35-4768-89a8-d93b78d39e9d
Agent f4e43569-92e7-4b2b-8c42-0ca951284359: 
[DEAD] 
Agent ID: f4e43569-92e7-4b2b-8c42-0ca951284359

Iteration 2, Turn 2:
Agent 0cb61d61-24b2-4ea9-8459-89171edf3e1a: 
[DEAD] 
Agent ID: 0cb61d61-24b2-4ea9-8459-89171edf3e1a
Agent 1192c0c5-4c3e-45e1-87f2-0bb53876596a: 
[DEAD] 
Agent ID: 1192c0c5-4c3e-45e1-87f2-0bb53876596a
Agent 1382d94c-14bc-42dd-b0b1-f12239a464af: 
[DEAD] 
Agent ID: 1382d94c-14bc-42dd-b0b1-f12239a464af
Agent 244ef5ab-0108-4f15-94a2-da91d1c1b2b1: 
[DEAD] 
Agent ID: 244ef5ab-0108-4f15-94a2-da91d1c1b2b1
Agent 4817b3f9-27ce-479e-a0ae-ae43b181b519: 
[DEAD] 
Agent ID: 4817b3f9-27ce-479e-a0ae-ae43b181b519
Agent 503678be-a3b8-4307-be4e-fb6b345bf043: 
[DEAD] 
Agent ID: 503678be-a3b8-4307-be4e-fb6b345bf043
Agent 543c4dd3-9b79-40fc-8d4a-789da1778678: 
[DEAD] 
Agent ID: 543c4dd3-9b79-40fc-8d4a-789da1778678
Agent 5a6128d5-959d-4cc8-8f8d-526168fa6d9c: 
[DEAD] 
Agent ID: 5a6128d5-959d-4cc8-8f8d-526168fa6d9c
Agent 7444d030-2c1f-4cd1-badd-b21ee73a0f5e: 
[DEAD] 
Agent ID: 7444d030-2c1f-4cd1-badd-b21ee73a0f5e
Agent 7741cd04-3b95-48c9-8e4b-8455796677b6: 
[DEAD] 
Agent ID: 7741cd04-3b95-48c9-8e4b-8455796677b6
Agent 7b94be60-f80f-4a90-ae14-684f3a2c1841: 
[DEAD] 
Agent ID: 7b94be60-f80f-4a90-ae14-684f3a2c1841
Agent 91f9d03a-c392-4dfd-9515-a39e5d365fe4: 
[DEAD] 
Agent ID: 91f9d03a-c392-4dfd-9515-a39e5d365fe4
Agent 947cb58d-fd87-4646-9708-a249541a9008: 
[DEAD] 
Agent ID: 947cb58d-fd87-4646-9708-a249541a9008
Agent b51896a1-6eb8-4359-832f-f7d8f27383bf: 
[DEAD] 
Agent ID: b51896a1-6eb8-4359-832f-f7d8f27383bf
Agent c2d4bf9a-abe1-447e-bdc5-cc662a9873b8: 
[DEAD] 
Agent ID: c2d4bf9a-abe1-447e-bdc5-cc662a9873b8
Agent c8969791-6d29-4a98-aa23-c2b53630e7cb: 
[DEAD] 
Agent ID: c8969791-6d29-4a98-aa23-c2b53630e7cb
Agent d14211a5-b567-4f5e-81da-302f2080d9dc: 
[DEAD] 
Agent ID: d14211a5-b567-4f5e-81da-302f2080d9dc
Agent ddacb222-af45-4444-a99b-8093e0839a28: 
[DEAD] 
Agent ID: ddacb222-af45-4444-a99b-8093e0839a28
Agent ee4660c5-eb35-4768-89a8-d93b78d39e9d: 
[DEAD] 
Agent ID: ee4660c5-eb35-4768-89a8-d93b78d39e9d
Agent f4e43569-92e7-4b2b-8c42-0ca951284359: 
[DEAD] 
Agent ID: f4e43569-92e7-4b2b-8c42-0ca951284359

Iteration 2, Turn 3:
Agent 0cb61d61-24b2-4ea9-8459-89171edf3e1a: 
[DEAD] 
Agent ID: 0cb61d61-24b2-4ea9-8459-89171edf3e1a
Agent 1192c0c5-4c3e-45e1-87f2-0bb53876596a: 
[DEAD] 
Agent ID: 1192c0c5-4c3e-45e1-87f2-0bb53876596a
Agent 1382d94c-14bc-42dd-b0b1-f12239a464af: 
[DEAD] 
Agent ID: 1382d94c-14bc-42dd-b0b1-f12239a464af
Agent 244ef5ab-0108-4f15-94a2-da91d1c1b2b1: 
[DEAD] 
Agent ID: 244ef5ab-0108-4f15-94a2-da91d1c1b2b1
Agent 4817b3f9-27ce-479e-a0ae-ae43b181b519: 
[DEAD] 
Agent ID: 4817b3f9-27ce-479e-a0ae-ae43b181b519
Agent 503678be-a3b8-4307-be4e-fb6b345bf043: 
[DEAD] 
Agent ID: 503678be-a3b8-4307-be4e-fb6b345bf043
Agent 543c4dd3-9b79-40fc-8d4a-789da1778678: 
[DEAD] 
Agent ID: 543c4dd3-9b79-40fc-8d4a-789da1778678
Agent 5a6128d5-959d-4cc8-8f8d-526168fa6d9c: 
[DEAD] 
Agent ID: 5a6128d5-959d-4cc8-8f8d-526168fa6d9c
Agent 7444d030-2c1f-4cd1-badd-b21ee73a0f5e: 
[DEAD] 
Agent ID: 7444d030-2c1f-4cd1-badd-b21ee73a0f5e
Agent 7741cd04-3b95-48c9-8e4b-8455796677b6: 
[DEAD] 
Agent ID: 7741cd04-3b95-48c9-8e4b-8455796677b6
Agent 7b94be60-f80f-4a90-ae14-684f3a2c1841: 
[DEAD] 
Agent ID: 7b94be60-f80f-4a90-ae14-684f3a2c1841
Agent 91f9d03a-c392-4dfd-9515-a39e5d365fe4: 
[DEAD] 
Agent ID: 91f9d03a-c392-4dfd-9515-a39e5d365fe4
Agent 947cb58d-fd87-4646-9708-a249541a9008: 
[DEAD] 
Agent ID: 947cb58d-fd87-4646-9708-a249541a9008
Agent b51896a1-6eb8-4359-832f-f7d8f27383bf: 
[DEAD] 
Agent ID: b51896a1-6eb8-4359-832f-f7d8f27383bf
Agent c2d4bf9a-abe1-447e-bdc5-cc662a9873b8: 
[DEAD] 
Agent ID: c2d4bf9a-abe1-447e-bdc5-cc662a9873b8
Agent c8969791-6d29-4a98-aa23-c2b53630e7cb: 
[DEAD] 
Agent ID: c8969791-6d29-4a98-aa23-c2b53630e7cb
Agent d14211a5-b567-4f5e-81da-302f2080d9dc: 
[DEAD] 
Agent ID: d14211a5-b567-4f5e-81da-302f2080d9dc
Agent ddacb222-af45-4444-a99b-8093e0839a28: 
[DEAD] 
Agent ID: ddacb222-af45-4444-a99b-8093e0839a28
Agent ee4660c5-eb35-4768-89a8-d93b78d39e9d: 
[DEAD] 
Agent ID: ee4660c5-eb35-4768-89a8-d93b78d39e9d
Agent f4e43569-92e7-4b2b-8c42-0ca951284359: 
[DEAD] 
Agent ID: f4e43569-92e7-4b2b-8c42-0ca951284359

Iteration 2, Turn 4:
Agent 0cb61d61-24b2-4ea9-8459-89171edf3e1a: 
[DEAD] 
Agent ID: 0cb61d61-24b2-4ea9-8459-89171edf3e1a
Agent 1192c0c5-4c3e-45e1-87f2-0bb53876596a: 
[DEAD] 
Agent ID: 1192c0c5-4c3e-45e1-87f2-0bb53876596a
Agent 1382d94c-14bc-42dd-b0b1-f12239a464af: 
[DEAD] 
Agent ID: 1382d94c-14bc-42dd-b0b1-f12239a464af
Agent 244ef5ab-0108-4f15-94a2-da91d1c1b2b1: 
[DEAD] 
Agent ID: 244ef5ab-0108-4f15-94a2-da91d1c1b2b1
Agent 4817b3f9-27ce-479e-a0ae-ae43b181b519: 
[DEAD] 
Agent ID: 4817b3f9-27ce-479e-a0ae-ae43b181b519
Agent 503678be-a3b8-4307-be4e-fb6b345bf043: 
[DEAD] 
Agent ID: 503678be-a3b8-4307-be4e-fb6b345bf043
Agent 543c4dd3-9b79-40fc-8d4a-789da1778678: 
[DEAD] 
Agent ID: 543c4dd3-9b79-40fc-8d4a-789da1778678
Agent 5a6128d5-959d-4cc8-8f8d-526168fa6d9c: 
[DEAD] 
Agent ID: 5a6128d5-959d-4cc8-8f8d-526168fa6d9c
Agent 7444d030-2c1f-4cd1-badd-b21ee73a0f5e: 
[DEAD] 
Agent ID: 7444d030-2c1f-4cd1-badd-b21ee73a0f5e
Agent 7741cd04-3b95-48c9-8e4b-8455796677b6: 
[DEAD] 
Agent ID: 7741cd04-3b95-48c9-8e4b-8455796677b6
Agent 7b94be60-f80f-4a90-ae14-684f3a2c1841: 
[DEAD] 
Agent ID: 7b94be60-f80f-4a90-ae14-684f3a2c1841
Agent 91f9d03a-c392-4dfd-9515-a39e5d365fe4: 
[DEAD] 
Agent ID: 91f9d03a-c392-4dfd-9515-a39e5d365fe4
Agent 947cb58d-fd87-4646-9708-a249541a9008: 
[DEAD] 
Agent ID: 947cb58d-fd87-4646-9708-a249541a9008
Agent b51896a1-6eb8-4359-832f-f7d8f27383bf: 
[DEAD] 
Agent ID: b51896a1-6eb8-4359-832f-f7d8f27383bf
Agent c2d4bf9a-abe1-447e-bdc5-cc662a9873b8: 
[DEAD] 
Agent ID: c2d4bf9a-abe1-447e-bdc5-cc662a9873b8
Agent c8969791-6d29-4a98-aa23-c2b53630e7cb: 
[DEAD] 
Agent ID: c8969791-6d29-4a98-aa23-c2b53630e7cb
Agent d14211a5-b567-4f5e-81da-302f2080d9dc: 
[DEAD] 
Agent ID: d14211a5-b567-4f5e-81da-302f2080d9dc
Agent ddacb222-af45-4444-a99b-8093e0839a28: 
[DEAD] 
Agent ID: ddacb222-af45-4444-a99b-8093e0839a28
Agent ee4660c5-eb35-4768-89a8-d93b78d39e9d: 
[DEAD] 
Agent ID: ee4660c5-eb35-4768-89a8-d93b78d39e9d
Agent f4e43569-92e7-4b2b-8c42-0ca951284359: 
[DEAD] 
Agent ID: f4e43569-92e7-4b2b-8c42-0ca951284359
