main function started.
--------Start of iteration 0---------


Iteration 0, Turn 0, current agent count: 16


Iteration 0, Turn 1, current agent count: 16


Iteration 0, Turn 2, current agent count: 15


Iteration 0, Turn 3, current agent count: 12


Iteration 0, Turn 4, current agent count: 12
--------End of iteration 0---------
--------Start of iteration 1---------


Iteration 1, Turn 0, current agent count: 9


Iteration 1, Turn 1, current agent count: 6


Iteration 1, Turn 2, current agent count: 6


Iteration 1, Turn 3, current agent count: 5


Iteration 1, Turn 4, current agent count: 5
--------End of iteration 1---------
--------Start of iteration 2---------


Iteration 2, Turn 0, current agent count: 5


Iteration 2, Turn 1, current agent count: 5


Iteration 2, Turn 2, current agent count: 5


Iteration 2, Turn 3, current agent count: 4


Iteration 2, Turn 4, current agent count: 4
--------End of iteration 2---------


GamePlaybackSummary - playing 18 turn records

Iteration 0, Turn 0:

Iteration 0, Turn 0:
Agent 02971ae7-1405-48f2-98df-7f04785e37f7: 
Agent ID: 02971ae7-1405-48f2-98df-7f04785e37f7
Agent 1c2477fc-6087-4d3f-936e-23ed5a499759: 
Agent ID: 1c2477fc-6087-4d3f-936e-23ed5a499759
Agent 2219d63b-a09d-45fd-85df-a548dd72807d: 
Agent ID: 2219d63b-a09d-45fd-85df-a548dd72807d
Agent 44bab619-5dda-4eb1-ba9e-6448f447f2f4: 
Agent ID: 44bab619-5dda-4eb1-ba9e-6448f447f2f4
Agent 49858a9e-23ad-4f2a-b694-5a3ee7b92365: 
Agent ID: 49858a9e-23ad-4f2a-b694-5a3ee7b92365
Agent 551a8b2e-60cc-41ed-ae44-4e319cc40e9b: 
Agent ID: 551a8b2e-60cc-41ed-ae44-4e319cc40e9b
Agent 836b92ab-fdc5-45a5-a046-e9211e6493e1: 
Agent ID: 836b92ab-fdc5-45a5-a046-e9211e6493e1
Agent abf69045-7ac5-4f31-884c-114178ec621e: 
Agent ID: abf69045-7ac5-4f31-884c-114178ec621e
Agent ae02904a-9671-4202-8d7c-159e53a7cf63: 
Agent ID: ae02904a-9671-4202-8d7c-159e53a7cf63
Agent b2f2e453-22d6-494e-bc47-069fce7cda61: 
Agent ID: b2f2e453-22d6-494e-bc47-069fce7cda61
Agent cf647247-df64-4897-9ba3-cdd124b5c600: 
Agent ID: cf647247-df64-4897-9ba3-cdd124b5c600
Agent df1ad263-8dca-429a-9deb-8a6372057792: 
Agent ID: df1ad263-8dca-429a-9deb-8a6372057792
Agent e0d21899-56f0-4866-9e09-5d781ed6020b: 
Agent ID: e0d21899-56f0-4866-9e09-5d781ed6020b
Agent e94c6dbe-c6c0-4fd7-b9ce-cb0037ed1ef5: 
Agent ID: e94c6dbe-c6c0-4fd7-b9ce-cb0037ed1ef5
Agent ed9d254e-a21c-43dd-97e0-3ff662d513fc: 
Agent ID: ed9d254e-a21c-43dd-97e0-3ff662d513fc
Agent fa4c7346-0337-4fcc-8b28-441a4a7d5b80: 
Agent ID: fa4c7346-0337-4fcc-8b28-441a4a7d5b80

Iteration 0, Turn 1:
Agent 02971ae7-1405-48f2-98df-7f04785e37f7: 
Agent ID: 02971ae7-1405-48f2-98df-7f04785e37f7
Agent 1c2477fc-6087-4d3f-936e-23ed5a499759: 
Agent ID: 1c2477fc-6087-4d3f-936e-23ed5a499759
Agent 2219d63b-a09d-45fd-85df-a548dd72807d: 
Agent ID: 2219d63b-a09d-45fd-85df-a548dd72807d
Agent 44bab619-5dda-4eb1-ba9e-6448f447f2f4: 
Agent ID: 44bab619-5dda-4eb1-ba9e-6448f447f2f4
Agent 49858a9e-23ad-4f2a-b694-5a3ee7b92365: 
Agent ID: 49858a9e-23ad-4f2a-b694-5a3ee7b92365
Agent 551a8b2e-60cc-41ed-ae44-4e319cc40e9b: 
Agent ID: 551a8b2e-60cc-41ed-ae44-4e319cc40e9b
Agent 836b92ab-fdc5-45a5-a046-e9211e6493e1: 
Agent ID: 836b92ab-fdc5-45a5-a046-e9211e6493e1
Agent abf69045-7ac5-4f31-884c-114178ec621e: 
Agent ID: abf69045-7ac5-4f31-884c-114178ec621e
Agent b2f2e453-22d6-494e-bc47-069fce7cda61: 
Agent ID: b2f2e453-22d6-494e-bc47-069fce7cda61
Agent cf647247-df64-4897-9ba3-cdd124b5c600: 
Agent ID: cf647247-df64-4897-9ba3-cdd124b5c600
Agent df1ad263-8dca-429a-9deb-8a6372057792: 
Agent ID: df1ad263-8dca-429a-9deb-8a6372057792
Agent e0d21899-56f0-4866-9e09-5d781ed6020b: 
Agent ID: e0d21899-56f0-4866-9e09-5d781ed6020b
Agent e94c6dbe-c6c0-4fd7-b9ce-cb0037ed1ef5: 
Agent ID: e94c6dbe-c6c0-4fd7-b9ce-cb0037ed1ef5
Agent ed9d254e-a21c-43dd-97e0-3ff662d513fc: 
Agent ID: ed9d254e-a21c-43dd-97e0-3ff662d513fc
Agent fa4c7346-0337-4fcc-8b28-441a4a7d5b80: 
Agent ID: fa4c7346-0337-4fcc-8b28-441a4a7d5b80

Iteration 0, Turn 2:
Agent 02971ae7-1405-48f2-98df-7f04785e37f7: 
Agent ID: 02971ae7-1405-48f2-98df-7f04785e37f7
Agent 1c2477fc-6087-4d3f-936e-23ed5a499759: 
Agent ID: 1c2477fc-6087-4d3f-936e-23ed5a499759
Agent 2219d63b-a09d-45fd-85df-a548dd72807d: 
Agent ID: 2219d63b-a09d-45fd-85df-a548dd72807d
Agent 44bab619-5dda-4eb1-ba9e-6448f447f2f4: 
Agent ID: 44bab619-5dda-4eb1-ba9e-6448f447f2f4
Agent 49858a9e-23ad-4f2a-b694-5a3ee7b92365: 
Agent ID: 49858a9e-23ad-4f2a-b694-5a3ee7b92365
Agent 551a8b2e-60cc-41ed-ae44-4e319cc40e9b: 
Agent ID: 551a8b2e-60cc-41ed-ae44-4e319cc40e9b
Agent 836b92ab-fdc5-45a5-a046-e9211e6493e1: 
Agent ID: 836b92ab-fdc5-45a5-a046-e9211e6493e1
Agent abf69045-7ac5-4f31-884c-114178ec621e: 
Agent ID: abf69045-7ac5-4f31-884c-114178ec621e
Agent b2f2e453-22d6-494e-bc47-069fce7cda61: 
Agent ID: b2f2e453-22d6-494e-bc47-069fce7cda61
Agent cf647247-df64-4897-9ba3-cdd124b5c600: 
Agent ID: cf647247-df64-4897-9ba3-cdd124b5c600
Agent df1ad263-8dca-429a-9deb-8a6372057792: 
Agent ID: df1ad263-8dca-429a-9deb-8a6372057792
Agent ed9d254e-a21c-43dd-97e0-3ff662d513fc: 
Agent ID: ed9d254e-a21c-43dd-97e0-3ff662d513fc

Iteration 0, Turn 3:
Agent 02971ae7-1405-48f2-98df-7f04785e37f7: 
Agent ID: 02971ae7-1405-48f2-98df-7f04785e37f7
Agent 1c2477fc-6087-4d3f-936e-23ed5a499759: 
Agent ID: 1c2477fc-6087-4d3f-936e-23ed5a499759
Agent 2219d63b-a09d-45fd-85df-a548dd72807d: 
Agent ID: 2219d63b-a09d-45fd-85df-a548dd72807d
Agent 44bab619-5dda-4eb1-ba9e-6448f447f2f4: 
Agent ID: 44bab619-5dda-4eb1-ba9e-6448f447f2f4
Agent 49858a9e-23ad-4f2a-b694-5a3ee7b92365: 
Agent ID: 49858a9e-23ad-4f2a-b694-5a3ee7b92365
Agent 551a8b2e-60cc-41ed-ae44-4e319cc40e9b: 
Agent ID: 551a8b2e-60cc-41ed-ae44-4e319cc40e9b
Agent 836b92ab-fdc5-45a5-a046-e9211e6493e1: 
Agent ID: 836b92ab-fdc5-45a5-a046-e9211e6493e1
Agent abf69045-7ac5-4f31-884c-114178ec621e: 
Agent ID: abf69045-7ac5-4f31-884c-114178ec621e
Agent b2f2e453-22d6-494e-bc47-069fce7cda61: 
Agent ID: b2f2e453-22d6-494e-bc47-069fce7cda61
Agent cf647247-df64-4897-9ba3-cdd124b5c600: 
Agent ID: cf647247-df64-4897-9ba3-cdd124b5c600
Agent df1ad263-8dca-429a-9deb-8a6372057792: 
Agent ID: df1ad263-8dca-429a-9deb-8a6372057792
Agent ed9d254e-a21c-43dd-97e0-3ff662d513fc: 
Agent ID: ed9d254e-a21c-43dd-97e0-3ff662d513fc

Iteration 0, Turn 4:
Agent 02971ae7-1405-48f2-98df-7f04785e37f7: 
Agent ID: 02971ae7-1405-48f2-98df-7f04785e37f7
Agent 1c2477fc-6087-4d3f-936e-23ed5a499759: 
Agent ID: 1c2477fc-6087-4d3f-936e-23ed5a499759
Agent 2219d63b-a09d-45fd-85df-a548dd72807d: 
Agent ID: 2219d63b-a09d-45fd-85df-a548dd72807d
Agent 551a8b2e-60cc-41ed-ae44-4e319cc40e9b: 
Agent ID: 551a8b2e-60cc-41ed-ae44-4e319cc40e9b
Agent 836b92ab-fdc5-45a5-a046-e9211e6493e1: 
Agent ID: 836b92ab-fdc5-45a5-a046-e9211e6493e1
Agent abf69045-7ac5-4f31-884c-114178ec621e: 
Agent ID: abf69045-7ac5-4f31-884c-114178ec621e
Agent b2f2e453-22d6-494e-bc47-069fce7cda61: 
Agent ID: b2f2e453-22d6-494e-bc47-069fce7cda61
Agent df1ad263-8dca-429a-9deb-8a6372057792: 
Agent ID: df1ad263-8dca-429a-9deb-8a6372057792
Agent ed9d254e-a21c-43dd-97e0-3ff662d513fc: 
Agent ID: ed9d254e-a21c-43dd-97e0-3ff662d513fc

Iteration 1, Turn 0:

Iteration 1, Turn 0:
Agent 02971ae7-1405-48f2-98df-7f04785e37f7: 
Agent ID: 02971ae7-1405-48f2-98df-7f04785e37f7
Agent 2219d63b-a09d-45fd-85df-a548dd72807d: 
Agent ID: 2219d63b-a09d-45fd-85df-a548dd72807d
Agent 551a8b2e-60cc-41ed-ae44-4e319cc40e9b: 
Agent ID: 551a8b2e-60cc-41ed-ae44-4e319cc40e9b
Agent 836b92ab-fdc5-45a5-a046-e9211e6493e1: 
Agent ID: 836b92ab-fdc5-45a5-a046-e9211e6493e1
Agent b2f2e453-22d6-494e-bc47-069fce7cda61: 
Agent ID: b2f2e453-22d6-494e-bc47-069fce7cda61
Agent ed9d254e-a21c-43dd-97e0-3ff662d513fc: 
Agent ID: ed9d254e-a21c-43dd-97e0-3ff662d513fc

Iteration 1, Turn 1:
Agent 02971ae7-1405-48f2-98df-7f04785e37f7: 
Agent ID: 02971ae7-1405-48f2-98df-7f04785e37f7
Agent 2219d63b-a09d-45fd-85df-a548dd72807d: 
Agent ID: 2219d63b-a09d-45fd-85df-a548dd72807d
Agent 551a8b2e-60cc-41ed-ae44-4e319cc40e9b: 
Agent ID: 551a8b2e-60cc-41ed-ae44-4e319cc40e9b
Agent 836b92ab-fdc5-45a5-a046-e9211e6493e1: 
Agent ID: 836b92ab-fdc5-45a5-a046-e9211e6493e1
Agent b2f2e453-22d6-494e-bc47-069fce7cda61: 
Agent ID: b2f2e453-22d6-494e-bc47-069fce7cda61
Agent ed9d254e-a21c-43dd-97e0-3ff662d513fc: 
Agent ID: ed9d254e-a21c-43dd-97e0-3ff662d513fc

Iteration 1, Turn 2:
Agent 02971ae7-1405-48f2-98df-7f04785e37f7: 
Agent ID: 02971ae7-1405-48f2-98df-7f04785e37f7
Agent 2219d63b-a09d-45fd-85df-a548dd72807d: 
Agent ID: 2219d63b-a09d-45fd-85df-a548dd72807d
Agent 836b92ab-fdc5-45a5-a046-e9211e6493e1: 
Agent ID: 836b92ab-fdc5-45a5-a046-e9211e6493e1
Agent b2f2e453-22d6-494e-bc47-069fce7cda61: 
Agent ID: b2f2e453-22d6-494e-bc47-069fce7cda61
Agent ed9d254e-a21c-43dd-97e0-3ff662d513fc: 
Agent ID: ed9d254e-a21c-43dd-97e0-3ff662d513fc

Iteration 1, Turn 3:
Agent 02971ae7-1405-48f2-98df-7f04785e37f7: 
Agent ID: 02971ae7-1405-48f2-98df-7f04785e37f7
Agent 2219d63b-a09d-45fd-85df-a548dd72807d: 
Agent ID: 2219d63b-a09d-45fd-85df-a548dd72807d
Agent 836b92ab-fdc5-45a5-a046-e9211e6493e1: 
Agent ID: 836b92ab-fdc5-45a5-a046-e9211e6493e1
Agent b2f2e453-22d6-494e-bc47-069fce7cda61: 
Agent ID: b2f2e453-22d6-494e-bc47-069fce7cda61
Agent ed9d254e-a21c-43dd-97e0-3ff662d513fc: 
Agent ID: ed9d254e-a21c-43dd-97e0-3ff662d513fc

Iteration 1, Turn 4:
Agent 02971ae7-1405-48f2-98df-7f04785e37f7: 
Agent ID: 02971ae7-1405-48f2-98df-7f04785e37f7
Agent 2219d63b-a09d-45fd-85df-a548dd72807d: 
Agent ID: 2219d63b-a09d-45fd-85df-a548dd72807d
Agent 836b92ab-fdc5-45a5-a046-e9211e6493e1: 
Agent ID: 836b92ab-fdc5-45a5-a046-e9211e6493e1
Agent b2f2e453-22d6-494e-bc47-069fce7cda61: 
Agent ID: b2f2e453-22d6-494e-bc47-069fce7cda61
Agent ed9d254e-a21c-43dd-97e0-3ff662d513fc: 
Agent ID: ed9d254e-a21c-43dd-97e0-3ff662d513fc

Iteration 2, Turn 0:

Iteration 2, Turn 0:
Agent 02971ae7-1405-48f2-98df-7f04785e37f7: 
Agent ID: 02971ae7-1405-48f2-98df-7f04785e37f7
Agent 2219d63b-a09d-45fd-85df-a548dd72807d: 
Agent ID: 2219d63b-a09d-45fd-85df-a548dd72807d
Agent 836b92ab-fdc5-45a5-a046-e9211e6493e1: 
Agent ID: 836b92ab-fdc5-45a5-a046-e9211e6493e1
Agent b2f2e453-22d6-494e-bc47-069fce7cda61: 
Agent ID: b2f2e453-22d6-494e-bc47-069fce7cda61
Agent ed9d254e-a21c-43dd-97e0-3ff662d513fc: 
Agent ID: ed9d254e-a21c-43dd-97e0-3ff662d513fc

Iteration 2, Turn 1:
Agent 02971ae7-1405-48f2-98df-7f04785e37f7: 
Agent ID: 02971ae7-1405-48f2-98df-7f04785e37f7
Agent 2219d63b-a09d-45fd-85df-a548dd72807d: 
Agent ID: 2219d63b-a09d-45fd-85df-a548dd72807d
Agent 836b92ab-fdc5-45a5-a046-e9211e6493e1: 
Agent ID: 836b92ab-fdc5-45a5-a046-e9211e6493e1
Agent b2f2e453-22d6-494e-bc47-069fce7cda61: 
Agent ID: b2f2e453-22d6-494e-bc47-069fce7cda61
Agent ed9d254e-a21c-43dd-97e0-3ff662d513fc: 
Agent ID: ed9d254e-a21c-43dd-97e0-3ff662d513fc

Iteration 2, Turn 2:
Agent 02971ae7-1405-48f2-98df-7f04785e37f7: 
Agent ID: 02971ae7-1405-48f2-98df-7f04785e37f7
Agent 2219d63b-a09d-45fd-85df-a548dd72807d: 
Agent ID: 2219d63b-a09d-45fd-85df-a548dd72807d
Agent 836b92ab-fdc5-45a5-a046-e9211e6493e1: 
Agent ID: 836b92ab-fdc5-45a5-a046-e9211e6493e1
Agent ed9d254e-a21c-43dd-97e0-3ff662d513fc: 
Agent ID: ed9d254e-a21c-43dd-97e0-3ff662d513fc

Iteration 2, Turn 3:
Agent 02971ae7-1405-48f2-98df-7f04785e37f7: 
Agent ID: 02971ae7-1405-48f2-98df-7f04785e37f7
Agent 2219d63b-a09d-45fd-85df-a548dd72807d: 
Agent ID: 2219d63b-a09d-45fd-85df-a548dd72807d
Agent 836b92ab-fdc5-45a5-a046-e9211e6493e1: 
Agent ID: 836b92ab-fdc5-45a5-a046-e9211e6493e1
Agent ed9d254e-a21c-43dd-97e0-3ff662d513fc: 
Agent ID: ed9d254e-a21c-43dd-97e0-3ff662d513fc

Iteration 2, Turn 4:
Agent 02971ae7-1405-48f2-98df-7f04785e37f7: 
Agent ID: 02971ae7-1405-48f2-98df-7f04785e37f7
Agent 2219d63b-a09d-45fd-85df-a548dd72807d: 
Agent ID: 2219d63b-a09d-45fd-85df-a548dd72807d
Agent 836b92ab-fdc5-45a5-a046-e9211e6493e1: 
Agent ID: 836b92ab-fdc5-45a5-a046-e9211e6493e1
