main function started.
--------Start of iteration 0---------


Iteration 0, Turn 0, current agent count: 10


Iteration 0, Turn 1, current agent count: 10


Iteration 0, Turn 2, current agent count: 10


Iteration 0, Turn 3, current agent count: 10


Iteration 0, Turn 4, current agent count: 10
--------End of iteration 0---------
--------Start of iteration 1---------


Iteration 1, Turn 0, current agent count: 10


Iteration 1, Turn 1, current agent count: 10


Iteration 1, Turn 2, current agent count: 10


Iteration 1, Turn 3, current agent count: 10


Iteration 1, Turn 4, current agent count: 10
--------End of iteration 1---------
--------Start of iteration 2---------


Iteration 2, Turn 0, current agent count: 10


Iteration 2, Turn 1, current agent count: 10


Iteration 2, Turn 2, current agent count: 10


Iteration 2, Turn 3, current agent count: 10


Iteration 2, Turn 4, current agent count: 10
--------End of iteration 2---------


GamePlaybackSummary - playing 18 turn records

Iteration 0, Turn 0:

Iteration 0, Turn 0:
Agent 1d7326fe-7720-460f-9205-ee5177f0b122: 
Agent ID: 1d7326fe-7720-460f-9205-ee5177f0b122
Agent 1e538f61-e21f-41e1-b98b-eab41bade913: 
Agent ID: 1e538f61-e21f-41e1-b98b-eab41bade913
Agent 334df950-c8d2-429d-8767-84f0ab77929d: 
Agent ID: 334df950-c8d2-429d-8767-84f0ab77929d
Agent 369fe497-5dfe-4fc7-abf9-24b25d03adb6: 
Agent ID: 369fe497-5dfe-4fc7-abf9-24b25d03adb6
Agent 3940018e-455b-49d2-8116-85f2480444df: 
Agent ID: 3940018e-455b-49d2-8116-85f2480444df
Agent 41557fad-4361-4739-9e5f-af64ea87feb8: 
Agent ID: 41557fad-4361-4739-9e5f-af64ea87feb8
Agent 4dc21d9a-9568-4bac-9fcd-e736faad602d: 
Agent ID: 4dc21d9a-9568-4bac-9fcd-e736faad602d
Agent 6bd0db7a-0bf0-4fda-ba1f-5f62dbf789d7: 
Agent ID: 6bd0db7a-0bf0-4fda-ba1f-5f62dbf789d7
Agent 8742898d-f9d5-4fd7-95b6-8885f4c49933: 
Agent ID: 8742898d-f9d5-4fd7-95b6-8885f4c49933
Agent b59ff009-6063-4bfd-8222-df629608da9e: 
Agent ID: b59ff009-6063-4bfd-8222-df629608da9e

Iteration 0, Turn 1:
Agent 1d7326fe-7720-460f-9205-ee5177f0b122: 
[DEAD] 
Agent ID: 1d7326fe-7720-460f-9205-ee5177f0b122
Agent 1e538f61-e21f-41e1-b98b-eab41bade913: 
[DEAD] 
Agent ID: 1e538f61-e21f-41e1-b98b-eab41bade913
Agent 334df950-c8d2-429d-8767-84f0ab77929d: 
[DEAD] 
Agent ID: 334df950-c8d2-429d-8767-84f0ab77929d
Agent 369fe497-5dfe-4fc7-abf9-24b25d03adb6: 
[DEAD] 
Agent ID: 369fe497-5dfe-4fc7-abf9-24b25d03adb6
Agent 3940018e-455b-49d2-8116-85f2480444df: 
[DEAD] 
Agent ID: 3940018e-455b-49d2-8116-85f2480444df
Agent 41557fad-4361-4739-9e5f-af64ea87feb8: 
[DEAD] 
Agent ID: 41557fad-4361-4739-9e5f-af64ea87feb8
Agent 4dc21d9a-9568-4bac-9fcd-e736faad602d: 
[DEAD] 
Agent ID: 4dc21d9a-9568-4bac-9fcd-e736faad602d
Agent 6bd0db7a-0bf0-4fda-ba1f-5f62dbf789d7: 
[DEAD] 
Agent ID: 6bd0db7a-0bf0-4fda-ba1f-5f62dbf789d7
Agent 8742898d-f9d5-4fd7-95b6-8885f4c49933: 
[DEAD] 
Agent ID: 8742898d-f9d5-4fd7-95b6-8885f4c49933
Agent b59ff009-6063-4bfd-8222-df629608da9e: 
[DEAD] 
Agent ID: b59ff009-6063-4bfd-8222-df629608da9e

Iteration 0, Turn 2:
Agent 1d7326fe-7720-460f-9205-ee5177f0b122: 
[DEAD] 
Agent ID: 1d7326fe-7720-460f-9205-ee5177f0b122
Agent 1e538f61-e21f-41e1-b98b-eab41bade913: 
[DEAD] 
Agent ID: 1e538f61-e21f-41e1-b98b-eab41bade913
Agent 334df950-c8d2-429d-8767-84f0ab77929d: 
[DEAD] 
Agent ID: 334df950-c8d2-429d-8767-84f0ab77929d
Agent 369fe497-5dfe-4fc7-abf9-24b25d03adb6: 
[DEAD] 
Agent ID: 369fe497-5dfe-4fc7-abf9-24b25d03adb6
Agent 3940018e-455b-49d2-8116-85f2480444df: 
[DEAD] 
Agent ID: 3940018e-455b-49d2-8116-85f2480444df
Agent 41557fad-4361-4739-9e5f-af64ea87feb8: 
[DEAD] 
Agent ID: 41557fad-4361-4739-9e5f-af64ea87feb8
Agent 4dc21d9a-9568-4bac-9fcd-e736faad602d: 
[DEAD] 
Agent ID: 4dc21d9a-9568-4bac-9fcd-e736faad602d
Agent 6bd0db7a-0bf0-4fda-ba1f-5f62dbf789d7: 
[DEAD] 
Agent ID: 6bd0db7a-0bf0-4fda-ba1f-5f62dbf789d7
Agent 8742898d-f9d5-4fd7-95b6-8885f4c49933: 
[DEAD] 
Agent ID: 8742898d-f9d5-4fd7-95b6-8885f4c49933
Agent b59ff009-6063-4bfd-8222-df629608da9e: 
[DEAD] 
Agent ID: b59ff009-6063-4bfd-8222-df629608da9e

Iteration 0, Turn 3:
Agent 1d7326fe-7720-460f-9205-ee5177f0b122: 
[DEAD] 
Agent ID: 1d7326fe-7720-460f-9205-ee5177f0b122
Agent 1e538f61-e21f-41e1-b98b-eab41bade913: 
[DEAD] 
Agent ID: 1e538f61-e21f-41e1-b98b-eab41bade913
Agent 334df950-c8d2-429d-8767-84f0ab77929d: 
[DEAD] 
Agent ID: 334df950-c8d2-429d-8767-84f0ab77929d
Agent 369fe497-5dfe-4fc7-abf9-24b25d03adb6: 
[DEAD] 
Agent ID: 369fe497-5dfe-4fc7-abf9-24b25d03adb6
Agent 3940018e-455b-49d2-8116-85f2480444df: 
[DEAD] 
Agent ID: 3940018e-455b-49d2-8116-85f2480444df
Agent 41557fad-4361-4739-9e5f-af64ea87feb8: 
[DEAD] 
Agent ID: 41557fad-4361-4739-9e5f-af64ea87feb8
Agent 4dc21d9a-9568-4bac-9fcd-e736faad602d: 
[DEAD] 
Agent ID: 4dc21d9a-9568-4bac-9fcd-e736faad602d
Agent 6bd0db7a-0bf0-4fda-ba1f-5f62dbf789d7: 
[DEAD] 
Agent ID: 6bd0db7a-0bf0-4fda-ba1f-5f62dbf789d7
Agent 8742898d-f9d5-4fd7-95b6-8885f4c49933: 
[DEAD] 
Agent ID: 8742898d-f9d5-4fd7-95b6-8885f4c49933
Agent b59ff009-6063-4bfd-8222-df629608da9e: 
[DEAD] 
Agent ID: b59ff009-6063-4bfd-8222-df629608da9e

Iteration 0, Turn 4:
Agent 1d7326fe-7720-460f-9205-ee5177f0b122: 
[DEAD] 
Agent ID: 1d7326fe-7720-460f-9205-ee5177f0b122
Agent 1e538f61-e21f-41e1-b98b-eab41bade913: 
[DEAD] 
Agent ID: 1e538f61-e21f-41e1-b98b-eab41bade913
Agent 334df950-c8d2-429d-8767-84f0ab77929d: 
[DEAD] 
Agent ID: 334df950-c8d2-429d-8767-84f0ab77929d
Agent 369fe497-5dfe-4fc7-abf9-24b25d03adb6: 
[DEAD] 
Agent ID: 369fe497-5dfe-4fc7-abf9-24b25d03adb6
Agent 3940018e-455b-49d2-8116-85f2480444df: 
[DEAD] 
Agent ID: 3940018e-455b-49d2-8116-85f2480444df
Agent 41557fad-4361-4739-9e5f-af64ea87feb8: 
[DEAD] 
Agent ID: 41557fad-4361-4739-9e5f-af64ea87feb8
Agent 4dc21d9a-9568-4bac-9fcd-e736faad602d: 
[DEAD] 
Agent ID: 4dc21d9a-9568-4bac-9fcd-e736faad602d
Agent 6bd0db7a-0bf0-4fda-ba1f-5f62dbf789d7: 
[DEAD] 
Agent ID: 6bd0db7a-0bf0-4fda-ba1f-5f62dbf789d7
Agent 8742898d-f9d5-4fd7-95b6-8885f4c49933: 
[DEAD] 
Agent ID: 8742898d-f9d5-4fd7-95b6-8885f4c49933
Agent b59ff009-6063-4bfd-8222-df629608da9e: 
[DEAD] 
Agent ID: b59ff009-6063-4bfd-8222-df629608da9e

Iteration 1, Turn 0:

Iteration 1, Turn 0:
Agent 1d7326fe-7720-460f-9205-ee5177f0b122: 
[DEAD] 
Agent ID: 1d7326fe-7720-460f-9205-ee5177f0b122
Agent 1e538f61-e21f-41e1-b98b-eab41bade913: 
[DEAD] 
Agent ID: 1e538f61-e21f-41e1-b98b-eab41bade913
Agent 334df950-c8d2-429d-8767-84f0ab77929d: 
[DEAD] 
Agent ID: 334df950-c8d2-429d-8767-84f0ab77929d
Agent 369fe497-5dfe-4fc7-abf9-24b25d03adb6: 
[DEAD] 
Agent ID: 369fe497-5dfe-4fc7-abf9-24b25d03adb6
Agent 3940018e-455b-49d2-8116-85f2480444df: 
[DEAD] 
Agent ID: 3940018e-455b-49d2-8116-85f2480444df
Agent 41557fad-4361-4739-9e5f-af64ea87feb8: 
[DEAD] 
Agent ID: 41557fad-4361-4739-9e5f-af64ea87feb8
Agent 4dc21d9a-9568-4bac-9fcd-e736faad602d: 
[DEAD] 
Agent ID: 4dc21d9a-9568-4bac-9fcd-e736faad602d
Agent 6bd0db7a-0bf0-4fda-ba1f-5f62dbf789d7: 
[DEAD] 
Agent ID: 6bd0db7a-0bf0-4fda-ba1f-5f62dbf789d7
Agent 8742898d-f9d5-4fd7-95b6-8885f4c49933: 
[DEAD] 
Agent ID: 8742898d-f9d5-4fd7-95b6-8885f4c49933
Agent b59ff009-6063-4bfd-8222-df629608da9e: 
[DEAD] 
Agent ID: b59ff009-6063-4bfd-8222-df629608da9e

Iteration 1, Turn 1:
Agent 1d7326fe-7720-460f-9205-ee5177f0b122: 
[DEAD] 
Agent ID: 1d7326fe-7720-460f-9205-ee5177f0b122
Agent 1e538f61-e21f-41e1-b98b-eab41bade913: 
[DEAD] 
Agent ID: 1e538f61-e21f-41e1-b98b-eab41bade913
Agent 334df950-c8d2-429d-8767-84f0ab77929d: 
[DEAD] 
Agent ID: 334df950-c8d2-429d-8767-84f0ab77929d
Agent 369fe497-5dfe-4fc7-abf9-24b25d03adb6: 
[DEAD] 
Agent ID: 369fe497-5dfe-4fc7-abf9-24b25d03adb6
Agent 3940018e-455b-49d2-8116-85f2480444df: 
[DEAD] 
Agent ID: 3940018e-455b-49d2-8116-85f2480444df
Agent 41557fad-4361-4739-9e5f-af64ea87feb8: 
[DEAD] 
Agent ID: 41557fad-4361-4739-9e5f-af64ea87feb8
Agent 4dc21d9a-9568-4bac-9fcd-e736faad602d: 
[DEAD] 
Agent ID: 4dc21d9a-9568-4bac-9fcd-e736faad602d
Agent 6bd0db7a-0bf0-4fda-ba1f-5f62dbf789d7: 
[DEAD] 
Agent ID: 6bd0db7a-0bf0-4fda-ba1f-5f62dbf789d7
Agent 8742898d-f9d5-4fd7-95b6-8885f4c49933: 
[DEAD] 
Agent ID: 8742898d-f9d5-4fd7-95b6-8885f4c49933
Agent b59ff009-6063-4bfd-8222-df629608da9e: 
[DEAD] 
Agent ID: b59ff009-6063-4bfd-8222-df629608da9e

Iteration 1, Turn 2:
Agent 1d7326fe-7720-460f-9205-ee5177f0b122: 
[DEAD] 
Agent ID: 1d7326fe-7720-460f-9205-ee5177f0b122
Agent 1e538f61-e21f-41e1-b98b-eab41bade913: 
[DEAD] 
Agent ID: 1e538f61-e21f-41e1-b98b-eab41bade913
Agent 334df950-c8d2-429d-8767-84f0ab77929d: 
[DEAD] 
Agent ID: 334df950-c8d2-429d-8767-84f0ab77929d
Agent 369fe497-5dfe-4fc7-abf9-24b25d03adb6: 
[DEAD] 
Agent ID: 369fe497-5dfe-4fc7-abf9-24b25d03adb6
Agent 3940018e-455b-49d2-8116-85f2480444df: 
[DEAD] 
Agent ID: 3940018e-455b-49d2-8116-85f2480444df
Agent 41557fad-4361-4739-9e5f-af64ea87feb8: 
[DEAD] 
Agent ID: 41557fad-4361-4739-9e5f-af64ea87feb8
Agent 4dc21d9a-9568-4bac-9fcd-e736faad602d: 
[DEAD] 
Agent ID: 4dc21d9a-9568-4bac-9fcd-e736faad602d
Agent 6bd0db7a-0bf0-4fda-ba1f-5f62dbf789d7: 
[DEAD] 
Agent ID: 6bd0db7a-0bf0-4fda-ba1f-5f62dbf789d7
Agent 8742898d-f9d5-4fd7-95b6-8885f4c49933: 
[DEAD] 
Agent ID: 8742898d-f9d5-4fd7-95b6-8885f4c49933
Agent b59ff009-6063-4bfd-8222-df629608da9e: 
[DEAD] 
Agent ID: b59ff009-6063-4bfd-8222-df629608da9e

Iteration 1, Turn 3:
Agent 1d7326fe-7720-460f-9205-ee5177f0b122: 
[DEAD] 
Agent ID: 1d7326fe-7720-460f-9205-ee5177f0b122
Agent 1e538f61-e21f-41e1-b98b-eab41bade913: 
[DEAD] 
Agent ID: 1e538f61-e21f-41e1-b98b-eab41bade913
Agent 334df950-c8d2-429d-8767-84f0ab77929d: 
[DEAD] 
Agent ID: 334df950-c8d2-429d-8767-84f0ab77929d
Agent 369fe497-5dfe-4fc7-abf9-24b25d03adb6: 
[DEAD] 
Agent ID: 369fe497-5dfe-4fc7-abf9-24b25d03adb6
Agent 3940018e-455b-49d2-8116-85f2480444df: 
[DEAD] 
Agent ID: 3940018e-455b-49d2-8116-85f2480444df
Agent 41557fad-4361-4739-9e5f-af64ea87feb8: 
[DEAD] 
Agent ID: 41557fad-4361-4739-9e5f-af64ea87feb8
Agent 4dc21d9a-9568-4bac-9fcd-e736faad602d: 
[DEAD] 
Agent ID: 4dc21d9a-9568-4bac-9fcd-e736faad602d
Agent 6bd0db7a-0bf0-4fda-ba1f-5f62dbf789d7: 
[DEAD] 
Agent ID: 6bd0db7a-0bf0-4fda-ba1f-5f62dbf789d7
Agent 8742898d-f9d5-4fd7-95b6-8885f4c49933: 
[DEAD] 
Agent ID: 8742898d-f9d5-4fd7-95b6-8885f4c49933
Agent b59ff009-6063-4bfd-8222-df629608da9e: 
[DEAD] 
Agent ID: b59ff009-6063-4bfd-8222-df629608da9e

Iteration 1, Turn 4:
Agent 1d7326fe-7720-460f-9205-ee5177f0b122: 
[DEAD] 
Agent ID: 1d7326fe-7720-460f-9205-ee5177f0b122
Agent 1e538f61-e21f-41e1-b98b-eab41bade913: 
[DEAD] 
Agent ID: 1e538f61-e21f-41e1-b98b-eab41bade913
Agent 334df950-c8d2-429d-8767-84f0ab77929d: 
[DEAD] 
Agent ID: 334df950-c8d2-429d-8767-84f0ab77929d
Agent 369fe497-5dfe-4fc7-abf9-24b25d03adb6: 
[DEAD] 
Agent ID: 369fe497-5dfe-4fc7-abf9-24b25d03adb6
Agent 3940018e-455b-49d2-8116-85f2480444df: 
[DEAD] 
Agent ID: 3940018e-455b-49d2-8116-85f2480444df
Agent 41557fad-4361-4739-9e5f-af64ea87feb8: 
[DEAD] 
Agent ID: 41557fad-4361-4739-9e5f-af64ea87feb8
Agent 4dc21d9a-9568-4bac-9fcd-e736faad602d: 
[DEAD] 
Agent ID: 4dc21d9a-9568-4bac-9fcd-e736faad602d
Agent 6bd0db7a-0bf0-4fda-ba1f-5f62dbf789d7: 
[DEAD] 
Agent ID: 6bd0db7a-0bf0-4fda-ba1f-5f62dbf789d7
Agent 8742898d-f9d5-4fd7-95b6-8885f4c49933: 
[DEAD] 
Agent ID: 8742898d-f9d5-4fd7-95b6-8885f4c49933
Agent b59ff009-6063-4bfd-8222-df629608da9e: 
[DEAD] 
Agent ID: b59ff009-6063-4bfd-8222-df629608da9e

Iteration 2, Turn 0:

Iteration 2, Turn 0:
Agent 1d7326fe-7720-460f-9205-ee5177f0b122: 
[DEAD] 
Agent ID: 1d7326fe-7720-460f-9205-ee5177f0b122
Agent 1e538f61-e21f-41e1-b98b-eab41bade913: 
[DEAD] 
Agent ID: 1e538f61-e21f-41e1-b98b-eab41bade913
Agent 334df950-c8d2-429d-8767-84f0ab77929d: 
[DEAD] 
Agent ID: 334df950-c8d2-429d-8767-84f0ab77929d
Agent 369fe497-5dfe-4fc7-abf9-24b25d03adb6: 
[DEAD] 
Agent ID: 369fe497-5dfe-4fc7-abf9-24b25d03adb6
Agent 3940018e-455b-49d2-8116-85f2480444df: 
[DEAD] 
Agent ID: 3940018e-455b-49d2-8116-85f2480444df
Agent 41557fad-4361-4739-9e5f-af64ea87feb8: 
[DEAD] 
Agent ID: 41557fad-4361-4739-9e5f-af64ea87feb8
Agent 4dc21d9a-9568-4bac-9fcd-e736faad602d: 
[DEAD] 
Agent ID: 4dc21d9a-9568-4bac-9fcd-e736faad602d
Agent 6bd0db7a-0bf0-4fda-ba1f-5f62dbf789d7: 
[DEAD] 
Agent ID: 6bd0db7a-0bf0-4fda-ba1f-5f62dbf789d7
Agent 8742898d-f9d5-4fd7-95b6-8885f4c49933: 
[DEAD] 
Agent ID: 8742898d-f9d5-4fd7-95b6-8885f4c49933
Agent b59ff009-6063-4bfd-8222-df629608da9e: 
[DEAD] 
Agent ID: b59ff009-6063-4bfd-8222-df629608da9e

Iteration 2, Turn 1:
Agent 1d7326fe-7720-460f-9205-ee5177f0b122: 
[DEAD] 
Agent ID: 1d7326fe-7720-460f-9205-ee5177f0b122
Agent 1e538f61-e21f-41e1-b98b-eab41bade913: 
[DEAD] 
Agent ID: 1e538f61-e21f-41e1-b98b-eab41bade913
Agent 334df950-c8d2-429d-8767-84f0ab77929d: 
[DEAD] 
Agent ID: 334df950-c8d2-429d-8767-84f0ab77929d
Agent 369fe497-5dfe-4fc7-abf9-24b25d03adb6: 
[DEAD] 
Agent ID: 369fe497-5dfe-4fc7-abf9-24b25d03adb6
Agent 3940018e-455b-49d2-8116-85f2480444df: 
[DEAD] 
Agent ID: 3940018e-455b-49d2-8116-85f2480444df
Agent 41557fad-4361-4739-9e5f-af64ea87feb8: 
[DEAD] 
Agent ID: 41557fad-4361-4739-9e5f-af64ea87feb8
Agent 4dc21d9a-9568-4bac-9fcd-e736faad602d: 
[DEAD] 
Agent ID: 4dc21d9a-9568-4bac-9fcd-e736faad602d
Agent 6bd0db7a-0bf0-4fda-ba1f-5f62dbf789d7: 
[DEAD] 
Agent ID: 6bd0db7a-0bf0-4fda-ba1f-5f62dbf789d7
Agent 8742898d-f9d5-4fd7-95b6-8885f4c49933: 
[DEAD] 
Agent ID: 8742898d-f9d5-4fd7-95b6-8885f4c49933
Agent b59ff009-6063-4bfd-8222-df629608da9e: 
[DEAD] 
Agent ID: b59ff009-6063-4bfd-8222-df629608da9e

Iteration 2, Turn 2:
Agent 1d7326fe-7720-460f-9205-ee5177f0b122: 
[DEAD] 
Agent ID: 1d7326fe-7720-460f-9205-ee5177f0b122
Agent 1e538f61-e21f-41e1-b98b-eab41bade913: 
[DEAD] 
Agent ID: 1e538f61-e21f-41e1-b98b-eab41bade913
Agent 334df950-c8d2-429d-8767-84f0ab77929d: 
[DEAD] 
Agent ID: 334df950-c8d2-429d-8767-84f0ab77929d
Agent 369fe497-5dfe-4fc7-abf9-24b25d03adb6: 
[DEAD] 
Agent ID: 369fe497-5dfe-4fc7-abf9-24b25d03adb6
Agent 3940018e-455b-49d2-8116-85f2480444df: 
[DEAD] 
Agent ID: 3940018e-455b-49d2-8116-85f2480444df
Agent 41557fad-4361-4739-9e5f-af64ea87feb8: 
[DEAD] 
Agent ID: 41557fad-4361-4739-9e5f-af64ea87feb8
Agent 4dc21d9a-9568-4bac-9fcd-e736faad602d: 
[DEAD] 
Agent ID: 4dc21d9a-9568-4bac-9fcd-e736faad602d
Agent 6bd0db7a-0bf0-4fda-ba1f-5f62dbf789d7: 
[DEAD] 
Agent ID: 6bd0db7a-0bf0-4fda-ba1f-5f62dbf789d7
Agent 8742898d-f9d5-4fd7-95b6-8885f4c49933: 
[DEAD] 
Agent ID: 8742898d-f9d5-4fd7-95b6-8885f4c49933
Agent b59ff009-6063-4bfd-8222-df629608da9e: 
[DEAD] 
Agent ID: b59ff009-6063-4bfd-8222-df629608da9e

Iteration 2, Turn 3:
Agent 1d7326fe-7720-460f-9205-ee5177f0b122: 
[DEAD] 
Agent ID: 1d7326fe-7720-460f-9205-ee5177f0b122
Agent 1e538f61-e21f-41e1-b98b-eab41bade913: 
[DEAD] 
Agent ID: 1e538f61-e21f-41e1-b98b-eab41bade913
Agent 334df950-c8d2-429d-8767-84f0ab77929d: 
[DEAD] 
Agent ID: 334df950-c8d2-429d-8767-84f0ab77929d
Agent 369fe497-5dfe-4fc7-abf9-24b25d03adb6: 
[DEAD] 
Agent ID: 369fe497-5dfe-4fc7-abf9-24b25d03adb6
Agent 3940018e-455b-49d2-8116-85f2480444df: 
[DEAD] 
Agent ID: 3940018e-455b-49d2-8116-85f2480444df
Agent 41557fad-4361-4739-9e5f-af64ea87feb8: 
[DEAD] 
Agent ID: 41557fad-4361-4739-9e5f-af64ea87feb8
Agent 4dc21d9a-9568-4bac-9fcd-e736faad602d: 
[DEAD] 
Agent ID: 4dc21d9a-9568-4bac-9fcd-e736faad602d
Agent 6bd0db7a-0bf0-4fda-ba1f-5f62dbf789d7: 
[DEAD] 
Agent ID: 6bd0db7a-0bf0-4fda-ba1f-5f62dbf789d7
Agent 8742898d-f9d5-4fd7-95b6-8885f4c49933: 
[DEAD] 
Agent ID: 8742898d-f9d5-4fd7-95b6-8885f4c49933
Agent b59ff009-6063-4bfd-8222-df629608da9e: 
[DEAD] 
Agent ID: b59ff009-6063-4bfd-8222-df629608da9e

Iteration 2, Turn 4:
Agent 1d7326fe-7720-460f-9205-ee5177f0b122: 
[DEAD] 
Agent ID: 1d7326fe-7720-460f-9205-ee5177f0b122
Agent 1e538f61-e21f-41e1-b98b-eab41bade913: 
[DEAD] 
Agent ID: 1e538f61-e21f-41e1-b98b-eab41bade913
Agent 334df950-c8d2-429d-8767-84f0ab77929d: 
[DEAD] 
Agent ID: 334df950-c8d2-429d-8767-84f0ab77929d
Agent 369fe497-5dfe-4fc7-abf9-24b25d03adb6: 
[DEAD] 
Agent ID: 369fe497-5dfe-4fc7-abf9-24b25d03adb6
Agent 3940018e-455b-49d2-8116-85f2480444df: 
[DEAD] 
Agent ID: 3940018e-455b-49d2-8116-85f2480444df
Agent 41557fad-4361-4739-9e5f-af64ea87feb8: 
[DEAD] 
Agent ID: 41557fad-4361-4739-9e5f-af64ea87feb8
Agent 4dc21d9a-9568-4bac-9fcd-e736faad602d: 
[DEAD] 
Agent ID: 4dc21d9a-9568-4bac-9fcd-e736faad602d
Agent 6bd0db7a-0bf0-4fda-ba1f-5f62dbf789d7: 
[DEAD] 
Agent ID: 6bd0db7a-0bf0-4fda-ba1f-5f62dbf789d7
Agent 8742898d-f9d5-4fd7-95b6-8885f4c49933: 
[DEAD] 
Agent ID: 8742898d-f9d5-4fd7-95b6-8885f4c49933
Agent b59ff009-6063-4bfd-8222-df629608da9e: 
[DEAD] 
Agent ID: b59ff009-6063-4bfd-8222-df629608da9e
