main function started.
--------Start of iteration 0---------


Iteration 0, Turn 0, current agent count: 5


Iteration 0, Turn 1, current agent count: 5


Iteration 0, Turn 2, current agent count: 5


Iteration 0, Turn 3, current agent count: 5


Iteration 0, Turn 4, current agent count: 5
--------End of iteration 0---------
--------Start of iteration 1---------


Iteration 1, Turn 0, current agent count: 5


Iteration 1, Turn 1, current agent count: 5


Iteration 1, Turn 2, current agent count: 5


Iteration 1, Turn 3, current agent count: 5


Iteration 1, Turn 4, current agent count: 5
--------End of iteration 1---------
--------Start of iteration 2---------


Iteration 2, Turn 0, current agent count: 5


Iteration 2, Turn 1, current agent count: 5


Iteration 2, Turn 2, current agent count: 5


Iteration 2, Turn 3, current agent count: 5


Iteration 2, Turn 4, current agent count: 5
--------End of iteration 2---------


GamePlaybackSummary - playing 18 turn records

Iteration 0, Turn 0:

Iteration 0, Turn 1:
Agent 006e837a-2fbf-489d-8632-e4e525683c3a: 
Agent ID: 006e837a-2fbf-489d-8632-e4e525683c3a
Agent 1e6436a9-05be-4bdd-97c4-9052bb29d33e: 
Agent ID: 1e6436a9-05be-4bdd-97c4-9052bb29d33e
Agent 784350dc-8382-4e32-9d1c-7a225a1a59eb: 
Agent ID: 784350dc-8382-4e32-9d1c-7a225a1a59eb
Agent 8e859ce1-8be3-44a9-b73a-7e4522b9f079: 
Agent ID: 8e859ce1-8be3-44a9-b73a-7e4522b9f079
Agent e9bdfeb9-ea9e-4e8e-a460-af3651771192: 
Agent ID: e9bdfeb9-ea9e-4e8e-a460-af3651771192

Iteration 0, Turn 2:
Agent 006e837a-2fbf-489d-8632-e4e525683c3a: 
Agent ID: 006e837a-2fbf-489d-8632-e4e525683c3a
Agent 1e6436a9-05be-4bdd-97c4-9052bb29d33e: 
[DEAD] 
Agent ID: 1e6436a9-05be-4bdd-97c4-9052bb29d33e
Agent 784350dc-8382-4e32-9d1c-7a225a1a59eb: 
[DEAD] 
Agent ID: 784350dc-8382-4e32-9d1c-7a225a1a59eb
Agent 8e859ce1-8be3-44a9-b73a-7e4522b9f079: 
Agent ID: 8e859ce1-8be3-44a9-b73a-7e4522b9f079
Agent e9bdfeb9-ea9e-4e8e-a460-af3651771192: 
Agent ID: e9bdfeb9-ea9e-4e8e-a460-af3651771192

Iteration 0, Turn 3:
Agent 006e837a-2fbf-489d-8632-e4e525683c3a: 
Agent ID: 006e837a-2fbf-489d-8632-e4e525683c3a
Agent 1e6436a9-05be-4bdd-97c4-9052bb29d33e: 
[DEAD] 
Agent ID: 1e6436a9-05be-4bdd-97c4-9052bb29d33e
Agent 784350dc-8382-4e32-9d1c-7a225a1a59eb: 
[DEAD] 
Agent ID: 784350dc-8382-4e32-9d1c-7a225a1a59eb
Agent 8e859ce1-8be3-44a9-b73a-7e4522b9f079: 
Agent ID: 8e859ce1-8be3-44a9-b73a-7e4522b9f079
Agent e9bdfeb9-ea9e-4e8e-a460-af3651771192: 
Agent ID: e9bdfeb9-ea9e-4e8e-a460-af3651771192

Iteration 0, Turn 4:
Agent 006e837a-2fbf-489d-8632-e4e525683c3a: 
Agent ID: 006e837a-2fbf-489d-8632-e4e525683c3a
Agent 1e6436a9-05be-4bdd-97c4-9052bb29d33e: 
[DEAD] 
Agent ID: 1e6436a9-05be-4bdd-97c4-9052bb29d33e
Agent 784350dc-8382-4e32-9d1c-7a225a1a59eb: 
[DEAD] 
Agent ID: 784350dc-8382-4e32-9d1c-7a225a1a59eb
Agent 8e859ce1-8be3-44a9-b73a-7e4522b9f079: 
Agent ID: 8e859ce1-8be3-44a9-b73a-7e4522b9f079
Agent e9bdfeb9-ea9e-4e8e-a460-af3651771192: 
Agent ID: e9bdfeb9-ea9e-4e8e-a460-af3651771192

Iteration 0, Turn 5:
Agent 006e837a-2fbf-489d-8632-e4e525683c3a: 
Agent ID: 006e837a-2fbf-489d-8632-e4e525683c3a
Agent 1e6436a9-05be-4bdd-97c4-9052bb29d33e: 
[DEAD] 
Agent ID: 1e6436a9-05be-4bdd-97c4-9052bb29d33e
Agent 784350dc-8382-4e32-9d1c-7a225a1a59eb: 
[DEAD] 
Agent ID: 784350dc-8382-4e32-9d1c-7a225a1a59eb
Agent 8e859ce1-8be3-44a9-b73a-7e4522b9f079: 
Agent ID: 8e859ce1-8be3-44a9-b73a-7e4522b9f079
Agent e9bdfeb9-ea9e-4e8e-a460-af3651771192: 
Agent ID: e9bdfeb9-ea9e-4e8e-a460-af3651771192

Iteration 1, Turn 0:

Iteration 1, Turn 1:
Agent 006e837a-2fbf-489d-8632-e4e525683c3a: 
[DEAD] 
Agent ID: 006e837a-2fbf-489d-8632-e4e525683c3a
Agent 1e6436a9-05be-4bdd-97c4-9052bb29d33e: 
[DEAD] 
Agent ID: 1e6436a9-05be-4bdd-97c4-9052bb29d33e
Agent 784350dc-8382-4e32-9d1c-7a225a1a59eb: 
[DEAD] 
Agent ID: 784350dc-8382-4e32-9d1c-7a225a1a59eb
Agent 8e859ce1-8be3-44a9-b73a-7e4522b9f079: 
Agent ID: 8e859ce1-8be3-44a9-b73a-7e4522b9f079
Agent e9bdfeb9-ea9e-4e8e-a460-af3651771192: 
[DEAD] 
Agent ID: e9bdfeb9-ea9e-4e8e-a460-af3651771192

Iteration 1, Turn 2:
Agent 006e837a-2fbf-489d-8632-e4e525683c3a: 
[DEAD] 
Agent ID: 006e837a-2fbf-489d-8632-e4e525683c3a
Agent 1e6436a9-05be-4bdd-97c4-9052bb29d33e: 
[DEAD] 
Agent ID: 1e6436a9-05be-4bdd-97c4-9052bb29d33e
Agent 784350dc-8382-4e32-9d1c-7a225a1a59eb: 
[DEAD] 
Agent ID: 784350dc-8382-4e32-9d1c-7a225a1a59eb
Agent 8e859ce1-8be3-44a9-b73a-7e4522b9f079: 
[DEAD] 
Agent ID: 8e859ce1-8be3-44a9-b73a-7e4522b9f079
Agent e9bdfeb9-ea9e-4e8e-a460-af3651771192: 
[DEAD] 
Agent ID: e9bdfeb9-ea9e-4e8e-a460-af3651771192

Iteration 1, Turn 3:
Agent 006e837a-2fbf-489d-8632-e4e525683c3a: 
[DEAD] 
Agent ID: 006e837a-2fbf-489d-8632-e4e525683c3a
Agent 1e6436a9-05be-4bdd-97c4-9052bb29d33e: 
[DEAD] 
Agent ID: 1e6436a9-05be-4bdd-97c4-9052bb29d33e
Agent 784350dc-8382-4e32-9d1c-7a225a1a59eb: 
[DEAD] 
Agent ID: 784350dc-8382-4e32-9d1c-7a225a1a59eb
Agent 8e859ce1-8be3-44a9-b73a-7e4522b9f079: 
[DEAD] 
Agent ID: 8e859ce1-8be3-44a9-b73a-7e4522b9f079
Agent e9bdfeb9-ea9e-4e8e-a460-af3651771192: 
[DEAD] 
Agent ID: e9bdfeb9-ea9e-4e8e-a460-af3651771192

Iteration 1, Turn 4:
Agent 006e837a-2fbf-489d-8632-e4e525683c3a: 
[DEAD] 
Agent ID: 006e837a-2fbf-489d-8632-e4e525683c3a
Agent 1e6436a9-05be-4bdd-97c4-9052bb29d33e: 
[DEAD] 
Agent ID: 1e6436a9-05be-4bdd-97c4-9052bb29d33e
Agent 784350dc-8382-4e32-9d1c-7a225a1a59eb: 
[DEAD] 
Agent ID: 784350dc-8382-4e32-9d1c-7a225a1a59eb
Agent 8e859ce1-8be3-44a9-b73a-7e4522b9f079: 
[DEAD] 
Agent ID: 8e859ce1-8be3-44a9-b73a-7e4522b9f079
Agent e9bdfeb9-ea9e-4e8e-a460-af3651771192: 
[DEAD] 
Agent ID: e9bdfeb9-ea9e-4e8e-a460-af3651771192

Iteration 1, Turn 5:
Agent 006e837a-2fbf-489d-8632-e4e525683c3a: 
[DEAD] 
Agent ID: 006e837a-2fbf-489d-8632-e4e525683c3a
Agent 1e6436a9-05be-4bdd-97c4-9052bb29d33e: 
[DEAD] 
Agent ID: 1e6436a9-05be-4bdd-97c4-9052bb29d33e
Agent 784350dc-8382-4e32-9d1c-7a225a1a59eb: 
[DEAD] 
Agent ID: 784350dc-8382-4e32-9d1c-7a225a1a59eb
Agent 8e859ce1-8be3-44a9-b73a-7e4522b9f079: 
[DEAD] 
Agent ID: 8e859ce1-8be3-44a9-b73a-7e4522b9f079
Agent e9bdfeb9-ea9e-4e8e-a460-af3651771192: 
[DEAD] 
Agent ID: e9bdfeb9-ea9e-4e8e-a460-af3651771192

Iteration 2, Turn 0:

Iteration 2, Turn 1:
Agent 006e837a-2fbf-489d-8632-e4e525683c3a: 
[DEAD] 
Agent ID: 006e837a-2fbf-489d-8632-e4e525683c3a
Agent 1e6436a9-05be-4bdd-97c4-9052bb29d33e: 
[DEAD] 
Agent ID: 1e6436a9-05be-4bdd-97c4-9052bb29d33e
Agent 784350dc-8382-4e32-9d1c-7a225a1a59eb: 
[DEAD] 
Agent ID: 784350dc-8382-4e32-9d1c-7a225a1a59eb
Agent 8e859ce1-8be3-44a9-b73a-7e4522b9f079: 
[DEAD] 
Agent ID: 8e859ce1-8be3-44a9-b73a-7e4522b9f079
Agent e9bdfeb9-ea9e-4e8e-a460-af3651771192: 
[DEAD] 
Agent ID: e9bdfeb9-ea9e-4e8e-a460-af3651771192

Iteration 2, Turn 2:
Agent 006e837a-2fbf-489d-8632-e4e525683c3a: 
[DEAD] 
Agent ID: 006e837a-2fbf-489d-8632-e4e525683c3a
Agent 1e6436a9-05be-4bdd-97c4-9052bb29d33e: 
[DEAD] 
Agent ID: 1e6436a9-05be-4bdd-97c4-9052bb29d33e
Agent 784350dc-8382-4e32-9d1c-7a225a1a59eb: 
[DEAD] 
Agent ID: 784350dc-8382-4e32-9d1c-7a225a1a59eb
Agent 8e859ce1-8be3-44a9-b73a-7e4522b9f079: 
[DEAD] 
Agent ID: 8e859ce1-8be3-44a9-b73a-7e4522b9f079
Agent e9bdfeb9-ea9e-4e8e-a460-af3651771192: 
[DEAD] 
Agent ID: e9bdfeb9-ea9e-4e8e-a460-af3651771192

Iteration 2, Turn 3:
Agent 006e837a-2fbf-489d-8632-e4e525683c3a: 
[DEAD] 
Agent ID: 006e837a-2fbf-489d-8632-e4e525683c3a
Agent 1e6436a9-05be-4bdd-97c4-9052bb29d33e: 
[DEAD] 
Agent ID: 1e6436a9-05be-4bdd-97c4-9052bb29d33e
Agent 784350dc-8382-4e32-9d1c-7a225a1a59eb: 
[DEAD] 
Agent ID: 784350dc-8382-4e32-9d1c-7a225a1a59eb
Agent 8e859ce1-8be3-44a9-b73a-7e4522b9f079: 
[DEAD] 
Agent ID: 8e859ce1-8be3-44a9-b73a-7e4522b9f079
Agent e9bdfeb9-ea9e-4e8e-a460-af3651771192: 
[DEAD] 
Agent ID: e9bdfeb9-ea9e-4e8e-a460-af3651771192

Iteration 2, Turn 4:
Agent 006e837a-2fbf-489d-8632-e4e525683c3a: 
[DEAD] 
Agent ID: 006e837a-2fbf-489d-8632-e4e525683c3a
Agent 1e6436a9-05be-4bdd-97c4-9052bb29d33e: 
[DEAD] 
Agent ID: 1e6436a9-05be-4bdd-97c4-9052bb29d33e
Agent 784350dc-8382-4e32-9d1c-7a225a1a59eb: 
[DEAD] 
Agent ID: 784350dc-8382-4e32-9d1c-7a225a1a59eb
Agent 8e859ce1-8be3-44a9-b73a-7e4522b9f079: 
[DEAD] 
Agent ID: 8e859ce1-8be3-44a9-b73a-7e4522b9f079
Agent e9bdfeb9-ea9e-4e8e-a460-af3651771192: 
[DEAD] 
Agent ID: e9bdfeb9-ea9e-4e8e-a460-af3651771192

Iteration 2, Turn 5:
Agent 006e837a-2fbf-489d-8632-e4e525683c3a: 
[DEAD] 
Agent ID: 006e837a-2fbf-489d-8632-e4e525683c3a
Agent 1e6436a9-05be-4bdd-97c4-9052bb29d33e: 
[DEAD] 
Agent ID: 1e6436a9-05be-4bdd-97c4-9052bb29d33e
Agent 784350dc-8382-4e32-9d1c-7a225a1a59eb: 
[DEAD] 
Agent ID: 784350dc-8382-4e32-9d1c-7a225a1a59eb
Agent 8e859ce1-8be3-44a9-b73a-7e4522b9f079: 
[DEAD] 
Agent ID: 8e859ce1-8be3-44a9-b73a-7e4522b9f079
Agent e9bdfeb9-ea9e-4e8e-a460-af3651771192: 
[DEAD] 
Agent ID: e9bdfeb9-ea9e-4e8e-a460-af3651771192
