main function started.
--------Start of iteration 0---------


Iteration 0, Turn 0, current agent count: 5


Iteration 0, Turn 1, current agent count: 5


Iteration 0, Turn 2, current agent count: 5


Iteration 0, Turn 3, current agent count: 5


Iteration 0, Turn 4, current agent count: 5
--------End of iteration 0---------
--------Start of iteration 1---------


Iteration 1, Turn 0, current agent count: 5


Iteration 1, Turn 1, current agent count: 5


Iteration 1, Turn 2, current agent count: 5


Iteration 1, Turn 3, current agent count: 5


Iteration 1, Turn 4, current agent count: 5
--------End of iteration 1---------
--------Start of iteration 2---------


Iteration 2, Turn 0, current agent count: 5


Iteration 2, Turn 1, current agent count: 5


Iteration 2, Turn 2, current agent count: 5


Iteration 2, Turn 3, current agent count: 5


Iteration 2, Turn 4, current agent count: 5
--------End of iteration 2---------


GamePlaybackSummary - playing 18 turn records

Iteration 0, Turn 0:

Iteration 0, Turn 1:
Agent 4e4c7aaa-b539-4325-a646-e35aea346642: 
Agent ID: 4e4c7aaa-b539-4325-a646-e35aea346642
Agent b8bc2075-f5b4-4625-8575-60392f2c3323: 
[DEAD] 
Agent ID: b8bc2075-f5b4-4625-8575-60392f2c3323
Agent bf10bb10-5caf-4e82-af0e-a04d2d578994: 
[DEAD] 
Agent ID: bf10bb10-5caf-4e82-af0e-a04d2d578994
Agent e42b1770-edda-4ab6-92e0-420570f6a2d1: 
Agent ID: e42b1770-edda-4ab6-92e0-420570f6a2d1
Agent e539bd4c-f98f-4650-9f0d-7a599aca63ff: 
Agent ID: e539bd4c-f98f-4650-9f0d-7a599aca63ff

Iteration 0, Turn 2:
Agent 4e4c7aaa-b539-4325-a646-e35aea346642: 
Agent ID: 4e4c7aaa-b539-4325-a646-e35aea346642
Agent b8bc2075-f5b4-4625-8575-60392f2c3323: 
[DEAD] 
Agent ID: b8bc2075-f5b4-4625-8575-60392f2c3323
Agent bf10bb10-5caf-4e82-af0e-a04d2d578994: 
[DEAD] 
Agent ID: bf10bb10-5caf-4e82-af0e-a04d2d578994
Agent e42b1770-edda-4ab6-92e0-420570f6a2d1: 
[DEAD] 
Agent ID: e42b1770-edda-4ab6-92e0-420570f6a2d1
Agent e539bd4c-f98f-4650-9f0d-7a599aca63ff: 
[DEAD] 
Agent ID: e539bd4c-f98f-4650-9f0d-7a599aca63ff

Iteration 0, Turn 3:
Agent 4e4c7aaa-b539-4325-a646-e35aea346642: 
Agent ID: 4e4c7aaa-b539-4325-a646-e35aea346642
Agent b8bc2075-f5b4-4625-8575-60392f2c3323: 
[DEAD] 
Agent ID: b8bc2075-f5b4-4625-8575-60392f2c3323
Agent bf10bb10-5caf-4e82-af0e-a04d2d578994: 
[DEAD] 
Agent ID: bf10bb10-5caf-4e82-af0e-a04d2d578994
Agent e42b1770-edda-4ab6-92e0-420570f6a2d1: 
[DEAD] 
Agent ID: e42b1770-edda-4ab6-92e0-420570f6a2d1
Agent e539bd4c-f98f-4650-9f0d-7a599aca63ff: 
[DEAD] 
Agent ID: e539bd4c-f98f-4650-9f0d-7a599aca63ff

Iteration 0, Turn 4:
Agent 4e4c7aaa-b539-4325-a646-e35aea346642: 
[DEAD] 
Agent ID: 4e4c7aaa-b539-4325-a646-e35aea346642
Agent b8bc2075-f5b4-4625-8575-60392f2c3323: 
[DEAD] 
Agent ID: b8bc2075-f5b4-4625-8575-60392f2c3323
Agent bf10bb10-5caf-4e82-af0e-a04d2d578994: 
[DEAD] 
Agent ID: bf10bb10-5caf-4e82-af0e-a04d2d578994
Agent e42b1770-edda-4ab6-92e0-420570f6a2d1: 
[DEAD] 
Agent ID: e42b1770-edda-4ab6-92e0-420570f6a2d1
Agent e539bd4c-f98f-4650-9f0d-7a599aca63ff: 
[DEAD] 
Agent ID: e539bd4c-f98f-4650-9f0d-7a599aca63ff

Iteration 0, Turn 5:
Agent 4e4c7aaa-b539-4325-a646-e35aea346642: 
[DEAD] 
Agent ID: 4e4c7aaa-b539-4325-a646-e35aea346642
Agent b8bc2075-f5b4-4625-8575-60392f2c3323: 
[DEAD] 
Agent ID: b8bc2075-f5b4-4625-8575-60392f2c3323
Agent bf10bb10-5caf-4e82-af0e-a04d2d578994: 
[DEAD] 
Agent ID: bf10bb10-5caf-4e82-af0e-a04d2d578994
Agent e42b1770-edda-4ab6-92e0-420570f6a2d1: 
[DEAD] 
Agent ID: e42b1770-edda-4ab6-92e0-420570f6a2d1
Agent e539bd4c-f98f-4650-9f0d-7a599aca63ff: 
[DEAD] 
Agent ID: e539bd4c-f98f-4650-9f0d-7a599aca63ff

Iteration 1, Turn 0:

Iteration 1, Turn 1:
Agent 4e4c7aaa-b539-4325-a646-e35aea346642: 
[DEAD] 
Agent ID: 4e4c7aaa-b539-4325-a646-e35aea346642
Agent b8bc2075-f5b4-4625-8575-60392f2c3323: 
[DEAD] 
Agent ID: b8bc2075-f5b4-4625-8575-60392f2c3323
Agent bf10bb10-5caf-4e82-af0e-a04d2d578994: 
[DEAD] 
Agent ID: bf10bb10-5caf-4e82-af0e-a04d2d578994
Agent e42b1770-edda-4ab6-92e0-420570f6a2d1: 
[DEAD] 
Agent ID: e42b1770-edda-4ab6-92e0-420570f6a2d1
Agent e539bd4c-f98f-4650-9f0d-7a599aca63ff: 
[DEAD] 
Agent ID: e539bd4c-f98f-4650-9f0d-7a599aca63ff

Iteration 1, Turn 2:
Agent 4e4c7aaa-b539-4325-a646-e35aea346642: 
[DEAD] 
Agent ID: 4e4c7aaa-b539-4325-a646-e35aea346642
Agent b8bc2075-f5b4-4625-8575-60392f2c3323: 
[DEAD] 
Agent ID: b8bc2075-f5b4-4625-8575-60392f2c3323
Agent bf10bb10-5caf-4e82-af0e-a04d2d578994: 
[DEAD] 
Agent ID: bf10bb10-5caf-4e82-af0e-a04d2d578994
Agent e42b1770-edda-4ab6-92e0-420570f6a2d1: 
[DEAD] 
Agent ID: e42b1770-edda-4ab6-92e0-420570f6a2d1
Agent e539bd4c-f98f-4650-9f0d-7a599aca63ff: 
[DEAD] 
Agent ID: e539bd4c-f98f-4650-9f0d-7a599aca63ff

Iteration 1, Turn 3:
Agent 4e4c7aaa-b539-4325-a646-e35aea346642: 
[DEAD] 
Agent ID: 4e4c7aaa-b539-4325-a646-e35aea346642
Agent b8bc2075-f5b4-4625-8575-60392f2c3323: 
[DEAD] 
Agent ID: b8bc2075-f5b4-4625-8575-60392f2c3323
Agent bf10bb10-5caf-4e82-af0e-a04d2d578994: 
[DEAD] 
Agent ID: bf10bb10-5caf-4e82-af0e-a04d2d578994
Agent e42b1770-edda-4ab6-92e0-420570f6a2d1: 
[DEAD] 
Agent ID: e42b1770-edda-4ab6-92e0-420570f6a2d1
Agent e539bd4c-f98f-4650-9f0d-7a599aca63ff: 
[DEAD] 
Agent ID: e539bd4c-f98f-4650-9f0d-7a599aca63ff

Iteration 1, Turn 4:
Agent 4e4c7aaa-b539-4325-a646-e35aea346642: 
[DEAD] 
Agent ID: 4e4c7aaa-b539-4325-a646-e35aea346642
Agent b8bc2075-f5b4-4625-8575-60392f2c3323: 
[DEAD] 
Agent ID: b8bc2075-f5b4-4625-8575-60392f2c3323
Agent bf10bb10-5caf-4e82-af0e-a04d2d578994: 
[DEAD] 
Agent ID: bf10bb10-5caf-4e82-af0e-a04d2d578994
Agent e42b1770-edda-4ab6-92e0-420570f6a2d1: 
[DEAD] 
Agent ID: e42b1770-edda-4ab6-92e0-420570f6a2d1
Agent e539bd4c-f98f-4650-9f0d-7a599aca63ff: 
[DEAD] 
Agent ID: e539bd4c-f98f-4650-9f0d-7a599aca63ff

Iteration 1, Turn 5:
Agent 4e4c7aaa-b539-4325-a646-e35aea346642: 
[DEAD] 
Agent ID: 4e4c7aaa-b539-4325-a646-e35aea346642
Agent b8bc2075-f5b4-4625-8575-60392f2c3323: 
[DEAD] 
Agent ID: b8bc2075-f5b4-4625-8575-60392f2c3323
Agent bf10bb10-5caf-4e82-af0e-a04d2d578994: 
[DEAD] 
Agent ID: bf10bb10-5caf-4e82-af0e-a04d2d578994
Agent e42b1770-edda-4ab6-92e0-420570f6a2d1: 
[DEAD] 
Agent ID: e42b1770-edda-4ab6-92e0-420570f6a2d1
Agent e539bd4c-f98f-4650-9f0d-7a599aca63ff: 
[DEAD] 
Agent ID: e539bd4c-f98f-4650-9f0d-7a599aca63ff

Iteration 2, Turn 0:

Iteration 2, Turn 1:
Agent 4e4c7aaa-b539-4325-a646-e35aea346642: 
[DEAD] 
Agent ID: 4e4c7aaa-b539-4325-a646-e35aea346642
Agent b8bc2075-f5b4-4625-8575-60392f2c3323: 
[DEAD] 
Agent ID: b8bc2075-f5b4-4625-8575-60392f2c3323
Agent bf10bb10-5caf-4e82-af0e-a04d2d578994: 
[DEAD] 
Agent ID: bf10bb10-5caf-4e82-af0e-a04d2d578994
Agent e42b1770-edda-4ab6-92e0-420570f6a2d1: 
[DEAD] 
Agent ID: e42b1770-edda-4ab6-92e0-420570f6a2d1
Agent e539bd4c-f98f-4650-9f0d-7a599aca63ff: 
[DEAD] 
Agent ID: e539bd4c-f98f-4650-9f0d-7a599aca63ff

Iteration 2, Turn 2:
Agent 4e4c7aaa-b539-4325-a646-e35aea346642: 
[DEAD] 
Agent ID: 4e4c7aaa-b539-4325-a646-e35aea346642
Agent b8bc2075-f5b4-4625-8575-60392f2c3323: 
[DEAD] 
Agent ID: b8bc2075-f5b4-4625-8575-60392f2c3323
Agent bf10bb10-5caf-4e82-af0e-a04d2d578994: 
[DEAD] 
Agent ID: bf10bb10-5caf-4e82-af0e-a04d2d578994
Agent e42b1770-edda-4ab6-92e0-420570f6a2d1: 
[DEAD] 
Agent ID: e42b1770-edda-4ab6-92e0-420570f6a2d1
Agent e539bd4c-f98f-4650-9f0d-7a599aca63ff: 
[DEAD] 
Agent ID: e539bd4c-f98f-4650-9f0d-7a599aca63ff

Iteration 2, Turn 3:
Agent 4e4c7aaa-b539-4325-a646-e35aea346642: 
[DEAD] 
Agent ID: 4e4c7aaa-b539-4325-a646-e35aea346642
Agent b8bc2075-f5b4-4625-8575-60392f2c3323: 
[DEAD] 
Agent ID: b8bc2075-f5b4-4625-8575-60392f2c3323
Agent bf10bb10-5caf-4e82-af0e-a04d2d578994: 
[DEAD] 
Agent ID: bf10bb10-5caf-4e82-af0e-a04d2d578994
Agent e42b1770-edda-4ab6-92e0-420570f6a2d1: 
[DEAD] 
Agent ID: e42b1770-edda-4ab6-92e0-420570f6a2d1
Agent e539bd4c-f98f-4650-9f0d-7a599aca63ff: 
[DEAD] 
Agent ID: e539bd4c-f98f-4650-9f0d-7a599aca63ff

Iteration 2, Turn 4:
Agent 4e4c7aaa-b539-4325-a646-e35aea346642: 
[DEAD] 
Agent ID: 4e4c7aaa-b539-4325-a646-e35aea346642
Agent b8bc2075-f5b4-4625-8575-60392f2c3323: 
[DEAD] 
Agent ID: b8bc2075-f5b4-4625-8575-60392f2c3323
Agent bf10bb10-5caf-4e82-af0e-a04d2d578994: 
[DEAD] 
Agent ID: bf10bb10-5caf-4e82-af0e-a04d2d578994
Agent e42b1770-edda-4ab6-92e0-420570f6a2d1: 
[DEAD] 
Agent ID: e42b1770-edda-4ab6-92e0-420570f6a2d1
Agent e539bd4c-f98f-4650-9f0d-7a599aca63ff: 
[DEAD] 
Agent ID: e539bd4c-f98f-4650-9f0d-7a599aca63ff

Iteration 2, Turn 5:
Agent 4e4c7aaa-b539-4325-a646-e35aea346642: 
[DEAD] 
Agent ID: 4e4c7aaa-b539-4325-a646-e35aea346642
Agent b8bc2075-f5b4-4625-8575-60392f2c3323: 
[DEAD] 
Agent ID: b8bc2075-f5b4-4625-8575-60392f2c3323
Agent bf10bb10-5caf-4e82-af0e-a04d2d578994: 
[DEAD] 
Agent ID: bf10bb10-5caf-4e82-af0e-a04d2d578994
Agent e42b1770-edda-4ab6-92e0-420570f6a2d1: 
[DEAD] 
Agent ID: e42b1770-edda-4ab6-92e0-420570f6a2d1
Agent e539bd4c-f98f-4650-9f0d-7a599aca63ff: 
[DEAD] 
Agent ID: e539bd4c-f98f-4650-9f0d-7a599aca63ff
