main function started.
--------Start of iteration 0---------


Iteration 0, Turn 0, current agent count: 5


Iteration 0, Turn 1, current agent count: 5


Iteration 0, Turn 2, current agent count: 5


Iteration 0, Turn 3, current agent count: 5


Iteration 0, Turn 4, current agent count: 5
--------End of iteration 0---------
--------Start of iteration 1---------


Iteration 1, Turn 0, current agent count: 5


Iteration 1, Turn 1, current agent count: 5


Iteration 1, Turn 2, current agent count: 5


Iteration 1, Turn 3, current agent count: 5


Iteration 1, Turn 4, current agent count: 5
--------End of iteration 1---------
--------Start of iteration 2---------


Iteration 2, Turn 0, current agent count: 5


Iteration 2, Turn 1, current agent count: 5


Iteration 2, Turn 2, current agent count: 5


Iteration 2, Turn 3, current agent count: 5


Iteration 2, Turn 4, current agent count: 5
--------End of iteration 2---------


GamePlaybackSummary - playing 18 turn records

Iteration 0, Turn 0:

Iteration 0, Turn 1:
Agent 329c8d6c-7825-4be3-b825-ae816d02189d: 
[DEAD] 
Agent ID: 329c8d6c-7825-4be3-b825-ae816d02189d
Agent 8449243b-bc87-4c47-b474-86c8b3ec090c: 
[DEAD] 
Agent ID: 8449243b-bc87-4c47-b474-86c8b3ec090c
Agent 97816a5a-ca84-4a72-a351-00ca033ab5aa: 
[DEAD] 
Agent ID: 97816a5a-ca84-4a72-a351-00ca033ab5aa
Agent dbfec322-5ef8-4d55-bf17-a562689bf452: 
[DEAD] 
Agent ID: dbfec322-5ef8-4d55-bf17-a562689bf452
Agent f188a696-5786-4f65-86a5-9ab97a47e2ff: 
Agent ID: f188a696-5786-4f65-86a5-9ab97a47e2ff

Iteration 0, Turn 2:
Agent 329c8d6c-7825-4be3-b825-ae816d02189d: 
[DEAD] 
Agent ID: 329c8d6c-7825-4be3-b825-ae816d02189d
Agent 8449243b-bc87-4c47-b474-86c8b3ec090c: 
[DEAD] 
Agent ID: 8449243b-bc87-4c47-b474-86c8b3ec090c
Agent 97816a5a-ca84-4a72-a351-00ca033ab5aa: 
[DEAD] 
Agent ID: 97816a5a-ca84-4a72-a351-00ca033ab5aa
Agent dbfec322-5ef8-4d55-bf17-a562689bf452: 
[DEAD] 
Agent ID: dbfec322-5ef8-4d55-bf17-a562689bf452
Agent f188a696-5786-4f65-86a5-9ab97a47e2ff: 
[DEAD] 
Agent ID: f188a696-5786-4f65-86a5-9ab97a47e2ff

Iteration 0, Turn 3:
Agent 329c8d6c-7825-4be3-b825-ae816d02189d: 
[DEAD] 
Agent ID: 329c8d6c-7825-4be3-b825-ae816d02189d
Agent 8449243b-bc87-4c47-b474-86c8b3ec090c: 
[DEAD] 
Agent ID: 8449243b-bc87-4c47-b474-86c8b3ec090c
Agent 97816a5a-ca84-4a72-a351-00ca033ab5aa: 
[DEAD] 
Agent ID: 97816a5a-ca84-4a72-a351-00ca033ab5aa
Agent dbfec322-5ef8-4d55-bf17-a562689bf452: 
[DEAD] 
Agent ID: dbfec322-5ef8-4d55-bf17-a562689bf452
Agent f188a696-5786-4f65-86a5-9ab97a47e2ff: 
[DEAD] 
Agent ID: f188a696-5786-4f65-86a5-9ab97a47e2ff

Iteration 0, Turn 4:
Agent 329c8d6c-7825-4be3-b825-ae816d02189d: 
[DEAD] 
Agent ID: 329c8d6c-7825-4be3-b825-ae816d02189d
Agent 8449243b-bc87-4c47-b474-86c8b3ec090c: 
[DEAD] 
Agent ID: 8449243b-bc87-4c47-b474-86c8b3ec090c
Agent 97816a5a-ca84-4a72-a351-00ca033ab5aa: 
[DEAD] 
Agent ID: 97816a5a-ca84-4a72-a351-00ca033ab5aa
Agent dbfec322-5ef8-4d55-bf17-a562689bf452: 
[DEAD] 
Agent ID: dbfec322-5ef8-4d55-bf17-a562689bf452
Agent f188a696-5786-4f65-86a5-9ab97a47e2ff: 
[DEAD] 
Agent ID: f188a696-5786-4f65-86a5-9ab97a47e2ff

Iteration 0, Turn 5:
Agent 329c8d6c-7825-4be3-b825-ae816d02189d: 
[DEAD] 
Agent ID: 329c8d6c-7825-4be3-b825-ae816d02189d
Agent 8449243b-bc87-4c47-b474-86c8b3ec090c: 
[DEAD] 
Agent ID: 8449243b-bc87-4c47-b474-86c8b3ec090c
Agent 97816a5a-ca84-4a72-a351-00ca033ab5aa: 
[DEAD] 
Agent ID: 97816a5a-ca84-4a72-a351-00ca033ab5aa
Agent dbfec322-5ef8-4d55-bf17-a562689bf452: 
[DEAD] 
Agent ID: dbfec322-5ef8-4d55-bf17-a562689bf452
Agent f188a696-5786-4f65-86a5-9ab97a47e2ff: 
[DEAD] 
Agent ID: f188a696-5786-4f65-86a5-9ab97a47e2ff

Iteration 1, Turn 0:

Iteration 1, Turn 1:
Agent 329c8d6c-7825-4be3-b825-ae816d02189d: 
[DEAD] 
Agent ID: 329c8d6c-7825-4be3-b825-ae816d02189d
Agent 8449243b-bc87-4c47-b474-86c8b3ec090c: 
[DEAD] 
Agent ID: 8449243b-bc87-4c47-b474-86c8b3ec090c
Agent 97816a5a-ca84-4a72-a351-00ca033ab5aa: 
[DEAD] 
Agent ID: 97816a5a-ca84-4a72-a351-00ca033ab5aa
Agent dbfec322-5ef8-4d55-bf17-a562689bf452: 
[DEAD] 
Agent ID: dbfec322-5ef8-4d55-bf17-a562689bf452
Agent f188a696-5786-4f65-86a5-9ab97a47e2ff: 
[DEAD] 
Agent ID: f188a696-5786-4f65-86a5-9ab97a47e2ff

Iteration 1, Turn 2:
Agent 329c8d6c-7825-4be3-b825-ae816d02189d: 
[DEAD] 
Agent ID: 329c8d6c-7825-4be3-b825-ae816d02189d
Agent 8449243b-bc87-4c47-b474-86c8b3ec090c: 
[DEAD] 
Agent ID: 8449243b-bc87-4c47-b474-86c8b3ec090c
Agent 97816a5a-ca84-4a72-a351-00ca033ab5aa: 
[DEAD] 
Agent ID: 97816a5a-ca84-4a72-a351-00ca033ab5aa
Agent dbfec322-5ef8-4d55-bf17-a562689bf452: 
[DEAD] 
Agent ID: dbfec322-5ef8-4d55-bf17-a562689bf452
Agent f188a696-5786-4f65-86a5-9ab97a47e2ff: 
[DEAD] 
Agent ID: f188a696-5786-4f65-86a5-9ab97a47e2ff

Iteration 1, Turn 3:
Agent 329c8d6c-7825-4be3-b825-ae816d02189d: 
[DEAD] 
Agent ID: 329c8d6c-7825-4be3-b825-ae816d02189d
Agent 8449243b-bc87-4c47-b474-86c8b3ec090c: 
[DEAD] 
Agent ID: 8449243b-bc87-4c47-b474-86c8b3ec090c
Agent 97816a5a-ca84-4a72-a351-00ca033ab5aa: 
[DEAD] 
Agent ID: 97816a5a-ca84-4a72-a351-00ca033ab5aa
Agent dbfec322-5ef8-4d55-bf17-a562689bf452: 
[DEAD] 
Agent ID: dbfec322-5ef8-4d55-bf17-a562689bf452
Agent f188a696-5786-4f65-86a5-9ab97a47e2ff: 
[DEAD] 
Agent ID: f188a696-5786-4f65-86a5-9ab97a47e2ff

Iteration 1, Turn 4:
Agent 329c8d6c-7825-4be3-b825-ae816d02189d: 
[DEAD] 
Agent ID: 329c8d6c-7825-4be3-b825-ae816d02189d
Agent 8449243b-bc87-4c47-b474-86c8b3ec090c: 
[DEAD] 
Agent ID: 8449243b-bc87-4c47-b474-86c8b3ec090c
Agent 97816a5a-ca84-4a72-a351-00ca033ab5aa: 
[DEAD] 
Agent ID: 97816a5a-ca84-4a72-a351-00ca033ab5aa
Agent dbfec322-5ef8-4d55-bf17-a562689bf452: 
[DEAD] 
Agent ID: dbfec322-5ef8-4d55-bf17-a562689bf452
Agent f188a696-5786-4f65-86a5-9ab97a47e2ff: 
[DEAD] 
Agent ID: f188a696-5786-4f65-86a5-9ab97a47e2ff

Iteration 1, Turn 5:
Agent 329c8d6c-7825-4be3-b825-ae816d02189d: 
[DEAD] 
Agent ID: 329c8d6c-7825-4be3-b825-ae816d02189d
Agent 8449243b-bc87-4c47-b474-86c8b3ec090c: 
[DEAD] 
Agent ID: 8449243b-bc87-4c47-b474-86c8b3ec090c
Agent 97816a5a-ca84-4a72-a351-00ca033ab5aa: 
[DEAD] 
Agent ID: 97816a5a-ca84-4a72-a351-00ca033ab5aa
Agent dbfec322-5ef8-4d55-bf17-a562689bf452: 
[DEAD] 
Agent ID: dbfec322-5ef8-4d55-bf17-a562689bf452
Agent f188a696-5786-4f65-86a5-9ab97a47e2ff: 
[DEAD] 
Agent ID: f188a696-5786-4f65-86a5-9ab97a47e2ff

Iteration 2, Turn 0:

Iteration 2, Turn 1:
Agent 329c8d6c-7825-4be3-b825-ae816d02189d: 
[DEAD] 
Agent ID: 329c8d6c-7825-4be3-b825-ae816d02189d
Agent 8449243b-bc87-4c47-b474-86c8b3ec090c: 
[DEAD] 
Agent ID: 8449243b-bc87-4c47-b474-86c8b3ec090c
Agent 97816a5a-ca84-4a72-a351-00ca033ab5aa: 
[DEAD] 
Agent ID: 97816a5a-ca84-4a72-a351-00ca033ab5aa
Agent dbfec322-5ef8-4d55-bf17-a562689bf452: 
[DEAD] 
Agent ID: dbfec322-5ef8-4d55-bf17-a562689bf452
Agent f188a696-5786-4f65-86a5-9ab97a47e2ff: 
[DEAD] 
Agent ID: f188a696-5786-4f65-86a5-9ab97a47e2ff

Iteration 2, Turn 2:
Agent 329c8d6c-7825-4be3-b825-ae816d02189d: 
[DEAD] 
Agent ID: 329c8d6c-7825-4be3-b825-ae816d02189d
Agent 8449243b-bc87-4c47-b474-86c8b3ec090c: 
[DEAD] 
Agent ID: 8449243b-bc87-4c47-b474-86c8b3ec090c
Agent 97816a5a-ca84-4a72-a351-00ca033ab5aa: 
[DEAD] 
Agent ID: 97816a5a-ca84-4a72-a351-00ca033ab5aa
Agent dbfec322-5ef8-4d55-bf17-a562689bf452: 
[DEAD] 
Agent ID: dbfec322-5ef8-4d55-bf17-a562689bf452
Agent f188a696-5786-4f65-86a5-9ab97a47e2ff: 
[DEAD] 
Agent ID: f188a696-5786-4f65-86a5-9ab97a47e2ff

Iteration 2, Turn 3:
Agent 329c8d6c-7825-4be3-b825-ae816d02189d: 
[DEAD] 
Agent ID: 329c8d6c-7825-4be3-b825-ae816d02189d
Agent 8449243b-bc87-4c47-b474-86c8b3ec090c: 
[DEAD] 
Agent ID: 8449243b-bc87-4c47-b474-86c8b3ec090c
Agent 97816a5a-ca84-4a72-a351-00ca033ab5aa: 
[DEAD] 
Agent ID: 97816a5a-ca84-4a72-a351-00ca033ab5aa
Agent dbfec322-5ef8-4d55-bf17-a562689bf452: 
[DEAD] 
Agent ID: dbfec322-5ef8-4d55-bf17-a562689bf452
Agent f188a696-5786-4f65-86a5-9ab97a47e2ff: 
[DEAD] 
Agent ID: f188a696-5786-4f65-86a5-9ab97a47e2ff

Iteration 2, Turn 4:
Agent 329c8d6c-7825-4be3-b825-ae816d02189d: 
[DEAD] 
Agent ID: 329c8d6c-7825-4be3-b825-ae816d02189d
Agent 8449243b-bc87-4c47-b474-86c8b3ec090c: 
[DEAD] 
Agent ID: 8449243b-bc87-4c47-b474-86c8b3ec090c
Agent 97816a5a-ca84-4a72-a351-00ca033ab5aa: 
[DEAD] 
Agent ID: 97816a5a-ca84-4a72-a351-00ca033ab5aa
Agent dbfec322-5ef8-4d55-bf17-a562689bf452: 
[DEAD] 
Agent ID: dbfec322-5ef8-4d55-bf17-a562689bf452
Agent f188a696-5786-4f65-86a5-9ab97a47e2ff: 
[DEAD] 
Agent ID: f188a696-5786-4f65-86a5-9ab97a47e2ff

Iteration 2, Turn 5:
Agent 329c8d6c-7825-4be3-b825-ae816d02189d: 
[DEAD] 
Agent ID: 329c8d6c-7825-4be3-b825-ae816d02189d
Agent 8449243b-bc87-4c47-b474-86c8b3ec090c: 
[DEAD] 
Agent ID: 8449243b-bc87-4c47-b474-86c8b3ec090c
Agent 97816a5a-ca84-4a72-a351-00ca033ab5aa: 
[DEAD] 
Agent ID: 97816a5a-ca84-4a72-a351-00ca033ab5aa
Agent dbfec322-5ef8-4d55-bf17-a562689bf452: 
[DEAD] 
Agent ID: dbfec322-5ef8-4d55-bf17-a562689bf452
Agent f188a696-5786-4f65-86a5-9ab97a47e2ff: 
[DEAD] 
Agent ID: f188a696-5786-4f65-86a5-9ab97a47e2ff
