main function started.
--------Start of iteration 0---------


Iteration 0, Turn 0, current agent count: 16


Iteration 0, Turn 1, current agent count: 16


Iteration 0, Turn 2, current agent count: 15


Iteration 0, Turn 3, current agent count: 13


Iteration 0, Turn 4, current agent count: 11
--------End of iteration 0---------
--------Start of iteration 1---------


Iteration 1, Turn 0, current agent count: 10


Iteration 1, Turn 1, current agent count: 9


Iteration 1, Turn 2, current agent count: 8


Iteration 1, Turn 3, current agent count: 8


Iteration 1, Turn 4, current agent count: 6
--------End of iteration 1---------
--------Start of iteration 2---------


Iteration 2, Turn 0, current agent count: 6


Iteration 2, Turn 1, current agent count: 5


Iteration 2, Turn 2, current agent count: 5


Iteration 2, Turn 3, current agent count: 4


Iteration 2, Turn 4, current agent count: 4
--------End of iteration 2---------


GamePlaybackSummary - playing 18 turn records

Iteration 0, Turn 0:

Iteration 0, Turn 0:
Agent 071adfd0-86df-4696-a20e-7f84a587bc98: 
Agent ID: 071adfd0-86df-4696-a20e-7f84a587bc98
Agent 25268a18-b81a-4256-83f5-393a0c379f8f: 
Agent ID: 25268a18-b81a-4256-83f5-393a0c379f8f
Agent 28738b70-fbce-461c-a69d-4c167b9bb061: 
Agent ID: 28738b70-fbce-461c-a69d-4c167b9bb061
Agent 338fab19-ba21-49d9-9f83-615f8c6e2aed: 
Agent ID: 338fab19-ba21-49d9-9f83-615f8c6e2aed
Agent 3cb94db0-6f24-425c-b17a-6944eda0b275: 
Agent ID: 3cb94db0-6f24-425c-b17a-6944eda0b275
Agent 48ccd18f-42c9-46e3-a60e-820536fedb6a: 
Agent ID: 48ccd18f-42c9-46e3-a60e-820536fedb6a
Agent 666f5baf-e983-411d-81b2-603b9f748b44: 
Agent ID: 666f5baf-e983-411d-81b2-603b9f748b44
Agent 6d763d29-e12e-46b4-9a7b-2ac7c206e460: 
Agent ID: 6d763d29-e12e-46b4-9a7b-2ac7c206e460
Agent 7986e23c-22b3-4b62-a912-ef4877d88a62: 
Agent ID: 7986e23c-22b3-4b62-a912-ef4877d88a62
Agent 79b8e4bb-8fdb-4674-91b7-7c7bc1bb78d5: 
Agent ID: 79b8e4bb-8fdb-4674-91b7-7c7bc1bb78d5
Agent 7ef96098-76d0-4a1e-8c46-3cacdd18c45e: 
Agent ID: 7ef96098-76d0-4a1e-8c46-3cacdd18c45e
Agent 8cc18d6e-2c7f-431c-8d6a-7001c15251a7: 
Agent ID: 8cc18d6e-2c7f-431c-8d6a-7001c15251a7
Agent a6500526-fad4-4b7d-9d97-70f5f832e43d: 
Agent ID: a6500526-fad4-4b7d-9d97-70f5f832e43d
Agent affb87c7-c4fd-4830-b29e-bf3aa88b2590: 
Agent ID: affb87c7-c4fd-4830-b29e-bf3aa88b2590
Agent b59d9a1f-e97b-4e26-bcdd-5273dc24336f: 
Agent ID: b59d9a1f-e97b-4e26-bcdd-5273dc24336f
Agent c2a6f821-5db5-433c-a95a-4a5ec71f8991: 
Agent ID: c2a6f821-5db5-433c-a95a-4a5ec71f8991

Iteration 0, Turn 1:
Agent 25268a18-b81a-4256-83f5-393a0c379f8f: 
Agent ID: 25268a18-b81a-4256-83f5-393a0c379f8f
Agent 28738b70-fbce-461c-a69d-4c167b9bb061: 
Agent ID: 28738b70-fbce-461c-a69d-4c167b9bb061
Agent 338fab19-ba21-49d9-9f83-615f8c6e2aed: 
Agent ID: 338fab19-ba21-49d9-9f83-615f8c6e2aed
Agent 3cb94db0-6f24-425c-b17a-6944eda0b275: 
Agent ID: 3cb94db0-6f24-425c-b17a-6944eda0b275
Agent 48ccd18f-42c9-46e3-a60e-820536fedb6a: 
Agent ID: 48ccd18f-42c9-46e3-a60e-820536fedb6a
Agent 666f5baf-e983-411d-81b2-603b9f748b44: 
Agent ID: 666f5baf-e983-411d-81b2-603b9f748b44
Agent 6d763d29-e12e-46b4-9a7b-2ac7c206e460: 
Agent ID: 6d763d29-e12e-46b4-9a7b-2ac7c206e460
Agent 7986e23c-22b3-4b62-a912-ef4877d88a62: 
Agent ID: 7986e23c-22b3-4b62-a912-ef4877d88a62
Agent 79b8e4bb-8fdb-4674-91b7-7c7bc1bb78d5: 
Agent ID: 79b8e4bb-8fdb-4674-91b7-7c7bc1bb78d5
Agent 7ef96098-76d0-4a1e-8c46-3cacdd18c45e: 
Agent ID: 7ef96098-76d0-4a1e-8c46-3cacdd18c45e
Agent 8cc18d6e-2c7f-431c-8d6a-7001c15251a7: 
Agent ID: 8cc18d6e-2c7f-431c-8d6a-7001c15251a7
Agent a6500526-fad4-4b7d-9d97-70f5f832e43d: 
Agent ID: a6500526-fad4-4b7d-9d97-70f5f832e43d
Agent affb87c7-c4fd-4830-b29e-bf3aa88b2590: 
Agent ID: affb87c7-c4fd-4830-b29e-bf3aa88b2590
Agent b59d9a1f-e97b-4e26-bcdd-5273dc24336f: 
Agent ID: b59d9a1f-e97b-4e26-bcdd-5273dc24336f
Agent c2a6f821-5db5-433c-a95a-4a5ec71f8991: 
Agent ID: c2a6f821-5db5-433c-a95a-4a5ec71f8991

Iteration 0, Turn 2:
Agent 25268a18-b81a-4256-83f5-393a0c379f8f: 
Agent ID: 25268a18-b81a-4256-83f5-393a0c379f8f
Agent 28738b70-fbce-461c-a69d-4c167b9bb061: 
Agent ID: 28738b70-fbce-461c-a69d-4c167b9bb061
Agent 3cb94db0-6f24-425c-b17a-6944eda0b275: 
Agent ID: 3cb94db0-6f24-425c-b17a-6944eda0b275
Agent 48ccd18f-42c9-46e3-a60e-820536fedb6a: 
Agent ID: 48ccd18f-42c9-46e3-a60e-820536fedb6a
Agent 666f5baf-e983-411d-81b2-603b9f748b44: 
Agent ID: 666f5baf-e983-411d-81b2-603b9f748b44
Agent 6d763d29-e12e-46b4-9a7b-2ac7c206e460: 
Agent ID: 6d763d29-e12e-46b4-9a7b-2ac7c206e460
Agent 7986e23c-22b3-4b62-a912-ef4877d88a62: 
Agent ID: 7986e23c-22b3-4b62-a912-ef4877d88a62
Agent 79b8e4bb-8fdb-4674-91b7-7c7bc1bb78d5: 
Agent ID: 79b8e4bb-8fdb-4674-91b7-7c7bc1bb78d5
Agent 8cc18d6e-2c7f-431c-8d6a-7001c15251a7: 
Agent ID: 8cc18d6e-2c7f-431c-8d6a-7001c15251a7
Agent a6500526-fad4-4b7d-9d97-70f5f832e43d: 
Agent ID: a6500526-fad4-4b7d-9d97-70f5f832e43d
Agent affb87c7-c4fd-4830-b29e-bf3aa88b2590: 
Agent ID: affb87c7-c4fd-4830-b29e-bf3aa88b2590
Agent b59d9a1f-e97b-4e26-bcdd-5273dc24336f: 
Agent ID: b59d9a1f-e97b-4e26-bcdd-5273dc24336f
Agent c2a6f821-5db5-433c-a95a-4a5ec71f8991: 
Agent ID: c2a6f821-5db5-433c-a95a-4a5ec71f8991

Iteration 0, Turn 3:
Agent 25268a18-b81a-4256-83f5-393a0c379f8f: 
Agent ID: 25268a18-b81a-4256-83f5-393a0c379f8f
Agent 28738b70-fbce-461c-a69d-4c167b9bb061: 
Agent ID: 28738b70-fbce-461c-a69d-4c167b9bb061
Agent 3cb94db0-6f24-425c-b17a-6944eda0b275: 
Agent ID: 3cb94db0-6f24-425c-b17a-6944eda0b275
Agent 48ccd18f-42c9-46e3-a60e-820536fedb6a: 
Agent ID: 48ccd18f-42c9-46e3-a60e-820536fedb6a
Agent 666f5baf-e983-411d-81b2-603b9f748b44: 
Agent ID: 666f5baf-e983-411d-81b2-603b9f748b44
Agent 6d763d29-e12e-46b4-9a7b-2ac7c206e460: 
Agent ID: 6d763d29-e12e-46b4-9a7b-2ac7c206e460
Agent 7986e23c-22b3-4b62-a912-ef4877d88a62: 
Agent ID: 7986e23c-22b3-4b62-a912-ef4877d88a62
Agent 8cc18d6e-2c7f-431c-8d6a-7001c15251a7: 
Agent ID: 8cc18d6e-2c7f-431c-8d6a-7001c15251a7
Agent a6500526-fad4-4b7d-9d97-70f5f832e43d: 
Agent ID: a6500526-fad4-4b7d-9d97-70f5f832e43d
Agent affb87c7-c4fd-4830-b29e-bf3aa88b2590: 
Agent ID: affb87c7-c4fd-4830-b29e-bf3aa88b2590
Agent b59d9a1f-e97b-4e26-bcdd-5273dc24336f: 
Agent ID: b59d9a1f-e97b-4e26-bcdd-5273dc24336f

Iteration 0, Turn 4:
Agent 25268a18-b81a-4256-83f5-393a0c379f8f: 
Agent ID: 25268a18-b81a-4256-83f5-393a0c379f8f
Agent 28738b70-fbce-461c-a69d-4c167b9bb061: 
Agent ID: 28738b70-fbce-461c-a69d-4c167b9bb061
Agent 3cb94db0-6f24-425c-b17a-6944eda0b275: 
Agent ID: 3cb94db0-6f24-425c-b17a-6944eda0b275
Agent 48ccd18f-42c9-46e3-a60e-820536fedb6a: 
Agent ID: 48ccd18f-42c9-46e3-a60e-820536fedb6a
Agent 666f5baf-e983-411d-81b2-603b9f748b44: 
Agent ID: 666f5baf-e983-411d-81b2-603b9f748b44
Agent 7986e23c-22b3-4b62-a912-ef4877d88a62: 
Agent ID: 7986e23c-22b3-4b62-a912-ef4877d88a62
Agent 8cc18d6e-2c7f-431c-8d6a-7001c15251a7: 
Agent ID: 8cc18d6e-2c7f-431c-8d6a-7001c15251a7
Agent a6500526-fad4-4b7d-9d97-70f5f832e43d: 
Agent ID: a6500526-fad4-4b7d-9d97-70f5f832e43d
Agent affb87c7-c4fd-4830-b29e-bf3aa88b2590: 
Agent ID: affb87c7-c4fd-4830-b29e-bf3aa88b2590
Agent b59d9a1f-e97b-4e26-bcdd-5273dc24336f: 
Agent ID: b59d9a1f-e97b-4e26-bcdd-5273dc24336f

Iteration 1, Turn 0:

Iteration 1, Turn 0:
Agent 25268a18-b81a-4256-83f5-393a0c379f8f: 
Agent ID: 25268a18-b81a-4256-83f5-393a0c379f8f
Agent 3cb94db0-6f24-425c-b17a-6944eda0b275: 
Agent ID: 3cb94db0-6f24-425c-b17a-6944eda0b275
Agent 48ccd18f-42c9-46e3-a60e-820536fedb6a: 
Agent ID: 48ccd18f-42c9-46e3-a60e-820536fedb6a
Agent 666f5baf-e983-411d-81b2-603b9f748b44: 
Agent ID: 666f5baf-e983-411d-81b2-603b9f748b44
Agent 7986e23c-22b3-4b62-a912-ef4877d88a62: 
Agent ID: 7986e23c-22b3-4b62-a912-ef4877d88a62
Agent 8cc18d6e-2c7f-431c-8d6a-7001c15251a7: 
Agent ID: 8cc18d6e-2c7f-431c-8d6a-7001c15251a7
Agent a6500526-fad4-4b7d-9d97-70f5f832e43d: 
Agent ID: a6500526-fad4-4b7d-9d97-70f5f832e43d
Agent affb87c7-c4fd-4830-b29e-bf3aa88b2590: 
Agent ID: affb87c7-c4fd-4830-b29e-bf3aa88b2590
Agent b59d9a1f-e97b-4e26-bcdd-5273dc24336f: 
Agent ID: b59d9a1f-e97b-4e26-bcdd-5273dc24336f

Iteration 1, Turn 1:
Agent 3cb94db0-6f24-425c-b17a-6944eda0b275: 
Agent ID: 3cb94db0-6f24-425c-b17a-6944eda0b275
Agent 48ccd18f-42c9-46e3-a60e-820536fedb6a: 
Agent ID: 48ccd18f-42c9-46e3-a60e-820536fedb6a
Agent 666f5baf-e983-411d-81b2-603b9f748b44: 
Agent ID: 666f5baf-e983-411d-81b2-603b9f748b44
Agent 7986e23c-22b3-4b62-a912-ef4877d88a62: 
Agent ID: 7986e23c-22b3-4b62-a912-ef4877d88a62
Agent 8cc18d6e-2c7f-431c-8d6a-7001c15251a7: 
Agent ID: 8cc18d6e-2c7f-431c-8d6a-7001c15251a7
Agent a6500526-fad4-4b7d-9d97-70f5f832e43d: 
Agent ID: a6500526-fad4-4b7d-9d97-70f5f832e43d
Agent affb87c7-c4fd-4830-b29e-bf3aa88b2590: 
Agent ID: affb87c7-c4fd-4830-b29e-bf3aa88b2590
Agent b59d9a1f-e97b-4e26-bcdd-5273dc24336f: 
Agent ID: b59d9a1f-e97b-4e26-bcdd-5273dc24336f

Iteration 1, Turn 2:
Agent 3cb94db0-6f24-425c-b17a-6944eda0b275: 
Agent ID: 3cb94db0-6f24-425c-b17a-6944eda0b275
Agent 48ccd18f-42c9-46e3-a60e-820536fedb6a: 
Agent ID: 48ccd18f-42c9-46e3-a60e-820536fedb6a
Agent 666f5baf-e983-411d-81b2-603b9f748b44: 
Agent ID: 666f5baf-e983-411d-81b2-603b9f748b44
Agent 7986e23c-22b3-4b62-a912-ef4877d88a62: 
Agent ID: 7986e23c-22b3-4b62-a912-ef4877d88a62
Agent 8cc18d6e-2c7f-431c-8d6a-7001c15251a7: 
Agent ID: 8cc18d6e-2c7f-431c-8d6a-7001c15251a7
Agent a6500526-fad4-4b7d-9d97-70f5f832e43d: 
Agent ID: a6500526-fad4-4b7d-9d97-70f5f832e43d
Agent affb87c7-c4fd-4830-b29e-bf3aa88b2590: 
Agent ID: affb87c7-c4fd-4830-b29e-bf3aa88b2590
Agent b59d9a1f-e97b-4e26-bcdd-5273dc24336f: 
Agent ID: b59d9a1f-e97b-4e26-bcdd-5273dc24336f

Iteration 1, Turn 3:
Agent 3cb94db0-6f24-425c-b17a-6944eda0b275: 
Agent ID: 3cb94db0-6f24-425c-b17a-6944eda0b275
Agent 666f5baf-e983-411d-81b2-603b9f748b44: 
Agent ID: 666f5baf-e983-411d-81b2-603b9f748b44
Agent 8cc18d6e-2c7f-431c-8d6a-7001c15251a7: 
Agent ID: 8cc18d6e-2c7f-431c-8d6a-7001c15251a7
Agent a6500526-fad4-4b7d-9d97-70f5f832e43d: 
Agent ID: a6500526-fad4-4b7d-9d97-70f5f832e43d
Agent affb87c7-c4fd-4830-b29e-bf3aa88b2590: 
Agent ID: affb87c7-c4fd-4830-b29e-bf3aa88b2590
Agent b59d9a1f-e97b-4e26-bcdd-5273dc24336f: 
Agent ID: b59d9a1f-e97b-4e26-bcdd-5273dc24336f

Iteration 1, Turn 4:
Agent 3cb94db0-6f24-425c-b17a-6944eda0b275: 
Agent ID: 3cb94db0-6f24-425c-b17a-6944eda0b275
Agent 666f5baf-e983-411d-81b2-603b9f748b44: 
Agent ID: 666f5baf-e983-411d-81b2-603b9f748b44
Agent 8cc18d6e-2c7f-431c-8d6a-7001c15251a7: 
Agent ID: 8cc18d6e-2c7f-431c-8d6a-7001c15251a7
Agent a6500526-fad4-4b7d-9d97-70f5f832e43d: 
Agent ID: a6500526-fad4-4b7d-9d97-70f5f832e43d
Agent affb87c7-c4fd-4830-b29e-bf3aa88b2590: 
Agent ID: affb87c7-c4fd-4830-b29e-bf3aa88b2590
Agent b59d9a1f-e97b-4e26-bcdd-5273dc24336f: 
Agent ID: b59d9a1f-e97b-4e26-bcdd-5273dc24336f

Iteration 2, Turn 0:

Iteration 2, Turn 0:
Agent 3cb94db0-6f24-425c-b17a-6944eda0b275: 
Agent ID: 3cb94db0-6f24-425c-b17a-6944eda0b275
Agent 666f5baf-e983-411d-81b2-603b9f748b44: 
Agent ID: 666f5baf-e983-411d-81b2-603b9f748b44
Agent 8cc18d6e-2c7f-431c-8d6a-7001c15251a7: 
Agent ID: 8cc18d6e-2c7f-431c-8d6a-7001c15251a7
Agent a6500526-fad4-4b7d-9d97-70f5f832e43d: 
Agent ID: a6500526-fad4-4b7d-9d97-70f5f832e43d
Agent b59d9a1f-e97b-4e26-bcdd-5273dc24336f: 
Agent ID: b59d9a1f-e97b-4e26-bcdd-5273dc24336f

Iteration 2, Turn 1:
Agent 3cb94db0-6f24-425c-b17a-6944eda0b275: 
Agent ID: 3cb94db0-6f24-425c-b17a-6944eda0b275
Agent 666f5baf-e983-411d-81b2-603b9f748b44: 
Agent ID: 666f5baf-e983-411d-81b2-603b9f748b44
Agent 8cc18d6e-2c7f-431c-8d6a-7001c15251a7: 
Agent ID: 8cc18d6e-2c7f-431c-8d6a-7001c15251a7
Agent a6500526-fad4-4b7d-9d97-70f5f832e43d: 
Agent ID: a6500526-fad4-4b7d-9d97-70f5f832e43d
Agent b59d9a1f-e97b-4e26-bcdd-5273dc24336f: 
Agent ID: b59d9a1f-e97b-4e26-bcdd-5273dc24336f

Iteration 2, Turn 2:
Agent 3cb94db0-6f24-425c-b17a-6944eda0b275: 
Agent ID: 3cb94db0-6f24-425c-b17a-6944eda0b275
Agent 8cc18d6e-2c7f-431c-8d6a-7001c15251a7: 
Agent ID: 8cc18d6e-2c7f-431c-8d6a-7001c15251a7
Agent a6500526-fad4-4b7d-9d97-70f5f832e43d: 
Agent ID: a6500526-fad4-4b7d-9d97-70f5f832e43d
Agent b59d9a1f-e97b-4e26-bcdd-5273dc24336f: 
Agent ID: b59d9a1f-e97b-4e26-bcdd-5273dc24336f

Iteration 2, Turn 3:
Agent 3cb94db0-6f24-425c-b17a-6944eda0b275: 
Agent ID: 3cb94db0-6f24-425c-b17a-6944eda0b275
Agent 8cc18d6e-2c7f-431c-8d6a-7001c15251a7: 
Agent ID: 8cc18d6e-2c7f-431c-8d6a-7001c15251a7
Agent a6500526-fad4-4b7d-9d97-70f5f832e43d: 
Agent ID: a6500526-fad4-4b7d-9d97-70f5f832e43d
Agent b59d9a1f-e97b-4e26-bcdd-5273dc24336f: 
Agent ID: b59d9a1f-e97b-4e26-bcdd-5273dc24336f

Iteration 2, Turn 4:
Agent 3cb94db0-6f24-425c-b17a-6944eda0b275: 
Agent ID: 3cb94db0-6f24-425c-b17a-6944eda0b275
Agent 8cc18d6e-2c7f-431c-8d6a-7001c15251a7: 
Agent ID: 8cc18d6e-2c7f-431c-8d6a-7001c15251a7
Agent a6500526-fad4-4b7d-9d97-70f5f832e43d: 
Agent ID: a6500526-fad4-4b7d-9d97-70f5f832e43d
Agent b59d9a1f-e97b-4e26-bcdd-5273dc24336f: 
Agent ID: b59d9a1f-e97b-4e26-bcdd-5273dc24336f
