main function started.
--------Start of iteration 0---------


Iteration 0, Turn 0, current agent count: 16


Iteration 0, Turn 1, current agent count: 16


Iteration 0, Turn 2, current agent count: 15


Iteration 0, Turn 3, current agent count: 13


Iteration 0, Turn 4, current agent count: 13
--------End of iteration 0---------
--------Start of iteration 1---------


Iteration 1, Turn 0, current agent count: 13


Iteration 1, Turn 1, current agent count: 12


Iteration 1, Turn 2, current agent count: 11


Iteration 1, Turn 3, current agent count: 8


Iteration 1, Turn 4, current agent count: 7
--------End of iteration 1---------
--------Start of iteration 2---------


Iteration 2, Turn 0, current agent count: 6


Iteration 2, Turn 1, current agent count: 5


Iteration 2, Turn 2, current agent count: 4


Iteration 2, Turn 3, current agent count: 4


Iteration 2, Turn 4, current agent count: 4
--------End of iteration 2---------


GamePlaybackSummary - playing 18 turn records

Iteration 0, Turn 0:

Iteration 0, Turn 0:
Agent 0213b345-4561-4fed-8d16-29d2f66b837c: 
Agent ID: 0213b345-4561-4fed-8d16-29d2f66b837c
Agent 52fa5e1d-52c2-4253-8fbd-db01fd31c4e8: 
Agent ID: 52fa5e1d-52c2-4253-8fbd-db01fd31c4e8
Agent 61684468-c02b-41ac-aa3e-8e214b9815c8: 
Agent ID: 61684468-c02b-41ac-aa3e-8e214b9815c8
Agent 70bfdd62-534d-4092-91dd-9923c67f6651: 
Agent ID: 70bfdd62-534d-4092-91dd-9923c67f6651
Agent 71b706f3-c9bc-4e33-89ff-e5b71e5ac171: 
Agent ID: 71b706f3-c9bc-4e33-89ff-e5b71e5ac171
Agent 9f517d84-316b-4282-9b0d-965afb2bbf10: 
Agent ID: 9f517d84-316b-4282-9b0d-965afb2bbf10
Agent acebc238-51b8-48cd-a402-2de920b75bb0: 
Agent ID: acebc238-51b8-48cd-a402-2de920b75bb0
Agent b00bf3d2-b91a-4cad-98e0-49a3b454d1bc: 
Agent ID: b00bf3d2-b91a-4cad-98e0-49a3b454d1bc
Agent b54a056e-b71f-4d5c-9254-8b39ed8c3258: 
Agent ID: b54a056e-b71f-4d5c-9254-8b39ed8c3258
Agent b6ddc6c1-f926-40eb-97bc-b8d85b71a0f1: 
Agent ID: b6ddc6c1-f926-40eb-97bc-b8d85b71a0f1
Agent c3b9d37d-05cd-4cc2-851d-2eb7e6db1149: 
Agent ID: c3b9d37d-05cd-4cc2-851d-2eb7e6db1149
Agent e30d1bc1-f4dc-4bb8-9580-bed84100dd7e: 
Agent ID: e30d1bc1-f4dc-4bb8-9580-bed84100dd7e
Agent f062d345-be0d-495a-9c5b-424da5419535: 
Agent ID: f062d345-be0d-495a-9c5b-424da5419535
Agent f3e996be-6988-486a-8455-efde3638587c: 
Agent ID: f3e996be-6988-486a-8455-efde3638587c
Agent f444087e-be90-41b6-8fab-b831980338ec: 
Agent ID: f444087e-be90-41b6-8fab-b831980338ec
Agent f712bf4a-c5cd-4d18-83d0-47be09684a73: 
Agent ID: f712bf4a-c5cd-4d18-83d0-47be09684a73

Iteration 0, Turn 1:
Agent 0213b345-4561-4fed-8d16-29d2f66b837c: 
Agent ID: 0213b345-4561-4fed-8d16-29d2f66b837c
Agent 52fa5e1d-52c2-4253-8fbd-db01fd31c4e8: 
Agent ID: 52fa5e1d-52c2-4253-8fbd-db01fd31c4e8
Agent 61684468-c02b-41ac-aa3e-8e214b9815c8: 
Agent ID: 61684468-c02b-41ac-aa3e-8e214b9815c8
Agent 71b706f3-c9bc-4e33-89ff-e5b71e5ac171: 
Agent ID: 71b706f3-c9bc-4e33-89ff-e5b71e5ac171
Agent 9f517d84-316b-4282-9b0d-965afb2bbf10: 
Agent ID: 9f517d84-316b-4282-9b0d-965afb2bbf10
Agent acebc238-51b8-48cd-a402-2de920b75bb0: 
Agent ID: acebc238-51b8-48cd-a402-2de920b75bb0
Agent b00bf3d2-b91a-4cad-98e0-49a3b454d1bc: 
Agent ID: b00bf3d2-b91a-4cad-98e0-49a3b454d1bc
Agent b54a056e-b71f-4d5c-9254-8b39ed8c3258: 
Agent ID: b54a056e-b71f-4d5c-9254-8b39ed8c3258
Agent b6ddc6c1-f926-40eb-97bc-b8d85b71a0f1: 
Agent ID: b6ddc6c1-f926-40eb-97bc-b8d85b71a0f1
Agent c3b9d37d-05cd-4cc2-851d-2eb7e6db1149: 
Agent ID: c3b9d37d-05cd-4cc2-851d-2eb7e6db1149
Agent e30d1bc1-f4dc-4bb8-9580-bed84100dd7e: 
Agent ID: e30d1bc1-f4dc-4bb8-9580-bed84100dd7e
Agent f062d345-be0d-495a-9c5b-424da5419535: 
Agent ID: f062d345-be0d-495a-9c5b-424da5419535
Agent f3e996be-6988-486a-8455-efde3638587c: 
Agent ID: f3e996be-6988-486a-8455-efde3638587c
Agent f444087e-be90-41b6-8fab-b831980338ec: 
Agent ID: f444087e-be90-41b6-8fab-b831980338ec
Agent f712bf4a-c5cd-4d18-83d0-47be09684a73: 
Agent ID: f712bf4a-c5cd-4d18-83d0-47be09684a73

Iteration 0, Turn 2:
Agent 0213b345-4561-4fed-8d16-29d2f66b837c: 
Agent ID: 0213b345-4561-4fed-8d16-29d2f66b837c
Agent 52fa5e1d-52c2-4253-8fbd-db01fd31c4e8: 
Agent ID: 52fa5e1d-52c2-4253-8fbd-db01fd31c4e8
Agent 61684468-c02b-41ac-aa3e-8e214b9815c8: 
Agent ID: 61684468-c02b-41ac-aa3e-8e214b9815c8
Agent 71b706f3-c9bc-4e33-89ff-e5b71e5ac171: 
Agent ID: 71b706f3-c9bc-4e33-89ff-e5b71e5ac171
Agent 9f517d84-316b-4282-9b0d-965afb2bbf10: 
Agent ID: 9f517d84-316b-4282-9b0d-965afb2bbf10
Agent b00bf3d2-b91a-4cad-98e0-49a3b454d1bc: 
Agent ID: b00bf3d2-b91a-4cad-98e0-49a3b454d1bc
Agent b54a056e-b71f-4d5c-9254-8b39ed8c3258: 
Agent ID: b54a056e-b71f-4d5c-9254-8b39ed8c3258
Agent b6ddc6c1-f926-40eb-97bc-b8d85b71a0f1: 
Agent ID: b6ddc6c1-f926-40eb-97bc-b8d85b71a0f1
Agent c3b9d37d-05cd-4cc2-851d-2eb7e6db1149: 
Agent ID: c3b9d37d-05cd-4cc2-851d-2eb7e6db1149
Agent e30d1bc1-f4dc-4bb8-9580-bed84100dd7e: 
Agent ID: e30d1bc1-f4dc-4bb8-9580-bed84100dd7e
Agent f062d345-be0d-495a-9c5b-424da5419535: 
Agent ID: f062d345-be0d-495a-9c5b-424da5419535
Agent f3e996be-6988-486a-8455-efde3638587c: 
Agent ID: f3e996be-6988-486a-8455-efde3638587c
Agent f712bf4a-c5cd-4d18-83d0-47be09684a73: 
Agent ID: f712bf4a-c5cd-4d18-83d0-47be09684a73

Iteration 0, Turn 3:
Agent 0213b345-4561-4fed-8d16-29d2f66b837c: 
Agent ID: 0213b345-4561-4fed-8d16-29d2f66b837c
Agent 52fa5e1d-52c2-4253-8fbd-db01fd31c4e8: 
Agent ID: 52fa5e1d-52c2-4253-8fbd-db01fd31c4e8
Agent 61684468-c02b-41ac-aa3e-8e214b9815c8: 
Agent ID: 61684468-c02b-41ac-aa3e-8e214b9815c8
Agent 71b706f3-c9bc-4e33-89ff-e5b71e5ac171: 
Agent ID: 71b706f3-c9bc-4e33-89ff-e5b71e5ac171
Agent 9f517d84-316b-4282-9b0d-965afb2bbf10: 
Agent ID: 9f517d84-316b-4282-9b0d-965afb2bbf10
Agent b00bf3d2-b91a-4cad-98e0-49a3b454d1bc: 
Agent ID: b00bf3d2-b91a-4cad-98e0-49a3b454d1bc
Agent b54a056e-b71f-4d5c-9254-8b39ed8c3258: 
Agent ID: b54a056e-b71f-4d5c-9254-8b39ed8c3258
Agent b6ddc6c1-f926-40eb-97bc-b8d85b71a0f1: 
Agent ID: b6ddc6c1-f926-40eb-97bc-b8d85b71a0f1
Agent c3b9d37d-05cd-4cc2-851d-2eb7e6db1149: 
Agent ID: c3b9d37d-05cd-4cc2-851d-2eb7e6db1149
Agent e30d1bc1-f4dc-4bb8-9580-bed84100dd7e: 
Agent ID: e30d1bc1-f4dc-4bb8-9580-bed84100dd7e
Agent f062d345-be0d-495a-9c5b-424da5419535: 
Agent ID: f062d345-be0d-495a-9c5b-424da5419535
Agent f3e996be-6988-486a-8455-efde3638587c: 
Agent ID: f3e996be-6988-486a-8455-efde3638587c
Agent f712bf4a-c5cd-4d18-83d0-47be09684a73: 
Agent ID: f712bf4a-c5cd-4d18-83d0-47be09684a73

Iteration 0, Turn 4:
Agent 0213b345-4561-4fed-8d16-29d2f66b837c: 
Agent ID: 0213b345-4561-4fed-8d16-29d2f66b837c
Agent 52fa5e1d-52c2-4253-8fbd-db01fd31c4e8: 
Agent ID: 52fa5e1d-52c2-4253-8fbd-db01fd31c4e8
Agent 61684468-c02b-41ac-aa3e-8e214b9815c8: 
Agent ID: 61684468-c02b-41ac-aa3e-8e214b9815c8
Agent 71b706f3-c9bc-4e33-89ff-e5b71e5ac171: 
Agent ID: 71b706f3-c9bc-4e33-89ff-e5b71e5ac171
Agent 9f517d84-316b-4282-9b0d-965afb2bbf10: 
Agent ID: 9f517d84-316b-4282-9b0d-965afb2bbf10
Agent b00bf3d2-b91a-4cad-98e0-49a3b454d1bc: 
Agent ID: b00bf3d2-b91a-4cad-98e0-49a3b454d1bc
Agent b54a056e-b71f-4d5c-9254-8b39ed8c3258: 
Agent ID: b54a056e-b71f-4d5c-9254-8b39ed8c3258
Agent b6ddc6c1-f926-40eb-97bc-b8d85b71a0f1: 
Agent ID: b6ddc6c1-f926-40eb-97bc-b8d85b71a0f1
Agent c3b9d37d-05cd-4cc2-851d-2eb7e6db1149: 
Agent ID: c3b9d37d-05cd-4cc2-851d-2eb7e6db1149
Agent e30d1bc1-f4dc-4bb8-9580-bed84100dd7e: 
Agent ID: e30d1bc1-f4dc-4bb8-9580-bed84100dd7e
Agent f062d345-be0d-495a-9c5b-424da5419535: 
Agent ID: f062d345-be0d-495a-9c5b-424da5419535
Agent f3e996be-6988-486a-8455-efde3638587c: 
Agent ID: f3e996be-6988-486a-8455-efde3638587c
Agent f712bf4a-c5cd-4d18-83d0-47be09684a73: 
Agent ID: f712bf4a-c5cd-4d18-83d0-47be09684a73

Iteration 1, Turn 0:

Iteration 1, Turn 0:
Agent 0213b345-4561-4fed-8d16-29d2f66b837c: 
Agent ID: 0213b345-4561-4fed-8d16-29d2f66b837c
Agent 52fa5e1d-52c2-4253-8fbd-db01fd31c4e8: 
Agent ID: 52fa5e1d-52c2-4253-8fbd-db01fd31c4e8
Agent 61684468-c02b-41ac-aa3e-8e214b9815c8: 
Agent ID: 61684468-c02b-41ac-aa3e-8e214b9815c8
Agent 71b706f3-c9bc-4e33-89ff-e5b71e5ac171: 
Agent ID: 71b706f3-c9bc-4e33-89ff-e5b71e5ac171
Agent 9f517d84-316b-4282-9b0d-965afb2bbf10: 
Agent ID: 9f517d84-316b-4282-9b0d-965afb2bbf10
Agent b00bf3d2-b91a-4cad-98e0-49a3b454d1bc: 
Agent ID: b00bf3d2-b91a-4cad-98e0-49a3b454d1bc
Agent b54a056e-b71f-4d5c-9254-8b39ed8c3258: 
Agent ID: b54a056e-b71f-4d5c-9254-8b39ed8c3258
Agent b6ddc6c1-f926-40eb-97bc-b8d85b71a0f1: 
Agent ID: b6ddc6c1-f926-40eb-97bc-b8d85b71a0f1
Agent c3b9d37d-05cd-4cc2-851d-2eb7e6db1149: 
Agent ID: c3b9d37d-05cd-4cc2-851d-2eb7e6db1149
Agent e30d1bc1-f4dc-4bb8-9580-bed84100dd7e: 
Agent ID: e30d1bc1-f4dc-4bb8-9580-bed84100dd7e
Agent f062d345-be0d-495a-9c5b-424da5419535: 
Agent ID: f062d345-be0d-495a-9c5b-424da5419535
Agent f3e996be-6988-486a-8455-efde3638587c: 
Agent ID: f3e996be-6988-486a-8455-efde3638587c

Iteration 1, Turn 1:
Agent 0213b345-4561-4fed-8d16-29d2f66b837c: 
Agent ID: 0213b345-4561-4fed-8d16-29d2f66b837c
Agent 52fa5e1d-52c2-4253-8fbd-db01fd31c4e8: 
Agent ID: 52fa5e1d-52c2-4253-8fbd-db01fd31c4e8
Agent 61684468-c02b-41ac-aa3e-8e214b9815c8: 
Agent ID: 61684468-c02b-41ac-aa3e-8e214b9815c8
Agent 71b706f3-c9bc-4e33-89ff-e5b71e5ac171: 
Agent ID: 71b706f3-c9bc-4e33-89ff-e5b71e5ac171
Agent 9f517d84-316b-4282-9b0d-965afb2bbf10: 
Agent ID: 9f517d84-316b-4282-9b0d-965afb2bbf10
Agent b54a056e-b71f-4d5c-9254-8b39ed8c3258: 
Agent ID: b54a056e-b71f-4d5c-9254-8b39ed8c3258
Agent b6ddc6c1-f926-40eb-97bc-b8d85b71a0f1: 
Agent ID: b6ddc6c1-f926-40eb-97bc-b8d85b71a0f1
Agent c3b9d37d-05cd-4cc2-851d-2eb7e6db1149: 
Agent ID: c3b9d37d-05cd-4cc2-851d-2eb7e6db1149
Agent e30d1bc1-f4dc-4bb8-9580-bed84100dd7e: 
Agent ID: e30d1bc1-f4dc-4bb8-9580-bed84100dd7e
Agent f062d345-be0d-495a-9c5b-424da5419535: 
Agent ID: f062d345-be0d-495a-9c5b-424da5419535
Agent f3e996be-6988-486a-8455-efde3638587c: 
Agent ID: f3e996be-6988-486a-8455-efde3638587c

Iteration 1, Turn 2:
Agent 0213b345-4561-4fed-8d16-29d2f66b837c: 
Agent ID: 0213b345-4561-4fed-8d16-29d2f66b837c
Agent 71b706f3-c9bc-4e33-89ff-e5b71e5ac171: 
Agent ID: 71b706f3-c9bc-4e33-89ff-e5b71e5ac171
Agent 9f517d84-316b-4282-9b0d-965afb2bbf10: 
Agent ID: 9f517d84-316b-4282-9b0d-965afb2bbf10
Agent b54a056e-b71f-4d5c-9254-8b39ed8c3258: 
Agent ID: b54a056e-b71f-4d5c-9254-8b39ed8c3258
Agent b6ddc6c1-f926-40eb-97bc-b8d85b71a0f1: 
Agent ID: b6ddc6c1-f926-40eb-97bc-b8d85b71a0f1
Agent c3b9d37d-05cd-4cc2-851d-2eb7e6db1149: 
Agent ID: c3b9d37d-05cd-4cc2-851d-2eb7e6db1149
Agent e30d1bc1-f4dc-4bb8-9580-bed84100dd7e: 
Agent ID: e30d1bc1-f4dc-4bb8-9580-bed84100dd7e
Agent f062d345-be0d-495a-9c5b-424da5419535: 
Agent ID: f062d345-be0d-495a-9c5b-424da5419535

Iteration 1, Turn 3:
Agent 0213b345-4561-4fed-8d16-29d2f66b837c: 
Agent ID: 0213b345-4561-4fed-8d16-29d2f66b837c
Agent 71b706f3-c9bc-4e33-89ff-e5b71e5ac171: 
Agent ID: 71b706f3-c9bc-4e33-89ff-e5b71e5ac171
Agent b54a056e-b71f-4d5c-9254-8b39ed8c3258: 
Agent ID: b54a056e-b71f-4d5c-9254-8b39ed8c3258
Agent b6ddc6c1-f926-40eb-97bc-b8d85b71a0f1: 
Agent ID: b6ddc6c1-f926-40eb-97bc-b8d85b71a0f1
Agent c3b9d37d-05cd-4cc2-851d-2eb7e6db1149: 
Agent ID: c3b9d37d-05cd-4cc2-851d-2eb7e6db1149
Agent e30d1bc1-f4dc-4bb8-9580-bed84100dd7e: 
Agent ID: e30d1bc1-f4dc-4bb8-9580-bed84100dd7e
Agent f062d345-be0d-495a-9c5b-424da5419535: 
Agent ID: f062d345-be0d-495a-9c5b-424da5419535

Iteration 1, Turn 4:
Agent 0213b345-4561-4fed-8d16-29d2f66b837c: 
Agent ID: 0213b345-4561-4fed-8d16-29d2f66b837c
Agent 71b706f3-c9bc-4e33-89ff-e5b71e5ac171: 
Agent ID: 71b706f3-c9bc-4e33-89ff-e5b71e5ac171
Agent b54a056e-b71f-4d5c-9254-8b39ed8c3258: 
Agent ID: b54a056e-b71f-4d5c-9254-8b39ed8c3258
Agent b6ddc6c1-f926-40eb-97bc-b8d85b71a0f1: 
Agent ID: b6ddc6c1-f926-40eb-97bc-b8d85b71a0f1
Agent e30d1bc1-f4dc-4bb8-9580-bed84100dd7e: 
Agent ID: e30d1bc1-f4dc-4bb8-9580-bed84100dd7e
Agent f062d345-be0d-495a-9c5b-424da5419535: 
Agent ID: f062d345-be0d-495a-9c5b-424da5419535

Iteration 2, Turn 0:

Iteration 2, Turn 0:
Agent 71b706f3-c9bc-4e33-89ff-e5b71e5ac171: 
Agent ID: 71b706f3-c9bc-4e33-89ff-e5b71e5ac171
Agent b54a056e-b71f-4d5c-9254-8b39ed8c3258: 
Agent ID: b54a056e-b71f-4d5c-9254-8b39ed8c3258
Agent b6ddc6c1-f926-40eb-97bc-b8d85b71a0f1: 
Agent ID: b6ddc6c1-f926-40eb-97bc-b8d85b71a0f1
Agent e30d1bc1-f4dc-4bb8-9580-bed84100dd7e: 
Agent ID: e30d1bc1-f4dc-4bb8-9580-bed84100dd7e
Agent f062d345-be0d-495a-9c5b-424da5419535: 
Agent ID: f062d345-be0d-495a-9c5b-424da5419535

Iteration 2, Turn 1:
Agent 71b706f3-c9bc-4e33-89ff-e5b71e5ac171: 
Agent ID: 71b706f3-c9bc-4e33-89ff-e5b71e5ac171
Agent b54a056e-b71f-4d5c-9254-8b39ed8c3258: 
Agent ID: b54a056e-b71f-4d5c-9254-8b39ed8c3258
Agent b6ddc6c1-f926-40eb-97bc-b8d85b71a0f1: 
Agent ID: b6ddc6c1-f926-40eb-97bc-b8d85b71a0f1
Agent e30d1bc1-f4dc-4bb8-9580-bed84100dd7e: 
Agent ID: e30d1bc1-f4dc-4bb8-9580-bed84100dd7e

Iteration 2, Turn 2:
Agent 71b706f3-c9bc-4e33-89ff-e5b71e5ac171: 
Agent ID: 71b706f3-c9bc-4e33-89ff-e5b71e5ac171
Agent b54a056e-b71f-4d5c-9254-8b39ed8c3258: 
Agent ID: b54a056e-b71f-4d5c-9254-8b39ed8c3258
Agent b6ddc6c1-f926-40eb-97bc-b8d85b71a0f1: 
Agent ID: b6ddc6c1-f926-40eb-97bc-b8d85b71a0f1
Agent e30d1bc1-f4dc-4bb8-9580-bed84100dd7e: 
Agent ID: e30d1bc1-f4dc-4bb8-9580-bed84100dd7e

Iteration 2, Turn 3:
Agent 71b706f3-c9bc-4e33-89ff-e5b71e5ac171: 
Agent ID: 71b706f3-c9bc-4e33-89ff-e5b71e5ac171
Agent b54a056e-b71f-4d5c-9254-8b39ed8c3258: 
Agent ID: b54a056e-b71f-4d5c-9254-8b39ed8c3258
Agent b6ddc6c1-f926-40eb-97bc-b8d85b71a0f1: 
Agent ID: b6ddc6c1-f926-40eb-97bc-b8d85b71a0f1
Agent e30d1bc1-f4dc-4bb8-9580-bed84100dd7e: 
Agent ID: e30d1bc1-f4dc-4bb8-9580-bed84100dd7e

Iteration 2, Turn 4:
Agent 71b706f3-c9bc-4e33-89ff-e5b71e5ac171: 
Agent ID: 71b706f3-c9bc-4e33-89ff-e5b71e5ac171
Agent b54a056e-b71f-4d5c-9254-8b39ed8c3258: 
Agent ID: b54a056e-b71f-4d5c-9254-8b39ed8c3258
Agent e30d1bc1-f4dc-4bb8-9580-bed84100dd7e: 
Agent ID: e30d1bc1-f4dc-4bb8-9580-bed84100dd7e
