main function started.
--------Start of iteration 0---------


Iteration 0, Turn 0, current agent count: 5


Iteration 0, Turn 1, current agent count: 5


Iteration 0, Turn 2, current agent count: 5


Iteration 0, Turn 3, current agent count: 5


Iteration 0, Turn 4, current agent count: 5
--------End of iteration 0---------
--------Start of iteration 1---------


Iteration 1, Turn 0, current agent count: 5


Iteration 1, Turn 1, current agent count: 5


Iteration 1, Turn 2, current agent count: 5


Iteration 1, Turn 3, current agent count: 5


Iteration 1, Turn 4, current agent count: 5
--------End of iteration 1---------
--------Start of iteration 2---------


Iteration 2, Turn 0, current agent count: 5


Iteration 2, Turn 1, current agent count: 5


Iteration 2, Turn 2, current agent count: 5


Iteration 2, Turn 3, current agent count: 5


Iteration 2, Turn 4, current agent count: 5
--------End of iteration 2---------


GamePlaybackSummary - playing 18 turn records

Iteration 0, Turn 0:

Iteration 0, Turn 1:
Agent 29e33711-b55b-47de-a60c-440ad1f13900: 
[DEAD] 
Agent ID: 29e33711-b55b-47de-a60c-440ad1f13900
Agent 34195a30-62ad-4ec7-98d7-070ed9f4d8fd: 
Agent ID: 34195a30-62ad-4ec7-98d7-070ed9f4d8fd
Agent 53b47117-a14d-45fc-bc74-91915b34bebc: 
[DEAD] 
Agent ID: 53b47117-a14d-45fc-bc74-91915b34bebc
Agent b0a87478-3298-4a8f-955b-7fc35007d1d9: 
[DEAD] 
Agent ID: b0a87478-3298-4a8f-955b-7fc35007d1d9
Agent da63b016-5f6c-4093-bf53-5370c77a8456: 
Agent ID: da63b016-5f6c-4093-bf53-5370c77a8456

Iteration 0, Turn 2:
Agent 29e33711-b55b-47de-a60c-440ad1f13900: 
[DEAD] 
Agent ID: 29e33711-b55b-47de-a60c-440ad1f13900
Agent 34195a30-62ad-4ec7-98d7-070ed9f4d8fd: 
Agent ID: 34195a30-62ad-4ec7-98d7-070ed9f4d8fd
Agent 53b47117-a14d-45fc-bc74-91915b34bebc: 
[DEAD] 
Agent ID: 53b47117-a14d-45fc-bc74-91915b34bebc
Agent b0a87478-3298-4a8f-955b-7fc35007d1d9: 
[DEAD] 
Agent ID: b0a87478-3298-4a8f-955b-7fc35007d1d9
Agent da63b016-5f6c-4093-bf53-5370c77a8456: 
[DEAD] 
Agent ID: da63b016-5f6c-4093-bf53-5370c77a8456

Iteration 0, Turn 3:
Agent 29e33711-b55b-47de-a60c-440ad1f13900: 
[DEAD] 
Agent ID: 29e33711-b55b-47de-a60c-440ad1f13900
Agent 34195a30-62ad-4ec7-98d7-070ed9f4d8fd: 
[DEAD] 
Agent ID: 34195a30-62ad-4ec7-98d7-070ed9f4d8fd
Agent 53b47117-a14d-45fc-bc74-91915b34bebc: 
[DEAD] 
Agent ID: 53b47117-a14d-45fc-bc74-91915b34bebc
Agent b0a87478-3298-4a8f-955b-7fc35007d1d9: 
[DEAD] 
Agent ID: b0a87478-3298-4a8f-955b-7fc35007d1d9
Agent da63b016-5f6c-4093-bf53-5370c77a8456: 
[DEAD] 
Agent ID: da63b016-5f6c-4093-bf53-5370c77a8456

Iteration 0, Turn 4:
Agent 29e33711-b55b-47de-a60c-440ad1f13900: 
[DEAD] 
Agent ID: 29e33711-b55b-47de-a60c-440ad1f13900
Agent 34195a30-62ad-4ec7-98d7-070ed9f4d8fd: 
[DEAD] 
Agent ID: 34195a30-62ad-4ec7-98d7-070ed9f4d8fd
Agent 53b47117-a14d-45fc-bc74-91915b34bebc: 
[DEAD] 
Agent ID: 53b47117-a14d-45fc-bc74-91915b34bebc
Agent b0a87478-3298-4a8f-955b-7fc35007d1d9: 
[DEAD] 
Agent ID: b0a87478-3298-4a8f-955b-7fc35007d1d9
Agent da63b016-5f6c-4093-bf53-5370c77a8456: 
[DEAD] 
Agent ID: da63b016-5f6c-4093-bf53-5370c77a8456

Iteration 0, Turn 5:
Agent 29e33711-b55b-47de-a60c-440ad1f13900: 
[DEAD] 
Agent ID: 29e33711-b55b-47de-a60c-440ad1f13900
Agent 34195a30-62ad-4ec7-98d7-070ed9f4d8fd: 
[DEAD] 
Agent ID: 34195a30-62ad-4ec7-98d7-070ed9f4d8fd
Agent 53b47117-a14d-45fc-bc74-91915b34bebc: 
[DEAD] 
Agent ID: 53b47117-a14d-45fc-bc74-91915b34bebc
Agent b0a87478-3298-4a8f-955b-7fc35007d1d9: 
[DEAD] 
Agent ID: b0a87478-3298-4a8f-955b-7fc35007d1d9
Agent da63b016-5f6c-4093-bf53-5370c77a8456: 
[DEAD] 
Agent ID: da63b016-5f6c-4093-bf53-5370c77a8456

Iteration 1, Turn 0:

Iteration 1, Turn 1:
Agent 29e33711-b55b-47de-a60c-440ad1f13900: 
[DEAD] 
Agent ID: 29e33711-b55b-47de-a60c-440ad1f13900
Agent 34195a30-62ad-4ec7-98d7-070ed9f4d8fd: 
[DEAD] 
Agent ID: 34195a30-62ad-4ec7-98d7-070ed9f4d8fd
Agent 53b47117-a14d-45fc-bc74-91915b34bebc: 
[DEAD] 
Agent ID: 53b47117-a14d-45fc-bc74-91915b34bebc
Agent b0a87478-3298-4a8f-955b-7fc35007d1d9: 
[DEAD] 
Agent ID: b0a87478-3298-4a8f-955b-7fc35007d1d9
Agent da63b016-5f6c-4093-bf53-5370c77a8456: 
[DEAD] 
Agent ID: da63b016-5f6c-4093-bf53-5370c77a8456

Iteration 1, Turn 2:
Agent 29e33711-b55b-47de-a60c-440ad1f13900: 
[DEAD] 
Agent ID: 29e33711-b55b-47de-a60c-440ad1f13900
Agent 34195a30-62ad-4ec7-98d7-070ed9f4d8fd: 
[DEAD] 
Agent ID: 34195a30-62ad-4ec7-98d7-070ed9f4d8fd
Agent 53b47117-a14d-45fc-bc74-91915b34bebc: 
[DEAD] 
Agent ID: 53b47117-a14d-45fc-bc74-91915b34bebc
Agent b0a87478-3298-4a8f-955b-7fc35007d1d9: 
[DEAD] 
Agent ID: b0a87478-3298-4a8f-955b-7fc35007d1d9
Agent da63b016-5f6c-4093-bf53-5370c77a8456: 
[DEAD] 
Agent ID: da63b016-5f6c-4093-bf53-5370c77a8456

Iteration 1, Turn 3:
Agent 29e33711-b55b-47de-a60c-440ad1f13900: 
[DEAD] 
Agent ID: 29e33711-b55b-47de-a60c-440ad1f13900
Agent 34195a30-62ad-4ec7-98d7-070ed9f4d8fd: 
[DEAD] 
Agent ID: 34195a30-62ad-4ec7-98d7-070ed9f4d8fd
Agent 53b47117-a14d-45fc-bc74-91915b34bebc: 
[DEAD] 
Agent ID: 53b47117-a14d-45fc-bc74-91915b34bebc
Agent b0a87478-3298-4a8f-955b-7fc35007d1d9: 
[DEAD] 
Agent ID: b0a87478-3298-4a8f-955b-7fc35007d1d9
Agent da63b016-5f6c-4093-bf53-5370c77a8456: 
[DEAD] 
Agent ID: da63b016-5f6c-4093-bf53-5370c77a8456

Iteration 1, Turn 4:
Agent 29e33711-b55b-47de-a60c-440ad1f13900: 
[DEAD] 
Agent ID: 29e33711-b55b-47de-a60c-440ad1f13900
Agent 34195a30-62ad-4ec7-98d7-070ed9f4d8fd: 
[DEAD] 
Agent ID: 34195a30-62ad-4ec7-98d7-070ed9f4d8fd
Agent 53b47117-a14d-45fc-bc74-91915b34bebc: 
[DEAD] 
Agent ID: 53b47117-a14d-45fc-bc74-91915b34bebc
Agent b0a87478-3298-4a8f-955b-7fc35007d1d9: 
[DEAD] 
Agent ID: b0a87478-3298-4a8f-955b-7fc35007d1d9
Agent da63b016-5f6c-4093-bf53-5370c77a8456: 
[DEAD] 
Agent ID: da63b016-5f6c-4093-bf53-5370c77a8456

Iteration 1, Turn 5:
Agent 29e33711-b55b-47de-a60c-440ad1f13900: 
[DEAD] 
Agent ID: 29e33711-b55b-47de-a60c-440ad1f13900
Agent 34195a30-62ad-4ec7-98d7-070ed9f4d8fd: 
[DEAD] 
Agent ID: 34195a30-62ad-4ec7-98d7-070ed9f4d8fd
Agent 53b47117-a14d-45fc-bc74-91915b34bebc: 
[DEAD] 
Agent ID: 53b47117-a14d-45fc-bc74-91915b34bebc
Agent b0a87478-3298-4a8f-955b-7fc35007d1d9: 
[DEAD] 
Agent ID: b0a87478-3298-4a8f-955b-7fc35007d1d9
Agent da63b016-5f6c-4093-bf53-5370c77a8456: 
[DEAD] 
Agent ID: da63b016-5f6c-4093-bf53-5370c77a8456

Iteration 2, Turn 0:

Iteration 2, Turn 1:
Agent 29e33711-b55b-47de-a60c-440ad1f13900: 
[DEAD] 
Agent ID: 29e33711-b55b-47de-a60c-440ad1f13900
Agent 34195a30-62ad-4ec7-98d7-070ed9f4d8fd: 
[DEAD] 
Agent ID: 34195a30-62ad-4ec7-98d7-070ed9f4d8fd
Agent 53b47117-a14d-45fc-bc74-91915b34bebc: 
[DEAD] 
Agent ID: 53b47117-a14d-45fc-bc74-91915b34bebc
Agent b0a87478-3298-4a8f-955b-7fc35007d1d9: 
[DEAD] 
Agent ID: b0a87478-3298-4a8f-955b-7fc35007d1d9
Agent da63b016-5f6c-4093-bf53-5370c77a8456: 
[DEAD] 
Agent ID: da63b016-5f6c-4093-bf53-5370c77a8456

Iteration 2, Turn 2:
Agent 29e33711-b55b-47de-a60c-440ad1f13900: 
[DEAD] 
Agent ID: 29e33711-b55b-47de-a60c-440ad1f13900
Agent 34195a30-62ad-4ec7-98d7-070ed9f4d8fd: 
[DEAD] 
Agent ID: 34195a30-62ad-4ec7-98d7-070ed9f4d8fd
Agent 53b47117-a14d-45fc-bc74-91915b34bebc: 
[DEAD] 
Agent ID: 53b47117-a14d-45fc-bc74-91915b34bebc
Agent b0a87478-3298-4a8f-955b-7fc35007d1d9: 
[DEAD] 
Agent ID: b0a87478-3298-4a8f-955b-7fc35007d1d9
Agent da63b016-5f6c-4093-bf53-5370c77a8456: 
[DEAD] 
Agent ID: da63b016-5f6c-4093-bf53-5370c77a8456

Iteration 2, Turn 3:
Agent 29e33711-b55b-47de-a60c-440ad1f13900: 
[DEAD] 
Agent ID: 29e33711-b55b-47de-a60c-440ad1f13900
Agent 34195a30-62ad-4ec7-98d7-070ed9f4d8fd: 
[DEAD] 
Agent ID: 34195a30-62ad-4ec7-98d7-070ed9f4d8fd
Agent 53b47117-a14d-45fc-bc74-91915b34bebc: 
[DEAD] 
Agent ID: 53b47117-a14d-45fc-bc74-91915b34bebc
Agent b0a87478-3298-4a8f-955b-7fc35007d1d9: 
[DEAD] 
Agent ID: b0a87478-3298-4a8f-955b-7fc35007d1d9
Agent da63b016-5f6c-4093-bf53-5370c77a8456: 
[DEAD] 
Agent ID: da63b016-5f6c-4093-bf53-5370c77a8456

Iteration 2, Turn 4:
Agent 29e33711-b55b-47de-a60c-440ad1f13900: 
[DEAD] 
Agent ID: 29e33711-b55b-47de-a60c-440ad1f13900
Agent 34195a30-62ad-4ec7-98d7-070ed9f4d8fd: 
[DEAD] 
Agent ID: 34195a30-62ad-4ec7-98d7-070ed9f4d8fd
Agent 53b47117-a14d-45fc-bc74-91915b34bebc: 
[DEAD] 
Agent ID: 53b47117-a14d-45fc-bc74-91915b34bebc
Agent b0a87478-3298-4a8f-955b-7fc35007d1d9: 
[DEAD] 
Agent ID: b0a87478-3298-4a8f-955b-7fc35007d1d9
Agent da63b016-5f6c-4093-bf53-5370c77a8456: 
[DEAD] 
Agent ID: da63b016-5f6c-4093-bf53-5370c77a8456

Iteration 2, Turn 5:
Agent 29e33711-b55b-47de-a60c-440ad1f13900: 
[DEAD] 
Agent ID: 29e33711-b55b-47de-a60c-440ad1f13900
Agent 34195a30-62ad-4ec7-98d7-070ed9f4d8fd: 
[DEAD] 
Agent ID: 34195a30-62ad-4ec7-98d7-070ed9f4d8fd
Agent 53b47117-a14d-45fc-bc74-91915b34bebc: 
[DEAD] 
Agent ID: 53b47117-a14d-45fc-bc74-91915b34bebc
Agent b0a87478-3298-4a8f-955b-7fc35007d1d9: 
[DEAD] 
Agent ID: b0a87478-3298-4a8f-955b-7fc35007d1d9
Agent da63b016-5f6c-4093-bf53-5370c77a8456: 
[DEAD] 
Agent ID: da63b016-5f6c-4093-bf53-5370c77a8456
