main function started.
--------Start of iteration 0---------


Iteration 0, Turn 0, current agent count: 16


Iteration 0, Turn 1, current agent count: 16


Iteration 0, Turn 2, current agent count: 15


Iteration 0, Turn 3, current agent count: 13


Iteration 0, Turn 4, current agent count: 13
--------End of iteration 0---------
--------Start of iteration 1---------


Iteration 1, Turn 0, current agent count: 12


Iteration 1, Turn 1, current agent count: 11


Iteration 1, Turn 2, current agent count: 11


Iteration 1, Turn 3, current agent count: 11


Iteration 1, Turn 4, current agent count: 10
--------End of iteration 1---------
--------Start of iteration 2---------


Iteration 2, Turn 0, current agent count: 9


Iteration 2, Turn 1, current agent count: 8


Iteration 2, Turn 2, current agent count: 7


Iteration 2, Turn 3, current agent count: 7


Iteration 2, Turn 4, current agent count: 6
--------End of iteration 2---------


GamePlaybackSummary - playing 18 turn records

Iteration 0, Turn 0:

Iteration 0, Turn 0:
Agent 28e9311d-868a-4969-b334-b4151eb86150: 
Agent ID: 28e9311d-868a-4969-b334-b4151eb86150
Agent 312c277a-b41b-4cc1-8bad-ba5d3e9415ec: 
Agent ID: 312c277a-b41b-4cc1-8bad-ba5d3e9415ec
Agent 43fbc3bf-409b-4cff-8948-145b783a2d9d: 
Agent ID: 43fbc3bf-409b-4cff-8948-145b783a2d9d
Agent 4d763dc7-1e0b-48d6-ab4e-3522db832e96: 
Agent ID: 4d763dc7-1e0b-48d6-ab4e-3522db832e96
Agent 4f2e2943-4692-44f5-aabb-e142408ac4d4: 
Agent ID: 4f2e2943-4692-44f5-aabb-e142408ac4d4
Agent 550ba01f-9fa4-4e0e-9630-944e50aad56b: 
Agent ID: 550ba01f-9fa4-4e0e-9630-944e50aad56b
Agent 6226db4d-fbe1-453f-8e28-69dae5bf9d68: 
Agent ID: 6226db4d-fbe1-453f-8e28-69dae5bf9d68
Agent 69ecb41c-db6b-42bd-93b4-26763eebed73: 
Agent ID: 69ecb41c-db6b-42bd-93b4-26763eebed73
Agent 8891b1f4-540a-4186-bfde-4a15f63e748c: 
Agent ID: 8891b1f4-540a-4186-bfde-4a15f63e748c
Agent 8d000e87-f235-4ae4-8cf2-8f72ff228c68: 
Agent ID: 8d000e87-f235-4ae4-8cf2-8f72ff228c68
Agent b0f7c5df-de13-4069-8f49-4979f7bb6abe: 
Agent ID: b0f7c5df-de13-4069-8f49-4979f7bb6abe
Agent c09c3a7d-75d3-481f-8d5b-5adb48f83c5a: 
Agent ID: c09c3a7d-75d3-481f-8d5b-5adb48f83c5a
Agent cf85e8d2-8125-4836-a97d-c52fb6aba9f3: 
Agent ID: cf85e8d2-8125-4836-a97d-c52fb6aba9f3
Agent e1e500dc-8ce4-4647-834a-87af352f18e0: 
Agent ID: e1e500dc-8ce4-4647-834a-87af352f18e0
Agent f6ad289b-d498-4020-bc3b-85550989836a: 
Agent ID: f6ad289b-d498-4020-bc3b-85550989836a
Agent f87d61ec-195e-4a2b-8ff9-8edb32491911: 
Agent ID: f87d61ec-195e-4a2b-8ff9-8edb32491911

Iteration 0, Turn 1:
Agent 28e9311d-868a-4969-b334-b4151eb86150: 
Agent ID: 28e9311d-868a-4969-b334-b4151eb86150
Agent 312c277a-b41b-4cc1-8bad-ba5d3e9415ec: 
Agent ID: 312c277a-b41b-4cc1-8bad-ba5d3e9415ec
Agent 43fbc3bf-409b-4cff-8948-145b783a2d9d: 
Agent ID: 43fbc3bf-409b-4cff-8948-145b783a2d9d
Agent 4d763dc7-1e0b-48d6-ab4e-3522db832e96: 
Agent ID: 4d763dc7-1e0b-48d6-ab4e-3522db832e96
Agent 4f2e2943-4692-44f5-aabb-e142408ac4d4: 
Agent ID: 4f2e2943-4692-44f5-aabb-e142408ac4d4
Agent 550ba01f-9fa4-4e0e-9630-944e50aad56b: 
Agent ID: 550ba01f-9fa4-4e0e-9630-944e50aad56b
Agent 6226db4d-fbe1-453f-8e28-69dae5bf9d68: 
Agent ID: 6226db4d-fbe1-453f-8e28-69dae5bf9d68
Agent 69ecb41c-db6b-42bd-93b4-26763eebed73: 
Agent ID: 69ecb41c-db6b-42bd-93b4-26763eebed73
Agent 8891b1f4-540a-4186-bfde-4a15f63e748c: 
Agent ID: 8891b1f4-540a-4186-bfde-4a15f63e748c
Agent 8d000e87-f235-4ae4-8cf2-8f72ff228c68: 
Agent ID: 8d000e87-f235-4ae4-8cf2-8f72ff228c68
Agent b0f7c5df-de13-4069-8f49-4979f7bb6abe: 
Agent ID: b0f7c5df-de13-4069-8f49-4979f7bb6abe
Agent c09c3a7d-75d3-481f-8d5b-5adb48f83c5a: 
Agent ID: c09c3a7d-75d3-481f-8d5b-5adb48f83c5a
Agent cf85e8d2-8125-4836-a97d-c52fb6aba9f3: 
Agent ID: cf85e8d2-8125-4836-a97d-c52fb6aba9f3
Agent e1e500dc-8ce4-4647-834a-87af352f18e0: 
Agent ID: e1e500dc-8ce4-4647-834a-87af352f18e0
Agent f87d61ec-195e-4a2b-8ff9-8edb32491911: 
Agent ID: f87d61ec-195e-4a2b-8ff9-8edb32491911

Iteration 0, Turn 2:
Agent 28e9311d-868a-4969-b334-b4151eb86150: 
Agent ID: 28e9311d-868a-4969-b334-b4151eb86150
Agent 312c277a-b41b-4cc1-8bad-ba5d3e9415ec: 
Agent ID: 312c277a-b41b-4cc1-8bad-ba5d3e9415ec
Agent 43fbc3bf-409b-4cff-8948-145b783a2d9d: 
Agent ID: 43fbc3bf-409b-4cff-8948-145b783a2d9d
Agent 4f2e2943-4692-44f5-aabb-e142408ac4d4: 
Agent ID: 4f2e2943-4692-44f5-aabb-e142408ac4d4
Agent 550ba01f-9fa4-4e0e-9630-944e50aad56b: 
Agent ID: 550ba01f-9fa4-4e0e-9630-944e50aad56b
Agent 6226db4d-fbe1-453f-8e28-69dae5bf9d68: 
Agent ID: 6226db4d-fbe1-453f-8e28-69dae5bf9d68
Agent 69ecb41c-db6b-42bd-93b4-26763eebed73: 
Agent ID: 69ecb41c-db6b-42bd-93b4-26763eebed73
Agent 8891b1f4-540a-4186-bfde-4a15f63e748c: 
Agent ID: 8891b1f4-540a-4186-bfde-4a15f63e748c
Agent 8d000e87-f235-4ae4-8cf2-8f72ff228c68: 
Agent ID: 8d000e87-f235-4ae4-8cf2-8f72ff228c68
Agent b0f7c5df-de13-4069-8f49-4979f7bb6abe: 
Agent ID: b0f7c5df-de13-4069-8f49-4979f7bb6abe
Agent cf85e8d2-8125-4836-a97d-c52fb6aba9f3: 
Agent ID: cf85e8d2-8125-4836-a97d-c52fb6aba9f3
Agent e1e500dc-8ce4-4647-834a-87af352f18e0: 
Agent ID: e1e500dc-8ce4-4647-834a-87af352f18e0
Agent f87d61ec-195e-4a2b-8ff9-8edb32491911: 
Agent ID: f87d61ec-195e-4a2b-8ff9-8edb32491911

Iteration 0, Turn 3:
Agent 28e9311d-868a-4969-b334-b4151eb86150: 
Agent ID: 28e9311d-868a-4969-b334-b4151eb86150
Agent 312c277a-b41b-4cc1-8bad-ba5d3e9415ec: 
Agent ID: 312c277a-b41b-4cc1-8bad-ba5d3e9415ec
Agent 43fbc3bf-409b-4cff-8948-145b783a2d9d: 
Agent ID: 43fbc3bf-409b-4cff-8948-145b783a2d9d
Agent 4f2e2943-4692-44f5-aabb-e142408ac4d4: 
Agent ID: 4f2e2943-4692-44f5-aabb-e142408ac4d4
Agent 550ba01f-9fa4-4e0e-9630-944e50aad56b: 
Agent ID: 550ba01f-9fa4-4e0e-9630-944e50aad56b
Agent 6226db4d-fbe1-453f-8e28-69dae5bf9d68: 
Agent ID: 6226db4d-fbe1-453f-8e28-69dae5bf9d68
Agent 69ecb41c-db6b-42bd-93b4-26763eebed73: 
Agent ID: 69ecb41c-db6b-42bd-93b4-26763eebed73
Agent 8891b1f4-540a-4186-bfde-4a15f63e748c: 
Agent ID: 8891b1f4-540a-4186-bfde-4a15f63e748c
Agent 8d000e87-f235-4ae4-8cf2-8f72ff228c68: 
Agent ID: 8d000e87-f235-4ae4-8cf2-8f72ff228c68
Agent b0f7c5df-de13-4069-8f49-4979f7bb6abe: 
Agent ID: b0f7c5df-de13-4069-8f49-4979f7bb6abe
Agent cf85e8d2-8125-4836-a97d-c52fb6aba9f3: 
Agent ID: cf85e8d2-8125-4836-a97d-c52fb6aba9f3
Agent e1e500dc-8ce4-4647-834a-87af352f18e0: 
Agent ID: e1e500dc-8ce4-4647-834a-87af352f18e0
Agent f87d61ec-195e-4a2b-8ff9-8edb32491911: 
Agent ID: f87d61ec-195e-4a2b-8ff9-8edb32491911

Iteration 0, Turn 4:
Agent 28e9311d-868a-4969-b334-b4151eb86150: 
Agent ID: 28e9311d-868a-4969-b334-b4151eb86150
Agent 312c277a-b41b-4cc1-8bad-ba5d3e9415ec: 
Agent ID: 312c277a-b41b-4cc1-8bad-ba5d3e9415ec
Agent 43fbc3bf-409b-4cff-8948-145b783a2d9d: 
Agent ID: 43fbc3bf-409b-4cff-8948-145b783a2d9d
Agent 4f2e2943-4692-44f5-aabb-e142408ac4d4: 
Agent ID: 4f2e2943-4692-44f5-aabb-e142408ac4d4
Agent 550ba01f-9fa4-4e0e-9630-944e50aad56b: 
Agent ID: 550ba01f-9fa4-4e0e-9630-944e50aad56b
Agent 6226db4d-fbe1-453f-8e28-69dae5bf9d68: 
Agent ID: 6226db4d-fbe1-453f-8e28-69dae5bf9d68
Agent 69ecb41c-db6b-42bd-93b4-26763eebed73: 
Agent ID: 69ecb41c-db6b-42bd-93b4-26763eebed73
Agent 8d000e87-f235-4ae4-8cf2-8f72ff228c68: 
Agent ID: 8d000e87-f235-4ae4-8cf2-8f72ff228c68
Agent b0f7c5df-de13-4069-8f49-4979f7bb6abe: 
Agent ID: b0f7c5df-de13-4069-8f49-4979f7bb6abe
Agent cf85e8d2-8125-4836-a97d-c52fb6aba9f3: 
Agent ID: cf85e8d2-8125-4836-a97d-c52fb6aba9f3
Agent e1e500dc-8ce4-4647-834a-87af352f18e0: 
Agent ID: e1e500dc-8ce4-4647-834a-87af352f18e0
Agent f87d61ec-195e-4a2b-8ff9-8edb32491911: 
Agent ID: f87d61ec-195e-4a2b-8ff9-8edb32491911

Iteration 1, Turn 0:

Iteration 1, Turn 0:
Agent 28e9311d-868a-4969-b334-b4151eb86150: 
Agent ID: 28e9311d-868a-4969-b334-b4151eb86150
Agent 312c277a-b41b-4cc1-8bad-ba5d3e9415ec: 
Agent ID: 312c277a-b41b-4cc1-8bad-ba5d3e9415ec
Agent 43fbc3bf-409b-4cff-8948-145b783a2d9d: 
Agent ID: 43fbc3bf-409b-4cff-8948-145b783a2d9d
Agent 4f2e2943-4692-44f5-aabb-e142408ac4d4: 
Agent ID: 4f2e2943-4692-44f5-aabb-e142408ac4d4
Agent 550ba01f-9fa4-4e0e-9630-944e50aad56b: 
Agent ID: 550ba01f-9fa4-4e0e-9630-944e50aad56b
Agent 6226db4d-fbe1-453f-8e28-69dae5bf9d68: 
Agent ID: 6226db4d-fbe1-453f-8e28-69dae5bf9d68
Agent 69ecb41c-db6b-42bd-93b4-26763eebed73: 
Agent ID: 69ecb41c-db6b-42bd-93b4-26763eebed73
Agent 8d000e87-f235-4ae4-8cf2-8f72ff228c68: 
Agent ID: 8d000e87-f235-4ae4-8cf2-8f72ff228c68
Agent b0f7c5df-de13-4069-8f49-4979f7bb6abe: 
Agent ID: b0f7c5df-de13-4069-8f49-4979f7bb6abe
Agent cf85e8d2-8125-4836-a97d-c52fb6aba9f3: 
Agent ID: cf85e8d2-8125-4836-a97d-c52fb6aba9f3
Agent e1e500dc-8ce4-4647-834a-87af352f18e0: 
Agent ID: e1e500dc-8ce4-4647-834a-87af352f18e0

Iteration 1, Turn 1:
Agent 28e9311d-868a-4969-b334-b4151eb86150: 
Agent ID: 28e9311d-868a-4969-b334-b4151eb86150
Agent 312c277a-b41b-4cc1-8bad-ba5d3e9415ec: 
Agent ID: 312c277a-b41b-4cc1-8bad-ba5d3e9415ec
Agent 43fbc3bf-409b-4cff-8948-145b783a2d9d: 
Agent ID: 43fbc3bf-409b-4cff-8948-145b783a2d9d
Agent 4f2e2943-4692-44f5-aabb-e142408ac4d4: 
Agent ID: 4f2e2943-4692-44f5-aabb-e142408ac4d4
Agent 550ba01f-9fa4-4e0e-9630-944e50aad56b: 
Agent ID: 550ba01f-9fa4-4e0e-9630-944e50aad56b
Agent 6226db4d-fbe1-453f-8e28-69dae5bf9d68: 
Agent ID: 6226db4d-fbe1-453f-8e28-69dae5bf9d68
Agent 69ecb41c-db6b-42bd-93b4-26763eebed73: 
Agent ID: 69ecb41c-db6b-42bd-93b4-26763eebed73
Agent 8d000e87-f235-4ae4-8cf2-8f72ff228c68: 
Agent ID: 8d000e87-f235-4ae4-8cf2-8f72ff228c68
Agent b0f7c5df-de13-4069-8f49-4979f7bb6abe: 
Agent ID: b0f7c5df-de13-4069-8f49-4979f7bb6abe
Agent cf85e8d2-8125-4836-a97d-c52fb6aba9f3: 
Agent ID: cf85e8d2-8125-4836-a97d-c52fb6aba9f3
Agent e1e500dc-8ce4-4647-834a-87af352f18e0: 
Agent ID: e1e500dc-8ce4-4647-834a-87af352f18e0

Iteration 1, Turn 2:
Agent 28e9311d-868a-4969-b334-b4151eb86150: 
Agent ID: 28e9311d-868a-4969-b334-b4151eb86150
Agent 312c277a-b41b-4cc1-8bad-ba5d3e9415ec: 
Agent ID: 312c277a-b41b-4cc1-8bad-ba5d3e9415ec
Agent 43fbc3bf-409b-4cff-8948-145b783a2d9d: 
Agent ID: 43fbc3bf-409b-4cff-8948-145b783a2d9d
Agent 4f2e2943-4692-44f5-aabb-e142408ac4d4: 
Agent ID: 4f2e2943-4692-44f5-aabb-e142408ac4d4
Agent 550ba01f-9fa4-4e0e-9630-944e50aad56b: 
Agent ID: 550ba01f-9fa4-4e0e-9630-944e50aad56b
Agent 6226db4d-fbe1-453f-8e28-69dae5bf9d68: 
Agent ID: 6226db4d-fbe1-453f-8e28-69dae5bf9d68
Agent 69ecb41c-db6b-42bd-93b4-26763eebed73: 
Agent ID: 69ecb41c-db6b-42bd-93b4-26763eebed73
Agent 8d000e87-f235-4ae4-8cf2-8f72ff228c68: 
Agent ID: 8d000e87-f235-4ae4-8cf2-8f72ff228c68
Agent b0f7c5df-de13-4069-8f49-4979f7bb6abe: 
Agent ID: b0f7c5df-de13-4069-8f49-4979f7bb6abe
Agent cf85e8d2-8125-4836-a97d-c52fb6aba9f3: 
Agent ID: cf85e8d2-8125-4836-a97d-c52fb6aba9f3
Agent e1e500dc-8ce4-4647-834a-87af352f18e0: 
Agent ID: e1e500dc-8ce4-4647-834a-87af352f18e0

Iteration 1, Turn 3:
Agent 28e9311d-868a-4969-b334-b4151eb86150: 
Agent ID: 28e9311d-868a-4969-b334-b4151eb86150
Agent 43fbc3bf-409b-4cff-8948-145b783a2d9d: 
Agent ID: 43fbc3bf-409b-4cff-8948-145b783a2d9d
Agent 4f2e2943-4692-44f5-aabb-e142408ac4d4: 
Agent ID: 4f2e2943-4692-44f5-aabb-e142408ac4d4
Agent 550ba01f-9fa4-4e0e-9630-944e50aad56b: 
Agent ID: 550ba01f-9fa4-4e0e-9630-944e50aad56b
Agent 6226db4d-fbe1-453f-8e28-69dae5bf9d68: 
Agent ID: 6226db4d-fbe1-453f-8e28-69dae5bf9d68
Agent 69ecb41c-db6b-42bd-93b4-26763eebed73: 
Agent ID: 69ecb41c-db6b-42bd-93b4-26763eebed73
Agent 8d000e87-f235-4ae4-8cf2-8f72ff228c68: 
Agent ID: 8d000e87-f235-4ae4-8cf2-8f72ff228c68
Agent b0f7c5df-de13-4069-8f49-4979f7bb6abe: 
Agent ID: b0f7c5df-de13-4069-8f49-4979f7bb6abe
Agent cf85e8d2-8125-4836-a97d-c52fb6aba9f3: 
Agent ID: cf85e8d2-8125-4836-a97d-c52fb6aba9f3
Agent e1e500dc-8ce4-4647-834a-87af352f18e0: 
Agent ID: e1e500dc-8ce4-4647-834a-87af352f18e0

Iteration 1, Turn 4:
Agent 28e9311d-868a-4969-b334-b4151eb86150: 
Agent ID: 28e9311d-868a-4969-b334-b4151eb86150
Agent 43fbc3bf-409b-4cff-8948-145b783a2d9d: 
Agent ID: 43fbc3bf-409b-4cff-8948-145b783a2d9d
Agent 4f2e2943-4692-44f5-aabb-e142408ac4d4: 
Agent ID: 4f2e2943-4692-44f5-aabb-e142408ac4d4
Agent 550ba01f-9fa4-4e0e-9630-944e50aad56b: 
Agent ID: 550ba01f-9fa4-4e0e-9630-944e50aad56b
Agent 69ecb41c-db6b-42bd-93b4-26763eebed73: 
Agent ID: 69ecb41c-db6b-42bd-93b4-26763eebed73
Agent 8d000e87-f235-4ae4-8cf2-8f72ff228c68: 
Agent ID: 8d000e87-f235-4ae4-8cf2-8f72ff228c68
Agent b0f7c5df-de13-4069-8f49-4979f7bb6abe: 
Agent ID: b0f7c5df-de13-4069-8f49-4979f7bb6abe
Agent cf85e8d2-8125-4836-a97d-c52fb6aba9f3: 
Agent ID: cf85e8d2-8125-4836-a97d-c52fb6aba9f3
Agent e1e500dc-8ce4-4647-834a-87af352f18e0: 
Agent ID: e1e500dc-8ce4-4647-834a-87af352f18e0

Iteration 2, Turn 0:

Iteration 2, Turn 0:
Agent 28e9311d-868a-4969-b334-b4151eb86150: 
Agent ID: 28e9311d-868a-4969-b334-b4151eb86150
Agent 43fbc3bf-409b-4cff-8948-145b783a2d9d: 
Agent ID: 43fbc3bf-409b-4cff-8948-145b783a2d9d
Agent 4f2e2943-4692-44f5-aabb-e142408ac4d4: 
Agent ID: 4f2e2943-4692-44f5-aabb-e142408ac4d4
Agent 550ba01f-9fa4-4e0e-9630-944e50aad56b: 
Agent ID: 550ba01f-9fa4-4e0e-9630-944e50aad56b
Agent 69ecb41c-db6b-42bd-93b4-26763eebed73: 
Agent ID: 69ecb41c-db6b-42bd-93b4-26763eebed73
Agent 8d000e87-f235-4ae4-8cf2-8f72ff228c68: 
Agent ID: 8d000e87-f235-4ae4-8cf2-8f72ff228c68
Agent b0f7c5df-de13-4069-8f49-4979f7bb6abe: 
Agent ID: b0f7c5df-de13-4069-8f49-4979f7bb6abe
Agent e1e500dc-8ce4-4647-834a-87af352f18e0: 
Agent ID: e1e500dc-8ce4-4647-834a-87af352f18e0

Iteration 2, Turn 1:
Agent 28e9311d-868a-4969-b334-b4151eb86150: 
Agent ID: 28e9311d-868a-4969-b334-b4151eb86150
Agent 43fbc3bf-409b-4cff-8948-145b783a2d9d: 
Agent ID: 43fbc3bf-409b-4cff-8948-145b783a2d9d
Agent 4f2e2943-4692-44f5-aabb-e142408ac4d4: 
Agent ID: 4f2e2943-4692-44f5-aabb-e142408ac4d4
Agent 550ba01f-9fa4-4e0e-9630-944e50aad56b: 
Agent ID: 550ba01f-9fa4-4e0e-9630-944e50aad56b
Agent 8d000e87-f235-4ae4-8cf2-8f72ff228c68: 
Agent ID: 8d000e87-f235-4ae4-8cf2-8f72ff228c68
Agent b0f7c5df-de13-4069-8f49-4979f7bb6abe: 
Agent ID: b0f7c5df-de13-4069-8f49-4979f7bb6abe
Agent e1e500dc-8ce4-4647-834a-87af352f18e0: 
Agent ID: e1e500dc-8ce4-4647-834a-87af352f18e0

Iteration 2, Turn 2:
Agent 28e9311d-868a-4969-b334-b4151eb86150: 
Agent ID: 28e9311d-868a-4969-b334-b4151eb86150
Agent 43fbc3bf-409b-4cff-8948-145b783a2d9d: 
Agent ID: 43fbc3bf-409b-4cff-8948-145b783a2d9d
Agent 4f2e2943-4692-44f5-aabb-e142408ac4d4: 
Agent ID: 4f2e2943-4692-44f5-aabb-e142408ac4d4
Agent 550ba01f-9fa4-4e0e-9630-944e50aad56b: 
Agent ID: 550ba01f-9fa4-4e0e-9630-944e50aad56b
Agent 8d000e87-f235-4ae4-8cf2-8f72ff228c68: 
Agent ID: 8d000e87-f235-4ae4-8cf2-8f72ff228c68
Agent b0f7c5df-de13-4069-8f49-4979f7bb6abe: 
Agent ID: b0f7c5df-de13-4069-8f49-4979f7bb6abe
Agent e1e500dc-8ce4-4647-834a-87af352f18e0: 
Agent ID: e1e500dc-8ce4-4647-834a-87af352f18e0

Iteration 2, Turn 3:
Agent 28e9311d-868a-4969-b334-b4151eb86150: 
Agent ID: 28e9311d-868a-4969-b334-b4151eb86150
Agent 4f2e2943-4692-44f5-aabb-e142408ac4d4: 
Agent ID: 4f2e2943-4692-44f5-aabb-e142408ac4d4
Agent 550ba01f-9fa4-4e0e-9630-944e50aad56b: 
Agent ID: 550ba01f-9fa4-4e0e-9630-944e50aad56b
Agent 8d000e87-f235-4ae4-8cf2-8f72ff228c68: 
Agent ID: 8d000e87-f235-4ae4-8cf2-8f72ff228c68
Agent b0f7c5df-de13-4069-8f49-4979f7bb6abe: 
Agent ID: b0f7c5df-de13-4069-8f49-4979f7bb6abe
Agent e1e500dc-8ce4-4647-834a-87af352f18e0: 
Agent ID: e1e500dc-8ce4-4647-834a-87af352f18e0

Iteration 2, Turn 4:
Agent 28e9311d-868a-4969-b334-b4151eb86150: 
Agent ID: 28e9311d-868a-4969-b334-b4151eb86150
Agent 4f2e2943-4692-44f5-aabb-e142408ac4d4: 
Agent ID: 4f2e2943-4692-44f5-aabb-e142408ac4d4
Agent 550ba01f-9fa4-4e0e-9630-944e50aad56b: 
Agent ID: 550ba01f-9fa4-4e0e-9630-944e50aad56b
Agent 8d000e87-f235-4ae4-8cf2-8f72ff228c68: 
Agent ID: 8d000e87-f235-4ae4-8cf2-8f72ff228c68
Agent b0f7c5df-de13-4069-8f49-4979f7bb6abe: 
Agent ID: b0f7c5df-de13-4069-8f49-4979f7bb6abe
Agent e1e500dc-8ce4-4647-834a-87af352f18e0: 
Agent ID: e1e500dc-8ce4-4647-834a-87af352f18e0
