main function started.
--------Start of iteration 0---------


Iteration 0, Turn 0, current agent count: 5


Iteration 0, Turn 1, current agent count: 5


Iteration 0, Turn 2, current agent count: 5


Iteration 0, Turn 3, current agent count: 5


Iteration 0, Turn 4, current agent count: 5
--------End of iteration 0---------
--------Start of iteration 1---------


Iteration 1, Turn 0, current agent count: 5


Iteration 1, Turn 1, current agent count: 5


Iteration 1, Turn 2, current agent count: 5


Iteration 1, Turn 3, current agent count: 5


Iteration 1, Turn 4, current agent count: 5
--------End of iteration 1---------
--------Start of iteration 2---------


Iteration 2, Turn 0, current agent count: 5


Iteration 2, Turn 1, current agent count: 5


Iteration 2, Turn 2, current agent count: 5


Iteration 2, Turn 3, current agent count: 5


Iteration 2, Turn 4, current agent count: 5
--------End of iteration 2---------


GamePlaybackSummary - playing 18 turn records

Iteration 0, Turn 0:

Iteration 0, Turn 1:
Agent 37db9120-ee7b-4d4c-b042-d51e14d892b2: 
[DEAD] 
Agent ID: 37db9120-ee7b-4d4c-b042-d51e14d892b2
Agent 6b260900-6159-4d19-824e-8966728de25c: 
Agent ID: 6b260900-6159-4d19-824e-8966728de25c
Agent aacfc5c8-776a-40a4-980d-3cb828ff7aea: 
[DEAD] 
Agent ID: aacfc5c8-776a-40a4-980d-3cb828ff7aea
Agent ba6d2827-0432-4594-806d-8985e902b739: 
Agent ID: ba6d2827-0432-4594-806d-8985e902b739
Agent f457fa59-69df-43eb-8aa9-459115e46242: 
[DEAD] 
Agent ID: f457fa59-69df-43eb-8aa9-459115e46242

Iteration 0, Turn 2:
Agent 37db9120-ee7b-4d4c-b042-d51e14d892b2: 
[DEAD] 
Agent ID: 37db9120-ee7b-4d4c-b042-d51e14d892b2
Agent 6b260900-6159-4d19-824e-8966728de25c: 
Agent ID: 6b260900-6159-4d19-824e-8966728de25c
Agent aacfc5c8-776a-40a4-980d-3cb828ff7aea: 
[DEAD] 
Agent ID: aacfc5c8-776a-40a4-980d-3cb828ff7aea
Agent ba6d2827-0432-4594-806d-8985e902b739: 
[DEAD] 
Agent ID: ba6d2827-0432-4594-806d-8985e902b739
Agent f457fa59-69df-43eb-8aa9-459115e46242: 
[DEAD] 
Agent ID: f457fa59-69df-43eb-8aa9-459115e46242

Iteration 0, Turn 3:
Agent 37db9120-ee7b-4d4c-b042-d51e14d892b2: 
[DEAD] 
Agent ID: 37db9120-ee7b-4d4c-b042-d51e14d892b2
Agent 6b260900-6159-4d19-824e-8966728de25c: 
[DEAD] 
Agent ID: 6b260900-6159-4d19-824e-8966728de25c
Agent aacfc5c8-776a-40a4-980d-3cb828ff7aea: 
[DEAD] 
Agent ID: aacfc5c8-776a-40a4-980d-3cb828ff7aea
Agent ba6d2827-0432-4594-806d-8985e902b739: 
[DEAD] 
Agent ID: ba6d2827-0432-4594-806d-8985e902b739
Agent f457fa59-69df-43eb-8aa9-459115e46242: 
[DEAD] 
Agent ID: f457fa59-69df-43eb-8aa9-459115e46242

Iteration 0, Turn 4:
Agent 37db9120-ee7b-4d4c-b042-d51e14d892b2: 
[DEAD] 
Agent ID: 37db9120-ee7b-4d4c-b042-d51e14d892b2
Agent 6b260900-6159-4d19-824e-8966728de25c: 
[DEAD] 
Agent ID: 6b260900-6159-4d19-824e-8966728de25c
Agent aacfc5c8-776a-40a4-980d-3cb828ff7aea: 
[DEAD] 
Agent ID: aacfc5c8-776a-40a4-980d-3cb828ff7aea
Agent ba6d2827-0432-4594-806d-8985e902b739: 
[DEAD] 
Agent ID: ba6d2827-0432-4594-806d-8985e902b739
Agent f457fa59-69df-43eb-8aa9-459115e46242: 
[DEAD] 
Agent ID: f457fa59-69df-43eb-8aa9-459115e46242

Iteration 0, Turn 5:
Agent 37db9120-ee7b-4d4c-b042-d51e14d892b2: 
[DEAD] 
Agent ID: 37db9120-ee7b-4d4c-b042-d51e14d892b2
Agent 6b260900-6159-4d19-824e-8966728de25c: 
[DEAD] 
Agent ID: 6b260900-6159-4d19-824e-8966728de25c
Agent aacfc5c8-776a-40a4-980d-3cb828ff7aea: 
[DEAD] 
Agent ID: aacfc5c8-776a-40a4-980d-3cb828ff7aea
Agent ba6d2827-0432-4594-806d-8985e902b739: 
[DEAD] 
Agent ID: ba6d2827-0432-4594-806d-8985e902b739
Agent f457fa59-69df-43eb-8aa9-459115e46242: 
[DEAD] 
Agent ID: f457fa59-69df-43eb-8aa9-459115e46242

Iteration 1, Turn 0:

Iteration 1, Turn 1:
Agent 37db9120-ee7b-4d4c-b042-d51e14d892b2: 
[DEAD] 
Agent ID: 37db9120-ee7b-4d4c-b042-d51e14d892b2
Agent 6b260900-6159-4d19-824e-8966728de25c: 
[DEAD] 
Agent ID: 6b260900-6159-4d19-824e-8966728de25c
Agent aacfc5c8-776a-40a4-980d-3cb828ff7aea: 
[DEAD] 
Agent ID: aacfc5c8-776a-40a4-980d-3cb828ff7aea
Agent ba6d2827-0432-4594-806d-8985e902b739: 
[DEAD] 
Agent ID: ba6d2827-0432-4594-806d-8985e902b739
Agent f457fa59-69df-43eb-8aa9-459115e46242: 
[DEAD] 
Agent ID: f457fa59-69df-43eb-8aa9-459115e46242

Iteration 1, Turn 2:
Agent 37db9120-ee7b-4d4c-b042-d51e14d892b2: 
[DEAD] 
Agent ID: 37db9120-ee7b-4d4c-b042-d51e14d892b2
Agent 6b260900-6159-4d19-824e-8966728de25c: 
[DEAD] 
Agent ID: 6b260900-6159-4d19-824e-8966728de25c
Agent aacfc5c8-776a-40a4-980d-3cb828ff7aea: 
[DEAD] 
Agent ID: aacfc5c8-776a-40a4-980d-3cb828ff7aea
Agent ba6d2827-0432-4594-806d-8985e902b739: 
[DEAD] 
Agent ID: ba6d2827-0432-4594-806d-8985e902b739
Agent f457fa59-69df-43eb-8aa9-459115e46242: 
[DEAD] 
Agent ID: f457fa59-69df-43eb-8aa9-459115e46242

Iteration 1, Turn 3:
Agent 37db9120-ee7b-4d4c-b042-d51e14d892b2: 
[DEAD] 
Agent ID: 37db9120-ee7b-4d4c-b042-d51e14d892b2
Agent 6b260900-6159-4d19-824e-8966728de25c: 
[DEAD] 
Agent ID: 6b260900-6159-4d19-824e-8966728de25c
Agent aacfc5c8-776a-40a4-980d-3cb828ff7aea: 
[DEAD] 
Agent ID: aacfc5c8-776a-40a4-980d-3cb828ff7aea
Agent ba6d2827-0432-4594-806d-8985e902b739: 
[DEAD] 
Agent ID: ba6d2827-0432-4594-806d-8985e902b739
Agent f457fa59-69df-43eb-8aa9-459115e46242: 
[DEAD] 
Agent ID: f457fa59-69df-43eb-8aa9-459115e46242

Iteration 1, Turn 4:
Agent 37db9120-ee7b-4d4c-b042-d51e14d892b2: 
[DEAD] 
Agent ID: 37db9120-ee7b-4d4c-b042-d51e14d892b2
Agent 6b260900-6159-4d19-824e-8966728de25c: 
[DEAD] 
Agent ID: 6b260900-6159-4d19-824e-8966728de25c
Agent aacfc5c8-776a-40a4-980d-3cb828ff7aea: 
[DEAD] 
Agent ID: aacfc5c8-776a-40a4-980d-3cb828ff7aea
Agent ba6d2827-0432-4594-806d-8985e902b739: 
[DEAD] 
Agent ID: ba6d2827-0432-4594-806d-8985e902b739
Agent f457fa59-69df-43eb-8aa9-459115e46242: 
[DEAD] 
Agent ID: f457fa59-69df-43eb-8aa9-459115e46242

Iteration 1, Turn 5:
Agent 37db9120-ee7b-4d4c-b042-d51e14d892b2: 
[DEAD] 
Agent ID: 37db9120-ee7b-4d4c-b042-d51e14d892b2
Agent 6b260900-6159-4d19-824e-8966728de25c: 
[DEAD] 
Agent ID: 6b260900-6159-4d19-824e-8966728de25c
Agent aacfc5c8-776a-40a4-980d-3cb828ff7aea: 
[DEAD] 
Agent ID: aacfc5c8-776a-40a4-980d-3cb828ff7aea
Agent ba6d2827-0432-4594-806d-8985e902b739: 
[DEAD] 
Agent ID: ba6d2827-0432-4594-806d-8985e902b739
Agent f457fa59-69df-43eb-8aa9-459115e46242: 
[DEAD] 
Agent ID: f457fa59-69df-43eb-8aa9-459115e46242

Iteration 2, Turn 0:

Iteration 2, Turn 1:
Agent 37db9120-ee7b-4d4c-b042-d51e14d892b2: 
[DEAD] 
Agent ID: 37db9120-ee7b-4d4c-b042-d51e14d892b2
Agent 6b260900-6159-4d19-824e-8966728de25c: 
[DEAD] 
Agent ID: 6b260900-6159-4d19-824e-8966728de25c
Agent aacfc5c8-776a-40a4-980d-3cb828ff7aea: 
[DEAD] 
Agent ID: aacfc5c8-776a-40a4-980d-3cb828ff7aea
Agent ba6d2827-0432-4594-806d-8985e902b739: 
[DEAD] 
Agent ID: ba6d2827-0432-4594-806d-8985e902b739
Agent f457fa59-69df-43eb-8aa9-459115e46242: 
[DEAD] 
Agent ID: f457fa59-69df-43eb-8aa9-459115e46242

Iteration 2, Turn 2:
Agent 37db9120-ee7b-4d4c-b042-d51e14d892b2: 
[DEAD] 
Agent ID: 37db9120-ee7b-4d4c-b042-d51e14d892b2
Agent 6b260900-6159-4d19-824e-8966728de25c: 
[DEAD] 
Agent ID: 6b260900-6159-4d19-824e-8966728de25c
Agent aacfc5c8-776a-40a4-980d-3cb828ff7aea: 
[DEAD] 
Agent ID: aacfc5c8-776a-40a4-980d-3cb828ff7aea
Agent ba6d2827-0432-4594-806d-8985e902b739: 
[DEAD] 
Agent ID: ba6d2827-0432-4594-806d-8985e902b739
Agent f457fa59-69df-43eb-8aa9-459115e46242: 
[DEAD] 
Agent ID: f457fa59-69df-43eb-8aa9-459115e46242

Iteration 2, Turn 3:
Agent 37db9120-ee7b-4d4c-b042-d51e14d892b2: 
[DEAD] 
Agent ID: 37db9120-ee7b-4d4c-b042-d51e14d892b2
Agent 6b260900-6159-4d19-824e-8966728de25c: 
[DEAD] 
Agent ID: 6b260900-6159-4d19-824e-8966728de25c
Agent aacfc5c8-776a-40a4-980d-3cb828ff7aea: 
[DEAD] 
Agent ID: aacfc5c8-776a-40a4-980d-3cb828ff7aea
Agent ba6d2827-0432-4594-806d-8985e902b739: 
[DEAD] 
Agent ID: ba6d2827-0432-4594-806d-8985e902b739
Agent f457fa59-69df-43eb-8aa9-459115e46242: 
[DEAD] 
Agent ID: f457fa59-69df-43eb-8aa9-459115e46242

Iteration 2, Turn 4:
Agent 37db9120-ee7b-4d4c-b042-d51e14d892b2: 
[DEAD] 
Agent ID: 37db9120-ee7b-4d4c-b042-d51e14d892b2
Agent 6b260900-6159-4d19-824e-8966728de25c: 
[DEAD] 
Agent ID: 6b260900-6159-4d19-824e-8966728de25c
Agent aacfc5c8-776a-40a4-980d-3cb828ff7aea: 
[DEAD] 
Agent ID: aacfc5c8-776a-40a4-980d-3cb828ff7aea
Agent ba6d2827-0432-4594-806d-8985e902b739: 
[DEAD] 
Agent ID: ba6d2827-0432-4594-806d-8985e902b739
Agent f457fa59-69df-43eb-8aa9-459115e46242: 
[DEAD] 
Agent ID: f457fa59-69df-43eb-8aa9-459115e46242

Iteration 2, Turn 5:
Agent 37db9120-ee7b-4d4c-b042-d51e14d892b2: 
[DEAD] 
Agent ID: 37db9120-ee7b-4d4c-b042-d51e14d892b2
Agent 6b260900-6159-4d19-824e-8966728de25c: 
[DEAD] 
Agent ID: 6b260900-6159-4d19-824e-8966728de25c
Agent aacfc5c8-776a-40a4-980d-3cb828ff7aea: 
[DEAD] 
Agent ID: aacfc5c8-776a-40a4-980d-3cb828ff7aea
Agent ba6d2827-0432-4594-806d-8985e902b739: 
[DEAD] 
Agent ID: ba6d2827-0432-4594-806d-8985e902b739
Agent f457fa59-69df-43eb-8aa9-459115e46242: 
[DEAD] 
Agent ID: f457fa59-69df-43eb-8aa9-459115e46242
