main function started.
--------Start of iteration 0---------


Iteration 0, Turn 0, current agent count: 10


Iteration 0, Turn 1, current agent count: 10


Iteration 0, Turn 2, current agent count: 10


Iteration 0, Turn 3, current agent count: 10


Iteration 0, Turn 4, current agent count: 10
--------End of iteration 0---------
--------Start of iteration 1---------


Iteration 1, Turn 0, current agent count: 10


Iteration 1, Turn 1, current agent count: 10


Iteration 1, Turn 2, current agent count: 10


Iteration 1, Turn 3, current agent count: 10


Iteration 1, Turn 4, current agent count: 10
--------End of iteration 1---------
--------Start of iteration 2---------


Iteration 2, Turn 0, current agent count: 10


Iteration 2, Turn 1, current agent count: 10


Iteration 2, Turn 2, current agent count: 10


Iteration 2, Turn 3, current agent count: 10


Iteration 2, Turn 4, current agent count: 10
--------End of iteration 2---------


GamePlaybackSummary - playing 18 turn records

Iteration 0, Turn 0:

Iteration 0, Turn 0:
Agent 36924004-8262-4c53-abf0-76786abebe1f: 
Agent ID: 36924004-8262-4c53-abf0-76786abebe1f
Agent 4e5f5708-27b4-493c-8138-2d39f653f683: 
Agent ID: 4e5f5708-27b4-493c-8138-2d39f653f683
Agent 69826887-d8d0-4404-af90-d94842dc0f64: 
Agent ID: 69826887-d8d0-4404-af90-d94842dc0f64
Agent 9758fd9d-a779-47e4-8480-4ea2cf431ed3: 
Agent ID: 9758fd9d-a779-47e4-8480-4ea2cf431ed3
Agent a0aa54b6-18a6-4b63-91c1-e98fea0a66a3: 
Agent ID: a0aa54b6-18a6-4b63-91c1-e98fea0a66a3
Agent ae353e18-bf17-403b-b48b-0b1b37827276: 
Agent ID: ae353e18-bf17-403b-b48b-0b1b37827276
Agent b51f2a26-6eb2-4909-9474-4d29f9f9d7a6: 
Agent ID: b51f2a26-6eb2-4909-9474-4d29f9f9d7a6
Agent cc94076b-d5b8-4ec9-b612-82cb383df415: 
Agent ID: cc94076b-d5b8-4ec9-b612-82cb383df415
Agent d4c8108f-debe-41cf-94fb-d700f515da3c: 
Agent ID: d4c8108f-debe-41cf-94fb-d700f515da3c
Agent dcfd88cb-247e-4b6e-8f64-ace2c6ee67fa: 
Agent ID: dcfd88cb-247e-4b6e-8f64-ace2c6ee67fa

Iteration 0, Turn 1:
Agent 36924004-8262-4c53-abf0-76786abebe1f: 
Agent ID: 36924004-8262-4c53-abf0-76786abebe1f
Agent 4e5f5708-27b4-493c-8138-2d39f653f683: 
Agent ID: 4e5f5708-27b4-493c-8138-2d39f653f683
Agent 69826887-d8d0-4404-af90-d94842dc0f64: 
Agent ID: 69826887-d8d0-4404-af90-d94842dc0f64
Agent 9758fd9d-a779-47e4-8480-4ea2cf431ed3: 
Agent ID: 9758fd9d-a779-47e4-8480-4ea2cf431ed3
Agent a0aa54b6-18a6-4b63-91c1-e98fea0a66a3: 
Agent ID: a0aa54b6-18a6-4b63-91c1-e98fea0a66a3
Agent ae353e18-bf17-403b-b48b-0b1b37827276: 
Agent ID: ae353e18-bf17-403b-b48b-0b1b37827276
Agent b51f2a26-6eb2-4909-9474-4d29f9f9d7a6: 
Agent ID: b51f2a26-6eb2-4909-9474-4d29f9f9d7a6
Agent cc94076b-d5b8-4ec9-b612-82cb383df415: 
Agent ID: cc94076b-d5b8-4ec9-b612-82cb383df415
Agent d4c8108f-debe-41cf-94fb-d700f515da3c: 
Agent ID: d4c8108f-debe-41cf-94fb-d700f515da3c
Agent dcfd88cb-247e-4b6e-8f64-ace2c6ee67fa: 
Agent ID: dcfd88cb-247e-4b6e-8f64-ace2c6ee67fa

Iteration 0, Turn 2:
Agent 36924004-8262-4c53-abf0-76786abebe1f: 
Agent ID: 36924004-8262-4c53-abf0-76786abebe1f
Agent 4e5f5708-27b4-493c-8138-2d39f653f683: 
Agent ID: 4e5f5708-27b4-493c-8138-2d39f653f683
Agent 69826887-d8d0-4404-af90-d94842dc0f64: 
Agent ID: 69826887-d8d0-4404-af90-d94842dc0f64
Agent 9758fd9d-a779-47e4-8480-4ea2cf431ed3: 
Agent ID: 9758fd9d-a779-47e4-8480-4ea2cf431ed3
Agent a0aa54b6-18a6-4b63-91c1-e98fea0a66a3: 
Agent ID: a0aa54b6-18a6-4b63-91c1-e98fea0a66a3
Agent ae353e18-bf17-403b-b48b-0b1b37827276: 
Agent ID: ae353e18-bf17-403b-b48b-0b1b37827276
Agent b51f2a26-6eb2-4909-9474-4d29f9f9d7a6: 
Agent ID: b51f2a26-6eb2-4909-9474-4d29f9f9d7a6
Agent cc94076b-d5b8-4ec9-b612-82cb383df415: 
Agent ID: cc94076b-d5b8-4ec9-b612-82cb383df415
Agent d4c8108f-debe-41cf-94fb-d700f515da3c: 
Agent ID: d4c8108f-debe-41cf-94fb-d700f515da3c
Agent dcfd88cb-247e-4b6e-8f64-ace2c6ee67fa: 
Agent ID: dcfd88cb-247e-4b6e-8f64-ace2c6ee67fa

Iteration 0, Turn 3:
Agent 36924004-8262-4c53-abf0-76786abebe1f: 
Agent ID: 36924004-8262-4c53-abf0-76786abebe1f
Agent 4e5f5708-27b4-493c-8138-2d39f653f683: 
Agent ID: 4e5f5708-27b4-493c-8138-2d39f653f683
Agent 69826887-d8d0-4404-af90-d94842dc0f64: 
Agent ID: 69826887-d8d0-4404-af90-d94842dc0f64
Agent 9758fd9d-a779-47e4-8480-4ea2cf431ed3: 
Agent ID: 9758fd9d-a779-47e4-8480-4ea2cf431ed3
Agent a0aa54b6-18a6-4b63-91c1-e98fea0a66a3: 
Agent ID: a0aa54b6-18a6-4b63-91c1-e98fea0a66a3
Agent ae353e18-bf17-403b-b48b-0b1b37827276: 
Agent ID: ae353e18-bf17-403b-b48b-0b1b37827276
Agent b51f2a26-6eb2-4909-9474-4d29f9f9d7a6: 
Agent ID: b51f2a26-6eb2-4909-9474-4d29f9f9d7a6
Agent cc94076b-d5b8-4ec9-b612-82cb383df415: 
Agent ID: cc94076b-d5b8-4ec9-b612-82cb383df415
Agent d4c8108f-debe-41cf-94fb-d700f515da3c: 
Agent ID: d4c8108f-debe-41cf-94fb-d700f515da3c
Agent dcfd88cb-247e-4b6e-8f64-ace2c6ee67fa: 
Agent ID: dcfd88cb-247e-4b6e-8f64-ace2c6ee67fa

Iteration 0, Turn 4:
Agent 36924004-8262-4c53-abf0-76786abebe1f: 
Agent ID: 36924004-8262-4c53-abf0-76786abebe1f
Agent 4e5f5708-27b4-493c-8138-2d39f653f683: 
Agent ID: 4e5f5708-27b4-493c-8138-2d39f653f683
Agent 69826887-d8d0-4404-af90-d94842dc0f64: 
Agent ID: 69826887-d8d0-4404-af90-d94842dc0f64
Agent 9758fd9d-a779-47e4-8480-4ea2cf431ed3: 
Agent ID: 9758fd9d-a779-47e4-8480-4ea2cf431ed3
Agent a0aa54b6-18a6-4b63-91c1-e98fea0a66a3: 
Agent ID: a0aa54b6-18a6-4b63-91c1-e98fea0a66a3
Agent ae353e18-bf17-403b-b48b-0b1b37827276: 
Agent ID: ae353e18-bf17-403b-b48b-0b1b37827276
Agent b51f2a26-6eb2-4909-9474-4d29f9f9d7a6: 
Agent ID: b51f2a26-6eb2-4909-9474-4d29f9f9d7a6
Agent cc94076b-d5b8-4ec9-b612-82cb383df415: 
Agent ID: cc94076b-d5b8-4ec9-b612-82cb383df415
Agent d4c8108f-debe-41cf-94fb-d700f515da3c: 
Agent ID: d4c8108f-debe-41cf-94fb-d700f515da3c
Agent dcfd88cb-247e-4b6e-8f64-ace2c6ee67fa: 
Agent ID: dcfd88cb-247e-4b6e-8f64-ace2c6ee67fa

Iteration 1, Turn 0:

Iteration 1, Turn 0:
Agent 36924004-8262-4c53-abf0-76786abebe1f: 
Agent ID: 36924004-8262-4c53-abf0-76786abebe1f
Agent 4e5f5708-27b4-493c-8138-2d39f653f683: 
[DEAD] 
Agent ID: 4e5f5708-27b4-493c-8138-2d39f653f683
Agent 69826887-d8d0-4404-af90-d94842dc0f64: 
Agent ID: 69826887-d8d0-4404-af90-d94842dc0f64
Agent 9758fd9d-a779-47e4-8480-4ea2cf431ed3: 
Agent ID: 9758fd9d-a779-47e4-8480-4ea2cf431ed3
Agent a0aa54b6-18a6-4b63-91c1-e98fea0a66a3: 
Agent ID: a0aa54b6-18a6-4b63-91c1-e98fea0a66a3
Agent ae353e18-bf17-403b-b48b-0b1b37827276: 
Agent ID: ae353e18-bf17-403b-b48b-0b1b37827276
Agent b51f2a26-6eb2-4909-9474-4d29f9f9d7a6: 
Agent ID: b51f2a26-6eb2-4909-9474-4d29f9f9d7a6
Agent cc94076b-d5b8-4ec9-b612-82cb383df415: 
Agent ID: cc94076b-d5b8-4ec9-b612-82cb383df415
Agent d4c8108f-debe-41cf-94fb-d700f515da3c: 
Agent ID: d4c8108f-debe-41cf-94fb-d700f515da3c
Agent dcfd88cb-247e-4b6e-8f64-ace2c6ee67fa: 
Agent ID: dcfd88cb-247e-4b6e-8f64-ace2c6ee67fa

Iteration 1, Turn 1:
Agent 36924004-8262-4c53-abf0-76786abebe1f: 
Agent ID: 36924004-8262-4c53-abf0-76786abebe1f
Agent 4e5f5708-27b4-493c-8138-2d39f653f683: 
[DEAD] 
Agent ID: 4e5f5708-27b4-493c-8138-2d39f653f683
Agent 69826887-d8d0-4404-af90-d94842dc0f64: 
Agent ID: 69826887-d8d0-4404-af90-d94842dc0f64
Agent 9758fd9d-a779-47e4-8480-4ea2cf431ed3: 
Agent ID: 9758fd9d-a779-47e4-8480-4ea2cf431ed3
Agent a0aa54b6-18a6-4b63-91c1-e98fea0a66a3: 
Agent ID: a0aa54b6-18a6-4b63-91c1-e98fea0a66a3
Agent ae353e18-bf17-403b-b48b-0b1b37827276: 
Agent ID: ae353e18-bf17-403b-b48b-0b1b37827276
Agent b51f2a26-6eb2-4909-9474-4d29f9f9d7a6: 
Agent ID: b51f2a26-6eb2-4909-9474-4d29f9f9d7a6
Agent cc94076b-d5b8-4ec9-b612-82cb383df415: 
Agent ID: cc94076b-d5b8-4ec9-b612-82cb383df415
Agent d4c8108f-debe-41cf-94fb-d700f515da3c: 
Agent ID: d4c8108f-debe-41cf-94fb-d700f515da3c
Agent dcfd88cb-247e-4b6e-8f64-ace2c6ee67fa: 
Agent ID: dcfd88cb-247e-4b6e-8f64-ace2c6ee67fa

Iteration 1, Turn 2:
Agent 36924004-8262-4c53-abf0-76786abebe1f: 
Agent ID: 36924004-8262-4c53-abf0-76786abebe1f
Agent 4e5f5708-27b4-493c-8138-2d39f653f683: 
[DEAD] 
Agent ID: 4e5f5708-27b4-493c-8138-2d39f653f683
Agent 69826887-d8d0-4404-af90-d94842dc0f64: 
Agent ID: 69826887-d8d0-4404-af90-d94842dc0f64
Agent 9758fd9d-a779-47e4-8480-4ea2cf431ed3: 
Agent ID: 9758fd9d-a779-47e4-8480-4ea2cf431ed3
Agent a0aa54b6-18a6-4b63-91c1-e98fea0a66a3: 
Agent ID: a0aa54b6-18a6-4b63-91c1-e98fea0a66a3
Agent ae353e18-bf17-403b-b48b-0b1b37827276: 
Agent ID: ae353e18-bf17-403b-b48b-0b1b37827276
Agent b51f2a26-6eb2-4909-9474-4d29f9f9d7a6: 
Agent ID: b51f2a26-6eb2-4909-9474-4d29f9f9d7a6
Agent cc94076b-d5b8-4ec9-b612-82cb383df415: 
Agent ID: cc94076b-d5b8-4ec9-b612-82cb383df415
Agent d4c8108f-debe-41cf-94fb-d700f515da3c: 
Agent ID: d4c8108f-debe-41cf-94fb-d700f515da3c
Agent dcfd88cb-247e-4b6e-8f64-ace2c6ee67fa: 
Agent ID: dcfd88cb-247e-4b6e-8f64-ace2c6ee67fa

Iteration 1, Turn 3:
Agent 36924004-8262-4c53-abf0-76786abebe1f: 
Agent ID: 36924004-8262-4c53-abf0-76786abebe1f
Agent 4e5f5708-27b4-493c-8138-2d39f653f683: 
[DEAD] 
Agent ID: 4e5f5708-27b4-493c-8138-2d39f653f683
Agent 69826887-d8d0-4404-af90-d94842dc0f64: 
Agent ID: 69826887-d8d0-4404-af90-d94842dc0f64
Agent 9758fd9d-a779-47e4-8480-4ea2cf431ed3: 
Agent ID: 9758fd9d-a779-47e4-8480-4ea2cf431ed3
Agent a0aa54b6-18a6-4b63-91c1-e98fea0a66a3: 
Agent ID: a0aa54b6-18a6-4b63-91c1-e98fea0a66a3
Agent ae353e18-bf17-403b-b48b-0b1b37827276: 
Agent ID: ae353e18-bf17-403b-b48b-0b1b37827276
Agent b51f2a26-6eb2-4909-9474-4d29f9f9d7a6: 
Agent ID: b51f2a26-6eb2-4909-9474-4d29f9f9d7a6
Agent cc94076b-d5b8-4ec9-b612-82cb383df415: 
Agent ID: cc94076b-d5b8-4ec9-b612-82cb383df415
Agent d4c8108f-debe-41cf-94fb-d700f515da3c: 
Agent ID: d4c8108f-debe-41cf-94fb-d700f515da3c
Agent dcfd88cb-247e-4b6e-8f64-ace2c6ee67fa: 
Agent ID: dcfd88cb-247e-4b6e-8f64-ace2c6ee67fa

Iteration 1, Turn 4:
Agent 36924004-8262-4c53-abf0-76786abebe1f: 
Agent ID: 36924004-8262-4c53-abf0-76786abebe1f
Agent 4e5f5708-27b4-493c-8138-2d39f653f683: 
[DEAD] 
Agent ID: 4e5f5708-27b4-493c-8138-2d39f653f683
Agent 69826887-d8d0-4404-af90-d94842dc0f64: 
Agent ID: 69826887-d8d0-4404-af90-d94842dc0f64
Agent 9758fd9d-a779-47e4-8480-4ea2cf431ed3: 
Agent ID: 9758fd9d-a779-47e4-8480-4ea2cf431ed3
Agent a0aa54b6-18a6-4b63-91c1-e98fea0a66a3: 
Agent ID: a0aa54b6-18a6-4b63-91c1-e98fea0a66a3
Agent ae353e18-bf17-403b-b48b-0b1b37827276: 
Agent ID: ae353e18-bf17-403b-b48b-0b1b37827276
Agent b51f2a26-6eb2-4909-9474-4d29f9f9d7a6: 
Agent ID: b51f2a26-6eb2-4909-9474-4d29f9f9d7a6
Agent cc94076b-d5b8-4ec9-b612-82cb383df415: 
Agent ID: cc94076b-d5b8-4ec9-b612-82cb383df415
Agent d4c8108f-debe-41cf-94fb-d700f515da3c: 
Agent ID: d4c8108f-debe-41cf-94fb-d700f515da3c
Agent dcfd88cb-247e-4b6e-8f64-ace2c6ee67fa: 
Agent ID: dcfd88cb-247e-4b6e-8f64-ace2c6ee67fa

Iteration 2, Turn 0:

Iteration 2, Turn 0:
Agent 36924004-8262-4c53-abf0-76786abebe1f: 
Agent ID: 36924004-8262-4c53-abf0-76786abebe1f
Agent 4e5f5708-27b4-493c-8138-2d39f653f683: 
[DEAD] 
Agent ID: 4e5f5708-27b4-493c-8138-2d39f653f683
Agent 69826887-d8d0-4404-af90-d94842dc0f64: 
Agent ID: 69826887-d8d0-4404-af90-d94842dc0f64
Agent 9758fd9d-a779-47e4-8480-4ea2cf431ed3: 
Agent ID: 9758fd9d-a779-47e4-8480-4ea2cf431ed3
Agent a0aa54b6-18a6-4b63-91c1-e98fea0a66a3: 
Agent ID: a0aa54b6-18a6-4b63-91c1-e98fea0a66a3
Agent ae353e18-bf17-403b-b48b-0b1b37827276: 
Agent ID: ae353e18-bf17-403b-b48b-0b1b37827276
Agent b51f2a26-6eb2-4909-9474-4d29f9f9d7a6: 
Agent ID: b51f2a26-6eb2-4909-9474-4d29f9f9d7a6
Agent cc94076b-d5b8-4ec9-b612-82cb383df415: 
[DEAD] 
Agent ID: cc94076b-d5b8-4ec9-b612-82cb383df415
Agent d4c8108f-debe-41cf-94fb-d700f515da3c: 
Agent ID: d4c8108f-debe-41cf-94fb-d700f515da3c
Agent dcfd88cb-247e-4b6e-8f64-ace2c6ee67fa: 
Agent ID: dcfd88cb-247e-4b6e-8f64-ace2c6ee67fa

Iteration 2, Turn 1:
Agent 36924004-8262-4c53-abf0-76786abebe1f: 
Agent ID: 36924004-8262-4c53-abf0-76786abebe1f
Agent 4e5f5708-27b4-493c-8138-2d39f653f683: 
[DEAD] 
Agent ID: 4e5f5708-27b4-493c-8138-2d39f653f683
Agent 69826887-d8d0-4404-af90-d94842dc0f64: 
Agent ID: 69826887-d8d0-4404-af90-d94842dc0f64
Agent 9758fd9d-a779-47e4-8480-4ea2cf431ed3: 
Agent ID: 9758fd9d-a779-47e4-8480-4ea2cf431ed3
Agent a0aa54b6-18a6-4b63-91c1-e98fea0a66a3: 
Agent ID: a0aa54b6-18a6-4b63-91c1-e98fea0a66a3
Agent ae353e18-bf17-403b-b48b-0b1b37827276: 
Agent ID: ae353e18-bf17-403b-b48b-0b1b37827276
Agent b51f2a26-6eb2-4909-9474-4d29f9f9d7a6: 
Agent ID: b51f2a26-6eb2-4909-9474-4d29f9f9d7a6
Agent cc94076b-d5b8-4ec9-b612-82cb383df415: 
[DEAD] 
Agent ID: cc94076b-d5b8-4ec9-b612-82cb383df415
Agent d4c8108f-debe-41cf-94fb-d700f515da3c: 
Agent ID: d4c8108f-debe-41cf-94fb-d700f515da3c
Agent dcfd88cb-247e-4b6e-8f64-ace2c6ee67fa: 
Agent ID: dcfd88cb-247e-4b6e-8f64-ace2c6ee67fa

Iteration 2, Turn 2:
Agent 36924004-8262-4c53-abf0-76786abebe1f: 
Agent ID: 36924004-8262-4c53-abf0-76786abebe1f
Agent 4e5f5708-27b4-493c-8138-2d39f653f683: 
[DEAD] 
Agent ID: 4e5f5708-27b4-493c-8138-2d39f653f683
Agent 69826887-d8d0-4404-af90-d94842dc0f64: 
Agent ID: 69826887-d8d0-4404-af90-d94842dc0f64
Agent 9758fd9d-a779-47e4-8480-4ea2cf431ed3: 
Agent ID: 9758fd9d-a779-47e4-8480-4ea2cf431ed3
Agent a0aa54b6-18a6-4b63-91c1-e98fea0a66a3: 
Agent ID: a0aa54b6-18a6-4b63-91c1-e98fea0a66a3
Agent ae353e18-bf17-403b-b48b-0b1b37827276: 
Agent ID: ae353e18-bf17-403b-b48b-0b1b37827276
Agent b51f2a26-6eb2-4909-9474-4d29f9f9d7a6: 
Agent ID: b51f2a26-6eb2-4909-9474-4d29f9f9d7a6
Agent cc94076b-d5b8-4ec9-b612-82cb383df415: 
[DEAD] 
Agent ID: cc94076b-d5b8-4ec9-b612-82cb383df415
Agent d4c8108f-debe-41cf-94fb-d700f515da3c: 
Agent ID: d4c8108f-debe-41cf-94fb-d700f515da3c
Agent dcfd88cb-247e-4b6e-8f64-ace2c6ee67fa: 
Agent ID: dcfd88cb-247e-4b6e-8f64-ace2c6ee67fa

Iteration 2, Turn 3:
Agent 36924004-8262-4c53-abf0-76786abebe1f: 
Agent ID: 36924004-8262-4c53-abf0-76786abebe1f
Agent 4e5f5708-27b4-493c-8138-2d39f653f683: 
[DEAD] 
Agent ID: 4e5f5708-27b4-493c-8138-2d39f653f683
Agent 69826887-d8d0-4404-af90-d94842dc0f64: 
Agent ID: 69826887-d8d0-4404-af90-d94842dc0f64
Agent 9758fd9d-a779-47e4-8480-4ea2cf431ed3: 
Agent ID: 9758fd9d-a779-47e4-8480-4ea2cf431ed3
Agent a0aa54b6-18a6-4b63-91c1-e98fea0a66a3: 
Agent ID: a0aa54b6-18a6-4b63-91c1-e98fea0a66a3
Agent ae353e18-bf17-403b-b48b-0b1b37827276: 
Agent ID: ae353e18-bf17-403b-b48b-0b1b37827276
Agent b51f2a26-6eb2-4909-9474-4d29f9f9d7a6: 
Agent ID: b51f2a26-6eb2-4909-9474-4d29f9f9d7a6
Agent cc94076b-d5b8-4ec9-b612-82cb383df415: 
[DEAD] 
Agent ID: cc94076b-d5b8-4ec9-b612-82cb383df415
Agent d4c8108f-debe-41cf-94fb-d700f515da3c: 
Agent ID: d4c8108f-debe-41cf-94fb-d700f515da3c
Agent dcfd88cb-247e-4b6e-8f64-ace2c6ee67fa: 
Agent ID: dcfd88cb-247e-4b6e-8f64-ace2c6ee67fa

Iteration 2, Turn 4:
Agent 36924004-8262-4c53-abf0-76786abebe1f: 
Agent ID: 36924004-8262-4c53-abf0-76786abebe1f
Agent 4e5f5708-27b4-493c-8138-2d39f653f683: 
[DEAD] 
Agent ID: 4e5f5708-27b4-493c-8138-2d39f653f683
Agent 69826887-d8d0-4404-af90-d94842dc0f64: 
Agent ID: 69826887-d8d0-4404-af90-d94842dc0f64
Agent 9758fd9d-a779-47e4-8480-4ea2cf431ed3: 
Agent ID: 9758fd9d-a779-47e4-8480-4ea2cf431ed3
Agent a0aa54b6-18a6-4b63-91c1-e98fea0a66a3: 
Agent ID: a0aa54b6-18a6-4b63-91c1-e98fea0a66a3
Agent ae353e18-bf17-403b-b48b-0b1b37827276: 
Agent ID: ae353e18-bf17-403b-b48b-0b1b37827276
Agent b51f2a26-6eb2-4909-9474-4d29f9f9d7a6: 
Agent ID: b51f2a26-6eb2-4909-9474-4d29f9f9d7a6
Agent cc94076b-d5b8-4ec9-b612-82cb383df415: 
[DEAD] 
Agent ID: cc94076b-d5b8-4ec9-b612-82cb383df415
Agent d4c8108f-debe-41cf-94fb-d700f515da3c: 
Agent ID: d4c8108f-debe-41cf-94fb-d700f515da3c
Agent dcfd88cb-247e-4b6e-8f64-ace2c6ee67fa: 
Agent ID: dcfd88cb-247e-4b6e-8f64-ace2c6ee67fa
