main function started.
--------Start of iteration 0---------


Iteration 0, Turn 0, current agent count: 20


Iteration 0, Turn 1, current agent count: 20


Iteration 0, Turn 2, current agent count: 20


Iteration 0, Turn 3, current agent count: 20


Iteration 0, Turn 4, current agent count: 20
--------End of iteration 0---------
--------Start of iteration 1---------


Iteration 1, Turn 0, current agent count: 20


Iteration 1, Turn 1, current agent count: 20


Iteration 1, Turn 2, current agent count: 20


Iteration 1, Turn 3, current agent count: 20


Iteration 1, Turn 4, current agent count: 20
--------End of iteration 1---------
--------Start of iteration 2---------


Iteration 2, Turn 0, current agent count: 20


Iteration 2, Turn 1, current agent count: 20


Iteration 2, Turn 2, current agent count: 20


Iteration 2, Turn 3, current agent count: 20


Iteration 2, Turn 4, current agent count: 20
--------End of iteration 2---------


GamePlaybackSummary - playing 18 turn records

Iteration 0, Turn 0:

Iteration 0, Turn 0:
Agent 125249e7-ec92-4f42-8414-78ecc5a11996: 
Agent ID: 125249e7-ec92-4f42-8414-78ecc5a11996
Agent 27663c63-e295-45fc-abb3-ec9c1081064f: 
Agent ID: 27663c63-e295-45fc-abb3-ec9c1081064f
Agent 618aff6b-3f5f-40fe-9e30-153d64638d2f: 
Agent ID: 618aff6b-3f5f-40fe-9e30-153d64638d2f
Agent 7e49f191-6c9d-43f1-93f6-22c0e743f89f: 
Agent ID: 7e49f191-6c9d-43f1-93f6-22c0e743f89f
Agent 87ebfe05-a829-4649-8480-868e72e1f07d: 
Agent ID: 87ebfe05-a829-4649-8480-868e72e1f07d
Agent 87ec6c06-1e02-40c4-a3a6-b0e6f1b782c3: 
Agent ID: 87ec6c06-1e02-40c4-a3a6-b0e6f1b782c3
Agent 9e452b92-2ffe-4763-bb7e-df9905fc57e5: 
Agent ID: 9e452b92-2ffe-4763-bb7e-df9905fc57e5
Agent b031b13c-8e35-437e-a345-83bd33e33f22: 
Agent ID: b031b13c-8e35-437e-a345-83bd33e33f22
Agent b43d8d34-a94a-4028-97b0-95d08cf75778: 
Agent ID: b43d8d34-a94a-4028-97b0-95d08cf75778
Agent c9d7dec1-961a-4c54-b935-95bf1694f86b: 
Agent ID: c9d7dec1-961a-4c54-b935-95bf1694f86b
Agent ca9ecd98-9673-4971-b9b5-6e2a72cdaddf: 
Agent ID: ca9ecd98-9673-4971-b9b5-6e2a72cdaddf
Agent cacb46ba-2bfb-44da-8f21-82f6dcf7ad65: 
Agent ID: cacb46ba-2bfb-44da-8f21-82f6dcf7ad65
Agent cb158147-1c6d-4cae-8b88-7f9c628d695a: 
Agent ID: cb158147-1c6d-4cae-8b88-7f9c628d695a
Agent d6071587-dba8-4c14-b50c-06f76382c8d9: 
Agent ID: d6071587-dba8-4c14-b50c-06f76382c8d9
Agent d8b9f24c-969b-46c7-9fe0-12ea9081063d: 
Agent ID: d8b9f24c-969b-46c7-9fe0-12ea9081063d
Agent d8dede05-521c-42c5-af6d-ecf99a2fcd57: 
Agent ID: d8dede05-521c-42c5-af6d-ecf99a2fcd57
Agent dc504ac9-01c3-4c36-a03b-682b547f9880: 
Agent ID: dc504ac9-01c3-4c36-a03b-682b547f9880
Agent e1e88ec5-cc64-40ed-a334-86aa49370f2b: 
Agent ID: e1e88ec5-cc64-40ed-a334-86aa49370f2b
Agent ec9d2b80-c231-45d0-9bef-2e35a9ede9eb: 
Agent ID: ec9d2b80-c231-45d0-9bef-2e35a9ede9eb
Agent f8fa5807-0de3-4873-a8e4-3f5e93682c3f: 
Agent ID: f8fa5807-0de3-4873-a8e4-3f5e93682c3f

Iteration 0, Turn 1:
Agent 125249e7-ec92-4f42-8414-78ecc5a11996: 
[DEAD] 
Agent ID: 125249e7-ec92-4f42-8414-78ecc5a11996
Agent 27663c63-e295-45fc-abb3-ec9c1081064f: 
[DEAD] 
Agent ID: 27663c63-e295-45fc-abb3-ec9c1081064f
Agent 618aff6b-3f5f-40fe-9e30-153d64638d2f: 
[DEAD] 
Agent ID: 618aff6b-3f5f-40fe-9e30-153d64638d2f
Agent 7e49f191-6c9d-43f1-93f6-22c0e743f89f: 
[DEAD] 
Agent ID: 7e49f191-6c9d-43f1-93f6-22c0e743f89f
Agent 87ebfe05-a829-4649-8480-868e72e1f07d: 
[DEAD] 
Agent ID: 87ebfe05-a829-4649-8480-868e72e1f07d
Agent 87ec6c06-1e02-40c4-a3a6-b0e6f1b782c3: 
[DEAD] 
Agent ID: 87ec6c06-1e02-40c4-a3a6-b0e6f1b782c3
Agent 9e452b92-2ffe-4763-bb7e-df9905fc57e5: 
[DEAD] 
Agent ID: 9e452b92-2ffe-4763-bb7e-df9905fc57e5
Agent b031b13c-8e35-437e-a345-83bd33e33f22: 
[DEAD] 
Agent ID: b031b13c-8e35-437e-a345-83bd33e33f22
Agent b43d8d34-a94a-4028-97b0-95d08cf75778: 
[DEAD] 
Agent ID: b43d8d34-a94a-4028-97b0-95d08cf75778
Agent c9d7dec1-961a-4c54-b935-95bf1694f86b: 
[DEAD] 
Agent ID: c9d7dec1-961a-4c54-b935-95bf1694f86b
Agent ca9ecd98-9673-4971-b9b5-6e2a72cdaddf: 
[DEAD] 
Agent ID: ca9ecd98-9673-4971-b9b5-6e2a72cdaddf
Agent cacb46ba-2bfb-44da-8f21-82f6dcf7ad65: 
[DEAD] 
Agent ID: cacb46ba-2bfb-44da-8f21-82f6dcf7ad65
Agent cb158147-1c6d-4cae-8b88-7f9c628d695a: 
[DEAD] 
Agent ID: cb158147-1c6d-4cae-8b88-7f9c628d695a
Agent d6071587-dba8-4c14-b50c-06f76382c8d9: 
[DEAD] 
Agent ID: d6071587-dba8-4c14-b50c-06f76382c8d9
Agent d8b9f24c-969b-46c7-9fe0-12ea9081063d: 
[DEAD] 
Agent ID: d8b9f24c-969b-46c7-9fe0-12ea9081063d
Agent d8dede05-521c-42c5-af6d-ecf99a2fcd57: 
[DEAD] 
Agent ID: d8dede05-521c-42c5-af6d-ecf99a2fcd57
Agent dc504ac9-01c3-4c36-a03b-682b547f9880: 
[DEAD] 
Agent ID: dc504ac9-01c3-4c36-a03b-682b547f9880
Agent e1e88ec5-cc64-40ed-a334-86aa49370f2b: 
[DEAD] 
Agent ID: e1e88ec5-cc64-40ed-a334-86aa49370f2b
Agent ec9d2b80-c231-45d0-9bef-2e35a9ede9eb: 
[DEAD] 
Agent ID: ec9d2b80-c231-45d0-9bef-2e35a9ede9eb
Agent f8fa5807-0de3-4873-a8e4-3f5e93682c3f: 
[DEAD] 
Agent ID: f8fa5807-0de3-4873-a8e4-3f5e93682c3f

Iteration 0, Turn 2:
Agent 125249e7-ec92-4f42-8414-78ecc5a11996: 
[DEAD] 
Agent ID: 125249e7-ec92-4f42-8414-78ecc5a11996
Agent 27663c63-e295-45fc-abb3-ec9c1081064f: 
[DEAD] 
Agent ID: 27663c63-e295-45fc-abb3-ec9c1081064f
Agent 618aff6b-3f5f-40fe-9e30-153d64638d2f: 
[DEAD] 
Agent ID: 618aff6b-3f5f-40fe-9e30-153d64638d2f
Agent 7e49f191-6c9d-43f1-93f6-22c0e743f89f: 
[DEAD] 
Agent ID: 7e49f191-6c9d-43f1-93f6-22c0e743f89f
Agent 87ebfe05-a829-4649-8480-868e72e1f07d: 
[DEAD] 
Agent ID: 87ebfe05-a829-4649-8480-868e72e1f07d
Agent 87ec6c06-1e02-40c4-a3a6-b0e6f1b782c3: 
[DEAD] 
Agent ID: 87ec6c06-1e02-40c4-a3a6-b0e6f1b782c3
Agent 9e452b92-2ffe-4763-bb7e-df9905fc57e5: 
[DEAD] 
Agent ID: 9e452b92-2ffe-4763-bb7e-df9905fc57e5
Agent b031b13c-8e35-437e-a345-83bd33e33f22: 
[DEAD] 
Agent ID: b031b13c-8e35-437e-a345-83bd33e33f22
Agent b43d8d34-a94a-4028-97b0-95d08cf75778: 
[DEAD] 
Agent ID: b43d8d34-a94a-4028-97b0-95d08cf75778
Agent c9d7dec1-961a-4c54-b935-95bf1694f86b: 
[DEAD] 
Agent ID: c9d7dec1-961a-4c54-b935-95bf1694f86b
Agent ca9ecd98-9673-4971-b9b5-6e2a72cdaddf: 
[DEAD] 
Agent ID: ca9ecd98-9673-4971-b9b5-6e2a72cdaddf
Agent cacb46ba-2bfb-44da-8f21-82f6dcf7ad65: 
[DEAD] 
Agent ID: cacb46ba-2bfb-44da-8f21-82f6dcf7ad65
Agent cb158147-1c6d-4cae-8b88-7f9c628d695a: 
[DEAD] 
Agent ID: cb158147-1c6d-4cae-8b88-7f9c628d695a
Agent d6071587-dba8-4c14-b50c-06f76382c8d9: 
[DEAD] 
Agent ID: d6071587-dba8-4c14-b50c-06f76382c8d9
Agent d8b9f24c-969b-46c7-9fe0-12ea9081063d: 
[DEAD] 
Agent ID: d8b9f24c-969b-46c7-9fe0-12ea9081063d
Agent d8dede05-521c-42c5-af6d-ecf99a2fcd57: 
[DEAD] 
Agent ID: d8dede05-521c-42c5-af6d-ecf99a2fcd57
Agent dc504ac9-01c3-4c36-a03b-682b547f9880: 
[DEAD] 
Agent ID: dc504ac9-01c3-4c36-a03b-682b547f9880
Agent e1e88ec5-cc64-40ed-a334-86aa49370f2b: 
[DEAD] 
Agent ID: e1e88ec5-cc64-40ed-a334-86aa49370f2b
Agent ec9d2b80-c231-45d0-9bef-2e35a9ede9eb: 
[DEAD] 
Agent ID: ec9d2b80-c231-45d0-9bef-2e35a9ede9eb
Agent f8fa5807-0de3-4873-a8e4-3f5e93682c3f: 
[DEAD] 
Agent ID: f8fa5807-0de3-4873-a8e4-3f5e93682c3f

Iteration 0, Turn 3:
Agent 125249e7-ec92-4f42-8414-78ecc5a11996: 
[DEAD] 
Agent ID: 125249e7-ec92-4f42-8414-78ecc5a11996
Agent 27663c63-e295-45fc-abb3-ec9c1081064f: 
[DEAD] 
Agent ID: 27663c63-e295-45fc-abb3-ec9c1081064f
Agent 618aff6b-3f5f-40fe-9e30-153d64638d2f: 
[DEAD] 
Agent ID: 618aff6b-3f5f-40fe-9e30-153d64638d2f
Agent 7e49f191-6c9d-43f1-93f6-22c0e743f89f: 
[DEAD] 
Agent ID: 7e49f191-6c9d-43f1-93f6-22c0e743f89f
Agent 87ebfe05-a829-4649-8480-868e72e1f07d: 
[DEAD] 
Agent ID: 87ebfe05-a829-4649-8480-868e72e1f07d
Agent 87ec6c06-1e02-40c4-a3a6-b0e6f1b782c3: 
[DEAD] 
Agent ID: 87ec6c06-1e02-40c4-a3a6-b0e6f1b782c3
Agent 9e452b92-2ffe-4763-bb7e-df9905fc57e5: 
[DEAD] 
Agent ID: 9e452b92-2ffe-4763-bb7e-df9905fc57e5
Agent b031b13c-8e35-437e-a345-83bd33e33f22: 
[DEAD] 
Agent ID: b031b13c-8e35-437e-a345-83bd33e33f22
Agent b43d8d34-a94a-4028-97b0-95d08cf75778: 
[DEAD] 
Agent ID: b43d8d34-a94a-4028-97b0-95d08cf75778
Agent c9d7dec1-961a-4c54-b935-95bf1694f86b: 
[DEAD] 
Agent ID: c9d7dec1-961a-4c54-b935-95bf1694f86b
Agent ca9ecd98-9673-4971-b9b5-6e2a72cdaddf: 
[DEAD] 
Agent ID: ca9ecd98-9673-4971-b9b5-6e2a72cdaddf
Agent cacb46ba-2bfb-44da-8f21-82f6dcf7ad65: 
[DEAD] 
Agent ID: cacb46ba-2bfb-44da-8f21-82f6dcf7ad65
Agent cb158147-1c6d-4cae-8b88-7f9c628d695a: 
[DEAD] 
Agent ID: cb158147-1c6d-4cae-8b88-7f9c628d695a
Agent d6071587-dba8-4c14-b50c-06f76382c8d9: 
[DEAD] 
Agent ID: d6071587-dba8-4c14-b50c-06f76382c8d9
Agent d8b9f24c-969b-46c7-9fe0-12ea9081063d: 
[DEAD] 
Agent ID: d8b9f24c-969b-46c7-9fe0-12ea9081063d
Agent d8dede05-521c-42c5-af6d-ecf99a2fcd57: 
[DEAD] 
Agent ID: d8dede05-521c-42c5-af6d-ecf99a2fcd57
Agent dc504ac9-01c3-4c36-a03b-682b547f9880: 
[DEAD] 
Agent ID: dc504ac9-01c3-4c36-a03b-682b547f9880
Agent e1e88ec5-cc64-40ed-a334-86aa49370f2b: 
[DEAD] 
Agent ID: e1e88ec5-cc64-40ed-a334-86aa49370f2b
Agent ec9d2b80-c231-45d0-9bef-2e35a9ede9eb: 
[DEAD] 
Agent ID: ec9d2b80-c231-45d0-9bef-2e35a9ede9eb
Agent f8fa5807-0de3-4873-a8e4-3f5e93682c3f: 
[DEAD] 
Agent ID: f8fa5807-0de3-4873-a8e4-3f5e93682c3f

Iteration 0, Turn 4:
Agent 125249e7-ec92-4f42-8414-78ecc5a11996: 
[DEAD] 
Agent ID: 125249e7-ec92-4f42-8414-78ecc5a11996
Agent 27663c63-e295-45fc-abb3-ec9c1081064f: 
[DEAD] 
Agent ID: 27663c63-e295-45fc-abb3-ec9c1081064f
Agent 618aff6b-3f5f-40fe-9e30-153d64638d2f: 
[DEAD] 
Agent ID: 618aff6b-3f5f-40fe-9e30-153d64638d2f
Agent 7e49f191-6c9d-43f1-93f6-22c0e743f89f: 
[DEAD] 
Agent ID: 7e49f191-6c9d-43f1-93f6-22c0e743f89f
Agent 87ebfe05-a829-4649-8480-868e72e1f07d: 
[DEAD] 
Agent ID: 87ebfe05-a829-4649-8480-868e72e1f07d
Agent 87ec6c06-1e02-40c4-a3a6-b0e6f1b782c3: 
[DEAD] 
Agent ID: 87ec6c06-1e02-40c4-a3a6-b0e6f1b782c3
Agent 9e452b92-2ffe-4763-bb7e-df9905fc57e5: 
[DEAD] 
Agent ID: 9e452b92-2ffe-4763-bb7e-df9905fc57e5
Agent b031b13c-8e35-437e-a345-83bd33e33f22: 
[DEAD] 
Agent ID: b031b13c-8e35-437e-a345-83bd33e33f22
Agent b43d8d34-a94a-4028-97b0-95d08cf75778: 
[DEAD] 
Agent ID: b43d8d34-a94a-4028-97b0-95d08cf75778
Agent c9d7dec1-961a-4c54-b935-95bf1694f86b: 
[DEAD] 
Agent ID: c9d7dec1-961a-4c54-b935-95bf1694f86b
Agent ca9ecd98-9673-4971-b9b5-6e2a72cdaddf: 
[DEAD] 
Agent ID: ca9ecd98-9673-4971-b9b5-6e2a72cdaddf
Agent cacb46ba-2bfb-44da-8f21-82f6dcf7ad65: 
[DEAD] 
Agent ID: cacb46ba-2bfb-44da-8f21-82f6dcf7ad65
Agent cb158147-1c6d-4cae-8b88-7f9c628d695a: 
[DEAD] 
Agent ID: cb158147-1c6d-4cae-8b88-7f9c628d695a
Agent d6071587-dba8-4c14-b50c-06f76382c8d9: 
[DEAD] 
Agent ID: d6071587-dba8-4c14-b50c-06f76382c8d9
Agent d8b9f24c-969b-46c7-9fe0-12ea9081063d: 
[DEAD] 
Agent ID: d8b9f24c-969b-46c7-9fe0-12ea9081063d
Agent d8dede05-521c-42c5-af6d-ecf99a2fcd57: 
[DEAD] 
Agent ID: d8dede05-521c-42c5-af6d-ecf99a2fcd57
Agent dc504ac9-01c3-4c36-a03b-682b547f9880: 
[DEAD] 
Agent ID: dc504ac9-01c3-4c36-a03b-682b547f9880
Agent e1e88ec5-cc64-40ed-a334-86aa49370f2b: 
[DEAD] 
Agent ID: e1e88ec5-cc64-40ed-a334-86aa49370f2b
Agent ec9d2b80-c231-45d0-9bef-2e35a9ede9eb: 
[DEAD] 
Agent ID: ec9d2b80-c231-45d0-9bef-2e35a9ede9eb
Agent f8fa5807-0de3-4873-a8e4-3f5e93682c3f: 
[DEAD] 
Agent ID: f8fa5807-0de3-4873-a8e4-3f5e93682c3f

Iteration 1, Turn 0:

Iteration 1, Turn 0:
Agent 125249e7-ec92-4f42-8414-78ecc5a11996: 
[DEAD] 
Agent ID: 125249e7-ec92-4f42-8414-78ecc5a11996
Agent 27663c63-e295-45fc-abb3-ec9c1081064f: 
[DEAD] 
Agent ID: 27663c63-e295-45fc-abb3-ec9c1081064f
Agent 618aff6b-3f5f-40fe-9e30-153d64638d2f: 
[DEAD] 
Agent ID: 618aff6b-3f5f-40fe-9e30-153d64638d2f
Agent 7e49f191-6c9d-43f1-93f6-22c0e743f89f: 
[DEAD] 
Agent ID: 7e49f191-6c9d-43f1-93f6-22c0e743f89f
Agent 87ebfe05-a829-4649-8480-868e72e1f07d: 
[DEAD] 
Agent ID: 87ebfe05-a829-4649-8480-868e72e1f07d
Agent 87ec6c06-1e02-40c4-a3a6-b0e6f1b782c3: 
[DEAD] 
Agent ID: 87ec6c06-1e02-40c4-a3a6-b0e6f1b782c3
Agent 9e452b92-2ffe-4763-bb7e-df9905fc57e5: 
[DEAD] 
Agent ID: 9e452b92-2ffe-4763-bb7e-df9905fc57e5
Agent b031b13c-8e35-437e-a345-83bd33e33f22: 
[DEAD] 
Agent ID: b031b13c-8e35-437e-a345-83bd33e33f22
Agent b43d8d34-a94a-4028-97b0-95d08cf75778: 
[DEAD] 
Agent ID: b43d8d34-a94a-4028-97b0-95d08cf75778
Agent c9d7dec1-961a-4c54-b935-95bf1694f86b: 
[DEAD] 
Agent ID: c9d7dec1-961a-4c54-b935-95bf1694f86b
Agent ca9ecd98-9673-4971-b9b5-6e2a72cdaddf: 
[DEAD] 
Agent ID: ca9ecd98-9673-4971-b9b5-6e2a72cdaddf
Agent cacb46ba-2bfb-44da-8f21-82f6dcf7ad65: 
[DEAD] 
Agent ID: cacb46ba-2bfb-44da-8f21-82f6dcf7ad65
Agent cb158147-1c6d-4cae-8b88-7f9c628d695a: 
[DEAD] 
Agent ID: cb158147-1c6d-4cae-8b88-7f9c628d695a
Agent d6071587-dba8-4c14-b50c-06f76382c8d9: 
[DEAD] 
Agent ID: d6071587-dba8-4c14-b50c-06f76382c8d9
Agent d8b9f24c-969b-46c7-9fe0-12ea9081063d: 
[DEAD] 
Agent ID: d8b9f24c-969b-46c7-9fe0-12ea9081063d
Agent d8dede05-521c-42c5-af6d-ecf99a2fcd57: 
[DEAD] 
Agent ID: d8dede05-521c-42c5-af6d-ecf99a2fcd57
Agent dc504ac9-01c3-4c36-a03b-682b547f9880: 
[DEAD] 
Agent ID: dc504ac9-01c3-4c36-a03b-682b547f9880
Agent e1e88ec5-cc64-40ed-a334-86aa49370f2b: 
[DEAD] 
Agent ID: e1e88ec5-cc64-40ed-a334-86aa49370f2b
Agent ec9d2b80-c231-45d0-9bef-2e35a9ede9eb: 
[DEAD] 
Agent ID: ec9d2b80-c231-45d0-9bef-2e35a9ede9eb
Agent f8fa5807-0de3-4873-a8e4-3f5e93682c3f: 
[DEAD] 
Agent ID: f8fa5807-0de3-4873-a8e4-3f5e93682c3f

Iteration 1, Turn 1:
Agent 125249e7-ec92-4f42-8414-78ecc5a11996: 
[DEAD] 
Agent ID: 125249e7-ec92-4f42-8414-78ecc5a11996
Agent 27663c63-e295-45fc-abb3-ec9c1081064f: 
[DEAD] 
Agent ID: 27663c63-e295-45fc-abb3-ec9c1081064f
Agent 618aff6b-3f5f-40fe-9e30-153d64638d2f: 
[DEAD] 
Agent ID: 618aff6b-3f5f-40fe-9e30-153d64638d2f
Agent 7e49f191-6c9d-43f1-93f6-22c0e743f89f: 
[DEAD] 
Agent ID: 7e49f191-6c9d-43f1-93f6-22c0e743f89f
Agent 87ebfe05-a829-4649-8480-868e72e1f07d: 
[DEAD] 
Agent ID: 87ebfe05-a829-4649-8480-868e72e1f07d
Agent 87ec6c06-1e02-40c4-a3a6-b0e6f1b782c3: 
[DEAD] 
Agent ID: 87ec6c06-1e02-40c4-a3a6-b0e6f1b782c3
Agent 9e452b92-2ffe-4763-bb7e-df9905fc57e5: 
[DEAD] 
Agent ID: 9e452b92-2ffe-4763-bb7e-df9905fc57e5
Agent b031b13c-8e35-437e-a345-83bd33e33f22: 
[DEAD] 
Agent ID: b031b13c-8e35-437e-a345-83bd33e33f22
Agent b43d8d34-a94a-4028-97b0-95d08cf75778: 
[DEAD] 
Agent ID: b43d8d34-a94a-4028-97b0-95d08cf75778
Agent c9d7dec1-961a-4c54-b935-95bf1694f86b: 
[DEAD] 
Agent ID: c9d7dec1-961a-4c54-b935-95bf1694f86b
Agent ca9ecd98-9673-4971-b9b5-6e2a72cdaddf: 
[DEAD] 
Agent ID: ca9ecd98-9673-4971-b9b5-6e2a72cdaddf
Agent cacb46ba-2bfb-44da-8f21-82f6dcf7ad65: 
[DEAD] 
Agent ID: cacb46ba-2bfb-44da-8f21-82f6dcf7ad65
Agent cb158147-1c6d-4cae-8b88-7f9c628d695a: 
[DEAD] 
Agent ID: cb158147-1c6d-4cae-8b88-7f9c628d695a
Agent d6071587-dba8-4c14-b50c-06f76382c8d9: 
[DEAD] 
Agent ID: d6071587-dba8-4c14-b50c-06f76382c8d9
Agent d8b9f24c-969b-46c7-9fe0-12ea9081063d: 
[DEAD] 
Agent ID: d8b9f24c-969b-46c7-9fe0-12ea9081063d
Agent d8dede05-521c-42c5-af6d-ecf99a2fcd57: 
[DEAD] 
Agent ID: d8dede05-521c-42c5-af6d-ecf99a2fcd57
Agent dc504ac9-01c3-4c36-a03b-682b547f9880: 
[DEAD] 
Agent ID: dc504ac9-01c3-4c36-a03b-682b547f9880
Agent e1e88ec5-cc64-40ed-a334-86aa49370f2b: 
[DEAD] 
Agent ID: e1e88ec5-cc64-40ed-a334-86aa49370f2b
Agent ec9d2b80-c231-45d0-9bef-2e35a9ede9eb: 
[DEAD] 
Agent ID: ec9d2b80-c231-45d0-9bef-2e35a9ede9eb
Agent f8fa5807-0de3-4873-a8e4-3f5e93682c3f: 
[DEAD] 
Agent ID: f8fa5807-0de3-4873-a8e4-3f5e93682c3f

Iteration 1, Turn 2:
Agent 125249e7-ec92-4f42-8414-78ecc5a11996: 
[DEAD] 
Agent ID: 125249e7-ec92-4f42-8414-78ecc5a11996
Agent 27663c63-e295-45fc-abb3-ec9c1081064f: 
[DEAD] 
Agent ID: 27663c63-e295-45fc-abb3-ec9c1081064f
Agent 618aff6b-3f5f-40fe-9e30-153d64638d2f: 
[DEAD] 
Agent ID: 618aff6b-3f5f-40fe-9e30-153d64638d2f
Agent 7e49f191-6c9d-43f1-93f6-22c0e743f89f: 
[DEAD] 
Agent ID: 7e49f191-6c9d-43f1-93f6-22c0e743f89f
Agent 87ebfe05-a829-4649-8480-868e72e1f07d: 
[DEAD] 
Agent ID: 87ebfe05-a829-4649-8480-868e72e1f07d
Agent 87ec6c06-1e02-40c4-a3a6-b0e6f1b782c3: 
[DEAD] 
Agent ID: 87ec6c06-1e02-40c4-a3a6-b0e6f1b782c3
Agent 9e452b92-2ffe-4763-bb7e-df9905fc57e5: 
[DEAD] 
Agent ID: 9e452b92-2ffe-4763-bb7e-df9905fc57e5
Agent b031b13c-8e35-437e-a345-83bd33e33f22: 
[DEAD] 
Agent ID: b031b13c-8e35-437e-a345-83bd33e33f22
Agent b43d8d34-a94a-4028-97b0-95d08cf75778: 
[DEAD] 
Agent ID: b43d8d34-a94a-4028-97b0-95d08cf75778
Agent c9d7dec1-961a-4c54-b935-95bf1694f86b: 
[DEAD] 
Agent ID: c9d7dec1-961a-4c54-b935-95bf1694f86b
Agent ca9ecd98-9673-4971-b9b5-6e2a72cdaddf: 
[DEAD] 
Agent ID: ca9ecd98-9673-4971-b9b5-6e2a72cdaddf
Agent cacb46ba-2bfb-44da-8f21-82f6dcf7ad65: 
[DEAD] 
Agent ID: cacb46ba-2bfb-44da-8f21-82f6dcf7ad65
Agent cb158147-1c6d-4cae-8b88-7f9c628d695a: 
[DEAD] 
Agent ID: cb158147-1c6d-4cae-8b88-7f9c628d695a
Agent d6071587-dba8-4c14-b50c-06f76382c8d9: 
[DEAD] 
Agent ID: d6071587-dba8-4c14-b50c-06f76382c8d9
Agent d8b9f24c-969b-46c7-9fe0-12ea9081063d: 
[DEAD] 
Agent ID: d8b9f24c-969b-46c7-9fe0-12ea9081063d
Agent d8dede05-521c-42c5-af6d-ecf99a2fcd57: 
[DEAD] 
Agent ID: d8dede05-521c-42c5-af6d-ecf99a2fcd57
Agent dc504ac9-01c3-4c36-a03b-682b547f9880: 
[DEAD] 
Agent ID: dc504ac9-01c3-4c36-a03b-682b547f9880
Agent e1e88ec5-cc64-40ed-a334-86aa49370f2b: 
[DEAD] 
Agent ID: e1e88ec5-cc64-40ed-a334-86aa49370f2b
Agent ec9d2b80-c231-45d0-9bef-2e35a9ede9eb: 
[DEAD] 
Agent ID: ec9d2b80-c231-45d0-9bef-2e35a9ede9eb
Agent f8fa5807-0de3-4873-a8e4-3f5e93682c3f: 
[DEAD] 
Agent ID: f8fa5807-0de3-4873-a8e4-3f5e93682c3f

Iteration 1, Turn 3:
Agent 125249e7-ec92-4f42-8414-78ecc5a11996: 
[DEAD] 
Agent ID: 125249e7-ec92-4f42-8414-78ecc5a11996
Agent 27663c63-e295-45fc-abb3-ec9c1081064f: 
[DEAD] 
Agent ID: 27663c63-e295-45fc-abb3-ec9c1081064f
Agent 618aff6b-3f5f-40fe-9e30-153d64638d2f: 
[DEAD] 
Agent ID: 618aff6b-3f5f-40fe-9e30-153d64638d2f
Agent 7e49f191-6c9d-43f1-93f6-22c0e743f89f: 
[DEAD] 
Agent ID: 7e49f191-6c9d-43f1-93f6-22c0e743f89f
Agent 87ebfe05-a829-4649-8480-868e72e1f07d: 
[DEAD] 
Agent ID: 87ebfe05-a829-4649-8480-868e72e1f07d
Agent 87ec6c06-1e02-40c4-a3a6-b0e6f1b782c3: 
[DEAD] 
Agent ID: 87ec6c06-1e02-40c4-a3a6-b0e6f1b782c3
Agent 9e452b92-2ffe-4763-bb7e-df9905fc57e5: 
[DEAD] 
Agent ID: 9e452b92-2ffe-4763-bb7e-df9905fc57e5
Agent b031b13c-8e35-437e-a345-83bd33e33f22: 
[DEAD] 
Agent ID: b031b13c-8e35-437e-a345-83bd33e33f22
Agent b43d8d34-a94a-4028-97b0-95d08cf75778: 
[DEAD] 
Agent ID: b43d8d34-a94a-4028-97b0-95d08cf75778
Agent c9d7dec1-961a-4c54-b935-95bf1694f86b: 
[DEAD] 
Agent ID: c9d7dec1-961a-4c54-b935-95bf1694f86b
Agent ca9ecd98-9673-4971-b9b5-6e2a72cdaddf: 
[DEAD] 
Agent ID: ca9ecd98-9673-4971-b9b5-6e2a72cdaddf
Agent cacb46ba-2bfb-44da-8f21-82f6dcf7ad65: 
[DEAD] 
Agent ID: cacb46ba-2bfb-44da-8f21-82f6dcf7ad65
Agent cb158147-1c6d-4cae-8b88-7f9c628d695a: 
[DEAD] 
Agent ID: cb158147-1c6d-4cae-8b88-7f9c628d695a
Agent d6071587-dba8-4c14-b50c-06f76382c8d9: 
[DEAD] 
Agent ID: d6071587-dba8-4c14-b50c-06f76382c8d9
Agent d8b9f24c-969b-46c7-9fe0-12ea9081063d: 
[DEAD] 
Agent ID: d8b9f24c-969b-46c7-9fe0-12ea9081063d
Agent d8dede05-521c-42c5-af6d-ecf99a2fcd57: 
[DEAD] 
Agent ID: d8dede05-521c-42c5-af6d-ecf99a2fcd57
Agent dc504ac9-01c3-4c36-a03b-682b547f9880: 
[DEAD] 
Agent ID: dc504ac9-01c3-4c36-a03b-682b547f9880
Agent e1e88ec5-cc64-40ed-a334-86aa49370f2b: 
[DEAD] 
Agent ID: e1e88ec5-cc64-40ed-a334-86aa49370f2b
Agent ec9d2b80-c231-45d0-9bef-2e35a9ede9eb: 
[DEAD] 
Agent ID: ec9d2b80-c231-45d0-9bef-2e35a9ede9eb
Agent f8fa5807-0de3-4873-a8e4-3f5e93682c3f: 
[DEAD] 
Agent ID: f8fa5807-0de3-4873-a8e4-3f5e93682c3f

Iteration 1, Turn 4:
Agent 125249e7-ec92-4f42-8414-78ecc5a11996: 
[DEAD] 
Agent ID: 125249e7-ec92-4f42-8414-78ecc5a11996
Agent 27663c63-e295-45fc-abb3-ec9c1081064f: 
[DEAD] 
Agent ID: 27663c63-e295-45fc-abb3-ec9c1081064f
Agent 618aff6b-3f5f-40fe-9e30-153d64638d2f: 
[DEAD] 
Agent ID: 618aff6b-3f5f-40fe-9e30-153d64638d2f
Agent 7e49f191-6c9d-43f1-93f6-22c0e743f89f: 
[DEAD] 
Agent ID: 7e49f191-6c9d-43f1-93f6-22c0e743f89f
Agent 87ebfe05-a829-4649-8480-868e72e1f07d: 
[DEAD] 
Agent ID: 87ebfe05-a829-4649-8480-868e72e1f07d
Agent 87ec6c06-1e02-40c4-a3a6-b0e6f1b782c3: 
[DEAD] 
Agent ID: 87ec6c06-1e02-40c4-a3a6-b0e6f1b782c3
Agent 9e452b92-2ffe-4763-bb7e-df9905fc57e5: 
[DEAD] 
Agent ID: 9e452b92-2ffe-4763-bb7e-df9905fc57e5
Agent b031b13c-8e35-437e-a345-83bd33e33f22: 
[DEAD] 
Agent ID: b031b13c-8e35-437e-a345-83bd33e33f22
Agent b43d8d34-a94a-4028-97b0-95d08cf75778: 
[DEAD] 
Agent ID: b43d8d34-a94a-4028-97b0-95d08cf75778
Agent c9d7dec1-961a-4c54-b935-95bf1694f86b: 
[DEAD] 
Agent ID: c9d7dec1-961a-4c54-b935-95bf1694f86b
Agent ca9ecd98-9673-4971-b9b5-6e2a72cdaddf: 
[DEAD] 
Agent ID: ca9ecd98-9673-4971-b9b5-6e2a72cdaddf
Agent cacb46ba-2bfb-44da-8f21-82f6dcf7ad65: 
[DEAD] 
Agent ID: cacb46ba-2bfb-44da-8f21-82f6dcf7ad65
Agent cb158147-1c6d-4cae-8b88-7f9c628d695a: 
[DEAD] 
Agent ID: cb158147-1c6d-4cae-8b88-7f9c628d695a
Agent d6071587-dba8-4c14-b50c-06f76382c8d9: 
[DEAD] 
Agent ID: d6071587-dba8-4c14-b50c-06f76382c8d9
Agent d8b9f24c-969b-46c7-9fe0-12ea9081063d: 
[DEAD] 
Agent ID: d8b9f24c-969b-46c7-9fe0-12ea9081063d
Agent d8dede05-521c-42c5-af6d-ecf99a2fcd57: 
[DEAD] 
Agent ID: d8dede05-521c-42c5-af6d-ecf99a2fcd57
Agent dc504ac9-01c3-4c36-a03b-682b547f9880: 
[DEAD] 
Agent ID: dc504ac9-01c3-4c36-a03b-682b547f9880
Agent e1e88ec5-cc64-40ed-a334-86aa49370f2b: 
[DEAD] 
Agent ID: e1e88ec5-cc64-40ed-a334-86aa49370f2b
Agent ec9d2b80-c231-45d0-9bef-2e35a9ede9eb: 
[DEAD] 
Agent ID: ec9d2b80-c231-45d0-9bef-2e35a9ede9eb
Agent f8fa5807-0de3-4873-a8e4-3f5e93682c3f: 
[DEAD] 
Agent ID: f8fa5807-0de3-4873-a8e4-3f5e93682c3f

Iteration 2, Turn 0:

Iteration 2, Turn 0:
Agent 125249e7-ec92-4f42-8414-78ecc5a11996: 
[DEAD] 
Agent ID: 125249e7-ec92-4f42-8414-78ecc5a11996
Agent 27663c63-e295-45fc-abb3-ec9c1081064f: 
[DEAD] 
Agent ID: 27663c63-e295-45fc-abb3-ec9c1081064f
Agent 618aff6b-3f5f-40fe-9e30-153d64638d2f: 
[DEAD] 
Agent ID: 618aff6b-3f5f-40fe-9e30-153d64638d2f
Agent 7e49f191-6c9d-43f1-93f6-22c0e743f89f: 
[DEAD] 
Agent ID: 7e49f191-6c9d-43f1-93f6-22c0e743f89f
Agent 87ebfe05-a829-4649-8480-868e72e1f07d: 
[DEAD] 
Agent ID: 87ebfe05-a829-4649-8480-868e72e1f07d
Agent 87ec6c06-1e02-40c4-a3a6-b0e6f1b782c3: 
[DEAD] 
Agent ID: 87ec6c06-1e02-40c4-a3a6-b0e6f1b782c3
Agent 9e452b92-2ffe-4763-bb7e-df9905fc57e5: 
[DEAD] 
Agent ID: 9e452b92-2ffe-4763-bb7e-df9905fc57e5
Agent b031b13c-8e35-437e-a345-83bd33e33f22: 
[DEAD] 
Agent ID: b031b13c-8e35-437e-a345-83bd33e33f22
Agent b43d8d34-a94a-4028-97b0-95d08cf75778: 
[DEAD] 
Agent ID: b43d8d34-a94a-4028-97b0-95d08cf75778
Agent c9d7dec1-961a-4c54-b935-95bf1694f86b: 
[DEAD] 
Agent ID: c9d7dec1-961a-4c54-b935-95bf1694f86b
Agent ca9ecd98-9673-4971-b9b5-6e2a72cdaddf: 
[DEAD] 
Agent ID: ca9ecd98-9673-4971-b9b5-6e2a72cdaddf
Agent cacb46ba-2bfb-44da-8f21-82f6dcf7ad65: 
[DEAD] 
Agent ID: cacb46ba-2bfb-44da-8f21-82f6dcf7ad65
Agent cb158147-1c6d-4cae-8b88-7f9c628d695a: 
[DEAD] 
Agent ID: cb158147-1c6d-4cae-8b88-7f9c628d695a
Agent d6071587-dba8-4c14-b50c-06f76382c8d9: 
[DEAD] 
Agent ID: d6071587-dba8-4c14-b50c-06f76382c8d9
Agent d8b9f24c-969b-46c7-9fe0-12ea9081063d: 
[DEAD] 
Agent ID: d8b9f24c-969b-46c7-9fe0-12ea9081063d
Agent d8dede05-521c-42c5-af6d-ecf99a2fcd57: 
[DEAD] 
Agent ID: d8dede05-521c-42c5-af6d-ecf99a2fcd57
Agent dc504ac9-01c3-4c36-a03b-682b547f9880: 
[DEAD] 
Agent ID: dc504ac9-01c3-4c36-a03b-682b547f9880
Agent e1e88ec5-cc64-40ed-a334-86aa49370f2b: 
[DEAD] 
Agent ID: e1e88ec5-cc64-40ed-a334-86aa49370f2b
Agent ec9d2b80-c231-45d0-9bef-2e35a9ede9eb: 
[DEAD] 
Agent ID: ec9d2b80-c231-45d0-9bef-2e35a9ede9eb
Agent f8fa5807-0de3-4873-a8e4-3f5e93682c3f: 
[DEAD] 
Agent ID: f8fa5807-0de3-4873-a8e4-3f5e93682c3f

Iteration 2, Turn 1:
Agent 125249e7-ec92-4f42-8414-78ecc5a11996: 
[DEAD] 
Agent ID: 125249e7-ec92-4f42-8414-78ecc5a11996
Agent 27663c63-e295-45fc-abb3-ec9c1081064f: 
[DEAD] 
Agent ID: 27663c63-e295-45fc-abb3-ec9c1081064f
Agent 618aff6b-3f5f-40fe-9e30-153d64638d2f: 
[DEAD] 
Agent ID: 618aff6b-3f5f-40fe-9e30-153d64638d2f
Agent 7e49f191-6c9d-43f1-93f6-22c0e743f89f: 
[DEAD] 
Agent ID: 7e49f191-6c9d-43f1-93f6-22c0e743f89f
Agent 87ebfe05-a829-4649-8480-868e72e1f07d: 
[DEAD] 
Agent ID: 87ebfe05-a829-4649-8480-868e72e1f07d
Agent 87ec6c06-1e02-40c4-a3a6-b0e6f1b782c3: 
[DEAD] 
Agent ID: 87ec6c06-1e02-40c4-a3a6-b0e6f1b782c3
Agent 9e452b92-2ffe-4763-bb7e-df9905fc57e5: 
[DEAD] 
Agent ID: 9e452b92-2ffe-4763-bb7e-df9905fc57e5
Agent b031b13c-8e35-437e-a345-83bd33e33f22: 
[DEAD] 
Agent ID: b031b13c-8e35-437e-a345-83bd33e33f22
Agent b43d8d34-a94a-4028-97b0-95d08cf75778: 
[DEAD] 
Agent ID: b43d8d34-a94a-4028-97b0-95d08cf75778
Agent c9d7dec1-961a-4c54-b935-95bf1694f86b: 
[DEAD] 
Agent ID: c9d7dec1-961a-4c54-b935-95bf1694f86b
Agent ca9ecd98-9673-4971-b9b5-6e2a72cdaddf: 
[DEAD] 
Agent ID: ca9ecd98-9673-4971-b9b5-6e2a72cdaddf
Agent cacb46ba-2bfb-44da-8f21-82f6dcf7ad65: 
[DEAD] 
Agent ID: cacb46ba-2bfb-44da-8f21-82f6dcf7ad65
Agent cb158147-1c6d-4cae-8b88-7f9c628d695a: 
[DEAD] 
Agent ID: cb158147-1c6d-4cae-8b88-7f9c628d695a
Agent d6071587-dba8-4c14-b50c-06f76382c8d9: 
[DEAD] 
Agent ID: d6071587-dba8-4c14-b50c-06f76382c8d9
Agent d8b9f24c-969b-46c7-9fe0-12ea9081063d: 
[DEAD] 
Agent ID: d8b9f24c-969b-46c7-9fe0-12ea9081063d
Agent d8dede05-521c-42c5-af6d-ecf99a2fcd57: 
[DEAD] 
Agent ID: d8dede05-521c-42c5-af6d-ecf99a2fcd57
Agent dc504ac9-01c3-4c36-a03b-682b547f9880: 
[DEAD] 
Agent ID: dc504ac9-01c3-4c36-a03b-682b547f9880
Agent e1e88ec5-cc64-40ed-a334-86aa49370f2b: 
[DEAD] 
Agent ID: e1e88ec5-cc64-40ed-a334-86aa49370f2b
Agent ec9d2b80-c231-45d0-9bef-2e35a9ede9eb: 
[DEAD] 
Agent ID: ec9d2b80-c231-45d0-9bef-2e35a9ede9eb
Agent f8fa5807-0de3-4873-a8e4-3f5e93682c3f: 
[DEAD] 
Agent ID: f8fa5807-0de3-4873-a8e4-3f5e93682c3f

Iteration 2, Turn 2:
Agent 125249e7-ec92-4f42-8414-78ecc5a11996: 
[DEAD] 
Agent ID: 125249e7-ec92-4f42-8414-78ecc5a11996
Agent 27663c63-e295-45fc-abb3-ec9c1081064f: 
[DEAD] 
Agent ID: 27663c63-e295-45fc-abb3-ec9c1081064f
Agent 618aff6b-3f5f-40fe-9e30-153d64638d2f: 
[DEAD] 
Agent ID: 618aff6b-3f5f-40fe-9e30-153d64638d2f
Agent 7e49f191-6c9d-43f1-93f6-22c0e743f89f: 
[DEAD] 
Agent ID: 7e49f191-6c9d-43f1-93f6-22c0e743f89f
Agent 87ebfe05-a829-4649-8480-868e72e1f07d: 
[DEAD] 
Agent ID: 87ebfe05-a829-4649-8480-868e72e1f07d
Agent 87ec6c06-1e02-40c4-a3a6-b0e6f1b782c3: 
[DEAD] 
Agent ID: 87ec6c06-1e02-40c4-a3a6-b0e6f1b782c3
Agent 9e452b92-2ffe-4763-bb7e-df9905fc57e5: 
[DEAD] 
Agent ID: 9e452b92-2ffe-4763-bb7e-df9905fc57e5
Agent b031b13c-8e35-437e-a345-83bd33e33f22: 
[DEAD] 
Agent ID: b031b13c-8e35-437e-a345-83bd33e33f22
Agent b43d8d34-a94a-4028-97b0-95d08cf75778: 
[DEAD] 
Agent ID: b43d8d34-a94a-4028-97b0-95d08cf75778
Agent c9d7dec1-961a-4c54-b935-95bf1694f86b: 
[DEAD] 
Agent ID: c9d7dec1-961a-4c54-b935-95bf1694f86b
Agent ca9ecd98-9673-4971-b9b5-6e2a72cdaddf: 
[DEAD] 
Agent ID: ca9ecd98-9673-4971-b9b5-6e2a72cdaddf
Agent cacb46ba-2bfb-44da-8f21-82f6dcf7ad65: 
[DEAD] 
Agent ID: cacb46ba-2bfb-44da-8f21-82f6dcf7ad65
Agent cb158147-1c6d-4cae-8b88-7f9c628d695a: 
[DEAD] 
Agent ID: cb158147-1c6d-4cae-8b88-7f9c628d695a
Agent d6071587-dba8-4c14-b50c-06f76382c8d9: 
[DEAD] 
Agent ID: d6071587-dba8-4c14-b50c-06f76382c8d9
Agent d8b9f24c-969b-46c7-9fe0-12ea9081063d: 
[DEAD] 
Agent ID: d8b9f24c-969b-46c7-9fe0-12ea9081063d
Agent d8dede05-521c-42c5-af6d-ecf99a2fcd57: 
[DEAD] 
Agent ID: d8dede05-521c-42c5-af6d-ecf99a2fcd57
Agent dc504ac9-01c3-4c36-a03b-682b547f9880: 
[DEAD] 
Agent ID: dc504ac9-01c3-4c36-a03b-682b547f9880
Agent e1e88ec5-cc64-40ed-a334-86aa49370f2b: 
[DEAD] 
Agent ID: e1e88ec5-cc64-40ed-a334-86aa49370f2b
Agent ec9d2b80-c231-45d0-9bef-2e35a9ede9eb: 
[DEAD] 
Agent ID: ec9d2b80-c231-45d0-9bef-2e35a9ede9eb
Agent f8fa5807-0de3-4873-a8e4-3f5e93682c3f: 
[DEAD] 
Agent ID: f8fa5807-0de3-4873-a8e4-3f5e93682c3f

Iteration 2, Turn 3:
Agent 125249e7-ec92-4f42-8414-78ecc5a11996: 
[DEAD] 
Agent ID: 125249e7-ec92-4f42-8414-78ecc5a11996
Agent 27663c63-e295-45fc-abb3-ec9c1081064f: 
[DEAD] 
Agent ID: 27663c63-e295-45fc-abb3-ec9c1081064f
Agent 618aff6b-3f5f-40fe-9e30-153d64638d2f: 
[DEAD] 
Agent ID: 618aff6b-3f5f-40fe-9e30-153d64638d2f
Agent 7e49f191-6c9d-43f1-93f6-22c0e743f89f: 
[DEAD] 
Agent ID: 7e49f191-6c9d-43f1-93f6-22c0e743f89f
Agent 87ebfe05-a829-4649-8480-868e72e1f07d: 
[DEAD] 
Agent ID: 87ebfe05-a829-4649-8480-868e72e1f07d
Agent 87ec6c06-1e02-40c4-a3a6-b0e6f1b782c3: 
[DEAD] 
Agent ID: 87ec6c06-1e02-40c4-a3a6-b0e6f1b782c3
Agent 9e452b92-2ffe-4763-bb7e-df9905fc57e5: 
[DEAD] 
Agent ID: 9e452b92-2ffe-4763-bb7e-df9905fc57e5
Agent b031b13c-8e35-437e-a345-83bd33e33f22: 
[DEAD] 
Agent ID: b031b13c-8e35-437e-a345-83bd33e33f22
Agent b43d8d34-a94a-4028-97b0-95d08cf75778: 
[DEAD] 
Agent ID: b43d8d34-a94a-4028-97b0-95d08cf75778
Agent c9d7dec1-961a-4c54-b935-95bf1694f86b: 
[DEAD] 
Agent ID: c9d7dec1-961a-4c54-b935-95bf1694f86b
Agent ca9ecd98-9673-4971-b9b5-6e2a72cdaddf: 
[DEAD] 
Agent ID: ca9ecd98-9673-4971-b9b5-6e2a72cdaddf
Agent cacb46ba-2bfb-44da-8f21-82f6dcf7ad65: 
[DEAD] 
Agent ID: cacb46ba-2bfb-44da-8f21-82f6dcf7ad65
Agent cb158147-1c6d-4cae-8b88-7f9c628d695a: 
[DEAD] 
Agent ID: cb158147-1c6d-4cae-8b88-7f9c628d695a
Agent d6071587-dba8-4c14-b50c-06f76382c8d9: 
[DEAD] 
Agent ID: d6071587-dba8-4c14-b50c-06f76382c8d9
Agent d8b9f24c-969b-46c7-9fe0-12ea9081063d: 
[DEAD] 
Agent ID: d8b9f24c-969b-46c7-9fe0-12ea9081063d
Agent d8dede05-521c-42c5-af6d-ecf99a2fcd57: 
[DEAD] 
Agent ID: d8dede05-521c-42c5-af6d-ecf99a2fcd57
Agent dc504ac9-01c3-4c36-a03b-682b547f9880: 
[DEAD] 
Agent ID: dc504ac9-01c3-4c36-a03b-682b547f9880
Agent e1e88ec5-cc64-40ed-a334-86aa49370f2b: 
[DEAD] 
Agent ID: e1e88ec5-cc64-40ed-a334-86aa49370f2b
Agent ec9d2b80-c231-45d0-9bef-2e35a9ede9eb: 
[DEAD] 
Agent ID: ec9d2b80-c231-45d0-9bef-2e35a9ede9eb
Agent f8fa5807-0de3-4873-a8e4-3f5e93682c3f: 
[DEAD] 
Agent ID: f8fa5807-0de3-4873-a8e4-3f5e93682c3f

Iteration 2, Turn 4:
Agent 125249e7-ec92-4f42-8414-78ecc5a11996: 
[DEAD] 
Agent ID: 125249e7-ec92-4f42-8414-78ecc5a11996
Agent 27663c63-e295-45fc-abb3-ec9c1081064f: 
[DEAD] 
Agent ID: 27663c63-e295-45fc-abb3-ec9c1081064f
Agent 618aff6b-3f5f-40fe-9e30-153d64638d2f: 
[DEAD] 
Agent ID: 618aff6b-3f5f-40fe-9e30-153d64638d2f
Agent 7e49f191-6c9d-43f1-93f6-22c0e743f89f: 
[DEAD] 
Agent ID: 7e49f191-6c9d-43f1-93f6-22c0e743f89f
Agent 87ebfe05-a829-4649-8480-868e72e1f07d: 
[DEAD] 
Agent ID: 87ebfe05-a829-4649-8480-868e72e1f07d
Agent 87ec6c06-1e02-40c4-a3a6-b0e6f1b782c3: 
[DEAD] 
Agent ID: 87ec6c06-1e02-40c4-a3a6-b0e6f1b782c3
Agent 9e452b92-2ffe-4763-bb7e-df9905fc57e5: 
[DEAD] 
Agent ID: 9e452b92-2ffe-4763-bb7e-df9905fc57e5
Agent b031b13c-8e35-437e-a345-83bd33e33f22: 
[DEAD] 
Agent ID: b031b13c-8e35-437e-a345-83bd33e33f22
Agent b43d8d34-a94a-4028-97b0-95d08cf75778: 
[DEAD] 
Agent ID: b43d8d34-a94a-4028-97b0-95d08cf75778
Agent c9d7dec1-961a-4c54-b935-95bf1694f86b: 
[DEAD] 
Agent ID: c9d7dec1-961a-4c54-b935-95bf1694f86b
Agent ca9ecd98-9673-4971-b9b5-6e2a72cdaddf: 
[DEAD] 
Agent ID: ca9ecd98-9673-4971-b9b5-6e2a72cdaddf
Agent cacb46ba-2bfb-44da-8f21-82f6dcf7ad65: 
[DEAD] 
Agent ID: cacb46ba-2bfb-44da-8f21-82f6dcf7ad65
Agent cb158147-1c6d-4cae-8b88-7f9c628d695a: 
[DEAD] 
Agent ID: cb158147-1c6d-4cae-8b88-7f9c628d695a
Agent d6071587-dba8-4c14-b50c-06f76382c8d9: 
[DEAD] 
Agent ID: d6071587-dba8-4c14-b50c-06f76382c8d9
Agent d8b9f24c-969b-46c7-9fe0-12ea9081063d: 
[DEAD] 
Agent ID: d8b9f24c-969b-46c7-9fe0-12ea9081063d
Agent d8dede05-521c-42c5-af6d-ecf99a2fcd57: 
[DEAD] 
Agent ID: d8dede05-521c-42c5-af6d-ecf99a2fcd57
Agent dc504ac9-01c3-4c36-a03b-682b547f9880: 
[DEAD] 
Agent ID: dc504ac9-01c3-4c36-a03b-682b547f9880
Agent e1e88ec5-cc64-40ed-a334-86aa49370f2b: 
[DEAD] 
Agent ID: e1e88ec5-cc64-40ed-a334-86aa49370f2b
Agent ec9d2b80-c231-45d0-9bef-2e35a9ede9eb: 
[DEAD] 
Agent ID: ec9d2b80-c231-45d0-9bef-2e35a9ede9eb
Agent f8fa5807-0de3-4873-a8e4-3f5e93682c3f: 
[DEAD] 
Agent ID: f8fa5807-0de3-4873-a8e4-3f5e93682c3f
