main function started.
--------Start of iteration 0---------


Iteration 0, Turn 0, current agent count: 5


Iteration 0, Turn 1, current agent count: 5


Iteration 0, Turn 2, current agent count: 5


Iteration 0, Turn 3, current agent count: 5


Iteration 0, Turn 4, current agent count: 5
--------End of iteration 0---------
--------Start of iteration 1---------


Iteration 1, Turn 0, current agent count: 5


Iteration 1, Turn 1, current agent count: 5


Iteration 1, Turn 2, current agent count: 5


Iteration 1, Turn 3, current agent count: 5


Iteration 1, Turn 4, current agent count: 5
--------End of iteration 1---------
--------Start of iteration 2---------


Iteration 2, Turn 0, current agent count: 5


Iteration 2, Turn 1, current agent count: 5


Iteration 2, Turn 2, current agent count: 5


Iteration 2, Turn 3, current agent count: 5


Iteration 2, Turn 4, current agent count: 5
--------End of iteration 2---------


GamePlaybackSummary - playing 18 turn records

Iteration 0, Turn 0:

Iteration 0, Turn 1:
Agent 0fdd80f4-ecd3-419f-8412-1439b86891b5: 
Agent ID: 0fdd80f4-ecd3-419f-8412-1439b86891b5
Agent 494ecb91-05ba-437b-bca2-d21242fa77aa: 
[DEAD] 
Agent ID: 494ecb91-05ba-437b-bca2-d21242fa77aa
Agent 4ba717c6-32c9-4f17-a9de-f11c27110ea5: 
Agent ID: 4ba717c6-32c9-4f17-a9de-f11c27110ea5
Agent 758491d6-4a12-4b89-be6b-417c2d70dcd1: 
[DEAD] 
Agent ID: 758491d6-4a12-4b89-be6b-417c2d70dcd1
Agent bf3355b3-ab53-4e46-8ce9-382e14d52dad: 
[DEAD] 
Agent ID: bf3355b3-ab53-4e46-8ce9-382e14d52dad

Iteration 0, Turn 2:
Agent 0fdd80f4-ecd3-419f-8412-1439b86891b5: 
[DEAD] 
Agent ID: 0fdd80f4-ecd3-419f-8412-1439b86891b5
Agent 494ecb91-05ba-437b-bca2-d21242fa77aa: 
[DEAD] 
Agent ID: 494ecb91-05ba-437b-bca2-d21242fa77aa
Agent 4ba717c6-32c9-4f17-a9de-f11c27110ea5: 
[DEAD] 
Agent ID: 4ba717c6-32c9-4f17-a9de-f11c27110ea5
Agent 758491d6-4a12-4b89-be6b-417c2d70dcd1: 
[DEAD] 
Agent ID: 758491d6-4a12-4b89-be6b-417c2d70dcd1
Agent bf3355b3-ab53-4e46-8ce9-382e14d52dad: 
[DEAD] 
Agent ID: bf3355b3-ab53-4e46-8ce9-382e14d52dad

Iteration 0, Turn 3:
Agent 0fdd80f4-ecd3-419f-8412-1439b86891b5: 
[DEAD] 
Agent ID: 0fdd80f4-ecd3-419f-8412-1439b86891b5
Agent 494ecb91-05ba-437b-bca2-d21242fa77aa: 
[DEAD] 
Agent ID: 494ecb91-05ba-437b-bca2-d21242fa77aa
Agent 4ba717c6-32c9-4f17-a9de-f11c27110ea5: 
[DEAD] 
Agent ID: 4ba717c6-32c9-4f17-a9de-f11c27110ea5
Agent 758491d6-4a12-4b89-be6b-417c2d70dcd1: 
[DEAD] 
Agent ID: 758491d6-4a12-4b89-be6b-417c2d70dcd1
Agent bf3355b3-ab53-4e46-8ce9-382e14d52dad: 
[DEAD] 
Agent ID: bf3355b3-ab53-4e46-8ce9-382e14d52dad

Iteration 0, Turn 4:
Agent 0fdd80f4-ecd3-419f-8412-1439b86891b5: 
[DEAD] 
Agent ID: 0fdd80f4-ecd3-419f-8412-1439b86891b5
Agent 494ecb91-05ba-437b-bca2-d21242fa77aa: 
[DEAD] 
Agent ID: 494ecb91-05ba-437b-bca2-d21242fa77aa
Agent 4ba717c6-32c9-4f17-a9de-f11c27110ea5: 
[DEAD] 
Agent ID: 4ba717c6-32c9-4f17-a9de-f11c27110ea5
Agent 758491d6-4a12-4b89-be6b-417c2d70dcd1: 
[DEAD] 
Agent ID: 758491d6-4a12-4b89-be6b-417c2d70dcd1
Agent bf3355b3-ab53-4e46-8ce9-382e14d52dad: 
[DEAD] 
Agent ID: bf3355b3-ab53-4e46-8ce9-382e14d52dad

Iteration 0, Turn 5:
Agent 0fdd80f4-ecd3-419f-8412-1439b86891b5: 
[DEAD] 
Agent ID: 0fdd80f4-ecd3-419f-8412-1439b86891b5
Agent 494ecb91-05ba-437b-bca2-d21242fa77aa: 
[DEAD] 
Agent ID: 494ecb91-05ba-437b-bca2-d21242fa77aa
Agent 4ba717c6-32c9-4f17-a9de-f11c27110ea5: 
[DEAD] 
Agent ID: 4ba717c6-32c9-4f17-a9de-f11c27110ea5
Agent 758491d6-4a12-4b89-be6b-417c2d70dcd1: 
[DEAD] 
Agent ID: 758491d6-4a12-4b89-be6b-417c2d70dcd1
Agent bf3355b3-ab53-4e46-8ce9-382e14d52dad: 
[DEAD] 
Agent ID: bf3355b3-ab53-4e46-8ce9-382e14d52dad

Iteration 1, Turn 0:

Iteration 1, Turn 1:
Agent 0fdd80f4-ecd3-419f-8412-1439b86891b5: 
[DEAD] 
Agent ID: 0fdd80f4-ecd3-419f-8412-1439b86891b5
Agent 494ecb91-05ba-437b-bca2-d21242fa77aa: 
[DEAD] 
Agent ID: 494ecb91-05ba-437b-bca2-d21242fa77aa
Agent 4ba717c6-32c9-4f17-a9de-f11c27110ea5: 
[DEAD] 
Agent ID: 4ba717c6-32c9-4f17-a9de-f11c27110ea5
Agent 758491d6-4a12-4b89-be6b-417c2d70dcd1: 
[DEAD] 
Agent ID: 758491d6-4a12-4b89-be6b-417c2d70dcd1
Agent bf3355b3-ab53-4e46-8ce9-382e14d52dad: 
[DEAD] 
Agent ID: bf3355b3-ab53-4e46-8ce9-382e14d52dad

Iteration 1, Turn 2:
Agent 0fdd80f4-ecd3-419f-8412-1439b86891b5: 
[DEAD] 
Agent ID: 0fdd80f4-ecd3-419f-8412-1439b86891b5
Agent 494ecb91-05ba-437b-bca2-d21242fa77aa: 
[DEAD] 
Agent ID: 494ecb91-05ba-437b-bca2-d21242fa77aa
Agent 4ba717c6-32c9-4f17-a9de-f11c27110ea5: 
[DEAD] 
Agent ID: 4ba717c6-32c9-4f17-a9de-f11c27110ea5
Agent 758491d6-4a12-4b89-be6b-417c2d70dcd1: 
[DEAD] 
Agent ID: 758491d6-4a12-4b89-be6b-417c2d70dcd1
Agent bf3355b3-ab53-4e46-8ce9-382e14d52dad: 
[DEAD] 
Agent ID: bf3355b3-ab53-4e46-8ce9-382e14d52dad

Iteration 1, Turn 3:
Agent 0fdd80f4-ecd3-419f-8412-1439b86891b5: 
[DEAD] 
Agent ID: 0fdd80f4-ecd3-419f-8412-1439b86891b5
Agent 494ecb91-05ba-437b-bca2-d21242fa77aa: 
[DEAD] 
Agent ID: 494ecb91-05ba-437b-bca2-d21242fa77aa
Agent 4ba717c6-32c9-4f17-a9de-f11c27110ea5: 
[DEAD] 
Agent ID: 4ba717c6-32c9-4f17-a9de-f11c27110ea5
Agent 758491d6-4a12-4b89-be6b-417c2d70dcd1: 
[DEAD] 
Agent ID: 758491d6-4a12-4b89-be6b-417c2d70dcd1
Agent bf3355b3-ab53-4e46-8ce9-382e14d52dad: 
[DEAD] 
Agent ID: bf3355b3-ab53-4e46-8ce9-382e14d52dad

Iteration 1, Turn 4:
Agent 0fdd80f4-ecd3-419f-8412-1439b86891b5: 
[DEAD] 
Agent ID: 0fdd80f4-ecd3-419f-8412-1439b86891b5
Agent 494ecb91-05ba-437b-bca2-d21242fa77aa: 
[DEAD] 
Agent ID: 494ecb91-05ba-437b-bca2-d21242fa77aa
Agent 4ba717c6-32c9-4f17-a9de-f11c27110ea5: 
[DEAD] 
Agent ID: 4ba717c6-32c9-4f17-a9de-f11c27110ea5
Agent 758491d6-4a12-4b89-be6b-417c2d70dcd1: 
[DEAD] 
Agent ID: 758491d6-4a12-4b89-be6b-417c2d70dcd1
Agent bf3355b3-ab53-4e46-8ce9-382e14d52dad: 
[DEAD] 
Agent ID: bf3355b3-ab53-4e46-8ce9-382e14d52dad

Iteration 1, Turn 5:
Agent 0fdd80f4-ecd3-419f-8412-1439b86891b5: 
[DEAD] 
Agent ID: 0fdd80f4-ecd3-419f-8412-1439b86891b5
Agent 494ecb91-05ba-437b-bca2-d21242fa77aa: 
[DEAD] 
Agent ID: 494ecb91-05ba-437b-bca2-d21242fa77aa
Agent 4ba717c6-32c9-4f17-a9de-f11c27110ea5: 
[DEAD] 
Agent ID: 4ba717c6-32c9-4f17-a9de-f11c27110ea5
Agent 758491d6-4a12-4b89-be6b-417c2d70dcd1: 
[DEAD] 
Agent ID: 758491d6-4a12-4b89-be6b-417c2d70dcd1
Agent bf3355b3-ab53-4e46-8ce9-382e14d52dad: 
[DEAD] 
Agent ID: bf3355b3-ab53-4e46-8ce9-382e14d52dad

Iteration 2, Turn 0:

Iteration 2, Turn 1:
Agent 0fdd80f4-ecd3-419f-8412-1439b86891b5: 
[DEAD] 
Agent ID: 0fdd80f4-ecd3-419f-8412-1439b86891b5
Agent 494ecb91-05ba-437b-bca2-d21242fa77aa: 
[DEAD] 
Agent ID: 494ecb91-05ba-437b-bca2-d21242fa77aa
Agent 4ba717c6-32c9-4f17-a9de-f11c27110ea5: 
[DEAD] 
Agent ID: 4ba717c6-32c9-4f17-a9de-f11c27110ea5
Agent 758491d6-4a12-4b89-be6b-417c2d70dcd1: 
[DEAD] 
Agent ID: 758491d6-4a12-4b89-be6b-417c2d70dcd1
Agent bf3355b3-ab53-4e46-8ce9-382e14d52dad: 
[DEAD] 
Agent ID: bf3355b3-ab53-4e46-8ce9-382e14d52dad

Iteration 2, Turn 2:
Agent 0fdd80f4-ecd3-419f-8412-1439b86891b5: 
[DEAD] 
Agent ID: 0fdd80f4-ecd3-419f-8412-1439b86891b5
Agent 494ecb91-05ba-437b-bca2-d21242fa77aa: 
[DEAD] 
Agent ID: 494ecb91-05ba-437b-bca2-d21242fa77aa
Agent 4ba717c6-32c9-4f17-a9de-f11c27110ea5: 
[DEAD] 
Agent ID: 4ba717c6-32c9-4f17-a9de-f11c27110ea5
Agent 758491d6-4a12-4b89-be6b-417c2d70dcd1: 
[DEAD] 
Agent ID: 758491d6-4a12-4b89-be6b-417c2d70dcd1
Agent bf3355b3-ab53-4e46-8ce9-382e14d52dad: 
[DEAD] 
Agent ID: bf3355b3-ab53-4e46-8ce9-382e14d52dad

Iteration 2, Turn 3:
Agent 0fdd80f4-ecd3-419f-8412-1439b86891b5: 
[DEAD] 
Agent ID: 0fdd80f4-ecd3-419f-8412-1439b86891b5
Agent 494ecb91-05ba-437b-bca2-d21242fa77aa: 
[DEAD] 
Agent ID: 494ecb91-05ba-437b-bca2-d21242fa77aa
Agent 4ba717c6-32c9-4f17-a9de-f11c27110ea5: 
[DEAD] 
Agent ID: 4ba717c6-32c9-4f17-a9de-f11c27110ea5
Agent 758491d6-4a12-4b89-be6b-417c2d70dcd1: 
[DEAD] 
Agent ID: 758491d6-4a12-4b89-be6b-417c2d70dcd1
Agent bf3355b3-ab53-4e46-8ce9-382e14d52dad: 
[DEAD] 
Agent ID: bf3355b3-ab53-4e46-8ce9-382e14d52dad

Iteration 2, Turn 4:
Agent 0fdd80f4-ecd3-419f-8412-1439b86891b5: 
[DEAD] 
Agent ID: 0fdd80f4-ecd3-419f-8412-1439b86891b5
Agent 494ecb91-05ba-437b-bca2-d21242fa77aa: 
[DEAD] 
Agent ID: 494ecb91-05ba-437b-bca2-d21242fa77aa
Agent 4ba717c6-32c9-4f17-a9de-f11c27110ea5: 
[DEAD] 
Agent ID: 4ba717c6-32c9-4f17-a9de-f11c27110ea5
Agent 758491d6-4a12-4b89-be6b-417c2d70dcd1: 
[DEAD] 
Agent ID: 758491d6-4a12-4b89-be6b-417c2d70dcd1
Agent bf3355b3-ab53-4e46-8ce9-382e14d52dad: 
[DEAD] 
Agent ID: bf3355b3-ab53-4e46-8ce9-382e14d52dad

Iteration 2, Turn 5:
Agent 0fdd80f4-ecd3-419f-8412-1439b86891b5: 
[DEAD] 
Agent ID: 0fdd80f4-ecd3-419f-8412-1439b86891b5
Agent 494ecb91-05ba-437b-bca2-d21242fa77aa: 
[DEAD] 
Agent ID: 494ecb91-05ba-437b-bca2-d21242fa77aa
Agent 4ba717c6-32c9-4f17-a9de-f11c27110ea5: 
[DEAD] 
Agent ID: 4ba717c6-32c9-4f17-a9de-f11c27110ea5
Agent 758491d6-4a12-4b89-be6b-417c2d70dcd1: 
[DEAD] 
Agent ID: 758491d6-4a12-4b89-be6b-417c2d70dcd1
Agent bf3355b3-ab53-4e46-8ce9-382e14d52dad: 
[DEAD] 
Agent ID: bf3355b3-ab53-4e46-8ce9-382e14d52dad
