main function started.
--------Start of iteration 0---------


Iteration 0, Turn 0, current agent count: 5


Iteration 0, Turn 1, current agent count: 5


Iteration 0, Turn 2, current agent count: 5


Iteration 0, Turn 3, current agent count: 5


Iteration 0, Turn 4, current agent count: 5
--------End of iteration 0---------
--------Start of iteration 1---------


Iteration 1, Turn 0, current agent count: 5


Iteration 1, Turn 1, current agent count: 5


Iteration 1, Turn 2, current agent count: 5


Iteration 1, Turn 3, current agent count: 5


Iteration 1, Turn 4, current agent count: 5
--------End of iteration 1---------
--------Start of iteration 2---------


Iteration 2, Turn 0, current agent count: 5


Iteration 2, Turn 1, current agent count: 5


Iteration 2, Turn 2, current agent count: 5


Iteration 2, Turn 3, current agent count: 5


Iteration 2, Turn 4, current agent count: 5
--------End of iteration 2---------


GamePlaybackSummary - playing 18 turn records

Iteration 0, Turn 0:

Iteration 0, Turn 1:
Agent 2b8bf804-8d19-4c0f-9988-43e3bc367879: 
Agent ID: 2b8bf804-8d19-4c0f-9988-43e3bc367879
Agent 6ff0859a-85fd-48f1-8d22-f1b54aa2f3d3: 
[DEAD] 
Agent ID: 6ff0859a-85fd-48f1-8d22-f1b54aa2f3d3
Agent b5a91a8f-435e-4a79-a359-b8527a956c65: 
Agent ID: b5a91a8f-435e-4a79-a359-b8527a956c65
Agent d0f01819-849d-43cd-8496-1e6c48ee8938: 
[DEAD] 
Agent ID: d0f01819-849d-43cd-8496-1e6c48ee8938
Agent e6bf95b4-23a9-4552-a2a8-f70760228ddc: 
[DEAD] 
Agent ID: e6bf95b4-23a9-4552-a2a8-f70760228ddc

Iteration 0, Turn 2:
Agent 2b8bf804-8d19-4c0f-9988-43e3bc367879: 
[DEAD] 
Agent ID: 2b8bf804-8d19-4c0f-9988-43e3bc367879
Agent 6ff0859a-85fd-48f1-8d22-f1b54aa2f3d3: 
[DEAD] 
Agent ID: 6ff0859a-85fd-48f1-8d22-f1b54aa2f3d3
Agent b5a91a8f-435e-4a79-a359-b8527a956c65: 
[DEAD] 
Agent ID: b5a91a8f-435e-4a79-a359-b8527a956c65
Agent d0f01819-849d-43cd-8496-1e6c48ee8938: 
[DEAD] 
Agent ID: d0f01819-849d-43cd-8496-1e6c48ee8938
Agent e6bf95b4-23a9-4552-a2a8-f70760228ddc: 
[DEAD] 
Agent ID: e6bf95b4-23a9-4552-a2a8-f70760228ddc

Iteration 0, Turn 3:
Agent 2b8bf804-8d19-4c0f-9988-43e3bc367879: 
[DEAD] 
Agent ID: 2b8bf804-8d19-4c0f-9988-43e3bc367879
Agent 6ff0859a-85fd-48f1-8d22-f1b54aa2f3d3: 
[DEAD] 
Agent ID: 6ff0859a-85fd-48f1-8d22-f1b54aa2f3d3
Agent b5a91a8f-435e-4a79-a359-b8527a956c65: 
[DEAD] 
Agent ID: b5a91a8f-435e-4a79-a359-b8527a956c65
Agent d0f01819-849d-43cd-8496-1e6c48ee8938: 
[DEAD] 
Agent ID: d0f01819-849d-43cd-8496-1e6c48ee8938
Agent e6bf95b4-23a9-4552-a2a8-f70760228ddc: 
[DEAD] 
Agent ID: e6bf95b4-23a9-4552-a2a8-f70760228ddc

Iteration 0, Turn 4:
Agent 2b8bf804-8d19-4c0f-9988-43e3bc367879: 
[DEAD] 
Agent ID: 2b8bf804-8d19-4c0f-9988-43e3bc367879
Agent 6ff0859a-85fd-48f1-8d22-f1b54aa2f3d3: 
[DEAD] 
Agent ID: 6ff0859a-85fd-48f1-8d22-f1b54aa2f3d3
Agent b5a91a8f-435e-4a79-a359-b8527a956c65: 
[DEAD] 
Agent ID: b5a91a8f-435e-4a79-a359-b8527a956c65
Agent d0f01819-849d-43cd-8496-1e6c48ee8938: 
[DEAD] 
Agent ID: d0f01819-849d-43cd-8496-1e6c48ee8938
Agent e6bf95b4-23a9-4552-a2a8-f70760228ddc: 
[DEAD] 
Agent ID: e6bf95b4-23a9-4552-a2a8-f70760228ddc

Iteration 0, Turn 5:
Agent 2b8bf804-8d19-4c0f-9988-43e3bc367879: 
[DEAD] 
Agent ID: 2b8bf804-8d19-4c0f-9988-43e3bc367879
Agent 6ff0859a-85fd-48f1-8d22-f1b54aa2f3d3: 
[DEAD] 
Agent ID: 6ff0859a-85fd-48f1-8d22-f1b54aa2f3d3
Agent b5a91a8f-435e-4a79-a359-b8527a956c65: 
[DEAD] 
Agent ID: b5a91a8f-435e-4a79-a359-b8527a956c65
Agent d0f01819-849d-43cd-8496-1e6c48ee8938: 
[DEAD] 
Agent ID: d0f01819-849d-43cd-8496-1e6c48ee8938
Agent e6bf95b4-23a9-4552-a2a8-f70760228ddc: 
[DEAD] 
Agent ID: e6bf95b4-23a9-4552-a2a8-f70760228ddc

Iteration 1, Turn 0:

Iteration 1, Turn 1:
Agent 2b8bf804-8d19-4c0f-9988-43e3bc367879: 
[DEAD] 
Agent ID: 2b8bf804-8d19-4c0f-9988-43e3bc367879
Agent 6ff0859a-85fd-48f1-8d22-f1b54aa2f3d3: 
[DEAD] 
Agent ID: 6ff0859a-85fd-48f1-8d22-f1b54aa2f3d3
Agent b5a91a8f-435e-4a79-a359-b8527a956c65: 
[DEAD] 
Agent ID: b5a91a8f-435e-4a79-a359-b8527a956c65
Agent d0f01819-849d-43cd-8496-1e6c48ee8938: 
[DEAD] 
Agent ID: d0f01819-849d-43cd-8496-1e6c48ee8938
Agent e6bf95b4-23a9-4552-a2a8-f70760228ddc: 
[DEAD] 
Agent ID: e6bf95b4-23a9-4552-a2a8-f70760228ddc

Iteration 1, Turn 2:
Agent 2b8bf804-8d19-4c0f-9988-43e3bc367879: 
[DEAD] 
Agent ID: 2b8bf804-8d19-4c0f-9988-43e3bc367879
Agent 6ff0859a-85fd-48f1-8d22-f1b54aa2f3d3: 
[DEAD] 
Agent ID: 6ff0859a-85fd-48f1-8d22-f1b54aa2f3d3
Agent b5a91a8f-435e-4a79-a359-b8527a956c65: 
[DEAD] 
Agent ID: b5a91a8f-435e-4a79-a359-b8527a956c65
Agent d0f01819-849d-43cd-8496-1e6c48ee8938: 
[DEAD] 
Agent ID: d0f01819-849d-43cd-8496-1e6c48ee8938
Agent e6bf95b4-23a9-4552-a2a8-f70760228ddc: 
[DEAD] 
Agent ID: e6bf95b4-23a9-4552-a2a8-f70760228ddc

Iteration 1, Turn 3:
Agent 2b8bf804-8d19-4c0f-9988-43e3bc367879: 
[DEAD] 
Agent ID: 2b8bf804-8d19-4c0f-9988-43e3bc367879
Agent 6ff0859a-85fd-48f1-8d22-f1b54aa2f3d3: 
[DEAD] 
Agent ID: 6ff0859a-85fd-48f1-8d22-f1b54aa2f3d3
Agent b5a91a8f-435e-4a79-a359-b8527a956c65: 
[DEAD] 
Agent ID: b5a91a8f-435e-4a79-a359-b8527a956c65
Agent d0f01819-849d-43cd-8496-1e6c48ee8938: 
[DEAD] 
Agent ID: d0f01819-849d-43cd-8496-1e6c48ee8938
Agent e6bf95b4-23a9-4552-a2a8-f70760228ddc: 
[DEAD] 
Agent ID: e6bf95b4-23a9-4552-a2a8-f70760228ddc

Iteration 1, Turn 4:
Agent 2b8bf804-8d19-4c0f-9988-43e3bc367879: 
[DEAD] 
Agent ID: 2b8bf804-8d19-4c0f-9988-43e3bc367879
Agent 6ff0859a-85fd-48f1-8d22-f1b54aa2f3d3: 
[DEAD] 
Agent ID: 6ff0859a-85fd-48f1-8d22-f1b54aa2f3d3
Agent b5a91a8f-435e-4a79-a359-b8527a956c65: 
[DEAD] 
Agent ID: b5a91a8f-435e-4a79-a359-b8527a956c65
Agent d0f01819-849d-43cd-8496-1e6c48ee8938: 
[DEAD] 
Agent ID: d0f01819-849d-43cd-8496-1e6c48ee8938
Agent e6bf95b4-23a9-4552-a2a8-f70760228ddc: 
[DEAD] 
Agent ID: e6bf95b4-23a9-4552-a2a8-f70760228ddc

Iteration 1, Turn 5:
Agent 2b8bf804-8d19-4c0f-9988-43e3bc367879: 
[DEAD] 
Agent ID: 2b8bf804-8d19-4c0f-9988-43e3bc367879
Agent 6ff0859a-85fd-48f1-8d22-f1b54aa2f3d3: 
[DEAD] 
Agent ID: 6ff0859a-85fd-48f1-8d22-f1b54aa2f3d3
Agent b5a91a8f-435e-4a79-a359-b8527a956c65: 
[DEAD] 
Agent ID: b5a91a8f-435e-4a79-a359-b8527a956c65
Agent d0f01819-849d-43cd-8496-1e6c48ee8938: 
[DEAD] 
Agent ID: d0f01819-849d-43cd-8496-1e6c48ee8938
Agent e6bf95b4-23a9-4552-a2a8-f70760228ddc: 
[DEAD] 
Agent ID: e6bf95b4-23a9-4552-a2a8-f70760228ddc

Iteration 2, Turn 0:

Iteration 2, Turn 1:
Agent 2b8bf804-8d19-4c0f-9988-43e3bc367879: 
[DEAD] 
Agent ID: 2b8bf804-8d19-4c0f-9988-43e3bc367879
Agent 6ff0859a-85fd-48f1-8d22-f1b54aa2f3d3: 
[DEAD] 
Agent ID: 6ff0859a-85fd-48f1-8d22-f1b54aa2f3d3
Agent b5a91a8f-435e-4a79-a359-b8527a956c65: 
[DEAD] 
Agent ID: b5a91a8f-435e-4a79-a359-b8527a956c65
Agent d0f01819-849d-43cd-8496-1e6c48ee8938: 
[DEAD] 
Agent ID: d0f01819-849d-43cd-8496-1e6c48ee8938
Agent e6bf95b4-23a9-4552-a2a8-f70760228ddc: 
[DEAD] 
Agent ID: e6bf95b4-23a9-4552-a2a8-f70760228ddc

Iteration 2, Turn 2:
Agent 2b8bf804-8d19-4c0f-9988-43e3bc367879: 
[DEAD] 
Agent ID: 2b8bf804-8d19-4c0f-9988-43e3bc367879
Agent 6ff0859a-85fd-48f1-8d22-f1b54aa2f3d3: 
[DEAD] 
Agent ID: 6ff0859a-85fd-48f1-8d22-f1b54aa2f3d3
Agent b5a91a8f-435e-4a79-a359-b8527a956c65: 
[DEAD] 
Agent ID: b5a91a8f-435e-4a79-a359-b8527a956c65
Agent d0f01819-849d-43cd-8496-1e6c48ee8938: 
[DEAD] 
Agent ID: d0f01819-849d-43cd-8496-1e6c48ee8938
Agent e6bf95b4-23a9-4552-a2a8-f70760228ddc: 
[DEAD] 
Agent ID: e6bf95b4-23a9-4552-a2a8-f70760228ddc

Iteration 2, Turn 3:
Agent 2b8bf804-8d19-4c0f-9988-43e3bc367879: 
[DEAD] 
Agent ID: 2b8bf804-8d19-4c0f-9988-43e3bc367879
Agent 6ff0859a-85fd-48f1-8d22-f1b54aa2f3d3: 
[DEAD] 
Agent ID: 6ff0859a-85fd-48f1-8d22-f1b54aa2f3d3
Agent b5a91a8f-435e-4a79-a359-b8527a956c65: 
[DEAD] 
Agent ID: b5a91a8f-435e-4a79-a359-b8527a956c65
Agent d0f01819-849d-43cd-8496-1e6c48ee8938: 
[DEAD] 
Agent ID: d0f01819-849d-43cd-8496-1e6c48ee8938
Agent e6bf95b4-23a9-4552-a2a8-f70760228ddc: 
[DEAD] 
Agent ID: e6bf95b4-23a9-4552-a2a8-f70760228ddc

Iteration 2, Turn 4:
Agent 2b8bf804-8d19-4c0f-9988-43e3bc367879: 
[DEAD] 
Agent ID: 2b8bf804-8d19-4c0f-9988-43e3bc367879
Agent 6ff0859a-85fd-48f1-8d22-f1b54aa2f3d3: 
[DEAD] 
Agent ID: 6ff0859a-85fd-48f1-8d22-f1b54aa2f3d3
Agent b5a91a8f-435e-4a79-a359-b8527a956c65: 
[DEAD] 
Agent ID: b5a91a8f-435e-4a79-a359-b8527a956c65
Agent d0f01819-849d-43cd-8496-1e6c48ee8938: 
[DEAD] 
Agent ID: d0f01819-849d-43cd-8496-1e6c48ee8938
Agent e6bf95b4-23a9-4552-a2a8-f70760228ddc: 
[DEAD] 
Agent ID: e6bf95b4-23a9-4552-a2a8-f70760228ddc

Iteration 2, Turn 5:
Agent 2b8bf804-8d19-4c0f-9988-43e3bc367879: 
[DEAD] 
Agent ID: 2b8bf804-8d19-4c0f-9988-43e3bc367879
Agent 6ff0859a-85fd-48f1-8d22-f1b54aa2f3d3: 
[DEAD] 
Agent ID: 6ff0859a-85fd-48f1-8d22-f1b54aa2f3d3
Agent b5a91a8f-435e-4a79-a359-b8527a956c65: 
[DEAD] 
Agent ID: b5a91a8f-435e-4a79-a359-b8527a956c65
Agent d0f01819-849d-43cd-8496-1e6c48ee8938: 
[DEAD] 
Agent ID: d0f01819-849d-43cd-8496-1e6c48ee8938
Agent e6bf95b4-23a9-4552-a2a8-f70760228ddc: 
[DEAD] 
Agent ID: e6bf95b4-23a9-4552-a2a8-f70760228ddc
