main function started.
--------Start of iteration 0---------


Iteration 0, Turn 0, current agent count: 5


Iteration 0, Turn 1, current agent count: 5


Iteration 0, Turn 2, current agent count: 5


Iteration 0, Turn 3, current agent count: 5


Iteration 0, Turn 4, current agent count: 5
--------End of iteration 0---------
--------Start of iteration 1---------


Iteration 1, Turn 0, current agent count: 5


Iteration 1, Turn 1, current agent count: 5


Iteration 1, Turn 2, current agent count: 5


Iteration 1, Turn 3, current agent count: 5


Iteration 1, Turn 4, current agent count: 5
--------End of iteration 1---------
--------Start of iteration 2---------


Iteration 2, Turn 0, current agent count: 5


Iteration 2, Turn 1, current agent count: 5


Iteration 2, Turn 2, current agent count: 5


Iteration 2, Turn 3, current agent count: 5


Iteration 2, Turn 4, current agent count: 5
--------End of iteration 2---------


GamePlaybackSummary - playing 18 turn records

Iteration 0, Turn 0:

Iteration 0, Turn 1:
Agent 3ffb3cfc-69cb-4983-89d2-faae725aa55e: 
Agent ID: 3ffb3cfc-69cb-4983-89d2-faae725aa55e
Agent 475f1850-d664-4a25-9d35-5468f603950d: 
Agent ID: 475f1850-d664-4a25-9d35-5468f603950d
Agent 8221acfe-c614-4613-9732-839f8fea91f1: 
Agent ID: 8221acfe-c614-4613-9732-839f8fea91f1
Agent 8e9c8045-24a9-42b5-9ed0-a9968f217bab: 
[DEAD] 
Agent ID: 8e9c8045-24a9-42b5-9ed0-a9968f217bab
Agent a36cc4a2-a11e-49e9-9e1a-f3eccb44ad2b: 
Agent ID: a36cc4a2-a11e-49e9-9e1a-f3eccb44ad2b

Iteration 0, Turn 2:
Agent 3ffb3cfc-69cb-4983-89d2-faae725aa55e: 
Agent ID: 3ffb3cfc-69cb-4983-89d2-faae725aa55e
Agent 475f1850-d664-4a25-9d35-5468f603950d: 
Agent ID: 475f1850-d664-4a25-9d35-5468f603950d
Agent 8221acfe-c614-4613-9732-839f8fea91f1: 
Agent ID: 8221acfe-c614-4613-9732-839f8fea91f1
Agent 8e9c8045-24a9-42b5-9ed0-a9968f217bab: 
[DEAD] 
Agent ID: 8e9c8045-24a9-42b5-9ed0-a9968f217bab
Agent a36cc4a2-a11e-49e9-9e1a-f3eccb44ad2b: 
[DEAD] 
Agent ID: a36cc4a2-a11e-49e9-9e1a-f3eccb44ad2b

Iteration 0, Turn 3:
Agent 3ffb3cfc-69cb-4983-89d2-faae725aa55e: 
Agent ID: 3ffb3cfc-69cb-4983-89d2-faae725aa55e
Agent 475f1850-d664-4a25-9d35-5468f603950d: 
[DEAD] 
Agent ID: 475f1850-d664-4a25-9d35-5468f603950d
Agent 8221acfe-c614-4613-9732-839f8fea91f1: 
[DEAD] 
Agent ID: 8221acfe-c614-4613-9732-839f8fea91f1
Agent 8e9c8045-24a9-42b5-9ed0-a9968f217bab: 
[DEAD] 
Agent ID: 8e9c8045-24a9-42b5-9ed0-a9968f217bab
Agent a36cc4a2-a11e-49e9-9e1a-f3eccb44ad2b: 
[DEAD] 
Agent ID: a36cc4a2-a11e-49e9-9e1a-f3eccb44ad2b

Iteration 0, Turn 4:
Agent 3ffb3cfc-69cb-4983-89d2-faae725aa55e: 
[DEAD] 
Agent ID: 3ffb3cfc-69cb-4983-89d2-faae725aa55e
Agent 475f1850-d664-4a25-9d35-5468f603950d: 
[DEAD] 
Agent ID: 475f1850-d664-4a25-9d35-5468f603950d
Agent 8221acfe-c614-4613-9732-839f8fea91f1: 
[DEAD] 
Agent ID: 8221acfe-c614-4613-9732-839f8fea91f1
Agent 8e9c8045-24a9-42b5-9ed0-a9968f217bab: 
[DEAD] 
Agent ID: 8e9c8045-24a9-42b5-9ed0-a9968f217bab
Agent a36cc4a2-a11e-49e9-9e1a-f3eccb44ad2b: 
[DEAD] 
Agent ID: a36cc4a2-a11e-49e9-9e1a-f3eccb44ad2b

Iteration 0, Turn 5:
Agent 3ffb3cfc-69cb-4983-89d2-faae725aa55e: 
[DEAD] 
Agent ID: 3ffb3cfc-69cb-4983-89d2-faae725aa55e
Agent 475f1850-d664-4a25-9d35-5468f603950d: 
[DEAD] 
Agent ID: 475f1850-d664-4a25-9d35-5468f603950d
Agent 8221acfe-c614-4613-9732-839f8fea91f1: 
[DEAD] 
Agent ID: 8221acfe-c614-4613-9732-839f8fea91f1
Agent 8e9c8045-24a9-42b5-9ed0-a9968f217bab: 
[DEAD] 
Agent ID: 8e9c8045-24a9-42b5-9ed0-a9968f217bab
Agent a36cc4a2-a11e-49e9-9e1a-f3eccb44ad2b: 
[DEAD] 
Agent ID: a36cc4a2-a11e-49e9-9e1a-f3eccb44ad2b

Iteration 1, Turn 0:

Iteration 1, Turn 1:
Agent 3ffb3cfc-69cb-4983-89d2-faae725aa55e: 
[DEAD] 
Agent ID: 3ffb3cfc-69cb-4983-89d2-faae725aa55e
Agent 475f1850-d664-4a25-9d35-5468f603950d: 
[DEAD] 
Agent ID: 475f1850-d664-4a25-9d35-5468f603950d
Agent 8221acfe-c614-4613-9732-839f8fea91f1: 
[DEAD] 
Agent ID: 8221acfe-c614-4613-9732-839f8fea91f1
Agent 8e9c8045-24a9-42b5-9ed0-a9968f217bab: 
[DEAD] 
Agent ID: 8e9c8045-24a9-42b5-9ed0-a9968f217bab
Agent a36cc4a2-a11e-49e9-9e1a-f3eccb44ad2b: 
[DEAD] 
Agent ID: a36cc4a2-a11e-49e9-9e1a-f3eccb44ad2b

Iteration 1, Turn 2:
Agent 3ffb3cfc-69cb-4983-89d2-faae725aa55e: 
[DEAD] 
Agent ID: 3ffb3cfc-69cb-4983-89d2-faae725aa55e
Agent 475f1850-d664-4a25-9d35-5468f603950d: 
[DEAD] 
Agent ID: 475f1850-d664-4a25-9d35-5468f603950d
Agent 8221acfe-c614-4613-9732-839f8fea91f1: 
[DEAD] 
Agent ID: 8221acfe-c614-4613-9732-839f8fea91f1
Agent 8e9c8045-24a9-42b5-9ed0-a9968f217bab: 
[DEAD] 
Agent ID: 8e9c8045-24a9-42b5-9ed0-a9968f217bab
Agent a36cc4a2-a11e-49e9-9e1a-f3eccb44ad2b: 
[DEAD] 
Agent ID: a36cc4a2-a11e-49e9-9e1a-f3eccb44ad2b

Iteration 1, Turn 3:
Agent 3ffb3cfc-69cb-4983-89d2-faae725aa55e: 
[DEAD] 
Agent ID: 3ffb3cfc-69cb-4983-89d2-faae725aa55e
Agent 475f1850-d664-4a25-9d35-5468f603950d: 
[DEAD] 
Agent ID: 475f1850-d664-4a25-9d35-5468f603950d
Agent 8221acfe-c614-4613-9732-839f8fea91f1: 
[DEAD] 
Agent ID: 8221acfe-c614-4613-9732-839f8fea91f1
Agent 8e9c8045-24a9-42b5-9ed0-a9968f217bab: 
[DEAD] 
Agent ID: 8e9c8045-24a9-42b5-9ed0-a9968f217bab
Agent a36cc4a2-a11e-49e9-9e1a-f3eccb44ad2b: 
[DEAD] 
Agent ID: a36cc4a2-a11e-49e9-9e1a-f3eccb44ad2b

Iteration 1, Turn 4:
Agent 3ffb3cfc-69cb-4983-89d2-faae725aa55e: 
[DEAD] 
Agent ID: 3ffb3cfc-69cb-4983-89d2-faae725aa55e
Agent 475f1850-d664-4a25-9d35-5468f603950d: 
[DEAD] 
Agent ID: 475f1850-d664-4a25-9d35-5468f603950d
Agent 8221acfe-c614-4613-9732-839f8fea91f1: 
[DEAD] 
Agent ID: 8221acfe-c614-4613-9732-839f8fea91f1
Agent 8e9c8045-24a9-42b5-9ed0-a9968f217bab: 
[DEAD] 
Agent ID: 8e9c8045-24a9-42b5-9ed0-a9968f217bab
Agent a36cc4a2-a11e-49e9-9e1a-f3eccb44ad2b: 
[DEAD] 
Agent ID: a36cc4a2-a11e-49e9-9e1a-f3eccb44ad2b

Iteration 1, Turn 5:
Agent 3ffb3cfc-69cb-4983-89d2-faae725aa55e: 
[DEAD] 
Agent ID: 3ffb3cfc-69cb-4983-89d2-faae725aa55e
Agent 475f1850-d664-4a25-9d35-5468f603950d: 
[DEAD] 
Agent ID: 475f1850-d664-4a25-9d35-5468f603950d
Agent 8221acfe-c614-4613-9732-839f8fea91f1: 
[DEAD] 
Agent ID: 8221acfe-c614-4613-9732-839f8fea91f1
Agent 8e9c8045-24a9-42b5-9ed0-a9968f217bab: 
[DEAD] 
Agent ID: 8e9c8045-24a9-42b5-9ed0-a9968f217bab
Agent a36cc4a2-a11e-49e9-9e1a-f3eccb44ad2b: 
[DEAD] 
Agent ID: a36cc4a2-a11e-49e9-9e1a-f3eccb44ad2b

Iteration 2, Turn 0:

Iteration 2, Turn 1:
Agent 3ffb3cfc-69cb-4983-89d2-faae725aa55e: 
[DEAD] 
Agent ID: 3ffb3cfc-69cb-4983-89d2-faae725aa55e
Agent 475f1850-d664-4a25-9d35-5468f603950d: 
[DEAD] 
Agent ID: 475f1850-d664-4a25-9d35-5468f603950d
Agent 8221acfe-c614-4613-9732-839f8fea91f1: 
[DEAD] 
Agent ID: 8221acfe-c614-4613-9732-839f8fea91f1
Agent 8e9c8045-24a9-42b5-9ed0-a9968f217bab: 
[DEAD] 
Agent ID: 8e9c8045-24a9-42b5-9ed0-a9968f217bab
Agent a36cc4a2-a11e-49e9-9e1a-f3eccb44ad2b: 
[DEAD] 
Agent ID: a36cc4a2-a11e-49e9-9e1a-f3eccb44ad2b

Iteration 2, Turn 2:
Agent 3ffb3cfc-69cb-4983-89d2-faae725aa55e: 
[DEAD] 
Agent ID: 3ffb3cfc-69cb-4983-89d2-faae725aa55e
Agent 475f1850-d664-4a25-9d35-5468f603950d: 
[DEAD] 
Agent ID: 475f1850-d664-4a25-9d35-5468f603950d
Agent 8221acfe-c614-4613-9732-839f8fea91f1: 
[DEAD] 
Agent ID: 8221acfe-c614-4613-9732-839f8fea91f1
Agent 8e9c8045-24a9-42b5-9ed0-a9968f217bab: 
[DEAD] 
Agent ID: 8e9c8045-24a9-42b5-9ed0-a9968f217bab
Agent a36cc4a2-a11e-49e9-9e1a-f3eccb44ad2b: 
[DEAD] 
Agent ID: a36cc4a2-a11e-49e9-9e1a-f3eccb44ad2b

Iteration 2, Turn 3:
Agent 3ffb3cfc-69cb-4983-89d2-faae725aa55e: 
[DEAD] 
Agent ID: 3ffb3cfc-69cb-4983-89d2-faae725aa55e
Agent 475f1850-d664-4a25-9d35-5468f603950d: 
[DEAD] 
Agent ID: 475f1850-d664-4a25-9d35-5468f603950d
Agent 8221acfe-c614-4613-9732-839f8fea91f1: 
[DEAD] 
Agent ID: 8221acfe-c614-4613-9732-839f8fea91f1
Agent 8e9c8045-24a9-42b5-9ed0-a9968f217bab: 
[DEAD] 
Agent ID: 8e9c8045-24a9-42b5-9ed0-a9968f217bab
Agent a36cc4a2-a11e-49e9-9e1a-f3eccb44ad2b: 
[DEAD] 
Agent ID: a36cc4a2-a11e-49e9-9e1a-f3eccb44ad2b

Iteration 2, Turn 4:
Agent 3ffb3cfc-69cb-4983-89d2-faae725aa55e: 
[DEAD] 
Agent ID: 3ffb3cfc-69cb-4983-89d2-faae725aa55e
Agent 475f1850-d664-4a25-9d35-5468f603950d: 
[DEAD] 
Agent ID: 475f1850-d664-4a25-9d35-5468f603950d
Agent 8221acfe-c614-4613-9732-839f8fea91f1: 
[DEAD] 
Agent ID: 8221acfe-c614-4613-9732-839f8fea91f1
Agent 8e9c8045-24a9-42b5-9ed0-a9968f217bab: 
[DEAD] 
Agent ID: 8e9c8045-24a9-42b5-9ed0-a9968f217bab
Agent a36cc4a2-a11e-49e9-9e1a-f3eccb44ad2b: 
[DEAD] 
Agent ID: a36cc4a2-a11e-49e9-9e1a-f3eccb44ad2b

Iteration 2, Turn 5:
Agent 3ffb3cfc-69cb-4983-89d2-faae725aa55e: 
[DEAD] 
Agent ID: 3ffb3cfc-69cb-4983-89d2-faae725aa55e
Agent 475f1850-d664-4a25-9d35-5468f603950d: 
[DEAD] 
Agent ID: 475f1850-d664-4a25-9d35-5468f603950d
Agent 8221acfe-c614-4613-9732-839f8fea91f1: 
[DEAD] 
Agent ID: 8221acfe-c614-4613-9732-839f8fea91f1
Agent 8e9c8045-24a9-42b5-9ed0-a9968f217bab: 
[DEAD] 
Agent ID: 8e9c8045-24a9-42b5-9ed0-a9968f217bab
Agent a36cc4a2-a11e-49e9-9e1a-f3eccb44ad2b: 
[DEAD] 
Agent ID: a36cc4a2-a11e-49e9-9e1a-f3eccb44ad2b
