main function started.
--------Start of iteration 0---------


Iteration 0, Turn 0, current agent count: 16


Iteration 0, Turn 1, current agent count: 16


Iteration 0, Turn 2, current agent count: 15


Iteration 0, Turn 3, current agent count: 14


Iteration 0, Turn 4, current agent count: 11
--------End of iteration 0---------
--------Start of iteration 1---------


Iteration 1, Turn 0, current agent count: 8


Iteration 1, Turn 1, current agent count: 5


Iteration 1, Turn 2, current agent count: 5


Iteration 1, Turn 3, current agent count: 5


Iteration 1, Turn 4, current agent count: 5
--------End of iteration 1---------
--------Start of iteration 2---------


Iteration 2, Turn 0, current agent count: 4


Iteration 2, Turn 1, current agent count: 3


Iteration 2, Turn 2, current agent count: 3


Iteration 2, Turn 3, current agent count: 3


Iteration 2, Turn 4, current agent count: 3
--------End of iteration 2---------


GamePlaybackSummary - playing 18 turn records

Iteration 0, Turn 0:

Iteration 0, Turn 0:
Agent 06ad462d-3957-4e8d-af84-93fdf57ea2fb: 
Agent ID: 06ad462d-3957-4e8d-af84-93fdf57ea2fb
Agent 07a14044-9ba1-4bef-8236-65164e87cfdd: 
Agent ID: 07a14044-9ba1-4bef-8236-65164e87cfdd
Agent 1c206efd-af2e-4ffe-9a76-c2c7c5000a43: 
Agent ID: 1c206efd-af2e-4ffe-9a76-c2c7c5000a43
Agent 418b670d-8ee3-47aa-9340-7e52613a79cd: 
Agent ID: 418b670d-8ee3-47aa-9340-7e52613a79cd
Agent 4c87dba3-7abf-441b-8266-0721cbd62dcc: 
Agent ID: 4c87dba3-7abf-441b-8266-0721cbd62dcc
Agent 59b4d9c1-ed62-4056-a596-1e44be32c714: 
Agent ID: 59b4d9c1-ed62-4056-a596-1e44be32c714
Agent 7ff6d3f4-3fd3-4842-8126-8455aa6b982e: 
Agent ID: 7ff6d3f4-3fd3-4842-8126-8455aa6b982e
Agent 891463ef-f0b4-4e00-a8fa-f76c033a1ae0: 
Agent ID: 891463ef-f0b4-4e00-a8fa-f76c033a1ae0
Agent 934900fb-ac05-4ece-85fb-716917415fd4: 
Agent ID: 934900fb-ac05-4ece-85fb-716917415fd4
Agent b343dffb-5193-4021-be72-0a4ddaa9714c: 
Agent ID: b343dffb-5193-4021-be72-0a4ddaa9714c
Agent b82aa1ec-90e9-4fc8-8b69-0832ef6fd979: 
Agent ID: b82aa1ec-90e9-4fc8-8b69-0832ef6fd979
Agent d55ec3fe-1633-401a-bad9-7c37b0b7c6d1: 
Agent ID: d55ec3fe-1633-401a-bad9-7c37b0b7c6d1
Agent dfa9b3d8-bba0-4114-b054-5f6f25338d81: 
Agent ID: dfa9b3d8-bba0-4114-b054-5f6f25338d81
Agent f2de2083-ec6f-41a1-a484-da09248492e4: 
Agent ID: f2de2083-ec6f-41a1-a484-da09248492e4
Agent fbb49588-0ef4-44e6-bf70-a6bf7c1837f4: 
Agent ID: fbb49588-0ef4-44e6-bf70-a6bf7c1837f4
Agent fede3b9d-e72d-4cd0-9663-e0ad12e1c730: 
Agent ID: fede3b9d-e72d-4cd0-9663-e0ad12e1c730

Iteration 0, Turn 1:
Agent 06ad462d-3957-4e8d-af84-93fdf57ea2fb: 
Agent ID: 06ad462d-3957-4e8d-af84-93fdf57ea2fb
Agent 07a14044-9ba1-4bef-8236-65164e87cfdd: 
Agent ID: 07a14044-9ba1-4bef-8236-65164e87cfdd
Agent 1c206efd-af2e-4ffe-9a76-c2c7c5000a43: 
Agent ID: 1c206efd-af2e-4ffe-9a76-c2c7c5000a43
Agent 418b670d-8ee3-47aa-9340-7e52613a79cd: 
Agent ID: 418b670d-8ee3-47aa-9340-7e52613a79cd
Agent 4c87dba3-7abf-441b-8266-0721cbd62dcc: 
Agent ID: 4c87dba3-7abf-441b-8266-0721cbd62dcc
Agent 59b4d9c1-ed62-4056-a596-1e44be32c714: 
Agent ID: 59b4d9c1-ed62-4056-a596-1e44be32c714
Agent 7ff6d3f4-3fd3-4842-8126-8455aa6b982e: 
Agent ID: 7ff6d3f4-3fd3-4842-8126-8455aa6b982e
Agent 891463ef-f0b4-4e00-a8fa-f76c033a1ae0: 
Agent ID: 891463ef-f0b4-4e00-a8fa-f76c033a1ae0
Agent 934900fb-ac05-4ece-85fb-716917415fd4: 
Agent ID: 934900fb-ac05-4ece-85fb-716917415fd4
Agent b343dffb-5193-4021-be72-0a4ddaa9714c: 
Agent ID: b343dffb-5193-4021-be72-0a4ddaa9714c
Agent b82aa1ec-90e9-4fc8-8b69-0832ef6fd979: 
Agent ID: b82aa1ec-90e9-4fc8-8b69-0832ef6fd979
Agent d55ec3fe-1633-401a-bad9-7c37b0b7c6d1: 
Agent ID: d55ec3fe-1633-401a-bad9-7c37b0b7c6d1
Agent dfa9b3d8-bba0-4114-b054-5f6f25338d81: 
Agent ID: dfa9b3d8-bba0-4114-b054-5f6f25338d81
Agent fbb49588-0ef4-44e6-bf70-a6bf7c1837f4: 
Agent ID: fbb49588-0ef4-44e6-bf70-a6bf7c1837f4
Agent fede3b9d-e72d-4cd0-9663-e0ad12e1c730: 
Agent ID: fede3b9d-e72d-4cd0-9663-e0ad12e1c730

Iteration 0, Turn 2:
Agent 06ad462d-3957-4e8d-af84-93fdf57ea2fb: 
Agent ID: 06ad462d-3957-4e8d-af84-93fdf57ea2fb
Agent 07a14044-9ba1-4bef-8236-65164e87cfdd: 
Agent ID: 07a14044-9ba1-4bef-8236-65164e87cfdd
Agent 1c206efd-af2e-4ffe-9a76-c2c7c5000a43: 
Agent ID: 1c206efd-af2e-4ffe-9a76-c2c7c5000a43
Agent 418b670d-8ee3-47aa-9340-7e52613a79cd: 
Agent ID: 418b670d-8ee3-47aa-9340-7e52613a79cd
Agent 4c87dba3-7abf-441b-8266-0721cbd62dcc: 
Agent ID: 4c87dba3-7abf-441b-8266-0721cbd62dcc
Agent 59b4d9c1-ed62-4056-a596-1e44be32c714: 
Agent ID: 59b4d9c1-ed62-4056-a596-1e44be32c714
Agent 7ff6d3f4-3fd3-4842-8126-8455aa6b982e: 
Agent ID: 7ff6d3f4-3fd3-4842-8126-8455aa6b982e
Agent 891463ef-f0b4-4e00-a8fa-f76c033a1ae0: 
Agent ID: 891463ef-f0b4-4e00-a8fa-f76c033a1ae0
Agent 934900fb-ac05-4ece-85fb-716917415fd4: 
Agent ID: 934900fb-ac05-4ece-85fb-716917415fd4
Agent b343dffb-5193-4021-be72-0a4ddaa9714c: 
Agent ID: b343dffb-5193-4021-be72-0a4ddaa9714c
Agent b82aa1ec-90e9-4fc8-8b69-0832ef6fd979: 
Agent ID: b82aa1ec-90e9-4fc8-8b69-0832ef6fd979
Agent d55ec3fe-1633-401a-bad9-7c37b0b7c6d1: 
Agent ID: d55ec3fe-1633-401a-bad9-7c37b0b7c6d1
Agent dfa9b3d8-bba0-4114-b054-5f6f25338d81: 
Agent ID: dfa9b3d8-bba0-4114-b054-5f6f25338d81
Agent fbb49588-0ef4-44e6-bf70-a6bf7c1837f4: 
Agent ID: fbb49588-0ef4-44e6-bf70-a6bf7c1837f4

Iteration 0, Turn 3:
Agent 06ad462d-3957-4e8d-af84-93fdf57ea2fb: 
Agent ID: 06ad462d-3957-4e8d-af84-93fdf57ea2fb
Agent 1c206efd-af2e-4ffe-9a76-c2c7c5000a43: 
Agent ID: 1c206efd-af2e-4ffe-9a76-c2c7c5000a43
Agent 418b670d-8ee3-47aa-9340-7e52613a79cd: 
Agent ID: 418b670d-8ee3-47aa-9340-7e52613a79cd
Agent 4c87dba3-7abf-441b-8266-0721cbd62dcc: 
Agent ID: 4c87dba3-7abf-441b-8266-0721cbd62dcc
Agent 59b4d9c1-ed62-4056-a596-1e44be32c714: 
Agent ID: 59b4d9c1-ed62-4056-a596-1e44be32c714
Agent 7ff6d3f4-3fd3-4842-8126-8455aa6b982e: 
Agent ID: 7ff6d3f4-3fd3-4842-8126-8455aa6b982e
Agent 934900fb-ac05-4ece-85fb-716917415fd4: 
Agent ID: 934900fb-ac05-4ece-85fb-716917415fd4
Agent b343dffb-5193-4021-be72-0a4ddaa9714c: 
Agent ID: b343dffb-5193-4021-be72-0a4ddaa9714c
Agent b82aa1ec-90e9-4fc8-8b69-0832ef6fd979: 
Agent ID: b82aa1ec-90e9-4fc8-8b69-0832ef6fd979
Agent dfa9b3d8-bba0-4114-b054-5f6f25338d81: 
Agent ID: dfa9b3d8-bba0-4114-b054-5f6f25338d81
Agent fbb49588-0ef4-44e6-bf70-a6bf7c1837f4: 
Agent ID: fbb49588-0ef4-44e6-bf70-a6bf7c1837f4

Iteration 0, Turn 4:
Agent 1c206efd-af2e-4ffe-9a76-c2c7c5000a43: 
Agent ID: 1c206efd-af2e-4ffe-9a76-c2c7c5000a43
Agent 418b670d-8ee3-47aa-9340-7e52613a79cd: 
Agent ID: 418b670d-8ee3-47aa-9340-7e52613a79cd
Agent 4c87dba3-7abf-441b-8266-0721cbd62dcc: 
Agent ID: 4c87dba3-7abf-441b-8266-0721cbd62dcc
Agent 59b4d9c1-ed62-4056-a596-1e44be32c714: 
Agent ID: 59b4d9c1-ed62-4056-a596-1e44be32c714
Agent 934900fb-ac05-4ece-85fb-716917415fd4: 
Agent ID: 934900fb-ac05-4ece-85fb-716917415fd4
Agent b343dffb-5193-4021-be72-0a4ddaa9714c: 
Agent ID: b343dffb-5193-4021-be72-0a4ddaa9714c
Agent b82aa1ec-90e9-4fc8-8b69-0832ef6fd979: 
Agent ID: b82aa1ec-90e9-4fc8-8b69-0832ef6fd979
Agent fbb49588-0ef4-44e6-bf70-a6bf7c1837f4: 
Agent ID: fbb49588-0ef4-44e6-bf70-a6bf7c1837f4

Iteration 1, Turn 0:

Iteration 1, Turn 0:
Agent 1c206efd-af2e-4ffe-9a76-c2c7c5000a43: 
Agent ID: 1c206efd-af2e-4ffe-9a76-c2c7c5000a43
Agent 4c87dba3-7abf-441b-8266-0721cbd62dcc: 
Agent ID: 4c87dba3-7abf-441b-8266-0721cbd62dcc
Agent 59b4d9c1-ed62-4056-a596-1e44be32c714: 
Agent ID: 59b4d9c1-ed62-4056-a596-1e44be32c714
Agent 934900fb-ac05-4ece-85fb-716917415fd4: 
Agent ID: 934900fb-ac05-4ece-85fb-716917415fd4
Agent fbb49588-0ef4-44e6-bf70-a6bf7c1837f4: 
Agent ID: fbb49588-0ef4-44e6-bf70-a6bf7c1837f4

Iteration 1, Turn 1:
Agent 1c206efd-af2e-4ffe-9a76-c2c7c5000a43: 
Agent ID: 1c206efd-af2e-4ffe-9a76-c2c7c5000a43
Agent 4c87dba3-7abf-441b-8266-0721cbd62dcc: 
Agent ID: 4c87dba3-7abf-441b-8266-0721cbd62dcc
Agent 59b4d9c1-ed62-4056-a596-1e44be32c714: 
Agent ID: 59b4d9c1-ed62-4056-a596-1e44be32c714
Agent 934900fb-ac05-4ece-85fb-716917415fd4: 
Agent ID: 934900fb-ac05-4ece-85fb-716917415fd4
Agent fbb49588-0ef4-44e6-bf70-a6bf7c1837f4: 
Agent ID: fbb49588-0ef4-44e6-bf70-a6bf7c1837f4

Iteration 1, Turn 2:
Agent 1c206efd-af2e-4ffe-9a76-c2c7c5000a43: 
Agent ID: 1c206efd-af2e-4ffe-9a76-c2c7c5000a43
Agent 4c87dba3-7abf-441b-8266-0721cbd62dcc: 
Agent ID: 4c87dba3-7abf-441b-8266-0721cbd62dcc
Agent 59b4d9c1-ed62-4056-a596-1e44be32c714: 
Agent ID: 59b4d9c1-ed62-4056-a596-1e44be32c714
Agent 934900fb-ac05-4ece-85fb-716917415fd4: 
Agent ID: 934900fb-ac05-4ece-85fb-716917415fd4
Agent fbb49588-0ef4-44e6-bf70-a6bf7c1837f4: 
Agent ID: fbb49588-0ef4-44e6-bf70-a6bf7c1837f4

Iteration 1, Turn 3:
Agent 1c206efd-af2e-4ffe-9a76-c2c7c5000a43: 
Agent ID: 1c206efd-af2e-4ffe-9a76-c2c7c5000a43
Agent 4c87dba3-7abf-441b-8266-0721cbd62dcc: 
Agent ID: 4c87dba3-7abf-441b-8266-0721cbd62dcc
Agent 59b4d9c1-ed62-4056-a596-1e44be32c714: 
Agent ID: 59b4d9c1-ed62-4056-a596-1e44be32c714
Agent 934900fb-ac05-4ece-85fb-716917415fd4: 
Agent ID: 934900fb-ac05-4ece-85fb-716917415fd4
Agent fbb49588-0ef4-44e6-bf70-a6bf7c1837f4: 
Agent ID: fbb49588-0ef4-44e6-bf70-a6bf7c1837f4

Iteration 1, Turn 4:
Agent 1c206efd-af2e-4ffe-9a76-c2c7c5000a43: 
Agent ID: 1c206efd-af2e-4ffe-9a76-c2c7c5000a43
Agent 4c87dba3-7abf-441b-8266-0721cbd62dcc: 
Agent ID: 4c87dba3-7abf-441b-8266-0721cbd62dcc
Agent 59b4d9c1-ed62-4056-a596-1e44be32c714: 
Agent ID: 59b4d9c1-ed62-4056-a596-1e44be32c714
Agent fbb49588-0ef4-44e6-bf70-a6bf7c1837f4: 
Agent ID: fbb49588-0ef4-44e6-bf70-a6bf7c1837f4

Iteration 2, Turn 0:

Iteration 2, Turn 0:
Agent 4c87dba3-7abf-441b-8266-0721cbd62dcc: 
Agent ID: 4c87dba3-7abf-441b-8266-0721cbd62dcc
Agent 59b4d9c1-ed62-4056-a596-1e44be32c714: 
Agent ID: 59b4d9c1-ed62-4056-a596-1e44be32c714
Agent fbb49588-0ef4-44e6-bf70-a6bf7c1837f4: 
Agent ID: fbb49588-0ef4-44e6-bf70-a6bf7c1837f4

Iteration 2, Turn 1:
Agent 4c87dba3-7abf-441b-8266-0721cbd62dcc: 
Agent ID: 4c87dba3-7abf-441b-8266-0721cbd62dcc
Agent 59b4d9c1-ed62-4056-a596-1e44be32c714: 
Agent ID: 59b4d9c1-ed62-4056-a596-1e44be32c714
Agent fbb49588-0ef4-44e6-bf70-a6bf7c1837f4: 
Agent ID: fbb49588-0ef4-44e6-bf70-a6bf7c1837f4

Iteration 2, Turn 2:
Agent 4c87dba3-7abf-441b-8266-0721cbd62dcc: 
Agent ID: 4c87dba3-7abf-441b-8266-0721cbd62dcc
Agent 59b4d9c1-ed62-4056-a596-1e44be32c714: 
Agent ID: 59b4d9c1-ed62-4056-a596-1e44be32c714
Agent fbb49588-0ef4-44e6-bf70-a6bf7c1837f4: 
Agent ID: fbb49588-0ef4-44e6-bf70-a6bf7c1837f4

Iteration 2, Turn 3:
Agent 4c87dba3-7abf-441b-8266-0721cbd62dcc: 
Agent ID: 4c87dba3-7abf-441b-8266-0721cbd62dcc
Agent 59b4d9c1-ed62-4056-a596-1e44be32c714: 
Agent ID: 59b4d9c1-ed62-4056-a596-1e44be32c714
Agent fbb49588-0ef4-44e6-bf70-a6bf7c1837f4: 
Agent ID: fbb49588-0ef4-44e6-bf70-a6bf7c1837f4

Iteration 2, Turn 4:
Agent 4c87dba3-7abf-441b-8266-0721cbd62dcc: 
Agent ID: 4c87dba3-7abf-441b-8266-0721cbd62dcc
Agent fbb49588-0ef4-44e6-bf70-a6bf7c1837f4: 
Agent ID: fbb49588-0ef4-44e6-bf70-a6bf7c1837f4
