main function started.
--------Start of iteration 0---------


Iteration 0, Turn 0, current agent count: 5


Iteration 0, Turn 1, current agent count: 5


Iteration 0, Turn 2, current agent count: 5


Iteration 0, Turn 3, current agent count: 5


Iteration 0, Turn 4, current agent count: 5
--------End of iteration 0---------
--------Start of iteration 1---------


Iteration 1, Turn 0, current agent count: 5


Iteration 1, Turn 1, current agent count: 5


Iteration 1, Turn 2, current agent count: 5


Iteration 1, Turn 3, current agent count: 5


Iteration 1, Turn 4, current agent count: 5
--------End of iteration 1---------
--------Start of iteration 2---------


Iteration 2, Turn 0, current agent count: 5


Iteration 2, Turn 1, current agent count: 5


Iteration 2, Turn 2, current agent count: 5


Iteration 2, Turn 3, current agent count: 5


Iteration 2, Turn 4, current agent count: 5
--------End of iteration 2---------


GamePlaybackSummary - playing 18 turn records

Iteration 0, Turn 0:

Iteration 0, Turn 1:
Agent 12c75e7e-da9d-483e-aaf3-59fe179ba979: 
Agent ID: 12c75e7e-da9d-483e-aaf3-59fe179ba979
Agent 560b9d04-31c3-4902-9581-faaa89fa38bf: 
[DEAD] 
Agent ID: 560b9d04-31c3-4902-9581-faaa89fa38bf
Agent 74b3f119-2088-4a46-981b-76e98275b407: 
Agent ID: 74b3f119-2088-4a46-981b-76e98275b407
Agent 92d188d5-4dc7-44da-951d-84ba8b9d5571: 
Agent ID: 92d188d5-4dc7-44da-951d-84ba8b9d5571
Agent f4017e9c-01fa-49a1-bc2a-e9350444aabf: 
[DEAD] 
Agent ID: f4017e9c-01fa-49a1-bc2a-e9350444aabf

Iteration 0, Turn 2:
Agent 12c75e7e-da9d-483e-aaf3-59fe179ba979: 
[DEAD] 
Agent ID: 12c75e7e-da9d-483e-aaf3-59fe179ba979
Agent 560b9d04-31c3-4902-9581-faaa89fa38bf: 
[DEAD] 
Agent ID: 560b9d04-31c3-4902-9581-faaa89fa38bf
Agent 74b3f119-2088-4a46-981b-76e98275b407: 
[DEAD] 
Agent ID: 74b3f119-2088-4a46-981b-76e98275b407
Agent 92d188d5-4dc7-44da-951d-84ba8b9d5571: 
[DEAD] 
Agent ID: 92d188d5-4dc7-44da-951d-84ba8b9d5571
Agent f4017e9c-01fa-49a1-bc2a-e9350444aabf: 
[DEAD] 
Agent ID: f4017e9c-01fa-49a1-bc2a-e9350444aabf

Iteration 0, Turn 3:
Agent 12c75e7e-da9d-483e-aaf3-59fe179ba979: 
[DEAD] 
Agent ID: 12c75e7e-da9d-483e-aaf3-59fe179ba979
Agent 560b9d04-31c3-4902-9581-faaa89fa38bf: 
[DEAD] 
Agent ID: 560b9d04-31c3-4902-9581-faaa89fa38bf
Agent 74b3f119-2088-4a46-981b-76e98275b407: 
[DEAD] 
Agent ID: 74b3f119-2088-4a46-981b-76e98275b407
Agent 92d188d5-4dc7-44da-951d-84ba8b9d5571: 
[DEAD] 
Agent ID: 92d188d5-4dc7-44da-951d-84ba8b9d5571
Agent f4017e9c-01fa-49a1-bc2a-e9350444aabf: 
[DEAD] 
Agent ID: f4017e9c-01fa-49a1-bc2a-e9350444aabf

Iteration 0, Turn 4:
Agent 12c75e7e-da9d-483e-aaf3-59fe179ba979: 
[DEAD] 
Agent ID: 12c75e7e-da9d-483e-aaf3-59fe179ba979
Agent 560b9d04-31c3-4902-9581-faaa89fa38bf: 
[DEAD] 
Agent ID: 560b9d04-31c3-4902-9581-faaa89fa38bf
Agent 74b3f119-2088-4a46-981b-76e98275b407: 
[DEAD] 
Agent ID: 74b3f119-2088-4a46-981b-76e98275b407
Agent 92d188d5-4dc7-44da-951d-84ba8b9d5571: 
[DEAD] 
Agent ID: 92d188d5-4dc7-44da-951d-84ba8b9d5571
Agent f4017e9c-01fa-49a1-bc2a-e9350444aabf: 
[DEAD] 
Agent ID: f4017e9c-01fa-49a1-bc2a-e9350444aabf

Iteration 0, Turn 5:
Agent 12c75e7e-da9d-483e-aaf3-59fe179ba979: 
[DEAD] 
Agent ID: 12c75e7e-da9d-483e-aaf3-59fe179ba979
Agent 560b9d04-31c3-4902-9581-faaa89fa38bf: 
[DEAD] 
Agent ID: 560b9d04-31c3-4902-9581-faaa89fa38bf
Agent 74b3f119-2088-4a46-981b-76e98275b407: 
[DEAD] 
Agent ID: 74b3f119-2088-4a46-981b-76e98275b407
Agent 92d188d5-4dc7-44da-951d-84ba8b9d5571: 
[DEAD] 
Agent ID: 92d188d5-4dc7-44da-951d-84ba8b9d5571
Agent f4017e9c-01fa-49a1-bc2a-e9350444aabf: 
[DEAD] 
Agent ID: f4017e9c-01fa-49a1-bc2a-e9350444aabf

Iteration 1, Turn 0:

Iteration 1, Turn 1:
Agent 12c75e7e-da9d-483e-aaf3-59fe179ba979: 
[DEAD] 
Agent ID: 12c75e7e-da9d-483e-aaf3-59fe179ba979
Agent 560b9d04-31c3-4902-9581-faaa89fa38bf: 
[DEAD] 
Agent ID: 560b9d04-31c3-4902-9581-faaa89fa38bf
Agent 74b3f119-2088-4a46-981b-76e98275b407: 
[DEAD] 
Agent ID: 74b3f119-2088-4a46-981b-76e98275b407
Agent 92d188d5-4dc7-44da-951d-84ba8b9d5571: 
[DEAD] 
Agent ID: 92d188d5-4dc7-44da-951d-84ba8b9d5571
Agent f4017e9c-01fa-49a1-bc2a-e9350444aabf: 
[DEAD] 
Agent ID: f4017e9c-01fa-49a1-bc2a-e9350444aabf

Iteration 1, Turn 2:
Agent 12c75e7e-da9d-483e-aaf3-59fe179ba979: 
[DEAD] 
Agent ID: 12c75e7e-da9d-483e-aaf3-59fe179ba979
Agent 560b9d04-31c3-4902-9581-faaa89fa38bf: 
[DEAD] 
Agent ID: 560b9d04-31c3-4902-9581-faaa89fa38bf
Agent 74b3f119-2088-4a46-981b-76e98275b407: 
[DEAD] 
Agent ID: 74b3f119-2088-4a46-981b-76e98275b407
Agent 92d188d5-4dc7-44da-951d-84ba8b9d5571: 
[DEAD] 
Agent ID: 92d188d5-4dc7-44da-951d-84ba8b9d5571
Agent f4017e9c-01fa-49a1-bc2a-e9350444aabf: 
[DEAD] 
Agent ID: f4017e9c-01fa-49a1-bc2a-e9350444aabf

Iteration 1, Turn 3:
Agent 12c75e7e-da9d-483e-aaf3-59fe179ba979: 
[DEAD] 
Agent ID: 12c75e7e-da9d-483e-aaf3-59fe179ba979
Agent 560b9d04-31c3-4902-9581-faaa89fa38bf: 
[DEAD] 
Agent ID: 560b9d04-31c3-4902-9581-faaa89fa38bf
Agent 74b3f119-2088-4a46-981b-76e98275b407: 
[DEAD] 
Agent ID: 74b3f119-2088-4a46-981b-76e98275b407
Agent 92d188d5-4dc7-44da-951d-84ba8b9d5571: 
[DEAD] 
Agent ID: 92d188d5-4dc7-44da-951d-84ba8b9d5571
Agent f4017e9c-01fa-49a1-bc2a-e9350444aabf: 
[DEAD] 
Agent ID: f4017e9c-01fa-49a1-bc2a-e9350444aabf

Iteration 1, Turn 4:
Agent 12c75e7e-da9d-483e-aaf3-59fe179ba979: 
[DEAD] 
Agent ID: 12c75e7e-da9d-483e-aaf3-59fe179ba979
Agent 560b9d04-31c3-4902-9581-faaa89fa38bf: 
[DEAD] 
Agent ID: 560b9d04-31c3-4902-9581-faaa89fa38bf
Agent 74b3f119-2088-4a46-981b-76e98275b407: 
[DEAD] 
Agent ID: 74b3f119-2088-4a46-981b-76e98275b407
Agent 92d188d5-4dc7-44da-951d-84ba8b9d5571: 
[DEAD] 
Agent ID: 92d188d5-4dc7-44da-951d-84ba8b9d5571
Agent f4017e9c-01fa-49a1-bc2a-e9350444aabf: 
[DEAD] 
Agent ID: f4017e9c-01fa-49a1-bc2a-e9350444aabf

Iteration 1, Turn 5:
Agent 12c75e7e-da9d-483e-aaf3-59fe179ba979: 
[DEAD] 
Agent ID: 12c75e7e-da9d-483e-aaf3-59fe179ba979
Agent 560b9d04-31c3-4902-9581-faaa89fa38bf: 
[DEAD] 
Agent ID: 560b9d04-31c3-4902-9581-faaa89fa38bf
Agent 74b3f119-2088-4a46-981b-76e98275b407: 
[DEAD] 
Agent ID: 74b3f119-2088-4a46-981b-76e98275b407
Agent 92d188d5-4dc7-44da-951d-84ba8b9d5571: 
[DEAD] 
Agent ID: 92d188d5-4dc7-44da-951d-84ba8b9d5571
Agent f4017e9c-01fa-49a1-bc2a-e9350444aabf: 
[DEAD] 
Agent ID: f4017e9c-01fa-49a1-bc2a-e9350444aabf

Iteration 2, Turn 0:

Iteration 2, Turn 1:
Agent 12c75e7e-da9d-483e-aaf3-59fe179ba979: 
[DEAD] 
Agent ID: 12c75e7e-da9d-483e-aaf3-59fe179ba979
Agent 560b9d04-31c3-4902-9581-faaa89fa38bf: 
[DEAD] 
Agent ID: 560b9d04-31c3-4902-9581-faaa89fa38bf
Agent 74b3f119-2088-4a46-981b-76e98275b407: 
[DEAD] 
Agent ID: 74b3f119-2088-4a46-981b-76e98275b407
Agent 92d188d5-4dc7-44da-951d-84ba8b9d5571: 
[DEAD] 
Agent ID: 92d188d5-4dc7-44da-951d-84ba8b9d5571
Agent f4017e9c-01fa-49a1-bc2a-e9350444aabf: 
[DEAD] 
Agent ID: f4017e9c-01fa-49a1-bc2a-e9350444aabf

Iteration 2, Turn 2:
Agent 12c75e7e-da9d-483e-aaf3-59fe179ba979: 
[DEAD] 
Agent ID: 12c75e7e-da9d-483e-aaf3-59fe179ba979
Agent 560b9d04-31c3-4902-9581-faaa89fa38bf: 
[DEAD] 
Agent ID: 560b9d04-31c3-4902-9581-faaa89fa38bf
Agent 74b3f119-2088-4a46-981b-76e98275b407: 
[DEAD] 
Agent ID: 74b3f119-2088-4a46-981b-76e98275b407
Agent 92d188d5-4dc7-44da-951d-84ba8b9d5571: 
[DEAD] 
Agent ID: 92d188d5-4dc7-44da-951d-84ba8b9d5571
Agent f4017e9c-01fa-49a1-bc2a-e9350444aabf: 
[DEAD] 
Agent ID: f4017e9c-01fa-49a1-bc2a-e9350444aabf

Iteration 2, Turn 3:
Agent 12c75e7e-da9d-483e-aaf3-59fe179ba979: 
[DEAD] 
Agent ID: 12c75e7e-da9d-483e-aaf3-59fe179ba979
Agent 560b9d04-31c3-4902-9581-faaa89fa38bf: 
[DEAD] 
Agent ID: 560b9d04-31c3-4902-9581-faaa89fa38bf
Agent 74b3f119-2088-4a46-981b-76e98275b407: 
[DEAD] 
Agent ID: 74b3f119-2088-4a46-981b-76e98275b407
Agent 92d188d5-4dc7-44da-951d-84ba8b9d5571: 
[DEAD] 
Agent ID: 92d188d5-4dc7-44da-951d-84ba8b9d5571
Agent f4017e9c-01fa-49a1-bc2a-e9350444aabf: 
[DEAD] 
Agent ID: f4017e9c-01fa-49a1-bc2a-e9350444aabf

Iteration 2, Turn 4:
Agent 12c75e7e-da9d-483e-aaf3-59fe179ba979: 
[DEAD] 
Agent ID: 12c75e7e-da9d-483e-aaf3-59fe179ba979
Agent 560b9d04-31c3-4902-9581-faaa89fa38bf: 
[DEAD] 
Agent ID: 560b9d04-31c3-4902-9581-faaa89fa38bf
Agent 74b3f119-2088-4a46-981b-76e98275b407: 
[DEAD] 
Agent ID: 74b3f119-2088-4a46-981b-76e98275b407
Agent 92d188d5-4dc7-44da-951d-84ba8b9d5571: 
[DEAD] 
Agent ID: 92d188d5-4dc7-44da-951d-84ba8b9d5571
Agent f4017e9c-01fa-49a1-bc2a-e9350444aabf: 
[DEAD] 
Agent ID: f4017e9c-01fa-49a1-bc2a-e9350444aabf

Iteration 2, Turn 5:
Agent 12c75e7e-da9d-483e-aaf3-59fe179ba979: 
[DEAD] 
Agent ID: 12c75e7e-da9d-483e-aaf3-59fe179ba979
Agent 560b9d04-31c3-4902-9581-faaa89fa38bf: 
[DEAD] 
Agent ID: 560b9d04-31c3-4902-9581-faaa89fa38bf
Agent 74b3f119-2088-4a46-981b-76e98275b407: 
[DEAD] 
Agent ID: 74b3f119-2088-4a46-981b-76e98275b407
Agent 92d188d5-4dc7-44da-951d-84ba8b9d5571: 
[DEAD] 
Agent ID: 92d188d5-4dc7-44da-951d-84ba8b9d5571
Agent f4017e9c-01fa-49a1-bc2a-e9350444aabf: 
[DEAD] 
Agent ID: f4017e9c-01fa-49a1-bc2a-e9350444aabf
