main function started.
--------Start of iteration 0---------


Iteration 0, Turn 0, current agent count: 5


Iteration 0, Turn 1, current agent count: 5


Iteration 0, Turn 2, current agent count: 5


Iteration 0, Turn 3, current agent count: 5


Iteration 0, Turn 4, current agent count: 5
--------End of iteration 0---------
--------Start of iteration 1---------


Iteration 1, Turn 0, current agent count: 5


Iteration 1, Turn 1, current agent count: 5


Iteration 1, Turn 2, current agent count: 5


Iteration 1, Turn 3, current agent count: 5


Iteration 1, Turn 4, current agent count: 5
--------End of iteration 1---------
--------Start of iteration 2---------


Iteration 2, Turn 0, current agent count: 5


Iteration 2, Turn 1, current agent count: 5


Iteration 2, Turn 2, current agent count: 5


Iteration 2, Turn 3, current agent count: 5


Iteration 2, Turn 4, current agent count: 5
--------End of iteration 2---------


GamePlaybackSummary - playing 18 turn records

Iteration 0, Turn 0:

Iteration 0, Turn 0:
Agent 48d4bd44-243b-46c1-aa59-ae097b854436: 
Agent ID: 48d4bd44-243b-46c1-aa59-ae097b854436
Agent 6abfc586-3a4d-4ee0-b7ad-e901372e553c: 
Agent ID: 6abfc586-3a4d-4ee0-b7ad-e901372e553c
Agent 995b25f2-effd-4a79-9470-17822d91959f: 
Agent ID: 995b25f2-effd-4a79-9470-17822d91959f
Agent a218622d-dd5f-4cec-852d-3930ebc2aeff: 
Agent ID: a218622d-dd5f-4cec-852d-3930ebc2aeff
Agent e6bf11e4-9adc-4c7a-9e5b-2a15a0b8b8d6: 
Agent ID: e6bf11e4-9adc-4c7a-9e5b-2a15a0b8b8d6

Iteration 0, Turn 1:
Agent 48d4bd44-243b-46c1-aa59-ae097b854436: 
Agent ID: 48d4bd44-243b-46c1-aa59-ae097b854436
Agent 6abfc586-3a4d-4ee0-b7ad-e901372e553c: 
Agent ID: 6abfc586-3a4d-4ee0-b7ad-e901372e553c
Agent 995b25f2-effd-4a79-9470-17822d91959f: 
[DEAD] 
Agent ID: 995b25f2-effd-4a79-9470-17822d91959f
Agent a218622d-dd5f-4cec-852d-3930ebc2aeff: 
Agent ID: a218622d-dd5f-4cec-852d-3930ebc2aeff
Agent e6bf11e4-9adc-4c7a-9e5b-2a15a0b8b8d6: 
Agent ID: e6bf11e4-9adc-4c7a-9e5b-2a15a0b8b8d6

Iteration 0, Turn 2:
Agent 48d4bd44-243b-46c1-aa59-ae097b854436: 
Agent ID: 48d4bd44-243b-46c1-aa59-ae097b854436
Agent 6abfc586-3a4d-4ee0-b7ad-e901372e553c: 
[DEAD] 
Agent ID: 6abfc586-3a4d-4ee0-b7ad-e901372e553c
Agent 995b25f2-effd-4a79-9470-17822d91959f: 
[DEAD] 
Agent ID: 995b25f2-effd-4a79-9470-17822d91959f
Agent a218622d-dd5f-4cec-852d-3930ebc2aeff: 
Agent ID: a218622d-dd5f-4cec-852d-3930ebc2aeff
Agent e6bf11e4-9adc-4c7a-9e5b-2a15a0b8b8d6: 
Agent ID: e6bf11e4-9adc-4c7a-9e5b-2a15a0b8b8d6

Iteration 0, Turn 3:
Agent 48d4bd44-243b-46c1-aa59-ae097b854436: 
Agent ID: 48d4bd44-243b-46c1-aa59-ae097b854436
Agent 6abfc586-3a4d-4ee0-b7ad-e901372e553c: 
[DEAD] 
Agent ID: 6abfc586-3a4d-4ee0-b7ad-e901372e553c
Agent 995b25f2-effd-4a79-9470-17822d91959f: 
[DEAD] 
Agent ID: 995b25f2-effd-4a79-9470-17822d91959f
Agent a218622d-dd5f-4cec-852d-3930ebc2aeff: 
Agent ID: a218622d-dd5f-4cec-852d-3930ebc2aeff
Agent e6bf11e4-9adc-4c7a-9e5b-2a15a0b8b8d6: 
Agent ID: e6bf11e4-9adc-4c7a-9e5b-2a15a0b8b8d6

Iteration 0, Turn 4:
Agent 48d4bd44-243b-46c1-aa59-ae097b854436: 
[DEAD] 
Agent ID: 48d4bd44-243b-46c1-aa59-ae097b854436
Agent 6abfc586-3a4d-4ee0-b7ad-e901372e553c: 
[DEAD] 
Agent ID: 6abfc586-3a4d-4ee0-b7ad-e901372e553c
Agent 995b25f2-effd-4a79-9470-17822d91959f: 
[DEAD] 
Agent ID: 995b25f2-effd-4a79-9470-17822d91959f
Agent a218622d-dd5f-4cec-852d-3930ebc2aeff: 
[DEAD] 
Agent ID: a218622d-dd5f-4cec-852d-3930ebc2aeff
Agent e6bf11e4-9adc-4c7a-9e5b-2a15a0b8b8d6: 
[DEAD] 
Agent ID: e6bf11e4-9adc-4c7a-9e5b-2a15a0b8b8d6

Iteration 1, Turn 0:

Iteration 1, Turn 0:
Agent 48d4bd44-243b-46c1-aa59-ae097b854436: 
[DEAD] 
Agent ID: 48d4bd44-243b-46c1-aa59-ae097b854436
Agent 6abfc586-3a4d-4ee0-b7ad-e901372e553c: 
[DEAD] 
Agent ID: 6abfc586-3a4d-4ee0-b7ad-e901372e553c
Agent 995b25f2-effd-4a79-9470-17822d91959f: 
[DEAD] 
Agent ID: 995b25f2-effd-4a79-9470-17822d91959f
Agent a218622d-dd5f-4cec-852d-3930ebc2aeff: 
[DEAD] 
Agent ID: a218622d-dd5f-4cec-852d-3930ebc2aeff
Agent e6bf11e4-9adc-4c7a-9e5b-2a15a0b8b8d6: 
[DEAD] 
Agent ID: e6bf11e4-9adc-4c7a-9e5b-2a15a0b8b8d6

Iteration 1, Turn 1:
Agent 48d4bd44-243b-46c1-aa59-ae097b854436: 
[DEAD] 
Agent ID: 48d4bd44-243b-46c1-aa59-ae097b854436
Agent 6abfc586-3a4d-4ee0-b7ad-e901372e553c: 
[DEAD] 
Agent ID: 6abfc586-3a4d-4ee0-b7ad-e901372e553c
Agent 995b25f2-effd-4a79-9470-17822d91959f: 
[DEAD] 
Agent ID: 995b25f2-effd-4a79-9470-17822d91959f
Agent a218622d-dd5f-4cec-852d-3930ebc2aeff: 
[DEAD] 
Agent ID: a218622d-dd5f-4cec-852d-3930ebc2aeff
Agent e6bf11e4-9adc-4c7a-9e5b-2a15a0b8b8d6: 
[DEAD] 
Agent ID: e6bf11e4-9adc-4c7a-9e5b-2a15a0b8b8d6

Iteration 1, Turn 2:
Agent 48d4bd44-243b-46c1-aa59-ae097b854436: 
[DEAD] 
Agent ID: 48d4bd44-243b-46c1-aa59-ae097b854436
Agent 6abfc586-3a4d-4ee0-b7ad-e901372e553c: 
[DEAD] 
Agent ID: 6abfc586-3a4d-4ee0-b7ad-e901372e553c
Agent 995b25f2-effd-4a79-9470-17822d91959f: 
[DEAD] 
Agent ID: 995b25f2-effd-4a79-9470-17822d91959f
Agent a218622d-dd5f-4cec-852d-3930ebc2aeff: 
[DEAD] 
Agent ID: a218622d-dd5f-4cec-852d-3930ebc2aeff
Agent e6bf11e4-9adc-4c7a-9e5b-2a15a0b8b8d6: 
[DEAD] 
Agent ID: e6bf11e4-9adc-4c7a-9e5b-2a15a0b8b8d6

Iteration 1, Turn 3:
Agent 48d4bd44-243b-46c1-aa59-ae097b854436: 
[DEAD] 
Agent ID: 48d4bd44-243b-46c1-aa59-ae097b854436
Agent 6abfc586-3a4d-4ee0-b7ad-e901372e553c: 
[DEAD] 
Agent ID: 6abfc586-3a4d-4ee0-b7ad-e901372e553c
Agent 995b25f2-effd-4a79-9470-17822d91959f: 
[DEAD] 
Agent ID: 995b25f2-effd-4a79-9470-17822d91959f
Agent a218622d-dd5f-4cec-852d-3930ebc2aeff: 
[DEAD] 
Agent ID: a218622d-dd5f-4cec-852d-3930ebc2aeff
Agent e6bf11e4-9adc-4c7a-9e5b-2a15a0b8b8d6: 
[DEAD] 
Agent ID: e6bf11e4-9adc-4c7a-9e5b-2a15a0b8b8d6

Iteration 1, Turn 4:
Agent 48d4bd44-243b-46c1-aa59-ae097b854436: 
[DEAD] 
Agent ID: 48d4bd44-243b-46c1-aa59-ae097b854436
Agent 6abfc586-3a4d-4ee0-b7ad-e901372e553c: 
[DEAD] 
Agent ID: 6abfc586-3a4d-4ee0-b7ad-e901372e553c
Agent 995b25f2-effd-4a79-9470-17822d91959f: 
[DEAD] 
Agent ID: 995b25f2-effd-4a79-9470-17822d91959f
Agent a218622d-dd5f-4cec-852d-3930ebc2aeff: 
[DEAD] 
Agent ID: a218622d-dd5f-4cec-852d-3930ebc2aeff
Agent e6bf11e4-9adc-4c7a-9e5b-2a15a0b8b8d6: 
[DEAD] 
Agent ID: e6bf11e4-9adc-4c7a-9e5b-2a15a0b8b8d6

Iteration 2, Turn 0:

Iteration 2, Turn 0:
Agent 48d4bd44-243b-46c1-aa59-ae097b854436: 
[DEAD] 
Agent ID: 48d4bd44-243b-46c1-aa59-ae097b854436
Agent 6abfc586-3a4d-4ee0-b7ad-e901372e553c: 
[DEAD] 
Agent ID: 6abfc586-3a4d-4ee0-b7ad-e901372e553c
Agent 995b25f2-effd-4a79-9470-17822d91959f: 
[DEAD] 
Agent ID: 995b25f2-effd-4a79-9470-17822d91959f
Agent a218622d-dd5f-4cec-852d-3930ebc2aeff: 
[DEAD] 
Agent ID: a218622d-dd5f-4cec-852d-3930ebc2aeff
Agent e6bf11e4-9adc-4c7a-9e5b-2a15a0b8b8d6: 
[DEAD] 
Agent ID: e6bf11e4-9adc-4c7a-9e5b-2a15a0b8b8d6

Iteration 2, Turn 1:
Agent 48d4bd44-243b-46c1-aa59-ae097b854436: 
[DEAD] 
Agent ID: 48d4bd44-243b-46c1-aa59-ae097b854436
Agent 6abfc586-3a4d-4ee0-b7ad-e901372e553c: 
[DEAD] 
Agent ID: 6abfc586-3a4d-4ee0-b7ad-e901372e553c
Agent 995b25f2-effd-4a79-9470-17822d91959f: 
[DEAD] 
Agent ID: 995b25f2-effd-4a79-9470-17822d91959f
Agent a218622d-dd5f-4cec-852d-3930ebc2aeff: 
[DEAD] 
Agent ID: a218622d-dd5f-4cec-852d-3930ebc2aeff
Agent e6bf11e4-9adc-4c7a-9e5b-2a15a0b8b8d6: 
[DEAD] 
Agent ID: e6bf11e4-9adc-4c7a-9e5b-2a15a0b8b8d6

Iteration 2, Turn 2:
Agent 48d4bd44-243b-46c1-aa59-ae097b854436: 
[DEAD] 
Agent ID: 48d4bd44-243b-46c1-aa59-ae097b854436
Agent 6abfc586-3a4d-4ee0-b7ad-e901372e553c: 
[DEAD] 
Agent ID: 6abfc586-3a4d-4ee0-b7ad-e901372e553c
Agent 995b25f2-effd-4a79-9470-17822d91959f: 
[DEAD] 
Agent ID: 995b25f2-effd-4a79-9470-17822d91959f
Agent a218622d-dd5f-4cec-852d-3930ebc2aeff: 
[DEAD] 
Agent ID: a218622d-dd5f-4cec-852d-3930ebc2aeff
Agent e6bf11e4-9adc-4c7a-9e5b-2a15a0b8b8d6: 
[DEAD] 
Agent ID: e6bf11e4-9adc-4c7a-9e5b-2a15a0b8b8d6

Iteration 2, Turn 3:
Agent 48d4bd44-243b-46c1-aa59-ae097b854436: 
[DEAD] 
Agent ID: 48d4bd44-243b-46c1-aa59-ae097b854436
Agent 6abfc586-3a4d-4ee0-b7ad-e901372e553c: 
[DEAD] 
Agent ID: 6abfc586-3a4d-4ee0-b7ad-e901372e553c
Agent 995b25f2-effd-4a79-9470-17822d91959f: 
[DEAD] 
Agent ID: 995b25f2-effd-4a79-9470-17822d91959f
Agent a218622d-dd5f-4cec-852d-3930ebc2aeff: 
[DEAD] 
Agent ID: a218622d-dd5f-4cec-852d-3930ebc2aeff
Agent e6bf11e4-9adc-4c7a-9e5b-2a15a0b8b8d6: 
[DEAD] 
Agent ID: e6bf11e4-9adc-4c7a-9e5b-2a15a0b8b8d6

Iteration 2, Turn 4:
Agent 48d4bd44-243b-46c1-aa59-ae097b854436: 
[DEAD] 
Agent ID: 48d4bd44-243b-46c1-aa59-ae097b854436
Agent 6abfc586-3a4d-4ee0-b7ad-e901372e553c: 
[DEAD] 
Agent ID: 6abfc586-3a4d-4ee0-b7ad-e901372e553c
Agent 995b25f2-effd-4a79-9470-17822d91959f: 
[DEAD] 
Agent ID: 995b25f2-effd-4a79-9470-17822d91959f
Agent a218622d-dd5f-4cec-852d-3930ebc2aeff: 
[DEAD] 
Agent ID: a218622d-dd5f-4cec-852d-3930ebc2aeff
Agent e6bf11e4-9adc-4c7a-9e5b-2a15a0b8b8d6: 
[DEAD] 
Agent ID: e6bf11e4-9adc-4c7a-9e5b-2a15a0b8b8d6
