main function started.
--------Start of iteration 0---------


Iteration 0, Turn 0, current agent count: 10


Iteration 0, Turn 1, current agent count: 10


Iteration 0, Turn 2, current agent count: 10


Iteration 0, Turn 3, current agent count: 10


Iteration 0, Turn 4, current agent count: 10
--------End of iteration 0---------
--------Start of iteration 1---------


Iteration 1, Turn 0, current agent count: 10


Iteration 1, Turn 1, current agent count: 10


Iteration 1, Turn 2, current agent count: 10


Iteration 1, Turn 3, current agent count: 10


Iteration 1, Turn 4, current agent count: 10
--------End of iteration 1---------
--------Start of iteration 2---------


Iteration 2, Turn 0, current agent count: 10


Iteration 2, Turn 1, current agent count: 10


Iteration 2, Turn 2, current agent count: 10


Iteration 2, Turn 3, current agent count: 10


Iteration 2, Turn 4, current agent count: 10
--------End of iteration 2---------


GamePlaybackSummary - playing 18 turn records

Iteration 0, Turn 0:

Iteration 0, Turn 0:
Agent 21244b8c-3616-43ca-b987-2fb856d8596d: 
Agent ID: 21244b8c-3616-43ca-b987-2fb856d8596d
Agent 2637beeb-c189-4fd8-a1e0-837ca039a596: 
Agent ID: 2637beeb-c189-4fd8-a1e0-837ca039a596
Agent 3828cc71-56b6-4cb4-aa70-9982987fea6b: 
Agent ID: 3828cc71-56b6-4cb4-aa70-9982987fea6b
Agent 3cccc18f-f4ed-43b3-972b-178363f6e600: 
Agent ID: 3cccc18f-f4ed-43b3-972b-178363f6e600
Agent 3e41d2d0-6d40-4ee7-a029-ab67428c967a: 
Agent ID: 3e41d2d0-6d40-4ee7-a029-ab67428c967a
Agent 43e91173-977b-4f4d-9726-6e767d433e1f: 
Agent ID: 43e91173-977b-4f4d-9726-6e767d433e1f
Agent 4a90eedc-8f92-45ba-a421-9e9bf3e9a78b: 
Agent ID: 4a90eedc-8f92-45ba-a421-9e9bf3e9a78b
Agent 64d9530f-c34b-461c-8e5c-f43d09ebdd70: 
Agent ID: 64d9530f-c34b-461c-8e5c-f43d09ebdd70
Agent b2d14be3-2cdb-4246-8184-601a3337212e: 
Agent ID: b2d14be3-2cdb-4246-8184-601a3337212e
Agent e3dfb48c-5070-433a-882b-81bd044b02e8: 
Agent ID: e3dfb48c-5070-433a-882b-81bd044b02e8

Iteration 0, Turn 1:
Agent 21244b8c-3616-43ca-b987-2fb856d8596d: 
Agent ID: 21244b8c-3616-43ca-b987-2fb856d8596d
Agent 2637beeb-c189-4fd8-a1e0-837ca039a596: 
[DEAD] 
Agent ID: 2637beeb-c189-4fd8-a1e0-837ca039a596
Agent 3828cc71-56b6-4cb4-aa70-9982987fea6b: 
Agent ID: 3828cc71-56b6-4cb4-aa70-9982987fea6b
Agent 3cccc18f-f4ed-43b3-972b-178363f6e600: 
Agent ID: 3cccc18f-f4ed-43b3-972b-178363f6e600
Agent 3e41d2d0-6d40-4ee7-a029-ab67428c967a: 
[DEAD] 
Agent ID: 3e41d2d0-6d40-4ee7-a029-ab67428c967a
Agent 43e91173-977b-4f4d-9726-6e767d433e1f: 
Agent ID: 43e91173-977b-4f4d-9726-6e767d433e1f
Agent 4a90eedc-8f92-45ba-a421-9e9bf3e9a78b: 
[DEAD] 
Agent ID: 4a90eedc-8f92-45ba-a421-9e9bf3e9a78b
Agent 64d9530f-c34b-461c-8e5c-f43d09ebdd70: 
[DEAD] 
Agent ID: 64d9530f-c34b-461c-8e5c-f43d09ebdd70
Agent b2d14be3-2cdb-4246-8184-601a3337212e: 
Agent ID: b2d14be3-2cdb-4246-8184-601a3337212e
Agent e3dfb48c-5070-433a-882b-81bd044b02e8: 
Agent ID: e3dfb48c-5070-433a-882b-81bd044b02e8

Iteration 0, Turn 2:
Agent 21244b8c-3616-43ca-b987-2fb856d8596d: 
[DEAD] 
Agent ID: 21244b8c-3616-43ca-b987-2fb856d8596d
Agent 2637beeb-c189-4fd8-a1e0-837ca039a596: 
[DEAD] 
Agent ID: 2637beeb-c189-4fd8-a1e0-837ca039a596
Agent 3828cc71-56b6-4cb4-aa70-9982987fea6b: 
Agent ID: 3828cc71-56b6-4cb4-aa70-9982987fea6b
Agent 3cccc18f-f4ed-43b3-972b-178363f6e600: 
[DEAD] 
Agent ID: 3cccc18f-f4ed-43b3-972b-178363f6e600
Agent 3e41d2d0-6d40-4ee7-a029-ab67428c967a: 
[DEAD] 
Agent ID: 3e41d2d0-6d40-4ee7-a029-ab67428c967a
Agent 43e91173-977b-4f4d-9726-6e767d433e1f: 
[DEAD] 
Agent ID: 43e91173-977b-4f4d-9726-6e767d433e1f
Agent 4a90eedc-8f92-45ba-a421-9e9bf3e9a78b: 
[DEAD] 
Agent ID: 4a90eedc-8f92-45ba-a421-9e9bf3e9a78b
Agent 64d9530f-c34b-461c-8e5c-f43d09ebdd70: 
[DEAD] 
Agent ID: 64d9530f-c34b-461c-8e5c-f43d09ebdd70
Agent b2d14be3-2cdb-4246-8184-601a3337212e: 
[DEAD] 
Agent ID: b2d14be3-2cdb-4246-8184-601a3337212e
Agent e3dfb48c-5070-433a-882b-81bd044b02e8: 
[DEAD] 
Agent ID: e3dfb48c-5070-433a-882b-81bd044b02e8

Iteration 0, Turn 3:
Agent 21244b8c-3616-43ca-b987-2fb856d8596d: 
[DEAD] 
Agent ID: 21244b8c-3616-43ca-b987-2fb856d8596d
Agent 2637beeb-c189-4fd8-a1e0-837ca039a596: 
[DEAD] 
Agent ID: 2637beeb-c189-4fd8-a1e0-837ca039a596
Agent 3828cc71-56b6-4cb4-aa70-9982987fea6b: 
[DEAD] 
Agent ID: 3828cc71-56b6-4cb4-aa70-9982987fea6b
Agent 3cccc18f-f4ed-43b3-972b-178363f6e600: 
[DEAD] 
Agent ID: 3cccc18f-f4ed-43b3-972b-178363f6e600
Agent 3e41d2d0-6d40-4ee7-a029-ab67428c967a: 
[DEAD] 
Agent ID: 3e41d2d0-6d40-4ee7-a029-ab67428c967a
Agent 43e91173-977b-4f4d-9726-6e767d433e1f: 
[DEAD] 
Agent ID: 43e91173-977b-4f4d-9726-6e767d433e1f
Agent 4a90eedc-8f92-45ba-a421-9e9bf3e9a78b: 
[DEAD] 
Agent ID: 4a90eedc-8f92-45ba-a421-9e9bf3e9a78b
Agent 64d9530f-c34b-461c-8e5c-f43d09ebdd70: 
[DEAD] 
Agent ID: 64d9530f-c34b-461c-8e5c-f43d09ebdd70
Agent b2d14be3-2cdb-4246-8184-601a3337212e: 
[DEAD] 
Agent ID: b2d14be3-2cdb-4246-8184-601a3337212e
Agent e3dfb48c-5070-433a-882b-81bd044b02e8: 
[DEAD] 
Agent ID: e3dfb48c-5070-433a-882b-81bd044b02e8

Iteration 0, Turn 4:
Agent 21244b8c-3616-43ca-b987-2fb856d8596d: 
[DEAD] 
Agent ID: 21244b8c-3616-43ca-b987-2fb856d8596d
Agent 2637beeb-c189-4fd8-a1e0-837ca039a596: 
[DEAD] 
Agent ID: 2637beeb-c189-4fd8-a1e0-837ca039a596
Agent 3828cc71-56b6-4cb4-aa70-9982987fea6b: 
[DEAD] 
Agent ID: 3828cc71-56b6-4cb4-aa70-9982987fea6b
Agent 3cccc18f-f4ed-43b3-972b-178363f6e600: 
[DEAD] 
Agent ID: 3cccc18f-f4ed-43b3-972b-178363f6e600
Agent 3e41d2d0-6d40-4ee7-a029-ab67428c967a: 
[DEAD] 
Agent ID: 3e41d2d0-6d40-4ee7-a029-ab67428c967a
Agent 43e91173-977b-4f4d-9726-6e767d433e1f: 
[DEAD] 
Agent ID: 43e91173-977b-4f4d-9726-6e767d433e1f
Agent 4a90eedc-8f92-45ba-a421-9e9bf3e9a78b: 
[DEAD] 
Agent ID: 4a90eedc-8f92-45ba-a421-9e9bf3e9a78b
Agent 64d9530f-c34b-461c-8e5c-f43d09ebdd70: 
[DEAD] 
Agent ID: 64d9530f-c34b-461c-8e5c-f43d09ebdd70
Agent b2d14be3-2cdb-4246-8184-601a3337212e: 
[DEAD] 
Agent ID: b2d14be3-2cdb-4246-8184-601a3337212e
Agent e3dfb48c-5070-433a-882b-81bd044b02e8: 
[DEAD] 
Agent ID: e3dfb48c-5070-433a-882b-81bd044b02e8

Iteration 1, Turn 0:

Iteration 1, Turn 0:
Agent 21244b8c-3616-43ca-b987-2fb856d8596d: 
[DEAD] 
Agent ID: 21244b8c-3616-43ca-b987-2fb856d8596d
Agent 2637beeb-c189-4fd8-a1e0-837ca039a596: 
[DEAD] 
Agent ID: 2637beeb-c189-4fd8-a1e0-837ca039a596
Agent 3828cc71-56b6-4cb4-aa70-9982987fea6b: 
[DEAD] 
Agent ID: 3828cc71-56b6-4cb4-aa70-9982987fea6b
Agent 3cccc18f-f4ed-43b3-972b-178363f6e600: 
[DEAD] 
Agent ID: 3cccc18f-f4ed-43b3-972b-178363f6e600
Agent 3e41d2d0-6d40-4ee7-a029-ab67428c967a: 
[DEAD] 
Agent ID: 3e41d2d0-6d40-4ee7-a029-ab67428c967a
Agent 43e91173-977b-4f4d-9726-6e767d433e1f: 
[DEAD] 
Agent ID: 43e91173-977b-4f4d-9726-6e767d433e1f
Agent 4a90eedc-8f92-45ba-a421-9e9bf3e9a78b: 
[DEAD] 
Agent ID: 4a90eedc-8f92-45ba-a421-9e9bf3e9a78b
Agent 64d9530f-c34b-461c-8e5c-f43d09ebdd70: 
[DEAD] 
Agent ID: 64d9530f-c34b-461c-8e5c-f43d09ebdd70
Agent b2d14be3-2cdb-4246-8184-601a3337212e: 
[DEAD] 
Agent ID: b2d14be3-2cdb-4246-8184-601a3337212e
Agent e3dfb48c-5070-433a-882b-81bd044b02e8: 
[DEAD] 
Agent ID: e3dfb48c-5070-433a-882b-81bd044b02e8

Iteration 1, Turn 1:
Agent 21244b8c-3616-43ca-b987-2fb856d8596d: 
[DEAD] 
Agent ID: 21244b8c-3616-43ca-b987-2fb856d8596d
Agent 2637beeb-c189-4fd8-a1e0-837ca039a596: 
[DEAD] 
Agent ID: 2637beeb-c189-4fd8-a1e0-837ca039a596
Agent 3828cc71-56b6-4cb4-aa70-9982987fea6b: 
[DEAD] 
Agent ID: 3828cc71-56b6-4cb4-aa70-9982987fea6b
Agent 3cccc18f-f4ed-43b3-972b-178363f6e600: 
[DEAD] 
Agent ID: 3cccc18f-f4ed-43b3-972b-178363f6e600
Agent 3e41d2d0-6d40-4ee7-a029-ab67428c967a: 
[DEAD] 
Agent ID: 3e41d2d0-6d40-4ee7-a029-ab67428c967a
Agent 43e91173-977b-4f4d-9726-6e767d433e1f: 
[DEAD] 
Agent ID: 43e91173-977b-4f4d-9726-6e767d433e1f
Agent 4a90eedc-8f92-45ba-a421-9e9bf3e9a78b: 
[DEAD] 
Agent ID: 4a90eedc-8f92-45ba-a421-9e9bf3e9a78b
Agent 64d9530f-c34b-461c-8e5c-f43d09ebdd70: 
[DEAD] 
Agent ID: 64d9530f-c34b-461c-8e5c-f43d09ebdd70
Agent b2d14be3-2cdb-4246-8184-601a3337212e: 
[DEAD] 
Agent ID: b2d14be3-2cdb-4246-8184-601a3337212e
Agent e3dfb48c-5070-433a-882b-81bd044b02e8: 
[DEAD] 
Agent ID: e3dfb48c-5070-433a-882b-81bd044b02e8

Iteration 1, Turn 2:
Agent 21244b8c-3616-43ca-b987-2fb856d8596d: 
[DEAD] 
Agent ID: 21244b8c-3616-43ca-b987-2fb856d8596d
Agent 2637beeb-c189-4fd8-a1e0-837ca039a596: 
[DEAD] 
Agent ID: 2637beeb-c189-4fd8-a1e0-837ca039a596
Agent 3828cc71-56b6-4cb4-aa70-9982987fea6b: 
[DEAD] 
Agent ID: 3828cc71-56b6-4cb4-aa70-9982987fea6b
Agent 3cccc18f-f4ed-43b3-972b-178363f6e600: 
[DEAD] 
Agent ID: 3cccc18f-f4ed-43b3-972b-178363f6e600
Agent 3e41d2d0-6d40-4ee7-a029-ab67428c967a: 
[DEAD] 
Agent ID: 3e41d2d0-6d40-4ee7-a029-ab67428c967a
Agent 43e91173-977b-4f4d-9726-6e767d433e1f: 
[DEAD] 
Agent ID: 43e91173-977b-4f4d-9726-6e767d433e1f
Agent 4a90eedc-8f92-45ba-a421-9e9bf3e9a78b: 
[DEAD] 
Agent ID: 4a90eedc-8f92-45ba-a421-9e9bf3e9a78b
Agent 64d9530f-c34b-461c-8e5c-f43d09ebdd70: 
[DEAD] 
Agent ID: 64d9530f-c34b-461c-8e5c-f43d09ebdd70
Agent b2d14be3-2cdb-4246-8184-601a3337212e: 
[DEAD] 
Agent ID: b2d14be3-2cdb-4246-8184-601a3337212e
Agent e3dfb48c-5070-433a-882b-81bd044b02e8: 
[DEAD] 
Agent ID: e3dfb48c-5070-433a-882b-81bd044b02e8

Iteration 1, Turn 3:
Agent 21244b8c-3616-43ca-b987-2fb856d8596d: 
[DEAD] 
Agent ID: 21244b8c-3616-43ca-b987-2fb856d8596d
Agent 2637beeb-c189-4fd8-a1e0-837ca039a596: 
[DEAD] 
Agent ID: 2637beeb-c189-4fd8-a1e0-837ca039a596
Agent 3828cc71-56b6-4cb4-aa70-9982987fea6b: 
[DEAD] 
Agent ID: 3828cc71-56b6-4cb4-aa70-9982987fea6b
Agent 3cccc18f-f4ed-43b3-972b-178363f6e600: 
[DEAD] 
Agent ID: 3cccc18f-f4ed-43b3-972b-178363f6e600
Agent 3e41d2d0-6d40-4ee7-a029-ab67428c967a: 
[DEAD] 
Agent ID: 3e41d2d0-6d40-4ee7-a029-ab67428c967a
Agent 43e91173-977b-4f4d-9726-6e767d433e1f: 
[DEAD] 
Agent ID: 43e91173-977b-4f4d-9726-6e767d433e1f
Agent 4a90eedc-8f92-45ba-a421-9e9bf3e9a78b: 
[DEAD] 
Agent ID: 4a90eedc-8f92-45ba-a421-9e9bf3e9a78b
Agent 64d9530f-c34b-461c-8e5c-f43d09ebdd70: 
[DEAD] 
Agent ID: 64d9530f-c34b-461c-8e5c-f43d09ebdd70
Agent b2d14be3-2cdb-4246-8184-601a3337212e: 
[DEAD] 
Agent ID: b2d14be3-2cdb-4246-8184-601a3337212e
Agent e3dfb48c-5070-433a-882b-81bd044b02e8: 
[DEAD] 
Agent ID: e3dfb48c-5070-433a-882b-81bd044b02e8

Iteration 1, Turn 4:
Agent 21244b8c-3616-43ca-b987-2fb856d8596d: 
[DEAD] 
Agent ID: 21244b8c-3616-43ca-b987-2fb856d8596d
Agent 2637beeb-c189-4fd8-a1e0-837ca039a596: 
[DEAD] 
Agent ID: 2637beeb-c189-4fd8-a1e0-837ca039a596
Agent 3828cc71-56b6-4cb4-aa70-9982987fea6b: 
[DEAD] 
Agent ID: 3828cc71-56b6-4cb4-aa70-9982987fea6b
Agent 3cccc18f-f4ed-43b3-972b-178363f6e600: 
[DEAD] 
Agent ID: 3cccc18f-f4ed-43b3-972b-178363f6e600
Agent 3e41d2d0-6d40-4ee7-a029-ab67428c967a: 
[DEAD] 
Agent ID: 3e41d2d0-6d40-4ee7-a029-ab67428c967a
Agent 43e91173-977b-4f4d-9726-6e767d433e1f: 
[DEAD] 
Agent ID: 43e91173-977b-4f4d-9726-6e767d433e1f
Agent 4a90eedc-8f92-45ba-a421-9e9bf3e9a78b: 
[DEAD] 
Agent ID: 4a90eedc-8f92-45ba-a421-9e9bf3e9a78b
Agent 64d9530f-c34b-461c-8e5c-f43d09ebdd70: 
[DEAD] 
Agent ID: 64d9530f-c34b-461c-8e5c-f43d09ebdd70
Agent b2d14be3-2cdb-4246-8184-601a3337212e: 
[DEAD] 
Agent ID: b2d14be3-2cdb-4246-8184-601a3337212e
Agent e3dfb48c-5070-433a-882b-81bd044b02e8: 
[DEAD] 
Agent ID: e3dfb48c-5070-433a-882b-81bd044b02e8

Iteration 2, Turn 0:

Iteration 2, Turn 0:
Agent 21244b8c-3616-43ca-b987-2fb856d8596d: 
[DEAD] 
Agent ID: 21244b8c-3616-43ca-b987-2fb856d8596d
Agent 2637beeb-c189-4fd8-a1e0-837ca039a596: 
[DEAD] 
Agent ID: 2637beeb-c189-4fd8-a1e0-837ca039a596
Agent 3828cc71-56b6-4cb4-aa70-9982987fea6b: 
[DEAD] 
Agent ID: 3828cc71-56b6-4cb4-aa70-9982987fea6b
Agent 3cccc18f-f4ed-43b3-972b-178363f6e600: 
[DEAD] 
Agent ID: 3cccc18f-f4ed-43b3-972b-178363f6e600
Agent 3e41d2d0-6d40-4ee7-a029-ab67428c967a: 
[DEAD] 
Agent ID: 3e41d2d0-6d40-4ee7-a029-ab67428c967a
Agent 43e91173-977b-4f4d-9726-6e767d433e1f: 
[DEAD] 
Agent ID: 43e91173-977b-4f4d-9726-6e767d433e1f
Agent 4a90eedc-8f92-45ba-a421-9e9bf3e9a78b: 
[DEAD] 
Agent ID: 4a90eedc-8f92-45ba-a421-9e9bf3e9a78b
Agent 64d9530f-c34b-461c-8e5c-f43d09ebdd70: 
[DEAD] 
Agent ID: 64d9530f-c34b-461c-8e5c-f43d09ebdd70
Agent b2d14be3-2cdb-4246-8184-601a3337212e: 
[DEAD] 
Agent ID: b2d14be3-2cdb-4246-8184-601a3337212e
Agent e3dfb48c-5070-433a-882b-81bd044b02e8: 
[DEAD] 
Agent ID: e3dfb48c-5070-433a-882b-81bd044b02e8

Iteration 2, Turn 1:
Agent 21244b8c-3616-43ca-b987-2fb856d8596d: 
[DEAD] 
Agent ID: 21244b8c-3616-43ca-b987-2fb856d8596d
Agent 2637beeb-c189-4fd8-a1e0-837ca039a596: 
[DEAD] 
Agent ID: 2637beeb-c189-4fd8-a1e0-837ca039a596
Agent 3828cc71-56b6-4cb4-aa70-9982987fea6b: 
[DEAD] 
Agent ID: 3828cc71-56b6-4cb4-aa70-9982987fea6b
Agent 3cccc18f-f4ed-43b3-972b-178363f6e600: 
[DEAD] 
Agent ID: 3cccc18f-f4ed-43b3-972b-178363f6e600
Agent 3e41d2d0-6d40-4ee7-a029-ab67428c967a: 
[DEAD] 
Agent ID: 3e41d2d0-6d40-4ee7-a029-ab67428c967a
Agent 43e91173-977b-4f4d-9726-6e767d433e1f: 
[DEAD] 
Agent ID: 43e91173-977b-4f4d-9726-6e767d433e1f
Agent 4a90eedc-8f92-45ba-a421-9e9bf3e9a78b: 
[DEAD] 
Agent ID: 4a90eedc-8f92-45ba-a421-9e9bf3e9a78b
Agent 64d9530f-c34b-461c-8e5c-f43d09ebdd70: 
[DEAD] 
Agent ID: 64d9530f-c34b-461c-8e5c-f43d09ebdd70
Agent b2d14be3-2cdb-4246-8184-601a3337212e: 
[DEAD] 
Agent ID: b2d14be3-2cdb-4246-8184-601a3337212e
Agent e3dfb48c-5070-433a-882b-81bd044b02e8: 
[DEAD] 
Agent ID: e3dfb48c-5070-433a-882b-81bd044b02e8

Iteration 2, Turn 2:
Agent 21244b8c-3616-43ca-b987-2fb856d8596d: 
[DEAD] 
Agent ID: 21244b8c-3616-43ca-b987-2fb856d8596d
Agent 2637beeb-c189-4fd8-a1e0-837ca039a596: 
[DEAD] 
Agent ID: 2637beeb-c189-4fd8-a1e0-837ca039a596
Agent 3828cc71-56b6-4cb4-aa70-9982987fea6b: 
[DEAD] 
Agent ID: 3828cc71-56b6-4cb4-aa70-9982987fea6b
Agent 3cccc18f-f4ed-43b3-972b-178363f6e600: 
[DEAD] 
Agent ID: 3cccc18f-f4ed-43b3-972b-178363f6e600
Agent 3e41d2d0-6d40-4ee7-a029-ab67428c967a: 
[DEAD] 
Agent ID: 3e41d2d0-6d40-4ee7-a029-ab67428c967a
Agent 43e91173-977b-4f4d-9726-6e767d433e1f: 
[DEAD] 
Agent ID: 43e91173-977b-4f4d-9726-6e767d433e1f
Agent 4a90eedc-8f92-45ba-a421-9e9bf3e9a78b: 
[DEAD] 
Agent ID: 4a90eedc-8f92-45ba-a421-9e9bf3e9a78b
Agent 64d9530f-c34b-461c-8e5c-f43d09ebdd70: 
[DEAD] 
Agent ID: 64d9530f-c34b-461c-8e5c-f43d09ebdd70
Agent b2d14be3-2cdb-4246-8184-601a3337212e: 
[DEAD] 
Agent ID: b2d14be3-2cdb-4246-8184-601a3337212e
Agent e3dfb48c-5070-433a-882b-81bd044b02e8: 
[DEAD] 
Agent ID: e3dfb48c-5070-433a-882b-81bd044b02e8

Iteration 2, Turn 3:
Agent 21244b8c-3616-43ca-b987-2fb856d8596d: 
[DEAD] 
Agent ID: 21244b8c-3616-43ca-b987-2fb856d8596d
Agent 2637beeb-c189-4fd8-a1e0-837ca039a596: 
[DEAD] 
Agent ID: 2637beeb-c189-4fd8-a1e0-837ca039a596
Agent 3828cc71-56b6-4cb4-aa70-9982987fea6b: 
[DEAD] 
Agent ID: 3828cc71-56b6-4cb4-aa70-9982987fea6b
Agent 3cccc18f-f4ed-43b3-972b-178363f6e600: 
[DEAD] 
Agent ID: 3cccc18f-f4ed-43b3-972b-178363f6e600
Agent 3e41d2d0-6d40-4ee7-a029-ab67428c967a: 
[DEAD] 
Agent ID: 3e41d2d0-6d40-4ee7-a029-ab67428c967a
Agent 43e91173-977b-4f4d-9726-6e767d433e1f: 
[DEAD] 
Agent ID: 43e91173-977b-4f4d-9726-6e767d433e1f
Agent 4a90eedc-8f92-45ba-a421-9e9bf3e9a78b: 
[DEAD] 
Agent ID: 4a90eedc-8f92-45ba-a421-9e9bf3e9a78b
Agent 64d9530f-c34b-461c-8e5c-f43d09ebdd70: 
[DEAD] 
Agent ID: 64d9530f-c34b-461c-8e5c-f43d09ebdd70
Agent b2d14be3-2cdb-4246-8184-601a3337212e: 
[DEAD] 
Agent ID: b2d14be3-2cdb-4246-8184-601a3337212e
Agent e3dfb48c-5070-433a-882b-81bd044b02e8: 
[DEAD] 
Agent ID: e3dfb48c-5070-433a-882b-81bd044b02e8

Iteration 2, Turn 4:
Agent 21244b8c-3616-43ca-b987-2fb856d8596d: 
[DEAD] 
Agent ID: 21244b8c-3616-43ca-b987-2fb856d8596d
Agent 2637beeb-c189-4fd8-a1e0-837ca039a596: 
[DEAD] 
Agent ID: 2637beeb-c189-4fd8-a1e0-837ca039a596
Agent 3828cc71-56b6-4cb4-aa70-9982987fea6b: 
[DEAD] 
Agent ID: 3828cc71-56b6-4cb4-aa70-9982987fea6b
Agent 3cccc18f-f4ed-43b3-972b-178363f6e600: 
[DEAD] 
Agent ID: 3cccc18f-f4ed-43b3-972b-178363f6e600
Agent 3e41d2d0-6d40-4ee7-a029-ab67428c967a: 
[DEAD] 
Agent ID: 3e41d2d0-6d40-4ee7-a029-ab67428c967a
Agent 43e91173-977b-4f4d-9726-6e767d433e1f: 
[DEAD] 
Agent ID: 43e91173-977b-4f4d-9726-6e767d433e1f
Agent 4a90eedc-8f92-45ba-a421-9e9bf3e9a78b: 
[DEAD] 
Agent ID: 4a90eedc-8f92-45ba-a421-9e9bf3e9a78b
Agent 64d9530f-c34b-461c-8e5c-f43d09ebdd70: 
[DEAD] 
Agent ID: 64d9530f-c34b-461c-8e5c-f43d09ebdd70
Agent b2d14be3-2cdb-4246-8184-601a3337212e: 
[DEAD] 
Agent ID: b2d14be3-2cdb-4246-8184-601a3337212e
Agent e3dfb48c-5070-433a-882b-81bd044b02e8: 
[DEAD] 
Agent ID: e3dfb48c-5070-433a-882b-81bd044b02e8
