main function started.
--------Start of iteration 0---------


Iteration 0, Turn 0, current agent count: 5


Iteration 0, Turn 1, current agent count: 5


Iteration 0, Turn 2, current agent count: 5


Iteration 0, Turn 3, current agent count: 5


Iteration 0, Turn 4, current agent count: 5
--------End of iteration 0---------
--------Start of iteration 1---------


Iteration 1, Turn 0, current agent count: 5


Iteration 1, Turn 1, current agent count: 5


Iteration 1, Turn 2, current agent count: 5


Iteration 1, Turn 3, current agent count: 5


Iteration 1, Turn 4, current agent count: 5
--------End of iteration 1---------
--------Start of iteration 2---------


Iteration 2, Turn 0, current agent count: 5


Iteration 2, Turn 1, current agent count: 5


Iteration 2, Turn 2, current agent count: 5


Iteration 2, Turn 3, current agent count: 5


Iteration 2, Turn 4, current agent count: 5
--------End of iteration 2---------


GamePlaybackSummary - playing 18 turn records

Iteration 0, Turn 0:

Iteration 0, Turn 0:
Agent 030840db-b131-4760-b4ca-35df135d4c45: 
Agent ID: 030840db-b131-4760-b4ca-35df135d4c45
Agent 52849625-b0f8-459f-980a-03f9e7c36703: 
[DEAD] 
Agent ID: 52849625-b0f8-459f-980a-03f9e7c36703
Agent ab01be81-1126-408c-aa2f-8baa326dc7c5: 
[DEAD] 
Agent ID: ab01be81-1126-408c-aa2f-8baa326dc7c5
Agent beac597e-03e0-4a18-ad72-efe5a3c99181: 
[DEAD] 
Agent ID: beac597e-03e0-4a18-ad72-efe5a3c99181
Agent ea6ca667-ec12-4cd2-a12c-ab6027e49d20: 
Agent ID: ea6ca667-ec12-4cd2-a12c-ab6027e49d20

Iteration 0, Turn 1:
Agent 030840db-b131-4760-b4ca-35df135d4c45: 
Agent ID: 030840db-b131-4760-b4ca-35df135d4c45
Agent 52849625-b0f8-459f-980a-03f9e7c36703: 
[DEAD] 
Agent ID: 52849625-b0f8-459f-980a-03f9e7c36703
Agent ab01be81-1126-408c-aa2f-8baa326dc7c5: 
[DEAD] 
Agent ID: ab01be81-1126-408c-aa2f-8baa326dc7c5
Agent beac597e-03e0-4a18-ad72-efe5a3c99181: 
[DEAD] 
Agent ID: beac597e-03e0-4a18-ad72-efe5a3c99181
Agent ea6ca667-ec12-4cd2-a12c-ab6027e49d20: 
[DEAD] 
Agent ID: ea6ca667-ec12-4cd2-a12c-ab6027e49d20

Iteration 0, Turn 2:
Agent 030840db-b131-4760-b4ca-35df135d4c45: 
[DEAD] 
Agent ID: 030840db-b131-4760-b4ca-35df135d4c45
Agent 52849625-b0f8-459f-980a-03f9e7c36703: 
[DEAD] 
Agent ID: 52849625-b0f8-459f-980a-03f9e7c36703
Agent ab01be81-1126-408c-aa2f-8baa326dc7c5: 
[DEAD] 
Agent ID: ab01be81-1126-408c-aa2f-8baa326dc7c5
Agent beac597e-03e0-4a18-ad72-efe5a3c99181: 
[DEAD] 
Agent ID: beac597e-03e0-4a18-ad72-efe5a3c99181
Agent ea6ca667-ec12-4cd2-a12c-ab6027e49d20: 
[DEAD] 
Agent ID: ea6ca667-ec12-4cd2-a12c-ab6027e49d20

Iteration 0, Turn 3:
Agent 030840db-b131-4760-b4ca-35df135d4c45: 
[DEAD] 
Agent ID: 030840db-b131-4760-b4ca-35df135d4c45
Agent 52849625-b0f8-459f-980a-03f9e7c36703: 
[DEAD] 
Agent ID: 52849625-b0f8-459f-980a-03f9e7c36703
Agent ab01be81-1126-408c-aa2f-8baa326dc7c5: 
[DEAD] 
Agent ID: ab01be81-1126-408c-aa2f-8baa326dc7c5
Agent beac597e-03e0-4a18-ad72-efe5a3c99181: 
[DEAD] 
Agent ID: beac597e-03e0-4a18-ad72-efe5a3c99181
Agent ea6ca667-ec12-4cd2-a12c-ab6027e49d20: 
[DEAD] 
Agent ID: ea6ca667-ec12-4cd2-a12c-ab6027e49d20

Iteration 0, Turn 4:
Agent 030840db-b131-4760-b4ca-35df135d4c45: 
[DEAD] 
Agent ID: 030840db-b131-4760-b4ca-35df135d4c45
Agent 52849625-b0f8-459f-980a-03f9e7c36703: 
[DEAD] 
Agent ID: 52849625-b0f8-459f-980a-03f9e7c36703
Agent ab01be81-1126-408c-aa2f-8baa326dc7c5: 
[DEAD] 
Agent ID: ab01be81-1126-408c-aa2f-8baa326dc7c5
Agent beac597e-03e0-4a18-ad72-efe5a3c99181: 
[DEAD] 
Agent ID: beac597e-03e0-4a18-ad72-efe5a3c99181
Agent ea6ca667-ec12-4cd2-a12c-ab6027e49d20: 
[DEAD] 
Agent ID: ea6ca667-ec12-4cd2-a12c-ab6027e49d20

Iteration 1, Turn 0:

Iteration 1, Turn 0:
Agent 030840db-b131-4760-b4ca-35df135d4c45: 
[DEAD] 
Agent ID: 030840db-b131-4760-b4ca-35df135d4c45
Agent 52849625-b0f8-459f-980a-03f9e7c36703: 
[DEAD] 
Agent ID: 52849625-b0f8-459f-980a-03f9e7c36703
Agent ab01be81-1126-408c-aa2f-8baa326dc7c5: 
[DEAD] 
Agent ID: ab01be81-1126-408c-aa2f-8baa326dc7c5
Agent beac597e-03e0-4a18-ad72-efe5a3c99181: 
[DEAD] 
Agent ID: beac597e-03e0-4a18-ad72-efe5a3c99181
Agent ea6ca667-ec12-4cd2-a12c-ab6027e49d20: 
[DEAD] 
Agent ID: ea6ca667-ec12-4cd2-a12c-ab6027e49d20

Iteration 1, Turn 1:
Agent 030840db-b131-4760-b4ca-35df135d4c45: 
[DEAD] 
Agent ID: 030840db-b131-4760-b4ca-35df135d4c45
Agent 52849625-b0f8-459f-980a-03f9e7c36703: 
[DEAD] 
Agent ID: 52849625-b0f8-459f-980a-03f9e7c36703
Agent ab01be81-1126-408c-aa2f-8baa326dc7c5: 
[DEAD] 
Agent ID: ab01be81-1126-408c-aa2f-8baa326dc7c5
Agent beac597e-03e0-4a18-ad72-efe5a3c99181: 
[DEAD] 
Agent ID: beac597e-03e0-4a18-ad72-efe5a3c99181
Agent ea6ca667-ec12-4cd2-a12c-ab6027e49d20: 
[DEAD] 
Agent ID: ea6ca667-ec12-4cd2-a12c-ab6027e49d20

Iteration 1, Turn 2:
Agent 030840db-b131-4760-b4ca-35df135d4c45: 
[DEAD] 
Agent ID: 030840db-b131-4760-b4ca-35df135d4c45
Agent 52849625-b0f8-459f-980a-03f9e7c36703: 
[DEAD] 
Agent ID: 52849625-b0f8-459f-980a-03f9e7c36703
Agent ab01be81-1126-408c-aa2f-8baa326dc7c5: 
[DEAD] 
Agent ID: ab01be81-1126-408c-aa2f-8baa326dc7c5
Agent beac597e-03e0-4a18-ad72-efe5a3c99181: 
[DEAD] 
Agent ID: beac597e-03e0-4a18-ad72-efe5a3c99181
Agent ea6ca667-ec12-4cd2-a12c-ab6027e49d20: 
[DEAD] 
Agent ID: ea6ca667-ec12-4cd2-a12c-ab6027e49d20

Iteration 1, Turn 3:
Agent 030840db-b131-4760-b4ca-35df135d4c45: 
[DEAD] 
Agent ID: 030840db-b131-4760-b4ca-35df135d4c45
Agent 52849625-b0f8-459f-980a-03f9e7c36703: 
[DEAD] 
Agent ID: 52849625-b0f8-459f-980a-03f9e7c36703
Agent ab01be81-1126-408c-aa2f-8baa326dc7c5: 
[DEAD] 
Agent ID: ab01be81-1126-408c-aa2f-8baa326dc7c5
Agent beac597e-03e0-4a18-ad72-efe5a3c99181: 
[DEAD] 
Agent ID: beac597e-03e0-4a18-ad72-efe5a3c99181
Agent ea6ca667-ec12-4cd2-a12c-ab6027e49d20: 
[DEAD] 
Agent ID: ea6ca667-ec12-4cd2-a12c-ab6027e49d20

Iteration 1, Turn 4:
Agent 030840db-b131-4760-b4ca-35df135d4c45: 
[DEAD] 
Agent ID: 030840db-b131-4760-b4ca-35df135d4c45
Agent 52849625-b0f8-459f-980a-03f9e7c36703: 
[DEAD] 
Agent ID: 52849625-b0f8-459f-980a-03f9e7c36703
Agent ab01be81-1126-408c-aa2f-8baa326dc7c5: 
[DEAD] 
Agent ID: ab01be81-1126-408c-aa2f-8baa326dc7c5
Agent beac597e-03e0-4a18-ad72-efe5a3c99181: 
[DEAD] 
Agent ID: beac597e-03e0-4a18-ad72-efe5a3c99181
Agent ea6ca667-ec12-4cd2-a12c-ab6027e49d20: 
[DEAD] 
Agent ID: ea6ca667-ec12-4cd2-a12c-ab6027e49d20

Iteration 2, Turn 0:

Iteration 2, Turn 0:
Agent 030840db-b131-4760-b4ca-35df135d4c45: 
[DEAD] 
Agent ID: 030840db-b131-4760-b4ca-35df135d4c45
Agent 52849625-b0f8-459f-980a-03f9e7c36703: 
[DEAD] 
Agent ID: 52849625-b0f8-459f-980a-03f9e7c36703
Agent ab01be81-1126-408c-aa2f-8baa326dc7c5: 
[DEAD] 
Agent ID: ab01be81-1126-408c-aa2f-8baa326dc7c5
Agent beac597e-03e0-4a18-ad72-efe5a3c99181: 
[DEAD] 
Agent ID: beac597e-03e0-4a18-ad72-efe5a3c99181
Agent ea6ca667-ec12-4cd2-a12c-ab6027e49d20: 
[DEAD] 
Agent ID: ea6ca667-ec12-4cd2-a12c-ab6027e49d20

Iteration 2, Turn 1:
Agent 030840db-b131-4760-b4ca-35df135d4c45: 
[DEAD] 
Agent ID: 030840db-b131-4760-b4ca-35df135d4c45
Agent 52849625-b0f8-459f-980a-03f9e7c36703: 
[DEAD] 
Agent ID: 52849625-b0f8-459f-980a-03f9e7c36703
Agent ab01be81-1126-408c-aa2f-8baa326dc7c5: 
[DEAD] 
Agent ID: ab01be81-1126-408c-aa2f-8baa326dc7c5
Agent beac597e-03e0-4a18-ad72-efe5a3c99181: 
[DEAD] 
Agent ID: beac597e-03e0-4a18-ad72-efe5a3c99181
Agent ea6ca667-ec12-4cd2-a12c-ab6027e49d20: 
[DEAD] 
Agent ID: ea6ca667-ec12-4cd2-a12c-ab6027e49d20

Iteration 2, Turn 2:
Agent 030840db-b131-4760-b4ca-35df135d4c45: 
[DEAD] 
Agent ID: 030840db-b131-4760-b4ca-35df135d4c45
Agent 52849625-b0f8-459f-980a-03f9e7c36703: 
[DEAD] 
Agent ID: 52849625-b0f8-459f-980a-03f9e7c36703
Agent ab01be81-1126-408c-aa2f-8baa326dc7c5: 
[DEAD] 
Agent ID: ab01be81-1126-408c-aa2f-8baa326dc7c5
Agent beac597e-03e0-4a18-ad72-efe5a3c99181: 
[DEAD] 
Agent ID: beac597e-03e0-4a18-ad72-efe5a3c99181
Agent ea6ca667-ec12-4cd2-a12c-ab6027e49d20: 
[DEAD] 
Agent ID: ea6ca667-ec12-4cd2-a12c-ab6027e49d20

Iteration 2, Turn 3:
Agent 030840db-b131-4760-b4ca-35df135d4c45: 
[DEAD] 
Agent ID: 030840db-b131-4760-b4ca-35df135d4c45
Agent 52849625-b0f8-459f-980a-03f9e7c36703: 
[DEAD] 
Agent ID: 52849625-b0f8-459f-980a-03f9e7c36703
Agent ab01be81-1126-408c-aa2f-8baa326dc7c5: 
[DEAD] 
Agent ID: ab01be81-1126-408c-aa2f-8baa326dc7c5
Agent beac597e-03e0-4a18-ad72-efe5a3c99181: 
[DEAD] 
Agent ID: beac597e-03e0-4a18-ad72-efe5a3c99181
Agent ea6ca667-ec12-4cd2-a12c-ab6027e49d20: 
[DEAD] 
Agent ID: ea6ca667-ec12-4cd2-a12c-ab6027e49d20

Iteration 2, Turn 4:
Agent 030840db-b131-4760-b4ca-35df135d4c45: 
[DEAD] 
Agent ID: 030840db-b131-4760-b4ca-35df135d4c45
Agent 52849625-b0f8-459f-980a-03f9e7c36703: 
[DEAD] 
Agent ID: 52849625-b0f8-459f-980a-03f9e7c36703
Agent ab01be81-1126-408c-aa2f-8baa326dc7c5: 
[DEAD] 
Agent ID: ab01be81-1126-408c-aa2f-8baa326dc7c5
Agent beac597e-03e0-4a18-ad72-efe5a3c99181: 
[DEAD] 
Agent ID: beac597e-03e0-4a18-ad72-efe5a3c99181
Agent ea6ca667-ec12-4cd2-a12c-ab6027e49d20: 
[DEAD] 
Agent ID: ea6ca667-ec12-4cd2-a12c-ab6027e49d20
