main function started.
--------Start of iteration 0---------


Iteration 0, Turn 0, current agent count: 10


Iteration 0, Turn 1, current agent count: 10


Iteration 0, Turn 2, current agent count: 10


Iteration 0, Turn 3, current agent count: 10


Iteration 0, Turn 4, current agent count: 10
--------End of iteration 0---------
--------Start of iteration 1---------


Iteration 1, Turn 0, current agent count: 10


Iteration 1, Turn 1, current agent count: 10


Iteration 1, Turn 2, current agent count: 10


Iteration 1, Turn 3, current agent count: 10


Iteration 1, Turn 4, current agent count: 10
--------End of iteration 1---------
--------Start of iteration 2---------


Iteration 2, Turn 0, current agent count: 10


Iteration 2, Turn 1, current agent count: 10


Iteration 2, Turn 2, current agent count: 10


Iteration 2, Turn 3, current agent count: 10


Iteration 2, Turn 4, current agent count: 10
--------End of iteration 2---------


GamePlaybackSummary - playing 18 turn records

Iteration 0, Turn 0:

Iteration 0, Turn 0:
Agent 080b299c-e425-44d2-bc73-0860cd7b18f7: 
Agent ID: 080b299c-e425-44d2-bc73-0860cd7b18f7
Agent 5579df7f-de50-4680-859b-f4df3407a95b: 
Agent ID: 5579df7f-de50-4680-859b-f4df3407a95b
Agent 6993360a-7b5f-4845-af17-9ba984c0cbfd: 
Agent ID: 6993360a-7b5f-4845-af17-9ba984c0cbfd
Agent 8ce50aae-80c7-4bf1-92a3-96058c6c022b: 
Agent ID: 8ce50aae-80c7-4bf1-92a3-96058c6c022b
Agent b2f6ddb1-599b-4d15-b650-2e98de94ccca: 
Agent ID: b2f6ddb1-599b-4d15-b650-2e98de94ccca
Agent bfc70136-cced-41c2-adaf-bd233b1ff351: 
Agent ID: bfc70136-cced-41c2-adaf-bd233b1ff351
Agent c16828cb-8363-4b03-beac-5f8af9756bc1: 
Agent ID: c16828cb-8363-4b03-beac-5f8af9756bc1
Agent d0c0a607-34b8-4b7b-bb22-df61faff7913: 
Agent ID: d0c0a607-34b8-4b7b-bb22-df61faff7913
Agent ecf05e66-60b4-45e9-be6e-e68aef65542a: 
Agent ID: ecf05e66-60b4-45e9-be6e-e68aef65542a
Agent ef470191-e104-4872-bdfb-99eeff155903: 
Agent ID: ef470191-e104-4872-bdfb-99eeff155903

Iteration 0, Turn 1:
Agent 080b299c-e425-44d2-bc73-0860cd7b18f7: 
Agent ID: 080b299c-e425-44d2-bc73-0860cd7b18f7
Agent 5579df7f-de50-4680-859b-f4df3407a95b: 
Agent ID: 5579df7f-de50-4680-859b-f4df3407a95b
Agent 6993360a-7b5f-4845-af17-9ba984c0cbfd: 
[DEAD] 
Agent ID: 6993360a-7b5f-4845-af17-9ba984c0cbfd
Agent 8ce50aae-80c7-4bf1-92a3-96058c6c022b: 
[DEAD] 
Agent ID: 8ce50aae-80c7-4bf1-92a3-96058c6c022b
Agent b2f6ddb1-599b-4d15-b650-2e98de94ccca: 
Agent ID: b2f6ddb1-599b-4d15-b650-2e98de94ccca
Agent bfc70136-cced-41c2-adaf-bd233b1ff351: 
[DEAD] 
Agent ID: bfc70136-cced-41c2-adaf-bd233b1ff351
Agent c16828cb-8363-4b03-beac-5f8af9756bc1: 
Agent ID: c16828cb-8363-4b03-beac-5f8af9756bc1
Agent d0c0a607-34b8-4b7b-bb22-df61faff7913: 
[DEAD] 
Agent ID: d0c0a607-34b8-4b7b-bb22-df61faff7913
Agent ecf05e66-60b4-45e9-be6e-e68aef65542a: 
[DEAD] 
Agent ID: ecf05e66-60b4-45e9-be6e-e68aef65542a
Agent ef470191-e104-4872-bdfb-99eeff155903: 
Agent ID: ef470191-e104-4872-bdfb-99eeff155903

Iteration 0, Turn 2:
Agent 080b299c-e425-44d2-bc73-0860cd7b18f7: 
Agent ID: 080b299c-e425-44d2-bc73-0860cd7b18f7
Agent 5579df7f-de50-4680-859b-f4df3407a95b: 
Agent ID: 5579df7f-de50-4680-859b-f4df3407a95b
Agent 6993360a-7b5f-4845-af17-9ba984c0cbfd: 
[DEAD] 
Agent ID: 6993360a-7b5f-4845-af17-9ba984c0cbfd
Agent 8ce50aae-80c7-4bf1-92a3-96058c6c022b: 
[DEAD] 
Agent ID: 8ce50aae-80c7-4bf1-92a3-96058c6c022b
Agent b2f6ddb1-599b-4d15-b650-2e98de94ccca: 
[DEAD] 
Agent ID: b2f6ddb1-599b-4d15-b650-2e98de94ccca
Agent bfc70136-cced-41c2-adaf-bd233b1ff351: 
[DEAD] 
Agent ID: bfc70136-cced-41c2-adaf-bd233b1ff351
Agent c16828cb-8363-4b03-beac-5f8af9756bc1: 
Agent ID: c16828cb-8363-4b03-beac-5f8af9756bc1
Agent d0c0a607-34b8-4b7b-bb22-df61faff7913: 
[DEAD] 
Agent ID: d0c0a607-34b8-4b7b-bb22-df61faff7913
Agent ecf05e66-60b4-45e9-be6e-e68aef65542a: 
[DEAD] 
Agent ID: ecf05e66-60b4-45e9-be6e-e68aef65542a
Agent ef470191-e104-4872-bdfb-99eeff155903: 
Agent ID: ef470191-e104-4872-bdfb-99eeff155903

Iteration 0, Turn 3:
Agent 080b299c-e425-44d2-bc73-0860cd7b18f7: 
[DEAD] 
Agent ID: 080b299c-e425-44d2-bc73-0860cd7b18f7
Agent 5579df7f-de50-4680-859b-f4df3407a95b: 
Agent ID: 5579df7f-de50-4680-859b-f4df3407a95b
Agent 6993360a-7b5f-4845-af17-9ba984c0cbfd: 
[DEAD] 
Agent ID: 6993360a-7b5f-4845-af17-9ba984c0cbfd
Agent 8ce50aae-80c7-4bf1-92a3-96058c6c022b: 
[DEAD] 
Agent ID: 8ce50aae-80c7-4bf1-92a3-96058c6c022b
Agent b2f6ddb1-599b-4d15-b650-2e98de94ccca: 
[DEAD] 
Agent ID: b2f6ddb1-599b-4d15-b650-2e98de94ccca
Agent bfc70136-cced-41c2-adaf-bd233b1ff351: 
[DEAD] 
Agent ID: bfc70136-cced-41c2-adaf-bd233b1ff351
Agent c16828cb-8363-4b03-beac-5f8af9756bc1: 
Agent ID: c16828cb-8363-4b03-beac-5f8af9756bc1
Agent d0c0a607-34b8-4b7b-bb22-df61faff7913: 
[DEAD] 
Agent ID: d0c0a607-34b8-4b7b-bb22-df61faff7913
Agent ecf05e66-60b4-45e9-be6e-e68aef65542a: 
[DEAD] 
Agent ID: ecf05e66-60b4-45e9-be6e-e68aef65542a
Agent ef470191-e104-4872-bdfb-99eeff155903: 
Agent ID: ef470191-e104-4872-bdfb-99eeff155903

Iteration 0, Turn 4:
Agent 080b299c-e425-44d2-bc73-0860cd7b18f7: 
[DEAD] 
Agent ID: 080b299c-e425-44d2-bc73-0860cd7b18f7
Agent 5579df7f-de50-4680-859b-f4df3407a95b: 
Agent ID: 5579df7f-de50-4680-859b-f4df3407a95b
Agent 6993360a-7b5f-4845-af17-9ba984c0cbfd: 
[DEAD] 
Agent ID: 6993360a-7b5f-4845-af17-9ba984c0cbfd
Agent 8ce50aae-80c7-4bf1-92a3-96058c6c022b: 
[DEAD] 
Agent ID: 8ce50aae-80c7-4bf1-92a3-96058c6c022b
Agent b2f6ddb1-599b-4d15-b650-2e98de94ccca: 
[DEAD] 
Agent ID: b2f6ddb1-599b-4d15-b650-2e98de94ccca
Agent bfc70136-cced-41c2-adaf-bd233b1ff351: 
[DEAD] 
Agent ID: bfc70136-cced-41c2-adaf-bd233b1ff351
Agent c16828cb-8363-4b03-beac-5f8af9756bc1: 
Agent ID: c16828cb-8363-4b03-beac-5f8af9756bc1
Agent d0c0a607-34b8-4b7b-bb22-df61faff7913: 
[DEAD] 
Agent ID: d0c0a607-34b8-4b7b-bb22-df61faff7913
Agent ecf05e66-60b4-45e9-be6e-e68aef65542a: 
[DEAD] 
Agent ID: ecf05e66-60b4-45e9-be6e-e68aef65542a
Agent ef470191-e104-4872-bdfb-99eeff155903: 
Agent ID: ef470191-e104-4872-bdfb-99eeff155903

Iteration 1, Turn 0:

Iteration 1, Turn 0:
Agent 080b299c-e425-44d2-bc73-0860cd7b18f7: 
[DEAD] 
Agent ID: 080b299c-e425-44d2-bc73-0860cd7b18f7
Agent 5579df7f-de50-4680-859b-f4df3407a95b: 
[DEAD] 
Agent ID: 5579df7f-de50-4680-859b-f4df3407a95b
Agent 6993360a-7b5f-4845-af17-9ba984c0cbfd: 
[DEAD] 
Agent ID: 6993360a-7b5f-4845-af17-9ba984c0cbfd
Agent 8ce50aae-80c7-4bf1-92a3-96058c6c022b: 
[DEAD] 
Agent ID: 8ce50aae-80c7-4bf1-92a3-96058c6c022b
Agent b2f6ddb1-599b-4d15-b650-2e98de94ccca: 
[DEAD] 
Agent ID: b2f6ddb1-599b-4d15-b650-2e98de94ccca
Agent bfc70136-cced-41c2-adaf-bd233b1ff351: 
[DEAD] 
Agent ID: bfc70136-cced-41c2-adaf-bd233b1ff351
Agent c16828cb-8363-4b03-beac-5f8af9756bc1: 
Agent ID: c16828cb-8363-4b03-beac-5f8af9756bc1
Agent d0c0a607-34b8-4b7b-bb22-df61faff7913: 
[DEAD] 
Agent ID: d0c0a607-34b8-4b7b-bb22-df61faff7913
Agent ecf05e66-60b4-45e9-be6e-e68aef65542a: 
[DEAD] 
Agent ID: ecf05e66-60b4-45e9-be6e-e68aef65542a
Agent ef470191-e104-4872-bdfb-99eeff155903: 
Agent ID: ef470191-e104-4872-bdfb-99eeff155903

Iteration 1, Turn 1:
Agent 080b299c-e425-44d2-bc73-0860cd7b18f7: 
[DEAD] 
Agent ID: 080b299c-e425-44d2-bc73-0860cd7b18f7
Agent 5579df7f-de50-4680-859b-f4df3407a95b: 
[DEAD] 
Agent ID: 5579df7f-de50-4680-859b-f4df3407a95b
Agent 6993360a-7b5f-4845-af17-9ba984c0cbfd: 
[DEAD] 
Agent ID: 6993360a-7b5f-4845-af17-9ba984c0cbfd
Agent 8ce50aae-80c7-4bf1-92a3-96058c6c022b: 
[DEAD] 
Agent ID: 8ce50aae-80c7-4bf1-92a3-96058c6c022b
Agent b2f6ddb1-599b-4d15-b650-2e98de94ccca: 
[DEAD] 
Agent ID: b2f6ddb1-599b-4d15-b650-2e98de94ccca
Agent bfc70136-cced-41c2-adaf-bd233b1ff351: 
[DEAD] 
Agent ID: bfc70136-cced-41c2-adaf-bd233b1ff351
Agent c16828cb-8363-4b03-beac-5f8af9756bc1: 
Agent ID: c16828cb-8363-4b03-beac-5f8af9756bc1
Agent d0c0a607-34b8-4b7b-bb22-df61faff7913: 
[DEAD] 
Agent ID: d0c0a607-34b8-4b7b-bb22-df61faff7913
Agent ecf05e66-60b4-45e9-be6e-e68aef65542a: 
[DEAD] 
Agent ID: ecf05e66-60b4-45e9-be6e-e68aef65542a
Agent ef470191-e104-4872-bdfb-99eeff155903: 
Agent ID: ef470191-e104-4872-bdfb-99eeff155903

Iteration 1, Turn 2:
Agent 080b299c-e425-44d2-bc73-0860cd7b18f7: 
[DEAD] 
Agent ID: 080b299c-e425-44d2-bc73-0860cd7b18f7
Agent 5579df7f-de50-4680-859b-f4df3407a95b: 
[DEAD] 
Agent ID: 5579df7f-de50-4680-859b-f4df3407a95b
Agent 6993360a-7b5f-4845-af17-9ba984c0cbfd: 
[DEAD] 
Agent ID: 6993360a-7b5f-4845-af17-9ba984c0cbfd
Agent 8ce50aae-80c7-4bf1-92a3-96058c6c022b: 
[DEAD] 
Agent ID: 8ce50aae-80c7-4bf1-92a3-96058c6c022b
Agent b2f6ddb1-599b-4d15-b650-2e98de94ccca: 
[DEAD] 
Agent ID: b2f6ddb1-599b-4d15-b650-2e98de94ccca
Agent bfc70136-cced-41c2-adaf-bd233b1ff351: 
[DEAD] 
Agent ID: bfc70136-cced-41c2-adaf-bd233b1ff351
Agent c16828cb-8363-4b03-beac-5f8af9756bc1: 
[DEAD] 
Agent ID: c16828cb-8363-4b03-beac-5f8af9756bc1
Agent d0c0a607-34b8-4b7b-bb22-df61faff7913: 
[DEAD] 
Agent ID: d0c0a607-34b8-4b7b-bb22-df61faff7913
Agent ecf05e66-60b4-45e9-be6e-e68aef65542a: 
[DEAD] 
Agent ID: ecf05e66-60b4-45e9-be6e-e68aef65542a
Agent ef470191-e104-4872-bdfb-99eeff155903: 
Agent ID: ef470191-e104-4872-bdfb-99eeff155903

Iteration 1, Turn 3:
Agent 080b299c-e425-44d2-bc73-0860cd7b18f7: 
[DEAD] 
Agent ID: 080b299c-e425-44d2-bc73-0860cd7b18f7
Agent 5579df7f-de50-4680-859b-f4df3407a95b: 
[DEAD] 
Agent ID: 5579df7f-de50-4680-859b-f4df3407a95b
Agent 6993360a-7b5f-4845-af17-9ba984c0cbfd: 
[DEAD] 
Agent ID: 6993360a-7b5f-4845-af17-9ba984c0cbfd
Agent 8ce50aae-80c7-4bf1-92a3-96058c6c022b: 
[DEAD] 
Agent ID: 8ce50aae-80c7-4bf1-92a3-96058c6c022b
Agent b2f6ddb1-599b-4d15-b650-2e98de94ccca: 
[DEAD] 
Agent ID: b2f6ddb1-599b-4d15-b650-2e98de94ccca
Agent bfc70136-cced-41c2-adaf-bd233b1ff351: 
[DEAD] 
Agent ID: bfc70136-cced-41c2-adaf-bd233b1ff351
Agent c16828cb-8363-4b03-beac-5f8af9756bc1: 
[DEAD] 
Agent ID: c16828cb-8363-4b03-beac-5f8af9756bc1
Agent d0c0a607-34b8-4b7b-bb22-df61faff7913: 
[DEAD] 
Agent ID: d0c0a607-34b8-4b7b-bb22-df61faff7913
Agent ecf05e66-60b4-45e9-be6e-e68aef65542a: 
[DEAD] 
Agent ID: ecf05e66-60b4-45e9-be6e-e68aef65542a
Agent ef470191-e104-4872-bdfb-99eeff155903: 
Agent ID: ef470191-e104-4872-bdfb-99eeff155903

Iteration 1, Turn 4:
Agent 080b299c-e425-44d2-bc73-0860cd7b18f7: 
[DEAD] 
Agent ID: 080b299c-e425-44d2-bc73-0860cd7b18f7
Agent 5579df7f-de50-4680-859b-f4df3407a95b: 
[DEAD] 
Agent ID: 5579df7f-de50-4680-859b-f4df3407a95b
Agent 6993360a-7b5f-4845-af17-9ba984c0cbfd: 
[DEAD] 
Agent ID: 6993360a-7b5f-4845-af17-9ba984c0cbfd
Agent 8ce50aae-80c7-4bf1-92a3-96058c6c022b: 
[DEAD] 
Agent ID: 8ce50aae-80c7-4bf1-92a3-96058c6c022b
Agent b2f6ddb1-599b-4d15-b650-2e98de94ccca: 
[DEAD] 
Agent ID: b2f6ddb1-599b-4d15-b650-2e98de94ccca
Agent bfc70136-cced-41c2-adaf-bd233b1ff351: 
[DEAD] 
Agent ID: bfc70136-cced-41c2-adaf-bd233b1ff351
Agent c16828cb-8363-4b03-beac-5f8af9756bc1: 
[DEAD] 
Agent ID: c16828cb-8363-4b03-beac-5f8af9756bc1
Agent d0c0a607-34b8-4b7b-bb22-df61faff7913: 
[DEAD] 
Agent ID: d0c0a607-34b8-4b7b-bb22-df61faff7913
Agent ecf05e66-60b4-45e9-be6e-e68aef65542a: 
[DEAD] 
Agent ID: ecf05e66-60b4-45e9-be6e-e68aef65542a
Agent ef470191-e104-4872-bdfb-99eeff155903: 
Agent ID: ef470191-e104-4872-bdfb-99eeff155903

Iteration 2, Turn 0:

Iteration 2, Turn 0:
Agent 080b299c-e425-44d2-bc73-0860cd7b18f7: 
[DEAD] 
Agent ID: 080b299c-e425-44d2-bc73-0860cd7b18f7
Agent 5579df7f-de50-4680-859b-f4df3407a95b: 
[DEAD] 
Agent ID: 5579df7f-de50-4680-859b-f4df3407a95b
Agent 6993360a-7b5f-4845-af17-9ba984c0cbfd: 
[DEAD] 
Agent ID: 6993360a-7b5f-4845-af17-9ba984c0cbfd
Agent 8ce50aae-80c7-4bf1-92a3-96058c6c022b: 
[DEAD] 
Agent ID: 8ce50aae-80c7-4bf1-92a3-96058c6c022b
Agent b2f6ddb1-599b-4d15-b650-2e98de94ccca: 
[DEAD] 
Agent ID: b2f6ddb1-599b-4d15-b650-2e98de94ccca
Agent bfc70136-cced-41c2-adaf-bd233b1ff351: 
[DEAD] 
Agent ID: bfc70136-cced-41c2-adaf-bd233b1ff351
Agent c16828cb-8363-4b03-beac-5f8af9756bc1: 
[DEAD] 
Agent ID: c16828cb-8363-4b03-beac-5f8af9756bc1
Agent d0c0a607-34b8-4b7b-bb22-df61faff7913: 
[DEAD] 
Agent ID: d0c0a607-34b8-4b7b-bb22-df61faff7913
Agent ecf05e66-60b4-45e9-be6e-e68aef65542a: 
[DEAD] 
Agent ID: ecf05e66-60b4-45e9-be6e-e68aef65542a
Agent ef470191-e104-4872-bdfb-99eeff155903: 
Agent ID: ef470191-e104-4872-bdfb-99eeff155903

Iteration 2, Turn 1:
Agent 080b299c-e425-44d2-bc73-0860cd7b18f7: 
[DEAD] 
Agent ID: 080b299c-e425-44d2-bc73-0860cd7b18f7
Agent 5579df7f-de50-4680-859b-f4df3407a95b: 
[DEAD] 
Agent ID: 5579df7f-de50-4680-859b-f4df3407a95b
Agent 6993360a-7b5f-4845-af17-9ba984c0cbfd: 
[DEAD] 
Agent ID: 6993360a-7b5f-4845-af17-9ba984c0cbfd
Agent 8ce50aae-80c7-4bf1-92a3-96058c6c022b: 
[DEAD] 
Agent ID: 8ce50aae-80c7-4bf1-92a3-96058c6c022b
Agent b2f6ddb1-599b-4d15-b650-2e98de94ccca: 
[DEAD] 
Agent ID: b2f6ddb1-599b-4d15-b650-2e98de94ccca
Agent bfc70136-cced-41c2-adaf-bd233b1ff351: 
[DEAD] 
Agent ID: bfc70136-cced-41c2-adaf-bd233b1ff351
Agent c16828cb-8363-4b03-beac-5f8af9756bc1: 
[DEAD] 
Agent ID: c16828cb-8363-4b03-beac-5f8af9756bc1
Agent d0c0a607-34b8-4b7b-bb22-df61faff7913: 
[DEAD] 
Agent ID: d0c0a607-34b8-4b7b-bb22-df61faff7913
Agent ecf05e66-60b4-45e9-be6e-e68aef65542a: 
[DEAD] 
Agent ID: ecf05e66-60b4-45e9-be6e-e68aef65542a
Agent ef470191-e104-4872-bdfb-99eeff155903: 
[DEAD] 
Agent ID: ef470191-e104-4872-bdfb-99eeff155903

Iteration 2, Turn 2:
Agent 080b299c-e425-44d2-bc73-0860cd7b18f7: 
[DEAD] 
Agent ID: 080b299c-e425-44d2-bc73-0860cd7b18f7
Agent 5579df7f-de50-4680-859b-f4df3407a95b: 
[DEAD] 
Agent ID: 5579df7f-de50-4680-859b-f4df3407a95b
Agent 6993360a-7b5f-4845-af17-9ba984c0cbfd: 
[DEAD] 
Agent ID: 6993360a-7b5f-4845-af17-9ba984c0cbfd
Agent 8ce50aae-80c7-4bf1-92a3-96058c6c022b: 
[DEAD] 
Agent ID: 8ce50aae-80c7-4bf1-92a3-96058c6c022b
Agent b2f6ddb1-599b-4d15-b650-2e98de94ccca: 
[DEAD] 
Agent ID: b2f6ddb1-599b-4d15-b650-2e98de94ccca
Agent bfc70136-cced-41c2-adaf-bd233b1ff351: 
[DEAD] 
Agent ID: bfc70136-cced-41c2-adaf-bd233b1ff351
Agent c16828cb-8363-4b03-beac-5f8af9756bc1: 
[DEAD] 
Agent ID: c16828cb-8363-4b03-beac-5f8af9756bc1
Agent d0c0a607-34b8-4b7b-bb22-df61faff7913: 
[DEAD] 
Agent ID: d0c0a607-34b8-4b7b-bb22-df61faff7913
Agent ecf05e66-60b4-45e9-be6e-e68aef65542a: 
[DEAD] 
Agent ID: ecf05e66-60b4-45e9-be6e-e68aef65542a
Agent ef470191-e104-4872-bdfb-99eeff155903: 
[DEAD] 
Agent ID: ef470191-e104-4872-bdfb-99eeff155903

Iteration 2, Turn 3:
Agent 080b299c-e425-44d2-bc73-0860cd7b18f7: 
[DEAD] 
Agent ID: 080b299c-e425-44d2-bc73-0860cd7b18f7
Agent 5579df7f-de50-4680-859b-f4df3407a95b: 
[DEAD] 
Agent ID: 5579df7f-de50-4680-859b-f4df3407a95b
Agent 6993360a-7b5f-4845-af17-9ba984c0cbfd: 
[DEAD] 
Agent ID: 6993360a-7b5f-4845-af17-9ba984c0cbfd
Agent 8ce50aae-80c7-4bf1-92a3-96058c6c022b: 
[DEAD] 
Agent ID: 8ce50aae-80c7-4bf1-92a3-96058c6c022b
Agent b2f6ddb1-599b-4d15-b650-2e98de94ccca: 
[DEAD] 
Agent ID: b2f6ddb1-599b-4d15-b650-2e98de94ccca
Agent bfc70136-cced-41c2-adaf-bd233b1ff351: 
[DEAD] 
Agent ID: bfc70136-cced-41c2-adaf-bd233b1ff351
Agent c16828cb-8363-4b03-beac-5f8af9756bc1: 
[DEAD] 
Agent ID: c16828cb-8363-4b03-beac-5f8af9756bc1
Agent d0c0a607-34b8-4b7b-bb22-df61faff7913: 
[DEAD] 
Agent ID: d0c0a607-34b8-4b7b-bb22-df61faff7913
Agent ecf05e66-60b4-45e9-be6e-e68aef65542a: 
[DEAD] 
Agent ID: ecf05e66-60b4-45e9-be6e-e68aef65542a
Agent ef470191-e104-4872-bdfb-99eeff155903: 
[DEAD] 
Agent ID: ef470191-e104-4872-bdfb-99eeff155903

Iteration 2, Turn 4:
Agent 080b299c-e425-44d2-bc73-0860cd7b18f7: 
[DEAD] 
Agent ID: 080b299c-e425-44d2-bc73-0860cd7b18f7
Agent 5579df7f-de50-4680-859b-f4df3407a95b: 
[DEAD] 
Agent ID: 5579df7f-de50-4680-859b-f4df3407a95b
Agent 6993360a-7b5f-4845-af17-9ba984c0cbfd: 
[DEAD] 
Agent ID: 6993360a-7b5f-4845-af17-9ba984c0cbfd
Agent 8ce50aae-80c7-4bf1-92a3-96058c6c022b: 
[DEAD] 
Agent ID: 8ce50aae-80c7-4bf1-92a3-96058c6c022b
Agent b2f6ddb1-599b-4d15-b650-2e98de94ccca: 
[DEAD] 
Agent ID: b2f6ddb1-599b-4d15-b650-2e98de94ccca
Agent bfc70136-cced-41c2-adaf-bd233b1ff351: 
[DEAD] 
Agent ID: bfc70136-cced-41c2-adaf-bd233b1ff351
Agent c16828cb-8363-4b03-beac-5f8af9756bc1: 
[DEAD] 
Agent ID: c16828cb-8363-4b03-beac-5f8af9756bc1
Agent d0c0a607-34b8-4b7b-bb22-df61faff7913: 
[DEAD] 
Agent ID: d0c0a607-34b8-4b7b-bb22-df61faff7913
Agent ecf05e66-60b4-45e9-be6e-e68aef65542a: 
[DEAD] 
Agent ID: ecf05e66-60b4-45e9-be6e-e68aef65542a
Agent ef470191-e104-4872-bdfb-99eeff155903: 
[DEAD] 
Agent ID: ef470191-e104-4872-bdfb-99eeff155903
