main function started.
--------Start of iteration 0---------


Iteration 0, Turn 0, current agent count: 16


Iteration 0, Turn 1, current agent count: 16


Iteration 0, Turn 2, current agent count: 14


Iteration 0, Turn 3, current agent count: 14


Iteration 0, Turn 4, current agent count: 14
--------End of iteration 0---------
--------Start of iteration 1---------


Iteration 1, Turn 0, current agent count: 12


Iteration 1, Turn 1, current agent count: 11


Iteration 1, Turn 2, current agent count: 10


Iteration 1, Turn 3, current agent count: 9


Iteration 1, Turn 4, current agent count: 9
--------End of iteration 1---------
--------Start of iteration 2---------


Iteration 2, Turn 0, current agent count: 9


Iteration 2, Turn 1, current agent count: 9


Iteration 2, Turn 2, current agent count: 9


Iteration 2, Turn 3, current agent count: 9


Iteration 2, Turn 4, current agent count: 9
--------End of iteration 2---------


GamePlaybackSummary - playing 18 turn records

Iteration 0, Turn 0:

Iteration 0, Turn 0:
Agent 173c684b-2587-4062-9cd0-535865eb7b0e: 
Agent ID: 173c684b-2587-4062-9cd0-535865eb7b0e
Agent 183cc461-5eed-4f3b-9fae-e38279c16243: 
Agent ID: 183cc461-5eed-4f3b-9fae-e38279c16243
Agent 3fb46150-3e15-4914-837f-cf44c436d585: 
Agent ID: 3fb46150-3e15-4914-837f-cf44c436d585
Agent 41b28afe-d7bc-44ee-846f-1651cfaa89d9: 
Agent ID: 41b28afe-d7bc-44ee-846f-1651cfaa89d9
Agent 42d73a83-a233-4203-8fcf-839d3b6ed80f: 
Agent ID: 42d73a83-a233-4203-8fcf-839d3b6ed80f
Agent 49841c11-39a7-48be-80c9-502d249560c9: 
Agent ID: 49841c11-39a7-48be-80c9-502d249560c9
Agent 4b942013-66bc-4ae2-a737-88d149d15196: 
Agent ID: 4b942013-66bc-4ae2-a737-88d149d15196
Agent 6cc78bf2-ad11-43de-abf5-6ba4f12955e5: 
Agent ID: 6cc78bf2-ad11-43de-abf5-6ba4f12955e5
Agent 7f7d2602-59c3-4a40-9867-121516e277f3: 
Agent ID: 7f7d2602-59c3-4a40-9867-121516e277f3
Agent 89d51ae4-15f2-4763-83de-73f0793eae7c: 
Agent ID: 89d51ae4-15f2-4763-83de-73f0793eae7c
Agent 923425d0-dafb-4bf0-95b4-bf1a49db57af: 
Agent ID: 923425d0-dafb-4bf0-95b4-bf1a49db57af
Agent 9d8a5123-b766-490b-b5c2-f91abfefcb6d: 
Agent ID: 9d8a5123-b766-490b-b5c2-f91abfefcb6d
Agent a209b2b1-715d-44db-8663-02f166d40217: 
Agent ID: a209b2b1-715d-44db-8663-02f166d40217
Agent baa86c96-6959-4c8f-98a9-62ca02565802: 
Agent ID: baa86c96-6959-4c8f-98a9-62ca02565802
Agent c30880dd-4b7e-45a5-aa44-aa78909481a8: 
Agent ID: c30880dd-4b7e-45a5-aa44-aa78909481a8
Agent fa776911-0716-49a7-80be-ccfe8a0e6b34: 
Agent ID: fa776911-0716-49a7-80be-ccfe8a0e6b34

Iteration 0, Turn 1:
Agent 173c684b-2587-4062-9cd0-535865eb7b0e: 
Agent ID: 173c684b-2587-4062-9cd0-535865eb7b0e
Agent 183cc461-5eed-4f3b-9fae-e38279c16243: 
Agent ID: 183cc461-5eed-4f3b-9fae-e38279c16243
Agent 41b28afe-d7bc-44ee-846f-1651cfaa89d9: 
Agent ID: 41b28afe-d7bc-44ee-846f-1651cfaa89d9
Agent 42d73a83-a233-4203-8fcf-839d3b6ed80f: 
Agent ID: 42d73a83-a233-4203-8fcf-839d3b6ed80f
Agent 49841c11-39a7-48be-80c9-502d249560c9: 
Agent ID: 49841c11-39a7-48be-80c9-502d249560c9
Agent 6cc78bf2-ad11-43de-abf5-6ba4f12955e5: 
Agent ID: 6cc78bf2-ad11-43de-abf5-6ba4f12955e5
Agent 7f7d2602-59c3-4a40-9867-121516e277f3: 
Agent ID: 7f7d2602-59c3-4a40-9867-121516e277f3
Agent 89d51ae4-15f2-4763-83de-73f0793eae7c: 
Agent ID: 89d51ae4-15f2-4763-83de-73f0793eae7c
Agent 923425d0-dafb-4bf0-95b4-bf1a49db57af: 
Agent ID: 923425d0-dafb-4bf0-95b4-bf1a49db57af
Agent 9d8a5123-b766-490b-b5c2-f91abfefcb6d: 
Agent ID: 9d8a5123-b766-490b-b5c2-f91abfefcb6d
Agent a209b2b1-715d-44db-8663-02f166d40217: 
Agent ID: a209b2b1-715d-44db-8663-02f166d40217
Agent baa86c96-6959-4c8f-98a9-62ca02565802: 
Agent ID: baa86c96-6959-4c8f-98a9-62ca02565802
Agent c30880dd-4b7e-45a5-aa44-aa78909481a8: 
Agent ID: c30880dd-4b7e-45a5-aa44-aa78909481a8
Agent fa776911-0716-49a7-80be-ccfe8a0e6b34: 
Agent ID: fa776911-0716-49a7-80be-ccfe8a0e6b34

Iteration 0, Turn 2:
Agent 173c684b-2587-4062-9cd0-535865eb7b0e: 
Agent ID: 173c684b-2587-4062-9cd0-535865eb7b0e
Agent 183cc461-5eed-4f3b-9fae-e38279c16243: 
Agent ID: 183cc461-5eed-4f3b-9fae-e38279c16243
Agent 41b28afe-d7bc-44ee-846f-1651cfaa89d9: 
Agent ID: 41b28afe-d7bc-44ee-846f-1651cfaa89d9
Agent 42d73a83-a233-4203-8fcf-839d3b6ed80f: 
Agent ID: 42d73a83-a233-4203-8fcf-839d3b6ed80f
Agent 49841c11-39a7-48be-80c9-502d249560c9: 
Agent ID: 49841c11-39a7-48be-80c9-502d249560c9
Agent 6cc78bf2-ad11-43de-abf5-6ba4f12955e5: 
Agent ID: 6cc78bf2-ad11-43de-abf5-6ba4f12955e5
Agent 7f7d2602-59c3-4a40-9867-121516e277f3: 
Agent ID: 7f7d2602-59c3-4a40-9867-121516e277f3
Agent 89d51ae4-15f2-4763-83de-73f0793eae7c: 
Agent ID: 89d51ae4-15f2-4763-83de-73f0793eae7c
Agent 923425d0-dafb-4bf0-95b4-bf1a49db57af: 
Agent ID: 923425d0-dafb-4bf0-95b4-bf1a49db57af
Agent 9d8a5123-b766-490b-b5c2-f91abfefcb6d: 
Agent ID: 9d8a5123-b766-490b-b5c2-f91abfefcb6d
Agent a209b2b1-715d-44db-8663-02f166d40217: 
Agent ID: a209b2b1-715d-44db-8663-02f166d40217
Agent baa86c96-6959-4c8f-98a9-62ca02565802: 
Agent ID: baa86c96-6959-4c8f-98a9-62ca02565802
Agent c30880dd-4b7e-45a5-aa44-aa78909481a8: 
Agent ID: c30880dd-4b7e-45a5-aa44-aa78909481a8
Agent fa776911-0716-49a7-80be-ccfe8a0e6b34: 
Agent ID: fa776911-0716-49a7-80be-ccfe8a0e6b34

Iteration 0, Turn 3:
Agent 173c684b-2587-4062-9cd0-535865eb7b0e: 
Agent ID: 173c684b-2587-4062-9cd0-535865eb7b0e
Agent 183cc461-5eed-4f3b-9fae-e38279c16243: 
Agent ID: 183cc461-5eed-4f3b-9fae-e38279c16243
Agent 41b28afe-d7bc-44ee-846f-1651cfaa89d9: 
Agent ID: 41b28afe-d7bc-44ee-846f-1651cfaa89d9
Agent 42d73a83-a233-4203-8fcf-839d3b6ed80f: 
Agent ID: 42d73a83-a233-4203-8fcf-839d3b6ed80f
Agent 49841c11-39a7-48be-80c9-502d249560c9: 
Agent ID: 49841c11-39a7-48be-80c9-502d249560c9
Agent 6cc78bf2-ad11-43de-abf5-6ba4f12955e5: 
Agent ID: 6cc78bf2-ad11-43de-abf5-6ba4f12955e5
Agent 7f7d2602-59c3-4a40-9867-121516e277f3: 
Agent ID: 7f7d2602-59c3-4a40-9867-121516e277f3
Agent 89d51ae4-15f2-4763-83de-73f0793eae7c: 
Agent ID: 89d51ae4-15f2-4763-83de-73f0793eae7c
Agent 923425d0-dafb-4bf0-95b4-bf1a49db57af: 
Agent ID: 923425d0-dafb-4bf0-95b4-bf1a49db57af
Agent 9d8a5123-b766-490b-b5c2-f91abfefcb6d: 
Agent ID: 9d8a5123-b766-490b-b5c2-f91abfefcb6d
Agent a209b2b1-715d-44db-8663-02f166d40217: 
Agent ID: a209b2b1-715d-44db-8663-02f166d40217
Agent baa86c96-6959-4c8f-98a9-62ca02565802: 
Agent ID: baa86c96-6959-4c8f-98a9-62ca02565802
Agent c30880dd-4b7e-45a5-aa44-aa78909481a8: 
Agent ID: c30880dd-4b7e-45a5-aa44-aa78909481a8
Agent fa776911-0716-49a7-80be-ccfe8a0e6b34: 
Agent ID: fa776911-0716-49a7-80be-ccfe8a0e6b34

Iteration 0, Turn 4:
Agent 173c684b-2587-4062-9cd0-535865eb7b0e: 
Agent ID: 173c684b-2587-4062-9cd0-535865eb7b0e
Agent 183cc461-5eed-4f3b-9fae-e38279c16243: 
Agent ID: 183cc461-5eed-4f3b-9fae-e38279c16243
Agent 41b28afe-d7bc-44ee-846f-1651cfaa89d9: 
Agent ID: 41b28afe-d7bc-44ee-846f-1651cfaa89d9
Agent 42d73a83-a233-4203-8fcf-839d3b6ed80f: 
Agent ID: 42d73a83-a233-4203-8fcf-839d3b6ed80f
Agent 49841c11-39a7-48be-80c9-502d249560c9: 
Agent ID: 49841c11-39a7-48be-80c9-502d249560c9
Agent 6cc78bf2-ad11-43de-abf5-6ba4f12955e5: 
Agent ID: 6cc78bf2-ad11-43de-abf5-6ba4f12955e5
Agent 7f7d2602-59c3-4a40-9867-121516e277f3: 
Agent ID: 7f7d2602-59c3-4a40-9867-121516e277f3
Agent 89d51ae4-15f2-4763-83de-73f0793eae7c: 
Agent ID: 89d51ae4-15f2-4763-83de-73f0793eae7c
Agent 9d8a5123-b766-490b-b5c2-f91abfefcb6d: 
Agent ID: 9d8a5123-b766-490b-b5c2-f91abfefcb6d
Agent a209b2b1-715d-44db-8663-02f166d40217: 
Agent ID: a209b2b1-715d-44db-8663-02f166d40217
Agent baa86c96-6959-4c8f-98a9-62ca02565802: 
Agent ID: baa86c96-6959-4c8f-98a9-62ca02565802
Agent fa776911-0716-49a7-80be-ccfe8a0e6b34: 
Agent ID: fa776911-0716-49a7-80be-ccfe8a0e6b34

Iteration 1, Turn 0:

Iteration 1, Turn 0:
Agent 173c684b-2587-4062-9cd0-535865eb7b0e: 
Agent ID: 173c684b-2587-4062-9cd0-535865eb7b0e
Agent 183cc461-5eed-4f3b-9fae-e38279c16243: 
Agent ID: 183cc461-5eed-4f3b-9fae-e38279c16243
Agent 41b28afe-d7bc-44ee-846f-1651cfaa89d9: 
Agent ID: 41b28afe-d7bc-44ee-846f-1651cfaa89d9
Agent 42d73a83-a233-4203-8fcf-839d3b6ed80f: 
Agent ID: 42d73a83-a233-4203-8fcf-839d3b6ed80f
Agent 49841c11-39a7-48be-80c9-502d249560c9: 
Agent ID: 49841c11-39a7-48be-80c9-502d249560c9
Agent 6cc78bf2-ad11-43de-abf5-6ba4f12955e5: 
Agent ID: 6cc78bf2-ad11-43de-abf5-6ba4f12955e5
Agent 89d51ae4-15f2-4763-83de-73f0793eae7c: 
Agent ID: 89d51ae4-15f2-4763-83de-73f0793eae7c
Agent 9d8a5123-b766-490b-b5c2-f91abfefcb6d: 
Agent ID: 9d8a5123-b766-490b-b5c2-f91abfefcb6d
Agent a209b2b1-715d-44db-8663-02f166d40217: 
Agent ID: a209b2b1-715d-44db-8663-02f166d40217
Agent baa86c96-6959-4c8f-98a9-62ca02565802: 
Agent ID: baa86c96-6959-4c8f-98a9-62ca02565802
Agent fa776911-0716-49a7-80be-ccfe8a0e6b34: 
Agent ID: fa776911-0716-49a7-80be-ccfe8a0e6b34

Iteration 1, Turn 1:
Agent 173c684b-2587-4062-9cd0-535865eb7b0e: 
Agent ID: 173c684b-2587-4062-9cd0-535865eb7b0e
Agent 183cc461-5eed-4f3b-9fae-e38279c16243: 
Agent ID: 183cc461-5eed-4f3b-9fae-e38279c16243
Agent 41b28afe-d7bc-44ee-846f-1651cfaa89d9: 
Agent ID: 41b28afe-d7bc-44ee-846f-1651cfaa89d9
Agent 42d73a83-a233-4203-8fcf-839d3b6ed80f: 
Agent ID: 42d73a83-a233-4203-8fcf-839d3b6ed80f
Agent 49841c11-39a7-48be-80c9-502d249560c9: 
Agent ID: 49841c11-39a7-48be-80c9-502d249560c9
Agent 6cc78bf2-ad11-43de-abf5-6ba4f12955e5: 
Agent ID: 6cc78bf2-ad11-43de-abf5-6ba4f12955e5
Agent 9d8a5123-b766-490b-b5c2-f91abfefcb6d: 
Agent ID: 9d8a5123-b766-490b-b5c2-f91abfefcb6d
Agent a209b2b1-715d-44db-8663-02f166d40217: 
Agent ID: a209b2b1-715d-44db-8663-02f166d40217
Agent baa86c96-6959-4c8f-98a9-62ca02565802: 
Agent ID: baa86c96-6959-4c8f-98a9-62ca02565802
Agent fa776911-0716-49a7-80be-ccfe8a0e6b34: 
Agent ID: fa776911-0716-49a7-80be-ccfe8a0e6b34

Iteration 1, Turn 2:
Agent 173c684b-2587-4062-9cd0-535865eb7b0e: 
Agent ID: 173c684b-2587-4062-9cd0-535865eb7b0e
Agent 183cc461-5eed-4f3b-9fae-e38279c16243: 
Agent ID: 183cc461-5eed-4f3b-9fae-e38279c16243
Agent 41b28afe-d7bc-44ee-846f-1651cfaa89d9: 
Agent ID: 41b28afe-d7bc-44ee-846f-1651cfaa89d9
Agent 42d73a83-a233-4203-8fcf-839d3b6ed80f: 
Agent ID: 42d73a83-a233-4203-8fcf-839d3b6ed80f
Agent 49841c11-39a7-48be-80c9-502d249560c9: 
Agent ID: 49841c11-39a7-48be-80c9-502d249560c9
Agent 6cc78bf2-ad11-43de-abf5-6ba4f12955e5: 
Agent ID: 6cc78bf2-ad11-43de-abf5-6ba4f12955e5
Agent a209b2b1-715d-44db-8663-02f166d40217: 
Agent ID: a209b2b1-715d-44db-8663-02f166d40217
Agent baa86c96-6959-4c8f-98a9-62ca02565802: 
Agent ID: baa86c96-6959-4c8f-98a9-62ca02565802
Agent fa776911-0716-49a7-80be-ccfe8a0e6b34: 
Agent ID: fa776911-0716-49a7-80be-ccfe8a0e6b34

Iteration 1, Turn 3:
Agent 173c684b-2587-4062-9cd0-535865eb7b0e: 
Agent ID: 173c684b-2587-4062-9cd0-535865eb7b0e
Agent 183cc461-5eed-4f3b-9fae-e38279c16243: 
Agent ID: 183cc461-5eed-4f3b-9fae-e38279c16243
Agent 41b28afe-d7bc-44ee-846f-1651cfaa89d9: 
Agent ID: 41b28afe-d7bc-44ee-846f-1651cfaa89d9
Agent 42d73a83-a233-4203-8fcf-839d3b6ed80f: 
Agent ID: 42d73a83-a233-4203-8fcf-839d3b6ed80f
Agent 49841c11-39a7-48be-80c9-502d249560c9: 
Agent ID: 49841c11-39a7-48be-80c9-502d249560c9
Agent 6cc78bf2-ad11-43de-abf5-6ba4f12955e5: 
Agent ID: 6cc78bf2-ad11-43de-abf5-6ba4f12955e5
Agent a209b2b1-715d-44db-8663-02f166d40217: 
Agent ID: a209b2b1-715d-44db-8663-02f166d40217
Agent baa86c96-6959-4c8f-98a9-62ca02565802: 
Agent ID: baa86c96-6959-4c8f-98a9-62ca02565802
Agent fa776911-0716-49a7-80be-ccfe8a0e6b34: 
Agent ID: fa776911-0716-49a7-80be-ccfe8a0e6b34

Iteration 1, Turn 4:
Agent 173c684b-2587-4062-9cd0-535865eb7b0e: 
Agent ID: 173c684b-2587-4062-9cd0-535865eb7b0e
Agent 183cc461-5eed-4f3b-9fae-e38279c16243: 
Agent ID: 183cc461-5eed-4f3b-9fae-e38279c16243
Agent 41b28afe-d7bc-44ee-846f-1651cfaa89d9: 
Agent ID: 41b28afe-d7bc-44ee-846f-1651cfaa89d9
Agent 42d73a83-a233-4203-8fcf-839d3b6ed80f: 
Agent ID: 42d73a83-a233-4203-8fcf-839d3b6ed80f
Agent 49841c11-39a7-48be-80c9-502d249560c9: 
Agent ID: 49841c11-39a7-48be-80c9-502d249560c9
Agent 6cc78bf2-ad11-43de-abf5-6ba4f12955e5: 
Agent ID: 6cc78bf2-ad11-43de-abf5-6ba4f12955e5
Agent a209b2b1-715d-44db-8663-02f166d40217: 
Agent ID: a209b2b1-715d-44db-8663-02f166d40217
Agent baa86c96-6959-4c8f-98a9-62ca02565802: 
Agent ID: baa86c96-6959-4c8f-98a9-62ca02565802
Agent fa776911-0716-49a7-80be-ccfe8a0e6b34: 
Agent ID: fa776911-0716-49a7-80be-ccfe8a0e6b34

Iteration 2, Turn 0:

Iteration 2, Turn 0:
Agent 173c684b-2587-4062-9cd0-535865eb7b0e: 
Agent ID: 173c684b-2587-4062-9cd0-535865eb7b0e
Agent 183cc461-5eed-4f3b-9fae-e38279c16243: 
Agent ID: 183cc461-5eed-4f3b-9fae-e38279c16243
Agent 41b28afe-d7bc-44ee-846f-1651cfaa89d9: 
Agent ID: 41b28afe-d7bc-44ee-846f-1651cfaa89d9
Agent 42d73a83-a233-4203-8fcf-839d3b6ed80f: 
Agent ID: 42d73a83-a233-4203-8fcf-839d3b6ed80f
Agent 49841c11-39a7-48be-80c9-502d249560c9: 
Agent ID: 49841c11-39a7-48be-80c9-502d249560c9
Agent 6cc78bf2-ad11-43de-abf5-6ba4f12955e5: 
Agent ID: 6cc78bf2-ad11-43de-abf5-6ba4f12955e5
Agent a209b2b1-715d-44db-8663-02f166d40217: 
Agent ID: a209b2b1-715d-44db-8663-02f166d40217
Agent baa86c96-6959-4c8f-98a9-62ca02565802: 
Agent ID: baa86c96-6959-4c8f-98a9-62ca02565802
Agent fa776911-0716-49a7-80be-ccfe8a0e6b34: 
Agent ID: fa776911-0716-49a7-80be-ccfe8a0e6b34

Iteration 2, Turn 1:
Agent 173c684b-2587-4062-9cd0-535865eb7b0e: 
Agent ID: 173c684b-2587-4062-9cd0-535865eb7b0e
Agent 183cc461-5eed-4f3b-9fae-e38279c16243: 
Agent ID: 183cc461-5eed-4f3b-9fae-e38279c16243
Agent 41b28afe-d7bc-44ee-846f-1651cfaa89d9: 
Agent ID: 41b28afe-d7bc-44ee-846f-1651cfaa89d9
Agent 42d73a83-a233-4203-8fcf-839d3b6ed80f: 
Agent ID: 42d73a83-a233-4203-8fcf-839d3b6ed80f
Agent 49841c11-39a7-48be-80c9-502d249560c9: 
Agent ID: 49841c11-39a7-48be-80c9-502d249560c9
Agent 6cc78bf2-ad11-43de-abf5-6ba4f12955e5: 
Agent ID: 6cc78bf2-ad11-43de-abf5-6ba4f12955e5
Agent a209b2b1-715d-44db-8663-02f166d40217: 
Agent ID: a209b2b1-715d-44db-8663-02f166d40217
Agent baa86c96-6959-4c8f-98a9-62ca02565802: 
Agent ID: baa86c96-6959-4c8f-98a9-62ca02565802
Agent fa776911-0716-49a7-80be-ccfe8a0e6b34: 
Agent ID: fa776911-0716-49a7-80be-ccfe8a0e6b34

Iteration 2, Turn 2:
Agent 173c684b-2587-4062-9cd0-535865eb7b0e: 
Agent ID: 173c684b-2587-4062-9cd0-535865eb7b0e
Agent 183cc461-5eed-4f3b-9fae-e38279c16243: 
Agent ID: 183cc461-5eed-4f3b-9fae-e38279c16243
Agent 41b28afe-d7bc-44ee-846f-1651cfaa89d9: 
Agent ID: 41b28afe-d7bc-44ee-846f-1651cfaa89d9
Agent 42d73a83-a233-4203-8fcf-839d3b6ed80f: 
Agent ID: 42d73a83-a233-4203-8fcf-839d3b6ed80f
Agent 49841c11-39a7-48be-80c9-502d249560c9: 
Agent ID: 49841c11-39a7-48be-80c9-502d249560c9
Agent 6cc78bf2-ad11-43de-abf5-6ba4f12955e5: 
Agent ID: 6cc78bf2-ad11-43de-abf5-6ba4f12955e5
Agent a209b2b1-715d-44db-8663-02f166d40217: 
Agent ID: a209b2b1-715d-44db-8663-02f166d40217
Agent baa86c96-6959-4c8f-98a9-62ca02565802: 
Agent ID: baa86c96-6959-4c8f-98a9-62ca02565802
Agent fa776911-0716-49a7-80be-ccfe8a0e6b34: 
Agent ID: fa776911-0716-49a7-80be-ccfe8a0e6b34

Iteration 2, Turn 3:
Agent 173c684b-2587-4062-9cd0-535865eb7b0e: 
Agent ID: 173c684b-2587-4062-9cd0-535865eb7b0e
Agent 183cc461-5eed-4f3b-9fae-e38279c16243: 
Agent ID: 183cc461-5eed-4f3b-9fae-e38279c16243
Agent 41b28afe-d7bc-44ee-846f-1651cfaa89d9: 
Agent ID: 41b28afe-d7bc-44ee-846f-1651cfaa89d9
Agent 42d73a83-a233-4203-8fcf-839d3b6ed80f: 
Agent ID: 42d73a83-a233-4203-8fcf-839d3b6ed80f
Agent 49841c11-39a7-48be-80c9-502d249560c9: 
Agent ID: 49841c11-39a7-48be-80c9-502d249560c9
Agent 6cc78bf2-ad11-43de-abf5-6ba4f12955e5: 
Agent ID: 6cc78bf2-ad11-43de-abf5-6ba4f12955e5
Agent a209b2b1-715d-44db-8663-02f166d40217: 
Agent ID: a209b2b1-715d-44db-8663-02f166d40217
Agent baa86c96-6959-4c8f-98a9-62ca02565802: 
Agent ID: baa86c96-6959-4c8f-98a9-62ca02565802
Agent fa776911-0716-49a7-80be-ccfe8a0e6b34: 
Agent ID: fa776911-0716-49a7-80be-ccfe8a0e6b34

Iteration 2, Turn 4:
Agent 173c684b-2587-4062-9cd0-535865eb7b0e: 
Agent ID: 173c684b-2587-4062-9cd0-535865eb7b0e
Agent 183cc461-5eed-4f3b-9fae-e38279c16243: 
Agent ID: 183cc461-5eed-4f3b-9fae-e38279c16243
Agent 41b28afe-d7bc-44ee-846f-1651cfaa89d9: 
Agent ID: 41b28afe-d7bc-44ee-846f-1651cfaa89d9
Agent 42d73a83-a233-4203-8fcf-839d3b6ed80f: 
Agent ID: 42d73a83-a233-4203-8fcf-839d3b6ed80f
Agent 6cc78bf2-ad11-43de-abf5-6ba4f12955e5: 
Agent ID: 6cc78bf2-ad11-43de-abf5-6ba4f12955e5
Agent a209b2b1-715d-44db-8663-02f166d40217: 
Agent ID: a209b2b1-715d-44db-8663-02f166d40217
Agent baa86c96-6959-4c8f-98a9-62ca02565802: 
Agent ID: baa86c96-6959-4c8f-98a9-62ca02565802
Agent fa776911-0716-49a7-80be-ccfe8a0e6b34: 
Agent ID: fa776911-0716-49a7-80be-ccfe8a0e6b34
