main function started.
--------Start of iteration 0---------


Iteration 0, Turn 0, current agent count: 5


Iteration 0, Turn 1, current agent count: 5


Iteration 0, Turn 2, current agent count: 5


Iteration 0, Turn 3, current agent count: 5


Iteration 0, Turn 4, current agent count: 5
--------End of iteration 0---------
--------Start of iteration 1---------


Iteration 1, Turn 0, current agent count: 5


Iteration 1, Turn 1, current agent count: 5


Iteration 1, Turn 2, current agent count: 5


Iteration 1, Turn 3, current agent count: 5


Iteration 1, Turn 4, current agent count: 5
--------End of iteration 1---------
--------Start of iteration 2---------


Iteration 2, Turn 0, current agent count: 5


Iteration 2, Turn 1, current agent count: 5


Iteration 2, Turn 2, current agent count: 5


Iteration 2, Turn 3, current agent count: 5


Iteration 2, Turn 4, current agent count: 5
--------End of iteration 2---------


GamePlaybackSummary - playing 18 turn records

Iteration 0, Turn 0:

Iteration 0, Turn 1:
Agent 3d430ea0-3b07-49ea-a4ba-c35bd4bb966d: 
Agent ID: 3d430ea0-3b07-49ea-a4ba-c35bd4bb966d
Agent 83513377-2b72-4f95-95cd-095bfa568d82: 
Agent ID: 83513377-2b72-4f95-95cd-095bfa568d82
Agent 86f45a2e-5d1d-4926-a7bd-5417c8fa9dd1: 
[DEAD] 
Agent ID: 86f45a2e-5d1d-4926-a7bd-5417c8fa9dd1
Agent 87ae36c6-b260-4a64-8097-d0f2af20a2ae: 
Agent ID: 87ae36c6-b260-4a64-8097-d0f2af20a2ae
Agent de28bae2-213f-4324-9bec-1c6ddbc4c178: 
Agent ID: de28bae2-213f-4324-9bec-1c6ddbc4c178

Iteration 0, Turn 2:
Agent 3d430ea0-3b07-49ea-a4ba-c35bd4bb966d: 
[DEAD] 
Agent ID: 3d430ea0-3b07-49ea-a4ba-c35bd4bb966d
Agent 83513377-2b72-4f95-95cd-095bfa568d82: 
[DEAD] 
Agent ID: 83513377-2b72-4f95-95cd-095bfa568d82
Agent 86f45a2e-5d1d-4926-a7bd-5417c8fa9dd1: 
[DEAD] 
Agent ID: 86f45a2e-5d1d-4926-a7bd-5417c8fa9dd1
Agent 87ae36c6-b260-4a64-8097-d0f2af20a2ae: 
Agent ID: 87ae36c6-b260-4a64-8097-d0f2af20a2ae
Agent de28bae2-213f-4324-9bec-1c6ddbc4c178: 
Agent ID: de28bae2-213f-4324-9bec-1c6ddbc4c178

Iteration 0, Turn 3:
Agent 3d430ea0-3b07-49ea-a4ba-c35bd4bb966d: 
[DEAD] 
Agent ID: 3d430ea0-3b07-49ea-a4ba-c35bd4bb966d
Agent 83513377-2b72-4f95-95cd-095bfa568d82: 
[DEAD] 
Agent ID: 83513377-2b72-4f95-95cd-095bfa568d82
Agent 86f45a2e-5d1d-4926-a7bd-5417c8fa9dd1: 
[DEAD] 
Agent ID: 86f45a2e-5d1d-4926-a7bd-5417c8fa9dd1
Agent 87ae36c6-b260-4a64-8097-d0f2af20a2ae: 
Agent ID: 87ae36c6-b260-4a64-8097-d0f2af20a2ae
Agent de28bae2-213f-4324-9bec-1c6ddbc4c178: 
Agent ID: de28bae2-213f-4324-9bec-1c6ddbc4c178

Iteration 0, Turn 4:
Agent 3d430ea0-3b07-49ea-a4ba-c35bd4bb966d: 
[DEAD] 
Agent ID: 3d430ea0-3b07-49ea-a4ba-c35bd4bb966d
Agent 83513377-2b72-4f95-95cd-095bfa568d82: 
[DEAD] 
Agent ID: 83513377-2b72-4f95-95cd-095bfa568d82
Agent 86f45a2e-5d1d-4926-a7bd-5417c8fa9dd1: 
[DEAD] 
Agent ID: 86f45a2e-5d1d-4926-a7bd-5417c8fa9dd1
Agent 87ae36c6-b260-4a64-8097-d0f2af20a2ae: 
[DEAD] 
Agent ID: 87ae36c6-b260-4a64-8097-d0f2af20a2ae
Agent de28bae2-213f-4324-9bec-1c6ddbc4c178: 
Agent ID: de28bae2-213f-4324-9bec-1c6ddbc4c178

Iteration 0, Turn 5:
Agent 3d430ea0-3b07-49ea-a4ba-c35bd4bb966d: 
[DEAD] 
Agent ID: 3d430ea0-3b07-49ea-a4ba-c35bd4bb966d
Agent 83513377-2b72-4f95-95cd-095bfa568d82: 
[DEAD] 
Agent ID: 83513377-2b72-4f95-95cd-095bfa568d82
Agent 86f45a2e-5d1d-4926-a7bd-5417c8fa9dd1: 
[DEAD] 
Agent ID: 86f45a2e-5d1d-4926-a7bd-5417c8fa9dd1
Agent 87ae36c6-b260-4a64-8097-d0f2af20a2ae: 
[DEAD] 
Agent ID: 87ae36c6-b260-4a64-8097-d0f2af20a2ae
Agent de28bae2-213f-4324-9bec-1c6ddbc4c178: 
[DEAD] 
Agent ID: de28bae2-213f-4324-9bec-1c6ddbc4c178

Iteration 1, Turn 0:

Iteration 1, Turn 1:
Agent 3d430ea0-3b07-49ea-a4ba-c35bd4bb966d: 
[DEAD] 
Agent ID: 3d430ea0-3b07-49ea-a4ba-c35bd4bb966d
Agent 83513377-2b72-4f95-95cd-095bfa568d82: 
[DEAD] 
Agent ID: 83513377-2b72-4f95-95cd-095bfa568d82
Agent 86f45a2e-5d1d-4926-a7bd-5417c8fa9dd1: 
[DEAD] 
Agent ID: 86f45a2e-5d1d-4926-a7bd-5417c8fa9dd1
Agent 87ae36c6-b260-4a64-8097-d0f2af20a2ae: 
[DEAD] 
Agent ID: 87ae36c6-b260-4a64-8097-d0f2af20a2ae
Agent de28bae2-213f-4324-9bec-1c6ddbc4c178: 
[DEAD] 
Agent ID: de28bae2-213f-4324-9bec-1c6ddbc4c178

Iteration 1, Turn 2:
Agent 3d430ea0-3b07-49ea-a4ba-c35bd4bb966d: 
[DEAD] 
Agent ID: 3d430ea0-3b07-49ea-a4ba-c35bd4bb966d
Agent 83513377-2b72-4f95-95cd-095bfa568d82: 
[DEAD] 
Agent ID: 83513377-2b72-4f95-95cd-095bfa568d82
Agent 86f45a2e-5d1d-4926-a7bd-5417c8fa9dd1: 
[DEAD] 
Agent ID: 86f45a2e-5d1d-4926-a7bd-5417c8fa9dd1
Agent 87ae36c6-b260-4a64-8097-d0f2af20a2ae: 
[DEAD] 
Agent ID: 87ae36c6-b260-4a64-8097-d0f2af20a2ae
Agent de28bae2-213f-4324-9bec-1c6ddbc4c178: 
[DEAD] 
Agent ID: de28bae2-213f-4324-9bec-1c6ddbc4c178

Iteration 1, Turn 3:
Agent 3d430ea0-3b07-49ea-a4ba-c35bd4bb966d: 
[DEAD] 
Agent ID: 3d430ea0-3b07-49ea-a4ba-c35bd4bb966d
Agent 83513377-2b72-4f95-95cd-095bfa568d82: 
[DEAD] 
Agent ID: 83513377-2b72-4f95-95cd-095bfa568d82
Agent 86f45a2e-5d1d-4926-a7bd-5417c8fa9dd1: 
[DEAD] 
Agent ID: 86f45a2e-5d1d-4926-a7bd-5417c8fa9dd1
Agent 87ae36c6-b260-4a64-8097-d0f2af20a2ae: 
[DEAD] 
Agent ID: 87ae36c6-b260-4a64-8097-d0f2af20a2ae
Agent de28bae2-213f-4324-9bec-1c6ddbc4c178: 
[DEAD] 
Agent ID: de28bae2-213f-4324-9bec-1c6ddbc4c178

Iteration 1, Turn 4:
Agent 3d430ea0-3b07-49ea-a4ba-c35bd4bb966d: 
[DEAD] 
Agent ID: 3d430ea0-3b07-49ea-a4ba-c35bd4bb966d
Agent 83513377-2b72-4f95-95cd-095bfa568d82: 
[DEAD] 
Agent ID: 83513377-2b72-4f95-95cd-095bfa568d82
Agent 86f45a2e-5d1d-4926-a7bd-5417c8fa9dd1: 
[DEAD] 
Agent ID: 86f45a2e-5d1d-4926-a7bd-5417c8fa9dd1
Agent 87ae36c6-b260-4a64-8097-d0f2af20a2ae: 
[DEAD] 
Agent ID: 87ae36c6-b260-4a64-8097-d0f2af20a2ae
Agent de28bae2-213f-4324-9bec-1c6ddbc4c178: 
[DEAD] 
Agent ID: de28bae2-213f-4324-9bec-1c6ddbc4c178

Iteration 1, Turn 5:
Agent 3d430ea0-3b07-49ea-a4ba-c35bd4bb966d: 
[DEAD] 
Agent ID: 3d430ea0-3b07-49ea-a4ba-c35bd4bb966d
Agent 83513377-2b72-4f95-95cd-095bfa568d82: 
[DEAD] 
Agent ID: 83513377-2b72-4f95-95cd-095bfa568d82
Agent 86f45a2e-5d1d-4926-a7bd-5417c8fa9dd1: 
[DEAD] 
Agent ID: 86f45a2e-5d1d-4926-a7bd-5417c8fa9dd1
Agent 87ae36c6-b260-4a64-8097-d0f2af20a2ae: 
[DEAD] 
Agent ID: 87ae36c6-b260-4a64-8097-d0f2af20a2ae
Agent de28bae2-213f-4324-9bec-1c6ddbc4c178: 
[DEAD] 
Agent ID: de28bae2-213f-4324-9bec-1c6ddbc4c178

Iteration 2, Turn 0:

Iteration 2, Turn 1:
Agent 3d430ea0-3b07-49ea-a4ba-c35bd4bb966d: 
[DEAD] 
Agent ID: 3d430ea0-3b07-49ea-a4ba-c35bd4bb966d
Agent 83513377-2b72-4f95-95cd-095bfa568d82: 
[DEAD] 
Agent ID: 83513377-2b72-4f95-95cd-095bfa568d82
Agent 86f45a2e-5d1d-4926-a7bd-5417c8fa9dd1: 
[DEAD] 
Agent ID: 86f45a2e-5d1d-4926-a7bd-5417c8fa9dd1
Agent 87ae36c6-b260-4a64-8097-d0f2af20a2ae: 
[DEAD] 
Agent ID: 87ae36c6-b260-4a64-8097-d0f2af20a2ae
Agent de28bae2-213f-4324-9bec-1c6ddbc4c178: 
[DEAD] 
Agent ID: de28bae2-213f-4324-9bec-1c6ddbc4c178

Iteration 2, Turn 2:
Agent 3d430ea0-3b07-49ea-a4ba-c35bd4bb966d: 
[DEAD] 
Agent ID: 3d430ea0-3b07-49ea-a4ba-c35bd4bb966d
Agent 83513377-2b72-4f95-95cd-095bfa568d82: 
[DEAD] 
Agent ID: 83513377-2b72-4f95-95cd-095bfa568d82
Agent 86f45a2e-5d1d-4926-a7bd-5417c8fa9dd1: 
[DEAD] 
Agent ID: 86f45a2e-5d1d-4926-a7bd-5417c8fa9dd1
Agent 87ae36c6-b260-4a64-8097-d0f2af20a2ae: 
[DEAD] 
Agent ID: 87ae36c6-b260-4a64-8097-d0f2af20a2ae
Agent de28bae2-213f-4324-9bec-1c6ddbc4c178: 
[DEAD] 
Agent ID: de28bae2-213f-4324-9bec-1c6ddbc4c178

Iteration 2, Turn 3:
Agent 3d430ea0-3b07-49ea-a4ba-c35bd4bb966d: 
[DEAD] 
Agent ID: 3d430ea0-3b07-49ea-a4ba-c35bd4bb966d
Agent 83513377-2b72-4f95-95cd-095bfa568d82: 
[DEAD] 
Agent ID: 83513377-2b72-4f95-95cd-095bfa568d82
Agent 86f45a2e-5d1d-4926-a7bd-5417c8fa9dd1: 
[DEAD] 
Agent ID: 86f45a2e-5d1d-4926-a7bd-5417c8fa9dd1
Agent 87ae36c6-b260-4a64-8097-d0f2af20a2ae: 
[DEAD] 
Agent ID: 87ae36c6-b260-4a64-8097-d0f2af20a2ae
Agent de28bae2-213f-4324-9bec-1c6ddbc4c178: 
[DEAD] 
Agent ID: de28bae2-213f-4324-9bec-1c6ddbc4c178

Iteration 2, Turn 4:
Agent 3d430ea0-3b07-49ea-a4ba-c35bd4bb966d: 
[DEAD] 
Agent ID: 3d430ea0-3b07-49ea-a4ba-c35bd4bb966d
Agent 83513377-2b72-4f95-95cd-095bfa568d82: 
[DEAD] 
Agent ID: 83513377-2b72-4f95-95cd-095bfa568d82
Agent 86f45a2e-5d1d-4926-a7bd-5417c8fa9dd1: 
[DEAD] 
Agent ID: 86f45a2e-5d1d-4926-a7bd-5417c8fa9dd1
Agent 87ae36c6-b260-4a64-8097-d0f2af20a2ae: 
[DEAD] 
Agent ID: 87ae36c6-b260-4a64-8097-d0f2af20a2ae
Agent de28bae2-213f-4324-9bec-1c6ddbc4c178: 
[DEAD] 
Agent ID: de28bae2-213f-4324-9bec-1c6ddbc4c178

Iteration 2, Turn 5:
Agent 3d430ea0-3b07-49ea-a4ba-c35bd4bb966d: 
[DEAD] 
Agent ID: 3d430ea0-3b07-49ea-a4ba-c35bd4bb966d
Agent 83513377-2b72-4f95-95cd-095bfa568d82: 
[DEAD] 
Agent ID: 83513377-2b72-4f95-95cd-095bfa568d82
Agent 86f45a2e-5d1d-4926-a7bd-5417c8fa9dd1: 
[DEAD] 
Agent ID: 86f45a2e-5d1d-4926-a7bd-5417c8fa9dd1
Agent 87ae36c6-b260-4a64-8097-d0f2af20a2ae: 
[DEAD] 
Agent ID: 87ae36c6-b260-4a64-8097-d0f2af20a2ae
Agent de28bae2-213f-4324-9bec-1c6ddbc4c178: 
[DEAD] 
Agent ID: de28bae2-213f-4324-9bec-1c6ddbc4c178
