main function started.
--------Start of iteration 0---------


Iteration 0, Turn 0, current agent count: 10


Iteration 0, Turn 1, current agent count: 10
--------End of iteration 0---------
--------Start of iteration 1---------


Iteration 1, Turn 0, current agent count: 10


Iteration 1, Turn 1, current agent count: 10
--------End of iteration 1---------
--------Start of iteration 2---------


Iteration 2, Turn 0, current agent count: 10


Iteration 2, Turn 1, current agent count: 10
--------End of iteration 2---------


GamePlaybackSummary - playing 9 turn records

Iteration 0, Turn 0:

Iteration 0, Turn 1:
Agent 0819a110-3668-4ee0-a1a0-3c7c28cba853: 
[DEAD] 
Agent ID: 0819a110-3668-4ee0-a1a0-3c7c28cba853
Agent 35072141-26c4-4965-a827-8b9913bdcfb6: 
Agent ID: 35072141-26c4-4965-a827-8b9913bdcfb6
Agent 461bb23d-3383-40ab-abc4-e0b8a34741b4: 
[DEAD] 
Agent ID: 461bb23d-3383-40ab-abc4-e0b8a34741b4
Agent 63d6989b-6f41-4eff-a648-7b1841317b57: 
[DEAD] 
Agent ID: 63d6989b-6f41-4eff-a648-7b1841317b57
Agent 6f25afcd-559a-4af6-ada7-1875a7e769d3: 
Agent ID: 6f25afcd-559a-4af6-ada7-1875a7e769d3
Agent b08f240d-f25d-438e-a2a1-585bbf039437: 
Agent ID: b08f240d-f25d-438e-a2a1-585bbf039437
Agent bf53bf42-5e15-479c-9f86-5db4759907ee: 
[DEAD] 
Agent ID: bf53bf42-5e15-479c-9f86-5db4759907ee
Agent e352cab0-29fe-4058-a050-20563f4f5355: 
[DEAD] 
Agent ID: e352cab0-29fe-4058-a050-20563f4f5355
Agent f88a75ec-ce24-4f0e-b343-2220a7715a29: 
[DEAD] 
Agent ID: f88a75ec-ce24-4f0e-b343-2220a7715a29
Agent feed0b3f-3f90-4ebb-aed3-e654307d39a0: 
[DEAD] 
Agent ID: feed0b3f-3f90-4ebb-aed3-e654307d39a0

Iteration 0, Turn 2:
Agent 0819a110-3668-4ee0-a1a0-3c7c28cba853: 
[DEAD] 
Agent ID: 0819a110-3668-4ee0-a1a0-3c7c28cba853
Agent 35072141-26c4-4965-a827-8b9913bdcfb6: 
[DEAD] 
Agent ID: 35072141-26c4-4965-a827-8b9913bdcfb6
Agent 461bb23d-3383-40ab-abc4-e0b8a34741b4: 
[DEAD] 
Agent ID: 461bb23d-3383-40ab-abc4-e0b8a34741b4
Agent 63d6989b-6f41-4eff-a648-7b1841317b57: 
[DEAD] 
Agent ID: 63d6989b-6f41-4eff-a648-7b1841317b57
Agent 6f25afcd-559a-4af6-ada7-1875a7e769d3: 
Agent ID: 6f25afcd-559a-4af6-ada7-1875a7e769d3
Agent b08f240d-f25d-438e-a2a1-585bbf039437: 
[DEAD] 
Agent ID: b08f240d-f25d-438e-a2a1-585bbf039437
Agent bf53bf42-5e15-479c-9f86-5db4759907ee: 
[DEAD] 
Agent ID: bf53bf42-5e15-479c-9f86-5db4759907ee
Agent e352cab0-29fe-4058-a050-20563f4f5355: 
[DEAD] 
Agent ID: e352cab0-29fe-4058-a050-20563f4f5355
Agent f88a75ec-ce24-4f0e-b343-2220a7715a29: 
[DEAD] 
Agent ID: f88a75ec-ce24-4f0e-b343-2220a7715a29
Agent feed0b3f-3f90-4ebb-aed3-e654307d39a0: 
[DEAD] 
Agent ID: feed0b3f-3f90-4ebb-aed3-e654307d39a0

Iteration 1, Turn 0:

Iteration 1, Turn 1:
Agent 0819a110-3668-4ee0-a1a0-3c7c28cba853: 
[DEAD] 
Agent ID: 0819a110-3668-4ee0-a1a0-3c7c28cba853
Agent 35072141-26c4-4965-a827-8b9913bdcfb6: 
[DEAD] 
Agent ID: 35072141-26c4-4965-a827-8b9913bdcfb6
Agent 461bb23d-3383-40ab-abc4-e0b8a34741b4: 
[DEAD] 
Agent ID: 461bb23d-3383-40ab-abc4-e0b8a34741b4
Agent 63d6989b-6f41-4eff-a648-7b1841317b57: 
[DEAD] 
Agent ID: 63d6989b-6f41-4eff-a648-7b1841317b57
Agent 6f25afcd-559a-4af6-ada7-1875a7e769d3: 
[DEAD] 
Agent ID: 6f25afcd-559a-4af6-ada7-1875a7e769d3
Agent b08f240d-f25d-438e-a2a1-585bbf039437: 
[DEAD] 
Agent ID: b08f240d-f25d-438e-a2a1-585bbf039437
Agent bf53bf42-5e15-479c-9f86-5db4759907ee: 
[DEAD] 
Agent ID: bf53bf42-5e15-479c-9f86-5db4759907ee
Agent e352cab0-29fe-4058-a050-20563f4f5355: 
[DEAD] 
Agent ID: e352cab0-29fe-4058-a050-20563f4f5355
Agent f88a75ec-ce24-4f0e-b343-2220a7715a29: 
[DEAD] 
Agent ID: f88a75ec-ce24-4f0e-b343-2220a7715a29
Agent feed0b3f-3f90-4ebb-aed3-e654307d39a0: 
[DEAD] 
Agent ID: feed0b3f-3f90-4ebb-aed3-e654307d39a0

Iteration 1, Turn 2:
Agent 0819a110-3668-4ee0-a1a0-3c7c28cba853: 
[DEAD] 
Agent ID: 0819a110-3668-4ee0-a1a0-3c7c28cba853
Agent 35072141-26c4-4965-a827-8b9913bdcfb6: 
[DEAD] 
Agent ID: 35072141-26c4-4965-a827-8b9913bdcfb6
Agent 461bb23d-3383-40ab-abc4-e0b8a34741b4: 
[DEAD] 
Agent ID: 461bb23d-3383-40ab-abc4-e0b8a34741b4
Agent 63d6989b-6f41-4eff-a648-7b1841317b57: 
[DEAD] 
Agent ID: 63d6989b-6f41-4eff-a648-7b1841317b57
Agent 6f25afcd-559a-4af6-ada7-1875a7e769d3: 
[DEAD] 
Agent ID: 6f25afcd-559a-4af6-ada7-1875a7e769d3
Agent b08f240d-f25d-438e-a2a1-585bbf039437: 
[DEAD] 
Agent ID: b08f240d-f25d-438e-a2a1-585bbf039437
Agent bf53bf42-5e15-479c-9f86-5db4759907ee: 
[DEAD] 
Agent ID: bf53bf42-5e15-479c-9f86-5db4759907ee
Agent e352cab0-29fe-4058-a050-20563f4f5355: 
[DEAD] 
Agent ID: e352cab0-29fe-4058-a050-20563f4f5355
Agent f88a75ec-ce24-4f0e-b343-2220a7715a29: 
[DEAD] 
Agent ID: f88a75ec-ce24-4f0e-b343-2220a7715a29
Agent feed0b3f-3f90-4ebb-aed3-e654307d39a0: 
[DEAD] 
Agent ID: feed0b3f-3f90-4ebb-aed3-e654307d39a0

Iteration 2, Turn 0:

Iteration 2, Turn 1:
Agent 0819a110-3668-4ee0-a1a0-3c7c28cba853: 
[DEAD] 
Agent ID: 0819a110-3668-4ee0-a1a0-3c7c28cba853
Agent 35072141-26c4-4965-a827-8b9913bdcfb6: 
[DEAD] 
Agent ID: 35072141-26c4-4965-a827-8b9913bdcfb6
Agent 461bb23d-3383-40ab-abc4-e0b8a34741b4: 
[DEAD] 
Agent ID: 461bb23d-3383-40ab-abc4-e0b8a34741b4
Agent 63d6989b-6f41-4eff-a648-7b1841317b57: 
[DEAD] 
Agent ID: 63d6989b-6f41-4eff-a648-7b1841317b57
Agent 6f25afcd-559a-4af6-ada7-1875a7e769d3: 
[DEAD] 
Agent ID: 6f25afcd-559a-4af6-ada7-1875a7e769d3
Agent b08f240d-f25d-438e-a2a1-585bbf039437: 
[DEAD] 
Agent ID: b08f240d-f25d-438e-a2a1-585bbf039437
Agent bf53bf42-5e15-479c-9f86-5db4759907ee: 
[DEAD] 
Agent ID: bf53bf42-5e15-479c-9f86-5db4759907ee
Agent e352cab0-29fe-4058-a050-20563f4f5355: 
[DEAD] 
Agent ID: e352cab0-29fe-4058-a050-20563f4f5355
Agent f88a75ec-ce24-4f0e-b343-2220a7715a29: 
[DEAD] 
Agent ID: f88a75ec-ce24-4f0e-b343-2220a7715a29
Agent feed0b3f-3f90-4ebb-aed3-e654307d39a0: 
[DEAD] 
Agent ID: feed0b3f-3f90-4ebb-aed3-e654307d39a0

Iteration 2, Turn 2:
Agent 0819a110-3668-4ee0-a1a0-3c7c28cba853: 
[DEAD] 
Agent ID: 0819a110-3668-4ee0-a1a0-3c7c28cba853
Agent 35072141-26c4-4965-a827-8b9913bdcfb6: 
[DEAD] 
Agent ID: 35072141-26c4-4965-a827-8b9913bdcfb6
Agent 461bb23d-3383-40ab-abc4-e0b8a34741b4: 
[DEAD] 
Agent ID: 461bb23d-3383-40ab-abc4-e0b8a34741b4
Agent 63d6989b-6f41-4eff-a648-7b1841317b57: 
[DEAD] 
Agent ID: 63d6989b-6f41-4eff-a648-7b1841317b57
Agent 6f25afcd-559a-4af6-ada7-1875a7e769d3: 
[DEAD] 
Agent ID: 6f25afcd-559a-4af6-ada7-1875a7e769d3
Agent b08f240d-f25d-438e-a2a1-585bbf039437: 
[DEAD] 
Agent ID: b08f240d-f25d-438e-a2a1-585bbf039437
Agent bf53bf42-5e15-479c-9f86-5db4759907ee: 
[DEAD] 
Agent ID: bf53bf42-5e15-479c-9f86-5db4759907ee
Agent e352cab0-29fe-4058-a050-20563f4f5355: 
[DEAD] 
Agent ID: e352cab0-29fe-4058-a050-20563f4f5355
Agent f88a75ec-ce24-4f0e-b343-2220a7715a29: 
[DEAD] 
Agent ID: f88a75ec-ce24-4f0e-b343-2220a7715a29
Agent feed0b3f-3f90-4ebb-aed3-e654307d39a0: 
[DEAD] 
Agent ID: feed0b3f-3f90-4ebb-aed3-e654307d39a0
