main function started.
--------Start of iteration 0---------


Iteration 0, Turn 0, current agent count: 20


Iteration 0, Turn 1, current agent count: 20


Iteration 0, Turn 2, current agent count: 20


Iteration 0, Turn 3, current agent count: 20


Iteration 0, Turn 4, current agent count: 20
--------End of iteration 0---------
--------Start of iteration 1---------


Iteration 1, Turn 0, current agent count: 20


Iteration 1, Turn 1, current agent count: 20


Iteration 1, Turn 2, current agent count: 20


Iteration 1, Turn 3, current agent count: 20


Iteration 1, Turn 4, current agent count: 20
--------End of iteration 1---------
--------Start of iteration 2---------


Iteration 2, Turn 0, current agent count: 20


Iteration 2, Turn 1, current agent count: 20


Iteration 2, Turn 2, current agent count: 20


Iteration 2, Turn 3, current agent count: 20


Iteration 2, Turn 4, current agent count: 20
--------End of iteration 2---------


GamePlaybackSummary - playing 18 turn records

Iteration 0, Turn 0:

Iteration 0, Turn 0:
Agent 05454380-097b-4048-8a49-9f27046ce5f6: 
Agent ID: 05454380-097b-4048-8a49-9f27046ce5f6
Agent 15ac3448-4c90-4fc5-aeed-07328ebef3d6: 
Agent ID: 15ac3448-4c90-4fc5-aeed-07328ebef3d6
Agent 2df460c6-8928-4f16-b08a-56ec1c3522ce: 
Agent ID: 2df460c6-8928-4f16-b08a-56ec1c3522ce
Agent 34ed3caf-c409-46f8-92c3-1828a8e59519: 
Agent ID: 34ed3caf-c409-46f8-92c3-1828a8e59519
Agent 3d37a9c2-8862-4890-b01a-69de99d0c50a: 
Agent ID: 3d37a9c2-8862-4890-b01a-69de99d0c50a
Agent 4c015439-89a5-4e01-8bea-8b3be9ec70a5: 
Agent ID: 4c015439-89a5-4e01-8bea-8b3be9ec70a5
Agent 53e56ab1-f534-4dd9-be1f-4830a9a60bbe: 
Agent ID: 53e56ab1-f534-4dd9-be1f-4830a9a60bbe
Agent 6241ac9e-0c53-4662-8219-ae56e6622c20: 
Agent ID: 6241ac9e-0c53-4662-8219-ae56e6622c20
Agent 65a51361-211f-4fc3-bec8-c6aa38a8d6fb: 
Agent ID: 65a51361-211f-4fc3-bec8-c6aa38a8d6fb
Agent 70811d46-203f-4b14-ad2f-ec4b8d9748da: 
Agent ID: 70811d46-203f-4b14-ad2f-ec4b8d9748da
Agent 834f8067-21f1-4a45-a9ff-133b48cfc9d5: 
Agent ID: 834f8067-21f1-4a45-a9ff-133b48cfc9d5
Agent 91125d8c-3dcf-41e9-bc4f-7b5382afc0f6: 
Agent ID: 91125d8c-3dcf-41e9-bc4f-7b5382afc0f6
Agent 9f6e9ed1-3f50-4340-ac73-60f1b7d0a18f: 
Agent ID: 9f6e9ed1-3f50-4340-ac73-60f1b7d0a18f
Agent ca84f2f8-0c77-4577-aaf8-d7bffcb5f8b2: 
Agent ID: ca84f2f8-0c77-4577-aaf8-d7bffcb5f8b2
Agent d2bd181d-950f-44c7-90a3-566ade29c78d: 
Agent ID: d2bd181d-950f-44c7-90a3-566ade29c78d
Agent d986c090-1d07-4e98-8e65-91a2b5404cbb: 
Agent ID: d986c090-1d07-4e98-8e65-91a2b5404cbb
Agent dc595d26-c788-4194-bcc4-fa4ab2f0a61c: 
Agent ID: dc595d26-c788-4194-bcc4-fa4ab2f0a61c
Agent dce08cb1-07ca-4e57-a6b5-091259e15e85: 
Agent ID: dce08cb1-07ca-4e57-a6b5-091259e15e85
Agent de5eda27-4397-4c55-aabf-aa4c4184b368: 
Agent ID: de5eda27-4397-4c55-aabf-aa4c4184b368
Agent fc7304ff-e0aa-4e55-9a1d-d448223409b0: 
Agent ID: fc7304ff-e0aa-4e55-9a1d-d448223409b0

Iteration 0, Turn 1:
Agent 05454380-097b-4048-8a49-9f27046ce5f6: 
[DEAD] 
Agent ID: 05454380-097b-4048-8a49-9f27046ce5f6
Agent 15ac3448-4c90-4fc5-aeed-07328ebef3d6: 
Agent ID: 15ac3448-4c90-4fc5-aeed-07328ebef3d6
Agent 2df460c6-8928-4f16-b08a-56ec1c3522ce: 
Agent ID: 2df460c6-8928-4f16-b08a-56ec1c3522ce
Agent 34ed3caf-c409-46f8-92c3-1828a8e59519: 
Agent ID: 34ed3caf-c409-46f8-92c3-1828a8e59519
Agent 3d37a9c2-8862-4890-b01a-69de99d0c50a: 
Agent ID: 3d37a9c2-8862-4890-b01a-69de99d0c50a
Agent 4c015439-89a5-4e01-8bea-8b3be9ec70a5: 
[DEAD] 
Agent ID: 4c015439-89a5-4e01-8bea-8b3be9ec70a5
Agent 53e56ab1-f534-4dd9-be1f-4830a9a60bbe: 
[DEAD] 
Agent ID: 53e56ab1-f534-4dd9-be1f-4830a9a60bbe
Agent 6241ac9e-0c53-4662-8219-ae56e6622c20: 
Agent ID: 6241ac9e-0c53-4662-8219-ae56e6622c20
Agent 65a51361-211f-4fc3-bec8-c6aa38a8d6fb: 
Agent ID: 65a51361-211f-4fc3-bec8-c6aa38a8d6fb
Agent 70811d46-203f-4b14-ad2f-ec4b8d9748da: 
[DEAD] 
Agent ID: 70811d46-203f-4b14-ad2f-ec4b8d9748da
Agent 834f8067-21f1-4a45-a9ff-133b48cfc9d5: 
Agent ID: 834f8067-21f1-4a45-a9ff-133b48cfc9d5
Agent 91125d8c-3dcf-41e9-bc4f-7b5382afc0f6: 
Agent ID: 91125d8c-3dcf-41e9-bc4f-7b5382afc0f6
Agent 9f6e9ed1-3f50-4340-ac73-60f1b7d0a18f: 
Agent ID: 9f6e9ed1-3f50-4340-ac73-60f1b7d0a18f
Agent ca84f2f8-0c77-4577-aaf8-d7bffcb5f8b2: 
Agent ID: ca84f2f8-0c77-4577-aaf8-d7bffcb5f8b2
Agent d2bd181d-950f-44c7-90a3-566ade29c78d: 
Agent ID: d2bd181d-950f-44c7-90a3-566ade29c78d
Agent d986c090-1d07-4e98-8e65-91a2b5404cbb: 
[DEAD] 
Agent ID: d986c090-1d07-4e98-8e65-91a2b5404cbb
Agent dc595d26-c788-4194-bcc4-fa4ab2f0a61c: 
[DEAD] 
Agent ID: dc595d26-c788-4194-bcc4-fa4ab2f0a61c
Agent dce08cb1-07ca-4e57-a6b5-091259e15e85: 
Agent ID: dce08cb1-07ca-4e57-a6b5-091259e15e85
Agent de5eda27-4397-4c55-aabf-aa4c4184b368: 
Agent ID: de5eda27-4397-4c55-aabf-aa4c4184b368
Agent fc7304ff-e0aa-4e55-9a1d-d448223409b0: 
Agent ID: fc7304ff-e0aa-4e55-9a1d-d448223409b0

Iteration 0, Turn 2:
Agent 05454380-097b-4048-8a49-9f27046ce5f6: 
[DEAD] 
Agent ID: 05454380-097b-4048-8a49-9f27046ce5f6
Agent 15ac3448-4c90-4fc5-aeed-07328ebef3d6: 
Agent ID: 15ac3448-4c90-4fc5-aeed-07328ebef3d6
Agent 2df460c6-8928-4f16-b08a-56ec1c3522ce: 
Agent ID: 2df460c6-8928-4f16-b08a-56ec1c3522ce
Agent 34ed3caf-c409-46f8-92c3-1828a8e59519: 
Agent ID: 34ed3caf-c409-46f8-92c3-1828a8e59519
Agent 3d37a9c2-8862-4890-b01a-69de99d0c50a: 
Agent ID: 3d37a9c2-8862-4890-b01a-69de99d0c50a
Agent 4c015439-89a5-4e01-8bea-8b3be9ec70a5: 
[DEAD] 
Agent ID: 4c015439-89a5-4e01-8bea-8b3be9ec70a5
Agent 53e56ab1-f534-4dd9-be1f-4830a9a60bbe: 
[DEAD] 
Agent ID: 53e56ab1-f534-4dd9-be1f-4830a9a60bbe
Agent 6241ac9e-0c53-4662-8219-ae56e6622c20: 
Agent ID: 6241ac9e-0c53-4662-8219-ae56e6622c20
Agent 65a51361-211f-4fc3-bec8-c6aa38a8d6fb: 
Agent ID: 65a51361-211f-4fc3-bec8-c6aa38a8d6fb
Agent 70811d46-203f-4b14-ad2f-ec4b8d9748da: 
[DEAD] 
Agent ID: 70811d46-203f-4b14-ad2f-ec4b8d9748da
Agent 834f8067-21f1-4a45-a9ff-133b48cfc9d5: 
[DEAD] 
Agent ID: 834f8067-21f1-4a45-a9ff-133b48cfc9d5
Agent 91125d8c-3dcf-41e9-bc4f-7b5382afc0f6: 
Agent ID: 91125d8c-3dcf-41e9-bc4f-7b5382afc0f6
Agent 9f6e9ed1-3f50-4340-ac73-60f1b7d0a18f: 
Agent ID: 9f6e9ed1-3f50-4340-ac73-60f1b7d0a18f
Agent ca84f2f8-0c77-4577-aaf8-d7bffcb5f8b2: 
[DEAD] 
Agent ID: ca84f2f8-0c77-4577-aaf8-d7bffcb5f8b2
Agent d2bd181d-950f-44c7-90a3-566ade29c78d: 
Agent ID: d2bd181d-950f-44c7-90a3-566ade29c78d
Agent d986c090-1d07-4e98-8e65-91a2b5404cbb: 
[DEAD] 
Agent ID: d986c090-1d07-4e98-8e65-91a2b5404cbb
Agent dc595d26-c788-4194-bcc4-fa4ab2f0a61c: 
[DEAD] 
Agent ID: dc595d26-c788-4194-bcc4-fa4ab2f0a61c
Agent dce08cb1-07ca-4e57-a6b5-091259e15e85: 
Agent ID: dce08cb1-07ca-4e57-a6b5-091259e15e85
Agent de5eda27-4397-4c55-aabf-aa4c4184b368: 
[DEAD] 
Agent ID: de5eda27-4397-4c55-aabf-aa4c4184b368
Agent fc7304ff-e0aa-4e55-9a1d-d448223409b0: 
Agent ID: fc7304ff-e0aa-4e55-9a1d-d448223409b0

Iteration 0, Turn 3:
Agent 05454380-097b-4048-8a49-9f27046ce5f6: 
[DEAD] 
Agent ID: 05454380-097b-4048-8a49-9f27046ce5f6
Agent 15ac3448-4c90-4fc5-aeed-07328ebef3d6: 
[DEAD] 
Agent ID: 15ac3448-4c90-4fc5-aeed-07328ebef3d6
Agent 2df460c6-8928-4f16-b08a-56ec1c3522ce: 
[DEAD] 
Agent ID: 2df460c6-8928-4f16-b08a-56ec1c3522ce
Agent 34ed3caf-c409-46f8-92c3-1828a8e59519: 
Agent ID: 34ed3caf-c409-46f8-92c3-1828a8e59519
Agent 3d37a9c2-8862-4890-b01a-69de99d0c50a: 
Agent ID: 3d37a9c2-8862-4890-b01a-69de99d0c50a
Agent 4c015439-89a5-4e01-8bea-8b3be9ec70a5: 
[DEAD] 
Agent ID: 4c015439-89a5-4e01-8bea-8b3be9ec70a5
Agent 53e56ab1-f534-4dd9-be1f-4830a9a60bbe: 
[DEAD] 
Agent ID: 53e56ab1-f534-4dd9-be1f-4830a9a60bbe
Agent 6241ac9e-0c53-4662-8219-ae56e6622c20: 
Agent ID: 6241ac9e-0c53-4662-8219-ae56e6622c20
Agent 65a51361-211f-4fc3-bec8-c6aa38a8d6fb: 
Agent ID: 65a51361-211f-4fc3-bec8-c6aa38a8d6fb
Agent 70811d46-203f-4b14-ad2f-ec4b8d9748da: 
[DEAD] 
Agent ID: 70811d46-203f-4b14-ad2f-ec4b8d9748da
Agent 834f8067-21f1-4a45-a9ff-133b48cfc9d5: 
[DEAD] 
Agent ID: 834f8067-21f1-4a45-a9ff-133b48cfc9d5
Agent 91125d8c-3dcf-41e9-bc4f-7b5382afc0f6: 
Agent ID: 91125d8c-3dcf-41e9-bc4f-7b5382afc0f6
Agent 9f6e9ed1-3f50-4340-ac73-60f1b7d0a18f: 
Agent ID: 9f6e9ed1-3f50-4340-ac73-60f1b7d0a18f
Agent ca84f2f8-0c77-4577-aaf8-d7bffcb5f8b2: 
[DEAD] 
Agent ID: ca84f2f8-0c77-4577-aaf8-d7bffcb5f8b2
Agent d2bd181d-950f-44c7-90a3-566ade29c78d: 
Agent ID: d2bd181d-950f-44c7-90a3-566ade29c78d
Agent d986c090-1d07-4e98-8e65-91a2b5404cbb: 
[DEAD] 
Agent ID: d986c090-1d07-4e98-8e65-91a2b5404cbb
Agent dc595d26-c788-4194-bcc4-fa4ab2f0a61c: 
[DEAD] 
Agent ID: dc595d26-c788-4194-bcc4-fa4ab2f0a61c
Agent dce08cb1-07ca-4e57-a6b5-091259e15e85: 
Agent ID: dce08cb1-07ca-4e57-a6b5-091259e15e85
Agent de5eda27-4397-4c55-aabf-aa4c4184b368: 
[DEAD] 
Agent ID: de5eda27-4397-4c55-aabf-aa4c4184b368
Agent fc7304ff-e0aa-4e55-9a1d-d448223409b0: 
Agent ID: fc7304ff-e0aa-4e55-9a1d-d448223409b0

Iteration 0, Turn 4:
Agent 05454380-097b-4048-8a49-9f27046ce5f6: 
[DEAD] 
Agent ID: 05454380-097b-4048-8a49-9f27046ce5f6
Agent 15ac3448-4c90-4fc5-aeed-07328ebef3d6: 
[DEAD] 
Agent ID: 15ac3448-4c90-4fc5-aeed-07328ebef3d6
Agent 2df460c6-8928-4f16-b08a-56ec1c3522ce: 
[DEAD] 
Agent ID: 2df460c6-8928-4f16-b08a-56ec1c3522ce
Agent 34ed3caf-c409-46f8-92c3-1828a8e59519: 
Agent ID: 34ed3caf-c409-46f8-92c3-1828a8e59519
Agent 3d37a9c2-8862-4890-b01a-69de99d0c50a: 
Agent ID: 3d37a9c2-8862-4890-b01a-69de99d0c50a
Agent 4c015439-89a5-4e01-8bea-8b3be9ec70a5: 
[DEAD] 
Agent ID: 4c015439-89a5-4e01-8bea-8b3be9ec70a5
Agent 53e56ab1-f534-4dd9-be1f-4830a9a60bbe: 
[DEAD] 
Agent ID: 53e56ab1-f534-4dd9-be1f-4830a9a60bbe
Agent 6241ac9e-0c53-4662-8219-ae56e6622c20: 
Agent ID: 6241ac9e-0c53-4662-8219-ae56e6622c20
Agent 65a51361-211f-4fc3-bec8-c6aa38a8d6fb: 
Agent ID: 65a51361-211f-4fc3-bec8-c6aa38a8d6fb
Agent 70811d46-203f-4b14-ad2f-ec4b8d9748da: 
[DEAD] 
Agent ID: 70811d46-203f-4b14-ad2f-ec4b8d9748da
Agent 834f8067-21f1-4a45-a9ff-133b48cfc9d5: 
[DEAD] 
Agent ID: 834f8067-21f1-4a45-a9ff-133b48cfc9d5
Agent 91125d8c-3dcf-41e9-bc4f-7b5382afc0f6: 
[DEAD] 
Agent ID: 91125d8c-3dcf-41e9-bc4f-7b5382afc0f6
Agent 9f6e9ed1-3f50-4340-ac73-60f1b7d0a18f: 
Agent ID: 9f6e9ed1-3f50-4340-ac73-60f1b7d0a18f
Agent ca84f2f8-0c77-4577-aaf8-d7bffcb5f8b2: 
[DEAD] 
Agent ID: ca84f2f8-0c77-4577-aaf8-d7bffcb5f8b2
Agent d2bd181d-950f-44c7-90a3-566ade29c78d: 
Agent ID: d2bd181d-950f-44c7-90a3-566ade29c78d
Agent d986c090-1d07-4e98-8e65-91a2b5404cbb: 
[DEAD] 
Agent ID: d986c090-1d07-4e98-8e65-91a2b5404cbb
Agent dc595d26-c788-4194-bcc4-fa4ab2f0a61c: 
[DEAD] 
Agent ID: dc595d26-c788-4194-bcc4-fa4ab2f0a61c
Agent dce08cb1-07ca-4e57-a6b5-091259e15e85: 
Agent ID: dce08cb1-07ca-4e57-a6b5-091259e15e85
Agent de5eda27-4397-4c55-aabf-aa4c4184b368: 
[DEAD] 
Agent ID: de5eda27-4397-4c55-aabf-aa4c4184b368
Agent fc7304ff-e0aa-4e55-9a1d-d448223409b0: 
[DEAD] 
Agent ID: fc7304ff-e0aa-4e55-9a1d-d448223409b0

Iteration 1, Turn 0:

Iteration 1, Turn 0:
Agent 05454380-097b-4048-8a49-9f27046ce5f6: 
[DEAD] 
Agent ID: 05454380-097b-4048-8a49-9f27046ce5f6
Agent 15ac3448-4c90-4fc5-aeed-07328ebef3d6: 
[DEAD] 
Agent ID: 15ac3448-4c90-4fc5-aeed-07328ebef3d6
Agent 2df460c6-8928-4f16-b08a-56ec1c3522ce: 
[DEAD] 
Agent ID: 2df460c6-8928-4f16-b08a-56ec1c3522ce
Agent 34ed3caf-c409-46f8-92c3-1828a8e59519: 
[DEAD] 
Agent ID: 34ed3caf-c409-46f8-92c3-1828a8e59519
Agent 3d37a9c2-8862-4890-b01a-69de99d0c50a: 
Agent ID: 3d37a9c2-8862-4890-b01a-69de99d0c50a
Agent 4c015439-89a5-4e01-8bea-8b3be9ec70a5: 
[DEAD] 
Agent ID: 4c015439-89a5-4e01-8bea-8b3be9ec70a5
Agent 53e56ab1-f534-4dd9-be1f-4830a9a60bbe: 
[DEAD] 
Agent ID: 53e56ab1-f534-4dd9-be1f-4830a9a60bbe
Agent 6241ac9e-0c53-4662-8219-ae56e6622c20: 
Agent ID: 6241ac9e-0c53-4662-8219-ae56e6622c20
Agent 65a51361-211f-4fc3-bec8-c6aa38a8d6fb: 
Agent ID: 65a51361-211f-4fc3-bec8-c6aa38a8d6fb
Agent 70811d46-203f-4b14-ad2f-ec4b8d9748da: 
[DEAD] 
Agent ID: 70811d46-203f-4b14-ad2f-ec4b8d9748da
Agent 834f8067-21f1-4a45-a9ff-133b48cfc9d5: 
[DEAD] 
Agent ID: 834f8067-21f1-4a45-a9ff-133b48cfc9d5
Agent 91125d8c-3dcf-41e9-bc4f-7b5382afc0f6: 
[DEAD] 
Agent ID: 91125d8c-3dcf-41e9-bc4f-7b5382afc0f6
Agent 9f6e9ed1-3f50-4340-ac73-60f1b7d0a18f: 
[DEAD] 
Agent ID: 9f6e9ed1-3f50-4340-ac73-60f1b7d0a18f
Agent ca84f2f8-0c77-4577-aaf8-d7bffcb5f8b2: 
[DEAD] 
Agent ID: ca84f2f8-0c77-4577-aaf8-d7bffcb5f8b2
Agent d2bd181d-950f-44c7-90a3-566ade29c78d: 
Agent ID: d2bd181d-950f-44c7-90a3-566ade29c78d
Agent d986c090-1d07-4e98-8e65-91a2b5404cbb: 
[DEAD] 
Agent ID: d986c090-1d07-4e98-8e65-91a2b5404cbb
Agent dc595d26-c788-4194-bcc4-fa4ab2f0a61c: 
[DEAD] 
Agent ID: dc595d26-c788-4194-bcc4-fa4ab2f0a61c
Agent dce08cb1-07ca-4e57-a6b5-091259e15e85: 
Agent ID: dce08cb1-07ca-4e57-a6b5-091259e15e85
Agent de5eda27-4397-4c55-aabf-aa4c4184b368: 
[DEAD] 
Agent ID: de5eda27-4397-4c55-aabf-aa4c4184b368
Agent fc7304ff-e0aa-4e55-9a1d-d448223409b0: 
[DEAD] 
Agent ID: fc7304ff-e0aa-4e55-9a1d-d448223409b0

Iteration 1, Turn 1:
Agent 05454380-097b-4048-8a49-9f27046ce5f6: 
[DEAD] 
Agent ID: 05454380-097b-4048-8a49-9f27046ce5f6
Agent 15ac3448-4c90-4fc5-aeed-07328ebef3d6: 
[DEAD] 
Agent ID: 15ac3448-4c90-4fc5-aeed-07328ebef3d6
Agent 2df460c6-8928-4f16-b08a-56ec1c3522ce: 
[DEAD] 
Agent ID: 2df460c6-8928-4f16-b08a-56ec1c3522ce
Agent 34ed3caf-c409-46f8-92c3-1828a8e59519: 
[DEAD] 
Agent ID: 34ed3caf-c409-46f8-92c3-1828a8e59519
Agent 3d37a9c2-8862-4890-b01a-69de99d0c50a: 
Agent ID: 3d37a9c2-8862-4890-b01a-69de99d0c50a
Agent 4c015439-89a5-4e01-8bea-8b3be9ec70a5: 
[DEAD] 
Agent ID: 4c015439-89a5-4e01-8bea-8b3be9ec70a5
Agent 53e56ab1-f534-4dd9-be1f-4830a9a60bbe: 
[DEAD] 
Agent ID: 53e56ab1-f534-4dd9-be1f-4830a9a60bbe
Agent 6241ac9e-0c53-4662-8219-ae56e6622c20: 
Agent ID: 6241ac9e-0c53-4662-8219-ae56e6622c20
Agent 65a51361-211f-4fc3-bec8-c6aa38a8d6fb: 
Agent ID: 65a51361-211f-4fc3-bec8-c6aa38a8d6fb
Agent 70811d46-203f-4b14-ad2f-ec4b8d9748da: 
[DEAD] 
Agent ID: 70811d46-203f-4b14-ad2f-ec4b8d9748da
Agent 834f8067-21f1-4a45-a9ff-133b48cfc9d5: 
[DEAD] 
Agent ID: 834f8067-21f1-4a45-a9ff-133b48cfc9d5
Agent 91125d8c-3dcf-41e9-bc4f-7b5382afc0f6: 
[DEAD] 
Agent ID: 91125d8c-3dcf-41e9-bc4f-7b5382afc0f6
Agent 9f6e9ed1-3f50-4340-ac73-60f1b7d0a18f: 
[DEAD] 
Agent ID: 9f6e9ed1-3f50-4340-ac73-60f1b7d0a18f
Agent ca84f2f8-0c77-4577-aaf8-d7bffcb5f8b2: 
[DEAD] 
Agent ID: ca84f2f8-0c77-4577-aaf8-d7bffcb5f8b2
Agent d2bd181d-950f-44c7-90a3-566ade29c78d: 
Agent ID: d2bd181d-950f-44c7-90a3-566ade29c78d
Agent d986c090-1d07-4e98-8e65-91a2b5404cbb: 
[DEAD] 
Agent ID: d986c090-1d07-4e98-8e65-91a2b5404cbb
Agent dc595d26-c788-4194-bcc4-fa4ab2f0a61c: 
[DEAD] 
Agent ID: dc595d26-c788-4194-bcc4-fa4ab2f0a61c
Agent dce08cb1-07ca-4e57-a6b5-091259e15e85: 
Agent ID: dce08cb1-07ca-4e57-a6b5-091259e15e85
Agent de5eda27-4397-4c55-aabf-aa4c4184b368: 
[DEAD] 
Agent ID: de5eda27-4397-4c55-aabf-aa4c4184b368
Agent fc7304ff-e0aa-4e55-9a1d-d448223409b0: 
[DEAD] 
Agent ID: fc7304ff-e0aa-4e55-9a1d-d448223409b0

Iteration 1, Turn 2:
Agent 05454380-097b-4048-8a49-9f27046ce5f6: 
[DEAD] 
Agent ID: 05454380-097b-4048-8a49-9f27046ce5f6
Agent 15ac3448-4c90-4fc5-aeed-07328ebef3d6: 
[DEAD] 
Agent ID: 15ac3448-4c90-4fc5-aeed-07328ebef3d6
Agent 2df460c6-8928-4f16-b08a-56ec1c3522ce: 
[DEAD] 
Agent ID: 2df460c6-8928-4f16-b08a-56ec1c3522ce
Agent 34ed3caf-c409-46f8-92c3-1828a8e59519: 
[DEAD] 
Agent ID: 34ed3caf-c409-46f8-92c3-1828a8e59519
Agent 3d37a9c2-8862-4890-b01a-69de99d0c50a: 
Agent ID: 3d37a9c2-8862-4890-b01a-69de99d0c50a
Agent 4c015439-89a5-4e01-8bea-8b3be9ec70a5: 
[DEAD] 
Agent ID: 4c015439-89a5-4e01-8bea-8b3be9ec70a5
Agent 53e56ab1-f534-4dd9-be1f-4830a9a60bbe: 
[DEAD] 
Agent ID: 53e56ab1-f534-4dd9-be1f-4830a9a60bbe
Agent 6241ac9e-0c53-4662-8219-ae56e6622c20: 
Agent ID: 6241ac9e-0c53-4662-8219-ae56e6622c20
Agent 65a51361-211f-4fc3-bec8-c6aa38a8d6fb: 
[DEAD] 
Agent ID: 65a51361-211f-4fc3-bec8-c6aa38a8d6fb
Agent 70811d46-203f-4b14-ad2f-ec4b8d9748da: 
[DEAD] 
Agent ID: 70811d46-203f-4b14-ad2f-ec4b8d9748da
Agent 834f8067-21f1-4a45-a9ff-133b48cfc9d5: 
[DEAD] 
Agent ID: 834f8067-21f1-4a45-a9ff-133b48cfc9d5
Agent 91125d8c-3dcf-41e9-bc4f-7b5382afc0f6: 
[DEAD] 
Agent ID: 91125d8c-3dcf-41e9-bc4f-7b5382afc0f6
Agent 9f6e9ed1-3f50-4340-ac73-60f1b7d0a18f: 
[DEAD] 
Agent ID: 9f6e9ed1-3f50-4340-ac73-60f1b7d0a18f
Agent ca84f2f8-0c77-4577-aaf8-d7bffcb5f8b2: 
[DEAD] 
Agent ID: ca84f2f8-0c77-4577-aaf8-d7bffcb5f8b2
Agent d2bd181d-950f-44c7-90a3-566ade29c78d: 
Agent ID: d2bd181d-950f-44c7-90a3-566ade29c78d
Agent d986c090-1d07-4e98-8e65-91a2b5404cbb: 
[DEAD] 
Agent ID: d986c090-1d07-4e98-8e65-91a2b5404cbb
Agent dc595d26-c788-4194-bcc4-fa4ab2f0a61c: 
[DEAD] 
Agent ID: dc595d26-c788-4194-bcc4-fa4ab2f0a61c
Agent dce08cb1-07ca-4e57-a6b5-091259e15e85: 
Agent ID: dce08cb1-07ca-4e57-a6b5-091259e15e85
Agent de5eda27-4397-4c55-aabf-aa4c4184b368: 
[DEAD] 
Agent ID: de5eda27-4397-4c55-aabf-aa4c4184b368
Agent fc7304ff-e0aa-4e55-9a1d-d448223409b0: 
[DEAD] 
Agent ID: fc7304ff-e0aa-4e55-9a1d-d448223409b0

Iteration 1, Turn 3:
Agent 05454380-097b-4048-8a49-9f27046ce5f6: 
[DEAD] 
Agent ID: 05454380-097b-4048-8a49-9f27046ce5f6
Agent 15ac3448-4c90-4fc5-aeed-07328ebef3d6: 
[DEAD] 
Agent ID: 15ac3448-4c90-4fc5-aeed-07328ebef3d6
Agent 2df460c6-8928-4f16-b08a-56ec1c3522ce: 
[DEAD] 
Agent ID: 2df460c6-8928-4f16-b08a-56ec1c3522ce
Agent 34ed3caf-c409-46f8-92c3-1828a8e59519: 
[DEAD] 
Agent ID: 34ed3caf-c409-46f8-92c3-1828a8e59519
Agent 3d37a9c2-8862-4890-b01a-69de99d0c50a: 
Agent ID: 3d37a9c2-8862-4890-b01a-69de99d0c50a
Agent 4c015439-89a5-4e01-8bea-8b3be9ec70a5: 
[DEAD] 
Agent ID: 4c015439-89a5-4e01-8bea-8b3be9ec70a5
Agent 53e56ab1-f534-4dd9-be1f-4830a9a60bbe: 
[DEAD] 
Agent ID: 53e56ab1-f534-4dd9-be1f-4830a9a60bbe
Agent 6241ac9e-0c53-4662-8219-ae56e6622c20: 
Agent ID: 6241ac9e-0c53-4662-8219-ae56e6622c20
Agent 65a51361-211f-4fc3-bec8-c6aa38a8d6fb: 
[DEAD] 
Agent ID: 65a51361-211f-4fc3-bec8-c6aa38a8d6fb
Agent 70811d46-203f-4b14-ad2f-ec4b8d9748da: 
[DEAD] 
Agent ID: 70811d46-203f-4b14-ad2f-ec4b8d9748da
Agent 834f8067-21f1-4a45-a9ff-133b48cfc9d5: 
[DEAD] 
Agent ID: 834f8067-21f1-4a45-a9ff-133b48cfc9d5
Agent 91125d8c-3dcf-41e9-bc4f-7b5382afc0f6: 
[DEAD] 
Agent ID: 91125d8c-3dcf-41e9-bc4f-7b5382afc0f6
Agent 9f6e9ed1-3f50-4340-ac73-60f1b7d0a18f: 
[DEAD] 
Agent ID: 9f6e9ed1-3f50-4340-ac73-60f1b7d0a18f
Agent ca84f2f8-0c77-4577-aaf8-d7bffcb5f8b2: 
[DEAD] 
Agent ID: ca84f2f8-0c77-4577-aaf8-d7bffcb5f8b2
Agent d2bd181d-950f-44c7-90a3-566ade29c78d: 
Agent ID: d2bd181d-950f-44c7-90a3-566ade29c78d
Agent d986c090-1d07-4e98-8e65-91a2b5404cbb: 
[DEAD] 
Agent ID: d986c090-1d07-4e98-8e65-91a2b5404cbb
Agent dc595d26-c788-4194-bcc4-fa4ab2f0a61c: 
[DEAD] 
Agent ID: dc595d26-c788-4194-bcc4-fa4ab2f0a61c
Agent dce08cb1-07ca-4e57-a6b5-091259e15e85: 
Agent ID: dce08cb1-07ca-4e57-a6b5-091259e15e85
Agent de5eda27-4397-4c55-aabf-aa4c4184b368: 
[DEAD] 
Agent ID: de5eda27-4397-4c55-aabf-aa4c4184b368
Agent fc7304ff-e0aa-4e55-9a1d-d448223409b0: 
[DEAD] 
Agent ID: fc7304ff-e0aa-4e55-9a1d-d448223409b0

Iteration 1, Turn 4:
Agent 05454380-097b-4048-8a49-9f27046ce5f6: 
[DEAD] 
Agent ID: 05454380-097b-4048-8a49-9f27046ce5f6
Agent 15ac3448-4c90-4fc5-aeed-07328ebef3d6: 
[DEAD] 
Agent ID: 15ac3448-4c90-4fc5-aeed-07328ebef3d6
Agent 2df460c6-8928-4f16-b08a-56ec1c3522ce: 
[DEAD] 
Agent ID: 2df460c6-8928-4f16-b08a-56ec1c3522ce
Agent 34ed3caf-c409-46f8-92c3-1828a8e59519: 
[DEAD] 
Agent ID: 34ed3caf-c409-46f8-92c3-1828a8e59519
Agent 3d37a9c2-8862-4890-b01a-69de99d0c50a: 
Agent ID: 3d37a9c2-8862-4890-b01a-69de99d0c50a
Agent 4c015439-89a5-4e01-8bea-8b3be9ec70a5: 
[DEAD] 
Agent ID: 4c015439-89a5-4e01-8bea-8b3be9ec70a5
Agent 53e56ab1-f534-4dd9-be1f-4830a9a60bbe: 
[DEAD] 
Agent ID: 53e56ab1-f534-4dd9-be1f-4830a9a60bbe
Agent 6241ac9e-0c53-4662-8219-ae56e6622c20: 
[DEAD] 
Agent ID: 6241ac9e-0c53-4662-8219-ae56e6622c20
Agent 65a51361-211f-4fc3-bec8-c6aa38a8d6fb: 
[DEAD] 
Agent ID: 65a51361-211f-4fc3-bec8-c6aa38a8d6fb
Agent 70811d46-203f-4b14-ad2f-ec4b8d9748da: 
[DEAD] 
Agent ID: 70811d46-203f-4b14-ad2f-ec4b8d9748da
Agent 834f8067-21f1-4a45-a9ff-133b48cfc9d5: 
[DEAD] 
Agent ID: 834f8067-21f1-4a45-a9ff-133b48cfc9d5
Agent 91125d8c-3dcf-41e9-bc4f-7b5382afc0f6: 
[DEAD] 
Agent ID: 91125d8c-3dcf-41e9-bc4f-7b5382afc0f6
Agent 9f6e9ed1-3f50-4340-ac73-60f1b7d0a18f: 
[DEAD] 
Agent ID: 9f6e9ed1-3f50-4340-ac73-60f1b7d0a18f
Agent ca84f2f8-0c77-4577-aaf8-d7bffcb5f8b2: 
[DEAD] 
Agent ID: ca84f2f8-0c77-4577-aaf8-d7bffcb5f8b2
Agent d2bd181d-950f-44c7-90a3-566ade29c78d: 
[DEAD] 
Agent ID: d2bd181d-950f-44c7-90a3-566ade29c78d
Agent d986c090-1d07-4e98-8e65-91a2b5404cbb: 
[DEAD] 
Agent ID: d986c090-1d07-4e98-8e65-91a2b5404cbb
Agent dc595d26-c788-4194-bcc4-fa4ab2f0a61c: 
[DEAD] 
Agent ID: dc595d26-c788-4194-bcc4-fa4ab2f0a61c
Agent dce08cb1-07ca-4e57-a6b5-091259e15e85: 
Agent ID: dce08cb1-07ca-4e57-a6b5-091259e15e85
Agent de5eda27-4397-4c55-aabf-aa4c4184b368: 
[DEAD] 
Agent ID: de5eda27-4397-4c55-aabf-aa4c4184b368
Agent fc7304ff-e0aa-4e55-9a1d-d448223409b0: 
[DEAD] 
Agent ID: fc7304ff-e0aa-4e55-9a1d-d448223409b0

Iteration 2, Turn 0:

Iteration 2, Turn 0:
Agent 05454380-097b-4048-8a49-9f27046ce5f6: 
[DEAD] 
Agent ID: 05454380-097b-4048-8a49-9f27046ce5f6
Agent 15ac3448-4c90-4fc5-aeed-07328ebef3d6: 
[DEAD] 
Agent ID: 15ac3448-4c90-4fc5-aeed-07328ebef3d6
Agent 2df460c6-8928-4f16-b08a-56ec1c3522ce: 
[DEAD] 
Agent ID: 2df460c6-8928-4f16-b08a-56ec1c3522ce
Agent 34ed3caf-c409-46f8-92c3-1828a8e59519: 
[DEAD] 
Agent ID: 34ed3caf-c409-46f8-92c3-1828a8e59519
Agent 3d37a9c2-8862-4890-b01a-69de99d0c50a: 
Agent ID: 3d37a9c2-8862-4890-b01a-69de99d0c50a
Agent 4c015439-89a5-4e01-8bea-8b3be9ec70a5: 
[DEAD] 
Agent ID: 4c015439-89a5-4e01-8bea-8b3be9ec70a5
Agent 53e56ab1-f534-4dd9-be1f-4830a9a60bbe: 
[DEAD] 
Agent ID: 53e56ab1-f534-4dd9-be1f-4830a9a60bbe
Agent 6241ac9e-0c53-4662-8219-ae56e6622c20: 
[DEAD] 
Agent ID: 6241ac9e-0c53-4662-8219-ae56e6622c20
Agent 65a51361-211f-4fc3-bec8-c6aa38a8d6fb: 
[DEAD] 
Agent ID: 65a51361-211f-4fc3-bec8-c6aa38a8d6fb
Agent 70811d46-203f-4b14-ad2f-ec4b8d9748da: 
[DEAD] 
Agent ID: 70811d46-203f-4b14-ad2f-ec4b8d9748da
Agent 834f8067-21f1-4a45-a9ff-133b48cfc9d5: 
[DEAD] 
Agent ID: 834f8067-21f1-4a45-a9ff-133b48cfc9d5
Agent 91125d8c-3dcf-41e9-bc4f-7b5382afc0f6: 
[DEAD] 
Agent ID: 91125d8c-3dcf-41e9-bc4f-7b5382afc0f6
Agent 9f6e9ed1-3f50-4340-ac73-60f1b7d0a18f: 
[DEAD] 
Agent ID: 9f6e9ed1-3f50-4340-ac73-60f1b7d0a18f
Agent ca84f2f8-0c77-4577-aaf8-d7bffcb5f8b2: 
[DEAD] 
Agent ID: ca84f2f8-0c77-4577-aaf8-d7bffcb5f8b2
Agent d2bd181d-950f-44c7-90a3-566ade29c78d: 
[DEAD] 
Agent ID: d2bd181d-950f-44c7-90a3-566ade29c78d
Agent d986c090-1d07-4e98-8e65-91a2b5404cbb: 
[DEAD] 
Agent ID: d986c090-1d07-4e98-8e65-91a2b5404cbb
Agent dc595d26-c788-4194-bcc4-fa4ab2f0a61c: 
[DEAD] 
Agent ID: dc595d26-c788-4194-bcc4-fa4ab2f0a61c
Agent dce08cb1-07ca-4e57-a6b5-091259e15e85: 
Agent ID: dce08cb1-07ca-4e57-a6b5-091259e15e85
Agent de5eda27-4397-4c55-aabf-aa4c4184b368: 
[DEAD] 
Agent ID: de5eda27-4397-4c55-aabf-aa4c4184b368
Agent fc7304ff-e0aa-4e55-9a1d-d448223409b0: 
[DEAD] 
Agent ID: fc7304ff-e0aa-4e55-9a1d-d448223409b0

Iteration 2, Turn 1:
Agent 05454380-097b-4048-8a49-9f27046ce5f6: 
[DEAD] 
Agent ID: 05454380-097b-4048-8a49-9f27046ce5f6
Agent 15ac3448-4c90-4fc5-aeed-07328ebef3d6: 
[DEAD] 
Agent ID: 15ac3448-4c90-4fc5-aeed-07328ebef3d6
Agent 2df460c6-8928-4f16-b08a-56ec1c3522ce: 
[DEAD] 
Agent ID: 2df460c6-8928-4f16-b08a-56ec1c3522ce
Agent 34ed3caf-c409-46f8-92c3-1828a8e59519: 
[DEAD] 
Agent ID: 34ed3caf-c409-46f8-92c3-1828a8e59519
Agent 3d37a9c2-8862-4890-b01a-69de99d0c50a: 
Agent ID: 3d37a9c2-8862-4890-b01a-69de99d0c50a
Agent 4c015439-89a5-4e01-8bea-8b3be9ec70a5: 
[DEAD] 
Agent ID: 4c015439-89a5-4e01-8bea-8b3be9ec70a5
Agent 53e56ab1-f534-4dd9-be1f-4830a9a60bbe: 
[DEAD] 
Agent ID: 53e56ab1-f534-4dd9-be1f-4830a9a60bbe
Agent 6241ac9e-0c53-4662-8219-ae56e6622c20: 
[DEAD] 
Agent ID: 6241ac9e-0c53-4662-8219-ae56e6622c20
Agent 65a51361-211f-4fc3-bec8-c6aa38a8d6fb: 
[DEAD] 
Agent ID: 65a51361-211f-4fc3-bec8-c6aa38a8d6fb
Agent 70811d46-203f-4b14-ad2f-ec4b8d9748da: 
[DEAD] 
Agent ID: 70811d46-203f-4b14-ad2f-ec4b8d9748da
Agent 834f8067-21f1-4a45-a9ff-133b48cfc9d5: 
[DEAD] 
Agent ID: 834f8067-21f1-4a45-a9ff-133b48cfc9d5
Agent 91125d8c-3dcf-41e9-bc4f-7b5382afc0f6: 
[DEAD] 
Agent ID: 91125d8c-3dcf-41e9-bc4f-7b5382afc0f6
Agent 9f6e9ed1-3f50-4340-ac73-60f1b7d0a18f: 
[DEAD] 
Agent ID: 9f6e9ed1-3f50-4340-ac73-60f1b7d0a18f
Agent ca84f2f8-0c77-4577-aaf8-d7bffcb5f8b2: 
[DEAD] 
Agent ID: ca84f2f8-0c77-4577-aaf8-d7bffcb5f8b2
Agent d2bd181d-950f-44c7-90a3-566ade29c78d: 
[DEAD] 
Agent ID: d2bd181d-950f-44c7-90a3-566ade29c78d
Agent d986c090-1d07-4e98-8e65-91a2b5404cbb: 
[DEAD] 
Agent ID: d986c090-1d07-4e98-8e65-91a2b5404cbb
Agent dc595d26-c788-4194-bcc4-fa4ab2f0a61c: 
[DEAD] 
Agent ID: dc595d26-c788-4194-bcc4-fa4ab2f0a61c
Agent dce08cb1-07ca-4e57-a6b5-091259e15e85: 
Agent ID: dce08cb1-07ca-4e57-a6b5-091259e15e85
Agent de5eda27-4397-4c55-aabf-aa4c4184b368: 
[DEAD] 
Agent ID: de5eda27-4397-4c55-aabf-aa4c4184b368
Agent fc7304ff-e0aa-4e55-9a1d-d448223409b0: 
[DEAD] 
Agent ID: fc7304ff-e0aa-4e55-9a1d-d448223409b0

Iteration 2, Turn 2:
Agent 05454380-097b-4048-8a49-9f27046ce5f6: 
[DEAD] 
Agent ID: 05454380-097b-4048-8a49-9f27046ce5f6
Agent 15ac3448-4c90-4fc5-aeed-07328ebef3d6: 
[DEAD] 
Agent ID: 15ac3448-4c90-4fc5-aeed-07328ebef3d6
Agent 2df460c6-8928-4f16-b08a-56ec1c3522ce: 
[DEAD] 
Agent ID: 2df460c6-8928-4f16-b08a-56ec1c3522ce
Agent 34ed3caf-c409-46f8-92c3-1828a8e59519: 
[DEAD] 
Agent ID: 34ed3caf-c409-46f8-92c3-1828a8e59519
Agent 3d37a9c2-8862-4890-b01a-69de99d0c50a: 
[DEAD] 
Agent ID: 3d37a9c2-8862-4890-b01a-69de99d0c50a
Agent 4c015439-89a5-4e01-8bea-8b3be9ec70a5: 
[DEAD] 
Agent ID: 4c015439-89a5-4e01-8bea-8b3be9ec70a5
Agent 53e56ab1-f534-4dd9-be1f-4830a9a60bbe: 
[DEAD] 
Agent ID: 53e56ab1-f534-4dd9-be1f-4830a9a60bbe
Agent 6241ac9e-0c53-4662-8219-ae56e6622c20: 
[DEAD] 
Agent ID: 6241ac9e-0c53-4662-8219-ae56e6622c20
Agent 65a51361-211f-4fc3-bec8-c6aa38a8d6fb: 
[DEAD] 
Agent ID: 65a51361-211f-4fc3-bec8-c6aa38a8d6fb
Agent 70811d46-203f-4b14-ad2f-ec4b8d9748da: 
[DEAD] 
Agent ID: 70811d46-203f-4b14-ad2f-ec4b8d9748da
Agent 834f8067-21f1-4a45-a9ff-133b48cfc9d5: 
[DEAD] 
Agent ID: 834f8067-21f1-4a45-a9ff-133b48cfc9d5
Agent 91125d8c-3dcf-41e9-bc4f-7b5382afc0f6: 
[DEAD] 
Agent ID: 91125d8c-3dcf-41e9-bc4f-7b5382afc0f6
Agent 9f6e9ed1-3f50-4340-ac73-60f1b7d0a18f: 
[DEAD] 
Agent ID: 9f6e9ed1-3f50-4340-ac73-60f1b7d0a18f
Agent ca84f2f8-0c77-4577-aaf8-d7bffcb5f8b2: 
[DEAD] 
Agent ID: ca84f2f8-0c77-4577-aaf8-d7bffcb5f8b2
Agent d2bd181d-950f-44c7-90a3-566ade29c78d: 
[DEAD] 
Agent ID: d2bd181d-950f-44c7-90a3-566ade29c78d
Agent d986c090-1d07-4e98-8e65-91a2b5404cbb: 
[DEAD] 
Agent ID: d986c090-1d07-4e98-8e65-91a2b5404cbb
Agent dc595d26-c788-4194-bcc4-fa4ab2f0a61c: 
[DEAD] 
Agent ID: dc595d26-c788-4194-bcc4-fa4ab2f0a61c
Agent dce08cb1-07ca-4e57-a6b5-091259e15e85: 
Agent ID: dce08cb1-07ca-4e57-a6b5-091259e15e85
Agent de5eda27-4397-4c55-aabf-aa4c4184b368: 
[DEAD] 
Agent ID: de5eda27-4397-4c55-aabf-aa4c4184b368
Agent fc7304ff-e0aa-4e55-9a1d-d448223409b0: 
[DEAD] 
Agent ID: fc7304ff-e0aa-4e55-9a1d-d448223409b0

Iteration 2, Turn 3:
Agent 05454380-097b-4048-8a49-9f27046ce5f6: 
[DEAD] 
Agent ID: 05454380-097b-4048-8a49-9f27046ce5f6
Agent 15ac3448-4c90-4fc5-aeed-07328ebef3d6: 
[DEAD] 
Agent ID: 15ac3448-4c90-4fc5-aeed-07328ebef3d6
Agent 2df460c6-8928-4f16-b08a-56ec1c3522ce: 
[DEAD] 
Agent ID: 2df460c6-8928-4f16-b08a-56ec1c3522ce
Agent 34ed3caf-c409-46f8-92c3-1828a8e59519: 
[DEAD] 
Agent ID: 34ed3caf-c409-46f8-92c3-1828a8e59519
Agent 3d37a9c2-8862-4890-b01a-69de99d0c50a: 
[DEAD] 
Agent ID: 3d37a9c2-8862-4890-b01a-69de99d0c50a
Agent 4c015439-89a5-4e01-8bea-8b3be9ec70a5: 
[DEAD] 
Agent ID: 4c015439-89a5-4e01-8bea-8b3be9ec70a5
Agent 53e56ab1-f534-4dd9-be1f-4830a9a60bbe: 
[DEAD] 
Agent ID: 53e56ab1-f534-4dd9-be1f-4830a9a60bbe
Agent 6241ac9e-0c53-4662-8219-ae56e6622c20: 
[DEAD] 
Agent ID: 6241ac9e-0c53-4662-8219-ae56e6622c20
Agent 65a51361-211f-4fc3-bec8-c6aa38a8d6fb: 
[DEAD] 
Agent ID: 65a51361-211f-4fc3-bec8-c6aa38a8d6fb
Agent 70811d46-203f-4b14-ad2f-ec4b8d9748da: 
[DEAD] 
Agent ID: 70811d46-203f-4b14-ad2f-ec4b8d9748da
Agent 834f8067-21f1-4a45-a9ff-133b48cfc9d5: 
[DEAD] 
Agent ID: 834f8067-21f1-4a45-a9ff-133b48cfc9d5
Agent 91125d8c-3dcf-41e9-bc4f-7b5382afc0f6: 
[DEAD] 
Agent ID: 91125d8c-3dcf-41e9-bc4f-7b5382afc0f6
Agent 9f6e9ed1-3f50-4340-ac73-60f1b7d0a18f: 
[DEAD] 
Agent ID: 9f6e9ed1-3f50-4340-ac73-60f1b7d0a18f
Agent ca84f2f8-0c77-4577-aaf8-d7bffcb5f8b2: 
[DEAD] 
Agent ID: ca84f2f8-0c77-4577-aaf8-d7bffcb5f8b2
Agent d2bd181d-950f-44c7-90a3-566ade29c78d: 
[DEAD] 
Agent ID: d2bd181d-950f-44c7-90a3-566ade29c78d
Agent d986c090-1d07-4e98-8e65-91a2b5404cbb: 
[DEAD] 
Agent ID: d986c090-1d07-4e98-8e65-91a2b5404cbb
Agent dc595d26-c788-4194-bcc4-fa4ab2f0a61c: 
[DEAD] 
Agent ID: dc595d26-c788-4194-bcc4-fa4ab2f0a61c
Agent dce08cb1-07ca-4e57-a6b5-091259e15e85: 
Agent ID: dce08cb1-07ca-4e57-a6b5-091259e15e85
Agent de5eda27-4397-4c55-aabf-aa4c4184b368: 
[DEAD] 
Agent ID: de5eda27-4397-4c55-aabf-aa4c4184b368
Agent fc7304ff-e0aa-4e55-9a1d-d448223409b0: 
[DEAD] 
Agent ID: fc7304ff-e0aa-4e55-9a1d-d448223409b0

Iteration 2, Turn 4:
Agent 05454380-097b-4048-8a49-9f27046ce5f6: 
[DEAD] 
Agent ID: 05454380-097b-4048-8a49-9f27046ce5f6
Agent 15ac3448-4c90-4fc5-aeed-07328ebef3d6: 
[DEAD] 
Agent ID: 15ac3448-4c90-4fc5-aeed-07328ebef3d6
Agent 2df460c6-8928-4f16-b08a-56ec1c3522ce: 
[DEAD] 
Agent ID: 2df460c6-8928-4f16-b08a-56ec1c3522ce
Agent 34ed3caf-c409-46f8-92c3-1828a8e59519: 
[DEAD] 
Agent ID: 34ed3caf-c409-46f8-92c3-1828a8e59519
Agent 3d37a9c2-8862-4890-b01a-69de99d0c50a: 
[DEAD] 
Agent ID: 3d37a9c2-8862-4890-b01a-69de99d0c50a
Agent 4c015439-89a5-4e01-8bea-8b3be9ec70a5: 
[DEAD] 
Agent ID: 4c015439-89a5-4e01-8bea-8b3be9ec70a5
Agent 53e56ab1-f534-4dd9-be1f-4830a9a60bbe: 
[DEAD] 
Agent ID: 53e56ab1-f534-4dd9-be1f-4830a9a60bbe
Agent 6241ac9e-0c53-4662-8219-ae56e6622c20: 
[DEAD] 
Agent ID: 6241ac9e-0c53-4662-8219-ae56e6622c20
Agent 65a51361-211f-4fc3-bec8-c6aa38a8d6fb: 
[DEAD] 
Agent ID: 65a51361-211f-4fc3-bec8-c6aa38a8d6fb
Agent 70811d46-203f-4b14-ad2f-ec4b8d9748da: 
[DEAD] 
Agent ID: 70811d46-203f-4b14-ad2f-ec4b8d9748da
Agent 834f8067-21f1-4a45-a9ff-133b48cfc9d5: 
[DEAD] 
Agent ID: 834f8067-21f1-4a45-a9ff-133b48cfc9d5
Agent 91125d8c-3dcf-41e9-bc4f-7b5382afc0f6: 
[DEAD] 
Agent ID: 91125d8c-3dcf-41e9-bc4f-7b5382afc0f6
Agent 9f6e9ed1-3f50-4340-ac73-60f1b7d0a18f: 
[DEAD] 
Agent ID: 9f6e9ed1-3f50-4340-ac73-60f1b7d0a18f
Agent ca84f2f8-0c77-4577-aaf8-d7bffcb5f8b2: 
[DEAD] 
Agent ID: ca84f2f8-0c77-4577-aaf8-d7bffcb5f8b2
Agent d2bd181d-950f-44c7-90a3-566ade29c78d: 
[DEAD] 
Agent ID: d2bd181d-950f-44c7-90a3-566ade29c78d
Agent d986c090-1d07-4e98-8e65-91a2b5404cbb: 
[DEAD] 
Agent ID: d986c090-1d07-4e98-8e65-91a2b5404cbb
Agent dc595d26-c788-4194-bcc4-fa4ab2f0a61c: 
[DEAD] 
Agent ID: dc595d26-c788-4194-bcc4-fa4ab2f0a61c
Agent dce08cb1-07ca-4e57-a6b5-091259e15e85: 
Agent ID: dce08cb1-07ca-4e57-a6b5-091259e15e85
Agent de5eda27-4397-4c55-aabf-aa4c4184b368: 
[DEAD] 
Agent ID: de5eda27-4397-4c55-aabf-aa4c4184b368
Agent fc7304ff-e0aa-4e55-9a1d-d448223409b0: 
[DEAD] 
Agent ID: fc7304ff-e0aa-4e55-9a1d-d448223409b0
