main function started.
--------Start of iteration 0---------


Iteration 0, Turn 0, current agent count: 5


Iteration 0, Turn 1, current agent count: 1


Iteration 0, Turn 2, current agent count: 0


Iteration 0, Turn 3, current agent count: 0


Iteration 0, Turn 4, current agent count: 0
--------End of iteration 0---------
--------Start of iteration 1---------


Iteration 1, Turn 0, current agent count: 0


Iteration 1, Turn 1, current agent count: 0


Iteration 1, Turn 2, current agent count: 0


Iteration 1, Turn 3, current agent count: 0


Iteration 1, Turn 4, current agent count: 0
--------End of iteration 1---------
--------Start of iteration 2---------


Iteration 2, Turn 0, current agent count: 0


Iteration 2, Turn 1, current agent count: 0


Iteration 2, Turn 2, current agent count: 0


Iteration 2, Turn 3, current agent count: 0


Iteration 2, Turn 4, current agent count: 0
--------End of iteration 2---------


GamePlaybackSummary - playing 18 turn records

Iteration 0, Turn 0:
Agent 8d05e811-f9f9-4d7b-addd-5b0d8e1c4041: 
Agent ID: 8d05e811-f9f9-4d7b-addd-5b0d8e1c4041

Iteration 0, Turn 1:

Iteration 0, Turn 2:

Iteration 0, Turn 3:

Iteration 0, Turn 4:

Iteration 0, Turn 5:

Iteration 1, Turn 0:

Iteration 1, Turn 1:

Iteration 1, Turn 2:

Iteration 1, Turn 3:

Iteration 1, Turn 4:

Iteration 1, Turn 5:

Iteration 2, Turn 0:

Iteration 2, Turn 1:

Iteration 2, Turn 2:

Iteration 2, Turn 3:

Iteration 2, Turn 4:

Iteration 2, Turn 5:

All Agents That Ever Existed:
Agent ID: 8d05e811-f9f9-4d7b-addd-5b0d8e1c4041
