main function started.
--------Start of iteration 0---------


Iteration 0, Turn 0, current agent count: 5


Iteration 0, Turn 1, current agent count: 5


Iteration 0, Turn 2, current agent count: 5


Iteration 0, Turn 3, current agent count: 5


Iteration 0, Turn 4, current agent count: 5
--------End of iteration 0---------
--------Start of iteration 1---------


Iteration 1, Turn 0, current agent count: 5


Iteration 1, Turn 1, current agent count: 5


Iteration 1, Turn 2, current agent count: 5


Iteration 1, Turn 3, current agent count: 5


Iteration 1, Turn 4, current agent count: 5
--------End of iteration 1---------
--------Start of iteration 2---------


Iteration 2, Turn 0, current agent count: 5


Iteration 2, Turn 1, current agent count: 5


Iteration 2, Turn 2, current agent count: 5


Iteration 2, Turn 3, current agent count: 5


Iteration 2, Turn 4, current agent count: 5
--------End of iteration 2---------


GamePlaybackSummary - playing 18 turn records

Iteration 0, Turn 0:

Iteration 0, Turn 1:
Agent 0dab2de5-1740-43cf-ba2f-84a7037c4983: 
Agent ID: 0dab2de5-1740-43cf-ba2f-84a7037c4983
Agent 3e5e20e2-8246-4092-8104-1d9e8ae22d0d: 
[DEAD] 
Agent ID: 3e5e20e2-8246-4092-8104-1d9e8ae22d0d
Agent 43fc134e-abbb-4fbc-8611-294546759d2d: 
Agent ID: 43fc134e-abbb-4fbc-8611-294546759d2d
Agent c5029aa5-0ae5-404e-84fa-ad9dc8843208: 
Agent ID: c5029aa5-0ae5-404e-84fa-ad9dc8843208
Agent ed5f8c1e-280b-4b20-82fa-ba43489a4124: 
[DEAD] 
Agent ID: ed5f8c1e-280b-4b20-82fa-ba43489a4124

Iteration 0, Turn 2:
Agent 0dab2de5-1740-43cf-ba2f-84a7037c4983: 
Agent ID: 0dab2de5-1740-43cf-ba2f-84a7037c4983
Agent 3e5e20e2-8246-4092-8104-1d9e8ae22d0d: 
[DEAD] 
Agent ID: 3e5e20e2-8246-4092-8104-1d9e8ae22d0d
Agent 43fc134e-abbb-4fbc-8611-294546759d2d: 
Agent ID: 43fc134e-abbb-4fbc-8611-294546759d2d
Agent c5029aa5-0ae5-404e-84fa-ad9dc8843208: 
Agent ID: c5029aa5-0ae5-404e-84fa-ad9dc8843208
Agent ed5f8c1e-280b-4b20-82fa-ba43489a4124: 
[DEAD] 
Agent ID: ed5f8c1e-280b-4b20-82fa-ba43489a4124

Iteration 0, Turn 3:
Agent 0dab2de5-1740-43cf-ba2f-84a7037c4983: 
[DEAD] 
Agent ID: 0dab2de5-1740-43cf-ba2f-84a7037c4983
Agent 3e5e20e2-8246-4092-8104-1d9e8ae22d0d: 
[DEAD] 
Agent ID: 3e5e20e2-8246-4092-8104-1d9e8ae22d0d
Agent 43fc134e-abbb-4fbc-8611-294546759d2d: 
Agent ID: 43fc134e-abbb-4fbc-8611-294546759d2d
Agent c5029aa5-0ae5-404e-84fa-ad9dc8843208: 
[DEAD] 
Agent ID: c5029aa5-0ae5-404e-84fa-ad9dc8843208
Agent ed5f8c1e-280b-4b20-82fa-ba43489a4124: 
[DEAD] 
Agent ID: ed5f8c1e-280b-4b20-82fa-ba43489a4124

Iteration 0, Turn 4:
Agent 0dab2de5-1740-43cf-ba2f-84a7037c4983: 
[DEAD] 
Agent ID: 0dab2de5-1740-43cf-ba2f-84a7037c4983
Agent 3e5e20e2-8246-4092-8104-1d9e8ae22d0d: 
[DEAD] 
Agent ID: 3e5e20e2-8246-4092-8104-1d9e8ae22d0d
Agent 43fc134e-abbb-4fbc-8611-294546759d2d: 
Agent ID: 43fc134e-abbb-4fbc-8611-294546759d2d
Agent c5029aa5-0ae5-404e-84fa-ad9dc8843208: 
[DEAD] 
Agent ID: c5029aa5-0ae5-404e-84fa-ad9dc8843208
Agent ed5f8c1e-280b-4b20-82fa-ba43489a4124: 
[DEAD] 
Agent ID: ed5f8c1e-280b-4b20-82fa-ba43489a4124

Iteration 0, Turn 5:
Agent 0dab2de5-1740-43cf-ba2f-84a7037c4983: 
[DEAD] 
Agent ID: 0dab2de5-1740-43cf-ba2f-84a7037c4983
Agent 3e5e20e2-8246-4092-8104-1d9e8ae22d0d: 
[DEAD] 
Agent ID: 3e5e20e2-8246-4092-8104-1d9e8ae22d0d
Agent 43fc134e-abbb-4fbc-8611-294546759d2d: 
Agent ID: 43fc134e-abbb-4fbc-8611-294546759d2d
Agent c5029aa5-0ae5-404e-84fa-ad9dc8843208: 
[DEAD] 
Agent ID: c5029aa5-0ae5-404e-84fa-ad9dc8843208
Agent ed5f8c1e-280b-4b20-82fa-ba43489a4124: 
[DEAD] 
Agent ID: ed5f8c1e-280b-4b20-82fa-ba43489a4124

Iteration 1, Turn 0:

Iteration 1, Turn 1:
Agent 0dab2de5-1740-43cf-ba2f-84a7037c4983: 
[DEAD] 
Agent ID: 0dab2de5-1740-43cf-ba2f-84a7037c4983
Agent 3e5e20e2-8246-4092-8104-1d9e8ae22d0d: 
[DEAD] 
Agent ID: 3e5e20e2-8246-4092-8104-1d9e8ae22d0d
Agent 43fc134e-abbb-4fbc-8611-294546759d2d: 
Agent ID: 43fc134e-abbb-4fbc-8611-294546759d2d
Agent c5029aa5-0ae5-404e-84fa-ad9dc8843208: 
[DEAD] 
Agent ID: c5029aa5-0ae5-404e-84fa-ad9dc8843208
Agent ed5f8c1e-280b-4b20-82fa-ba43489a4124: 
[DEAD] 
Agent ID: ed5f8c1e-280b-4b20-82fa-ba43489a4124

Iteration 1, Turn 2:
Agent 0dab2de5-1740-43cf-ba2f-84a7037c4983: 
[DEAD] 
Agent ID: 0dab2de5-1740-43cf-ba2f-84a7037c4983
Agent 3e5e20e2-8246-4092-8104-1d9e8ae22d0d: 
[DEAD] 
Agent ID: 3e5e20e2-8246-4092-8104-1d9e8ae22d0d
Agent 43fc134e-abbb-4fbc-8611-294546759d2d: 
[DEAD] 
Agent ID: 43fc134e-abbb-4fbc-8611-294546759d2d
Agent c5029aa5-0ae5-404e-84fa-ad9dc8843208: 
[DEAD] 
Agent ID: c5029aa5-0ae5-404e-84fa-ad9dc8843208
Agent ed5f8c1e-280b-4b20-82fa-ba43489a4124: 
[DEAD] 
Agent ID: ed5f8c1e-280b-4b20-82fa-ba43489a4124

Iteration 1, Turn 3:
Agent 0dab2de5-1740-43cf-ba2f-84a7037c4983: 
[DEAD] 
Agent ID: 0dab2de5-1740-43cf-ba2f-84a7037c4983
Agent 3e5e20e2-8246-4092-8104-1d9e8ae22d0d: 
[DEAD] 
Agent ID: 3e5e20e2-8246-4092-8104-1d9e8ae22d0d
Agent 43fc134e-abbb-4fbc-8611-294546759d2d: 
[DEAD] 
Agent ID: 43fc134e-abbb-4fbc-8611-294546759d2d
Agent c5029aa5-0ae5-404e-84fa-ad9dc8843208: 
[DEAD] 
Agent ID: c5029aa5-0ae5-404e-84fa-ad9dc8843208
Agent ed5f8c1e-280b-4b20-82fa-ba43489a4124: 
[DEAD] 
Agent ID: ed5f8c1e-280b-4b20-82fa-ba43489a4124

Iteration 1, Turn 4:
Agent 0dab2de5-1740-43cf-ba2f-84a7037c4983: 
[DEAD] 
Agent ID: 0dab2de5-1740-43cf-ba2f-84a7037c4983
Agent 3e5e20e2-8246-4092-8104-1d9e8ae22d0d: 
[DEAD] 
Agent ID: 3e5e20e2-8246-4092-8104-1d9e8ae22d0d
Agent 43fc134e-abbb-4fbc-8611-294546759d2d: 
[DEAD] 
Agent ID: 43fc134e-abbb-4fbc-8611-294546759d2d
Agent c5029aa5-0ae5-404e-84fa-ad9dc8843208: 
[DEAD] 
Agent ID: c5029aa5-0ae5-404e-84fa-ad9dc8843208
Agent ed5f8c1e-280b-4b20-82fa-ba43489a4124: 
[DEAD] 
Agent ID: ed5f8c1e-280b-4b20-82fa-ba43489a4124

Iteration 1, Turn 5:
Agent 0dab2de5-1740-43cf-ba2f-84a7037c4983: 
[DEAD] 
Agent ID: 0dab2de5-1740-43cf-ba2f-84a7037c4983
Agent 3e5e20e2-8246-4092-8104-1d9e8ae22d0d: 
[DEAD] 
Agent ID: 3e5e20e2-8246-4092-8104-1d9e8ae22d0d
Agent 43fc134e-abbb-4fbc-8611-294546759d2d: 
[DEAD] 
Agent ID: 43fc134e-abbb-4fbc-8611-294546759d2d
Agent c5029aa5-0ae5-404e-84fa-ad9dc8843208: 
[DEAD] 
Agent ID: c5029aa5-0ae5-404e-84fa-ad9dc8843208
Agent ed5f8c1e-280b-4b20-82fa-ba43489a4124: 
[DEAD] 
Agent ID: ed5f8c1e-280b-4b20-82fa-ba43489a4124

Iteration 2, Turn 0:

Iteration 2, Turn 1:
Agent 0dab2de5-1740-43cf-ba2f-84a7037c4983: 
[DEAD] 
Agent ID: 0dab2de5-1740-43cf-ba2f-84a7037c4983
Agent 3e5e20e2-8246-4092-8104-1d9e8ae22d0d: 
[DEAD] 
Agent ID: 3e5e20e2-8246-4092-8104-1d9e8ae22d0d
Agent 43fc134e-abbb-4fbc-8611-294546759d2d: 
[DEAD] 
Agent ID: 43fc134e-abbb-4fbc-8611-294546759d2d
Agent c5029aa5-0ae5-404e-84fa-ad9dc8843208: 
[DEAD] 
Agent ID: c5029aa5-0ae5-404e-84fa-ad9dc8843208
Agent ed5f8c1e-280b-4b20-82fa-ba43489a4124: 
[DEAD] 
Agent ID: ed5f8c1e-280b-4b20-82fa-ba43489a4124

Iteration 2, Turn 2:
Agent 0dab2de5-1740-43cf-ba2f-84a7037c4983: 
[DEAD] 
Agent ID: 0dab2de5-1740-43cf-ba2f-84a7037c4983
Agent 3e5e20e2-8246-4092-8104-1d9e8ae22d0d: 
[DEAD] 
Agent ID: 3e5e20e2-8246-4092-8104-1d9e8ae22d0d
Agent 43fc134e-abbb-4fbc-8611-294546759d2d: 
[DEAD] 
Agent ID: 43fc134e-abbb-4fbc-8611-294546759d2d
Agent c5029aa5-0ae5-404e-84fa-ad9dc8843208: 
[DEAD] 
Agent ID: c5029aa5-0ae5-404e-84fa-ad9dc8843208
Agent ed5f8c1e-280b-4b20-82fa-ba43489a4124: 
[DEAD] 
Agent ID: ed5f8c1e-280b-4b20-82fa-ba43489a4124

Iteration 2, Turn 3:
Agent 0dab2de5-1740-43cf-ba2f-84a7037c4983: 
[DEAD] 
Agent ID: 0dab2de5-1740-43cf-ba2f-84a7037c4983
Agent 3e5e20e2-8246-4092-8104-1d9e8ae22d0d: 
[DEAD] 
Agent ID: 3e5e20e2-8246-4092-8104-1d9e8ae22d0d
Agent 43fc134e-abbb-4fbc-8611-294546759d2d: 
[DEAD] 
Agent ID: 43fc134e-abbb-4fbc-8611-294546759d2d
Agent c5029aa5-0ae5-404e-84fa-ad9dc8843208: 
[DEAD] 
Agent ID: c5029aa5-0ae5-404e-84fa-ad9dc8843208
Agent ed5f8c1e-280b-4b20-82fa-ba43489a4124: 
[DEAD] 
Agent ID: ed5f8c1e-280b-4b20-82fa-ba43489a4124

Iteration 2, Turn 4:
Agent 0dab2de5-1740-43cf-ba2f-84a7037c4983: 
[DEAD] 
Agent ID: 0dab2de5-1740-43cf-ba2f-84a7037c4983
Agent 3e5e20e2-8246-4092-8104-1d9e8ae22d0d: 
[DEAD] 
Agent ID: 3e5e20e2-8246-4092-8104-1d9e8ae22d0d
Agent 43fc134e-abbb-4fbc-8611-294546759d2d: 
[DEAD] 
Agent ID: 43fc134e-abbb-4fbc-8611-294546759d2d
Agent c5029aa5-0ae5-404e-84fa-ad9dc8843208: 
[DEAD] 
Agent ID: c5029aa5-0ae5-404e-84fa-ad9dc8843208
Agent ed5f8c1e-280b-4b20-82fa-ba43489a4124: 
[DEAD] 
Agent ID: ed5f8c1e-280b-4b20-82fa-ba43489a4124

Iteration 2, Turn 5:
Agent 0dab2de5-1740-43cf-ba2f-84a7037c4983: 
[DEAD] 
Agent ID: 0dab2de5-1740-43cf-ba2f-84a7037c4983
Agent 3e5e20e2-8246-4092-8104-1d9e8ae22d0d: 
[DEAD] 
Agent ID: 3e5e20e2-8246-4092-8104-1d9e8ae22d0d
Agent 43fc134e-abbb-4fbc-8611-294546759d2d: 
[DEAD] 
Agent ID: 43fc134e-abbb-4fbc-8611-294546759d2d
Agent c5029aa5-0ae5-404e-84fa-ad9dc8843208: 
[DEAD] 
Agent ID: c5029aa5-0ae5-404e-84fa-ad9dc8843208
Agent ed5f8c1e-280b-4b20-82fa-ba43489a4124: 
[DEAD] 
Agent ID: ed5f8c1e-280b-4b20-82fa-ba43489a4124
