main function started.
--------Start of iteration 0---------


Iteration 0, Turn 0, current agent count: 16


Iteration 0, Turn 1, current agent count: 16


Iteration 0, Turn 2, current agent count: 16


Iteration 0, Turn 3, current agent count: 16


Iteration 0, Turn 4, current agent count: 16
--------End of iteration 0---------
--------Start of iteration 1---------


Iteration 1, Turn 0, current agent count: 16


Iteration 1, Turn 1, current agent count: 16


Iteration 1, Turn 2, current agent count: 16


Iteration 1, Turn 3, current agent count: 16


Iteration 1, Turn 4, current agent count: 16
--------End of iteration 1---------
--------Start of iteration 2---------


Iteration 2, Turn 0, current agent count: 16


Iteration 2, Turn 1, current agent count: 16


Iteration 2, Turn 2, current agent count: 16


Iteration 2, Turn 3, current agent count: 16


Iteration 2, Turn 4, current agent count: 16
--------End of iteration 2---------


GamePlaybackSummary - playing 18 turn records

Iteration 0, Turn 0:

Iteration 0, Turn 0:
Agent 0ae1343a-a007-4afd-b49e-ba475aaf5d86: 
[DEAD] 
Agent ID: 0ae1343a-a007-4afd-b49e-ba475aaf5d86
Agent 58556159-7e27-4e57-b30c-c5716cb7398c: 
[DEAD] 
Agent ID: 58556159-7e27-4e57-b30c-c5716cb7398c
Agent 645c9696-f3c5-4e51-bd16-8c9af49dec62: 
[DEAD] 
Agent ID: 645c9696-f3c5-4e51-bd16-8c9af49dec62
Agent 8037e8eb-7d71-4779-97af-3f47b10411ee: 
[DEAD] 
Agent ID: 8037e8eb-7d71-4779-97af-3f47b10411ee
Agent 9f7d7bd0-822b-4588-ad00-fbebdeaacf40: 
[DEAD] 
Agent ID: 9f7d7bd0-822b-4588-ad00-fbebdeaacf40
Agent aae7c847-d682-4461-836d-d9ff6ec3b505: 
[DEAD] 
Agent ID: aae7c847-d682-4461-836d-d9ff6ec3b505
Agent afcd3d88-4951-41dc-933b-c7190dcbb766: 
[DEAD] 
Agent ID: afcd3d88-4951-41dc-933b-c7190dcbb766
Agent b48a29a9-4143-4154-a8ea-ce7d03d83ed0: 
[DEAD] 
Agent ID: b48a29a9-4143-4154-a8ea-ce7d03d83ed0
Agent bdf337da-6b97-4a3f-82d0-1a01b847f14b: 
[DEAD] 
Agent ID: bdf337da-6b97-4a3f-82d0-1a01b847f14b
Agent c297842a-5119-4095-be95-ef5e9875cc87: 
[DEAD] 
Agent ID: c297842a-5119-4095-be95-ef5e9875cc87
Agent c4930fea-166b-431a-83d9-4f71b6dfbd01: 
[DEAD] 
Agent ID: c4930fea-166b-431a-83d9-4f71b6dfbd01
Agent c7604260-050c-40ea-8901-af065ada1a2f: 
[DEAD] 
Agent ID: c7604260-050c-40ea-8901-af065ada1a2f
Agent c99b64e6-4934-4539-8fcc-9bc3adb07907: 
[DEAD] 
Agent ID: c99b64e6-4934-4539-8fcc-9bc3adb07907
Agent d01acaaa-5bd3-4bb8-bc2d-6e1aa9f74fc2: 
[DEAD] 
Agent ID: d01acaaa-5bd3-4bb8-bc2d-6e1aa9f74fc2
Agent e8dc72e8-f490-44b0-848c-fb0510487ff5: 
[DEAD] 
Agent ID: e8dc72e8-f490-44b0-848c-fb0510487ff5
Agent f9ba6f34-29e5-411e-bc99-cefda4478bc7: 
[DEAD] 
Agent ID: f9ba6f34-29e5-411e-bc99-cefda4478bc7

Iteration 0, Turn 1:
Agent 0ae1343a-a007-4afd-b49e-ba475aaf5d86: 
[DEAD] 
Agent ID: 0ae1343a-a007-4afd-b49e-ba475aaf5d86
Agent 58556159-7e27-4e57-b30c-c5716cb7398c: 
[DEAD] 
Agent ID: 58556159-7e27-4e57-b30c-c5716cb7398c
Agent 645c9696-f3c5-4e51-bd16-8c9af49dec62: 
[DEAD] 
Agent ID: 645c9696-f3c5-4e51-bd16-8c9af49dec62
Agent 8037e8eb-7d71-4779-97af-3f47b10411ee: 
[DEAD] 
Agent ID: 8037e8eb-7d71-4779-97af-3f47b10411ee
Agent 9f7d7bd0-822b-4588-ad00-fbebdeaacf40: 
[DEAD] 
Agent ID: 9f7d7bd0-822b-4588-ad00-fbebdeaacf40
Agent aae7c847-d682-4461-836d-d9ff6ec3b505: 
[DEAD] 
Agent ID: aae7c847-d682-4461-836d-d9ff6ec3b505
Agent afcd3d88-4951-41dc-933b-c7190dcbb766: 
[DEAD] 
Agent ID: afcd3d88-4951-41dc-933b-c7190dcbb766
Agent b48a29a9-4143-4154-a8ea-ce7d03d83ed0: 
[DEAD] 
Agent ID: b48a29a9-4143-4154-a8ea-ce7d03d83ed0
Agent bdf337da-6b97-4a3f-82d0-1a01b847f14b: 
[DEAD] 
Agent ID: bdf337da-6b97-4a3f-82d0-1a01b847f14b
Agent c297842a-5119-4095-be95-ef5e9875cc87: 
[DEAD] 
Agent ID: c297842a-5119-4095-be95-ef5e9875cc87
Agent c4930fea-166b-431a-83d9-4f71b6dfbd01: 
[DEAD] 
Agent ID: c4930fea-166b-431a-83d9-4f71b6dfbd01
Agent c7604260-050c-40ea-8901-af065ada1a2f: 
[DEAD] 
Agent ID: c7604260-050c-40ea-8901-af065ada1a2f
Agent c99b64e6-4934-4539-8fcc-9bc3adb07907: 
[DEAD] 
Agent ID: c99b64e6-4934-4539-8fcc-9bc3adb07907
Agent d01acaaa-5bd3-4bb8-bc2d-6e1aa9f74fc2: 
[DEAD] 
Agent ID: d01acaaa-5bd3-4bb8-bc2d-6e1aa9f74fc2
Agent e8dc72e8-f490-44b0-848c-fb0510487ff5: 
[DEAD] 
Agent ID: e8dc72e8-f490-44b0-848c-fb0510487ff5
Agent f9ba6f34-29e5-411e-bc99-cefda4478bc7: 
[DEAD] 
Agent ID: f9ba6f34-29e5-411e-bc99-cefda4478bc7

Iteration 0, Turn 2:
Agent 0ae1343a-a007-4afd-b49e-ba475aaf5d86: 
[DEAD] 
Agent ID: 0ae1343a-a007-4afd-b49e-ba475aaf5d86
Agent 58556159-7e27-4e57-b30c-c5716cb7398c: 
[DEAD] 
Agent ID: 58556159-7e27-4e57-b30c-c5716cb7398c
Agent 645c9696-f3c5-4e51-bd16-8c9af49dec62: 
[DEAD] 
Agent ID: 645c9696-f3c5-4e51-bd16-8c9af49dec62
Agent 8037e8eb-7d71-4779-97af-3f47b10411ee: 
[DEAD] 
Agent ID: 8037e8eb-7d71-4779-97af-3f47b10411ee
Agent 9f7d7bd0-822b-4588-ad00-fbebdeaacf40: 
[DEAD] 
Agent ID: 9f7d7bd0-822b-4588-ad00-fbebdeaacf40
Agent aae7c847-d682-4461-836d-d9ff6ec3b505: 
[DEAD] 
Agent ID: aae7c847-d682-4461-836d-d9ff6ec3b505
Agent afcd3d88-4951-41dc-933b-c7190dcbb766: 
[DEAD] 
Agent ID: afcd3d88-4951-41dc-933b-c7190dcbb766
Agent b48a29a9-4143-4154-a8ea-ce7d03d83ed0: 
[DEAD] 
Agent ID: b48a29a9-4143-4154-a8ea-ce7d03d83ed0
Agent bdf337da-6b97-4a3f-82d0-1a01b847f14b: 
[DEAD] 
Agent ID: bdf337da-6b97-4a3f-82d0-1a01b847f14b
Agent c297842a-5119-4095-be95-ef5e9875cc87: 
[DEAD] 
Agent ID: c297842a-5119-4095-be95-ef5e9875cc87
Agent c4930fea-166b-431a-83d9-4f71b6dfbd01: 
[DEAD] 
Agent ID: c4930fea-166b-431a-83d9-4f71b6dfbd01
Agent c7604260-050c-40ea-8901-af065ada1a2f: 
[DEAD] 
Agent ID: c7604260-050c-40ea-8901-af065ada1a2f
Agent c99b64e6-4934-4539-8fcc-9bc3adb07907: 
[DEAD] 
Agent ID: c99b64e6-4934-4539-8fcc-9bc3adb07907
Agent d01acaaa-5bd3-4bb8-bc2d-6e1aa9f74fc2: 
[DEAD] 
Agent ID: d01acaaa-5bd3-4bb8-bc2d-6e1aa9f74fc2
Agent e8dc72e8-f490-44b0-848c-fb0510487ff5: 
[DEAD] 
Agent ID: e8dc72e8-f490-44b0-848c-fb0510487ff5
Agent f9ba6f34-29e5-411e-bc99-cefda4478bc7: 
[DEAD] 
Agent ID: f9ba6f34-29e5-411e-bc99-cefda4478bc7

Iteration 0, Turn 3:
Agent 0ae1343a-a007-4afd-b49e-ba475aaf5d86: 
[DEAD] 
Agent ID: 0ae1343a-a007-4afd-b49e-ba475aaf5d86
Agent 58556159-7e27-4e57-b30c-c5716cb7398c: 
[DEAD] 
Agent ID: 58556159-7e27-4e57-b30c-c5716cb7398c
Agent 645c9696-f3c5-4e51-bd16-8c9af49dec62: 
[DEAD] 
Agent ID: 645c9696-f3c5-4e51-bd16-8c9af49dec62
Agent 8037e8eb-7d71-4779-97af-3f47b10411ee: 
[DEAD] 
Agent ID: 8037e8eb-7d71-4779-97af-3f47b10411ee
Agent 9f7d7bd0-822b-4588-ad00-fbebdeaacf40: 
[DEAD] 
Agent ID: 9f7d7bd0-822b-4588-ad00-fbebdeaacf40
Agent aae7c847-d682-4461-836d-d9ff6ec3b505: 
[DEAD] 
Agent ID: aae7c847-d682-4461-836d-d9ff6ec3b505
Agent afcd3d88-4951-41dc-933b-c7190dcbb766: 
[DEAD] 
Agent ID: afcd3d88-4951-41dc-933b-c7190dcbb766
Agent b48a29a9-4143-4154-a8ea-ce7d03d83ed0: 
[DEAD] 
Agent ID: b48a29a9-4143-4154-a8ea-ce7d03d83ed0
Agent bdf337da-6b97-4a3f-82d0-1a01b847f14b: 
[DEAD] 
Agent ID: bdf337da-6b97-4a3f-82d0-1a01b847f14b
Agent c297842a-5119-4095-be95-ef5e9875cc87: 
[DEAD] 
Agent ID: c297842a-5119-4095-be95-ef5e9875cc87
Agent c4930fea-166b-431a-83d9-4f71b6dfbd01: 
[DEAD] 
Agent ID: c4930fea-166b-431a-83d9-4f71b6dfbd01
Agent c7604260-050c-40ea-8901-af065ada1a2f: 
[DEAD] 
Agent ID: c7604260-050c-40ea-8901-af065ada1a2f
Agent c99b64e6-4934-4539-8fcc-9bc3adb07907: 
[DEAD] 
Agent ID: c99b64e6-4934-4539-8fcc-9bc3adb07907
Agent d01acaaa-5bd3-4bb8-bc2d-6e1aa9f74fc2: 
[DEAD] 
Agent ID: d01acaaa-5bd3-4bb8-bc2d-6e1aa9f74fc2
Agent e8dc72e8-f490-44b0-848c-fb0510487ff5: 
[DEAD] 
Agent ID: e8dc72e8-f490-44b0-848c-fb0510487ff5
Agent f9ba6f34-29e5-411e-bc99-cefda4478bc7: 
[DEAD] 
Agent ID: f9ba6f34-29e5-411e-bc99-cefda4478bc7

Iteration 0, Turn 4:
Agent 0ae1343a-a007-4afd-b49e-ba475aaf5d86: 
[DEAD] 
Agent ID: 0ae1343a-a007-4afd-b49e-ba475aaf5d86
Agent 58556159-7e27-4e57-b30c-c5716cb7398c: 
[DEAD] 
Agent ID: 58556159-7e27-4e57-b30c-c5716cb7398c
Agent 645c9696-f3c5-4e51-bd16-8c9af49dec62: 
[DEAD] 
Agent ID: 645c9696-f3c5-4e51-bd16-8c9af49dec62
Agent 8037e8eb-7d71-4779-97af-3f47b10411ee: 
[DEAD] 
Agent ID: 8037e8eb-7d71-4779-97af-3f47b10411ee
Agent 9f7d7bd0-822b-4588-ad00-fbebdeaacf40: 
[DEAD] 
Agent ID: 9f7d7bd0-822b-4588-ad00-fbebdeaacf40
Agent aae7c847-d682-4461-836d-d9ff6ec3b505: 
[DEAD] 
Agent ID: aae7c847-d682-4461-836d-d9ff6ec3b505
Agent afcd3d88-4951-41dc-933b-c7190dcbb766: 
[DEAD] 
Agent ID: afcd3d88-4951-41dc-933b-c7190dcbb766
Agent b48a29a9-4143-4154-a8ea-ce7d03d83ed0: 
[DEAD] 
Agent ID: b48a29a9-4143-4154-a8ea-ce7d03d83ed0
Agent bdf337da-6b97-4a3f-82d0-1a01b847f14b: 
[DEAD] 
Agent ID: bdf337da-6b97-4a3f-82d0-1a01b847f14b
Agent c297842a-5119-4095-be95-ef5e9875cc87: 
[DEAD] 
Agent ID: c297842a-5119-4095-be95-ef5e9875cc87
Agent c4930fea-166b-431a-83d9-4f71b6dfbd01: 
[DEAD] 
Agent ID: c4930fea-166b-431a-83d9-4f71b6dfbd01
Agent c7604260-050c-40ea-8901-af065ada1a2f: 
[DEAD] 
Agent ID: c7604260-050c-40ea-8901-af065ada1a2f
Agent c99b64e6-4934-4539-8fcc-9bc3adb07907: 
[DEAD] 
Agent ID: c99b64e6-4934-4539-8fcc-9bc3adb07907
Agent d01acaaa-5bd3-4bb8-bc2d-6e1aa9f74fc2: 
[DEAD] 
Agent ID: d01acaaa-5bd3-4bb8-bc2d-6e1aa9f74fc2
Agent e8dc72e8-f490-44b0-848c-fb0510487ff5: 
[DEAD] 
Agent ID: e8dc72e8-f490-44b0-848c-fb0510487ff5
Agent f9ba6f34-29e5-411e-bc99-cefda4478bc7: 
[DEAD] 
Agent ID: f9ba6f34-29e5-411e-bc99-cefda4478bc7

Iteration 1, Turn 0:

Iteration 1, Turn 0:
Agent 0ae1343a-a007-4afd-b49e-ba475aaf5d86: 
[DEAD] 
Agent ID: 0ae1343a-a007-4afd-b49e-ba475aaf5d86
Agent 58556159-7e27-4e57-b30c-c5716cb7398c: 
[DEAD] 
Agent ID: 58556159-7e27-4e57-b30c-c5716cb7398c
Agent 645c9696-f3c5-4e51-bd16-8c9af49dec62: 
[DEAD] 
Agent ID: 645c9696-f3c5-4e51-bd16-8c9af49dec62
Agent 8037e8eb-7d71-4779-97af-3f47b10411ee: 
[DEAD] 
Agent ID: 8037e8eb-7d71-4779-97af-3f47b10411ee
Agent 9f7d7bd0-822b-4588-ad00-fbebdeaacf40: 
[DEAD] 
Agent ID: 9f7d7bd0-822b-4588-ad00-fbebdeaacf40
Agent aae7c847-d682-4461-836d-d9ff6ec3b505: 
[DEAD] 
Agent ID: aae7c847-d682-4461-836d-d9ff6ec3b505
Agent afcd3d88-4951-41dc-933b-c7190dcbb766: 
[DEAD] 
Agent ID: afcd3d88-4951-41dc-933b-c7190dcbb766
Agent b48a29a9-4143-4154-a8ea-ce7d03d83ed0: 
[DEAD] 
Agent ID: b48a29a9-4143-4154-a8ea-ce7d03d83ed0
Agent bdf337da-6b97-4a3f-82d0-1a01b847f14b: 
[DEAD] 
Agent ID: bdf337da-6b97-4a3f-82d0-1a01b847f14b
Agent c297842a-5119-4095-be95-ef5e9875cc87: 
[DEAD] 
Agent ID: c297842a-5119-4095-be95-ef5e9875cc87
Agent c4930fea-166b-431a-83d9-4f71b6dfbd01: 
[DEAD] 
Agent ID: c4930fea-166b-431a-83d9-4f71b6dfbd01
Agent c7604260-050c-40ea-8901-af065ada1a2f: 
[DEAD] 
Agent ID: c7604260-050c-40ea-8901-af065ada1a2f
Agent c99b64e6-4934-4539-8fcc-9bc3adb07907: 
[DEAD] 
Agent ID: c99b64e6-4934-4539-8fcc-9bc3adb07907
Agent d01acaaa-5bd3-4bb8-bc2d-6e1aa9f74fc2: 
[DEAD] 
Agent ID: d01acaaa-5bd3-4bb8-bc2d-6e1aa9f74fc2
Agent e8dc72e8-f490-44b0-848c-fb0510487ff5: 
[DEAD] 
Agent ID: e8dc72e8-f490-44b0-848c-fb0510487ff5
Agent f9ba6f34-29e5-411e-bc99-cefda4478bc7: 
[DEAD] 
Agent ID: f9ba6f34-29e5-411e-bc99-cefda4478bc7

Iteration 1, Turn 1:
Agent 0ae1343a-a007-4afd-b49e-ba475aaf5d86: 
[DEAD] 
Agent ID: 0ae1343a-a007-4afd-b49e-ba475aaf5d86
Agent 58556159-7e27-4e57-b30c-c5716cb7398c: 
[DEAD] 
Agent ID: 58556159-7e27-4e57-b30c-c5716cb7398c
Agent 645c9696-f3c5-4e51-bd16-8c9af49dec62: 
[DEAD] 
Agent ID: 645c9696-f3c5-4e51-bd16-8c9af49dec62
Agent 8037e8eb-7d71-4779-97af-3f47b10411ee: 
[DEAD] 
Agent ID: 8037e8eb-7d71-4779-97af-3f47b10411ee
Agent 9f7d7bd0-822b-4588-ad00-fbebdeaacf40: 
[DEAD] 
Agent ID: 9f7d7bd0-822b-4588-ad00-fbebdeaacf40
Agent aae7c847-d682-4461-836d-d9ff6ec3b505: 
[DEAD] 
Agent ID: aae7c847-d682-4461-836d-d9ff6ec3b505
Agent afcd3d88-4951-41dc-933b-c7190dcbb766: 
[DEAD] 
Agent ID: afcd3d88-4951-41dc-933b-c7190dcbb766
Agent b48a29a9-4143-4154-a8ea-ce7d03d83ed0: 
[DEAD] 
Agent ID: b48a29a9-4143-4154-a8ea-ce7d03d83ed0
Agent bdf337da-6b97-4a3f-82d0-1a01b847f14b: 
[DEAD] 
Agent ID: bdf337da-6b97-4a3f-82d0-1a01b847f14b
Agent c297842a-5119-4095-be95-ef5e9875cc87: 
[DEAD] 
Agent ID: c297842a-5119-4095-be95-ef5e9875cc87
Agent c4930fea-166b-431a-83d9-4f71b6dfbd01: 
[DEAD] 
Agent ID: c4930fea-166b-431a-83d9-4f71b6dfbd01
Agent c7604260-050c-40ea-8901-af065ada1a2f: 
[DEAD] 
Agent ID: c7604260-050c-40ea-8901-af065ada1a2f
Agent c99b64e6-4934-4539-8fcc-9bc3adb07907: 
[DEAD] 
Agent ID: c99b64e6-4934-4539-8fcc-9bc3adb07907
Agent d01acaaa-5bd3-4bb8-bc2d-6e1aa9f74fc2: 
[DEAD] 
Agent ID: d01acaaa-5bd3-4bb8-bc2d-6e1aa9f74fc2
Agent e8dc72e8-f490-44b0-848c-fb0510487ff5: 
[DEAD] 
Agent ID: e8dc72e8-f490-44b0-848c-fb0510487ff5
Agent f9ba6f34-29e5-411e-bc99-cefda4478bc7: 
[DEAD] 
Agent ID: f9ba6f34-29e5-411e-bc99-cefda4478bc7

Iteration 1, Turn 2:
Agent 0ae1343a-a007-4afd-b49e-ba475aaf5d86: 
[DEAD] 
Agent ID: 0ae1343a-a007-4afd-b49e-ba475aaf5d86
Agent 58556159-7e27-4e57-b30c-c5716cb7398c: 
[DEAD] 
Agent ID: 58556159-7e27-4e57-b30c-c5716cb7398c
Agent 645c9696-f3c5-4e51-bd16-8c9af49dec62: 
[DEAD] 
Agent ID: 645c9696-f3c5-4e51-bd16-8c9af49dec62
Agent 8037e8eb-7d71-4779-97af-3f47b10411ee: 
[DEAD] 
Agent ID: 8037e8eb-7d71-4779-97af-3f47b10411ee
Agent 9f7d7bd0-822b-4588-ad00-fbebdeaacf40: 
[DEAD] 
Agent ID: 9f7d7bd0-822b-4588-ad00-fbebdeaacf40
Agent aae7c847-d682-4461-836d-d9ff6ec3b505: 
[DEAD] 
Agent ID: aae7c847-d682-4461-836d-d9ff6ec3b505
Agent afcd3d88-4951-41dc-933b-c7190dcbb766: 
[DEAD] 
Agent ID: afcd3d88-4951-41dc-933b-c7190dcbb766
Agent b48a29a9-4143-4154-a8ea-ce7d03d83ed0: 
[DEAD] 
Agent ID: b48a29a9-4143-4154-a8ea-ce7d03d83ed0
Agent bdf337da-6b97-4a3f-82d0-1a01b847f14b: 
[DEAD] 
Agent ID: bdf337da-6b97-4a3f-82d0-1a01b847f14b
Agent c297842a-5119-4095-be95-ef5e9875cc87: 
[DEAD] 
Agent ID: c297842a-5119-4095-be95-ef5e9875cc87
Agent c4930fea-166b-431a-83d9-4f71b6dfbd01: 
[DEAD] 
Agent ID: c4930fea-166b-431a-83d9-4f71b6dfbd01
Agent c7604260-050c-40ea-8901-af065ada1a2f: 
[DEAD] 
Agent ID: c7604260-050c-40ea-8901-af065ada1a2f
Agent c99b64e6-4934-4539-8fcc-9bc3adb07907: 
[DEAD] 
Agent ID: c99b64e6-4934-4539-8fcc-9bc3adb07907
Agent d01acaaa-5bd3-4bb8-bc2d-6e1aa9f74fc2: 
[DEAD] 
Agent ID: d01acaaa-5bd3-4bb8-bc2d-6e1aa9f74fc2
Agent e8dc72e8-f490-44b0-848c-fb0510487ff5: 
[DEAD] 
Agent ID: e8dc72e8-f490-44b0-848c-fb0510487ff5
Agent f9ba6f34-29e5-411e-bc99-cefda4478bc7: 
[DEAD] 
Agent ID: f9ba6f34-29e5-411e-bc99-cefda4478bc7

Iteration 1, Turn 3:
Agent 0ae1343a-a007-4afd-b49e-ba475aaf5d86: 
[DEAD] 
Agent ID: 0ae1343a-a007-4afd-b49e-ba475aaf5d86
Agent 58556159-7e27-4e57-b30c-c5716cb7398c: 
[DEAD] 
Agent ID: 58556159-7e27-4e57-b30c-c5716cb7398c
Agent 645c9696-f3c5-4e51-bd16-8c9af49dec62: 
[DEAD] 
Agent ID: 645c9696-f3c5-4e51-bd16-8c9af49dec62
Agent 8037e8eb-7d71-4779-97af-3f47b10411ee: 
[DEAD] 
Agent ID: 8037e8eb-7d71-4779-97af-3f47b10411ee
Agent 9f7d7bd0-822b-4588-ad00-fbebdeaacf40: 
[DEAD] 
Agent ID: 9f7d7bd0-822b-4588-ad00-fbebdeaacf40
Agent aae7c847-d682-4461-836d-d9ff6ec3b505: 
[DEAD] 
Agent ID: aae7c847-d682-4461-836d-d9ff6ec3b505
Agent afcd3d88-4951-41dc-933b-c7190dcbb766: 
[DEAD] 
Agent ID: afcd3d88-4951-41dc-933b-c7190dcbb766
Agent b48a29a9-4143-4154-a8ea-ce7d03d83ed0: 
[DEAD] 
Agent ID: b48a29a9-4143-4154-a8ea-ce7d03d83ed0
Agent bdf337da-6b97-4a3f-82d0-1a01b847f14b: 
[DEAD] 
Agent ID: bdf337da-6b97-4a3f-82d0-1a01b847f14b
Agent c297842a-5119-4095-be95-ef5e9875cc87: 
[DEAD] 
Agent ID: c297842a-5119-4095-be95-ef5e9875cc87
Agent c4930fea-166b-431a-83d9-4f71b6dfbd01: 
[DEAD] 
Agent ID: c4930fea-166b-431a-83d9-4f71b6dfbd01
Agent c7604260-050c-40ea-8901-af065ada1a2f: 
[DEAD] 
Agent ID: c7604260-050c-40ea-8901-af065ada1a2f
Agent c99b64e6-4934-4539-8fcc-9bc3adb07907: 
[DEAD] 
Agent ID: c99b64e6-4934-4539-8fcc-9bc3adb07907
Agent d01acaaa-5bd3-4bb8-bc2d-6e1aa9f74fc2: 
[DEAD] 
Agent ID: d01acaaa-5bd3-4bb8-bc2d-6e1aa9f74fc2
Agent e8dc72e8-f490-44b0-848c-fb0510487ff5: 
[DEAD] 
Agent ID: e8dc72e8-f490-44b0-848c-fb0510487ff5
Agent f9ba6f34-29e5-411e-bc99-cefda4478bc7: 
[DEAD] 
Agent ID: f9ba6f34-29e5-411e-bc99-cefda4478bc7

Iteration 1, Turn 4:
Agent 0ae1343a-a007-4afd-b49e-ba475aaf5d86: 
[DEAD] 
Agent ID: 0ae1343a-a007-4afd-b49e-ba475aaf5d86
Agent 58556159-7e27-4e57-b30c-c5716cb7398c: 
[DEAD] 
Agent ID: 58556159-7e27-4e57-b30c-c5716cb7398c
Agent 645c9696-f3c5-4e51-bd16-8c9af49dec62: 
[DEAD] 
Agent ID: 645c9696-f3c5-4e51-bd16-8c9af49dec62
Agent 8037e8eb-7d71-4779-97af-3f47b10411ee: 
[DEAD] 
Agent ID: 8037e8eb-7d71-4779-97af-3f47b10411ee
Agent 9f7d7bd0-822b-4588-ad00-fbebdeaacf40: 
[DEAD] 
Agent ID: 9f7d7bd0-822b-4588-ad00-fbebdeaacf40
Agent aae7c847-d682-4461-836d-d9ff6ec3b505: 
[DEAD] 
Agent ID: aae7c847-d682-4461-836d-d9ff6ec3b505
Agent afcd3d88-4951-41dc-933b-c7190dcbb766: 
[DEAD] 
Agent ID: afcd3d88-4951-41dc-933b-c7190dcbb766
Agent b48a29a9-4143-4154-a8ea-ce7d03d83ed0: 
[DEAD] 
Agent ID: b48a29a9-4143-4154-a8ea-ce7d03d83ed0
Agent bdf337da-6b97-4a3f-82d0-1a01b847f14b: 
[DEAD] 
Agent ID: bdf337da-6b97-4a3f-82d0-1a01b847f14b
Agent c297842a-5119-4095-be95-ef5e9875cc87: 
[DEAD] 
Agent ID: c297842a-5119-4095-be95-ef5e9875cc87
Agent c4930fea-166b-431a-83d9-4f71b6dfbd01: 
[DEAD] 
Agent ID: c4930fea-166b-431a-83d9-4f71b6dfbd01
Agent c7604260-050c-40ea-8901-af065ada1a2f: 
[DEAD] 
Agent ID: c7604260-050c-40ea-8901-af065ada1a2f
Agent c99b64e6-4934-4539-8fcc-9bc3adb07907: 
[DEAD] 
Agent ID: c99b64e6-4934-4539-8fcc-9bc3adb07907
Agent d01acaaa-5bd3-4bb8-bc2d-6e1aa9f74fc2: 
[DEAD] 
Agent ID: d01acaaa-5bd3-4bb8-bc2d-6e1aa9f74fc2
Agent e8dc72e8-f490-44b0-848c-fb0510487ff5: 
[DEAD] 
Agent ID: e8dc72e8-f490-44b0-848c-fb0510487ff5
Agent f9ba6f34-29e5-411e-bc99-cefda4478bc7: 
[DEAD] 
Agent ID: f9ba6f34-29e5-411e-bc99-cefda4478bc7

Iteration 2, Turn 0:

Iteration 2, Turn 0:
Agent 0ae1343a-a007-4afd-b49e-ba475aaf5d86: 
[DEAD] 
Agent ID: 0ae1343a-a007-4afd-b49e-ba475aaf5d86
Agent 58556159-7e27-4e57-b30c-c5716cb7398c: 
[DEAD] 
Agent ID: 58556159-7e27-4e57-b30c-c5716cb7398c
Agent 645c9696-f3c5-4e51-bd16-8c9af49dec62: 
[DEAD] 
Agent ID: 645c9696-f3c5-4e51-bd16-8c9af49dec62
Agent 8037e8eb-7d71-4779-97af-3f47b10411ee: 
[DEAD] 
Agent ID: 8037e8eb-7d71-4779-97af-3f47b10411ee
Agent 9f7d7bd0-822b-4588-ad00-fbebdeaacf40: 
[DEAD] 
Agent ID: 9f7d7bd0-822b-4588-ad00-fbebdeaacf40
Agent aae7c847-d682-4461-836d-d9ff6ec3b505: 
[DEAD] 
Agent ID: aae7c847-d682-4461-836d-d9ff6ec3b505
Agent afcd3d88-4951-41dc-933b-c7190dcbb766: 
[DEAD] 
Agent ID: afcd3d88-4951-41dc-933b-c7190dcbb766
Agent b48a29a9-4143-4154-a8ea-ce7d03d83ed0: 
[DEAD] 
Agent ID: b48a29a9-4143-4154-a8ea-ce7d03d83ed0
Agent bdf337da-6b97-4a3f-82d0-1a01b847f14b: 
[DEAD] 
Agent ID: bdf337da-6b97-4a3f-82d0-1a01b847f14b
Agent c297842a-5119-4095-be95-ef5e9875cc87: 
[DEAD] 
Agent ID: c297842a-5119-4095-be95-ef5e9875cc87
Agent c4930fea-166b-431a-83d9-4f71b6dfbd01: 
[DEAD] 
Agent ID: c4930fea-166b-431a-83d9-4f71b6dfbd01
Agent c7604260-050c-40ea-8901-af065ada1a2f: 
[DEAD] 
Agent ID: c7604260-050c-40ea-8901-af065ada1a2f
Agent c99b64e6-4934-4539-8fcc-9bc3adb07907: 
[DEAD] 
Agent ID: c99b64e6-4934-4539-8fcc-9bc3adb07907
Agent d01acaaa-5bd3-4bb8-bc2d-6e1aa9f74fc2: 
[DEAD] 
Agent ID: d01acaaa-5bd3-4bb8-bc2d-6e1aa9f74fc2
Agent e8dc72e8-f490-44b0-848c-fb0510487ff5: 
[DEAD] 
Agent ID: e8dc72e8-f490-44b0-848c-fb0510487ff5
Agent f9ba6f34-29e5-411e-bc99-cefda4478bc7: 
[DEAD] 
Agent ID: f9ba6f34-29e5-411e-bc99-cefda4478bc7

Iteration 2, Turn 1:
Agent 0ae1343a-a007-4afd-b49e-ba475aaf5d86: 
[DEAD] 
Agent ID: 0ae1343a-a007-4afd-b49e-ba475aaf5d86
Agent 58556159-7e27-4e57-b30c-c5716cb7398c: 
[DEAD] 
Agent ID: 58556159-7e27-4e57-b30c-c5716cb7398c
Agent 645c9696-f3c5-4e51-bd16-8c9af49dec62: 
[DEAD] 
Agent ID: 645c9696-f3c5-4e51-bd16-8c9af49dec62
Agent 8037e8eb-7d71-4779-97af-3f47b10411ee: 
[DEAD] 
Agent ID: 8037e8eb-7d71-4779-97af-3f47b10411ee
Agent 9f7d7bd0-822b-4588-ad00-fbebdeaacf40: 
[DEAD] 
Agent ID: 9f7d7bd0-822b-4588-ad00-fbebdeaacf40
Agent aae7c847-d682-4461-836d-d9ff6ec3b505: 
[DEAD] 
Agent ID: aae7c847-d682-4461-836d-d9ff6ec3b505
Agent afcd3d88-4951-41dc-933b-c7190dcbb766: 
[DEAD] 
Agent ID: afcd3d88-4951-41dc-933b-c7190dcbb766
Agent b48a29a9-4143-4154-a8ea-ce7d03d83ed0: 
[DEAD] 
Agent ID: b48a29a9-4143-4154-a8ea-ce7d03d83ed0
Agent bdf337da-6b97-4a3f-82d0-1a01b847f14b: 
[DEAD] 
Agent ID: bdf337da-6b97-4a3f-82d0-1a01b847f14b
Agent c297842a-5119-4095-be95-ef5e9875cc87: 
[DEAD] 
Agent ID: c297842a-5119-4095-be95-ef5e9875cc87
Agent c4930fea-166b-431a-83d9-4f71b6dfbd01: 
[DEAD] 
Agent ID: c4930fea-166b-431a-83d9-4f71b6dfbd01
Agent c7604260-050c-40ea-8901-af065ada1a2f: 
[DEAD] 
Agent ID: c7604260-050c-40ea-8901-af065ada1a2f
Agent c99b64e6-4934-4539-8fcc-9bc3adb07907: 
[DEAD] 
Agent ID: c99b64e6-4934-4539-8fcc-9bc3adb07907
Agent d01acaaa-5bd3-4bb8-bc2d-6e1aa9f74fc2: 
[DEAD] 
Agent ID: d01acaaa-5bd3-4bb8-bc2d-6e1aa9f74fc2
Agent e8dc72e8-f490-44b0-848c-fb0510487ff5: 
[DEAD] 
Agent ID: e8dc72e8-f490-44b0-848c-fb0510487ff5
Agent f9ba6f34-29e5-411e-bc99-cefda4478bc7: 
[DEAD] 
Agent ID: f9ba6f34-29e5-411e-bc99-cefda4478bc7

Iteration 2, Turn 2:
Agent 0ae1343a-a007-4afd-b49e-ba475aaf5d86: 
[DEAD] 
Agent ID: 0ae1343a-a007-4afd-b49e-ba475aaf5d86
Agent 58556159-7e27-4e57-b30c-c5716cb7398c: 
[DEAD] 
Agent ID: 58556159-7e27-4e57-b30c-c5716cb7398c
Agent 645c9696-f3c5-4e51-bd16-8c9af49dec62: 
[DEAD] 
Agent ID: 645c9696-f3c5-4e51-bd16-8c9af49dec62
Agent 8037e8eb-7d71-4779-97af-3f47b10411ee: 
[DEAD] 
Agent ID: 8037e8eb-7d71-4779-97af-3f47b10411ee
Agent 9f7d7bd0-822b-4588-ad00-fbebdeaacf40: 
[DEAD] 
Agent ID: 9f7d7bd0-822b-4588-ad00-fbebdeaacf40
Agent aae7c847-d682-4461-836d-d9ff6ec3b505: 
[DEAD] 
Agent ID: aae7c847-d682-4461-836d-d9ff6ec3b505
Agent afcd3d88-4951-41dc-933b-c7190dcbb766: 
[DEAD] 
Agent ID: afcd3d88-4951-41dc-933b-c7190dcbb766
Agent b48a29a9-4143-4154-a8ea-ce7d03d83ed0: 
[DEAD] 
Agent ID: b48a29a9-4143-4154-a8ea-ce7d03d83ed0
Agent bdf337da-6b97-4a3f-82d0-1a01b847f14b: 
[DEAD] 
Agent ID: bdf337da-6b97-4a3f-82d0-1a01b847f14b
Agent c297842a-5119-4095-be95-ef5e9875cc87: 
[DEAD] 
Agent ID: c297842a-5119-4095-be95-ef5e9875cc87
Agent c4930fea-166b-431a-83d9-4f71b6dfbd01: 
[DEAD] 
Agent ID: c4930fea-166b-431a-83d9-4f71b6dfbd01
Agent c7604260-050c-40ea-8901-af065ada1a2f: 
[DEAD] 
Agent ID: c7604260-050c-40ea-8901-af065ada1a2f
Agent c99b64e6-4934-4539-8fcc-9bc3adb07907: 
[DEAD] 
Agent ID: c99b64e6-4934-4539-8fcc-9bc3adb07907
Agent d01acaaa-5bd3-4bb8-bc2d-6e1aa9f74fc2: 
[DEAD] 
Agent ID: d01acaaa-5bd3-4bb8-bc2d-6e1aa9f74fc2
Agent e8dc72e8-f490-44b0-848c-fb0510487ff5: 
[DEAD] 
Agent ID: e8dc72e8-f490-44b0-848c-fb0510487ff5
Agent f9ba6f34-29e5-411e-bc99-cefda4478bc7: 
[DEAD] 
Agent ID: f9ba6f34-29e5-411e-bc99-cefda4478bc7

Iteration 2, Turn 3:
Agent 0ae1343a-a007-4afd-b49e-ba475aaf5d86: 
[DEAD] 
Agent ID: 0ae1343a-a007-4afd-b49e-ba475aaf5d86
Agent 58556159-7e27-4e57-b30c-c5716cb7398c: 
[DEAD] 
Agent ID: 58556159-7e27-4e57-b30c-c5716cb7398c
Agent 645c9696-f3c5-4e51-bd16-8c9af49dec62: 
[DEAD] 
Agent ID: 645c9696-f3c5-4e51-bd16-8c9af49dec62
Agent 8037e8eb-7d71-4779-97af-3f47b10411ee: 
[DEAD] 
Agent ID: 8037e8eb-7d71-4779-97af-3f47b10411ee
Agent 9f7d7bd0-822b-4588-ad00-fbebdeaacf40: 
[DEAD] 
Agent ID: 9f7d7bd0-822b-4588-ad00-fbebdeaacf40
Agent aae7c847-d682-4461-836d-d9ff6ec3b505: 
[DEAD] 
Agent ID: aae7c847-d682-4461-836d-d9ff6ec3b505
Agent afcd3d88-4951-41dc-933b-c7190dcbb766: 
[DEAD] 
Agent ID: afcd3d88-4951-41dc-933b-c7190dcbb766
Agent b48a29a9-4143-4154-a8ea-ce7d03d83ed0: 
[DEAD] 
Agent ID: b48a29a9-4143-4154-a8ea-ce7d03d83ed0
Agent bdf337da-6b97-4a3f-82d0-1a01b847f14b: 
[DEAD] 
Agent ID: bdf337da-6b97-4a3f-82d0-1a01b847f14b
Agent c297842a-5119-4095-be95-ef5e9875cc87: 
[DEAD] 
Agent ID: c297842a-5119-4095-be95-ef5e9875cc87
Agent c4930fea-166b-431a-83d9-4f71b6dfbd01: 
[DEAD] 
Agent ID: c4930fea-166b-431a-83d9-4f71b6dfbd01
Agent c7604260-050c-40ea-8901-af065ada1a2f: 
[DEAD] 
Agent ID: c7604260-050c-40ea-8901-af065ada1a2f
Agent c99b64e6-4934-4539-8fcc-9bc3adb07907: 
[DEAD] 
Agent ID: c99b64e6-4934-4539-8fcc-9bc3adb07907
Agent d01acaaa-5bd3-4bb8-bc2d-6e1aa9f74fc2: 
[DEAD] 
Agent ID: d01acaaa-5bd3-4bb8-bc2d-6e1aa9f74fc2
Agent e8dc72e8-f490-44b0-848c-fb0510487ff5: 
[DEAD] 
Agent ID: e8dc72e8-f490-44b0-848c-fb0510487ff5
Agent f9ba6f34-29e5-411e-bc99-cefda4478bc7: 
[DEAD] 
Agent ID: f9ba6f34-29e5-411e-bc99-cefda4478bc7

Iteration 2, Turn 4:
Agent 0ae1343a-a007-4afd-b49e-ba475aaf5d86: 
[DEAD] 
Agent ID: 0ae1343a-a007-4afd-b49e-ba475aaf5d86
Agent 58556159-7e27-4e57-b30c-c5716cb7398c: 
[DEAD] 
Agent ID: 58556159-7e27-4e57-b30c-c5716cb7398c
Agent 645c9696-f3c5-4e51-bd16-8c9af49dec62: 
[DEAD] 
Agent ID: 645c9696-f3c5-4e51-bd16-8c9af49dec62
Agent 8037e8eb-7d71-4779-97af-3f47b10411ee: 
[DEAD] 
Agent ID: 8037e8eb-7d71-4779-97af-3f47b10411ee
Agent 9f7d7bd0-822b-4588-ad00-fbebdeaacf40: 
[DEAD] 
Agent ID: 9f7d7bd0-822b-4588-ad00-fbebdeaacf40
Agent aae7c847-d682-4461-836d-d9ff6ec3b505: 
[DEAD] 
Agent ID: aae7c847-d682-4461-836d-d9ff6ec3b505
Agent afcd3d88-4951-41dc-933b-c7190dcbb766: 
[DEAD] 
Agent ID: afcd3d88-4951-41dc-933b-c7190dcbb766
Agent b48a29a9-4143-4154-a8ea-ce7d03d83ed0: 
[DEAD] 
Agent ID: b48a29a9-4143-4154-a8ea-ce7d03d83ed0
Agent bdf337da-6b97-4a3f-82d0-1a01b847f14b: 
[DEAD] 
Agent ID: bdf337da-6b97-4a3f-82d0-1a01b847f14b
Agent c297842a-5119-4095-be95-ef5e9875cc87: 
[DEAD] 
Agent ID: c297842a-5119-4095-be95-ef5e9875cc87
Agent c4930fea-166b-431a-83d9-4f71b6dfbd01: 
[DEAD] 
Agent ID: c4930fea-166b-431a-83d9-4f71b6dfbd01
Agent c7604260-050c-40ea-8901-af065ada1a2f: 
[DEAD] 
Agent ID: c7604260-050c-40ea-8901-af065ada1a2f
Agent c99b64e6-4934-4539-8fcc-9bc3adb07907: 
[DEAD] 
Agent ID: c99b64e6-4934-4539-8fcc-9bc3adb07907
Agent d01acaaa-5bd3-4bb8-bc2d-6e1aa9f74fc2: 
[DEAD] 
Agent ID: d01acaaa-5bd3-4bb8-bc2d-6e1aa9f74fc2
Agent e8dc72e8-f490-44b0-848c-fb0510487ff5: 
[DEAD] 
Agent ID: e8dc72e8-f490-44b0-848c-fb0510487ff5
Agent f9ba6f34-29e5-411e-bc99-cefda4478bc7: 
[DEAD] 
Agent ID: f9ba6f34-29e5-411e-bc99-cefda4478bc7
