main function started.
--------Start of iteration 0---------


Iteration 0, Turn 0, current agent count: 5


Iteration 0, Turn 1, current agent count: 5


Iteration 0, Turn 2, current agent count: 5


Iteration 0, Turn 3, current agent count: 5


Iteration 0, Turn 4, current agent count: 5
--------End of iteration 0---------
--------Start of iteration 1---------


Iteration 1, Turn 0, current agent count: 5


Iteration 1, Turn 1, current agent count: 5


Iteration 1, Turn 2, current agent count: 5


Iteration 1, Turn 3, current agent count: 5


Iteration 1, Turn 4, current agent count: 5
--------End of iteration 1---------
--------Start of iteration 2---------


Iteration 2, Turn 0, current agent count: 5


Iteration 2, Turn 1, current agent count: 5


Iteration 2, Turn 2, current agent count: 5


Iteration 2, Turn 3, current agent count: 5


Iteration 2, Turn 4, current agent count: 5
--------End of iteration 2---------


GamePlaybackSummary - playing 18 turn records

Iteration 0, Turn 0:

Iteration 0, Turn 0:
Agent 1ecb192f-3d01-4afd-ab7b-65ce8b3b26d5: 
Agent ID: 1ecb192f-3d01-4afd-ab7b-65ce8b3b26d5
Agent 5b78846c-bf47-43a0-ba77-e6c73e26c79c: 
Agent ID: 5b78846c-bf47-43a0-ba77-e6c73e26c79c
Agent 8055c298-b8ec-4e80-a3a6-c8bd177c1907: 
Agent ID: 8055c298-b8ec-4e80-a3a6-c8bd177c1907
Agent 8d80538f-2868-472e-a704-f451c4be6574: 
Agent ID: 8d80538f-2868-472e-a704-f451c4be6574
Agent fe49c6cc-74a8-410a-b5cc-994cff99020f: 
Agent ID: fe49c6cc-74a8-410a-b5cc-994cff99020f

Iteration 0, Turn 1:
Agent 1ecb192f-3d01-4afd-ab7b-65ce8b3b26d5: 
[DEAD] 
Agent ID: 1ecb192f-3d01-4afd-ab7b-65ce8b3b26d5
Agent 5b78846c-bf47-43a0-ba77-e6c73e26c79c: 
[DEAD] 
Agent ID: 5b78846c-bf47-43a0-ba77-e6c73e26c79c
Agent 8055c298-b8ec-4e80-a3a6-c8bd177c1907: 
[DEAD] 
Agent ID: 8055c298-b8ec-4e80-a3a6-c8bd177c1907
Agent 8d80538f-2868-472e-a704-f451c4be6574: 
Agent ID: 8d80538f-2868-472e-a704-f451c4be6574
Agent fe49c6cc-74a8-410a-b5cc-994cff99020f: 
[DEAD] 
Agent ID: fe49c6cc-74a8-410a-b5cc-994cff99020f

Iteration 0, Turn 2:
Agent 1ecb192f-3d01-4afd-ab7b-65ce8b3b26d5: 
[DEAD] 
Agent ID: 1ecb192f-3d01-4afd-ab7b-65ce8b3b26d5
Agent 5b78846c-bf47-43a0-ba77-e6c73e26c79c: 
[DEAD] 
Agent ID: 5b78846c-bf47-43a0-ba77-e6c73e26c79c
Agent 8055c298-b8ec-4e80-a3a6-c8bd177c1907: 
[DEAD] 
Agent ID: 8055c298-b8ec-4e80-a3a6-c8bd177c1907
Agent 8d80538f-2868-472e-a704-f451c4be6574: 
Agent ID: 8d80538f-2868-472e-a704-f451c4be6574
Agent fe49c6cc-74a8-410a-b5cc-994cff99020f: 
[DEAD] 
Agent ID: fe49c6cc-74a8-410a-b5cc-994cff99020f

Iteration 0, Turn 3:
Agent 1ecb192f-3d01-4afd-ab7b-65ce8b3b26d5: 
[DEAD] 
Agent ID: 1ecb192f-3d01-4afd-ab7b-65ce8b3b26d5
Agent 5b78846c-bf47-43a0-ba77-e6c73e26c79c: 
[DEAD] 
Agent ID: 5b78846c-bf47-43a0-ba77-e6c73e26c79c
Agent 8055c298-b8ec-4e80-a3a6-c8bd177c1907: 
[DEAD] 
Agent ID: 8055c298-b8ec-4e80-a3a6-c8bd177c1907
Agent 8d80538f-2868-472e-a704-f451c4be6574: 
Agent ID: 8d80538f-2868-472e-a704-f451c4be6574
Agent fe49c6cc-74a8-410a-b5cc-994cff99020f: 
[DEAD] 
Agent ID: fe49c6cc-74a8-410a-b5cc-994cff99020f

Iteration 0, Turn 4:
Agent 1ecb192f-3d01-4afd-ab7b-65ce8b3b26d5: 
[DEAD] 
Agent ID: 1ecb192f-3d01-4afd-ab7b-65ce8b3b26d5
Agent 5b78846c-bf47-43a0-ba77-e6c73e26c79c: 
[DEAD] 
Agent ID: 5b78846c-bf47-43a0-ba77-e6c73e26c79c
Agent 8055c298-b8ec-4e80-a3a6-c8bd177c1907: 
[DEAD] 
Agent ID: 8055c298-b8ec-4e80-a3a6-c8bd177c1907
Agent 8d80538f-2868-472e-a704-f451c4be6574: 
Agent ID: 8d80538f-2868-472e-a704-f451c4be6574
Agent fe49c6cc-74a8-410a-b5cc-994cff99020f: 
[DEAD] 
Agent ID: fe49c6cc-74a8-410a-b5cc-994cff99020f

Iteration 1, Turn 0:

Iteration 1, Turn 0:
Agent 1ecb192f-3d01-4afd-ab7b-65ce8b3b26d5: 
[DEAD] 
Agent ID: 1ecb192f-3d01-4afd-ab7b-65ce8b3b26d5
Agent 5b78846c-bf47-43a0-ba77-e6c73e26c79c: 
[DEAD] 
Agent ID: 5b78846c-bf47-43a0-ba77-e6c73e26c79c
Agent 8055c298-b8ec-4e80-a3a6-c8bd177c1907: 
[DEAD] 
Agent ID: 8055c298-b8ec-4e80-a3a6-c8bd177c1907
Agent 8d80538f-2868-472e-a704-f451c4be6574: 
Agent ID: 8d80538f-2868-472e-a704-f451c4be6574
Agent fe49c6cc-74a8-410a-b5cc-994cff99020f: 
[DEAD] 
Agent ID: fe49c6cc-74a8-410a-b5cc-994cff99020f

Iteration 1, Turn 1:
Agent 1ecb192f-3d01-4afd-ab7b-65ce8b3b26d5: 
[DEAD] 
Agent ID: 1ecb192f-3d01-4afd-ab7b-65ce8b3b26d5
Agent 5b78846c-bf47-43a0-ba77-e6c73e26c79c: 
[DEAD] 
Agent ID: 5b78846c-bf47-43a0-ba77-e6c73e26c79c
Agent 8055c298-b8ec-4e80-a3a6-c8bd177c1907: 
[DEAD] 
Agent ID: 8055c298-b8ec-4e80-a3a6-c8bd177c1907
Agent 8d80538f-2868-472e-a704-f451c4be6574: 
Agent ID: 8d80538f-2868-472e-a704-f451c4be6574
Agent fe49c6cc-74a8-410a-b5cc-994cff99020f: 
[DEAD] 
Agent ID: fe49c6cc-74a8-410a-b5cc-994cff99020f

Iteration 1, Turn 2:
Agent 1ecb192f-3d01-4afd-ab7b-65ce8b3b26d5: 
[DEAD] 
Agent ID: 1ecb192f-3d01-4afd-ab7b-65ce8b3b26d5
Agent 5b78846c-bf47-43a0-ba77-e6c73e26c79c: 
[DEAD] 
Agent ID: 5b78846c-bf47-43a0-ba77-e6c73e26c79c
Agent 8055c298-b8ec-4e80-a3a6-c8bd177c1907: 
[DEAD] 
Agent ID: 8055c298-b8ec-4e80-a3a6-c8bd177c1907
Agent 8d80538f-2868-472e-a704-f451c4be6574: 
[DEAD] 
Agent ID: 8d80538f-2868-472e-a704-f451c4be6574
Agent fe49c6cc-74a8-410a-b5cc-994cff99020f: 
[DEAD] 
Agent ID: fe49c6cc-74a8-410a-b5cc-994cff99020f

Iteration 1, Turn 3:
Agent 1ecb192f-3d01-4afd-ab7b-65ce8b3b26d5: 
[DEAD] 
Agent ID: 1ecb192f-3d01-4afd-ab7b-65ce8b3b26d5
Agent 5b78846c-bf47-43a0-ba77-e6c73e26c79c: 
[DEAD] 
Agent ID: 5b78846c-bf47-43a0-ba77-e6c73e26c79c
Agent 8055c298-b8ec-4e80-a3a6-c8bd177c1907: 
[DEAD] 
Agent ID: 8055c298-b8ec-4e80-a3a6-c8bd177c1907
Agent 8d80538f-2868-472e-a704-f451c4be6574: 
[DEAD] 
Agent ID: 8d80538f-2868-472e-a704-f451c4be6574
Agent fe49c6cc-74a8-410a-b5cc-994cff99020f: 
[DEAD] 
Agent ID: fe49c6cc-74a8-410a-b5cc-994cff99020f

Iteration 1, Turn 4:
Agent 1ecb192f-3d01-4afd-ab7b-65ce8b3b26d5: 
[DEAD] 
Agent ID: 1ecb192f-3d01-4afd-ab7b-65ce8b3b26d5
Agent 5b78846c-bf47-43a0-ba77-e6c73e26c79c: 
[DEAD] 
Agent ID: 5b78846c-bf47-43a0-ba77-e6c73e26c79c
Agent 8055c298-b8ec-4e80-a3a6-c8bd177c1907: 
[DEAD] 
Agent ID: 8055c298-b8ec-4e80-a3a6-c8bd177c1907
Agent 8d80538f-2868-472e-a704-f451c4be6574: 
[DEAD] 
Agent ID: 8d80538f-2868-472e-a704-f451c4be6574
Agent fe49c6cc-74a8-410a-b5cc-994cff99020f: 
[DEAD] 
Agent ID: fe49c6cc-74a8-410a-b5cc-994cff99020f

Iteration 2, Turn 0:

Iteration 2, Turn 0:
Agent 1ecb192f-3d01-4afd-ab7b-65ce8b3b26d5: 
[DEAD] 
Agent ID: 1ecb192f-3d01-4afd-ab7b-65ce8b3b26d5
Agent 5b78846c-bf47-43a0-ba77-e6c73e26c79c: 
[DEAD] 
Agent ID: 5b78846c-bf47-43a0-ba77-e6c73e26c79c
Agent 8055c298-b8ec-4e80-a3a6-c8bd177c1907: 
[DEAD] 
Agent ID: 8055c298-b8ec-4e80-a3a6-c8bd177c1907
Agent 8d80538f-2868-472e-a704-f451c4be6574: 
[DEAD] 
Agent ID: 8d80538f-2868-472e-a704-f451c4be6574
Agent fe49c6cc-74a8-410a-b5cc-994cff99020f: 
[DEAD] 
Agent ID: fe49c6cc-74a8-410a-b5cc-994cff99020f

Iteration 2, Turn 1:
Agent 1ecb192f-3d01-4afd-ab7b-65ce8b3b26d5: 
[DEAD] 
Agent ID: 1ecb192f-3d01-4afd-ab7b-65ce8b3b26d5
Agent 5b78846c-bf47-43a0-ba77-e6c73e26c79c: 
[DEAD] 
Agent ID: 5b78846c-bf47-43a0-ba77-e6c73e26c79c
Agent 8055c298-b8ec-4e80-a3a6-c8bd177c1907: 
[DEAD] 
Agent ID: 8055c298-b8ec-4e80-a3a6-c8bd177c1907
Agent 8d80538f-2868-472e-a704-f451c4be6574: 
[DEAD] 
Agent ID: 8d80538f-2868-472e-a704-f451c4be6574
Agent fe49c6cc-74a8-410a-b5cc-994cff99020f: 
[DEAD] 
Agent ID: fe49c6cc-74a8-410a-b5cc-994cff99020f

Iteration 2, Turn 2:
Agent 1ecb192f-3d01-4afd-ab7b-65ce8b3b26d5: 
[DEAD] 
Agent ID: 1ecb192f-3d01-4afd-ab7b-65ce8b3b26d5
Agent 5b78846c-bf47-43a0-ba77-e6c73e26c79c: 
[DEAD] 
Agent ID: 5b78846c-bf47-43a0-ba77-e6c73e26c79c
Agent 8055c298-b8ec-4e80-a3a6-c8bd177c1907: 
[DEAD] 
Agent ID: 8055c298-b8ec-4e80-a3a6-c8bd177c1907
Agent 8d80538f-2868-472e-a704-f451c4be6574: 
[DEAD] 
Agent ID: 8d80538f-2868-472e-a704-f451c4be6574
Agent fe49c6cc-74a8-410a-b5cc-994cff99020f: 
[DEAD] 
Agent ID: fe49c6cc-74a8-410a-b5cc-994cff99020f

Iteration 2, Turn 3:
Agent 1ecb192f-3d01-4afd-ab7b-65ce8b3b26d5: 
[DEAD] 
Agent ID: 1ecb192f-3d01-4afd-ab7b-65ce8b3b26d5
Agent 5b78846c-bf47-43a0-ba77-e6c73e26c79c: 
[DEAD] 
Agent ID: 5b78846c-bf47-43a0-ba77-e6c73e26c79c
Agent 8055c298-b8ec-4e80-a3a6-c8bd177c1907: 
[DEAD] 
Agent ID: 8055c298-b8ec-4e80-a3a6-c8bd177c1907
Agent 8d80538f-2868-472e-a704-f451c4be6574: 
[DEAD] 
Agent ID: 8d80538f-2868-472e-a704-f451c4be6574
Agent fe49c6cc-74a8-410a-b5cc-994cff99020f: 
[DEAD] 
Agent ID: fe49c6cc-74a8-410a-b5cc-994cff99020f

Iteration 2, Turn 4:
Agent 1ecb192f-3d01-4afd-ab7b-65ce8b3b26d5: 
[DEAD] 
Agent ID: 1ecb192f-3d01-4afd-ab7b-65ce8b3b26d5
Agent 5b78846c-bf47-43a0-ba77-e6c73e26c79c: 
[DEAD] 
Agent ID: 5b78846c-bf47-43a0-ba77-e6c73e26c79c
Agent 8055c298-b8ec-4e80-a3a6-c8bd177c1907: 
[DEAD] 
Agent ID: 8055c298-b8ec-4e80-a3a6-c8bd177c1907
Agent 8d80538f-2868-472e-a704-f451c4be6574: 
[DEAD] 
Agent ID: 8d80538f-2868-472e-a704-f451c4be6574
Agent fe49c6cc-74a8-410a-b5cc-994cff99020f: 
[DEAD] 
Agent ID: fe49c6cc-74a8-410a-b5cc-994cff99020f
