main function started.
--------Start of iteration 0---------


Iteration 0, Turn 0, current agent count: 5


Iteration 0, Turn 1, current agent count: 5


Iteration 0, Turn 2, current agent count: 5


Iteration 0, Turn 3, current agent count: 5


Iteration 0, Turn 4, current agent count: 5
--------End of iteration 0---------
--------Start of iteration 1---------


Iteration 1, Turn 0, current agent count: 5


Iteration 1, Turn 1, current agent count: 5


Iteration 1, Turn 2, current agent count: 5


Iteration 1, Turn 3, current agent count: 5


Iteration 1, Turn 4, current agent count: 5
--------End of iteration 1---------
--------Start of iteration 2---------


Iteration 2, Turn 0, current agent count: 5


Iteration 2, Turn 1, current agent count: 5


Iteration 2, Turn 2, current agent count: 5


Iteration 2, Turn 3, current agent count: 5


Iteration 2, Turn 4, current agent count: 5
--------End of iteration 2---------


GamePlaybackSummary - playing 18 turn records

Iteration 0, Turn 0:

Iteration 0, Turn 1:
Agent 256f287f-32f8-45c6-93a7-15c4a77f827e: 
Agent ID: 256f287f-32f8-45c6-93a7-15c4a77f827e
Agent 3dd4493c-c823-4c5e-a340-05d4e7304214: 
Agent ID: 3dd4493c-c823-4c5e-a340-05d4e7304214
Agent 508e417b-0887-4453-93fc-24c56ffa8c84: 
[DEAD] 
Agent ID: 508e417b-0887-4453-93fc-24c56ffa8c84
Agent 50a6bb00-13fb-4092-9900-460a18863fcf: 
[DEAD] 
Agent ID: 50a6bb00-13fb-4092-9900-460a18863fcf
Agent d52775e4-9bde-4ba6-a4ce-019d7def92da: 
Agent ID: d52775e4-9bde-4ba6-a4ce-019d7def92da

Iteration 0, Turn 2:
Agent 256f287f-32f8-45c6-93a7-15c4a77f827e: 
[DEAD] 
Agent ID: 256f287f-32f8-45c6-93a7-15c4a77f827e
Agent 3dd4493c-c823-4c5e-a340-05d4e7304214: 
[DEAD] 
Agent ID: 3dd4493c-c823-4c5e-a340-05d4e7304214
Agent 508e417b-0887-4453-93fc-24c56ffa8c84: 
[DEAD] 
Agent ID: 508e417b-0887-4453-93fc-24c56ffa8c84
Agent 50a6bb00-13fb-4092-9900-460a18863fcf: 
[DEAD] 
Agent ID: 50a6bb00-13fb-4092-9900-460a18863fcf
Agent d52775e4-9bde-4ba6-a4ce-019d7def92da: 
Agent ID: d52775e4-9bde-4ba6-a4ce-019d7def92da

Iteration 0, Turn 3:
Agent 256f287f-32f8-45c6-93a7-15c4a77f827e: 
[DEAD] 
Agent ID: 256f287f-32f8-45c6-93a7-15c4a77f827e
Agent 3dd4493c-c823-4c5e-a340-05d4e7304214: 
[DEAD] 
Agent ID: 3dd4493c-c823-4c5e-a340-05d4e7304214
Agent 508e417b-0887-4453-93fc-24c56ffa8c84: 
[DEAD] 
Agent ID: 508e417b-0887-4453-93fc-24c56ffa8c84
Agent 50a6bb00-13fb-4092-9900-460a18863fcf: 
[DEAD] 
Agent ID: 50a6bb00-13fb-4092-9900-460a18863fcf
Agent d52775e4-9bde-4ba6-a4ce-019d7def92da: 
[DEAD] 
Agent ID: d52775e4-9bde-4ba6-a4ce-019d7def92da

Iteration 0, Turn 4:
Agent 256f287f-32f8-45c6-93a7-15c4a77f827e: 
[DEAD] 
Agent ID: 256f287f-32f8-45c6-93a7-15c4a77f827e
Agent 3dd4493c-c823-4c5e-a340-05d4e7304214: 
[DEAD] 
Agent ID: 3dd4493c-c823-4c5e-a340-05d4e7304214
Agent 508e417b-0887-4453-93fc-24c56ffa8c84: 
[DEAD] 
Agent ID: 508e417b-0887-4453-93fc-24c56ffa8c84
Agent 50a6bb00-13fb-4092-9900-460a18863fcf: 
[DEAD] 
Agent ID: 50a6bb00-13fb-4092-9900-460a18863fcf
Agent d52775e4-9bde-4ba6-a4ce-019d7def92da: 
[DEAD] 
Agent ID: d52775e4-9bde-4ba6-a4ce-019d7def92da

Iteration 0, Turn 5:
Agent 256f287f-32f8-45c6-93a7-15c4a77f827e: 
[DEAD] 
Agent ID: 256f287f-32f8-45c6-93a7-15c4a77f827e
Agent 3dd4493c-c823-4c5e-a340-05d4e7304214: 
[DEAD] 
Agent ID: 3dd4493c-c823-4c5e-a340-05d4e7304214
Agent 508e417b-0887-4453-93fc-24c56ffa8c84: 
[DEAD] 
Agent ID: 508e417b-0887-4453-93fc-24c56ffa8c84
Agent 50a6bb00-13fb-4092-9900-460a18863fcf: 
[DEAD] 
Agent ID: 50a6bb00-13fb-4092-9900-460a18863fcf
Agent d52775e4-9bde-4ba6-a4ce-019d7def92da: 
[DEAD] 
Agent ID: d52775e4-9bde-4ba6-a4ce-019d7def92da

Iteration 1, Turn 0:

Iteration 1, Turn 1:
Agent 256f287f-32f8-45c6-93a7-15c4a77f827e: 
[DEAD] 
Agent ID: 256f287f-32f8-45c6-93a7-15c4a77f827e
Agent 3dd4493c-c823-4c5e-a340-05d4e7304214: 
[DEAD] 
Agent ID: 3dd4493c-c823-4c5e-a340-05d4e7304214
Agent 508e417b-0887-4453-93fc-24c56ffa8c84: 
[DEAD] 
Agent ID: 508e417b-0887-4453-93fc-24c56ffa8c84
Agent 50a6bb00-13fb-4092-9900-460a18863fcf: 
[DEAD] 
Agent ID: 50a6bb00-13fb-4092-9900-460a18863fcf
Agent d52775e4-9bde-4ba6-a4ce-019d7def92da: 
[DEAD] 
Agent ID: d52775e4-9bde-4ba6-a4ce-019d7def92da

Iteration 1, Turn 2:
Agent 256f287f-32f8-45c6-93a7-15c4a77f827e: 
[DEAD] 
Agent ID: 256f287f-32f8-45c6-93a7-15c4a77f827e
Agent 3dd4493c-c823-4c5e-a340-05d4e7304214: 
[DEAD] 
Agent ID: 3dd4493c-c823-4c5e-a340-05d4e7304214
Agent 508e417b-0887-4453-93fc-24c56ffa8c84: 
[DEAD] 
Agent ID: 508e417b-0887-4453-93fc-24c56ffa8c84
Agent 50a6bb00-13fb-4092-9900-460a18863fcf: 
[DEAD] 
Agent ID: 50a6bb00-13fb-4092-9900-460a18863fcf
Agent d52775e4-9bde-4ba6-a4ce-019d7def92da: 
[DEAD] 
Agent ID: d52775e4-9bde-4ba6-a4ce-019d7def92da

Iteration 1, Turn 3:
Agent 256f287f-32f8-45c6-93a7-15c4a77f827e: 
[DEAD] 
Agent ID: 256f287f-32f8-45c6-93a7-15c4a77f827e
Agent 3dd4493c-c823-4c5e-a340-05d4e7304214: 
[DEAD] 
Agent ID: 3dd4493c-c823-4c5e-a340-05d4e7304214
Agent 508e417b-0887-4453-93fc-24c56ffa8c84: 
[DEAD] 
Agent ID: 508e417b-0887-4453-93fc-24c56ffa8c84
Agent 50a6bb00-13fb-4092-9900-460a18863fcf: 
[DEAD] 
Agent ID: 50a6bb00-13fb-4092-9900-460a18863fcf
Agent d52775e4-9bde-4ba6-a4ce-019d7def92da: 
[DEAD] 
Agent ID: d52775e4-9bde-4ba6-a4ce-019d7def92da

Iteration 1, Turn 4:
Agent 256f287f-32f8-45c6-93a7-15c4a77f827e: 
[DEAD] 
Agent ID: 256f287f-32f8-45c6-93a7-15c4a77f827e
Agent 3dd4493c-c823-4c5e-a340-05d4e7304214: 
[DEAD] 
Agent ID: 3dd4493c-c823-4c5e-a340-05d4e7304214
Agent 508e417b-0887-4453-93fc-24c56ffa8c84: 
[DEAD] 
Agent ID: 508e417b-0887-4453-93fc-24c56ffa8c84
Agent 50a6bb00-13fb-4092-9900-460a18863fcf: 
[DEAD] 
Agent ID: 50a6bb00-13fb-4092-9900-460a18863fcf
Agent d52775e4-9bde-4ba6-a4ce-019d7def92da: 
[DEAD] 
Agent ID: d52775e4-9bde-4ba6-a4ce-019d7def92da

Iteration 1, Turn 5:
Agent 256f287f-32f8-45c6-93a7-15c4a77f827e: 
[DEAD] 
Agent ID: 256f287f-32f8-45c6-93a7-15c4a77f827e
Agent 3dd4493c-c823-4c5e-a340-05d4e7304214: 
[DEAD] 
Agent ID: 3dd4493c-c823-4c5e-a340-05d4e7304214
Agent 508e417b-0887-4453-93fc-24c56ffa8c84: 
[DEAD] 
Agent ID: 508e417b-0887-4453-93fc-24c56ffa8c84
Agent 50a6bb00-13fb-4092-9900-460a18863fcf: 
[DEAD] 
Agent ID: 50a6bb00-13fb-4092-9900-460a18863fcf
Agent d52775e4-9bde-4ba6-a4ce-019d7def92da: 
[DEAD] 
Agent ID: d52775e4-9bde-4ba6-a4ce-019d7def92da

Iteration 2, Turn 0:

Iteration 2, Turn 1:
Agent 256f287f-32f8-45c6-93a7-15c4a77f827e: 
[DEAD] 
Agent ID: 256f287f-32f8-45c6-93a7-15c4a77f827e
Agent 3dd4493c-c823-4c5e-a340-05d4e7304214: 
[DEAD] 
Agent ID: 3dd4493c-c823-4c5e-a340-05d4e7304214
Agent 508e417b-0887-4453-93fc-24c56ffa8c84: 
[DEAD] 
Agent ID: 508e417b-0887-4453-93fc-24c56ffa8c84
Agent 50a6bb00-13fb-4092-9900-460a18863fcf: 
[DEAD] 
Agent ID: 50a6bb00-13fb-4092-9900-460a18863fcf
Agent d52775e4-9bde-4ba6-a4ce-019d7def92da: 
[DEAD] 
Agent ID: d52775e4-9bde-4ba6-a4ce-019d7def92da

Iteration 2, Turn 2:
Agent 256f287f-32f8-45c6-93a7-15c4a77f827e: 
[DEAD] 
Agent ID: 256f287f-32f8-45c6-93a7-15c4a77f827e
Agent 3dd4493c-c823-4c5e-a340-05d4e7304214: 
[DEAD] 
Agent ID: 3dd4493c-c823-4c5e-a340-05d4e7304214
Agent 508e417b-0887-4453-93fc-24c56ffa8c84: 
[DEAD] 
Agent ID: 508e417b-0887-4453-93fc-24c56ffa8c84
Agent 50a6bb00-13fb-4092-9900-460a18863fcf: 
[DEAD] 
Agent ID: 50a6bb00-13fb-4092-9900-460a18863fcf
Agent d52775e4-9bde-4ba6-a4ce-019d7def92da: 
[DEAD] 
Agent ID: d52775e4-9bde-4ba6-a4ce-019d7def92da

Iteration 2, Turn 3:
Agent 256f287f-32f8-45c6-93a7-15c4a77f827e: 
[DEAD] 
Agent ID: 256f287f-32f8-45c6-93a7-15c4a77f827e
Agent 3dd4493c-c823-4c5e-a340-05d4e7304214: 
[DEAD] 
Agent ID: 3dd4493c-c823-4c5e-a340-05d4e7304214
Agent 508e417b-0887-4453-93fc-24c56ffa8c84: 
[DEAD] 
Agent ID: 508e417b-0887-4453-93fc-24c56ffa8c84
Agent 50a6bb00-13fb-4092-9900-460a18863fcf: 
[DEAD] 
Agent ID: 50a6bb00-13fb-4092-9900-460a18863fcf
Agent d52775e4-9bde-4ba6-a4ce-019d7def92da: 
[DEAD] 
Agent ID: d52775e4-9bde-4ba6-a4ce-019d7def92da

Iteration 2, Turn 4:
Agent 256f287f-32f8-45c6-93a7-15c4a77f827e: 
[DEAD] 
Agent ID: 256f287f-32f8-45c6-93a7-15c4a77f827e
Agent 3dd4493c-c823-4c5e-a340-05d4e7304214: 
[DEAD] 
Agent ID: 3dd4493c-c823-4c5e-a340-05d4e7304214
Agent 508e417b-0887-4453-93fc-24c56ffa8c84: 
[DEAD] 
Agent ID: 508e417b-0887-4453-93fc-24c56ffa8c84
Agent 50a6bb00-13fb-4092-9900-460a18863fcf: 
[DEAD] 
Agent ID: 50a6bb00-13fb-4092-9900-460a18863fcf
Agent d52775e4-9bde-4ba6-a4ce-019d7def92da: 
[DEAD] 
Agent ID: d52775e4-9bde-4ba6-a4ce-019d7def92da

Iteration 2, Turn 5:
Agent 256f287f-32f8-45c6-93a7-15c4a77f827e: 
[DEAD] 
Agent ID: 256f287f-32f8-45c6-93a7-15c4a77f827e
Agent 3dd4493c-c823-4c5e-a340-05d4e7304214: 
[DEAD] 
Agent ID: 3dd4493c-c823-4c5e-a340-05d4e7304214
Agent 508e417b-0887-4453-93fc-24c56ffa8c84: 
[DEAD] 
Agent ID: 508e417b-0887-4453-93fc-24c56ffa8c84
Agent 50a6bb00-13fb-4092-9900-460a18863fcf: 
[DEAD] 
Agent ID: 50a6bb00-13fb-4092-9900-460a18863fcf
Agent d52775e4-9bde-4ba6-a4ce-019d7def92da: 
[DEAD] 
Agent ID: d52775e4-9bde-4ba6-a4ce-019d7def92da
