main function started.
--------Start of iteration 0---------


Iteration 0, Turn 0, current agent count: 20


Iteration 0, Turn 1, current agent count: 20


Iteration 0, Turn 2, current agent count: 20


Iteration 0, Turn 3, current agent count: 20


Iteration 0, Turn 4, current agent count: 20
--------End of iteration 0---------
--------Start of iteration 1---------


Iteration 1, Turn 0, current agent count: 20


Iteration 1, Turn 1, current agent count: 20


Iteration 1, Turn 2, current agent count: 20


Iteration 1, Turn 3, current agent count: 20


Iteration 1, Turn 4, current agent count: 20
--------End of iteration 1---------
--------Start of iteration 2---------


Iteration 2, Turn 0, current agent count: 20


Iteration 2, Turn 1, current agent count: 20


Iteration 2, Turn 2, current agent count: 20


Iteration 2, Turn 3, current agent count: 20


Iteration 2, Turn 4, current agent count: 20
--------End of iteration 2---------


GamePlaybackSummary - playing 18 turn records

Iteration 0, Turn 0:

Iteration 0, Turn 0:
Agent 00342584-4d55-47bc-92be-42a5feb81782: 
Agent ID: 00342584-4d55-47bc-92be-42a5feb81782
Agent 07ea4492-1433-4505-91ce-8ed8ae9ccee8: 
Agent ID: 07ea4492-1433-4505-91ce-8ed8ae9ccee8
Agent 0b1960a2-e86a-4cc1-8aac-d4f156253c4f: 
Agent ID: 0b1960a2-e86a-4cc1-8aac-d4f156253c4f
Agent 15ca64d8-ae08-43f0-854c-052f76ad0825: 
Agent ID: 15ca64d8-ae08-43f0-854c-052f76ad0825
Agent 32ccd926-0701-4c05-aac0-60510abfbd86: 
Agent ID: 32ccd926-0701-4c05-aac0-60510abfbd86
Agent 3731198e-431f-4b8c-909b-56c2a984229b: 
Agent ID: 3731198e-431f-4b8c-909b-56c2a984229b
Agent 4564bade-b599-49ac-b68b-3a0d0210b79e: 
Agent ID: 4564bade-b599-49ac-b68b-3a0d0210b79e
Agent 5677dd26-efbe-408f-94e6-0f2530d6c816: 
Agent ID: 5677dd26-efbe-408f-94e6-0f2530d6c816
Agent 5b42a2f1-fe82-4480-98db-6b0ab22f8774: 
Agent ID: 5b42a2f1-fe82-4480-98db-6b0ab22f8774
Agent 654644bb-3923-4bba-953d-50b15016b808: 
Agent ID: 654644bb-3923-4bba-953d-50b15016b808
Agent 701e79d6-63f7-42a6-a903-e6102f5300db: 
Agent ID: 701e79d6-63f7-42a6-a903-e6102f5300db
Agent 73e9991c-2710-4a51-b58a-18a329351a7a: 
Agent ID: 73e9991c-2710-4a51-b58a-18a329351a7a
Agent 80ed86e7-fb59-49ca-98da-d5076d78c517: 
Agent ID: 80ed86e7-fb59-49ca-98da-d5076d78c517
Agent 89459903-ac37-409b-a05c-ca1d6d241aa4: 
Agent ID: 89459903-ac37-409b-a05c-ca1d6d241aa4
Agent 95779b63-6093-416b-bf03-47185dffd6f2: 
Agent ID: 95779b63-6093-416b-bf03-47185dffd6f2
Agent a124fee7-8cd7-4ab6-b230-4580ce82d485: 
Agent ID: a124fee7-8cd7-4ab6-b230-4580ce82d485
Agent b903842e-453f-41fa-93e8-e1705efc6b3e: 
Agent ID: b903842e-453f-41fa-93e8-e1705efc6b3e
Agent d7b24bb9-777d-4e8f-82ca-23294ecc2784: 
Agent ID: d7b24bb9-777d-4e8f-82ca-23294ecc2784
Agent eb6c371c-76ef-4dee-9ab2-564852b9944a: 
Agent ID: eb6c371c-76ef-4dee-9ab2-564852b9944a
Agent f63df621-889a-4fc0-9ca8-0b5a47bf8d55: 
Agent ID: f63df621-889a-4fc0-9ca8-0b5a47bf8d55

Iteration 0, Turn 1:
Agent 00342584-4d55-47bc-92be-42a5feb81782: 
[DEAD] 
Agent ID: 00342584-4d55-47bc-92be-42a5feb81782
Agent 07ea4492-1433-4505-91ce-8ed8ae9ccee8: 
[DEAD] 
Agent ID: 07ea4492-1433-4505-91ce-8ed8ae9ccee8
Agent 0b1960a2-e86a-4cc1-8aac-d4f156253c4f: 
[DEAD] 
Agent ID: 0b1960a2-e86a-4cc1-8aac-d4f156253c4f
Agent 15ca64d8-ae08-43f0-854c-052f76ad0825: 
[DEAD] 
Agent ID: 15ca64d8-ae08-43f0-854c-052f76ad0825
Agent 32ccd926-0701-4c05-aac0-60510abfbd86: 
[DEAD] 
Agent ID: 32ccd926-0701-4c05-aac0-60510abfbd86
Agent 3731198e-431f-4b8c-909b-56c2a984229b: 
[DEAD] 
Agent ID: 3731198e-431f-4b8c-909b-56c2a984229b
Agent 4564bade-b599-49ac-b68b-3a0d0210b79e: 
[DEAD] 
Agent ID: 4564bade-b599-49ac-b68b-3a0d0210b79e
Agent 5677dd26-efbe-408f-94e6-0f2530d6c816: 
[DEAD] 
Agent ID: 5677dd26-efbe-408f-94e6-0f2530d6c816
Agent 5b42a2f1-fe82-4480-98db-6b0ab22f8774: 
[DEAD] 
Agent ID: 5b42a2f1-fe82-4480-98db-6b0ab22f8774
Agent 654644bb-3923-4bba-953d-50b15016b808: 
[DEAD] 
Agent ID: 654644bb-3923-4bba-953d-50b15016b808
Agent 701e79d6-63f7-42a6-a903-e6102f5300db: 
[DEAD] 
Agent ID: 701e79d6-63f7-42a6-a903-e6102f5300db
Agent 73e9991c-2710-4a51-b58a-18a329351a7a: 
[DEAD] 
Agent ID: 73e9991c-2710-4a51-b58a-18a329351a7a
Agent 80ed86e7-fb59-49ca-98da-d5076d78c517: 
[DEAD] 
Agent ID: 80ed86e7-fb59-49ca-98da-d5076d78c517
Agent 89459903-ac37-409b-a05c-ca1d6d241aa4: 
[DEAD] 
Agent ID: 89459903-ac37-409b-a05c-ca1d6d241aa4
Agent 95779b63-6093-416b-bf03-47185dffd6f2: 
[DEAD] 
Agent ID: 95779b63-6093-416b-bf03-47185dffd6f2
Agent a124fee7-8cd7-4ab6-b230-4580ce82d485: 
[DEAD] 
Agent ID: a124fee7-8cd7-4ab6-b230-4580ce82d485
Agent b903842e-453f-41fa-93e8-e1705efc6b3e: 
[DEAD] 
Agent ID: b903842e-453f-41fa-93e8-e1705efc6b3e
Agent d7b24bb9-777d-4e8f-82ca-23294ecc2784: 
[DEAD] 
Agent ID: d7b24bb9-777d-4e8f-82ca-23294ecc2784
Agent eb6c371c-76ef-4dee-9ab2-564852b9944a: 
[DEAD] 
Agent ID: eb6c371c-76ef-4dee-9ab2-564852b9944a
Agent f63df621-889a-4fc0-9ca8-0b5a47bf8d55: 
[DEAD] 
Agent ID: f63df621-889a-4fc0-9ca8-0b5a47bf8d55

Iteration 0, Turn 2:
Agent 00342584-4d55-47bc-92be-42a5feb81782: 
[DEAD] 
Agent ID: 00342584-4d55-47bc-92be-42a5feb81782
Agent 07ea4492-1433-4505-91ce-8ed8ae9ccee8: 
[DEAD] 
Agent ID: 07ea4492-1433-4505-91ce-8ed8ae9ccee8
Agent 0b1960a2-e86a-4cc1-8aac-d4f156253c4f: 
[DEAD] 
Agent ID: 0b1960a2-e86a-4cc1-8aac-d4f156253c4f
Agent 15ca64d8-ae08-43f0-854c-052f76ad0825: 
[DEAD] 
Agent ID: 15ca64d8-ae08-43f0-854c-052f76ad0825
Agent 32ccd926-0701-4c05-aac0-60510abfbd86: 
[DEAD] 
Agent ID: 32ccd926-0701-4c05-aac0-60510abfbd86
Agent 3731198e-431f-4b8c-909b-56c2a984229b: 
[DEAD] 
Agent ID: 3731198e-431f-4b8c-909b-56c2a984229b
Agent 4564bade-b599-49ac-b68b-3a0d0210b79e: 
[DEAD] 
Agent ID: 4564bade-b599-49ac-b68b-3a0d0210b79e
Agent 5677dd26-efbe-408f-94e6-0f2530d6c816: 
[DEAD] 
Agent ID: 5677dd26-efbe-408f-94e6-0f2530d6c816
Agent 5b42a2f1-fe82-4480-98db-6b0ab22f8774: 
[DEAD] 
Agent ID: 5b42a2f1-fe82-4480-98db-6b0ab22f8774
Agent 654644bb-3923-4bba-953d-50b15016b808: 
[DEAD] 
Agent ID: 654644bb-3923-4bba-953d-50b15016b808
Agent 701e79d6-63f7-42a6-a903-e6102f5300db: 
[DEAD] 
Agent ID: 701e79d6-63f7-42a6-a903-e6102f5300db
Agent 73e9991c-2710-4a51-b58a-18a329351a7a: 
[DEAD] 
Agent ID: 73e9991c-2710-4a51-b58a-18a329351a7a
Agent 80ed86e7-fb59-49ca-98da-d5076d78c517: 
[DEAD] 
Agent ID: 80ed86e7-fb59-49ca-98da-d5076d78c517
Agent 89459903-ac37-409b-a05c-ca1d6d241aa4: 
[DEAD] 
Agent ID: 89459903-ac37-409b-a05c-ca1d6d241aa4
Agent 95779b63-6093-416b-bf03-47185dffd6f2: 
[DEAD] 
Agent ID: 95779b63-6093-416b-bf03-47185dffd6f2
Agent a124fee7-8cd7-4ab6-b230-4580ce82d485: 
[DEAD] 
Agent ID: a124fee7-8cd7-4ab6-b230-4580ce82d485
Agent b903842e-453f-41fa-93e8-e1705efc6b3e: 
[DEAD] 
Agent ID: b903842e-453f-41fa-93e8-e1705efc6b3e
Agent d7b24bb9-777d-4e8f-82ca-23294ecc2784: 
[DEAD] 
Agent ID: d7b24bb9-777d-4e8f-82ca-23294ecc2784
Agent eb6c371c-76ef-4dee-9ab2-564852b9944a: 
[DEAD] 
Agent ID: eb6c371c-76ef-4dee-9ab2-564852b9944a
Agent f63df621-889a-4fc0-9ca8-0b5a47bf8d55: 
[DEAD] 
Agent ID: f63df621-889a-4fc0-9ca8-0b5a47bf8d55

Iteration 0, Turn 3:
Agent 00342584-4d55-47bc-92be-42a5feb81782: 
[DEAD] 
Agent ID: 00342584-4d55-47bc-92be-42a5feb81782
Agent 07ea4492-1433-4505-91ce-8ed8ae9ccee8: 
[DEAD] 
Agent ID: 07ea4492-1433-4505-91ce-8ed8ae9ccee8
Agent 0b1960a2-e86a-4cc1-8aac-d4f156253c4f: 
[DEAD] 
Agent ID: 0b1960a2-e86a-4cc1-8aac-d4f156253c4f
Agent 15ca64d8-ae08-43f0-854c-052f76ad0825: 
[DEAD] 
Agent ID: 15ca64d8-ae08-43f0-854c-052f76ad0825
Agent 32ccd926-0701-4c05-aac0-60510abfbd86: 
[DEAD] 
Agent ID: 32ccd926-0701-4c05-aac0-60510abfbd86
Agent 3731198e-431f-4b8c-909b-56c2a984229b: 
[DEAD] 
Agent ID: 3731198e-431f-4b8c-909b-56c2a984229b
Agent 4564bade-b599-49ac-b68b-3a0d0210b79e: 
[DEAD] 
Agent ID: 4564bade-b599-49ac-b68b-3a0d0210b79e
Agent 5677dd26-efbe-408f-94e6-0f2530d6c816: 
[DEAD] 
Agent ID: 5677dd26-efbe-408f-94e6-0f2530d6c816
Agent 5b42a2f1-fe82-4480-98db-6b0ab22f8774: 
[DEAD] 
Agent ID: 5b42a2f1-fe82-4480-98db-6b0ab22f8774
Agent 654644bb-3923-4bba-953d-50b15016b808: 
[DEAD] 
Agent ID: 654644bb-3923-4bba-953d-50b15016b808
Agent 701e79d6-63f7-42a6-a903-e6102f5300db: 
[DEAD] 
Agent ID: 701e79d6-63f7-42a6-a903-e6102f5300db
Agent 73e9991c-2710-4a51-b58a-18a329351a7a: 
[DEAD] 
Agent ID: 73e9991c-2710-4a51-b58a-18a329351a7a
Agent 80ed86e7-fb59-49ca-98da-d5076d78c517: 
[DEAD] 
Agent ID: 80ed86e7-fb59-49ca-98da-d5076d78c517
Agent 89459903-ac37-409b-a05c-ca1d6d241aa4: 
[DEAD] 
Agent ID: 89459903-ac37-409b-a05c-ca1d6d241aa4
Agent 95779b63-6093-416b-bf03-47185dffd6f2: 
[DEAD] 
Agent ID: 95779b63-6093-416b-bf03-47185dffd6f2
Agent a124fee7-8cd7-4ab6-b230-4580ce82d485: 
[DEAD] 
Agent ID: a124fee7-8cd7-4ab6-b230-4580ce82d485
Agent b903842e-453f-41fa-93e8-e1705efc6b3e: 
[DEAD] 
Agent ID: b903842e-453f-41fa-93e8-e1705efc6b3e
Agent d7b24bb9-777d-4e8f-82ca-23294ecc2784: 
[DEAD] 
Agent ID: d7b24bb9-777d-4e8f-82ca-23294ecc2784
Agent eb6c371c-76ef-4dee-9ab2-564852b9944a: 
[DEAD] 
Agent ID: eb6c371c-76ef-4dee-9ab2-564852b9944a
Agent f63df621-889a-4fc0-9ca8-0b5a47bf8d55: 
[DEAD] 
Agent ID: f63df621-889a-4fc0-9ca8-0b5a47bf8d55

Iteration 0, Turn 4:
Agent 00342584-4d55-47bc-92be-42a5feb81782: 
[DEAD] 
Agent ID: 00342584-4d55-47bc-92be-42a5feb81782
Agent 07ea4492-1433-4505-91ce-8ed8ae9ccee8: 
[DEAD] 
Agent ID: 07ea4492-1433-4505-91ce-8ed8ae9ccee8
Agent 0b1960a2-e86a-4cc1-8aac-d4f156253c4f: 
[DEAD] 
Agent ID: 0b1960a2-e86a-4cc1-8aac-d4f156253c4f
Agent 15ca64d8-ae08-43f0-854c-052f76ad0825: 
[DEAD] 
Agent ID: 15ca64d8-ae08-43f0-854c-052f76ad0825
Agent 32ccd926-0701-4c05-aac0-60510abfbd86: 
[DEAD] 
Agent ID: 32ccd926-0701-4c05-aac0-60510abfbd86
Agent 3731198e-431f-4b8c-909b-56c2a984229b: 
[DEAD] 
Agent ID: 3731198e-431f-4b8c-909b-56c2a984229b
Agent 4564bade-b599-49ac-b68b-3a0d0210b79e: 
[DEAD] 
Agent ID: 4564bade-b599-49ac-b68b-3a0d0210b79e
Agent 5677dd26-efbe-408f-94e6-0f2530d6c816: 
[DEAD] 
Agent ID: 5677dd26-efbe-408f-94e6-0f2530d6c816
Agent 5b42a2f1-fe82-4480-98db-6b0ab22f8774: 
[DEAD] 
Agent ID: 5b42a2f1-fe82-4480-98db-6b0ab22f8774
Agent 654644bb-3923-4bba-953d-50b15016b808: 
[DEAD] 
Agent ID: 654644bb-3923-4bba-953d-50b15016b808
Agent 701e79d6-63f7-42a6-a903-e6102f5300db: 
[DEAD] 
Agent ID: 701e79d6-63f7-42a6-a903-e6102f5300db
Agent 73e9991c-2710-4a51-b58a-18a329351a7a: 
[DEAD] 
Agent ID: 73e9991c-2710-4a51-b58a-18a329351a7a
Agent 80ed86e7-fb59-49ca-98da-d5076d78c517: 
[DEAD] 
Agent ID: 80ed86e7-fb59-49ca-98da-d5076d78c517
Agent 89459903-ac37-409b-a05c-ca1d6d241aa4: 
[DEAD] 
Agent ID: 89459903-ac37-409b-a05c-ca1d6d241aa4
Agent 95779b63-6093-416b-bf03-47185dffd6f2: 
[DEAD] 
Agent ID: 95779b63-6093-416b-bf03-47185dffd6f2
Agent a124fee7-8cd7-4ab6-b230-4580ce82d485: 
[DEAD] 
Agent ID: a124fee7-8cd7-4ab6-b230-4580ce82d485
Agent b903842e-453f-41fa-93e8-e1705efc6b3e: 
[DEAD] 
Agent ID: b903842e-453f-41fa-93e8-e1705efc6b3e
Agent d7b24bb9-777d-4e8f-82ca-23294ecc2784: 
[DEAD] 
Agent ID: d7b24bb9-777d-4e8f-82ca-23294ecc2784
Agent eb6c371c-76ef-4dee-9ab2-564852b9944a: 
[DEAD] 
Agent ID: eb6c371c-76ef-4dee-9ab2-564852b9944a
Agent f63df621-889a-4fc0-9ca8-0b5a47bf8d55: 
[DEAD] 
Agent ID: f63df621-889a-4fc0-9ca8-0b5a47bf8d55

Iteration 1, Turn 0:

Iteration 1, Turn 0:
Agent 00342584-4d55-47bc-92be-42a5feb81782: 
[DEAD] 
Agent ID: 00342584-4d55-47bc-92be-42a5feb81782
Agent 07ea4492-1433-4505-91ce-8ed8ae9ccee8: 
[DEAD] 
Agent ID: 07ea4492-1433-4505-91ce-8ed8ae9ccee8
Agent 0b1960a2-e86a-4cc1-8aac-d4f156253c4f: 
[DEAD] 
Agent ID: 0b1960a2-e86a-4cc1-8aac-d4f156253c4f
Agent 15ca64d8-ae08-43f0-854c-052f76ad0825: 
[DEAD] 
Agent ID: 15ca64d8-ae08-43f0-854c-052f76ad0825
Agent 32ccd926-0701-4c05-aac0-60510abfbd86: 
[DEAD] 
Agent ID: 32ccd926-0701-4c05-aac0-60510abfbd86
Agent 3731198e-431f-4b8c-909b-56c2a984229b: 
[DEAD] 
Agent ID: 3731198e-431f-4b8c-909b-56c2a984229b
Agent 4564bade-b599-49ac-b68b-3a0d0210b79e: 
[DEAD] 
Agent ID: 4564bade-b599-49ac-b68b-3a0d0210b79e
Agent 5677dd26-efbe-408f-94e6-0f2530d6c816: 
[DEAD] 
Agent ID: 5677dd26-efbe-408f-94e6-0f2530d6c816
Agent 5b42a2f1-fe82-4480-98db-6b0ab22f8774: 
[DEAD] 
Agent ID: 5b42a2f1-fe82-4480-98db-6b0ab22f8774
Agent 654644bb-3923-4bba-953d-50b15016b808: 
[DEAD] 
Agent ID: 654644bb-3923-4bba-953d-50b15016b808
Agent 701e79d6-63f7-42a6-a903-e6102f5300db: 
[DEAD] 
Agent ID: 701e79d6-63f7-42a6-a903-e6102f5300db
Agent 73e9991c-2710-4a51-b58a-18a329351a7a: 
[DEAD] 
Agent ID: 73e9991c-2710-4a51-b58a-18a329351a7a
Agent 80ed86e7-fb59-49ca-98da-d5076d78c517: 
[DEAD] 
Agent ID: 80ed86e7-fb59-49ca-98da-d5076d78c517
Agent 89459903-ac37-409b-a05c-ca1d6d241aa4: 
[DEAD] 
Agent ID: 89459903-ac37-409b-a05c-ca1d6d241aa4
Agent 95779b63-6093-416b-bf03-47185dffd6f2: 
[DEAD] 
Agent ID: 95779b63-6093-416b-bf03-47185dffd6f2
Agent a124fee7-8cd7-4ab6-b230-4580ce82d485: 
[DEAD] 
Agent ID: a124fee7-8cd7-4ab6-b230-4580ce82d485
Agent b903842e-453f-41fa-93e8-e1705efc6b3e: 
[DEAD] 
Agent ID: b903842e-453f-41fa-93e8-e1705efc6b3e
Agent d7b24bb9-777d-4e8f-82ca-23294ecc2784: 
[DEAD] 
Agent ID: d7b24bb9-777d-4e8f-82ca-23294ecc2784
Agent eb6c371c-76ef-4dee-9ab2-564852b9944a: 
[DEAD] 
Agent ID: eb6c371c-76ef-4dee-9ab2-564852b9944a
Agent f63df621-889a-4fc0-9ca8-0b5a47bf8d55: 
[DEAD] 
Agent ID: f63df621-889a-4fc0-9ca8-0b5a47bf8d55

Iteration 1, Turn 1:
Agent 00342584-4d55-47bc-92be-42a5feb81782: 
[DEAD] 
Agent ID: 00342584-4d55-47bc-92be-42a5feb81782
Agent 07ea4492-1433-4505-91ce-8ed8ae9ccee8: 
[DEAD] 
Agent ID: 07ea4492-1433-4505-91ce-8ed8ae9ccee8
Agent 0b1960a2-e86a-4cc1-8aac-d4f156253c4f: 
[DEAD] 
Agent ID: 0b1960a2-e86a-4cc1-8aac-d4f156253c4f
Agent 15ca64d8-ae08-43f0-854c-052f76ad0825: 
[DEAD] 
Agent ID: 15ca64d8-ae08-43f0-854c-052f76ad0825
Agent 32ccd926-0701-4c05-aac0-60510abfbd86: 
[DEAD] 
Agent ID: 32ccd926-0701-4c05-aac0-60510abfbd86
Agent 3731198e-431f-4b8c-909b-56c2a984229b: 
[DEAD] 
Agent ID: 3731198e-431f-4b8c-909b-56c2a984229b
Agent 4564bade-b599-49ac-b68b-3a0d0210b79e: 
[DEAD] 
Agent ID: 4564bade-b599-49ac-b68b-3a0d0210b79e
Agent 5677dd26-efbe-408f-94e6-0f2530d6c816: 
[DEAD] 
Agent ID: 5677dd26-efbe-408f-94e6-0f2530d6c816
Agent 5b42a2f1-fe82-4480-98db-6b0ab22f8774: 
[DEAD] 
Agent ID: 5b42a2f1-fe82-4480-98db-6b0ab22f8774
Agent 654644bb-3923-4bba-953d-50b15016b808: 
[DEAD] 
Agent ID: 654644bb-3923-4bba-953d-50b15016b808
Agent 701e79d6-63f7-42a6-a903-e6102f5300db: 
[DEAD] 
Agent ID: 701e79d6-63f7-42a6-a903-e6102f5300db
Agent 73e9991c-2710-4a51-b58a-18a329351a7a: 
[DEAD] 
Agent ID: 73e9991c-2710-4a51-b58a-18a329351a7a
Agent 80ed86e7-fb59-49ca-98da-d5076d78c517: 
[DEAD] 
Agent ID: 80ed86e7-fb59-49ca-98da-d5076d78c517
Agent 89459903-ac37-409b-a05c-ca1d6d241aa4: 
[DEAD] 
Agent ID: 89459903-ac37-409b-a05c-ca1d6d241aa4
Agent 95779b63-6093-416b-bf03-47185dffd6f2: 
[DEAD] 
Agent ID: 95779b63-6093-416b-bf03-47185dffd6f2
Agent a124fee7-8cd7-4ab6-b230-4580ce82d485: 
[DEAD] 
Agent ID: a124fee7-8cd7-4ab6-b230-4580ce82d485
Agent b903842e-453f-41fa-93e8-e1705efc6b3e: 
[DEAD] 
Agent ID: b903842e-453f-41fa-93e8-e1705efc6b3e
Agent d7b24bb9-777d-4e8f-82ca-23294ecc2784: 
[DEAD] 
Agent ID: d7b24bb9-777d-4e8f-82ca-23294ecc2784
Agent eb6c371c-76ef-4dee-9ab2-564852b9944a: 
[DEAD] 
Agent ID: eb6c371c-76ef-4dee-9ab2-564852b9944a
Agent f63df621-889a-4fc0-9ca8-0b5a47bf8d55: 
[DEAD] 
Agent ID: f63df621-889a-4fc0-9ca8-0b5a47bf8d55

Iteration 1, Turn 2:
Agent 00342584-4d55-47bc-92be-42a5feb81782: 
[DEAD] 
Agent ID: 00342584-4d55-47bc-92be-42a5feb81782
Agent 07ea4492-1433-4505-91ce-8ed8ae9ccee8: 
[DEAD] 
Agent ID: 07ea4492-1433-4505-91ce-8ed8ae9ccee8
Agent 0b1960a2-e86a-4cc1-8aac-d4f156253c4f: 
[DEAD] 
Agent ID: 0b1960a2-e86a-4cc1-8aac-d4f156253c4f
Agent 15ca64d8-ae08-43f0-854c-052f76ad0825: 
[DEAD] 
Agent ID: 15ca64d8-ae08-43f0-854c-052f76ad0825
Agent 32ccd926-0701-4c05-aac0-60510abfbd86: 
[DEAD] 
Agent ID: 32ccd926-0701-4c05-aac0-60510abfbd86
Agent 3731198e-431f-4b8c-909b-56c2a984229b: 
[DEAD] 
Agent ID: 3731198e-431f-4b8c-909b-56c2a984229b
Agent 4564bade-b599-49ac-b68b-3a0d0210b79e: 
[DEAD] 
Agent ID: 4564bade-b599-49ac-b68b-3a0d0210b79e
Agent 5677dd26-efbe-408f-94e6-0f2530d6c816: 
[DEAD] 
Agent ID: 5677dd26-efbe-408f-94e6-0f2530d6c816
Agent 5b42a2f1-fe82-4480-98db-6b0ab22f8774: 
[DEAD] 
Agent ID: 5b42a2f1-fe82-4480-98db-6b0ab22f8774
Agent 654644bb-3923-4bba-953d-50b15016b808: 
[DEAD] 
Agent ID: 654644bb-3923-4bba-953d-50b15016b808
Agent 701e79d6-63f7-42a6-a903-e6102f5300db: 
[DEAD] 
Agent ID: 701e79d6-63f7-42a6-a903-e6102f5300db
Agent 73e9991c-2710-4a51-b58a-18a329351a7a: 
[DEAD] 
Agent ID: 73e9991c-2710-4a51-b58a-18a329351a7a
Agent 80ed86e7-fb59-49ca-98da-d5076d78c517: 
[DEAD] 
Agent ID: 80ed86e7-fb59-49ca-98da-d5076d78c517
Agent 89459903-ac37-409b-a05c-ca1d6d241aa4: 
[DEAD] 
Agent ID: 89459903-ac37-409b-a05c-ca1d6d241aa4
Agent 95779b63-6093-416b-bf03-47185dffd6f2: 
[DEAD] 
Agent ID: 95779b63-6093-416b-bf03-47185dffd6f2
Agent a124fee7-8cd7-4ab6-b230-4580ce82d485: 
[DEAD] 
Agent ID: a124fee7-8cd7-4ab6-b230-4580ce82d485
Agent b903842e-453f-41fa-93e8-e1705efc6b3e: 
[DEAD] 
Agent ID: b903842e-453f-41fa-93e8-e1705efc6b3e
Agent d7b24bb9-777d-4e8f-82ca-23294ecc2784: 
[DEAD] 
Agent ID: d7b24bb9-777d-4e8f-82ca-23294ecc2784
Agent eb6c371c-76ef-4dee-9ab2-564852b9944a: 
[DEAD] 
Agent ID: eb6c371c-76ef-4dee-9ab2-564852b9944a
Agent f63df621-889a-4fc0-9ca8-0b5a47bf8d55: 
[DEAD] 
Agent ID: f63df621-889a-4fc0-9ca8-0b5a47bf8d55

Iteration 1, Turn 3:
Agent 00342584-4d55-47bc-92be-42a5feb81782: 
[DEAD] 
Agent ID: 00342584-4d55-47bc-92be-42a5feb81782
Agent 07ea4492-1433-4505-91ce-8ed8ae9ccee8: 
[DEAD] 
Agent ID: 07ea4492-1433-4505-91ce-8ed8ae9ccee8
Agent 0b1960a2-e86a-4cc1-8aac-d4f156253c4f: 
[DEAD] 
Agent ID: 0b1960a2-e86a-4cc1-8aac-d4f156253c4f
Agent 15ca64d8-ae08-43f0-854c-052f76ad0825: 
[DEAD] 
Agent ID: 15ca64d8-ae08-43f0-854c-052f76ad0825
Agent 32ccd926-0701-4c05-aac0-60510abfbd86: 
[DEAD] 
Agent ID: 32ccd926-0701-4c05-aac0-60510abfbd86
Agent 3731198e-431f-4b8c-909b-56c2a984229b: 
[DEAD] 
Agent ID: 3731198e-431f-4b8c-909b-56c2a984229b
Agent 4564bade-b599-49ac-b68b-3a0d0210b79e: 
[DEAD] 
Agent ID: 4564bade-b599-49ac-b68b-3a0d0210b79e
Agent 5677dd26-efbe-408f-94e6-0f2530d6c816: 
[DEAD] 
Agent ID: 5677dd26-efbe-408f-94e6-0f2530d6c816
Agent 5b42a2f1-fe82-4480-98db-6b0ab22f8774: 
[DEAD] 
Agent ID: 5b42a2f1-fe82-4480-98db-6b0ab22f8774
Agent 654644bb-3923-4bba-953d-50b15016b808: 
[DEAD] 
Agent ID: 654644bb-3923-4bba-953d-50b15016b808
Agent 701e79d6-63f7-42a6-a903-e6102f5300db: 
[DEAD] 
Agent ID: 701e79d6-63f7-42a6-a903-e6102f5300db
Agent 73e9991c-2710-4a51-b58a-18a329351a7a: 
[DEAD] 
Agent ID: 73e9991c-2710-4a51-b58a-18a329351a7a
Agent 80ed86e7-fb59-49ca-98da-d5076d78c517: 
[DEAD] 
Agent ID: 80ed86e7-fb59-49ca-98da-d5076d78c517
Agent 89459903-ac37-409b-a05c-ca1d6d241aa4: 
[DEAD] 
Agent ID: 89459903-ac37-409b-a05c-ca1d6d241aa4
Agent 95779b63-6093-416b-bf03-47185dffd6f2: 
[DEAD] 
Agent ID: 95779b63-6093-416b-bf03-47185dffd6f2
Agent a124fee7-8cd7-4ab6-b230-4580ce82d485: 
[DEAD] 
Agent ID: a124fee7-8cd7-4ab6-b230-4580ce82d485
Agent b903842e-453f-41fa-93e8-e1705efc6b3e: 
[DEAD] 
Agent ID: b903842e-453f-41fa-93e8-e1705efc6b3e
Agent d7b24bb9-777d-4e8f-82ca-23294ecc2784: 
[DEAD] 
Agent ID: d7b24bb9-777d-4e8f-82ca-23294ecc2784
Agent eb6c371c-76ef-4dee-9ab2-564852b9944a: 
[DEAD] 
Agent ID: eb6c371c-76ef-4dee-9ab2-564852b9944a
Agent f63df621-889a-4fc0-9ca8-0b5a47bf8d55: 
[DEAD] 
Agent ID: f63df621-889a-4fc0-9ca8-0b5a47bf8d55

Iteration 1, Turn 4:
Agent 00342584-4d55-47bc-92be-42a5feb81782: 
[DEAD] 
Agent ID: 00342584-4d55-47bc-92be-42a5feb81782
Agent 07ea4492-1433-4505-91ce-8ed8ae9ccee8: 
[DEAD] 
Agent ID: 07ea4492-1433-4505-91ce-8ed8ae9ccee8
Agent 0b1960a2-e86a-4cc1-8aac-d4f156253c4f: 
[DEAD] 
Agent ID: 0b1960a2-e86a-4cc1-8aac-d4f156253c4f
Agent 15ca64d8-ae08-43f0-854c-052f76ad0825: 
[DEAD] 
Agent ID: 15ca64d8-ae08-43f0-854c-052f76ad0825
Agent 32ccd926-0701-4c05-aac0-60510abfbd86: 
[DEAD] 
Agent ID: 32ccd926-0701-4c05-aac0-60510abfbd86
Agent 3731198e-431f-4b8c-909b-56c2a984229b: 
[DEAD] 
Agent ID: 3731198e-431f-4b8c-909b-56c2a984229b
Agent 4564bade-b599-49ac-b68b-3a0d0210b79e: 
[DEAD] 
Agent ID: 4564bade-b599-49ac-b68b-3a0d0210b79e
Agent 5677dd26-efbe-408f-94e6-0f2530d6c816: 
[DEAD] 
Agent ID: 5677dd26-efbe-408f-94e6-0f2530d6c816
Agent 5b42a2f1-fe82-4480-98db-6b0ab22f8774: 
[DEAD] 
Agent ID: 5b42a2f1-fe82-4480-98db-6b0ab22f8774
Agent 654644bb-3923-4bba-953d-50b15016b808: 
[DEAD] 
Agent ID: 654644bb-3923-4bba-953d-50b15016b808
Agent 701e79d6-63f7-42a6-a903-e6102f5300db: 
[DEAD] 
Agent ID: 701e79d6-63f7-42a6-a903-e6102f5300db
Agent 73e9991c-2710-4a51-b58a-18a329351a7a: 
[DEAD] 
Agent ID: 73e9991c-2710-4a51-b58a-18a329351a7a
Agent 80ed86e7-fb59-49ca-98da-d5076d78c517: 
[DEAD] 
Agent ID: 80ed86e7-fb59-49ca-98da-d5076d78c517
Agent 89459903-ac37-409b-a05c-ca1d6d241aa4: 
[DEAD] 
Agent ID: 89459903-ac37-409b-a05c-ca1d6d241aa4
Agent 95779b63-6093-416b-bf03-47185dffd6f2: 
[DEAD] 
Agent ID: 95779b63-6093-416b-bf03-47185dffd6f2
Agent a124fee7-8cd7-4ab6-b230-4580ce82d485: 
[DEAD] 
Agent ID: a124fee7-8cd7-4ab6-b230-4580ce82d485
Agent b903842e-453f-41fa-93e8-e1705efc6b3e: 
[DEAD] 
Agent ID: b903842e-453f-41fa-93e8-e1705efc6b3e
Agent d7b24bb9-777d-4e8f-82ca-23294ecc2784: 
[DEAD] 
Agent ID: d7b24bb9-777d-4e8f-82ca-23294ecc2784
Agent eb6c371c-76ef-4dee-9ab2-564852b9944a: 
[DEAD] 
Agent ID: eb6c371c-76ef-4dee-9ab2-564852b9944a
Agent f63df621-889a-4fc0-9ca8-0b5a47bf8d55: 
[DEAD] 
Agent ID: f63df621-889a-4fc0-9ca8-0b5a47bf8d55

Iteration 2, Turn 0:

Iteration 2, Turn 0:
Agent 00342584-4d55-47bc-92be-42a5feb81782: 
[DEAD] 
Agent ID: 00342584-4d55-47bc-92be-42a5feb81782
Agent 07ea4492-1433-4505-91ce-8ed8ae9ccee8: 
[DEAD] 
Agent ID: 07ea4492-1433-4505-91ce-8ed8ae9ccee8
Agent 0b1960a2-e86a-4cc1-8aac-d4f156253c4f: 
[DEAD] 
Agent ID: 0b1960a2-e86a-4cc1-8aac-d4f156253c4f
Agent 15ca64d8-ae08-43f0-854c-052f76ad0825: 
[DEAD] 
Agent ID: 15ca64d8-ae08-43f0-854c-052f76ad0825
Agent 32ccd926-0701-4c05-aac0-60510abfbd86: 
[DEAD] 
Agent ID: 32ccd926-0701-4c05-aac0-60510abfbd86
Agent 3731198e-431f-4b8c-909b-56c2a984229b: 
[DEAD] 
Agent ID: 3731198e-431f-4b8c-909b-56c2a984229b
Agent 4564bade-b599-49ac-b68b-3a0d0210b79e: 
[DEAD] 
Agent ID: 4564bade-b599-49ac-b68b-3a0d0210b79e
Agent 5677dd26-efbe-408f-94e6-0f2530d6c816: 
[DEAD] 
Agent ID: 5677dd26-efbe-408f-94e6-0f2530d6c816
Agent 5b42a2f1-fe82-4480-98db-6b0ab22f8774: 
[DEAD] 
Agent ID: 5b42a2f1-fe82-4480-98db-6b0ab22f8774
Agent 654644bb-3923-4bba-953d-50b15016b808: 
[DEAD] 
Agent ID: 654644bb-3923-4bba-953d-50b15016b808
Agent 701e79d6-63f7-42a6-a903-e6102f5300db: 
[DEAD] 
Agent ID: 701e79d6-63f7-42a6-a903-e6102f5300db
Agent 73e9991c-2710-4a51-b58a-18a329351a7a: 
[DEAD] 
Agent ID: 73e9991c-2710-4a51-b58a-18a329351a7a
Agent 80ed86e7-fb59-49ca-98da-d5076d78c517: 
[DEAD] 
Agent ID: 80ed86e7-fb59-49ca-98da-d5076d78c517
Agent 89459903-ac37-409b-a05c-ca1d6d241aa4: 
[DEAD] 
Agent ID: 89459903-ac37-409b-a05c-ca1d6d241aa4
Agent 95779b63-6093-416b-bf03-47185dffd6f2: 
[DEAD] 
Agent ID: 95779b63-6093-416b-bf03-47185dffd6f2
Agent a124fee7-8cd7-4ab6-b230-4580ce82d485: 
[DEAD] 
Agent ID: a124fee7-8cd7-4ab6-b230-4580ce82d485
Agent b903842e-453f-41fa-93e8-e1705efc6b3e: 
[DEAD] 
Agent ID: b903842e-453f-41fa-93e8-e1705efc6b3e
Agent d7b24bb9-777d-4e8f-82ca-23294ecc2784: 
[DEAD] 
Agent ID: d7b24bb9-777d-4e8f-82ca-23294ecc2784
Agent eb6c371c-76ef-4dee-9ab2-564852b9944a: 
[DEAD] 
Agent ID: eb6c371c-76ef-4dee-9ab2-564852b9944a
Agent f63df621-889a-4fc0-9ca8-0b5a47bf8d55: 
[DEAD] 
Agent ID: f63df621-889a-4fc0-9ca8-0b5a47bf8d55

Iteration 2, Turn 1:
Agent 00342584-4d55-47bc-92be-42a5feb81782: 
[DEAD] 
Agent ID: 00342584-4d55-47bc-92be-42a5feb81782
Agent 07ea4492-1433-4505-91ce-8ed8ae9ccee8: 
[DEAD] 
Agent ID: 07ea4492-1433-4505-91ce-8ed8ae9ccee8
Agent 0b1960a2-e86a-4cc1-8aac-d4f156253c4f: 
[DEAD] 
Agent ID: 0b1960a2-e86a-4cc1-8aac-d4f156253c4f
Agent 15ca64d8-ae08-43f0-854c-052f76ad0825: 
[DEAD] 
Agent ID: 15ca64d8-ae08-43f0-854c-052f76ad0825
Agent 32ccd926-0701-4c05-aac0-60510abfbd86: 
[DEAD] 
Agent ID: 32ccd926-0701-4c05-aac0-60510abfbd86
Agent 3731198e-431f-4b8c-909b-56c2a984229b: 
[DEAD] 
Agent ID: 3731198e-431f-4b8c-909b-56c2a984229b
Agent 4564bade-b599-49ac-b68b-3a0d0210b79e: 
[DEAD] 
Agent ID: 4564bade-b599-49ac-b68b-3a0d0210b79e
Agent 5677dd26-efbe-408f-94e6-0f2530d6c816: 
[DEAD] 
Agent ID: 5677dd26-efbe-408f-94e6-0f2530d6c816
Agent 5b42a2f1-fe82-4480-98db-6b0ab22f8774: 
[DEAD] 
Agent ID: 5b42a2f1-fe82-4480-98db-6b0ab22f8774
Agent 654644bb-3923-4bba-953d-50b15016b808: 
[DEAD] 
Agent ID: 654644bb-3923-4bba-953d-50b15016b808
Agent 701e79d6-63f7-42a6-a903-e6102f5300db: 
[DEAD] 
Agent ID: 701e79d6-63f7-42a6-a903-e6102f5300db
Agent 73e9991c-2710-4a51-b58a-18a329351a7a: 
[DEAD] 
Agent ID: 73e9991c-2710-4a51-b58a-18a329351a7a
Agent 80ed86e7-fb59-49ca-98da-d5076d78c517: 
[DEAD] 
Agent ID: 80ed86e7-fb59-49ca-98da-d5076d78c517
Agent 89459903-ac37-409b-a05c-ca1d6d241aa4: 
[DEAD] 
Agent ID: 89459903-ac37-409b-a05c-ca1d6d241aa4
Agent 95779b63-6093-416b-bf03-47185dffd6f2: 
[DEAD] 
Agent ID: 95779b63-6093-416b-bf03-47185dffd6f2
Agent a124fee7-8cd7-4ab6-b230-4580ce82d485: 
[DEAD] 
Agent ID: a124fee7-8cd7-4ab6-b230-4580ce82d485
Agent b903842e-453f-41fa-93e8-e1705efc6b3e: 
[DEAD] 
Agent ID: b903842e-453f-41fa-93e8-e1705efc6b3e
Agent d7b24bb9-777d-4e8f-82ca-23294ecc2784: 
[DEAD] 
Agent ID: d7b24bb9-777d-4e8f-82ca-23294ecc2784
Agent eb6c371c-76ef-4dee-9ab2-564852b9944a: 
[DEAD] 
Agent ID: eb6c371c-76ef-4dee-9ab2-564852b9944a
Agent f63df621-889a-4fc0-9ca8-0b5a47bf8d55: 
[DEAD] 
Agent ID: f63df621-889a-4fc0-9ca8-0b5a47bf8d55

Iteration 2, Turn 2:
Agent 00342584-4d55-47bc-92be-42a5feb81782: 
[DEAD] 
Agent ID: 00342584-4d55-47bc-92be-42a5feb81782
Agent 07ea4492-1433-4505-91ce-8ed8ae9ccee8: 
[DEAD] 
Agent ID: 07ea4492-1433-4505-91ce-8ed8ae9ccee8
Agent 0b1960a2-e86a-4cc1-8aac-d4f156253c4f: 
[DEAD] 
Agent ID: 0b1960a2-e86a-4cc1-8aac-d4f156253c4f
Agent 15ca64d8-ae08-43f0-854c-052f76ad0825: 
[DEAD] 
Agent ID: 15ca64d8-ae08-43f0-854c-052f76ad0825
Agent 32ccd926-0701-4c05-aac0-60510abfbd86: 
[DEAD] 
Agent ID: 32ccd926-0701-4c05-aac0-60510abfbd86
Agent 3731198e-431f-4b8c-909b-56c2a984229b: 
[DEAD] 
Agent ID: 3731198e-431f-4b8c-909b-56c2a984229b
Agent 4564bade-b599-49ac-b68b-3a0d0210b79e: 
[DEAD] 
Agent ID: 4564bade-b599-49ac-b68b-3a0d0210b79e
Agent 5677dd26-efbe-408f-94e6-0f2530d6c816: 
[DEAD] 
Agent ID: 5677dd26-efbe-408f-94e6-0f2530d6c816
Agent 5b42a2f1-fe82-4480-98db-6b0ab22f8774: 
[DEAD] 
Agent ID: 5b42a2f1-fe82-4480-98db-6b0ab22f8774
Agent 654644bb-3923-4bba-953d-50b15016b808: 
[DEAD] 
Agent ID: 654644bb-3923-4bba-953d-50b15016b808
Agent 701e79d6-63f7-42a6-a903-e6102f5300db: 
[DEAD] 
Agent ID: 701e79d6-63f7-42a6-a903-e6102f5300db
Agent 73e9991c-2710-4a51-b58a-18a329351a7a: 
[DEAD] 
Agent ID: 73e9991c-2710-4a51-b58a-18a329351a7a
Agent 80ed86e7-fb59-49ca-98da-d5076d78c517: 
[DEAD] 
Agent ID: 80ed86e7-fb59-49ca-98da-d5076d78c517
Agent 89459903-ac37-409b-a05c-ca1d6d241aa4: 
[DEAD] 
Agent ID: 89459903-ac37-409b-a05c-ca1d6d241aa4
Agent 95779b63-6093-416b-bf03-47185dffd6f2: 
[DEAD] 
Agent ID: 95779b63-6093-416b-bf03-47185dffd6f2
Agent a124fee7-8cd7-4ab6-b230-4580ce82d485: 
[DEAD] 
Agent ID: a124fee7-8cd7-4ab6-b230-4580ce82d485
Agent b903842e-453f-41fa-93e8-e1705efc6b3e: 
[DEAD] 
Agent ID: b903842e-453f-41fa-93e8-e1705efc6b3e
Agent d7b24bb9-777d-4e8f-82ca-23294ecc2784: 
[DEAD] 
Agent ID: d7b24bb9-777d-4e8f-82ca-23294ecc2784
Agent eb6c371c-76ef-4dee-9ab2-564852b9944a: 
[DEAD] 
Agent ID: eb6c371c-76ef-4dee-9ab2-564852b9944a
Agent f63df621-889a-4fc0-9ca8-0b5a47bf8d55: 
[DEAD] 
Agent ID: f63df621-889a-4fc0-9ca8-0b5a47bf8d55

Iteration 2, Turn 3:
Agent 00342584-4d55-47bc-92be-42a5feb81782: 
[DEAD] 
Agent ID: 00342584-4d55-47bc-92be-42a5feb81782
Agent 07ea4492-1433-4505-91ce-8ed8ae9ccee8: 
[DEAD] 
Agent ID: 07ea4492-1433-4505-91ce-8ed8ae9ccee8
Agent 0b1960a2-e86a-4cc1-8aac-d4f156253c4f: 
[DEAD] 
Agent ID: 0b1960a2-e86a-4cc1-8aac-d4f156253c4f
Agent 15ca64d8-ae08-43f0-854c-052f76ad0825: 
[DEAD] 
Agent ID: 15ca64d8-ae08-43f0-854c-052f76ad0825
Agent 32ccd926-0701-4c05-aac0-60510abfbd86: 
[DEAD] 
Agent ID: 32ccd926-0701-4c05-aac0-60510abfbd86
Agent 3731198e-431f-4b8c-909b-56c2a984229b: 
[DEAD] 
Agent ID: 3731198e-431f-4b8c-909b-56c2a984229b
Agent 4564bade-b599-49ac-b68b-3a0d0210b79e: 
[DEAD] 
Agent ID: 4564bade-b599-49ac-b68b-3a0d0210b79e
Agent 5677dd26-efbe-408f-94e6-0f2530d6c816: 
[DEAD] 
Agent ID: 5677dd26-efbe-408f-94e6-0f2530d6c816
Agent 5b42a2f1-fe82-4480-98db-6b0ab22f8774: 
[DEAD] 
Agent ID: 5b42a2f1-fe82-4480-98db-6b0ab22f8774
Agent 654644bb-3923-4bba-953d-50b15016b808: 
[DEAD] 
Agent ID: 654644bb-3923-4bba-953d-50b15016b808
Agent 701e79d6-63f7-42a6-a903-e6102f5300db: 
[DEAD] 
Agent ID: 701e79d6-63f7-42a6-a903-e6102f5300db
Agent 73e9991c-2710-4a51-b58a-18a329351a7a: 
[DEAD] 
Agent ID: 73e9991c-2710-4a51-b58a-18a329351a7a
Agent 80ed86e7-fb59-49ca-98da-d5076d78c517: 
[DEAD] 
Agent ID: 80ed86e7-fb59-49ca-98da-d5076d78c517
Agent 89459903-ac37-409b-a05c-ca1d6d241aa4: 
[DEAD] 
Agent ID: 89459903-ac37-409b-a05c-ca1d6d241aa4
Agent 95779b63-6093-416b-bf03-47185dffd6f2: 
[DEAD] 
Agent ID: 95779b63-6093-416b-bf03-47185dffd6f2
Agent a124fee7-8cd7-4ab6-b230-4580ce82d485: 
[DEAD] 
Agent ID: a124fee7-8cd7-4ab6-b230-4580ce82d485
Agent b903842e-453f-41fa-93e8-e1705efc6b3e: 
[DEAD] 
Agent ID: b903842e-453f-41fa-93e8-e1705efc6b3e
Agent d7b24bb9-777d-4e8f-82ca-23294ecc2784: 
[DEAD] 
Agent ID: d7b24bb9-777d-4e8f-82ca-23294ecc2784
Agent eb6c371c-76ef-4dee-9ab2-564852b9944a: 
[DEAD] 
Agent ID: eb6c371c-76ef-4dee-9ab2-564852b9944a
Agent f63df621-889a-4fc0-9ca8-0b5a47bf8d55: 
[DEAD] 
Agent ID: f63df621-889a-4fc0-9ca8-0b5a47bf8d55

Iteration 2, Turn 4:
Agent 00342584-4d55-47bc-92be-42a5feb81782: 
[DEAD] 
Agent ID: 00342584-4d55-47bc-92be-42a5feb81782
Agent 07ea4492-1433-4505-91ce-8ed8ae9ccee8: 
[DEAD] 
Agent ID: 07ea4492-1433-4505-91ce-8ed8ae9ccee8
Agent 0b1960a2-e86a-4cc1-8aac-d4f156253c4f: 
[DEAD] 
Agent ID: 0b1960a2-e86a-4cc1-8aac-d4f156253c4f
Agent 15ca64d8-ae08-43f0-854c-052f76ad0825: 
[DEAD] 
Agent ID: 15ca64d8-ae08-43f0-854c-052f76ad0825
Agent 32ccd926-0701-4c05-aac0-60510abfbd86: 
[DEAD] 
Agent ID: 32ccd926-0701-4c05-aac0-60510abfbd86
Agent 3731198e-431f-4b8c-909b-56c2a984229b: 
[DEAD] 
Agent ID: 3731198e-431f-4b8c-909b-56c2a984229b
Agent 4564bade-b599-49ac-b68b-3a0d0210b79e: 
[DEAD] 
Agent ID: 4564bade-b599-49ac-b68b-3a0d0210b79e
Agent 5677dd26-efbe-408f-94e6-0f2530d6c816: 
[DEAD] 
Agent ID: 5677dd26-efbe-408f-94e6-0f2530d6c816
Agent 5b42a2f1-fe82-4480-98db-6b0ab22f8774: 
[DEAD] 
Agent ID: 5b42a2f1-fe82-4480-98db-6b0ab22f8774
Agent 654644bb-3923-4bba-953d-50b15016b808: 
[DEAD] 
Agent ID: 654644bb-3923-4bba-953d-50b15016b808
Agent 701e79d6-63f7-42a6-a903-e6102f5300db: 
[DEAD] 
Agent ID: 701e79d6-63f7-42a6-a903-e6102f5300db
Agent 73e9991c-2710-4a51-b58a-18a329351a7a: 
[DEAD] 
Agent ID: 73e9991c-2710-4a51-b58a-18a329351a7a
Agent 80ed86e7-fb59-49ca-98da-d5076d78c517: 
[DEAD] 
Agent ID: 80ed86e7-fb59-49ca-98da-d5076d78c517
Agent 89459903-ac37-409b-a05c-ca1d6d241aa4: 
[DEAD] 
Agent ID: 89459903-ac37-409b-a05c-ca1d6d241aa4
Agent 95779b63-6093-416b-bf03-47185dffd6f2: 
[DEAD] 
Agent ID: 95779b63-6093-416b-bf03-47185dffd6f2
Agent a124fee7-8cd7-4ab6-b230-4580ce82d485: 
[DEAD] 
Agent ID: a124fee7-8cd7-4ab6-b230-4580ce82d485
Agent b903842e-453f-41fa-93e8-e1705efc6b3e: 
[DEAD] 
Agent ID: b903842e-453f-41fa-93e8-e1705efc6b3e
Agent d7b24bb9-777d-4e8f-82ca-23294ecc2784: 
[DEAD] 
Agent ID: d7b24bb9-777d-4e8f-82ca-23294ecc2784
Agent eb6c371c-76ef-4dee-9ab2-564852b9944a: 
[DEAD] 
Agent ID: eb6c371c-76ef-4dee-9ab2-564852b9944a
Agent f63df621-889a-4fc0-9ca8-0b5a47bf8d55: 
[DEAD] 
Agent ID: f63df621-889a-4fc0-9ca8-0b5a47bf8d55
