main function started.
--------Start of iteration 0---------


Iteration 0, Turn 0, current agent count: 5


Iteration 0, Turn 1, current agent count: 5


Iteration 0, Turn 2, current agent count: 5


Iteration 0, Turn 3, current agent count: 5


Iteration 0, Turn 4, current agent count: 5
--------End of iteration 0---------
--------Start of iteration 1---------


Iteration 1, Turn 0, current agent count: 5


Iteration 1, Turn 1, current agent count: 5


Iteration 1, Turn 2, current agent count: 5


Iteration 1, Turn 3, current agent count: 5


Iteration 1, Turn 4, current agent count: 5
--------End of iteration 1---------
--------Start of iteration 2---------


Iteration 2, Turn 0, current agent count: 5


Iteration 2, Turn 1, current agent count: 5


Iteration 2, Turn 2, current agent count: 5


Iteration 2, Turn 3, current agent count: 5


Iteration 2, Turn 4, current agent count: 5
--------End of iteration 2---------


GamePlaybackSummary - playing 18 turn records

Iteration 0, Turn 0:

Iteration 0, Turn 0:
Agent 0f641921-34d9-4b67-b95f-f1b93cbe9c67: 
Agent ID: 0f641921-34d9-4b67-b95f-f1b93cbe9c67
Agent 86d824c4-e7e2-42cd-96ec-414c08643e3c: 
Agent ID: 86d824c4-e7e2-42cd-96ec-414c08643e3c
Agent 91f96fb1-5857-47ba-960a-124325e27b81: 
Agent ID: 91f96fb1-5857-47ba-960a-124325e27b81
Agent 93d43be0-7efb-48a0-b363-2d341c80611b: 
Agent ID: 93d43be0-7efb-48a0-b363-2d341c80611b
Agent f00d4c56-e61c-4653-a8fa-57f49d2af362: 
Agent ID: f00d4c56-e61c-4653-a8fa-57f49d2af362

Iteration 0, Turn 1:
Agent 0f641921-34d9-4b67-b95f-f1b93cbe9c67: 
[DEAD] 
Agent ID: 0f641921-34d9-4b67-b95f-f1b93cbe9c67
Agent 86d824c4-e7e2-42cd-96ec-414c08643e3c: 
Agent ID: 86d824c4-e7e2-42cd-96ec-414c08643e3c
Agent 91f96fb1-5857-47ba-960a-124325e27b81: 
[DEAD] 
Agent ID: 91f96fb1-5857-47ba-960a-124325e27b81
Agent 93d43be0-7efb-48a0-b363-2d341c80611b: 
[DEAD] 
Agent ID: 93d43be0-7efb-48a0-b363-2d341c80611b
Agent f00d4c56-e61c-4653-a8fa-57f49d2af362: 
Agent ID: f00d4c56-e61c-4653-a8fa-57f49d2af362

Iteration 0, Turn 2:
Agent 0f641921-34d9-4b67-b95f-f1b93cbe9c67: 
[DEAD] 
Agent ID: 0f641921-34d9-4b67-b95f-f1b93cbe9c67
Agent 86d824c4-e7e2-42cd-96ec-414c08643e3c: 
[DEAD] 
Agent ID: 86d824c4-e7e2-42cd-96ec-414c08643e3c
Agent 91f96fb1-5857-47ba-960a-124325e27b81: 
[DEAD] 
Agent ID: 91f96fb1-5857-47ba-960a-124325e27b81
Agent 93d43be0-7efb-48a0-b363-2d341c80611b: 
[DEAD] 
Agent ID: 93d43be0-7efb-48a0-b363-2d341c80611b
Agent f00d4c56-e61c-4653-a8fa-57f49d2af362: 
Agent ID: f00d4c56-e61c-4653-a8fa-57f49d2af362

Iteration 0, Turn 3:
Agent 0f641921-34d9-4b67-b95f-f1b93cbe9c67: 
[DEAD] 
Agent ID: 0f641921-34d9-4b67-b95f-f1b93cbe9c67
Agent 86d824c4-e7e2-42cd-96ec-414c08643e3c: 
[DEAD] 
Agent ID: 86d824c4-e7e2-42cd-96ec-414c08643e3c
Agent 91f96fb1-5857-47ba-960a-124325e27b81: 
[DEAD] 
Agent ID: 91f96fb1-5857-47ba-960a-124325e27b81
Agent 93d43be0-7efb-48a0-b363-2d341c80611b: 
[DEAD] 
Agent ID: 93d43be0-7efb-48a0-b363-2d341c80611b
Agent f00d4c56-e61c-4653-a8fa-57f49d2af362: 
Agent ID: f00d4c56-e61c-4653-a8fa-57f49d2af362

Iteration 0, Turn 4:
Agent 0f641921-34d9-4b67-b95f-f1b93cbe9c67: 
[DEAD] 
Agent ID: 0f641921-34d9-4b67-b95f-f1b93cbe9c67
Agent 86d824c4-e7e2-42cd-96ec-414c08643e3c: 
[DEAD] 
Agent ID: 86d824c4-e7e2-42cd-96ec-414c08643e3c
Agent 91f96fb1-5857-47ba-960a-124325e27b81: 
[DEAD] 
Agent ID: 91f96fb1-5857-47ba-960a-124325e27b81
Agent 93d43be0-7efb-48a0-b363-2d341c80611b: 
[DEAD] 
Agent ID: 93d43be0-7efb-48a0-b363-2d341c80611b
Agent f00d4c56-e61c-4653-a8fa-57f49d2af362: 
Agent ID: f00d4c56-e61c-4653-a8fa-57f49d2af362

Iteration 1, Turn 0:

Iteration 1, Turn 0:
Agent 0f641921-34d9-4b67-b95f-f1b93cbe9c67: 
[DEAD] 
Agent ID: 0f641921-34d9-4b67-b95f-f1b93cbe9c67
Agent 86d824c4-e7e2-42cd-96ec-414c08643e3c: 
[DEAD] 
Agent ID: 86d824c4-e7e2-42cd-96ec-414c08643e3c
Agent 91f96fb1-5857-47ba-960a-124325e27b81: 
[DEAD] 
Agent ID: 91f96fb1-5857-47ba-960a-124325e27b81
Agent 93d43be0-7efb-48a0-b363-2d341c80611b: 
[DEAD] 
Agent ID: 93d43be0-7efb-48a0-b363-2d341c80611b
Agent f00d4c56-e61c-4653-a8fa-57f49d2af362: 
[DEAD] 
Agent ID: f00d4c56-e61c-4653-a8fa-57f49d2af362

Iteration 1, Turn 1:
Agent 0f641921-34d9-4b67-b95f-f1b93cbe9c67: 
[DEAD] 
Agent ID: 0f641921-34d9-4b67-b95f-f1b93cbe9c67
Agent 86d824c4-e7e2-42cd-96ec-414c08643e3c: 
[DEAD] 
Agent ID: 86d824c4-e7e2-42cd-96ec-414c08643e3c
Agent 91f96fb1-5857-47ba-960a-124325e27b81: 
[DEAD] 
Agent ID: 91f96fb1-5857-47ba-960a-124325e27b81
Agent 93d43be0-7efb-48a0-b363-2d341c80611b: 
[DEAD] 
Agent ID: 93d43be0-7efb-48a0-b363-2d341c80611b
Agent f00d4c56-e61c-4653-a8fa-57f49d2af362: 
[DEAD] 
Agent ID: f00d4c56-e61c-4653-a8fa-57f49d2af362

Iteration 1, Turn 2:
Agent 0f641921-34d9-4b67-b95f-f1b93cbe9c67: 
[DEAD] 
Agent ID: 0f641921-34d9-4b67-b95f-f1b93cbe9c67
Agent 86d824c4-e7e2-42cd-96ec-414c08643e3c: 
[DEAD] 
Agent ID: 86d824c4-e7e2-42cd-96ec-414c08643e3c
Agent 91f96fb1-5857-47ba-960a-124325e27b81: 
[DEAD] 
Agent ID: 91f96fb1-5857-47ba-960a-124325e27b81
Agent 93d43be0-7efb-48a0-b363-2d341c80611b: 
[DEAD] 
Agent ID: 93d43be0-7efb-48a0-b363-2d341c80611b
Agent f00d4c56-e61c-4653-a8fa-57f49d2af362: 
[DEAD] 
Agent ID: f00d4c56-e61c-4653-a8fa-57f49d2af362

Iteration 1, Turn 3:
Agent 0f641921-34d9-4b67-b95f-f1b93cbe9c67: 
[DEAD] 
Agent ID: 0f641921-34d9-4b67-b95f-f1b93cbe9c67
Agent 86d824c4-e7e2-42cd-96ec-414c08643e3c: 
[DEAD] 
Agent ID: 86d824c4-e7e2-42cd-96ec-414c08643e3c
Agent 91f96fb1-5857-47ba-960a-124325e27b81: 
[DEAD] 
Agent ID: 91f96fb1-5857-47ba-960a-124325e27b81
Agent 93d43be0-7efb-48a0-b363-2d341c80611b: 
[DEAD] 
Agent ID: 93d43be0-7efb-48a0-b363-2d341c80611b
Agent f00d4c56-e61c-4653-a8fa-57f49d2af362: 
[DEAD] 
Agent ID: f00d4c56-e61c-4653-a8fa-57f49d2af362

Iteration 1, Turn 4:
Agent 0f641921-34d9-4b67-b95f-f1b93cbe9c67: 
[DEAD] 
Agent ID: 0f641921-34d9-4b67-b95f-f1b93cbe9c67
Agent 86d824c4-e7e2-42cd-96ec-414c08643e3c: 
[DEAD] 
Agent ID: 86d824c4-e7e2-42cd-96ec-414c08643e3c
Agent 91f96fb1-5857-47ba-960a-124325e27b81: 
[DEAD] 
Agent ID: 91f96fb1-5857-47ba-960a-124325e27b81
Agent 93d43be0-7efb-48a0-b363-2d341c80611b: 
[DEAD] 
Agent ID: 93d43be0-7efb-48a0-b363-2d341c80611b
Agent f00d4c56-e61c-4653-a8fa-57f49d2af362: 
[DEAD] 
Agent ID: f00d4c56-e61c-4653-a8fa-57f49d2af362

Iteration 2, Turn 0:

Iteration 2, Turn 0:
Agent 0f641921-34d9-4b67-b95f-f1b93cbe9c67: 
[DEAD] 
Agent ID: 0f641921-34d9-4b67-b95f-f1b93cbe9c67
Agent 86d824c4-e7e2-42cd-96ec-414c08643e3c: 
[DEAD] 
Agent ID: 86d824c4-e7e2-42cd-96ec-414c08643e3c
Agent 91f96fb1-5857-47ba-960a-124325e27b81: 
[DEAD] 
Agent ID: 91f96fb1-5857-47ba-960a-124325e27b81
Agent 93d43be0-7efb-48a0-b363-2d341c80611b: 
[DEAD] 
Agent ID: 93d43be0-7efb-48a0-b363-2d341c80611b
Agent f00d4c56-e61c-4653-a8fa-57f49d2af362: 
[DEAD] 
Agent ID: f00d4c56-e61c-4653-a8fa-57f49d2af362

Iteration 2, Turn 1:
Agent 0f641921-34d9-4b67-b95f-f1b93cbe9c67: 
[DEAD] 
Agent ID: 0f641921-34d9-4b67-b95f-f1b93cbe9c67
Agent 86d824c4-e7e2-42cd-96ec-414c08643e3c: 
[DEAD] 
Agent ID: 86d824c4-e7e2-42cd-96ec-414c08643e3c
Agent 91f96fb1-5857-47ba-960a-124325e27b81: 
[DEAD] 
Agent ID: 91f96fb1-5857-47ba-960a-124325e27b81
Agent 93d43be0-7efb-48a0-b363-2d341c80611b: 
[DEAD] 
Agent ID: 93d43be0-7efb-48a0-b363-2d341c80611b
Agent f00d4c56-e61c-4653-a8fa-57f49d2af362: 
[DEAD] 
Agent ID: f00d4c56-e61c-4653-a8fa-57f49d2af362

Iteration 2, Turn 2:
Agent 0f641921-34d9-4b67-b95f-f1b93cbe9c67: 
[DEAD] 
Agent ID: 0f641921-34d9-4b67-b95f-f1b93cbe9c67
Agent 86d824c4-e7e2-42cd-96ec-414c08643e3c: 
[DEAD] 
Agent ID: 86d824c4-e7e2-42cd-96ec-414c08643e3c
Agent 91f96fb1-5857-47ba-960a-124325e27b81: 
[DEAD] 
Agent ID: 91f96fb1-5857-47ba-960a-124325e27b81
Agent 93d43be0-7efb-48a0-b363-2d341c80611b: 
[DEAD] 
Agent ID: 93d43be0-7efb-48a0-b363-2d341c80611b
Agent f00d4c56-e61c-4653-a8fa-57f49d2af362: 
[DEAD] 
Agent ID: f00d4c56-e61c-4653-a8fa-57f49d2af362

Iteration 2, Turn 3:
Agent 0f641921-34d9-4b67-b95f-f1b93cbe9c67: 
[DEAD] 
Agent ID: 0f641921-34d9-4b67-b95f-f1b93cbe9c67
Agent 86d824c4-e7e2-42cd-96ec-414c08643e3c: 
[DEAD] 
Agent ID: 86d824c4-e7e2-42cd-96ec-414c08643e3c
Agent 91f96fb1-5857-47ba-960a-124325e27b81: 
[DEAD] 
Agent ID: 91f96fb1-5857-47ba-960a-124325e27b81
Agent 93d43be0-7efb-48a0-b363-2d341c80611b: 
[DEAD] 
Agent ID: 93d43be0-7efb-48a0-b363-2d341c80611b
Agent f00d4c56-e61c-4653-a8fa-57f49d2af362: 
[DEAD] 
Agent ID: f00d4c56-e61c-4653-a8fa-57f49d2af362

Iteration 2, Turn 4:
Agent 0f641921-34d9-4b67-b95f-f1b93cbe9c67: 
[DEAD] 
Agent ID: 0f641921-34d9-4b67-b95f-f1b93cbe9c67
Agent 86d824c4-e7e2-42cd-96ec-414c08643e3c: 
[DEAD] 
Agent ID: 86d824c4-e7e2-42cd-96ec-414c08643e3c
Agent 91f96fb1-5857-47ba-960a-124325e27b81: 
[DEAD] 
Agent ID: 91f96fb1-5857-47ba-960a-124325e27b81
Agent 93d43be0-7efb-48a0-b363-2d341c80611b: 
[DEAD] 
Agent ID: 93d43be0-7efb-48a0-b363-2d341c80611b
Agent f00d4c56-e61c-4653-a8fa-57f49d2af362: 
[DEAD] 
Agent ID: f00d4c56-e61c-4653-a8fa-57f49d2af362
