main function started.
--------Start of iteration 0---------


Iteration 0, Turn 0, current agent count: 5


Iteration 0, Turn 1, current agent count: 5


Iteration 0, Turn 2, current agent count: 5


Iteration 0, Turn 3, current agent count: 5


Iteration 0, Turn 4, current agent count: 5
--------End of iteration 0---------
--------Start of iteration 1---------


Iteration 1, Turn 0, current agent count: 5


Iteration 1, Turn 1, current agent count: 5


Iteration 1, Turn 2, current agent count: 5


Iteration 1, Turn 3, current agent count: 5


Iteration 1, Turn 4, current agent count: 5
--------End of iteration 1---------
--------Start of iteration 2---------


Iteration 2, Turn 0, current agent count: 5


Iteration 2, Turn 1, current agent count: 5


Iteration 2, Turn 2, current agent count: 5


Iteration 2, Turn 3, current agent count: 5


Iteration 2, Turn 4, current agent count: 5
--------End of iteration 2---------


GamePlaybackSummary - playing 18 turn records

Iteration 0, Turn 0:

Iteration 0, Turn 0:
Agent 4897f375-592a-4245-9bce-e6632b85ed07: 
Agent ID: 4897f375-592a-4245-9bce-e6632b85ed07
Agent 5e4a02ff-43a0-4dad-b43b-9f6451fcce08: 
Agent ID: 5e4a02ff-43a0-4dad-b43b-9f6451fcce08
Agent 6e864b1a-4b8b-4322-b685-ec4f8823e2eb: 
Agent ID: 6e864b1a-4b8b-4322-b685-ec4f8823e2eb
Agent 82bd65fa-9882-450d-959f-65363884de4c: 
Agent ID: 82bd65fa-9882-450d-959f-65363884de4c
Agent c2187773-e8c2-424c-86c0-0cc8a3072d63: 
Agent ID: c2187773-e8c2-424c-86c0-0cc8a3072d63

Iteration 0, Turn 1:
Agent 4897f375-592a-4245-9bce-e6632b85ed07: 
Agent ID: 4897f375-592a-4245-9bce-e6632b85ed07
Agent 5e4a02ff-43a0-4dad-b43b-9f6451fcce08: 
[DEAD] 
Agent ID: 5e4a02ff-43a0-4dad-b43b-9f6451fcce08
Agent 6e864b1a-4b8b-4322-b685-ec4f8823e2eb: 
Agent ID: 6e864b1a-4b8b-4322-b685-ec4f8823e2eb
Agent 82bd65fa-9882-450d-959f-65363884de4c: 
Agent ID: 82bd65fa-9882-450d-959f-65363884de4c
Agent c2187773-e8c2-424c-86c0-0cc8a3072d63: 
Agent ID: c2187773-e8c2-424c-86c0-0cc8a3072d63

Iteration 0, Turn 2:
Agent 4897f375-592a-4245-9bce-e6632b85ed07: 
[DEAD] 
Agent ID: 4897f375-592a-4245-9bce-e6632b85ed07
Agent 5e4a02ff-43a0-4dad-b43b-9f6451fcce08: 
[DEAD] 
Agent ID: 5e4a02ff-43a0-4dad-b43b-9f6451fcce08
Agent 6e864b1a-4b8b-4322-b685-ec4f8823e2eb: 
Agent ID: 6e864b1a-4b8b-4322-b685-ec4f8823e2eb
Agent 82bd65fa-9882-450d-959f-65363884de4c: 
[DEAD] 
Agent ID: 82bd65fa-9882-450d-959f-65363884de4c
Agent c2187773-e8c2-424c-86c0-0cc8a3072d63: 
[DEAD] 
Agent ID: c2187773-e8c2-424c-86c0-0cc8a3072d63

Iteration 0, Turn 3:
Agent 4897f375-592a-4245-9bce-e6632b85ed07: 
[DEAD] 
Agent ID: 4897f375-592a-4245-9bce-e6632b85ed07
Agent 5e4a02ff-43a0-4dad-b43b-9f6451fcce08: 
[DEAD] 
Agent ID: 5e4a02ff-43a0-4dad-b43b-9f6451fcce08
Agent 6e864b1a-4b8b-4322-b685-ec4f8823e2eb: 
[DEAD] 
Agent ID: 6e864b1a-4b8b-4322-b685-ec4f8823e2eb
Agent 82bd65fa-9882-450d-959f-65363884de4c: 
[DEAD] 
Agent ID: 82bd65fa-9882-450d-959f-65363884de4c
Agent c2187773-e8c2-424c-86c0-0cc8a3072d63: 
[DEAD] 
Agent ID: c2187773-e8c2-424c-86c0-0cc8a3072d63

Iteration 0, Turn 4:
Agent 4897f375-592a-4245-9bce-e6632b85ed07: 
[DEAD] 
Agent ID: 4897f375-592a-4245-9bce-e6632b85ed07
Agent 5e4a02ff-43a0-4dad-b43b-9f6451fcce08: 
[DEAD] 
Agent ID: 5e4a02ff-43a0-4dad-b43b-9f6451fcce08
Agent 6e864b1a-4b8b-4322-b685-ec4f8823e2eb: 
[DEAD] 
Agent ID: 6e864b1a-4b8b-4322-b685-ec4f8823e2eb
Agent 82bd65fa-9882-450d-959f-65363884de4c: 
[DEAD] 
Agent ID: 82bd65fa-9882-450d-959f-65363884de4c
Agent c2187773-e8c2-424c-86c0-0cc8a3072d63: 
[DEAD] 
Agent ID: c2187773-e8c2-424c-86c0-0cc8a3072d63

Iteration 1, Turn 0:

Iteration 1, Turn 0:
Agent 4897f375-592a-4245-9bce-e6632b85ed07: 
[DEAD] 
Agent ID: 4897f375-592a-4245-9bce-e6632b85ed07
Agent 5e4a02ff-43a0-4dad-b43b-9f6451fcce08: 
[DEAD] 
Agent ID: 5e4a02ff-43a0-4dad-b43b-9f6451fcce08
Agent 6e864b1a-4b8b-4322-b685-ec4f8823e2eb: 
[DEAD] 
Agent ID: 6e864b1a-4b8b-4322-b685-ec4f8823e2eb
Agent 82bd65fa-9882-450d-959f-65363884de4c: 
[DEAD] 
Agent ID: 82bd65fa-9882-450d-959f-65363884de4c
Agent c2187773-e8c2-424c-86c0-0cc8a3072d63: 
[DEAD] 
Agent ID: c2187773-e8c2-424c-86c0-0cc8a3072d63

Iteration 1, Turn 1:
Agent 4897f375-592a-4245-9bce-e6632b85ed07: 
[DEAD] 
Agent ID: 4897f375-592a-4245-9bce-e6632b85ed07
Agent 5e4a02ff-43a0-4dad-b43b-9f6451fcce08: 
[DEAD] 
Agent ID: 5e4a02ff-43a0-4dad-b43b-9f6451fcce08
Agent 6e864b1a-4b8b-4322-b685-ec4f8823e2eb: 
[DEAD] 
Agent ID: 6e864b1a-4b8b-4322-b685-ec4f8823e2eb
Agent 82bd65fa-9882-450d-959f-65363884de4c: 
[DEAD] 
Agent ID: 82bd65fa-9882-450d-959f-65363884de4c
Agent c2187773-e8c2-424c-86c0-0cc8a3072d63: 
[DEAD] 
Agent ID: c2187773-e8c2-424c-86c0-0cc8a3072d63

Iteration 1, Turn 2:
Agent 4897f375-592a-4245-9bce-e6632b85ed07: 
[DEAD] 
Agent ID: 4897f375-592a-4245-9bce-e6632b85ed07
Agent 5e4a02ff-43a0-4dad-b43b-9f6451fcce08: 
[DEAD] 
Agent ID: 5e4a02ff-43a0-4dad-b43b-9f6451fcce08
Agent 6e864b1a-4b8b-4322-b685-ec4f8823e2eb: 
[DEAD] 
Agent ID: 6e864b1a-4b8b-4322-b685-ec4f8823e2eb
Agent 82bd65fa-9882-450d-959f-65363884de4c: 
[DEAD] 
Agent ID: 82bd65fa-9882-450d-959f-65363884de4c
Agent c2187773-e8c2-424c-86c0-0cc8a3072d63: 
[DEAD] 
Agent ID: c2187773-e8c2-424c-86c0-0cc8a3072d63

Iteration 1, Turn 3:
Agent 4897f375-592a-4245-9bce-e6632b85ed07: 
[DEAD] 
Agent ID: 4897f375-592a-4245-9bce-e6632b85ed07
Agent 5e4a02ff-43a0-4dad-b43b-9f6451fcce08: 
[DEAD] 
Agent ID: 5e4a02ff-43a0-4dad-b43b-9f6451fcce08
Agent 6e864b1a-4b8b-4322-b685-ec4f8823e2eb: 
[DEAD] 
Agent ID: 6e864b1a-4b8b-4322-b685-ec4f8823e2eb
Agent 82bd65fa-9882-450d-959f-65363884de4c: 
[DEAD] 
Agent ID: 82bd65fa-9882-450d-959f-65363884de4c
Agent c2187773-e8c2-424c-86c0-0cc8a3072d63: 
[DEAD] 
Agent ID: c2187773-e8c2-424c-86c0-0cc8a3072d63

Iteration 1, Turn 4:
Agent 4897f375-592a-4245-9bce-e6632b85ed07: 
[DEAD] 
Agent ID: 4897f375-592a-4245-9bce-e6632b85ed07
Agent 5e4a02ff-43a0-4dad-b43b-9f6451fcce08: 
[DEAD] 
Agent ID: 5e4a02ff-43a0-4dad-b43b-9f6451fcce08
Agent 6e864b1a-4b8b-4322-b685-ec4f8823e2eb: 
[DEAD] 
Agent ID: 6e864b1a-4b8b-4322-b685-ec4f8823e2eb
Agent 82bd65fa-9882-450d-959f-65363884de4c: 
[DEAD] 
Agent ID: 82bd65fa-9882-450d-959f-65363884de4c
Agent c2187773-e8c2-424c-86c0-0cc8a3072d63: 
[DEAD] 
Agent ID: c2187773-e8c2-424c-86c0-0cc8a3072d63

Iteration 2, Turn 0:

Iteration 2, Turn 0:
Agent 4897f375-592a-4245-9bce-e6632b85ed07: 
[DEAD] 
Agent ID: 4897f375-592a-4245-9bce-e6632b85ed07
Agent 5e4a02ff-43a0-4dad-b43b-9f6451fcce08: 
[DEAD] 
Agent ID: 5e4a02ff-43a0-4dad-b43b-9f6451fcce08
Agent 6e864b1a-4b8b-4322-b685-ec4f8823e2eb: 
[DEAD] 
Agent ID: 6e864b1a-4b8b-4322-b685-ec4f8823e2eb
Agent 82bd65fa-9882-450d-959f-65363884de4c: 
[DEAD] 
Agent ID: 82bd65fa-9882-450d-959f-65363884de4c
Agent c2187773-e8c2-424c-86c0-0cc8a3072d63: 
[DEAD] 
Agent ID: c2187773-e8c2-424c-86c0-0cc8a3072d63

Iteration 2, Turn 1:
Agent 4897f375-592a-4245-9bce-e6632b85ed07: 
[DEAD] 
Agent ID: 4897f375-592a-4245-9bce-e6632b85ed07
Agent 5e4a02ff-43a0-4dad-b43b-9f6451fcce08: 
[DEAD] 
Agent ID: 5e4a02ff-43a0-4dad-b43b-9f6451fcce08
Agent 6e864b1a-4b8b-4322-b685-ec4f8823e2eb: 
[DEAD] 
Agent ID: 6e864b1a-4b8b-4322-b685-ec4f8823e2eb
Agent 82bd65fa-9882-450d-959f-65363884de4c: 
[DEAD] 
Agent ID: 82bd65fa-9882-450d-959f-65363884de4c
Agent c2187773-e8c2-424c-86c0-0cc8a3072d63: 
[DEAD] 
Agent ID: c2187773-e8c2-424c-86c0-0cc8a3072d63

Iteration 2, Turn 2:
Agent 4897f375-592a-4245-9bce-e6632b85ed07: 
[DEAD] 
Agent ID: 4897f375-592a-4245-9bce-e6632b85ed07
Agent 5e4a02ff-43a0-4dad-b43b-9f6451fcce08: 
[DEAD] 
Agent ID: 5e4a02ff-43a0-4dad-b43b-9f6451fcce08
Agent 6e864b1a-4b8b-4322-b685-ec4f8823e2eb: 
[DEAD] 
Agent ID: 6e864b1a-4b8b-4322-b685-ec4f8823e2eb
Agent 82bd65fa-9882-450d-959f-65363884de4c: 
[DEAD] 
Agent ID: 82bd65fa-9882-450d-959f-65363884de4c
Agent c2187773-e8c2-424c-86c0-0cc8a3072d63: 
[DEAD] 
Agent ID: c2187773-e8c2-424c-86c0-0cc8a3072d63

Iteration 2, Turn 3:
Agent 4897f375-592a-4245-9bce-e6632b85ed07: 
[DEAD] 
Agent ID: 4897f375-592a-4245-9bce-e6632b85ed07
Agent 5e4a02ff-43a0-4dad-b43b-9f6451fcce08: 
[DEAD] 
Agent ID: 5e4a02ff-43a0-4dad-b43b-9f6451fcce08
Agent 6e864b1a-4b8b-4322-b685-ec4f8823e2eb: 
[DEAD] 
Agent ID: 6e864b1a-4b8b-4322-b685-ec4f8823e2eb
Agent 82bd65fa-9882-450d-959f-65363884de4c: 
[DEAD] 
Agent ID: 82bd65fa-9882-450d-959f-65363884de4c
Agent c2187773-e8c2-424c-86c0-0cc8a3072d63: 
[DEAD] 
Agent ID: c2187773-e8c2-424c-86c0-0cc8a3072d63

Iteration 2, Turn 4:
Agent 4897f375-592a-4245-9bce-e6632b85ed07: 
[DEAD] 
Agent ID: 4897f375-592a-4245-9bce-e6632b85ed07
Agent 5e4a02ff-43a0-4dad-b43b-9f6451fcce08: 
[DEAD] 
Agent ID: 5e4a02ff-43a0-4dad-b43b-9f6451fcce08
Agent 6e864b1a-4b8b-4322-b685-ec4f8823e2eb: 
[DEAD] 
Agent ID: 6e864b1a-4b8b-4322-b685-ec4f8823e2eb
Agent 82bd65fa-9882-450d-959f-65363884de4c: 
[DEAD] 
Agent ID: 82bd65fa-9882-450d-959f-65363884de4c
Agent c2187773-e8c2-424c-86c0-0cc8a3072d63: 
[DEAD] 
Agent ID: c2187773-e8c2-424c-86c0-0cc8a3072d63
