main function started.
--------Start of iteration 0---------


Iteration 0, Turn 0, current agent count: 10


Iteration 0, Turn 1, current agent count: 10


Iteration 0, Turn 2, current agent count: 10


Iteration 0, Turn 3, current agent count: 10


Iteration 0, Turn 4, current agent count: 10
--------End of iteration 0---------
--------Start of iteration 1---------


Iteration 1, Turn 0, current agent count: 10


Iteration 1, Turn 1, current agent count: 10


Iteration 1, Turn 2, current agent count: 10


Iteration 1, Turn 3, current agent count: 10


Iteration 1, Turn 4, current agent count: 10
--------End of iteration 1---------
--------Start of iteration 2---------


Iteration 2, Turn 0, current agent count: 10


Iteration 2, Turn 1, current agent count: 10


Iteration 2, Turn 2, current agent count: 10


Iteration 2, Turn 3, current agent count: 10


Iteration 2, Turn 4, current agent count: 10
--------End of iteration 2---------


GamePlaybackSummary - playing 18 turn records

Iteration 0, Turn 0:

Iteration 0, Turn 0:
Agent 1b6b7fa9-833d-43ef-8672-d5e7385eaff7: 
Agent ID: 1b6b7fa9-833d-43ef-8672-d5e7385eaff7
Agent 1d5691fe-026a-4ac5-8838-4d82913d2189: 
Agent ID: 1d5691fe-026a-4ac5-8838-4d82913d2189
Agent 5207cc1e-11db-42b8-b732-6581e5e62758: 
Agent ID: 5207cc1e-11db-42b8-b732-6581e5e62758
Agent 5f86b5b1-d11f-4ff1-a4cf-524802d5c8fe: 
Agent ID: 5f86b5b1-d11f-4ff1-a4cf-524802d5c8fe
Agent 73d9659f-227b-41d5-b6ab-1aa2761dc893: 
Agent ID: 73d9659f-227b-41d5-b6ab-1aa2761dc893
Agent 7c4eb923-27bf-4a11-8b49-4a7ae4146286: 
Agent ID: 7c4eb923-27bf-4a11-8b49-4a7ae4146286
Agent 86027593-fb01-422a-ae77-89b173b7e8d7: 
Agent ID: 86027593-fb01-422a-ae77-89b173b7e8d7
Agent b1b53a29-9d2a-4d8e-9a47-40ed094cfcc9: 
Agent ID: b1b53a29-9d2a-4d8e-9a47-40ed094cfcc9
Agent c1a5cfae-aa48-4f2d-b101-5bf68ad88c22: 
Agent ID: c1a5cfae-aa48-4f2d-b101-5bf68ad88c22
Agent e601c024-079d-4ab6-9c58-f51b2f1d0f9e: 
Agent ID: e601c024-079d-4ab6-9c58-f51b2f1d0f9e

Iteration 0, Turn 1:
Agent 1b6b7fa9-833d-43ef-8672-d5e7385eaff7: 
[DEAD] 
Agent ID: 1b6b7fa9-833d-43ef-8672-d5e7385eaff7
Agent 1d5691fe-026a-4ac5-8838-4d82913d2189: 
[DEAD] 
Agent ID: 1d5691fe-026a-4ac5-8838-4d82913d2189
Agent 5207cc1e-11db-42b8-b732-6581e5e62758: 
[DEAD] 
Agent ID: 5207cc1e-11db-42b8-b732-6581e5e62758
Agent 5f86b5b1-d11f-4ff1-a4cf-524802d5c8fe: 
[DEAD] 
Agent ID: 5f86b5b1-d11f-4ff1-a4cf-524802d5c8fe
Agent 73d9659f-227b-41d5-b6ab-1aa2761dc893: 
[DEAD] 
Agent ID: 73d9659f-227b-41d5-b6ab-1aa2761dc893
Agent 7c4eb923-27bf-4a11-8b49-4a7ae4146286: 
[DEAD] 
Agent ID: 7c4eb923-27bf-4a11-8b49-4a7ae4146286
Agent 86027593-fb01-422a-ae77-89b173b7e8d7: 
[DEAD] 
Agent ID: 86027593-fb01-422a-ae77-89b173b7e8d7
Agent b1b53a29-9d2a-4d8e-9a47-40ed094cfcc9: 
[DEAD] 
Agent ID: b1b53a29-9d2a-4d8e-9a47-40ed094cfcc9
Agent c1a5cfae-aa48-4f2d-b101-5bf68ad88c22: 
[DEAD] 
Agent ID: c1a5cfae-aa48-4f2d-b101-5bf68ad88c22
Agent e601c024-079d-4ab6-9c58-f51b2f1d0f9e: 
[DEAD] 
Agent ID: e601c024-079d-4ab6-9c58-f51b2f1d0f9e

Iteration 0, Turn 2:
Agent 1b6b7fa9-833d-43ef-8672-d5e7385eaff7: 
[DEAD] 
Agent ID: 1b6b7fa9-833d-43ef-8672-d5e7385eaff7
Agent 1d5691fe-026a-4ac5-8838-4d82913d2189: 
[DEAD] 
Agent ID: 1d5691fe-026a-4ac5-8838-4d82913d2189
Agent 5207cc1e-11db-42b8-b732-6581e5e62758: 
[DEAD] 
Agent ID: 5207cc1e-11db-42b8-b732-6581e5e62758
Agent 5f86b5b1-d11f-4ff1-a4cf-524802d5c8fe: 
[DEAD] 
Agent ID: 5f86b5b1-d11f-4ff1-a4cf-524802d5c8fe
Agent 73d9659f-227b-41d5-b6ab-1aa2761dc893: 
[DEAD] 
Agent ID: 73d9659f-227b-41d5-b6ab-1aa2761dc893
Agent 7c4eb923-27bf-4a11-8b49-4a7ae4146286: 
[DEAD] 
Agent ID: 7c4eb923-27bf-4a11-8b49-4a7ae4146286
Agent 86027593-fb01-422a-ae77-89b173b7e8d7: 
[DEAD] 
Agent ID: 86027593-fb01-422a-ae77-89b173b7e8d7
Agent b1b53a29-9d2a-4d8e-9a47-40ed094cfcc9: 
[DEAD] 
Agent ID: b1b53a29-9d2a-4d8e-9a47-40ed094cfcc9
Agent c1a5cfae-aa48-4f2d-b101-5bf68ad88c22: 
[DEAD] 
Agent ID: c1a5cfae-aa48-4f2d-b101-5bf68ad88c22
Agent e601c024-079d-4ab6-9c58-f51b2f1d0f9e: 
[DEAD] 
Agent ID: e601c024-079d-4ab6-9c58-f51b2f1d0f9e

Iteration 0, Turn 3:
Agent 1b6b7fa9-833d-43ef-8672-d5e7385eaff7: 
[DEAD] 
Agent ID: 1b6b7fa9-833d-43ef-8672-d5e7385eaff7
Agent 1d5691fe-026a-4ac5-8838-4d82913d2189: 
[DEAD] 
Agent ID: 1d5691fe-026a-4ac5-8838-4d82913d2189
Agent 5207cc1e-11db-42b8-b732-6581e5e62758: 
[DEAD] 
Agent ID: 5207cc1e-11db-42b8-b732-6581e5e62758
Agent 5f86b5b1-d11f-4ff1-a4cf-524802d5c8fe: 
[DEAD] 
Agent ID: 5f86b5b1-d11f-4ff1-a4cf-524802d5c8fe
Agent 73d9659f-227b-41d5-b6ab-1aa2761dc893: 
[DEAD] 
Agent ID: 73d9659f-227b-41d5-b6ab-1aa2761dc893
Agent 7c4eb923-27bf-4a11-8b49-4a7ae4146286: 
[DEAD] 
Agent ID: 7c4eb923-27bf-4a11-8b49-4a7ae4146286
Agent 86027593-fb01-422a-ae77-89b173b7e8d7: 
[DEAD] 
Agent ID: 86027593-fb01-422a-ae77-89b173b7e8d7
Agent b1b53a29-9d2a-4d8e-9a47-40ed094cfcc9: 
[DEAD] 
Agent ID: b1b53a29-9d2a-4d8e-9a47-40ed094cfcc9
Agent c1a5cfae-aa48-4f2d-b101-5bf68ad88c22: 
[DEAD] 
Agent ID: c1a5cfae-aa48-4f2d-b101-5bf68ad88c22
Agent e601c024-079d-4ab6-9c58-f51b2f1d0f9e: 
[DEAD] 
Agent ID: e601c024-079d-4ab6-9c58-f51b2f1d0f9e

Iteration 0, Turn 4:
Agent 1b6b7fa9-833d-43ef-8672-d5e7385eaff7: 
[DEAD] 
Agent ID: 1b6b7fa9-833d-43ef-8672-d5e7385eaff7
Agent 1d5691fe-026a-4ac5-8838-4d82913d2189: 
[DEAD] 
Agent ID: 1d5691fe-026a-4ac5-8838-4d82913d2189
Agent 5207cc1e-11db-42b8-b732-6581e5e62758: 
[DEAD] 
Agent ID: 5207cc1e-11db-42b8-b732-6581e5e62758
Agent 5f86b5b1-d11f-4ff1-a4cf-524802d5c8fe: 
[DEAD] 
Agent ID: 5f86b5b1-d11f-4ff1-a4cf-524802d5c8fe
Agent 73d9659f-227b-41d5-b6ab-1aa2761dc893: 
[DEAD] 
Agent ID: 73d9659f-227b-41d5-b6ab-1aa2761dc893
Agent 7c4eb923-27bf-4a11-8b49-4a7ae4146286: 
[DEAD] 
Agent ID: 7c4eb923-27bf-4a11-8b49-4a7ae4146286
Agent 86027593-fb01-422a-ae77-89b173b7e8d7: 
[DEAD] 
Agent ID: 86027593-fb01-422a-ae77-89b173b7e8d7
Agent b1b53a29-9d2a-4d8e-9a47-40ed094cfcc9: 
[DEAD] 
Agent ID: b1b53a29-9d2a-4d8e-9a47-40ed094cfcc9
Agent c1a5cfae-aa48-4f2d-b101-5bf68ad88c22: 
[DEAD] 
Agent ID: c1a5cfae-aa48-4f2d-b101-5bf68ad88c22
Agent e601c024-079d-4ab6-9c58-f51b2f1d0f9e: 
[DEAD] 
Agent ID: e601c024-079d-4ab6-9c58-f51b2f1d0f9e

Iteration 1, Turn 0:

Iteration 1, Turn 0:
Agent 1b6b7fa9-833d-43ef-8672-d5e7385eaff7: 
[DEAD] 
Agent ID: 1b6b7fa9-833d-43ef-8672-d5e7385eaff7
Agent 1d5691fe-026a-4ac5-8838-4d82913d2189: 
[DEAD] 
Agent ID: 1d5691fe-026a-4ac5-8838-4d82913d2189
Agent 5207cc1e-11db-42b8-b732-6581e5e62758: 
[DEAD] 
Agent ID: 5207cc1e-11db-42b8-b732-6581e5e62758
Agent 5f86b5b1-d11f-4ff1-a4cf-524802d5c8fe: 
[DEAD] 
Agent ID: 5f86b5b1-d11f-4ff1-a4cf-524802d5c8fe
Agent 73d9659f-227b-41d5-b6ab-1aa2761dc893: 
[DEAD] 
Agent ID: 73d9659f-227b-41d5-b6ab-1aa2761dc893
Agent 7c4eb923-27bf-4a11-8b49-4a7ae4146286: 
[DEAD] 
Agent ID: 7c4eb923-27bf-4a11-8b49-4a7ae4146286
Agent 86027593-fb01-422a-ae77-89b173b7e8d7: 
[DEAD] 
Agent ID: 86027593-fb01-422a-ae77-89b173b7e8d7
Agent b1b53a29-9d2a-4d8e-9a47-40ed094cfcc9: 
[DEAD] 
Agent ID: b1b53a29-9d2a-4d8e-9a47-40ed094cfcc9
Agent c1a5cfae-aa48-4f2d-b101-5bf68ad88c22: 
[DEAD] 
Agent ID: c1a5cfae-aa48-4f2d-b101-5bf68ad88c22
Agent e601c024-079d-4ab6-9c58-f51b2f1d0f9e: 
[DEAD] 
Agent ID: e601c024-079d-4ab6-9c58-f51b2f1d0f9e

Iteration 1, Turn 1:
Agent 1b6b7fa9-833d-43ef-8672-d5e7385eaff7: 
[DEAD] 
Agent ID: 1b6b7fa9-833d-43ef-8672-d5e7385eaff7
Agent 1d5691fe-026a-4ac5-8838-4d82913d2189: 
[DEAD] 
Agent ID: 1d5691fe-026a-4ac5-8838-4d82913d2189
Agent 5207cc1e-11db-42b8-b732-6581e5e62758: 
[DEAD] 
Agent ID: 5207cc1e-11db-42b8-b732-6581e5e62758
Agent 5f86b5b1-d11f-4ff1-a4cf-524802d5c8fe: 
[DEAD] 
Agent ID: 5f86b5b1-d11f-4ff1-a4cf-524802d5c8fe
Agent 73d9659f-227b-41d5-b6ab-1aa2761dc893: 
[DEAD] 
Agent ID: 73d9659f-227b-41d5-b6ab-1aa2761dc893
Agent 7c4eb923-27bf-4a11-8b49-4a7ae4146286: 
[DEAD] 
Agent ID: 7c4eb923-27bf-4a11-8b49-4a7ae4146286
Agent 86027593-fb01-422a-ae77-89b173b7e8d7: 
[DEAD] 
Agent ID: 86027593-fb01-422a-ae77-89b173b7e8d7
Agent b1b53a29-9d2a-4d8e-9a47-40ed094cfcc9: 
[DEAD] 
Agent ID: b1b53a29-9d2a-4d8e-9a47-40ed094cfcc9
Agent c1a5cfae-aa48-4f2d-b101-5bf68ad88c22: 
[DEAD] 
Agent ID: c1a5cfae-aa48-4f2d-b101-5bf68ad88c22
Agent e601c024-079d-4ab6-9c58-f51b2f1d0f9e: 
[DEAD] 
Agent ID: e601c024-079d-4ab6-9c58-f51b2f1d0f9e

Iteration 1, Turn 2:
Agent 1b6b7fa9-833d-43ef-8672-d5e7385eaff7: 
[DEAD] 
Agent ID: 1b6b7fa9-833d-43ef-8672-d5e7385eaff7
Agent 1d5691fe-026a-4ac5-8838-4d82913d2189: 
[DEAD] 
Agent ID: 1d5691fe-026a-4ac5-8838-4d82913d2189
Agent 5207cc1e-11db-42b8-b732-6581e5e62758: 
[DEAD] 
Agent ID: 5207cc1e-11db-42b8-b732-6581e5e62758
Agent 5f86b5b1-d11f-4ff1-a4cf-524802d5c8fe: 
[DEAD] 
Agent ID: 5f86b5b1-d11f-4ff1-a4cf-524802d5c8fe
Agent 73d9659f-227b-41d5-b6ab-1aa2761dc893: 
[DEAD] 
Agent ID: 73d9659f-227b-41d5-b6ab-1aa2761dc893
Agent 7c4eb923-27bf-4a11-8b49-4a7ae4146286: 
[DEAD] 
Agent ID: 7c4eb923-27bf-4a11-8b49-4a7ae4146286
Agent 86027593-fb01-422a-ae77-89b173b7e8d7: 
[DEAD] 
Agent ID: 86027593-fb01-422a-ae77-89b173b7e8d7
Agent b1b53a29-9d2a-4d8e-9a47-40ed094cfcc9: 
[DEAD] 
Agent ID: b1b53a29-9d2a-4d8e-9a47-40ed094cfcc9
Agent c1a5cfae-aa48-4f2d-b101-5bf68ad88c22: 
[DEAD] 
Agent ID: c1a5cfae-aa48-4f2d-b101-5bf68ad88c22
Agent e601c024-079d-4ab6-9c58-f51b2f1d0f9e: 
[DEAD] 
Agent ID: e601c024-079d-4ab6-9c58-f51b2f1d0f9e

Iteration 1, Turn 3:
Agent 1b6b7fa9-833d-43ef-8672-d5e7385eaff7: 
[DEAD] 
Agent ID: 1b6b7fa9-833d-43ef-8672-d5e7385eaff7
Agent 1d5691fe-026a-4ac5-8838-4d82913d2189: 
[DEAD] 
Agent ID: 1d5691fe-026a-4ac5-8838-4d82913d2189
Agent 5207cc1e-11db-42b8-b732-6581e5e62758: 
[DEAD] 
Agent ID: 5207cc1e-11db-42b8-b732-6581e5e62758
Agent 5f86b5b1-d11f-4ff1-a4cf-524802d5c8fe: 
[DEAD] 
Agent ID: 5f86b5b1-d11f-4ff1-a4cf-524802d5c8fe
Agent 73d9659f-227b-41d5-b6ab-1aa2761dc893: 
[DEAD] 
Agent ID: 73d9659f-227b-41d5-b6ab-1aa2761dc893
Agent 7c4eb923-27bf-4a11-8b49-4a7ae4146286: 
[DEAD] 
Agent ID: 7c4eb923-27bf-4a11-8b49-4a7ae4146286
Agent 86027593-fb01-422a-ae77-89b173b7e8d7: 
[DEAD] 
Agent ID: 86027593-fb01-422a-ae77-89b173b7e8d7
Agent b1b53a29-9d2a-4d8e-9a47-40ed094cfcc9: 
[DEAD] 
Agent ID: b1b53a29-9d2a-4d8e-9a47-40ed094cfcc9
Agent c1a5cfae-aa48-4f2d-b101-5bf68ad88c22: 
[DEAD] 
Agent ID: c1a5cfae-aa48-4f2d-b101-5bf68ad88c22
Agent e601c024-079d-4ab6-9c58-f51b2f1d0f9e: 
[DEAD] 
Agent ID: e601c024-079d-4ab6-9c58-f51b2f1d0f9e

Iteration 1, Turn 4:
Agent 1b6b7fa9-833d-43ef-8672-d5e7385eaff7: 
[DEAD] 
Agent ID: 1b6b7fa9-833d-43ef-8672-d5e7385eaff7
Agent 1d5691fe-026a-4ac5-8838-4d82913d2189: 
[DEAD] 
Agent ID: 1d5691fe-026a-4ac5-8838-4d82913d2189
Agent 5207cc1e-11db-42b8-b732-6581e5e62758: 
[DEAD] 
Agent ID: 5207cc1e-11db-42b8-b732-6581e5e62758
Agent 5f86b5b1-d11f-4ff1-a4cf-524802d5c8fe: 
[DEAD] 
Agent ID: 5f86b5b1-d11f-4ff1-a4cf-524802d5c8fe
Agent 73d9659f-227b-41d5-b6ab-1aa2761dc893: 
[DEAD] 
Agent ID: 73d9659f-227b-41d5-b6ab-1aa2761dc893
Agent 7c4eb923-27bf-4a11-8b49-4a7ae4146286: 
[DEAD] 
Agent ID: 7c4eb923-27bf-4a11-8b49-4a7ae4146286
Agent 86027593-fb01-422a-ae77-89b173b7e8d7: 
[DEAD] 
Agent ID: 86027593-fb01-422a-ae77-89b173b7e8d7
Agent b1b53a29-9d2a-4d8e-9a47-40ed094cfcc9: 
[DEAD] 
Agent ID: b1b53a29-9d2a-4d8e-9a47-40ed094cfcc9
Agent c1a5cfae-aa48-4f2d-b101-5bf68ad88c22: 
[DEAD] 
Agent ID: c1a5cfae-aa48-4f2d-b101-5bf68ad88c22
Agent e601c024-079d-4ab6-9c58-f51b2f1d0f9e: 
[DEAD] 
Agent ID: e601c024-079d-4ab6-9c58-f51b2f1d0f9e

Iteration 2, Turn 0:

Iteration 2, Turn 0:
Agent 1b6b7fa9-833d-43ef-8672-d5e7385eaff7: 
[DEAD] 
Agent ID: 1b6b7fa9-833d-43ef-8672-d5e7385eaff7
Agent 1d5691fe-026a-4ac5-8838-4d82913d2189: 
[DEAD] 
Agent ID: 1d5691fe-026a-4ac5-8838-4d82913d2189
Agent 5207cc1e-11db-42b8-b732-6581e5e62758: 
[DEAD] 
Agent ID: 5207cc1e-11db-42b8-b732-6581e5e62758
Agent 5f86b5b1-d11f-4ff1-a4cf-524802d5c8fe: 
[DEAD] 
Agent ID: 5f86b5b1-d11f-4ff1-a4cf-524802d5c8fe
Agent 73d9659f-227b-41d5-b6ab-1aa2761dc893: 
[DEAD] 
Agent ID: 73d9659f-227b-41d5-b6ab-1aa2761dc893
Agent 7c4eb923-27bf-4a11-8b49-4a7ae4146286: 
[DEAD] 
Agent ID: 7c4eb923-27bf-4a11-8b49-4a7ae4146286
Agent 86027593-fb01-422a-ae77-89b173b7e8d7: 
[DEAD] 
Agent ID: 86027593-fb01-422a-ae77-89b173b7e8d7
Agent b1b53a29-9d2a-4d8e-9a47-40ed094cfcc9: 
[DEAD] 
Agent ID: b1b53a29-9d2a-4d8e-9a47-40ed094cfcc9
Agent c1a5cfae-aa48-4f2d-b101-5bf68ad88c22: 
[DEAD] 
Agent ID: c1a5cfae-aa48-4f2d-b101-5bf68ad88c22
Agent e601c024-079d-4ab6-9c58-f51b2f1d0f9e: 
[DEAD] 
Agent ID: e601c024-079d-4ab6-9c58-f51b2f1d0f9e

Iteration 2, Turn 1:
Agent 1b6b7fa9-833d-43ef-8672-d5e7385eaff7: 
[DEAD] 
Agent ID: 1b6b7fa9-833d-43ef-8672-d5e7385eaff7
Agent 1d5691fe-026a-4ac5-8838-4d82913d2189: 
[DEAD] 
Agent ID: 1d5691fe-026a-4ac5-8838-4d82913d2189
Agent 5207cc1e-11db-42b8-b732-6581e5e62758: 
[DEAD] 
Agent ID: 5207cc1e-11db-42b8-b732-6581e5e62758
Agent 5f86b5b1-d11f-4ff1-a4cf-524802d5c8fe: 
[DEAD] 
Agent ID: 5f86b5b1-d11f-4ff1-a4cf-524802d5c8fe
Agent 73d9659f-227b-41d5-b6ab-1aa2761dc893: 
[DEAD] 
Agent ID: 73d9659f-227b-41d5-b6ab-1aa2761dc893
Agent 7c4eb923-27bf-4a11-8b49-4a7ae4146286: 
[DEAD] 
Agent ID: 7c4eb923-27bf-4a11-8b49-4a7ae4146286
Agent 86027593-fb01-422a-ae77-89b173b7e8d7: 
[DEAD] 
Agent ID: 86027593-fb01-422a-ae77-89b173b7e8d7
Agent b1b53a29-9d2a-4d8e-9a47-40ed094cfcc9: 
[DEAD] 
Agent ID: b1b53a29-9d2a-4d8e-9a47-40ed094cfcc9
Agent c1a5cfae-aa48-4f2d-b101-5bf68ad88c22: 
[DEAD] 
Agent ID: c1a5cfae-aa48-4f2d-b101-5bf68ad88c22
Agent e601c024-079d-4ab6-9c58-f51b2f1d0f9e: 
[DEAD] 
Agent ID: e601c024-079d-4ab6-9c58-f51b2f1d0f9e

Iteration 2, Turn 2:
Agent 1b6b7fa9-833d-43ef-8672-d5e7385eaff7: 
[DEAD] 
Agent ID: 1b6b7fa9-833d-43ef-8672-d5e7385eaff7
Agent 1d5691fe-026a-4ac5-8838-4d82913d2189: 
[DEAD] 
Agent ID: 1d5691fe-026a-4ac5-8838-4d82913d2189
Agent 5207cc1e-11db-42b8-b732-6581e5e62758: 
[DEAD] 
Agent ID: 5207cc1e-11db-42b8-b732-6581e5e62758
Agent 5f86b5b1-d11f-4ff1-a4cf-524802d5c8fe: 
[DEAD] 
Agent ID: 5f86b5b1-d11f-4ff1-a4cf-524802d5c8fe
Agent 73d9659f-227b-41d5-b6ab-1aa2761dc893: 
[DEAD] 
Agent ID: 73d9659f-227b-41d5-b6ab-1aa2761dc893
Agent 7c4eb923-27bf-4a11-8b49-4a7ae4146286: 
[DEAD] 
Agent ID: 7c4eb923-27bf-4a11-8b49-4a7ae4146286
Agent 86027593-fb01-422a-ae77-89b173b7e8d7: 
[DEAD] 
Agent ID: 86027593-fb01-422a-ae77-89b173b7e8d7
Agent b1b53a29-9d2a-4d8e-9a47-40ed094cfcc9: 
[DEAD] 
Agent ID: b1b53a29-9d2a-4d8e-9a47-40ed094cfcc9
Agent c1a5cfae-aa48-4f2d-b101-5bf68ad88c22: 
[DEAD] 
Agent ID: c1a5cfae-aa48-4f2d-b101-5bf68ad88c22
Agent e601c024-079d-4ab6-9c58-f51b2f1d0f9e: 
[DEAD] 
Agent ID: e601c024-079d-4ab6-9c58-f51b2f1d0f9e

Iteration 2, Turn 3:
Agent 1b6b7fa9-833d-43ef-8672-d5e7385eaff7: 
[DEAD] 
Agent ID: 1b6b7fa9-833d-43ef-8672-d5e7385eaff7
Agent 1d5691fe-026a-4ac5-8838-4d82913d2189: 
[DEAD] 
Agent ID: 1d5691fe-026a-4ac5-8838-4d82913d2189
Agent 5207cc1e-11db-42b8-b732-6581e5e62758: 
[DEAD] 
Agent ID: 5207cc1e-11db-42b8-b732-6581e5e62758
Agent 5f86b5b1-d11f-4ff1-a4cf-524802d5c8fe: 
[DEAD] 
Agent ID: 5f86b5b1-d11f-4ff1-a4cf-524802d5c8fe
Agent 73d9659f-227b-41d5-b6ab-1aa2761dc893: 
[DEAD] 
Agent ID: 73d9659f-227b-41d5-b6ab-1aa2761dc893
Agent 7c4eb923-27bf-4a11-8b49-4a7ae4146286: 
[DEAD] 
Agent ID: 7c4eb923-27bf-4a11-8b49-4a7ae4146286
Agent 86027593-fb01-422a-ae77-89b173b7e8d7: 
[DEAD] 
Agent ID: 86027593-fb01-422a-ae77-89b173b7e8d7
Agent b1b53a29-9d2a-4d8e-9a47-40ed094cfcc9: 
[DEAD] 
Agent ID: b1b53a29-9d2a-4d8e-9a47-40ed094cfcc9
Agent c1a5cfae-aa48-4f2d-b101-5bf68ad88c22: 
[DEAD] 
Agent ID: c1a5cfae-aa48-4f2d-b101-5bf68ad88c22
Agent e601c024-079d-4ab6-9c58-f51b2f1d0f9e: 
[DEAD] 
Agent ID: e601c024-079d-4ab6-9c58-f51b2f1d0f9e

Iteration 2, Turn 4:
Agent 1b6b7fa9-833d-43ef-8672-d5e7385eaff7: 
[DEAD] 
Agent ID: 1b6b7fa9-833d-43ef-8672-d5e7385eaff7
Agent 1d5691fe-026a-4ac5-8838-4d82913d2189: 
[DEAD] 
Agent ID: 1d5691fe-026a-4ac5-8838-4d82913d2189
Agent 5207cc1e-11db-42b8-b732-6581e5e62758: 
[DEAD] 
Agent ID: 5207cc1e-11db-42b8-b732-6581e5e62758
Agent 5f86b5b1-d11f-4ff1-a4cf-524802d5c8fe: 
[DEAD] 
Agent ID: 5f86b5b1-d11f-4ff1-a4cf-524802d5c8fe
Agent 73d9659f-227b-41d5-b6ab-1aa2761dc893: 
[DEAD] 
Agent ID: 73d9659f-227b-41d5-b6ab-1aa2761dc893
Agent 7c4eb923-27bf-4a11-8b49-4a7ae4146286: 
[DEAD] 
Agent ID: 7c4eb923-27bf-4a11-8b49-4a7ae4146286
Agent 86027593-fb01-422a-ae77-89b173b7e8d7: 
[DEAD] 
Agent ID: 86027593-fb01-422a-ae77-89b173b7e8d7
Agent b1b53a29-9d2a-4d8e-9a47-40ed094cfcc9: 
[DEAD] 
Agent ID: b1b53a29-9d2a-4d8e-9a47-40ed094cfcc9
Agent c1a5cfae-aa48-4f2d-b101-5bf68ad88c22: 
[DEAD] 
Agent ID: c1a5cfae-aa48-4f2d-b101-5bf68ad88c22
Agent e601c024-079d-4ab6-9c58-f51b2f1d0f9e: 
[DEAD] 
Agent ID: e601c024-079d-4ab6-9c58-f51b2f1d0f9e
