main function started.
--------Start of iteration 0---------


Iteration 0, Turn 0, current agent count: 5


Iteration 0, Turn 1, current agent count: 5


Iteration 0, Turn 2, current agent count: 5


Iteration 0, Turn 3, current agent count: 5


Iteration 0, Turn 4, current agent count: 5
--------End of iteration 0---------
--------Start of iteration 1---------


Iteration 1, Turn 0, current agent count: 5


Iteration 1, Turn 1, current agent count: 5


Iteration 1, Turn 2, current agent count: 5


Iteration 1, Turn 3, current agent count: 5


Iteration 1, Turn 4, current agent count: 5
--------End of iteration 1---------
--------Start of iteration 2---------


Iteration 2, Turn 0, current agent count: 5


Iteration 2, Turn 1, current agent count: 5


Iteration 2, Turn 2, current agent count: 5


Iteration 2, Turn 3, current agent count: 5


Iteration 2, Turn 4, current agent count: 5
--------End of iteration 2---------


GamePlaybackSummary - playing 18 turn records

Iteration 0, Turn 0:

Iteration 0, Turn 0:
Agent 19e6f713-618d-42ca-b716-d17b1e0cc13c: 
[DEAD] 
Agent ID: 19e6f713-618d-42ca-b716-d17b1e0cc13c
Agent 811e118f-6d53-4963-99ce-b0af484432e4: 
[DEAD] 
Agent ID: 811e118f-6d53-4963-99ce-b0af484432e4
Agent 850bba12-5c50-4ca8-abb3-f69884e10d15: 
Agent ID: 850bba12-5c50-4ca8-abb3-f69884e10d15
Agent 8d6398ac-4bcf-4e3a-8b27-fe1572c958cf: 
Agent ID: 8d6398ac-4bcf-4e3a-8b27-fe1572c958cf
Agent e6f5aa2a-02b5-4aac-92d4-98c3ced8d37c: 
Agent ID: e6f5aa2a-02b5-4aac-92d4-98c3ced8d37c

Iteration 0, Turn 1:
Agent 19e6f713-618d-42ca-b716-d17b1e0cc13c: 
[DEAD] 
Agent ID: 19e6f713-618d-42ca-b716-d17b1e0cc13c
Agent 811e118f-6d53-4963-99ce-b0af484432e4: 
[DEAD] 
Agent ID: 811e118f-6d53-4963-99ce-b0af484432e4
Agent 850bba12-5c50-4ca8-abb3-f69884e10d15: 
Agent ID: 850bba12-5c50-4ca8-abb3-f69884e10d15
Agent 8d6398ac-4bcf-4e3a-8b27-fe1572c958cf: 
[DEAD] 
Agent ID: 8d6398ac-4bcf-4e3a-8b27-fe1572c958cf
Agent e6f5aa2a-02b5-4aac-92d4-98c3ced8d37c: 
[DEAD] 
Agent ID: e6f5aa2a-02b5-4aac-92d4-98c3ced8d37c

Iteration 0, Turn 2:
Agent 19e6f713-618d-42ca-b716-d17b1e0cc13c: 
[DEAD] 
Agent ID: 19e6f713-618d-42ca-b716-d17b1e0cc13c
Agent 811e118f-6d53-4963-99ce-b0af484432e4: 
[DEAD] 
Agent ID: 811e118f-6d53-4963-99ce-b0af484432e4
Agent 850bba12-5c50-4ca8-abb3-f69884e10d15: 
Agent ID: 850bba12-5c50-4ca8-abb3-f69884e10d15
Agent 8d6398ac-4bcf-4e3a-8b27-fe1572c958cf: 
[DEAD] 
Agent ID: 8d6398ac-4bcf-4e3a-8b27-fe1572c958cf
Agent e6f5aa2a-02b5-4aac-92d4-98c3ced8d37c: 
[DEAD] 
Agent ID: e6f5aa2a-02b5-4aac-92d4-98c3ced8d37c

Iteration 0, Turn 3:
Agent 19e6f713-618d-42ca-b716-d17b1e0cc13c: 
[DEAD] 
Agent ID: 19e6f713-618d-42ca-b716-d17b1e0cc13c
Agent 811e118f-6d53-4963-99ce-b0af484432e4: 
[DEAD] 
Agent ID: 811e118f-6d53-4963-99ce-b0af484432e4
Agent 850bba12-5c50-4ca8-abb3-f69884e10d15: 
[DEAD] 
Agent ID: 850bba12-5c50-4ca8-abb3-f69884e10d15
Agent 8d6398ac-4bcf-4e3a-8b27-fe1572c958cf: 
[DEAD] 
Agent ID: 8d6398ac-4bcf-4e3a-8b27-fe1572c958cf
Agent e6f5aa2a-02b5-4aac-92d4-98c3ced8d37c: 
[DEAD] 
Agent ID: e6f5aa2a-02b5-4aac-92d4-98c3ced8d37c

Iteration 0, Turn 4:
Agent 19e6f713-618d-42ca-b716-d17b1e0cc13c: 
[DEAD] 
Agent ID: 19e6f713-618d-42ca-b716-d17b1e0cc13c
Agent 811e118f-6d53-4963-99ce-b0af484432e4: 
[DEAD] 
Agent ID: 811e118f-6d53-4963-99ce-b0af484432e4
Agent 850bba12-5c50-4ca8-abb3-f69884e10d15: 
[DEAD] 
Agent ID: 850bba12-5c50-4ca8-abb3-f69884e10d15
Agent 8d6398ac-4bcf-4e3a-8b27-fe1572c958cf: 
[DEAD] 
Agent ID: 8d6398ac-4bcf-4e3a-8b27-fe1572c958cf
Agent e6f5aa2a-02b5-4aac-92d4-98c3ced8d37c: 
[DEAD] 
Agent ID: e6f5aa2a-02b5-4aac-92d4-98c3ced8d37c

Iteration 1, Turn 0:

Iteration 1, Turn 0:
Agent 19e6f713-618d-42ca-b716-d17b1e0cc13c: 
[DEAD] 
Agent ID: 19e6f713-618d-42ca-b716-d17b1e0cc13c
Agent 811e118f-6d53-4963-99ce-b0af484432e4: 
[DEAD] 
Agent ID: 811e118f-6d53-4963-99ce-b0af484432e4
Agent 850bba12-5c50-4ca8-abb3-f69884e10d15: 
[DEAD] 
Agent ID: 850bba12-5c50-4ca8-abb3-f69884e10d15
Agent 8d6398ac-4bcf-4e3a-8b27-fe1572c958cf: 
[DEAD] 
Agent ID: 8d6398ac-4bcf-4e3a-8b27-fe1572c958cf
Agent e6f5aa2a-02b5-4aac-92d4-98c3ced8d37c: 
[DEAD] 
Agent ID: e6f5aa2a-02b5-4aac-92d4-98c3ced8d37c

Iteration 1, Turn 1:
Agent 19e6f713-618d-42ca-b716-d17b1e0cc13c: 
[DEAD] 
Agent ID: 19e6f713-618d-42ca-b716-d17b1e0cc13c
Agent 811e118f-6d53-4963-99ce-b0af484432e4: 
[DEAD] 
Agent ID: 811e118f-6d53-4963-99ce-b0af484432e4
Agent 850bba12-5c50-4ca8-abb3-f69884e10d15: 
[DEAD] 
Agent ID: 850bba12-5c50-4ca8-abb3-f69884e10d15
Agent 8d6398ac-4bcf-4e3a-8b27-fe1572c958cf: 
[DEAD] 
Agent ID: 8d6398ac-4bcf-4e3a-8b27-fe1572c958cf
Agent e6f5aa2a-02b5-4aac-92d4-98c3ced8d37c: 
[DEAD] 
Agent ID: e6f5aa2a-02b5-4aac-92d4-98c3ced8d37c

Iteration 1, Turn 2:
Agent 19e6f713-618d-42ca-b716-d17b1e0cc13c: 
[DEAD] 
Agent ID: 19e6f713-618d-42ca-b716-d17b1e0cc13c
Agent 811e118f-6d53-4963-99ce-b0af484432e4: 
[DEAD] 
Agent ID: 811e118f-6d53-4963-99ce-b0af484432e4
Agent 850bba12-5c50-4ca8-abb3-f69884e10d15: 
[DEAD] 
Agent ID: 850bba12-5c50-4ca8-abb3-f69884e10d15
Agent 8d6398ac-4bcf-4e3a-8b27-fe1572c958cf: 
[DEAD] 
Agent ID: 8d6398ac-4bcf-4e3a-8b27-fe1572c958cf
Agent e6f5aa2a-02b5-4aac-92d4-98c3ced8d37c: 
[DEAD] 
Agent ID: e6f5aa2a-02b5-4aac-92d4-98c3ced8d37c

Iteration 1, Turn 3:
Agent 19e6f713-618d-42ca-b716-d17b1e0cc13c: 
[DEAD] 
Agent ID: 19e6f713-618d-42ca-b716-d17b1e0cc13c
Agent 811e118f-6d53-4963-99ce-b0af484432e4: 
[DEAD] 
Agent ID: 811e118f-6d53-4963-99ce-b0af484432e4
Agent 850bba12-5c50-4ca8-abb3-f69884e10d15: 
[DEAD] 
Agent ID: 850bba12-5c50-4ca8-abb3-f69884e10d15
Agent 8d6398ac-4bcf-4e3a-8b27-fe1572c958cf: 
[DEAD] 
Agent ID: 8d6398ac-4bcf-4e3a-8b27-fe1572c958cf
Agent e6f5aa2a-02b5-4aac-92d4-98c3ced8d37c: 
[DEAD] 
Agent ID: e6f5aa2a-02b5-4aac-92d4-98c3ced8d37c

Iteration 1, Turn 4:
Agent 19e6f713-618d-42ca-b716-d17b1e0cc13c: 
[DEAD] 
Agent ID: 19e6f713-618d-42ca-b716-d17b1e0cc13c
Agent 811e118f-6d53-4963-99ce-b0af484432e4: 
[DEAD] 
Agent ID: 811e118f-6d53-4963-99ce-b0af484432e4
Agent 850bba12-5c50-4ca8-abb3-f69884e10d15: 
[DEAD] 
Agent ID: 850bba12-5c50-4ca8-abb3-f69884e10d15
Agent 8d6398ac-4bcf-4e3a-8b27-fe1572c958cf: 
[DEAD] 
Agent ID: 8d6398ac-4bcf-4e3a-8b27-fe1572c958cf
Agent e6f5aa2a-02b5-4aac-92d4-98c3ced8d37c: 
[DEAD] 
Agent ID: e6f5aa2a-02b5-4aac-92d4-98c3ced8d37c

Iteration 2, Turn 0:

Iteration 2, Turn 0:
Agent 19e6f713-618d-42ca-b716-d17b1e0cc13c: 
[DEAD] 
Agent ID: 19e6f713-618d-42ca-b716-d17b1e0cc13c
Agent 811e118f-6d53-4963-99ce-b0af484432e4: 
[DEAD] 
Agent ID: 811e118f-6d53-4963-99ce-b0af484432e4
Agent 850bba12-5c50-4ca8-abb3-f69884e10d15: 
[DEAD] 
Agent ID: 850bba12-5c50-4ca8-abb3-f69884e10d15
Agent 8d6398ac-4bcf-4e3a-8b27-fe1572c958cf: 
[DEAD] 
Agent ID: 8d6398ac-4bcf-4e3a-8b27-fe1572c958cf
Agent e6f5aa2a-02b5-4aac-92d4-98c3ced8d37c: 
[DEAD] 
Agent ID: e6f5aa2a-02b5-4aac-92d4-98c3ced8d37c

Iteration 2, Turn 1:
Agent 19e6f713-618d-42ca-b716-d17b1e0cc13c: 
[DEAD] 
Agent ID: 19e6f713-618d-42ca-b716-d17b1e0cc13c
Agent 811e118f-6d53-4963-99ce-b0af484432e4: 
[DEAD] 
Agent ID: 811e118f-6d53-4963-99ce-b0af484432e4
Agent 850bba12-5c50-4ca8-abb3-f69884e10d15: 
[DEAD] 
Agent ID: 850bba12-5c50-4ca8-abb3-f69884e10d15
Agent 8d6398ac-4bcf-4e3a-8b27-fe1572c958cf: 
[DEAD] 
Agent ID: 8d6398ac-4bcf-4e3a-8b27-fe1572c958cf
Agent e6f5aa2a-02b5-4aac-92d4-98c3ced8d37c: 
[DEAD] 
Agent ID: e6f5aa2a-02b5-4aac-92d4-98c3ced8d37c

Iteration 2, Turn 2:
Agent 19e6f713-618d-42ca-b716-d17b1e0cc13c: 
[DEAD] 
Agent ID: 19e6f713-618d-42ca-b716-d17b1e0cc13c
Agent 811e118f-6d53-4963-99ce-b0af484432e4: 
[DEAD] 
Agent ID: 811e118f-6d53-4963-99ce-b0af484432e4
Agent 850bba12-5c50-4ca8-abb3-f69884e10d15: 
[DEAD] 
Agent ID: 850bba12-5c50-4ca8-abb3-f69884e10d15
Agent 8d6398ac-4bcf-4e3a-8b27-fe1572c958cf: 
[DEAD] 
Agent ID: 8d6398ac-4bcf-4e3a-8b27-fe1572c958cf
Agent e6f5aa2a-02b5-4aac-92d4-98c3ced8d37c: 
[DEAD] 
Agent ID: e6f5aa2a-02b5-4aac-92d4-98c3ced8d37c

Iteration 2, Turn 3:
Agent 19e6f713-618d-42ca-b716-d17b1e0cc13c: 
[DEAD] 
Agent ID: 19e6f713-618d-42ca-b716-d17b1e0cc13c
Agent 811e118f-6d53-4963-99ce-b0af484432e4: 
[DEAD] 
Agent ID: 811e118f-6d53-4963-99ce-b0af484432e4
Agent 850bba12-5c50-4ca8-abb3-f69884e10d15: 
[DEAD] 
Agent ID: 850bba12-5c50-4ca8-abb3-f69884e10d15
Agent 8d6398ac-4bcf-4e3a-8b27-fe1572c958cf: 
[DEAD] 
Agent ID: 8d6398ac-4bcf-4e3a-8b27-fe1572c958cf
Agent e6f5aa2a-02b5-4aac-92d4-98c3ced8d37c: 
[DEAD] 
Agent ID: e6f5aa2a-02b5-4aac-92d4-98c3ced8d37c

Iteration 2, Turn 4:
Agent 19e6f713-618d-42ca-b716-d17b1e0cc13c: 
[DEAD] 
Agent ID: 19e6f713-618d-42ca-b716-d17b1e0cc13c
Agent 811e118f-6d53-4963-99ce-b0af484432e4: 
[DEAD] 
Agent ID: 811e118f-6d53-4963-99ce-b0af484432e4
Agent 850bba12-5c50-4ca8-abb3-f69884e10d15: 
[DEAD] 
Agent ID: 850bba12-5c50-4ca8-abb3-f69884e10d15
Agent 8d6398ac-4bcf-4e3a-8b27-fe1572c958cf: 
[DEAD] 
Agent ID: 8d6398ac-4bcf-4e3a-8b27-fe1572c958cf
Agent e6f5aa2a-02b5-4aac-92d4-98c3ced8d37c: 
[DEAD] 
Agent ID: e6f5aa2a-02b5-4aac-92d4-98c3ced8d37c
