main function started.
--------Start of iteration 0---------


Iteration 0, Turn 0, current agent count: 16


Iteration 0, Turn 1, current agent count: 16


Iteration 0, Turn 2, current agent count: 13


Iteration 0, Turn 3, current agent count: 13


Iteration 0, Turn 4, current agent count: 10
--------End of iteration 0---------
--------Start of iteration 1---------


Iteration 1, Turn 0, current agent count: 8


Iteration 1, Turn 1, current agent count: 6


Iteration 1, Turn 2, current agent count: 4


Iteration 1, Turn 3, current agent count: 3


Iteration 1, Turn 4, current agent count: 3
--------End of iteration 1---------
--------Start of iteration 2---------


Iteration 2, Turn 0, current agent count: 3


Iteration 2, Turn 1, current agent count: 3


Iteration 2, Turn 2, current agent count: 3


Iteration 2, Turn 3, current agent count: 3


Iteration 2, Turn 4, current agent count: 3
--------End of iteration 2---------


GamePlaybackSummary - playing 18 turn records

Iteration 0, Turn 0:

Iteration 0, Turn 0:
Agent 023cb28d-bfd9-4a60-996e-346aae4f7997: 
Agent ID: 023cb28d-bfd9-4a60-996e-346aae4f7997
Agent 0d3a9bd4-a410-42c7-a923-34b6eeab4241: 
Agent ID: 0d3a9bd4-a410-42c7-a923-34b6eeab4241
Agent 15455777-c0da-4fe8-a0a9-75b60cdb90a0: 
Agent ID: 15455777-c0da-4fe8-a0a9-75b60cdb90a0
Agent 2531defc-f060-4953-a6b6-1149ad17988a: 
Agent ID: 2531defc-f060-4953-a6b6-1149ad17988a
Agent 3f6f0c64-21ae-4e18-bada-779b3651f717: 
Agent ID: 3f6f0c64-21ae-4e18-bada-779b3651f717
Agent 476f6590-4dc6-415d-9f1b-86406015b33d: 
Agent ID: 476f6590-4dc6-415d-9f1b-86406015b33d
Agent 47924012-7e8a-4314-b1a4-42888edddad7: 
Agent ID: 47924012-7e8a-4314-b1a4-42888edddad7
Agent 7a8b4ad9-75d6-40fb-b547-1215ffe61c1c: 
Agent ID: 7a8b4ad9-75d6-40fb-b547-1215ffe61c1c
Agent 8abd067f-20ae-4736-b94a-1445d98e7d0d: 
Agent ID: 8abd067f-20ae-4736-b94a-1445d98e7d0d
Agent 8c61f58d-f457-497c-bdd8-880d6b9e013b: 
Agent ID: 8c61f58d-f457-497c-bdd8-880d6b9e013b
Agent 92989c3b-89e8-45c7-a3bd-05000c3e400f: 
Agent ID: 92989c3b-89e8-45c7-a3bd-05000c3e400f
Agent 9aaf19e5-22f6-4ba1-a18e-0aff32a24ef9: 
Agent ID: 9aaf19e5-22f6-4ba1-a18e-0aff32a24ef9
Agent ac41a1bb-9dae-4dc4-a77f-fb38941c26ba: 
Agent ID: ac41a1bb-9dae-4dc4-a77f-fb38941c26ba
Agent cedbd46d-5a19-48a1-8750-22ae5b9294f7: 
Agent ID: cedbd46d-5a19-48a1-8750-22ae5b9294f7
Agent d9b0d197-a98e-45c1-90f7-2bc66e0643bc: 
Agent ID: d9b0d197-a98e-45c1-90f7-2bc66e0643bc
Agent f2c51dda-8650-4768-94f6-cf61f0abab54: 
Agent ID: f2c51dda-8650-4768-94f6-cf61f0abab54

Iteration 0, Turn 1:
Agent 023cb28d-bfd9-4a60-996e-346aae4f7997: 
Agent ID: 023cb28d-bfd9-4a60-996e-346aae4f7997
Agent 15455777-c0da-4fe8-a0a9-75b60cdb90a0: 
Agent ID: 15455777-c0da-4fe8-a0a9-75b60cdb90a0
Agent 2531defc-f060-4953-a6b6-1149ad17988a: 
Agent ID: 2531defc-f060-4953-a6b6-1149ad17988a
Agent 476f6590-4dc6-415d-9f1b-86406015b33d: 
Agent ID: 476f6590-4dc6-415d-9f1b-86406015b33d
Agent 47924012-7e8a-4314-b1a4-42888edddad7: 
Agent ID: 47924012-7e8a-4314-b1a4-42888edddad7
Agent 7a8b4ad9-75d6-40fb-b547-1215ffe61c1c: 
Agent ID: 7a8b4ad9-75d6-40fb-b547-1215ffe61c1c
Agent 8c61f58d-f457-497c-bdd8-880d6b9e013b: 
Agent ID: 8c61f58d-f457-497c-bdd8-880d6b9e013b
Agent 92989c3b-89e8-45c7-a3bd-05000c3e400f: 
Agent ID: 92989c3b-89e8-45c7-a3bd-05000c3e400f
Agent 9aaf19e5-22f6-4ba1-a18e-0aff32a24ef9: 
Agent ID: 9aaf19e5-22f6-4ba1-a18e-0aff32a24ef9
Agent ac41a1bb-9dae-4dc4-a77f-fb38941c26ba: 
Agent ID: ac41a1bb-9dae-4dc4-a77f-fb38941c26ba
Agent cedbd46d-5a19-48a1-8750-22ae5b9294f7: 
Agent ID: cedbd46d-5a19-48a1-8750-22ae5b9294f7
Agent d9b0d197-a98e-45c1-90f7-2bc66e0643bc: 
Agent ID: d9b0d197-a98e-45c1-90f7-2bc66e0643bc
Agent f2c51dda-8650-4768-94f6-cf61f0abab54: 
Agent ID: f2c51dda-8650-4768-94f6-cf61f0abab54

Iteration 0, Turn 2:
Agent 023cb28d-bfd9-4a60-996e-346aae4f7997: 
Agent ID: 023cb28d-bfd9-4a60-996e-346aae4f7997
Agent 15455777-c0da-4fe8-a0a9-75b60cdb90a0: 
Agent ID: 15455777-c0da-4fe8-a0a9-75b60cdb90a0
Agent 2531defc-f060-4953-a6b6-1149ad17988a: 
Agent ID: 2531defc-f060-4953-a6b6-1149ad17988a
Agent 476f6590-4dc6-415d-9f1b-86406015b33d: 
Agent ID: 476f6590-4dc6-415d-9f1b-86406015b33d
Agent 47924012-7e8a-4314-b1a4-42888edddad7: 
Agent ID: 47924012-7e8a-4314-b1a4-42888edddad7
Agent 7a8b4ad9-75d6-40fb-b547-1215ffe61c1c: 
Agent ID: 7a8b4ad9-75d6-40fb-b547-1215ffe61c1c
Agent 8c61f58d-f457-497c-bdd8-880d6b9e013b: 
Agent ID: 8c61f58d-f457-497c-bdd8-880d6b9e013b
Agent 92989c3b-89e8-45c7-a3bd-05000c3e400f: 
Agent ID: 92989c3b-89e8-45c7-a3bd-05000c3e400f
Agent 9aaf19e5-22f6-4ba1-a18e-0aff32a24ef9: 
Agent ID: 9aaf19e5-22f6-4ba1-a18e-0aff32a24ef9
Agent ac41a1bb-9dae-4dc4-a77f-fb38941c26ba: 
Agent ID: ac41a1bb-9dae-4dc4-a77f-fb38941c26ba
Agent cedbd46d-5a19-48a1-8750-22ae5b9294f7: 
Agent ID: cedbd46d-5a19-48a1-8750-22ae5b9294f7
Agent d9b0d197-a98e-45c1-90f7-2bc66e0643bc: 
Agent ID: d9b0d197-a98e-45c1-90f7-2bc66e0643bc
Agent f2c51dda-8650-4768-94f6-cf61f0abab54: 
Agent ID: f2c51dda-8650-4768-94f6-cf61f0abab54

Iteration 0, Turn 3:
Agent 023cb28d-bfd9-4a60-996e-346aae4f7997: 
Agent ID: 023cb28d-bfd9-4a60-996e-346aae4f7997
Agent 476f6590-4dc6-415d-9f1b-86406015b33d: 
Agent ID: 476f6590-4dc6-415d-9f1b-86406015b33d
Agent 47924012-7e8a-4314-b1a4-42888edddad7: 
Agent ID: 47924012-7e8a-4314-b1a4-42888edddad7
Agent 7a8b4ad9-75d6-40fb-b547-1215ffe61c1c: 
Agent ID: 7a8b4ad9-75d6-40fb-b547-1215ffe61c1c
Agent 8c61f58d-f457-497c-bdd8-880d6b9e013b: 
Agent ID: 8c61f58d-f457-497c-bdd8-880d6b9e013b
Agent 92989c3b-89e8-45c7-a3bd-05000c3e400f: 
Agent ID: 92989c3b-89e8-45c7-a3bd-05000c3e400f
Agent 9aaf19e5-22f6-4ba1-a18e-0aff32a24ef9: 
Agent ID: 9aaf19e5-22f6-4ba1-a18e-0aff32a24ef9
Agent ac41a1bb-9dae-4dc4-a77f-fb38941c26ba: 
Agent ID: ac41a1bb-9dae-4dc4-a77f-fb38941c26ba
Agent cedbd46d-5a19-48a1-8750-22ae5b9294f7: 
Agent ID: cedbd46d-5a19-48a1-8750-22ae5b9294f7
Agent d9b0d197-a98e-45c1-90f7-2bc66e0643bc: 
Agent ID: d9b0d197-a98e-45c1-90f7-2bc66e0643bc

Iteration 0, Turn 4:
Agent 023cb28d-bfd9-4a60-996e-346aae4f7997: 
Agent ID: 023cb28d-bfd9-4a60-996e-346aae4f7997
Agent 476f6590-4dc6-415d-9f1b-86406015b33d: 
Agent ID: 476f6590-4dc6-415d-9f1b-86406015b33d
Agent 47924012-7e8a-4314-b1a4-42888edddad7: 
Agent ID: 47924012-7e8a-4314-b1a4-42888edddad7
Agent 7a8b4ad9-75d6-40fb-b547-1215ffe61c1c: 
Agent ID: 7a8b4ad9-75d6-40fb-b547-1215ffe61c1c
Agent 8c61f58d-f457-497c-bdd8-880d6b9e013b: 
Agent ID: 8c61f58d-f457-497c-bdd8-880d6b9e013b
Agent 92989c3b-89e8-45c7-a3bd-05000c3e400f: 
Agent ID: 92989c3b-89e8-45c7-a3bd-05000c3e400f
Agent ac41a1bb-9dae-4dc4-a77f-fb38941c26ba: 
Agent ID: ac41a1bb-9dae-4dc4-a77f-fb38941c26ba
Agent d9b0d197-a98e-45c1-90f7-2bc66e0643bc: 
Agent ID: d9b0d197-a98e-45c1-90f7-2bc66e0643bc

Iteration 1, Turn 0:

Iteration 1, Turn 0:
Agent 023cb28d-bfd9-4a60-996e-346aae4f7997: 
Agent ID: 023cb28d-bfd9-4a60-996e-346aae4f7997
Agent 476f6590-4dc6-415d-9f1b-86406015b33d: 
Agent ID: 476f6590-4dc6-415d-9f1b-86406015b33d
Agent 47924012-7e8a-4314-b1a4-42888edddad7: 
Agent ID: 47924012-7e8a-4314-b1a4-42888edddad7
Agent 7a8b4ad9-75d6-40fb-b547-1215ffe61c1c: 
Agent ID: 7a8b4ad9-75d6-40fb-b547-1215ffe61c1c
Agent 92989c3b-89e8-45c7-a3bd-05000c3e400f: 
Agent ID: 92989c3b-89e8-45c7-a3bd-05000c3e400f
Agent ac41a1bb-9dae-4dc4-a77f-fb38941c26ba: 
Agent ID: ac41a1bb-9dae-4dc4-a77f-fb38941c26ba

Iteration 1, Turn 1:
Agent 476f6590-4dc6-415d-9f1b-86406015b33d: 
Agent ID: 476f6590-4dc6-415d-9f1b-86406015b33d
Agent 47924012-7e8a-4314-b1a4-42888edddad7: 
Agent ID: 47924012-7e8a-4314-b1a4-42888edddad7
Agent 7a8b4ad9-75d6-40fb-b547-1215ffe61c1c: 
Agent ID: 7a8b4ad9-75d6-40fb-b547-1215ffe61c1c
Agent ac41a1bb-9dae-4dc4-a77f-fb38941c26ba: 
Agent ID: ac41a1bb-9dae-4dc4-a77f-fb38941c26ba

Iteration 1, Turn 2:
Agent 476f6590-4dc6-415d-9f1b-86406015b33d: 
Agent ID: 476f6590-4dc6-415d-9f1b-86406015b33d
Agent 7a8b4ad9-75d6-40fb-b547-1215ffe61c1c: 
Agent ID: 7a8b4ad9-75d6-40fb-b547-1215ffe61c1c
Agent ac41a1bb-9dae-4dc4-a77f-fb38941c26ba: 
Agent ID: ac41a1bb-9dae-4dc4-a77f-fb38941c26ba

Iteration 1, Turn 3:
Agent 476f6590-4dc6-415d-9f1b-86406015b33d: 
Agent ID: 476f6590-4dc6-415d-9f1b-86406015b33d
Agent 7a8b4ad9-75d6-40fb-b547-1215ffe61c1c: 
Agent ID: 7a8b4ad9-75d6-40fb-b547-1215ffe61c1c
Agent ac41a1bb-9dae-4dc4-a77f-fb38941c26ba: 
Agent ID: ac41a1bb-9dae-4dc4-a77f-fb38941c26ba

Iteration 1, Turn 4:
Agent 476f6590-4dc6-415d-9f1b-86406015b33d: 
Agent ID: 476f6590-4dc6-415d-9f1b-86406015b33d
Agent 7a8b4ad9-75d6-40fb-b547-1215ffe61c1c: 
Agent ID: 7a8b4ad9-75d6-40fb-b547-1215ffe61c1c
Agent ac41a1bb-9dae-4dc4-a77f-fb38941c26ba: 
Agent ID: ac41a1bb-9dae-4dc4-a77f-fb38941c26ba

Iteration 2, Turn 0:

Iteration 2, Turn 0:
Agent 476f6590-4dc6-415d-9f1b-86406015b33d: 
Agent ID: 476f6590-4dc6-415d-9f1b-86406015b33d
Agent 7a8b4ad9-75d6-40fb-b547-1215ffe61c1c: 
Agent ID: 7a8b4ad9-75d6-40fb-b547-1215ffe61c1c
Agent ac41a1bb-9dae-4dc4-a77f-fb38941c26ba: 
Agent ID: ac41a1bb-9dae-4dc4-a77f-fb38941c26ba

Iteration 2, Turn 1:
Agent 476f6590-4dc6-415d-9f1b-86406015b33d: 
Agent ID: 476f6590-4dc6-415d-9f1b-86406015b33d
Agent 7a8b4ad9-75d6-40fb-b547-1215ffe61c1c: 
Agent ID: 7a8b4ad9-75d6-40fb-b547-1215ffe61c1c
Agent ac41a1bb-9dae-4dc4-a77f-fb38941c26ba: 
Agent ID: ac41a1bb-9dae-4dc4-a77f-fb38941c26ba

Iteration 2, Turn 2:
Agent 476f6590-4dc6-415d-9f1b-86406015b33d: 
Agent ID: 476f6590-4dc6-415d-9f1b-86406015b33d
Agent 7a8b4ad9-75d6-40fb-b547-1215ffe61c1c: 
Agent ID: 7a8b4ad9-75d6-40fb-b547-1215ffe61c1c
Agent ac41a1bb-9dae-4dc4-a77f-fb38941c26ba: 
Agent ID: ac41a1bb-9dae-4dc4-a77f-fb38941c26ba

Iteration 2, Turn 3:
Agent 476f6590-4dc6-415d-9f1b-86406015b33d: 
Agent ID: 476f6590-4dc6-415d-9f1b-86406015b33d
Agent 7a8b4ad9-75d6-40fb-b547-1215ffe61c1c: 
Agent ID: 7a8b4ad9-75d6-40fb-b547-1215ffe61c1c
Agent ac41a1bb-9dae-4dc4-a77f-fb38941c26ba: 
Agent ID: ac41a1bb-9dae-4dc4-a77f-fb38941c26ba

Iteration 2, Turn 4:
Agent 476f6590-4dc6-415d-9f1b-86406015b33d: 
Agent ID: 476f6590-4dc6-415d-9f1b-86406015b33d
Agent 7a8b4ad9-75d6-40fb-b547-1215ffe61c1c: 
Agent ID: 7a8b4ad9-75d6-40fb-b547-1215ffe61c1c
Agent ac41a1bb-9dae-4dc4-a77f-fb38941c26ba: 
Agent ID: ac41a1bb-9dae-4dc4-a77f-fb38941c26ba
