main function started.
--------Start of iteration 0---------


Iteration 0, Turn 0, current agent count: 5


Iteration 0, Turn 1, current agent count: 5


Iteration 0, Turn 2, current agent count: 5


Iteration 0, Turn 3, current agent count: 5


Iteration 0, Turn 4, current agent count: 5
--------End of iteration 0---------
--------Start of iteration 1---------


Iteration 1, Turn 0, current agent count: 5


Iteration 1, Turn 1, current agent count: 5


Iteration 1, Turn 2, current agent count: 5


Iteration 1, Turn 3, current agent count: 5


Iteration 1, Turn 4, current agent count: 5
--------End of iteration 1---------
--------Start of iteration 2---------


Iteration 2, Turn 0, current agent count: 5


Iteration 2, Turn 1, current agent count: 5


Iteration 2, Turn 2, current agent count: 5


Iteration 2, Turn 3, current agent count: 5


Iteration 2, Turn 4, current agent count: 5
--------End of iteration 2---------


GamePlaybackSummary - playing 18 turn records

Iteration 0, Turn 0:

Iteration 0, Turn 1:
Agent 05185bae-7729-4f9e-a5f8-7d796e37cf9e: 
Agent ID: 05185bae-7729-4f9e-a5f8-7d796e37cf9e
Agent 491d1cc1-ff13-4ade-8a0c-b51e9bd7277e: 
[DEAD] 
Agent ID: 491d1cc1-ff13-4ade-8a0c-b51e9bd7277e
Agent 587ccfc0-ca11-4704-9529-2499bdc8b50c: 
[DEAD] 
Agent ID: 587ccfc0-ca11-4704-9529-2499bdc8b50c
Agent b99b13dc-9819-4203-bcb9-42090d6167c1: 
[DEAD] 
Agent ID: b99b13dc-9819-4203-bcb9-42090d6167c1
Agent d0127245-de95-4ad0-a325-4a040338d7c5: 
Agent ID: d0127245-de95-4ad0-a325-4a040338d7c5

Iteration 0, Turn 2:
Agent 05185bae-7729-4f9e-a5f8-7d796e37cf9e: 
[DEAD] 
Agent ID: 05185bae-7729-4f9e-a5f8-7d796e37cf9e
Agent 491d1cc1-ff13-4ade-8a0c-b51e9bd7277e: 
[DEAD] 
Agent ID: 491d1cc1-ff13-4ade-8a0c-b51e9bd7277e
Agent 587ccfc0-ca11-4704-9529-2499bdc8b50c: 
[DEAD] 
Agent ID: 587ccfc0-ca11-4704-9529-2499bdc8b50c
Agent b99b13dc-9819-4203-bcb9-42090d6167c1: 
[DEAD] 
Agent ID: b99b13dc-9819-4203-bcb9-42090d6167c1
Agent d0127245-de95-4ad0-a325-4a040338d7c5: 
[DEAD] 
Agent ID: d0127245-de95-4ad0-a325-4a040338d7c5

Iteration 0, Turn 3:
Agent 05185bae-7729-4f9e-a5f8-7d796e37cf9e: 
[DEAD] 
Agent ID: 05185bae-7729-4f9e-a5f8-7d796e37cf9e
Agent 491d1cc1-ff13-4ade-8a0c-b51e9bd7277e: 
[DEAD] 
Agent ID: 491d1cc1-ff13-4ade-8a0c-b51e9bd7277e
Agent 587ccfc0-ca11-4704-9529-2499bdc8b50c: 
[DEAD] 
Agent ID: 587ccfc0-ca11-4704-9529-2499bdc8b50c
Agent b99b13dc-9819-4203-bcb9-42090d6167c1: 
[DEAD] 
Agent ID: b99b13dc-9819-4203-bcb9-42090d6167c1
Agent d0127245-de95-4ad0-a325-4a040338d7c5: 
[DEAD] 
Agent ID: d0127245-de95-4ad0-a325-4a040338d7c5

Iteration 0, Turn 4:
Agent 05185bae-7729-4f9e-a5f8-7d796e37cf9e: 
[DEAD] 
Agent ID: 05185bae-7729-4f9e-a5f8-7d796e37cf9e
Agent 491d1cc1-ff13-4ade-8a0c-b51e9bd7277e: 
[DEAD] 
Agent ID: 491d1cc1-ff13-4ade-8a0c-b51e9bd7277e
Agent 587ccfc0-ca11-4704-9529-2499bdc8b50c: 
[DEAD] 
Agent ID: 587ccfc0-ca11-4704-9529-2499bdc8b50c
Agent b99b13dc-9819-4203-bcb9-42090d6167c1: 
[DEAD] 
Agent ID: b99b13dc-9819-4203-bcb9-42090d6167c1
Agent d0127245-de95-4ad0-a325-4a040338d7c5: 
[DEAD] 
Agent ID: d0127245-de95-4ad0-a325-4a040338d7c5

Iteration 0, Turn 5:
Agent 05185bae-7729-4f9e-a5f8-7d796e37cf9e: 
[DEAD] 
Agent ID: 05185bae-7729-4f9e-a5f8-7d796e37cf9e
Agent 491d1cc1-ff13-4ade-8a0c-b51e9bd7277e: 
[DEAD] 
Agent ID: 491d1cc1-ff13-4ade-8a0c-b51e9bd7277e
Agent 587ccfc0-ca11-4704-9529-2499bdc8b50c: 
[DEAD] 
Agent ID: 587ccfc0-ca11-4704-9529-2499bdc8b50c
Agent b99b13dc-9819-4203-bcb9-42090d6167c1: 
[DEAD] 
Agent ID: b99b13dc-9819-4203-bcb9-42090d6167c1
Agent d0127245-de95-4ad0-a325-4a040338d7c5: 
[DEAD] 
Agent ID: d0127245-de95-4ad0-a325-4a040338d7c5

Iteration 1, Turn 0:

Iteration 1, Turn 1:
Agent 05185bae-7729-4f9e-a5f8-7d796e37cf9e: 
[DEAD] 
Agent ID: 05185bae-7729-4f9e-a5f8-7d796e37cf9e
Agent 491d1cc1-ff13-4ade-8a0c-b51e9bd7277e: 
[DEAD] 
Agent ID: 491d1cc1-ff13-4ade-8a0c-b51e9bd7277e
Agent 587ccfc0-ca11-4704-9529-2499bdc8b50c: 
[DEAD] 
Agent ID: 587ccfc0-ca11-4704-9529-2499bdc8b50c
Agent b99b13dc-9819-4203-bcb9-42090d6167c1: 
[DEAD] 
Agent ID: b99b13dc-9819-4203-bcb9-42090d6167c1
Agent d0127245-de95-4ad0-a325-4a040338d7c5: 
[DEAD] 
Agent ID: d0127245-de95-4ad0-a325-4a040338d7c5

Iteration 1, Turn 2:
Agent 05185bae-7729-4f9e-a5f8-7d796e37cf9e: 
[DEAD] 
Agent ID: 05185bae-7729-4f9e-a5f8-7d796e37cf9e
Agent 491d1cc1-ff13-4ade-8a0c-b51e9bd7277e: 
[DEAD] 
Agent ID: 491d1cc1-ff13-4ade-8a0c-b51e9bd7277e
Agent 587ccfc0-ca11-4704-9529-2499bdc8b50c: 
[DEAD] 
Agent ID: 587ccfc0-ca11-4704-9529-2499bdc8b50c
Agent b99b13dc-9819-4203-bcb9-42090d6167c1: 
[DEAD] 
Agent ID: b99b13dc-9819-4203-bcb9-42090d6167c1
Agent d0127245-de95-4ad0-a325-4a040338d7c5: 
[DEAD] 
Agent ID: d0127245-de95-4ad0-a325-4a040338d7c5

Iteration 1, Turn 3:
Agent 05185bae-7729-4f9e-a5f8-7d796e37cf9e: 
[DEAD] 
Agent ID: 05185bae-7729-4f9e-a5f8-7d796e37cf9e
Agent 491d1cc1-ff13-4ade-8a0c-b51e9bd7277e: 
[DEAD] 
Agent ID: 491d1cc1-ff13-4ade-8a0c-b51e9bd7277e
Agent 587ccfc0-ca11-4704-9529-2499bdc8b50c: 
[DEAD] 
Agent ID: 587ccfc0-ca11-4704-9529-2499bdc8b50c
Agent b99b13dc-9819-4203-bcb9-42090d6167c1: 
[DEAD] 
Agent ID: b99b13dc-9819-4203-bcb9-42090d6167c1
Agent d0127245-de95-4ad0-a325-4a040338d7c5: 
[DEAD] 
Agent ID: d0127245-de95-4ad0-a325-4a040338d7c5

Iteration 1, Turn 4:
Agent 05185bae-7729-4f9e-a5f8-7d796e37cf9e: 
[DEAD] 
Agent ID: 05185bae-7729-4f9e-a5f8-7d796e37cf9e
Agent 491d1cc1-ff13-4ade-8a0c-b51e9bd7277e: 
[DEAD] 
Agent ID: 491d1cc1-ff13-4ade-8a0c-b51e9bd7277e
Agent 587ccfc0-ca11-4704-9529-2499bdc8b50c: 
[DEAD] 
Agent ID: 587ccfc0-ca11-4704-9529-2499bdc8b50c
Agent b99b13dc-9819-4203-bcb9-42090d6167c1: 
[DEAD] 
Agent ID: b99b13dc-9819-4203-bcb9-42090d6167c1
Agent d0127245-de95-4ad0-a325-4a040338d7c5: 
[DEAD] 
Agent ID: d0127245-de95-4ad0-a325-4a040338d7c5

Iteration 1, Turn 5:
Agent 05185bae-7729-4f9e-a5f8-7d796e37cf9e: 
[DEAD] 
Agent ID: 05185bae-7729-4f9e-a5f8-7d796e37cf9e
Agent 491d1cc1-ff13-4ade-8a0c-b51e9bd7277e: 
[DEAD] 
Agent ID: 491d1cc1-ff13-4ade-8a0c-b51e9bd7277e
Agent 587ccfc0-ca11-4704-9529-2499bdc8b50c: 
[DEAD] 
Agent ID: 587ccfc0-ca11-4704-9529-2499bdc8b50c
Agent b99b13dc-9819-4203-bcb9-42090d6167c1: 
[DEAD] 
Agent ID: b99b13dc-9819-4203-bcb9-42090d6167c1
Agent d0127245-de95-4ad0-a325-4a040338d7c5: 
[DEAD] 
Agent ID: d0127245-de95-4ad0-a325-4a040338d7c5

Iteration 2, Turn 0:

Iteration 2, Turn 1:
Agent 05185bae-7729-4f9e-a5f8-7d796e37cf9e: 
[DEAD] 
Agent ID: 05185bae-7729-4f9e-a5f8-7d796e37cf9e
Agent 491d1cc1-ff13-4ade-8a0c-b51e9bd7277e: 
[DEAD] 
Agent ID: 491d1cc1-ff13-4ade-8a0c-b51e9bd7277e
Agent 587ccfc0-ca11-4704-9529-2499bdc8b50c: 
[DEAD] 
Agent ID: 587ccfc0-ca11-4704-9529-2499bdc8b50c
Agent b99b13dc-9819-4203-bcb9-42090d6167c1: 
[DEAD] 
Agent ID: b99b13dc-9819-4203-bcb9-42090d6167c1
Agent d0127245-de95-4ad0-a325-4a040338d7c5: 
[DEAD] 
Agent ID: d0127245-de95-4ad0-a325-4a040338d7c5

Iteration 2, Turn 2:
Agent 05185bae-7729-4f9e-a5f8-7d796e37cf9e: 
[DEAD] 
Agent ID: 05185bae-7729-4f9e-a5f8-7d796e37cf9e
Agent 491d1cc1-ff13-4ade-8a0c-b51e9bd7277e: 
[DEAD] 
Agent ID: 491d1cc1-ff13-4ade-8a0c-b51e9bd7277e
Agent 587ccfc0-ca11-4704-9529-2499bdc8b50c: 
[DEAD] 
Agent ID: 587ccfc0-ca11-4704-9529-2499bdc8b50c
Agent b99b13dc-9819-4203-bcb9-42090d6167c1: 
[DEAD] 
Agent ID: b99b13dc-9819-4203-bcb9-42090d6167c1
Agent d0127245-de95-4ad0-a325-4a040338d7c5: 
[DEAD] 
Agent ID: d0127245-de95-4ad0-a325-4a040338d7c5

Iteration 2, Turn 3:
Agent 05185bae-7729-4f9e-a5f8-7d796e37cf9e: 
[DEAD] 
Agent ID: 05185bae-7729-4f9e-a5f8-7d796e37cf9e
Agent 491d1cc1-ff13-4ade-8a0c-b51e9bd7277e: 
[DEAD] 
Agent ID: 491d1cc1-ff13-4ade-8a0c-b51e9bd7277e
Agent 587ccfc0-ca11-4704-9529-2499bdc8b50c: 
[DEAD] 
Agent ID: 587ccfc0-ca11-4704-9529-2499bdc8b50c
Agent b99b13dc-9819-4203-bcb9-42090d6167c1: 
[DEAD] 
Agent ID: b99b13dc-9819-4203-bcb9-42090d6167c1
Agent d0127245-de95-4ad0-a325-4a040338d7c5: 
[DEAD] 
Agent ID: d0127245-de95-4ad0-a325-4a040338d7c5

Iteration 2, Turn 4:
Agent 05185bae-7729-4f9e-a5f8-7d796e37cf9e: 
[DEAD] 
Agent ID: 05185bae-7729-4f9e-a5f8-7d796e37cf9e
Agent 491d1cc1-ff13-4ade-8a0c-b51e9bd7277e: 
[DEAD] 
Agent ID: 491d1cc1-ff13-4ade-8a0c-b51e9bd7277e
Agent 587ccfc0-ca11-4704-9529-2499bdc8b50c: 
[DEAD] 
Agent ID: 587ccfc0-ca11-4704-9529-2499bdc8b50c
Agent b99b13dc-9819-4203-bcb9-42090d6167c1: 
[DEAD] 
Agent ID: b99b13dc-9819-4203-bcb9-42090d6167c1
Agent d0127245-de95-4ad0-a325-4a040338d7c5: 
[DEAD] 
Agent ID: d0127245-de95-4ad0-a325-4a040338d7c5

Iteration 2, Turn 5:
Agent 05185bae-7729-4f9e-a5f8-7d796e37cf9e: 
[DEAD] 
Agent ID: 05185bae-7729-4f9e-a5f8-7d796e37cf9e
Agent 491d1cc1-ff13-4ade-8a0c-b51e9bd7277e: 
[DEAD] 
Agent ID: 491d1cc1-ff13-4ade-8a0c-b51e9bd7277e
Agent 587ccfc0-ca11-4704-9529-2499bdc8b50c: 
[DEAD] 
Agent ID: 587ccfc0-ca11-4704-9529-2499bdc8b50c
Agent b99b13dc-9819-4203-bcb9-42090d6167c1: 
[DEAD] 
Agent ID: b99b13dc-9819-4203-bcb9-42090d6167c1
Agent d0127245-de95-4ad0-a325-4a040338d7c5: 
[DEAD] 
Agent ID: d0127245-de95-4ad0-a325-4a040338d7c5
