main function started.
--------Start of iteration 0---------


Iteration 0, Turn 0, current agent count: 16


Iteration 0, Turn 1, current agent count: 16


Iteration 0, Turn 2, current agent count: 15


Iteration 0, Turn 3, current agent count: 15


Iteration 0, Turn 4, current agent count: 13
--------End of iteration 0---------
--------Start of iteration 1---------


Iteration 1, Turn 0, current agent count: 13


Iteration 1, Turn 1, current agent count: 11


Iteration 1, Turn 2, current agent count: 10


Iteration 1, Turn 3, current agent count: 10


Iteration 1, Turn 4, current agent count: 8
--------End of iteration 1---------
--------Start of iteration 2---------


Iteration 2, Turn 0, current agent count: 7


Iteration 2, Turn 1, current agent count: 4


Iteration 2, Turn 2, current agent count: 4


Iteration 2, Turn 3, current agent count: 4


Iteration 2, Turn 4, current agent count: 4
--------End of iteration 2---------


GamePlaybackSummary - playing 18 turn records

Iteration 0, Turn 0:

Iteration 0, Turn 0:
Agent 02b54973-43d5-4af7-ac2b-f3896110ad05: 
Agent ID: 02b54973-43d5-4af7-ac2b-f3896110ad05
Agent 0d6e3adf-6173-4b09-b6ba-ca9f8822fa7b: 
Agent ID: 0d6e3adf-6173-4b09-b6ba-ca9f8822fa7b
Agent 155d609f-ccc1-4b5d-9fb8-02c25c670e79: 
Agent ID: 155d609f-ccc1-4b5d-9fb8-02c25c670e79
Agent 3edf8a25-762a-4210-9ad2-d097a4e50335: 
Agent ID: 3edf8a25-762a-4210-9ad2-d097a4e50335
Agent 4c7dcab3-5fd5-4454-ab3d-784e9fd92b04: 
Agent ID: 4c7dcab3-5fd5-4454-ab3d-784e9fd92b04
Agent 56402def-9e42-4fc7-b83f-c60c542a878a: 
Agent ID: 56402def-9e42-4fc7-b83f-c60c542a878a
Agent 586a0401-35e8-41ff-8e01-8d8a74dc86e4: 
Agent ID: 586a0401-35e8-41ff-8e01-8d8a74dc86e4
Agent 682f6aac-e082-4e97-b416-d6f85a4e3a64: 
Agent ID: 682f6aac-e082-4e97-b416-d6f85a4e3a64
Agent 6d65edd0-a4ec-4bfd-8255-c6ec6040890b: 
Agent ID: 6d65edd0-a4ec-4bfd-8255-c6ec6040890b
Agent 7128b8fb-ab00-4222-a2cb-3d5beef4297a: 
Agent ID: 7128b8fb-ab00-4222-a2cb-3d5beef4297a
Agent a6b35da0-5ec0-439a-9b73-eca065a24878: 
Agent ID: a6b35da0-5ec0-439a-9b73-eca065a24878
Agent a89e31a5-65af-4ffd-a290-1865d2eeb4f5: 
Agent ID: a89e31a5-65af-4ffd-a290-1865d2eeb4f5
Agent aced48f8-3309-462b-8c2d-2c18942effe5: 
Agent ID: aced48f8-3309-462b-8c2d-2c18942effe5
Agent d01e3590-a6b1-42ae-bf49-09a00da3eb4f: 
Agent ID: d01e3590-a6b1-42ae-bf49-09a00da3eb4f
Agent ed7a6091-fe54-4a64-8d0d-eb1abd41b1f4: 
Agent ID: ed7a6091-fe54-4a64-8d0d-eb1abd41b1f4
Agent f35f7412-ad52-44b8-870f-772617d56fdf: 
Agent ID: f35f7412-ad52-44b8-870f-772617d56fdf

Iteration 0, Turn 1:
Agent 02b54973-43d5-4af7-ac2b-f3896110ad05: 
Agent ID: 02b54973-43d5-4af7-ac2b-f3896110ad05
Agent 0d6e3adf-6173-4b09-b6ba-ca9f8822fa7b: 
Agent ID: 0d6e3adf-6173-4b09-b6ba-ca9f8822fa7b
Agent 155d609f-ccc1-4b5d-9fb8-02c25c670e79: 
Agent ID: 155d609f-ccc1-4b5d-9fb8-02c25c670e79
Agent 3edf8a25-762a-4210-9ad2-d097a4e50335: 
Agent ID: 3edf8a25-762a-4210-9ad2-d097a4e50335
Agent 4c7dcab3-5fd5-4454-ab3d-784e9fd92b04: 
Agent ID: 4c7dcab3-5fd5-4454-ab3d-784e9fd92b04
Agent 56402def-9e42-4fc7-b83f-c60c542a878a: 
Agent ID: 56402def-9e42-4fc7-b83f-c60c542a878a
Agent 682f6aac-e082-4e97-b416-d6f85a4e3a64: 
Agent ID: 682f6aac-e082-4e97-b416-d6f85a4e3a64
Agent 6d65edd0-a4ec-4bfd-8255-c6ec6040890b: 
Agent ID: 6d65edd0-a4ec-4bfd-8255-c6ec6040890b
Agent 7128b8fb-ab00-4222-a2cb-3d5beef4297a: 
Agent ID: 7128b8fb-ab00-4222-a2cb-3d5beef4297a
Agent a6b35da0-5ec0-439a-9b73-eca065a24878: 
Agent ID: a6b35da0-5ec0-439a-9b73-eca065a24878
Agent a89e31a5-65af-4ffd-a290-1865d2eeb4f5: 
Agent ID: a89e31a5-65af-4ffd-a290-1865d2eeb4f5
Agent aced48f8-3309-462b-8c2d-2c18942effe5: 
Agent ID: aced48f8-3309-462b-8c2d-2c18942effe5
Agent d01e3590-a6b1-42ae-bf49-09a00da3eb4f: 
Agent ID: d01e3590-a6b1-42ae-bf49-09a00da3eb4f
Agent ed7a6091-fe54-4a64-8d0d-eb1abd41b1f4: 
Agent ID: ed7a6091-fe54-4a64-8d0d-eb1abd41b1f4
Agent f35f7412-ad52-44b8-870f-772617d56fdf: 
Agent ID: f35f7412-ad52-44b8-870f-772617d56fdf

Iteration 0, Turn 2:
Agent 02b54973-43d5-4af7-ac2b-f3896110ad05: 
Agent ID: 02b54973-43d5-4af7-ac2b-f3896110ad05
Agent 0d6e3adf-6173-4b09-b6ba-ca9f8822fa7b: 
Agent ID: 0d6e3adf-6173-4b09-b6ba-ca9f8822fa7b
Agent 155d609f-ccc1-4b5d-9fb8-02c25c670e79: 
Agent ID: 155d609f-ccc1-4b5d-9fb8-02c25c670e79
Agent 3edf8a25-762a-4210-9ad2-d097a4e50335: 
Agent ID: 3edf8a25-762a-4210-9ad2-d097a4e50335
Agent 4c7dcab3-5fd5-4454-ab3d-784e9fd92b04: 
Agent ID: 4c7dcab3-5fd5-4454-ab3d-784e9fd92b04
Agent 56402def-9e42-4fc7-b83f-c60c542a878a: 
Agent ID: 56402def-9e42-4fc7-b83f-c60c542a878a
Agent 682f6aac-e082-4e97-b416-d6f85a4e3a64: 
Agent ID: 682f6aac-e082-4e97-b416-d6f85a4e3a64
Agent 6d65edd0-a4ec-4bfd-8255-c6ec6040890b: 
Agent ID: 6d65edd0-a4ec-4bfd-8255-c6ec6040890b
Agent 7128b8fb-ab00-4222-a2cb-3d5beef4297a: 
Agent ID: 7128b8fb-ab00-4222-a2cb-3d5beef4297a
Agent a6b35da0-5ec0-439a-9b73-eca065a24878: 
Agent ID: a6b35da0-5ec0-439a-9b73-eca065a24878
Agent a89e31a5-65af-4ffd-a290-1865d2eeb4f5: 
Agent ID: a89e31a5-65af-4ffd-a290-1865d2eeb4f5
Agent aced48f8-3309-462b-8c2d-2c18942effe5: 
Agent ID: aced48f8-3309-462b-8c2d-2c18942effe5
Agent d01e3590-a6b1-42ae-bf49-09a00da3eb4f: 
Agent ID: d01e3590-a6b1-42ae-bf49-09a00da3eb4f
Agent ed7a6091-fe54-4a64-8d0d-eb1abd41b1f4: 
Agent ID: ed7a6091-fe54-4a64-8d0d-eb1abd41b1f4
Agent f35f7412-ad52-44b8-870f-772617d56fdf: 
Agent ID: f35f7412-ad52-44b8-870f-772617d56fdf

Iteration 0, Turn 3:
Agent 02b54973-43d5-4af7-ac2b-f3896110ad05: 
Agent ID: 02b54973-43d5-4af7-ac2b-f3896110ad05
Agent 0d6e3adf-6173-4b09-b6ba-ca9f8822fa7b: 
Agent ID: 0d6e3adf-6173-4b09-b6ba-ca9f8822fa7b
Agent 155d609f-ccc1-4b5d-9fb8-02c25c670e79: 
Agent ID: 155d609f-ccc1-4b5d-9fb8-02c25c670e79
Agent 4c7dcab3-5fd5-4454-ab3d-784e9fd92b04: 
Agent ID: 4c7dcab3-5fd5-4454-ab3d-784e9fd92b04
Agent 56402def-9e42-4fc7-b83f-c60c542a878a: 
Agent ID: 56402def-9e42-4fc7-b83f-c60c542a878a
Agent 682f6aac-e082-4e97-b416-d6f85a4e3a64: 
Agent ID: 682f6aac-e082-4e97-b416-d6f85a4e3a64
Agent 6d65edd0-a4ec-4bfd-8255-c6ec6040890b: 
Agent ID: 6d65edd0-a4ec-4bfd-8255-c6ec6040890b
Agent 7128b8fb-ab00-4222-a2cb-3d5beef4297a: 
Agent ID: 7128b8fb-ab00-4222-a2cb-3d5beef4297a
Agent a6b35da0-5ec0-439a-9b73-eca065a24878: 
Agent ID: a6b35da0-5ec0-439a-9b73-eca065a24878
Agent aced48f8-3309-462b-8c2d-2c18942effe5: 
Agent ID: aced48f8-3309-462b-8c2d-2c18942effe5
Agent d01e3590-a6b1-42ae-bf49-09a00da3eb4f: 
Agent ID: d01e3590-a6b1-42ae-bf49-09a00da3eb4f
Agent ed7a6091-fe54-4a64-8d0d-eb1abd41b1f4: 
Agent ID: ed7a6091-fe54-4a64-8d0d-eb1abd41b1f4
Agent f35f7412-ad52-44b8-870f-772617d56fdf: 
Agent ID: f35f7412-ad52-44b8-870f-772617d56fdf

Iteration 0, Turn 4:
Agent 02b54973-43d5-4af7-ac2b-f3896110ad05: 
Agent ID: 02b54973-43d5-4af7-ac2b-f3896110ad05
Agent 0d6e3adf-6173-4b09-b6ba-ca9f8822fa7b: 
Agent ID: 0d6e3adf-6173-4b09-b6ba-ca9f8822fa7b
Agent 155d609f-ccc1-4b5d-9fb8-02c25c670e79: 
Agent ID: 155d609f-ccc1-4b5d-9fb8-02c25c670e79
Agent 4c7dcab3-5fd5-4454-ab3d-784e9fd92b04: 
Agent ID: 4c7dcab3-5fd5-4454-ab3d-784e9fd92b04
Agent 56402def-9e42-4fc7-b83f-c60c542a878a: 
Agent ID: 56402def-9e42-4fc7-b83f-c60c542a878a
Agent 682f6aac-e082-4e97-b416-d6f85a4e3a64: 
Agent ID: 682f6aac-e082-4e97-b416-d6f85a4e3a64
Agent 6d65edd0-a4ec-4bfd-8255-c6ec6040890b: 
Agent ID: 6d65edd0-a4ec-4bfd-8255-c6ec6040890b
Agent 7128b8fb-ab00-4222-a2cb-3d5beef4297a: 
Agent ID: 7128b8fb-ab00-4222-a2cb-3d5beef4297a
Agent a6b35da0-5ec0-439a-9b73-eca065a24878: 
Agent ID: a6b35da0-5ec0-439a-9b73-eca065a24878
Agent aced48f8-3309-462b-8c2d-2c18942effe5: 
Agent ID: aced48f8-3309-462b-8c2d-2c18942effe5
Agent d01e3590-a6b1-42ae-bf49-09a00da3eb4f: 
Agent ID: d01e3590-a6b1-42ae-bf49-09a00da3eb4f
Agent ed7a6091-fe54-4a64-8d0d-eb1abd41b1f4: 
Agent ID: ed7a6091-fe54-4a64-8d0d-eb1abd41b1f4
Agent f35f7412-ad52-44b8-870f-772617d56fdf: 
Agent ID: f35f7412-ad52-44b8-870f-772617d56fdf

Iteration 1, Turn 0:

Iteration 1, Turn 0:
Agent 02b54973-43d5-4af7-ac2b-f3896110ad05: 
Agent ID: 02b54973-43d5-4af7-ac2b-f3896110ad05
Agent 0d6e3adf-6173-4b09-b6ba-ca9f8822fa7b: 
Agent ID: 0d6e3adf-6173-4b09-b6ba-ca9f8822fa7b
Agent 4c7dcab3-5fd5-4454-ab3d-784e9fd92b04: 
Agent ID: 4c7dcab3-5fd5-4454-ab3d-784e9fd92b04
Agent 56402def-9e42-4fc7-b83f-c60c542a878a: 
Agent ID: 56402def-9e42-4fc7-b83f-c60c542a878a
Agent 682f6aac-e082-4e97-b416-d6f85a4e3a64: 
Agent ID: 682f6aac-e082-4e97-b416-d6f85a4e3a64
Agent 6d65edd0-a4ec-4bfd-8255-c6ec6040890b: 
Agent ID: 6d65edd0-a4ec-4bfd-8255-c6ec6040890b
Agent 7128b8fb-ab00-4222-a2cb-3d5beef4297a: 
Agent ID: 7128b8fb-ab00-4222-a2cb-3d5beef4297a
Agent a6b35da0-5ec0-439a-9b73-eca065a24878: 
Agent ID: a6b35da0-5ec0-439a-9b73-eca065a24878
Agent aced48f8-3309-462b-8c2d-2c18942effe5: 
Agent ID: aced48f8-3309-462b-8c2d-2c18942effe5
Agent d01e3590-a6b1-42ae-bf49-09a00da3eb4f: 
Agent ID: d01e3590-a6b1-42ae-bf49-09a00da3eb4f
Agent f35f7412-ad52-44b8-870f-772617d56fdf: 
Agent ID: f35f7412-ad52-44b8-870f-772617d56fdf

Iteration 1, Turn 1:
Agent 02b54973-43d5-4af7-ac2b-f3896110ad05: 
Agent ID: 02b54973-43d5-4af7-ac2b-f3896110ad05
Agent 0d6e3adf-6173-4b09-b6ba-ca9f8822fa7b: 
Agent ID: 0d6e3adf-6173-4b09-b6ba-ca9f8822fa7b
Agent 56402def-9e42-4fc7-b83f-c60c542a878a: 
Agent ID: 56402def-9e42-4fc7-b83f-c60c542a878a
Agent 682f6aac-e082-4e97-b416-d6f85a4e3a64: 
Agent ID: 682f6aac-e082-4e97-b416-d6f85a4e3a64
Agent 6d65edd0-a4ec-4bfd-8255-c6ec6040890b: 
Agent ID: 6d65edd0-a4ec-4bfd-8255-c6ec6040890b
Agent 7128b8fb-ab00-4222-a2cb-3d5beef4297a: 
Agent ID: 7128b8fb-ab00-4222-a2cb-3d5beef4297a
Agent a6b35da0-5ec0-439a-9b73-eca065a24878: 
Agent ID: a6b35da0-5ec0-439a-9b73-eca065a24878
Agent aced48f8-3309-462b-8c2d-2c18942effe5: 
Agent ID: aced48f8-3309-462b-8c2d-2c18942effe5
Agent d01e3590-a6b1-42ae-bf49-09a00da3eb4f: 
Agent ID: d01e3590-a6b1-42ae-bf49-09a00da3eb4f
Agent f35f7412-ad52-44b8-870f-772617d56fdf: 
Agent ID: f35f7412-ad52-44b8-870f-772617d56fdf

Iteration 1, Turn 2:
Agent 02b54973-43d5-4af7-ac2b-f3896110ad05: 
Agent ID: 02b54973-43d5-4af7-ac2b-f3896110ad05
Agent 0d6e3adf-6173-4b09-b6ba-ca9f8822fa7b: 
Agent ID: 0d6e3adf-6173-4b09-b6ba-ca9f8822fa7b
Agent 56402def-9e42-4fc7-b83f-c60c542a878a: 
Agent ID: 56402def-9e42-4fc7-b83f-c60c542a878a
Agent 682f6aac-e082-4e97-b416-d6f85a4e3a64: 
Agent ID: 682f6aac-e082-4e97-b416-d6f85a4e3a64
Agent 6d65edd0-a4ec-4bfd-8255-c6ec6040890b: 
Agent ID: 6d65edd0-a4ec-4bfd-8255-c6ec6040890b
Agent 7128b8fb-ab00-4222-a2cb-3d5beef4297a: 
Agent ID: 7128b8fb-ab00-4222-a2cb-3d5beef4297a
Agent a6b35da0-5ec0-439a-9b73-eca065a24878: 
Agent ID: a6b35da0-5ec0-439a-9b73-eca065a24878
Agent aced48f8-3309-462b-8c2d-2c18942effe5: 
Agent ID: aced48f8-3309-462b-8c2d-2c18942effe5
Agent d01e3590-a6b1-42ae-bf49-09a00da3eb4f: 
Agent ID: d01e3590-a6b1-42ae-bf49-09a00da3eb4f
Agent f35f7412-ad52-44b8-870f-772617d56fdf: 
Agent ID: f35f7412-ad52-44b8-870f-772617d56fdf

Iteration 1, Turn 3:
Agent 02b54973-43d5-4af7-ac2b-f3896110ad05: 
Agent ID: 02b54973-43d5-4af7-ac2b-f3896110ad05
Agent 0d6e3adf-6173-4b09-b6ba-ca9f8822fa7b: 
Agent ID: 0d6e3adf-6173-4b09-b6ba-ca9f8822fa7b
Agent 56402def-9e42-4fc7-b83f-c60c542a878a: 
Agent ID: 56402def-9e42-4fc7-b83f-c60c542a878a
Agent 7128b8fb-ab00-4222-a2cb-3d5beef4297a: 
Agent ID: 7128b8fb-ab00-4222-a2cb-3d5beef4297a
Agent a6b35da0-5ec0-439a-9b73-eca065a24878: 
Agent ID: a6b35da0-5ec0-439a-9b73-eca065a24878
Agent aced48f8-3309-462b-8c2d-2c18942effe5: 
Agent ID: aced48f8-3309-462b-8c2d-2c18942effe5
Agent d01e3590-a6b1-42ae-bf49-09a00da3eb4f: 
Agent ID: d01e3590-a6b1-42ae-bf49-09a00da3eb4f
Agent f35f7412-ad52-44b8-870f-772617d56fdf: 
Agent ID: f35f7412-ad52-44b8-870f-772617d56fdf

Iteration 1, Turn 4:
Agent 02b54973-43d5-4af7-ac2b-f3896110ad05: 
Agent ID: 02b54973-43d5-4af7-ac2b-f3896110ad05
Agent 0d6e3adf-6173-4b09-b6ba-ca9f8822fa7b: 
Agent ID: 0d6e3adf-6173-4b09-b6ba-ca9f8822fa7b
Agent 56402def-9e42-4fc7-b83f-c60c542a878a: 
Agent ID: 56402def-9e42-4fc7-b83f-c60c542a878a
Agent 7128b8fb-ab00-4222-a2cb-3d5beef4297a: 
Agent ID: 7128b8fb-ab00-4222-a2cb-3d5beef4297a
Agent a6b35da0-5ec0-439a-9b73-eca065a24878: 
Agent ID: a6b35da0-5ec0-439a-9b73-eca065a24878
Agent aced48f8-3309-462b-8c2d-2c18942effe5: 
Agent ID: aced48f8-3309-462b-8c2d-2c18942effe5
Agent d01e3590-a6b1-42ae-bf49-09a00da3eb4f: 
Agent ID: d01e3590-a6b1-42ae-bf49-09a00da3eb4f

Iteration 2, Turn 0:

Iteration 2, Turn 0:
Agent 02b54973-43d5-4af7-ac2b-f3896110ad05: 
Agent ID: 02b54973-43d5-4af7-ac2b-f3896110ad05
Agent 0d6e3adf-6173-4b09-b6ba-ca9f8822fa7b: 
Agent ID: 0d6e3adf-6173-4b09-b6ba-ca9f8822fa7b
Agent a6b35da0-5ec0-439a-9b73-eca065a24878: 
Agent ID: a6b35da0-5ec0-439a-9b73-eca065a24878
Agent d01e3590-a6b1-42ae-bf49-09a00da3eb4f: 
Agent ID: d01e3590-a6b1-42ae-bf49-09a00da3eb4f

Iteration 2, Turn 1:
Agent 02b54973-43d5-4af7-ac2b-f3896110ad05: 
Agent ID: 02b54973-43d5-4af7-ac2b-f3896110ad05
Agent 0d6e3adf-6173-4b09-b6ba-ca9f8822fa7b: 
Agent ID: 0d6e3adf-6173-4b09-b6ba-ca9f8822fa7b
Agent a6b35da0-5ec0-439a-9b73-eca065a24878: 
Agent ID: a6b35da0-5ec0-439a-9b73-eca065a24878
Agent d01e3590-a6b1-42ae-bf49-09a00da3eb4f: 
Agent ID: d01e3590-a6b1-42ae-bf49-09a00da3eb4f

Iteration 2, Turn 2:
Agent 02b54973-43d5-4af7-ac2b-f3896110ad05: 
Agent ID: 02b54973-43d5-4af7-ac2b-f3896110ad05
Agent 0d6e3adf-6173-4b09-b6ba-ca9f8822fa7b: 
Agent ID: 0d6e3adf-6173-4b09-b6ba-ca9f8822fa7b
Agent a6b35da0-5ec0-439a-9b73-eca065a24878: 
Agent ID: a6b35da0-5ec0-439a-9b73-eca065a24878
Agent d01e3590-a6b1-42ae-bf49-09a00da3eb4f: 
Agent ID: d01e3590-a6b1-42ae-bf49-09a00da3eb4f

Iteration 2, Turn 3:
Agent 02b54973-43d5-4af7-ac2b-f3896110ad05: 
Agent ID: 02b54973-43d5-4af7-ac2b-f3896110ad05
Agent 0d6e3adf-6173-4b09-b6ba-ca9f8822fa7b: 
Agent ID: 0d6e3adf-6173-4b09-b6ba-ca9f8822fa7b
Agent a6b35da0-5ec0-439a-9b73-eca065a24878: 
Agent ID: a6b35da0-5ec0-439a-9b73-eca065a24878
Agent d01e3590-a6b1-42ae-bf49-09a00da3eb4f: 
Agent ID: d01e3590-a6b1-42ae-bf49-09a00da3eb4f

Iteration 2, Turn 4:
Agent 02b54973-43d5-4af7-ac2b-f3896110ad05: 
Agent ID: 02b54973-43d5-4af7-ac2b-f3896110ad05
Agent a6b35da0-5ec0-439a-9b73-eca065a24878: 
Agent ID: a6b35da0-5ec0-439a-9b73-eca065a24878
Agent d01e3590-a6b1-42ae-bf49-09a00da3eb4f: 
Agent ID: d01e3590-a6b1-42ae-bf49-09a00da3eb4f
