main function started.
--------Start of iteration 0---------


Iteration 0, Turn 0, current agent count: 5


Iteration 0, Turn 1, current agent count: 3


Iteration 0, Turn 2, current agent count: 1


Iteration 0, Turn 3, current agent count: 1


Iteration 0, Turn 4, current agent count: 1
--------End of iteration 0---------
--------Start of iteration 1---------


Iteration 1, Turn 0, current agent count: 0


Iteration 1, Turn 1, current agent count: 0


Iteration 1, Turn 2, current agent count: 0


Iteration 1, Turn 3, current agent count: 0


Iteration 1, Turn 4, current agent count: 0
--------End of iteration 1---------
--------Start of iteration 2---------


Iteration 2, Turn 0, current agent count: 0


Iteration 2, Turn 1, current agent count: 0


Iteration 2, Turn 2, current agent count: 0


Iteration 2, Turn 3, current agent count: 0


Iteration 2, Turn 4, current agent count: 0
--------End of iteration 2---------


GamePlaybackSummary - playing 18 turn records

Iteration 0, Turn 0:

Iteration 0, Turn 1:
Agent 201c3d3c-09e4-4fcc-93e5-b0228cd7ac5e: 
Agent ID: 201c3d3c-09e4-4fcc-93e5-b0228cd7ac5e
Agent 574e6415-7bd8-4aed-b6cc-0cd9e75f5fa4: 
Agent ID: 574e6415-7bd8-4aed-b6cc-0cd9e75f5fa4
Agent 9805b09b-a269-48b6-8e62-b48a1e65b41a: 
Agent ID: 9805b09b-a269-48b6-8e62-b48a1e65b41a

Iteration 0, Turn 2:
Agent 574e6415-7bd8-4aed-b6cc-0cd9e75f5fa4: 
Agent ID: 574e6415-7bd8-4aed-b6cc-0cd9e75f5fa4

Iteration 0, Turn 3:
Agent 574e6415-7bd8-4aed-b6cc-0cd9e75f5fa4: 
Agent ID: 574e6415-7bd8-4aed-b6cc-0cd9e75f5fa4

Iteration 0, Turn 4:
Agent 574e6415-7bd8-4aed-b6cc-0cd9e75f5fa4: 
Agent ID: 574e6415-7bd8-4aed-b6cc-0cd9e75f5fa4

Iteration 0, Turn 5:

Iteration 1, Turn 0:

Iteration 1, Turn 1:

Iteration 1, Turn 2:

Iteration 1, Turn 3:

Iteration 1, Turn 4:

Iteration 1, Turn 5:

Iteration 2, Turn 0:

Iteration 2, Turn 1:

Iteration 2, Turn 2:

Iteration 2, Turn 3:

Iteration 2, Turn 4:

Iteration 2, Turn 5:
