main function started.
--------Start of iteration 0---------


Iteration 0, Turn 0, current agent count: 16


Iteration 0, Turn 1, current agent count: 16


Iteration 0, Turn 2, current agent count: 14


Iteration 0, Turn 3, current agent count: 13


Iteration 0, Turn 4, current agent count: 13
--------End of iteration 0---------
--------Start of iteration 1---------


Iteration 1, Turn 0, current agent count: 13


Iteration 1, Turn 1, current agent count: 11


Iteration 1, Turn 2, current agent count: 10


Iteration 1, Turn 3, current agent count: 9


Iteration 1, Turn 4, current agent count: 7
--------End of iteration 1---------
--------Start of iteration 2---------


Iteration 2, Turn 0, current agent count: 7


Iteration 2, Turn 1, current agent count: 7


Iteration 2, Turn 2, current agent count: 7


Iteration 2, Turn 3, current agent count: 7


Iteration 2, Turn 4, current agent count: 7
--------End of iteration 2---------


GamePlaybackSummary - playing 18 turn records

Iteration 0, Turn 0:

Iteration 0, Turn 0:
Agent 238a80ca-cc0e-44e9-9904-0336d69fcfc7: 
Agent ID: 238a80ca-cc0e-44e9-9904-0336d69fcfc7
Agent 24c34d85-a0d5-42cb-878d-f123ab034bff: 
Agent ID: 24c34d85-a0d5-42cb-878d-f123ab034bff
Agent 32b67803-4faf-4f15-b4be-25ed51b0623b: 
Agent ID: 32b67803-4faf-4f15-b4be-25ed51b0623b
Agent 3fbd0bdb-8486-4ccc-bb35-07e31fc9fe77: 
Agent ID: 3fbd0bdb-8486-4ccc-bb35-07e31fc9fe77
Agent 5f854288-32ce-4e19-adb4-bb48e3d1c2fb: 
Agent ID: 5f854288-32ce-4e19-adb4-bb48e3d1c2fb
Agent 77089582-b09d-44f5-8df8-6bd4281df8bb: 
Agent ID: 77089582-b09d-44f5-8df8-6bd4281df8bb
Agent 9a7fab8d-9c2b-462b-b64f-633e60cebea7: 
Agent ID: 9a7fab8d-9c2b-462b-b64f-633e60cebea7
Agent a115f920-1588-482e-ace9-20dee1ba94af: 
Agent ID: a115f920-1588-482e-ace9-20dee1ba94af
Agent b4711fb2-8212-433b-9704-b2d29a6fd630: 
Agent ID: b4711fb2-8212-433b-9704-b2d29a6fd630
Agent bdc93fe7-3d51-45f7-a031-6fe032d188e8: 
Agent ID: bdc93fe7-3d51-45f7-a031-6fe032d188e8
Agent c592f364-bed9-4530-8062-6877a4c266d9: 
Agent ID: c592f364-bed9-4530-8062-6877a4c266d9
Agent c88b1697-8551-4a3a-b93f-41ef4bb4233c: 
Agent ID: c88b1697-8551-4a3a-b93f-41ef4bb4233c
Agent ca8504b0-0f04-43a8-b5a7-8795f64ea6ec: 
Agent ID: ca8504b0-0f04-43a8-b5a7-8795f64ea6ec
Agent d9cb35d2-2122-43fc-b007-df6c5fa9bc8b: 
Agent ID: d9cb35d2-2122-43fc-b007-df6c5fa9bc8b
Agent da12ae36-5e9f-47ca-b760-24f29afb7fa7: 
Agent ID: da12ae36-5e9f-47ca-b760-24f29afb7fa7
Agent f869b27a-51a3-4b71-808f-48bcd0e17673: 
Agent ID: f869b27a-51a3-4b71-808f-48bcd0e17673

Iteration 0, Turn 1:
Agent 238a80ca-cc0e-44e9-9904-0336d69fcfc7: 
Agent ID: 238a80ca-cc0e-44e9-9904-0336d69fcfc7
Agent 24c34d85-a0d5-42cb-878d-f123ab034bff: 
Agent ID: 24c34d85-a0d5-42cb-878d-f123ab034bff
Agent 32b67803-4faf-4f15-b4be-25ed51b0623b: 
Agent ID: 32b67803-4faf-4f15-b4be-25ed51b0623b
Agent 3fbd0bdb-8486-4ccc-bb35-07e31fc9fe77: 
Agent ID: 3fbd0bdb-8486-4ccc-bb35-07e31fc9fe77
Agent 5f854288-32ce-4e19-adb4-bb48e3d1c2fb: 
Agent ID: 5f854288-32ce-4e19-adb4-bb48e3d1c2fb
Agent 77089582-b09d-44f5-8df8-6bd4281df8bb: 
Agent ID: 77089582-b09d-44f5-8df8-6bd4281df8bb
Agent 9a7fab8d-9c2b-462b-b64f-633e60cebea7: 
Agent ID: 9a7fab8d-9c2b-462b-b64f-633e60cebea7
Agent a115f920-1588-482e-ace9-20dee1ba94af: 
Agent ID: a115f920-1588-482e-ace9-20dee1ba94af
Agent b4711fb2-8212-433b-9704-b2d29a6fd630: 
Agent ID: b4711fb2-8212-433b-9704-b2d29a6fd630
Agent bdc93fe7-3d51-45f7-a031-6fe032d188e8: 
Agent ID: bdc93fe7-3d51-45f7-a031-6fe032d188e8
Agent c592f364-bed9-4530-8062-6877a4c266d9: 
Agent ID: c592f364-bed9-4530-8062-6877a4c266d9
Agent ca8504b0-0f04-43a8-b5a7-8795f64ea6ec: 
Agent ID: ca8504b0-0f04-43a8-b5a7-8795f64ea6ec
Agent d9cb35d2-2122-43fc-b007-df6c5fa9bc8b: 
Agent ID: d9cb35d2-2122-43fc-b007-df6c5fa9bc8b
Agent f869b27a-51a3-4b71-808f-48bcd0e17673: 
Agent ID: f869b27a-51a3-4b71-808f-48bcd0e17673

Iteration 0, Turn 2:
Agent 238a80ca-cc0e-44e9-9904-0336d69fcfc7: 
Agent ID: 238a80ca-cc0e-44e9-9904-0336d69fcfc7
Agent 32b67803-4faf-4f15-b4be-25ed51b0623b: 
Agent ID: 32b67803-4faf-4f15-b4be-25ed51b0623b
Agent 3fbd0bdb-8486-4ccc-bb35-07e31fc9fe77: 
Agent ID: 3fbd0bdb-8486-4ccc-bb35-07e31fc9fe77
Agent 5f854288-32ce-4e19-adb4-bb48e3d1c2fb: 
Agent ID: 5f854288-32ce-4e19-adb4-bb48e3d1c2fb
Agent 77089582-b09d-44f5-8df8-6bd4281df8bb: 
Agent ID: 77089582-b09d-44f5-8df8-6bd4281df8bb
Agent 9a7fab8d-9c2b-462b-b64f-633e60cebea7: 
Agent ID: 9a7fab8d-9c2b-462b-b64f-633e60cebea7
Agent a115f920-1588-482e-ace9-20dee1ba94af: 
Agent ID: a115f920-1588-482e-ace9-20dee1ba94af
Agent b4711fb2-8212-433b-9704-b2d29a6fd630: 
Agent ID: b4711fb2-8212-433b-9704-b2d29a6fd630
Agent bdc93fe7-3d51-45f7-a031-6fe032d188e8: 
Agent ID: bdc93fe7-3d51-45f7-a031-6fe032d188e8
Agent c592f364-bed9-4530-8062-6877a4c266d9: 
Agent ID: c592f364-bed9-4530-8062-6877a4c266d9
Agent ca8504b0-0f04-43a8-b5a7-8795f64ea6ec: 
Agent ID: ca8504b0-0f04-43a8-b5a7-8795f64ea6ec
Agent d9cb35d2-2122-43fc-b007-df6c5fa9bc8b: 
Agent ID: d9cb35d2-2122-43fc-b007-df6c5fa9bc8b
Agent f869b27a-51a3-4b71-808f-48bcd0e17673: 
Agent ID: f869b27a-51a3-4b71-808f-48bcd0e17673

Iteration 0, Turn 3:
Agent 238a80ca-cc0e-44e9-9904-0336d69fcfc7: 
Agent ID: 238a80ca-cc0e-44e9-9904-0336d69fcfc7
Agent 32b67803-4faf-4f15-b4be-25ed51b0623b: 
Agent ID: 32b67803-4faf-4f15-b4be-25ed51b0623b
Agent 3fbd0bdb-8486-4ccc-bb35-07e31fc9fe77: 
Agent ID: 3fbd0bdb-8486-4ccc-bb35-07e31fc9fe77
Agent 5f854288-32ce-4e19-adb4-bb48e3d1c2fb: 
Agent ID: 5f854288-32ce-4e19-adb4-bb48e3d1c2fb
Agent 77089582-b09d-44f5-8df8-6bd4281df8bb: 
Agent ID: 77089582-b09d-44f5-8df8-6bd4281df8bb
Agent 9a7fab8d-9c2b-462b-b64f-633e60cebea7: 
Agent ID: 9a7fab8d-9c2b-462b-b64f-633e60cebea7
Agent a115f920-1588-482e-ace9-20dee1ba94af: 
Agent ID: a115f920-1588-482e-ace9-20dee1ba94af
Agent b4711fb2-8212-433b-9704-b2d29a6fd630: 
Agent ID: b4711fb2-8212-433b-9704-b2d29a6fd630
Agent bdc93fe7-3d51-45f7-a031-6fe032d188e8: 
Agent ID: bdc93fe7-3d51-45f7-a031-6fe032d188e8
Agent c592f364-bed9-4530-8062-6877a4c266d9: 
Agent ID: c592f364-bed9-4530-8062-6877a4c266d9
Agent ca8504b0-0f04-43a8-b5a7-8795f64ea6ec: 
Agent ID: ca8504b0-0f04-43a8-b5a7-8795f64ea6ec
Agent d9cb35d2-2122-43fc-b007-df6c5fa9bc8b: 
Agent ID: d9cb35d2-2122-43fc-b007-df6c5fa9bc8b
Agent f869b27a-51a3-4b71-808f-48bcd0e17673: 
Agent ID: f869b27a-51a3-4b71-808f-48bcd0e17673

Iteration 0, Turn 4:
Agent 238a80ca-cc0e-44e9-9904-0336d69fcfc7: 
Agent ID: 238a80ca-cc0e-44e9-9904-0336d69fcfc7
Agent 32b67803-4faf-4f15-b4be-25ed51b0623b: 
Agent ID: 32b67803-4faf-4f15-b4be-25ed51b0623b
Agent 3fbd0bdb-8486-4ccc-bb35-07e31fc9fe77: 
Agent ID: 3fbd0bdb-8486-4ccc-bb35-07e31fc9fe77
Agent 5f854288-32ce-4e19-adb4-bb48e3d1c2fb: 
Agent ID: 5f854288-32ce-4e19-adb4-bb48e3d1c2fb
Agent 77089582-b09d-44f5-8df8-6bd4281df8bb: 
Agent ID: 77089582-b09d-44f5-8df8-6bd4281df8bb
Agent 9a7fab8d-9c2b-462b-b64f-633e60cebea7: 
Agent ID: 9a7fab8d-9c2b-462b-b64f-633e60cebea7
Agent a115f920-1588-482e-ace9-20dee1ba94af: 
Agent ID: a115f920-1588-482e-ace9-20dee1ba94af
Agent b4711fb2-8212-433b-9704-b2d29a6fd630: 
Agent ID: b4711fb2-8212-433b-9704-b2d29a6fd630
Agent bdc93fe7-3d51-45f7-a031-6fe032d188e8: 
Agent ID: bdc93fe7-3d51-45f7-a031-6fe032d188e8
Agent c592f364-bed9-4530-8062-6877a4c266d9: 
Agent ID: c592f364-bed9-4530-8062-6877a4c266d9
Agent ca8504b0-0f04-43a8-b5a7-8795f64ea6ec: 
Agent ID: ca8504b0-0f04-43a8-b5a7-8795f64ea6ec
Agent d9cb35d2-2122-43fc-b007-df6c5fa9bc8b: 
Agent ID: d9cb35d2-2122-43fc-b007-df6c5fa9bc8b
Agent f869b27a-51a3-4b71-808f-48bcd0e17673: 
Agent ID: f869b27a-51a3-4b71-808f-48bcd0e17673

Iteration 1, Turn 0:

Iteration 1, Turn 0:
Agent 238a80ca-cc0e-44e9-9904-0336d69fcfc7: 
Agent ID: 238a80ca-cc0e-44e9-9904-0336d69fcfc7
Agent 32b67803-4faf-4f15-b4be-25ed51b0623b: 
Agent ID: 32b67803-4faf-4f15-b4be-25ed51b0623b
Agent 3fbd0bdb-8486-4ccc-bb35-07e31fc9fe77: 
Agent ID: 3fbd0bdb-8486-4ccc-bb35-07e31fc9fe77
Agent 5f854288-32ce-4e19-adb4-bb48e3d1c2fb: 
Agent ID: 5f854288-32ce-4e19-adb4-bb48e3d1c2fb
Agent 77089582-b09d-44f5-8df8-6bd4281df8bb: 
Agent ID: 77089582-b09d-44f5-8df8-6bd4281df8bb
Agent 9a7fab8d-9c2b-462b-b64f-633e60cebea7: 
Agent ID: 9a7fab8d-9c2b-462b-b64f-633e60cebea7
Agent a115f920-1588-482e-ace9-20dee1ba94af: 
Agent ID: a115f920-1588-482e-ace9-20dee1ba94af
Agent b4711fb2-8212-433b-9704-b2d29a6fd630: 
Agent ID: b4711fb2-8212-433b-9704-b2d29a6fd630
Agent c592f364-bed9-4530-8062-6877a4c266d9: 
Agent ID: c592f364-bed9-4530-8062-6877a4c266d9
Agent d9cb35d2-2122-43fc-b007-df6c5fa9bc8b: 
Agent ID: d9cb35d2-2122-43fc-b007-df6c5fa9bc8b
Agent f869b27a-51a3-4b71-808f-48bcd0e17673: 
Agent ID: f869b27a-51a3-4b71-808f-48bcd0e17673

Iteration 1, Turn 1:
Agent 238a80ca-cc0e-44e9-9904-0336d69fcfc7: 
Agent ID: 238a80ca-cc0e-44e9-9904-0336d69fcfc7
Agent 32b67803-4faf-4f15-b4be-25ed51b0623b: 
Agent ID: 32b67803-4faf-4f15-b4be-25ed51b0623b
Agent 3fbd0bdb-8486-4ccc-bb35-07e31fc9fe77: 
Agent ID: 3fbd0bdb-8486-4ccc-bb35-07e31fc9fe77
Agent 5f854288-32ce-4e19-adb4-bb48e3d1c2fb: 
Agent ID: 5f854288-32ce-4e19-adb4-bb48e3d1c2fb
Agent 9a7fab8d-9c2b-462b-b64f-633e60cebea7: 
Agent ID: 9a7fab8d-9c2b-462b-b64f-633e60cebea7
Agent a115f920-1588-482e-ace9-20dee1ba94af: 
Agent ID: a115f920-1588-482e-ace9-20dee1ba94af
Agent b4711fb2-8212-433b-9704-b2d29a6fd630: 
Agent ID: b4711fb2-8212-433b-9704-b2d29a6fd630
Agent c592f364-bed9-4530-8062-6877a4c266d9: 
Agent ID: c592f364-bed9-4530-8062-6877a4c266d9
Agent d9cb35d2-2122-43fc-b007-df6c5fa9bc8b: 
Agent ID: d9cb35d2-2122-43fc-b007-df6c5fa9bc8b
Agent f869b27a-51a3-4b71-808f-48bcd0e17673: 
Agent ID: f869b27a-51a3-4b71-808f-48bcd0e17673

Iteration 1, Turn 2:
Agent 238a80ca-cc0e-44e9-9904-0336d69fcfc7: 
Agent ID: 238a80ca-cc0e-44e9-9904-0336d69fcfc7
Agent 32b67803-4faf-4f15-b4be-25ed51b0623b: 
Agent ID: 32b67803-4faf-4f15-b4be-25ed51b0623b
Agent 3fbd0bdb-8486-4ccc-bb35-07e31fc9fe77: 
Agent ID: 3fbd0bdb-8486-4ccc-bb35-07e31fc9fe77
Agent 5f854288-32ce-4e19-adb4-bb48e3d1c2fb: 
Agent ID: 5f854288-32ce-4e19-adb4-bb48e3d1c2fb
Agent 9a7fab8d-9c2b-462b-b64f-633e60cebea7: 
Agent ID: 9a7fab8d-9c2b-462b-b64f-633e60cebea7
Agent a115f920-1588-482e-ace9-20dee1ba94af: 
Agent ID: a115f920-1588-482e-ace9-20dee1ba94af
Agent b4711fb2-8212-433b-9704-b2d29a6fd630: 
Agent ID: b4711fb2-8212-433b-9704-b2d29a6fd630
Agent c592f364-bed9-4530-8062-6877a4c266d9: 
Agent ID: c592f364-bed9-4530-8062-6877a4c266d9
Agent d9cb35d2-2122-43fc-b007-df6c5fa9bc8b: 
Agent ID: d9cb35d2-2122-43fc-b007-df6c5fa9bc8b

Iteration 1, Turn 3:
Agent 238a80ca-cc0e-44e9-9904-0336d69fcfc7: 
Agent ID: 238a80ca-cc0e-44e9-9904-0336d69fcfc7
Agent 32b67803-4faf-4f15-b4be-25ed51b0623b: 
Agent ID: 32b67803-4faf-4f15-b4be-25ed51b0623b
Agent 3fbd0bdb-8486-4ccc-bb35-07e31fc9fe77: 
Agent ID: 3fbd0bdb-8486-4ccc-bb35-07e31fc9fe77
Agent 5f854288-32ce-4e19-adb4-bb48e3d1c2fb: 
Agent ID: 5f854288-32ce-4e19-adb4-bb48e3d1c2fb
Agent a115f920-1588-482e-ace9-20dee1ba94af: 
Agent ID: a115f920-1588-482e-ace9-20dee1ba94af
Agent c592f364-bed9-4530-8062-6877a4c266d9: 
Agent ID: c592f364-bed9-4530-8062-6877a4c266d9
Agent d9cb35d2-2122-43fc-b007-df6c5fa9bc8b: 
Agent ID: d9cb35d2-2122-43fc-b007-df6c5fa9bc8b

Iteration 1, Turn 4:
Agent 238a80ca-cc0e-44e9-9904-0336d69fcfc7: 
Agent ID: 238a80ca-cc0e-44e9-9904-0336d69fcfc7
Agent 32b67803-4faf-4f15-b4be-25ed51b0623b: 
Agent ID: 32b67803-4faf-4f15-b4be-25ed51b0623b
Agent 3fbd0bdb-8486-4ccc-bb35-07e31fc9fe77: 
Agent ID: 3fbd0bdb-8486-4ccc-bb35-07e31fc9fe77
Agent 5f854288-32ce-4e19-adb4-bb48e3d1c2fb: 
Agent ID: 5f854288-32ce-4e19-adb4-bb48e3d1c2fb
Agent a115f920-1588-482e-ace9-20dee1ba94af: 
Agent ID: a115f920-1588-482e-ace9-20dee1ba94af
Agent c592f364-bed9-4530-8062-6877a4c266d9: 
Agent ID: c592f364-bed9-4530-8062-6877a4c266d9
Agent d9cb35d2-2122-43fc-b007-df6c5fa9bc8b: 
Agent ID: d9cb35d2-2122-43fc-b007-df6c5fa9bc8b

Iteration 2, Turn 0:

Iteration 2, Turn 0:
Agent 238a80ca-cc0e-44e9-9904-0336d69fcfc7: 
Agent ID: 238a80ca-cc0e-44e9-9904-0336d69fcfc7
Agent 32b67803-4faf-4f15-b4be-25ed51b0623b: 
Agent ID: 32b67803-4faf-4f15-b4be-25ed51b0623b
Agent 3fbd0bdb-8486-4ccc-bb35-07e31fc9fe77: 
Agent ID: 3fbd0bdb-8486-4ccc-bb35-07e31fc9fe77
Agent 5f854288-32ce-4e19-adb4-bb48e3d1c2fb: 
Agent ID: 5f854288-32ce-4e19-adb4-bb48e3d1c2fb
Agent a115f920-1588-482e-ace9-20dee1ba94af: 
Agent ID: a115f920-1588-482e-ace9-20dee1ba94af
Agent c592f364-bed9-4530-8062-6877a4c266d9: 
Agent ID: c592f364-bed9-4530-8062-6877a4c266d9
Agent d9cb35d2-2122-43fc-b007-df6c5fa9bc8b: 
Agent ID: d9cb35d2-2122-43fc-b007-df6c5fa9bc8b

Iteration 2, Turn 1:
Agent 238a80ca-cc0e-44e9-9904-0336d69fcfc7: 
Agent ID: 238a80ca-cc0e-44e9-9904-0336d69fcfc7
Agent 32b67803-4faf-4f15-b4be-25ed51b0623b: 
Agent ID: 32b67803-4faf-4f15-b4be-25ed51b0623b
Agent 3fbd0bdb-8486-4ccc-bb35-07e31fc9fe77: 
Agent ID: 3fbd0bdb-8486-4ccc-bb35-07e31fc9fe77
Agent 5f854288-32ce-4e19-adb4-bb48e3d1c2fb: 
Agent ID: 5f854288-32ce-4e19-adb4-bb48e3d1c2fb
Agent a115f920-1588-482e-ace9-20dee1ba94af: 
Agent ID: a115f920-1588-482e-ace9-20dee1ba94af
Agent c592f364-bed9-4530-8062-6877a4c266d9: 
Agent ID: c592f364-bed9-4530-8062-6877a4c266d9
Agent d9cb35d2-2122-43fc-b007-df6c5fa9bc8b: 
Agent ID: d9cb35d2-2122-43fc-b007-df6c5fa9bc8b

Iteration 2, Turn 2:
Agent 238a80ca-cc0e-44e9-9904-0336d69fcfc7: 
Agent ID: 238a80ca-cc0e-44e9-9904-0336d69fcfc7
Agent 32b67803-4faf-4f15-b4be-25ed51b0623b: 
Agent ID: 32b67803-4faf-4f15-b4be-25ed51b0623b
Agent 3fbd0bdb-8486-4ccc-bb35-07e31fc9fe77: 
Agent ID: 3fbd0bdb-8486-4ccc-bb35-07e31fc9fe77
Agent 5f854288-32ce-4e19-adb4-bb48e3d1c2fb: 
Agent ID: 5f854288-32ce-4e19-adb4-bb48e3d1c2fb
Agent a115f920-1588-482e-ace9-20dee1ba94af: 
Agent ID: a115f920-1588-482e-ace9-20dee1ba94af
Agent c592f364-bed9-4530-8062-6877a4c266d9: 
Agent ID: c592f364-bed9-4530-8062-6877a4c266d9
Agent d9cb35d2-2122-43fc-b007-df6c5fa9bc8b: 
Agent ID: d9cb35d2-2122-43fc-b007-df6c5fa9bc8b

Iteration 2, Turn 3:
Agent 238a80ca-cc0e-44e9-9904-0336d69fcfc7: 
Agent ID: 238a80ca-cc0e-44e9-9904-0336d69fcfc7
Agent 32b67803-4faf-4f15-b4be-25ed51b0623b: 
Agent ID: 32b67803-4faf-4f15-b4be-25ed51b0623b
Agent 3fbd0bdb-8486-4ccc-bb35-07e31fc9fe77: 
Agent ID: 3fbd0bdb-8486-4ccc-bb35-07e31fc9fe77
Agent 5f854288-32ce-4e19-adb4-bb48e3d1c2fb: 
Agent ID: 5f854288-32ce-4e19-adb4-bb48e3d1c2fb
Agent a115f920-1588-482e-ace9-20dee1ba94af: 
Agent ID: a115f920-1588-482e-ace9-20dee1ba94af
Agent c592f364-bed9-4530-8062-6877a4c266d9: 
Agent ID: c592f364-bed9-4530-8062-6877a4c266d9
Agent d9cb35d2-2122-43fc-b007-df6c5fa9bc8b: 
Agent ID: d9cb35d2-2122-43fc-b007-df6c5fa9bc8b

Iteration 2, Turn 4:
Agent 32b67803-4faf-4f15-b4be-25ed51b0623b: 
Agent ID: 32b67803-4faf-4f15-b4be-25ed51b0623b
Agent 3fbd0bdb-8486-4ccc-bb35-07e31fc9fe77: 
Agent ID: 3fbd0bdb-8486-4ccc-bb35-07e31fc9fe77
Agent 5f854288-32ce-4e19-adb4-bb48e3d1c2fb: 
Agent ID: 5f854288-32ce-4e19-adb4-bb48e3d1c2fb
Agent a115f920-1588-482e-ace9-20dee1ba94af: 
Agent ID: a115f920-1588-482e-ace9-20dee1ba94af
Agent c592f364-bed9-4530-8062-6877a4c266d9: 
Agent ID: c592f364-bed9-4530-8062-6877a4c266d9
Agent d9cb35d2-2122-43fc-b007-df6c5fa9bc8b: 
Agent ID: d9cb35d2-2122-43fc-b007-df6c5fa9bc8b
