main function started.
--------Start of iteration 0---------


Iteration 0, Turn 0, current agent count: 5


Iteration 0, Turn 1, current agent count: 5
--------End of iteration 0---------
--------Start of iteration 1---------


Iteration 1, Turn 0, current agent count: 5


Iteration 1, Turn 1, current agent count: 5
--------End of iteration 1---------
--------Start of iteration 2---------


Iteration 2, Turn 0, current agent count: 5


Iteration 2, Turn 1, current agent count: 5
--------End of iteration 2---------


GamePlaybackSummary - playing 9 turn records

Iteration 0, Turn 0:

Iteration 0, Turn 1:
Agent 0692c8f1-e20e-4e58-98da-c545029c1df5: 
[DEAD] 
Agent ID: 0692c8f1-e20e-4e58-98da-c545029c1df5
Agent 57c84764-74cb-44ec-9b7f-3a899d10c8e7: 
[DEAD] 
Agent ID: 57c84764-74cb-44ec-9b7f-3a899d10c8e7
Agent 9e584183-af70-4abb-bacb-81d87db9eba6: 
Agent ID: 9e584183-af70-4abb-bacb-81d87db9eba6
Agent bc0a2d66-2a73-410d-bdec-874d61e0c4ec: 
[DEAD] 
Agent ID: bc0a2d66-2a73-410d-bdec-874d61e0c4ec
Agent fea0c579-3bc9-403f-833e-1541a4b446c4: 
[DEAD] 
Agent ID: fea0c579-3bc9-403f-833e-1541a4b446c4

Iteration 0, Turn 2:
Agent 0692c8f1-e20e-4e58-98da-c545029c1df5: 
[DEAD] 
Agent ID: 0692c8f1-e20e-4e58-98da-c545029c1df5
Agent 57c84764-74cb-44ec-9b7f-3a899d10c8e7: 
[DEAD] 
Agent ID: 57c84764-74cb-44ec-9b7f-3a899d10c8e7
Agent 9e584183-af70-4abb-bacb-81d87db9eba6: 
[DEAD] 
Agent ID: 9e584183-af70-4abb-bacb-81d87db9eba6
Agent bc0a2d66-2a73-410d-bdec-874d61e0c4ec: 
[DEAD] 
Agent ID: bc0a2d66-2a73-410d-bdec-874d61e0c4ec
Agent fea0c579-3bc9-403f-833e-1541a4b446c4: 
[DEAD] 
Agent ID: fea0c579-3bc9-403f-833e-1541a4b446c4

Iteration 1, Turn 0:

Iteration 1, Turn 1:
Agent 0692c8f1-e20e-4e58-98da-c545029c1df5: 
[DEAD] 
Agent ID: 0692c8f1-e20e-4e58-98da-c545029c1df5
Agent 57c84764-74cb-44ec-9b7f-3a899d10c8e7: 
[DEAD] 
Agent ID: 57c84764-74cb-44ec-9b7f-3a899d10c8e7
Agent 9e584183-af70-4abb-bacb-81d87db9eba6: 
[DEAD] 
Agent ID: 9e584183-af70-4abb-bacb-81d87db9eba6
Agent bc0a2d66-2a73-410d-bdec-874d61e0c4ec: 
[DEAD] 
Agent ID: bc0a2d66-2a73-410d-bdec-874d61e0c4ec
Agent fea0c579-3bc9-403f-833e-1541a4b446c4: 
[DEAD] 
Agent ID: fea0c579-3bc9-403f-833e-1541a4b446c4

Iteration 1, Turn 2:
Agent 0692c8f1-e20e-4e58-98da-c545029c1df5: 
[DEAD] 
Agent ID: 0692c8f1-e20e-4e58-98da-c545029c1df5
Agent 57c84764-74cb-44ec-9b7f-3a899d10c8e7: 
[DEAD] 
Agent ID: 57c84764-74cb-44ec-9b7f-3a899d10c8e7
Agent 9e584183-af70-4abb-bacb-81d87db9eba6: 
[DEAD] 
Agent ID: 9e584183-af70-4abb-bacb-81d87db9eba6
Agent bc0a2d66-2a73-410d-bdec-874d61e0c4ec: 
[DEAD] 
Agent ID: bc0a2d66-2a73-410d-bdec-874d61e0c4ec
Agent fea0c579-3bc9-403f-833e-1541a4b446c4: 
[DEAD] 
Agent ID: fea0c579-3bc9-403f-833e-1541a4b446c4

Iteration 2, Turn 0:

Iteration 2, Turn 1:
Agent 0692c8f1-e20e-4e58-98da-c545029c1df5: 
[DEAD] 
Agent ID: 0692c8f1-e20e-4e58-98da-c545029c1df5
Agent 57c84764-74cb-44ec-9b7f-3a899d10c8e7: 
[DEAD] 
Agent ID: 57c84764-74cb-44ec-9b7f-3a899d10c8e7
Agent 9e584183-af70-4abb-bacb-81d87db9eba6: 
[DEAD] 
Agent ID: 9e584183-af70-4abb-bacb-81d87db9eba6
Agent bc0a2d66-2a73-410d-bdec-874d61e0c4ec: 
[DEAD] 
Agent ID: bc0a2d66-2a73-410d-bdec-874d61e0c4ec
Agent fea0c579-3bc9-403f-833e-1541a4b446c4: 
[DEAD] 
Agent ID: fea0c579-3bc9-403f-833e-1541a4b446c4

Iteration 2, Turn 2:
Agent 0692c8f1-e20e-4e58-98da-c545029c1df5: 
[DEAD] 
Agent ID: 0692c8f1-e20e-4e58-98da-c545029c1df5
Agent 57c84764-74cb-44ec-9b7f-3a899d10c8e7: 
[DEAD] 
Agent ID: 57c84764-74cb-44ec-9b7f-3a899d10c8e7
Agent 9e584183-af70-4abb-bacb-81d87db9eba6: 
[DEAD] 
Agent ID: 9e584183-af70-4abb-bacb-81d87db9eba6
Agent bc0a2d66-2a73-410d-bdec-874d61e0c4ec: 
[DEAD] 
Agent ID: bc0a2d66-2a73-410d-bdec-874d61e0c4ec
Agent fea0c579-3bc9-403f-833e-1541a4b446c4: 
[DEAD] 
Agent ID: fea0c579-3bc9-403f-833e-1541a4b446c4
