main function started.
--------Start of iteration 0---------


Iteration 0, Turn 0, current agent count: 16


Iteration 0, Turn 1, current agent count: 16


Iteration 0, Turn 2, current agent count: 14


Iteration 0, Turn 3, current agent count: 11


Iteration 0, Turn 4, current agent count: 9
--------End of iteration 0---------
--------Start of iteration 1---------


Iteration 1, Turn 0, current agent count: 9


Iteration 1, Turn 1, current agent count: 7


Iteration 1, Turn 2, current agent count: 6


Iteration 1, Turn 3, current agent count: 3


Iteration 1, Turn 4, current agent count: 3
--------End of iteration 1---------
--------Start of iteration 2---------


Iteration 2, Turn 0, current agent count: 3


Iteration 2, Turn 1, current agent count: 2


Iteration 2, Turn 2, current agent count: 2


Iteration 2, Turn 3, current agent count: 1


Iteration 2, Turn 4, current agent count: 1
--------End of iteration 2---------


GamePlaybackSummary - playing 18 turn records

Iteration 0, Turn 0:

Iteration 0, Turn 0:
Agent 1fe29b87-bbe7-4f51-ab60-90f33302cb1f: 
Agent ID: 1fe29b87-bbe7-4f51-ab60-90f33302cb1f
Agent 26576480-241d-42fb-bb11-ce7f207283a8: 
Agent ID: 26576480-241d-42fb-bb11-ce7f207283a8
Agent 2a0da37e-31a1-4bb5-b53c-2d58f396c582: 
Agent ID: 2a0da37e-31a1-4bb5-b53c-2d58f396c582
Agent 2a97a0ca-506f-4626-a838-3df8ce0cf94c: 
Agent ID: 2a97a0ca-506f-4626-a838-3df8ce0cf94c
Agent 40c3b321-360e-4199-8609-9ff60d36ce63: 
Agent ID: 40c3b321-360e-4199-8609-9ff60d36ce63
Agent 46b15d40-6e73-4ca9-a91b-7ec1b9da3078: 
Agent ID: 46b15d40-6e73-4ca9-a91b-7ec1b9da3078
Agent 63cc442c-0b99-4d5a-a472-24834b2756e7: 
Agent ID: 63cc442c-0b99-4d5a-a472-24834b2756e7
Agent 77149d9b-78d9-49e5-9f74-e143bd4ed085: 
Agent ID: 77149d9b-78d9-49e5-9f74-e143bd4ed085
Agent 7c870ffe-6da1-44b6-98fa-fafcedcc615a: 
Agent ID: 7c870ffe-6da1-44b6-98fa-fafcedcc615a
Agent b4c6bc08-bda9-464b-a807-84d80c35fba9: 
Agent ID: b4c6bc08-bda9-464b-a807-84d80c35fba9
Agent de08b286-0d2e-446a-b253-7e1fa4f548ea: 
Agent ID: de08b286-0d2e-446a-b253-7e1fa4f548ea
Agent e86dd55a-1882-4a73-bb41-8b079e00ca77: 
Agent ID: e86dd55a-1882-4a73-bb41-8b079e00ca77
Agent e96749dc-f45c-4a6d-9a90-74341c7c44e9: 
Agent ID: e96749dc-f45c-4a6d-9a90-74341c7c44e9
Agent f188457d-75c8-4731-9190-0376e94af308: 
Agent ID: f188457d-75c8-4731-9190-0376e94af308
Agent f72e54e1-cad2-4b2d-9f7f-8f7b33af4092: 
Agent ID: f72e54e1-cad2-4b2d-9f7f-8f7b33af4092
Agent fcca34ca-b9b5-4553-9018-fc93a67a8048: 
Agent ID: fcca34ca-b9b5-4553-9018-fc93a67a8048

Iteration 0, Turn 1:
Agent 1fe29b87-bbe7-4f51-ab60-90f33302cb1f: 
Agent ID: 1fe29b87-bbe7-4f51-ab60-90f33302cb1f
Agent 26576480-241d-42fb-bb11-ce7f207283a8: 
Agent ID: 26576480-241d-42fb-bb11-ce7f207283a8
Agent 2a0da37e-31a1-4bb5-b53c-2d58f396c582: 
Agent ID: 2a0da37e-31a1-4bb5-b53c-2d58f396c582
Agent 2a97a0ca-506f-4626-a838-3df8ce0cf94c: 
Agent ID: 2a97a0ca-506f-4626-a838-3df8ce0cf94c
Agent 40c3b321-360e-4199-8609-9ff60d36ce63: 
Agent ID: 40c3b321-360e-4199-8609-9ff60d36ce63
Agent 46b15d40-6e73-4ca9-a91b-7ec1b9da3078: 
Agent ID: 46b15d40-6e73-4ca9-a91b-7ec1b9da3078
Agent 63cc442c-0b99-4d5a-a472-24834b2756e7: 
Agent ID: 63cc442c-0b99-4d5a-a472-24834b2756e7
Agent 7c870ffe-6da1-44b6-98fa-fafcedcc615a: 
Agent ID: 7c870ffe-6da1-44b6-98fa-fafcedcc615a
Agent b4c6bc08-bda9-464b-a807-84d80c35fba9: 
Agent ID: b4c6bc08-bda9-464b-a807-84d80c35fba9
Agent de08b286-0d2e-446a-b253-7e1fa4f548ea: 
Agent ID: de08b286-0d2e-446a-b253-7e1fa4f548ea
Agent e86dd55a-1882-4a73-bb41-8b079e00ca77: 
Agent ID: e86dd55a-1882-4a73-bb41-8b079e00ca77
Agent e96749dc-f45c-4a6d-9a90-74341c7c44e9: 
Agent ID: e96749dc-f45c-4a6d-9a90-74341c7c44e9
Agent f188457d-75c8-4731-9190-0376e94af308: 
Agent ID: f188457d-75c8-4731-9190-0376e94af308
Agent fcca34ca-b9b5-4553-9018-fc93a67a8048: 
Agent ID: fcca34ca-b9b5-4553-9018-fc93a67a8048

Iteration 0, Turn 2:
Agent 1fe29b87-bbe7-4f51-ab60-90f33302cb1f: 
Agent ID: 1fe29b87-bbe7-4f51-ab60-90f33302cb1f
Agent 2a0da37e-31a1-4bb5-b53c-2d58f396c582: 
Agent ID: 2a0da37e-31a1-4bb5-b53c-2d58f396c582
Agent 2a97a0ca-506f-4626-a838-3df8ce0cf94c: 
Agent ID: 2a97a0ca-506f-4626-a838-3df8ce0cf94c
Agent 40c3b321-360e-4199-8609-9ff60d36ce63: 
Agent ID: 40c3b321-360e-4199-8609-9ff60d36ce63
Agent 46b15d40-6e73-4ca9-a91b-7ec1b9da3078: 
Agent ID: 46b15d40-6e73-4ca9-a91b-7ec1b9da3078
Agent 7c870ffe-6da1-44b6-98fa-fafcedcc615a: 
Agent ID: 7c870ffe-6da1-44b6-98fa-fafcedcc615a
Agent de08b286-0d2e-446a-b253-7e1fa4f548ea: 
Agent ID: de08b286-0d2e-446a-b253-7e1fa4f548ea
Agent e86dd55a-1882-4a73-bb41-8b079e00ca77: 
Agent ID: e86dd55a-1882-4a73-bb41-8b079e00ca77
Agent e96749dc-f45c-4a6d-9a90-74341c7c44e9: 
Agent ID: e96749dc-f45c-4a6d-9a90-74341c7c44e9
Agent f188457d-75c8-4731-9190-0376e94af308: 
Agent ID: f188457d-75c8-4731-9190-0376e94af308
Agent fcca34ca-b9b5-4553-9018-fc93a67a8048: 
Agent ID: fcca34ca-b9b5-4553-9018-fc93a67a8048

Iteration 0, Turn 3:
Agent 1fe29b87-bbe7-4f51-ab60-90f33302cb1f: 
Agent ID: 1fe29b87-bbe7-4f51-ab60-90f33302cb1f
Agent 2a0da37e-31a1-4bb5-b53c-2d58f396c582: 
Agent ID: 2a0da37e-31a1-4bb5-b53c-2d58f396c582
Agent 2a97a0ca-506f-4626-a838-3df8ce0cf94c: 
Agent ID: 2a97a0ca-506f-4626-a838-3df8ce0cf94c
Agent 40c3b321-360e-4199-8609-9ff60d36ce63: 
Agent ID: 40c3b321-360e-4199-8609-9ff60d36ce63
Agent 7c870ffe-6da1-44b6-98fa-fafcedcc615a: 
Agent ID: 7c870ffe-6da1-44b6-98fa-fafcedcc615a
Agent de08b286-0d2e-446a-b253-7e1fa4f548ea: 
Agent ID: de08b286-0d2e-446a-b253-7e1fa4f548ea
Agent e86dd55a-1882-4a73-bb41-8b079e00ca77: 
Agent ID: e86dd55a-1882-4a73-bb41-8b079e00ca77
Agent e96749dc-f45c-4a6d-9a90-74341c7c44e9: 
Agent ID: e96749dc-f45c-4a6d-9a90-74341c7c44e9
Agent fcca34ca-b9b5-4553-9018-fc93a67a8048: 
Agent ID: fcca34ca-b9b5-4553-9018-fc93a67a8048

Iteration 0, Turn 4:
Agent 1fe29b87-bbe7-4f51-ab60-90f33302cb1f: 
Agent ID: 1fe29b87-bbe7-4f51-ab60-90f33302cb1f
Agent 2a0da37e-31a1-4bb5-b53c-2d58f396c582: 
Agent ID: 2a0da37e-31a1-4bb5-b53c-2d58f396c582
Agent 2a97a0ca-506f-4626-a838-3df8ce0cf94c: 
Agent ID: 2a97a0ca-506f-4626-a838-3df8ce0cf94c
Agent 40c3b321-360e-4199-8609-9ff60d36ce63: 
Agent ID: 40c3b321-360e-4199-8609-9ff60d36ce63
Agent 7c870ffe-6da1-44b6-98fa-fafcedcc615a: 
Agent ID: 7c870ffe-6da1-44b6-98fa-fafcedcc615a
Agent de08b286-0d2e-446a-b253-7e1fa4f548ea: 
Agent ID: de08b286-0d2e-446a-b253-7e1fa4f548ea
Agent e86dd55a-1882-4a73-bb41-8b079e00ca77: 
Agent ID: e86dd55a-1882-4a73-bb41-8b079e00ca77
Agent e96749dc-f45c-4a6d-9a90-74341c7c44e9: 
Agent ID: e96749dc-f45c-4a6d-9a90-74341c7c44e9
Agent fcca34ca-b9b5-4553-9018-fc93a67a8048: 
Agent ID: fcca34ca-b9b5-4553-9018-fc93a67a8048

Iteration 1, Turn 0:

Iteration 1, Turn 0:
Agent 2a97a0ca-506f-4626-a838-3df8ce0cf94c: 
Agent ID: 2a97a0ca-506f-4626-a838-3df8ce0cf94c
Agent 40c3b321-360e-4199-8609-9ff60d36ce63: 
Agent ID: 40c3b321-360e-4199-8609-9ff60d36ce63
Agent 7c870ffe-6da1-44b6-98fa-fafcedcc615a: 
Agent ID: 7c870ffe-6da1-44b6-98fa-fafcedcc615a
Agent de08b286-0d2e-446a-b253-7e1fa4f548ea: 
Agent ID: de08b286-0d2e-446a-b253-7e1fa4f548ea
Agent e86dd55a-1882-4a73-bb41-8b079e00ca77: 
Agent ID: e86dd55a-1882-4a73-bb41-8b079e00ca77
Agent e96749dc-f45c-4a6d-9a90-74341c7c44e9: 
Agent ID: e96749dc-f45c-4a6d-9a90-74341c7c44e9
Agent fcca34ca-b9b5-4553-9018-fc93a67a8048: 
Agent ID: fcca34ca-b9b5-4553-9018-fc93a67a8048

Iteration 1, Turn 1:
Agent 2a97a0ca-506f-4626-a838-3df8ce0cf94c: 
Agent ID: 2a97a0ca-506f-4626-a838-3df8ce0cf94c
Agent 40c3b321-360e-4199-8609-9ff60d36ce63: 
Agent ID: 40c3b321-360e-4199-8609-9ff60d36ce63
Agent 7c870ffe-6da1-44b6-98fa-fafcedcc615a: 
Agent ID: 7c870ffe-6da1-44b6-98fa-fafcedcc615a
Agent de08b286-0d2e-446a-b253-7e1fa4f548ea: 
Agent ID: de08b286-0d2e-446a-b253-7e1fa4f548ea
Agent e96749dc-f45c-4a6d-9a90-74341c7c44e9: 
Agent ID: e96749dc-f45c-4a6d-9a90-74341c7c44e9
Agent fcca34ca-b9b5-4553-9018-fc93a67a8048: 
Agent ID: fcca34ca-b9b5-4553-9018-fc93a67a8048

Iteration 1, Turn 2:
Agent 2a97a0ca-506f-4626-a838-3df8ce0cf94c: 
Agent ID: 2a97a0ca-506f-4626-a838-3df8ce0cf94c
Agent 40c3b321-360e-4199-8609-9ff60d36ce63: 
Agent ID: 40c3b321-360e-4199-8609-9ff60d36ce63
Agent 7c870ffe-6da1-44b6-98fa-fafcedcc615a: 
Agent ID: 7c870ffe-6da1-44b6-98fa-fafcedcc615a

Iteration 1, Turn 3:
Agent 2a97a0ca-506f-4626-a838-3df8ce0cf94c: 
Agent ID: 2a97a0ca-506f-4626-a838-3df8ce0cf94c
Agent 40c3b321-360e-4199-8609-9ff60d36ce63: 
Agent ID: 40c3b321-360e-4199-8609-9ff60d36ce63
Agent 7c870ffe-6da1-44b6-98fa-fafcedcc615a: 
Agent ID: 7c870ffe-6da1-44b6-98fa-fafcedcc615a

Iteration 1, Turn 4:
Agent 2a97a0ca-506f-4626-a838-3df8ce0cf94c: 
Agent ID: 2a97a0ca-506f-4626-a838-3df8ce0cf94c
Agent 40c3b321-360e-4199-8609-9ff60d36ce63: 
Agent ID: 40c3b321-360e-4199-8609-9ff60d36ce63
Agent 7c870ffe-6da1-44b6-98fa-fafcedcc615a: 
Agent ID: 7c870ffe-6da1-44b6-98fa-fafcedcc615a

Iteration 2, Turn 0:

Iteration 2, Turn 0:
Agent 40c3b321-360e-4199-8609-9ff60d36ce63: 
Agent ID: 40c3b321-360e-4199-8609-9ff60d36ce63
Agent 7c870ffe-6da1-44b6-98fa-fafcedcc615a: 
Agent ID: 7c870ffe-6da1-44b6-98fa-fafcedcc615a

Iteration 2, Turn 1:
Agent 40c3b321-360e-4199-8609-9ff60d36ce63: 
Agent ID: 40c3b321-360e-4199-8609-9ff60d36ce63
Agent 7c870ffe-6da1-44b6-98fa-fafcedcc615a: 
Agent ID: 7c870ffe-6da1-44b6-98fa-fafcedcc615a

Iteration 2, Turn 2:
Agent 7c870ffe-6da1-44b6-98fa-fafcedcc615a: 
Agent ID: 7c870ffe-6da1-44b6-98fa-fafcedcc615a

Iteration 2, Turn 3:
Agent 7c870ffe-6da1-44b6-98fa-fafcedcc615a: 
Agent ID: 7c870ffe-6da1-44b6-98fa-fafcedcc615a

Iteration 2, Turn 4:
Agent 7c870ffe-6da1-44b6-98fa-fafcedcc615a: 
Agent ID: 7c870ffe-6da1-44b6-98fa-fafcedcc615a
