main function started.
--------Start of iteration 0---------


Iteration 0, Turn 0, current agent count: 20


Iteration 0, Turn 1, current agent count: 20


Iteration 0, Turn 2, current agent count: 20


Iteration 0, Turn 3, current agent count: 20


Iteration 0, Turn 4, current agent count: 20
--------End of iteration 0---------
--------Start of iteration 1---------


Iteration 1, Turn 0, current agent count: 20


Iteration 1, Turn 1, current agent count: 20


Iteration 1, Turn 2, current agent count: 20


Iteration 1, Turn 3, current agent count: 20


Iteration 1, Turn 4, current agent count: 20
--------End of iteration 1---------
--------Start of iteration 2---------


Iteration 2, Turn 0, current agent count: 20


Iteration 2, Turn 1, current agent count: 20


Iteration 2, Turn 2, current agent count: 20


Iteration 2, Turn 3, current agent count: 20


Iteration 2, Turn 4, current agent count: 20
--------End of iteration 2---------


GamePlaybackSummary - playing 18 turn records

Iteration 0, Turn 0:

Iteration 0, Turn 0:
Agent 17e3bcf6-9494-4f10-8748-f9920e4370fb: 
[DEAD] 
Agent ID: 17e3bcf6-9494-4f10-8748-f9920e4370fb
Agent 3d3b2f5c-27ce-4efc-8f34-602ba4b14a5b: 
[DEAD] 
Agent ID: 3d3b2f5c-27ce-4efc-8f34-602ba4b14a5b
Agent 4dcca564-b5f2-4211-a879-73cf0a0d5b14: 
[DEAD] 
Agent ID: 4dcca564-b5f2-4211-a879-73cf0a0d5b14
Agent 51e27436-0ba8-413f-a184-eadd7693964a: 
Agent ID: 51e27436-0ba8-413f-a184-eadd7693964a
Agent 58fd843a-fc8d-4989-a8ba-601ef33168e4: 
Agent ID: 58fd843a-fc8d-4989-a8ba-601ef33168e4
Agent 6e274358-ed84-43b9-be47-af368c0e0e72: 
Agent ID: 6e274358-ed84-43b9-be47-af368c0e0e72
Agent 7fb15cc3-a0ee-49f3-80be-fc7558b598f2: 
[DEAD] 
Agent ID: 7fb15cc3-a0ee-49f3-80be-fc7558b598f2
Agent 838b108b-9e5c-4384-8170-9a4a87a0b1af: 
Agent ID: 838b108b-9e5c-4384-8170-9a4a87a0b1af
Agent 871657e6-8b30-4f69-895c-3f0ff136f61a: 
Agent ID: 871657e6-8b30-4f69-895c-3f0ff136f61a
Agent 87b80479-246f-4209-86fa-960a97fe5e31: 
Agent ID: 87b80479-246f-4209-86fa-960a97fe5e31
Agent 8cd3f6ba-86f2-4dbe-9cae-d1caaa22ba82: 
Agent ID: 8cd3f6ba-86f2-4dbe-9cae-d1caaa22ba82
Agent 93c214a4-7e22-4e7d-b892-a4b1a06b33cb: 
Agent ID: 93c214a4-7e22-4e7d-b892-a4b1a06b33cb
Agent a766d61d-a5ff-4e7f-984a-77f872e04d01: 
[DEAD] 
Agent ID: a766d61d-a5ff-4e7f-984a-77f872e04d01
Agent af01135f-e890-42e2-b970-09c901cdf208: 
Agent ID: af01135f-e890-42e2-b970-09c901cdf208
Agent bab1d01b-f205-48c7-bba4-8170c7705910: 
[DEAD] 
Agent ID: bab1d01b-f205-48c7-bba4-8170c7705910
Agent d077a2f7-9380-4b4e-9c71-5293918606e8: 
Agent ID: d077a2f7-9380-4b4e-9c71-5293918606e8
Agent d486934c-9e90-463f-aa5b-4f86adbdbdca: 
Agent ID: d486934c-9e90-463f-aa5b-4f86adbdbdca
Agent dc8561ec-9d11-44a1-bae5-9d2d388af9d5: 
Agent ID: dc8561ec-9d11-44a1-bae5-9d2d388af9d5
Agent df343959-cea7-4738-b349-6838f0685764: 
Agent ID: df343959-cea7-4738-b349-6838f0685764
Agent ff93fef3-0aff-4061-8301-1a352127c8c3: 
Agent ID: ff93fef3-0aff-4061-8301-1a352127c8c3

Iteration 0, Turn 1:
Agent 17e3bcf6-9494-4f10-8748-f9920e4370fb: 
[DEAD] 
Agent ID: 17e3bcf6-9494-4f10-8748-f9920e4370fb
Agent 3d3b2f5c-27ce-4efc-8f34-602ba4b14a5b: 
[DEAD] 
Agent ID: 3d3b2f5c-27ce-4efc-8f34-602ba4b14a5b
Agent 4dcca564-b5f2-4211-a879-73cf0a0d5b14: 
[DEAD] 
Agent ID: 4dcca564-b5f2-4211-a879-73cf0a0d5b14
Agent 51e27436-0ba8-413f-a184-eadd7693964a: 
Agent ID: 51e27436-0ba8-413f-a184-eadd7693964a
Agent 58fd843a-fc8d-4989-a8ba-601ef33168e4: 
Agent ID: 58fd843a-fc8d-4989-a8ba-601ef33168e4
Agent 6e274358-ed84-43b9-be47-af368c0e0e72: 
[DEAD] 
Agent ID: 6e274358-ed84-43b9-be47-af368c0e0e72
Agent 7fb15cc3-a0ee-49f3-80be-fc7558b598f2: 
[DEAD] 
Agent ID: 7fb15cc3-a0ee-49f3-80be-fc7558b598f2
Agent 838b108b-9e5c-4384-8170-9a4a87a0b1af: 
Agent ID: 838b108b-9e5c-4384-8170-9a4a87a0b1af
Agent 871657e6-8b30-4f69-895c-3f0ff136f61a: 
Agent ID: 871657e6-8b30-4f69-895c-3f0ff136f61a
Agent 87b80479-246f-4209-86fa-960a97fe5e31: 
[DEAD] 
Agent ID: 87b80479-246f-4209-86fa-960a97fe5e31
Agent 8cd3f6ba-86f2-4dbe-9cae-d1caaa22ba82: 
Agent ID: 8cd3f6ba-86f2-4dbe-9cae-d1caaa22ba82
Agent 93c214a4-7e22-4e7d-b892-a4b1a06b33cb: 
Agent ID: 93c214a4-7e22-4e7d-b892-a4b1a06b33cb
Agent a766d61d-a5ff-4e7f-984a-77f872e04d01: 
[DEAD] 
Agent ID: a766d61d-a5ff-4e7f-984a-77f872e04d01
Agent af01135f-e890-42e2-b970-09c901cdf208: 
[DEAD] 
Agent ID: af01135f-e890-42e2-b970-09c901cdf208
Agent bab1d01b-f205-48c7-bba4-8170c7705910: 
[DEAD] 
Agent ID: bab1d01b-f205-48c7-bba4-8170c7705910
Agent d077a2f7-9380-4b4e-9c71-5293918606e8: 
Agent ID: d077a2f7-9380-4b4e-9c71-5293918606e8
Agent d486934c-9e90-463f-aa5b-4f86adbdbdca: 
Agent ID: d486934c-9e90-463f-aa5b-4f86adbdbdca
Agent dc8561ec-9d11-44a1-bae5-9d2d388af9d5: 
Agent ID: dc8561ec-9d11-44a1-bae5-9d2d388af9d5
Agent df343959-cea7-4738-b349-6838f0685764: 
Agent ID: df343959-cea7-4738-b349-6838f0685764
Agent ff93fef3-0aff-4061-8301-1a352127c8c3: 
[DEAD] 
Agent ID: ff93fef3-0aff-4061-8301-1a352127c8c3

Iteration 0, Turn 2:
Agent 17e3bcf6-9494-4f10-8748-f9920e4370fb: 
[DEAD] 
Agent ID: 17e3bcf6-9494-4f10-8748-f9920e4370fb
Agent 3d3b2f5c-27ce-4efc-8f34-602ba4b14a5b: 
[DEAD] 
Agent ID: 3d3b2f5c-27ce-4efc-8f34-602ba4b14a5b
Agent 4dcca564-b5f2-4211-a879-73cf0a0d5b14: 
[DEAD] 
Agent ID: 4dcca564-b5f2-4211-a879-73cf0a0d5b14
Agent 51e27436-0ba8-413f-a184-eadd7693964a: 
[DEAD] 
Agent ID: 51e27436-0ba8-413f-a184-eadd7693964a
Agent 58fd843a-fc8d-4989-a8ba-601ef33168e4: 
Agent ID: 58fd843a-fc8d-4989-a8ba-601ef33168e4
Agent 6e274358-ed84-43b9-be47-af368c0e0e72: 
[DEAD] 
Agent ID: 6e274358-ed84-43b9-be47-af368c0e0e72
Agent 7fb15cc3-a0ee-49f3-80be-fc7558b598f2: 
[DEAD] 
Agent ID: 7fb15cc3-a0ee-49f3-80be-fc7558b598f2
Agent 838b108b-9e5c-4384-8170-9a4a87a0b1af: 
Agent ID: 838b108b-9e5c-4384-8170-9a4a87a0b1af
Agent 871657e6-8b30-4f69-895c-3f0ff136f61a: 
[DEAD] 
Agent ID: 871657e6-8b30-4f69-895c-3f0ff136f61a
Agent 87b80479-246f-4209-86fa-960a97fe5e31: 
[DEAD] 
Agent ID: 87b80479-246f-4209-86fa-960a97fe5e31
Agent 8cd3f6ba-86f2-4dbe-9cae-d1caaa22ba82: 
Agent ID: 8cd3f6ba-86f2-4dbe-9cae-d1caaa22ba82
Agent 93c214a4-7e22-4e7d-b892-a4b1a06b33cb: 
[DEAD] 
Agent ID: 93c214a4-7e22-4e7d-b892-a4b1a06b33cb
Agent a766d61d-a5ff-4e7f-984a-77f872e04d01: 
[DEAD] 
Agent ID: a766d61d-a5ff-4e7f-984a-77f872e04d01
Agent af01135f-e890-42e2-b970-09c901cdf208: 
[DEAD] 
Agent ID: af01135f-e890-42e2-b970-09c901cdf208
Agent bab1d01b-f205-48c7-bba4-8170c7705910: 
[DEAD] 
Agent ID: bab1d01b-f205-48c7-bba4-8170c7705910
Agent d077a2f7-9380-4b4e-9c71-5293918606e8: 
Agent ID: d077a2f7-9380-4b4e-9c71-5293918606e8
Agent d486934c-9e90-463f-aa5b-4f86adbdbdca: 
Agent ID: d486934c-9e90-463f-aa5b-4f86adbdbdca
Agent dc8561ec-9d11-44a1-bae5-9d2d388af9d5: 
Agent ID: dc8561ec-9d11-44a1-bae5-9d2d388af9d5
Agent df343959-cea7-4738-b349-6838f0685764: 
[DEAD] 
Agent ID: df343959-cea7-4738-b349-6838f0685764
Agent ff93fef3-0aff-4061-8301-1a352127c8c3: 
[DEAD] 
Agent ID: ff93fef3-0aff-4061-8301-1a352127c8c3

Iteration 0, Turn 3:
Agent 17e3bcf6-9494-4f10-8748-f9920e4370fb: 
[DEAD] 
Agent ID: 17e3bcf6-9494-4f10-8748-f9920e4370fb
Agent 3d3b2f5c-27ce-4efc-8f34-602ba4b14a5b: 
[DEAD] 
Agent ID: 3d3b2f5c-27ce-4efc-8f34-602ba4b14a5b
Agent 4dcca564-b5f2-4211-a879-73cf0a0d5b14: 
[DEAD] 
Agent ID: 4dcca564-b5f2-4211-a879-73cf0a0d5b14
Agent 51e27436-0ba8-413f-a184-eadd7693964a: 
[DEAD] 
Agent ID: 51e27436-0ba8-413f-a184-eadd7693964a
Agent 58fd843a-fc8d-4989-a8ba-601ef33168e4: 
[DEAD] 
Agent ID: 58fd843a-fc8d-4989-a8ba-601ef33168e4
Agent 6e274358-ed84-43b9-be47-af368c0e0e72: 
[DEAD] 
Agent ID: 6e274358-ed84-43b9-be47-af368c0e0e72
Agent 7fb15cc3-a0ee-49f3-80be-fc7558b598f2: 
[DEAD] 
Agent ID: 7fb15cc3-a0ee-49f3-80be-fc7558b598f2
Agent 838b108b-9e5c-4384-8170-9a4a87a0b1af: 
[DEAD] 
Agent ID: 838b108b-9e5c-4384-8170-9a4a87a0b1af
Agent 871657e6-8b30-4f69-895c-3f0ff136f61a: 
[DEAD] 
Agent ID: 871657e6-8b30-4f69-895c-3f0ff136f61a
Agent 87b80479-246f-4209-86fa-960a97fe5e31: 
[DEAD] 
Agent ID: 87b80479-246f-4209-86fa-960a97fe5e31
Agent 8cd3f6ba-86f2-4dbe-9cae-d1caaa22ba82: 
Agent ID: 8cd3f6ba-86f2-4dbe-9cae-d1caaa22ba82
Agent 93c214a4-7e22-4e7d-b892-a4b1a06b33cb: 
[DEAD] 
Agent ID: 93c214a4-7e22-4e7d-b892-a4b1a06b33cb
Agent a766d61d-a5ff-4e7f-984a-77f872e04d01: 
[DEAD] 
Agent ID: a766d61d-a5ff-4e7f-984a-77f872e04d01
Agent af01135f-e890-42e2-b970-09c901cdf208: 
[DEAD] 
Agent ID: af01135f-e890-42e2-b970-09c901cdf208
Agent bab1d01b-f205-48c7-bba4-8170c7705910: 
[DEAD] 
Agent ID: bab1d01b-f205-48c7-bba4-8170c7705910
Agent d077a2f7-9380-4b4e-9c71-5293918606e8: 
[DEAD] 
Agent ID: d077a2f7-9380-4b4e-9c71-5293918606e8
Agent d486934c-9e90-463f-aa5b-4f86adbdbdca: 
Agent ID: d486934c-9e90-463f-aa5b-4f86adbdbdca
Agent dc8561ec-9d11-44a1-bae5-9d2d388af9d5: 
Agent ID: dc8561ec-9d11-44a1-bae5-9d2d388af9d5
Agent df343959-cea7-4738-b349-6838f0685764: 
[DEAD] 
Agent ID: df343959-cea7-4738-b349-6838f0685764
Agent ff93fef3-0aff-4061-8301-1a352127c8c3: 
[DEAD] 
Agent ID: ff93fef3-0aff-4061-8301-1a352127c8c3

Iteration 0, Turn 4:
Agent 17e3bcf6-9494-4f10-8748-f9920e4370fb: 
[DEAD] 
Agent ID: 17e3bcf6-9494-4f10-8748-f9920e4370fb
Agent 3d3b2f5c-27ce-4efc-8f34-602ba4b14a5b: 
[DEAD] 
Agent ID: 3d3b2f5c-27ce-4efc-8f34-602ba4b14a5b
Agent 4dcca564-b5f2-4211-a879-73cf0a0d5b14: 
[DEAD] 
Agent ID: 4dcca564-b5f2-4211-a879-73cf0a0d5b14
Agent 51e27436-0ba8-413f-a184-eadd7693964a: 
[DEAD] 
Agent ID: 51e27436-0ba8-413f-a184-eadd7693964a
Agent 58fd843a-fc8d-4989-a8ba-601ef33168e4: 
[DEAD] 
Agent ID: 58fd843a-fc8d-4989-a8ba-601ef33168e4
Agent 6e274358-ed84-43b9-be47-af368c0e0e72: 
[DEAD] 
Agent ID: 6e274358-ed84-43b9-be47-af368c0e0e72
Agent 7fb15cc3-a0ee-49f3-80be-fc7558b598f2: 
[DEAD] 
Agent ID: 7fb15cc3-a0ee-49f3-80be-fc7558b598f2
Agent 838b108b-9e5c-4384-8170-9a4a87a0b1af: 
[DEAD] 
Agent ID: 838b108b-9e5c-4384-8170-9a4a87a0b1af
Agent 871657e6-8b30-4f69-895c-3f0ff136f61a: 
[DEAD] 
Agent ID: 871657e6-8b30-4f69-895c-3f0ff136f61a
Agent 87b80479-246f-4209-86fa-960a97fe5e31: 
[DEAD] 
Agent ID: 87b80479-246f-4209-86fa-960a97fe5e31
Agent 8cd3f6ba-86f2-4dbe-9cae-d1caaa22ba82: 
Agent ID: 8cd3f6ba-86f2-4dbe-9cae-d1caaa22ba82
Agent 93c214a4-7e22-4e7d-b892-a4b1a06b33cb: 
[DEAD] 
Agent ID: 93c214a4-7e22-4e7d-b892-a4b1a06b33cb
Agent a766d61d-a5ff-4e7f-984a-77f872e04d01: 
[DEAD] 
Agent ID: a766d61d-a5ff-4e7f-984a-77f872e04d01
Agent af01135f-e890-42e2-b970-09c901cdf208: 
[DEAD] 
Agent ID: af01135f-e890-42e2-b970-09c901cdf208
Agent bab1d01b-f205-48c7-bba4-8170c7705910: 
[DEAD] 
Agent ID: bab1d01b-f205-48c7-bba4-8170c7705910
Agent d077a2f7-9380-4b4e-9c71-5293918606e8: 
[DEAD] 
Agent ID: d077a2f7-9380-4b4e-9c71-5293918606e8
Agent d486934c-9e90-463f-aa5b-4f86adbdbdca: 
Agent ID: d486934c-9e90-463f-aa5b-4f86adbdbdca
Agent dc8561ec-9d11-44a1-bae5-9d2d388af9d5: 
Agent ID: dc8561ec-9d11-44a1-bae5-9d2d388af9d5
Agent df343959-cea7-4738-b349-6838f0685764: 
[DEAD] 
Agent ID: df343959-cea7-4738-b349-6838f0685764
Agent ff93fef3-0aff-4061-8301-1a352127c8c3: 
[DEAD] 
Agent ID: ff93fef3-0aff-4061-8301-1a352127c8c3

Iteration 1, Turn 0:

Iteration 1, Turn 0:
Agent 17e3bcf6-9494-4f10-8748-f9920e4370fb: 
[DEAD] 
Agent ID: 17e3bcf6-9494-4f10-8748-f9920e4370fb
Agent 3d3b2f5c-27ce-4efc-8f34-602ba4b14a5b: 
[DEAD] 
Agent ID: 3d3b2f5c-27ce-4efc-8f34-602ba4b14a5b
Agent 4dcca564-b5f2-4211-a879-73cf0a0d5b14: 
[DEAD] 
Agent ID: 4dcca564-b5f2-4211-a879-73cf0a0d5b14
Agent 51e27436-0ba8-413f-a184-eadd7693964a: 
[DEAD] 
Agent ID: 51e27436-0ba8-413f-a184-eadd7693964a
Agent 58fd843a-fc8d-4989-a8ba-601ef33168e4: 
[DEAD] 
Agent ID: 58fd843a-fc8d-4989-a8ba-601ef33168e4
Agent 6e274358-ed84-43b9-be47-af368c0e0e72: 
[DEAD] 
Agent ID: 6e274358-ed84-43b9-be47-af368c0e0e72
Agent 7fb15cc3-a0ee-49f3-80be-fc7558b598f2: 
[DEAD] 
Agent ID: 7fb15cc3-a0ee-49f3-80be-fc7558b598f2
Agent 838b108b-9e5c-4384-8170-9a4a87a0b1af: 
[DEAD] 
Agent ID: 838b108b-9e5c-4384-8170-9a4a87a0b1af
Agent 871657e6-8b30-4f69-895c-3f0ff136f61a: 
[DEAD] 
Agent ID: 871657e6-8b30-4f69-895c-3f0ff136f61a
Agent 87b80479-246f-4209-86fa-960a97fe5e31: 
[DEAD] 
Agent ID: 87b80479-246f-4209-86fa-960a97fe5e31
Agent 8cd3f6ba-86f2-4dbe-9cae-d1caaa22ba82: 
[DEAD] 
Agent ID: 8cd3f6ba-86f2-4dbe-9cae-d1caaa22ba82
Agent 93c214a4-7e22-4e7d-b892-a4b1a06b33cb: 
[DEAD] 
Agent ID: 93c214a4-7e22-4e7d-b892-a4b1a06b33cb
Agent a766d61d-a5ff-4e7f-984a-77f872e04d01: 
[DEAD] 
Agent ID: a766d61d-a5ff-4e7f-984a-77f872e04d01
Agent af01135f-e890-42e2-b970-09c901cdf208: 
[DEAD] 
Agent ID: af01135f-e890-42e2-b970-09c901cdf208
Agent bab1d01b-f205-48c7-bba4-8170c7705910: 
[DEAD] 
Agent ID: bab1d01b-f205-48c7-bba4-8170c7705910
Agent d077a2f7-9380-4b4e-9c71-5293918606e8: 
[DEAD] 
Agent ID: d077a2f7-9380-4b4e-9c71-5293918606e8
Agent d486934c-9e90-463f-aa5b-4f86adbdbdca: 
[DEAD] 
Agent ID: d486934c-9e90-463f-aa5b-4f86adbdbdca
Agent dc8561ec-9d11-44a1-bae5-9d2d388af9d5: 
Agent ID: dc8561ec-9d11-44a1-bae5-9d2d388af9d5
Agent df343959-cea7-4738-b349-6838f0685764: 
[DEAD] 
Agent ID: df343959-cea7-4738-b349-6838f0685764
Agent ff93fef3-0aff-4061-8301-1a352127c8c3: 
[DEAD] 
Agent ID: ff93fef3-0aff-4061-8301-1a352127c8c3

Iteration 1, Turn 1:
Agent 17e3bcf6-9494-4f10-8748-f9920e4370fb: 
[DEAD] 
Agent ID: 17e3bcf6-9494-4f10-8748-f9920e4370fb
Agent 3d3b2f5c-27ce-4efc-8f34-602ba4b14a5b: 
[DEAD] 
Agent ID: 3d3b2f5c-27ce-4efc-8f34-602ba4b14a5b
Agent 4dcca564-b5f2-4211-a879-73cf0a0d5b14: 
[DEAD] 
Agent ID: 4dcca564-b5f2-4211-a879-73cf0a0d5b14
Agent 51e27436-0ba8-413f-a184-eadd7693964a: 
[DEAD] 
Agent ID: 51e27436-0ba8-413f-a184-eadd7693964a
Agent 58fd843a-fc8d-4989-a8ba-601ef33168e4: 
[DEAD] 
Agent ID: 58fd843a-fc8d-4989-a8ba-601ef33168e4
Agent 6e274358-ed84-43b9-be47-af368c0e0e72: 
[DEAD] 
Agent ID: 6e274358-ed84-43b9-be47-af368c0e0e72
Agent 7fb15cc3-a0ee-49f3-80be-fc7558b598f2: 
[DEAD] 
Agent ID: 7fb15cc3-a0ee-49f3-80be-fc7558b598f2
Agent 838b108b-9e5c-4384-8170-9a4a87a0b1af: 
[DEAD] 
Agent ID: 838b108b-9e5c-4384-8170-9a4a87a0b1af
Agent 871657e6-8b30-4f69-895c-3f0ff136f61a: 
[DEAD] 
Agent ID: 871657e6-8b30-4f69-895c-3f0ff136f61a
Agent 87b80479-246f-4209-86fa-960a97fe5e31: 
[DEAD] 
Agent ID: 87b80479-246f-4209-86fa-960a97fe5e31
Agent 8cd3f6ba-86f2-4dbe-9cae-d1caaa22ba82: 
[DEAD] 
Agent ID: 8cd3f6ba-86f2-4dbe-9cae-d1caaa22ba82
Agent 93c214a4-7e22-4e7d-b892-a4b1a06b33cb: 
[DEAD] 
Agent ID: 93c214a4-7e22-4e7d-b892-a4b1a06b33cb
Agent a766d61d-a5ff-4e7f-984a-77f872e04d01: 
[DEAD] 
Agent ID: a766d61d-a5ff-4e7f-984a-77f872e04d01
Agent af01135f-e890-42e2-b970-09c901cdf208: 
[DEAD] 
Agent ID: af01135f-e890-42e2-b970-09c901cdf208
Agent bab1d01b-f205-48c7-bba4-8170c7705910: 
[DEAD] 
Agent ID: bab1d01b-f205-48c7-bba4-8170c7705910
Agent d077a2f7-9380-4b4e-9c71-5293918606e8: 
[DEAD] 
Agent ID: d077a2f7-9380-4b4e-9c71-5293918606e8
Agent d486934c-9e90-463f-aa5b-4f86adbdbdca: 
[DEAD] 
Agent ID: d486934c-9e90-463f-aa5b-4f86adbdbdca
Agent dc8561ec-9d11-44a1-bae5-9d2d388af9d5: 
Agent ID: dc8561ec-9d11-44a1-bae5-9d2d388af9d5
Agent df343959-cea7-4738-b349-6838f0685764: 
[DEAD] 
Agent ID: df343959-cea7-4738-b349-6838f0685764
Agent ff93fef3-0aff-4061-8301-1a352127c8c3: 
[DEAD] 
Agent ID: ff93fef3-0aff-4061-8301-1a352127c8c3

Iteration 1, Turn 2:
Agent 17e3bcf6-9494-4f10-8748-f9920e4370fb: 
[DEAD] 
Agent ID: 17e3bcf6-9494-4f10-8748-f9920e4370fb
Agent 3d3b2f5c-27ce-4efc-8f34-602ba4b14a5b: 
[DEAD] 
Agent ID: 3d3b2f5c-27ce-4efc-8f34-602ba4b14a5b
Agent 4dcca564-b5f2-4211-a879-73cf0a0d5b14: 
[DEAD] 
Agent ID: 4dcca564-b5f2-4211-a879-73cf0a0d5b14
Agent 51e27436-0ba8-413f-a184-eadd7693964a: 
[DEAD] 
Agent ID: 51e27436-0ba8-413f-a184-eadd7693964a
Agent 58fd843a-fc8d-4989-a8ba-601ef33168e4: 
[DEAD] 
Agent ID: 58fd843a-fc8d-4989-a8ba-601ef33168e4
Agent 6e274358-ed84-43b9-be47-af368c0e0e72: 
[DEAD] 
Agent ID: 6e274358-ed84-43b9-be47-af368c0e0e72
Agent 7fb15cc3-a0ee-49f3-80be-fc7558b598f2: 
[DEAD] 
Agent ID: 7fb15cc3-a0ee-49f3-80be-fc7558b598f2
Agent 838b108b-9e5c-4384-8170-9a4a87a0b1af: 
[DEAD] 
Agent ID: 838b108b-9e5c-4384-8170-9a4a87a0b1af
Agent 871657e6-8b30-4f69-895c-3f0ff136f61a: 
[DEAD] 
Agent ID: 871657e6-8b30-4f69-895c-3f0ff136f61a
Agent 87b80479-246f-4209-86fa-960a97fe5e31: 
[DEAD] 
Agent ID: 87b80479-246f-4209-86fa-960a97fe5e31
Agent 8cd3f6ba-86f2-4dbe-9cae-d1caaa22ba82: 
[DEAD] 
Agent ID: 8cd3f6ba-86f2-4dbe-9cae-d1caaa22ba82
Agent 93c214a4-7e22-4e7d-b892-a4b1a06b33cb: 
[DEAD] 
Agent ID: 93c214a4-7e22-4e7d-b892-a4b1a06b33cb
Agent a766d61d-a5ff-4e7f-984a-77f872e04d01: 
[DEAD] 
Agent ID: a766d61d-a5ff-4e7f-984a-77f872e04d01
Agent af01135f-e890-42e2-b970-09c901cdf208: 
[DEAD] 
Agent ID: af01135f-e890-42e2-b970-09c901cdf208
Agent bab1d01b-f205-48c7-bba4-8170c7705910: 
[DEAD] 
Agent ID: bab1d01b-f205-48c7-bba4-8170c7705910
Agent d077a2f7-9380-4b4e-9c71-5293918606e8: 
[DEAD] 
Agent ID: d077a2f7-9380-4b4e-9c71-5293918606e8
Agent d486934c-9e90-463f-aa5b-4f86adbdbdca: 
[DEAD] 
Agent ID: d486934c-9e90-463f-aa5b-4f86adbdbdca
Agent dc8561ec-9d11-44a1-bae5-9d2d388af9d5: 
Agent ID: dc8561ec-9d11-44a1-bae5-9d2d388af9d5
Agent df343959-cea7-4738-b349-6838f0685764: 
[DEAD] 
Agent ID: df343959-cea7-4738-b349-6838f0685764
Agent ff93fef3-0aff-4061-8301-1a352127c8c3: 
[DEAD] 
Agent ID: ff93fef3-0aff-4061-8301-1a352127c8c3

Iteration 1, Turn 3:
Agent 17e3bcf6-9494-4f10-8748-f9920e4370fb: 
[DEAD] 
Agent ID: 17e3bcf6-9494-4f10-8748-f9920e4370fb
Agent 3d3b2f5c-27ce-4efc-8f34-602ba4b14a5b: 
[DEAD] 
Agent ID: 3d3b2f5c-27ce-4efc-8f34-602ba4b14a5b
Agent 4dcca564-b5f2-4211-a879-73cf0a0d5b14: 
[DEAD] 
Agent ID: 4dcca564-b5f2-4211-a879-73cf0a0d5b14
Agent 51e27436-0ba8-413f-a184-eadd7693964a: 
[DEAD] 
Agent ID: 51e27436-0ba8-413f-a184-eadd7693964a
Agent 58fd843a-fc8d-4989-a8ba-601ef33168e4: 
[DEAD] 
Agent ID: 58fd843a-fc8d-4989-a8ba-601ef33168e4
Agent 6e274358-ed84-43b9-be47-af368c0e0e72: 
[DEAD] 
Agent ID: 6e274358-ed84-43b9-be47-af368c0e0e72
Agent 7fb15cc3-a0ee-49f3-80be-fc7558b598f2: 
[DEAD] 
Agent ID: 7fb15cc3-a0ee-49f3-80be-fc7558b598f2
Agent 838b108b-9e5c-4384-8170-9a4a87a0b1af: 
[DEAD] 
Agent ID: 838b108b-9e5c-4384-8170-9a4a87a0b1af
Agent 871657e6-8b30-4f69-895c-3f0ff136f61a: 
[DEAD] 
Agent ID: 871657e6-8b30-4f69-895c-3f0ff136f61a
Agent 87b80479-246f-4209-86fa-960a97fe5e31: 
[DEAD] 
Agent ID: 87b80479-246f-4209-86fa-960a97fe5e31
Agent 8cd3f6ba-86f2-4dbe-9cae-d1caaa22ba82: 
[DEAD] 
Agent ID: 8cd3f6ba-86f2-4dbe-9cae-d1caaa22ba82
Agent 93c214a4-7e22-4e7d-b892-a4b1a06b33cb: 
[DEAD] 
Agent ID: 93c214a4-7e22-4e7d-b892-a4b1a06b33cb
Agent a766d61d-a5ff-4e7f-984a-77f872e04d01: 
[DEAD] 
Agent ID: a766d61d-a5ff-4e7f-984a-77f872e04d01
Agent af01135f-e890-42e2-b970-09c901cdf208: 
[DEAD] 
Agent ID: af01135f-e890-42e2-b970-09c901cdf208
Agent bab1d01b-f205-48c7-bba4-8170c7705910: 
[DEAD] 
Agent ID: bab1d01b-f205-48c7-bba4-8170c7705910
Agent d077a2f7-9380-4b4e-9c71-5293918606e8: 
[DEAD] 
Agent ID: d077a2f7-9380-4b4e-9c71-5293918606e8
Agent d486934c-9e90-463f-aa5b-4f86adbdbdca: 
[DEAD] 
Agent ID: d486934c-9e90-463f-aa5b-4f86adbdbdca
Agent dc8561ec-9d11-44a1-bae5-9d2d388af9d5: 
Agent ID: dc8561ec-9d11-44a1-bae5-9d2d388af9d5
Agent df343959-cea7-4738-b349-6838f0685764: 
[DEAD] 
Agent ID: df343959-cea7-4738-b349-6838f0685764
Agent ff93fef3-0aff-4061-8301-1a352127c8c3: 
[DEAD] 
Agent ID: ff93fef3-0aff-4061-8301-1a352127c8c3

Iteration 1, Turn 4:
Agent 17e3bcf6-9494-4f10-8748-f9920e4370fb: 
[DEAD] 
Agent ID: 17e3bcf6-9494-4f10-8748-f9920e4370fb
Agent 3d3b2f5c-27ce-4efc-8f34-602ba4b14a5b: 
[DEAD] 
Agent ID: 3d3b2f5c-27ce-4efc-8f34-602ba4b14a5b
Agent 4dcca564-b5f2-4211-a879-73cf0a0d5b14: 
[DEAD] 
Agent ID: 4dcca564-b5f2-4211-a879-73cf0a0d5b14
Agent 51e27436-0ba8-413f-a184-eadd7693964a: 
[DEAD] 
Agent ID: 51e27436-0ba8-413f-a184-eadd7693964a
Agent 58fd843a-fc8d-4989-a8ba-601ef33168e4: 
[DEAD] 
Agent ID: 58fd843a-fc8d-4989-a8ba-601ef33168e4
Agent 6e274358-ed84-43b9-be47-af368c0e0e72: 
[DEAD] 
Agent ID: 6e274358-ed84-43b9-be47-af368c0e0e72
Agent 7fb15cc3-a0ee-49f3-80be-fc7558b598f2: 
[DEAD] 
Agent ID: 7fb15cc3-a0ee-49f3-80be-fc7558b598f2
Agent 838b108b-9e5c-4384-8170-9a4a87a0b1af: 
[DEAD] 
Agent ID: 838b108b-9e5c-4384-8170-9a4a87a0b1af
Agent 871657e6-8b30-4f69-895c-3f0ff136f61a: 
[DEAD] 
Agent ID: 871657e6-8b30-4f69-895c-3f0ff136f61a
Agent 87b80479-246f-4209-86fa-960a97fe5e31: 
[DEAD] 
Agent ID: 87b80479-246f-4209-86fa-960a97fe5e31
Agent 8cd3f6ba-86f2-4dbe-9cae-d1caaa22ba82: 
[DEAD] 
Agent ID: 8cd3f6ba-86f2-4dbe-9cae-d1caaa22ba82
Agent 93c214a4-7e22-4e7d-b892-a4b1a06b33cb: 
[DEAD] 
Agent ID: 93c214a4-7e22-4e7d-b892-a4b1a06b33cb
Agent a766d61d-a5ff-4e7f-984a-77f872e04d01: 
[DEAD] 
Agent ID: a766d61d-a5ff-4e7f-984a-77f872e04d01
Agent af01135f-e890-42e2-b970-09c901cdf208: 
[DEAD] 
Agent ID: af01135f-e890-42e2-b970-09c901cdf208
Agent bab1d01b-f205-48c7-bba4-8170c7705910: 
[DEAD] 
Agent ID: bab1d01b-f205-48c7-bba4-8170c7705910
Agent d077a2f7-9380-4b4e-9c71-5293918606e8: 
[DEAD] 
Agent ID: d077a2f7-9380-4b4e-9c71-5293918606e8
Agent d486934c-9e90-463f-aa5b-4f86adbdbdca: 
[DEAD] 
Agent ID: d486934c-9e90-463f-aa5b-4f86adbdbdca
Agent dc8561ec-9d11-44a1-bae5-9d2d388af9d5: 
Agent ID: dc8561ec-9d11-44a1-bae5-9d2d388af9d5
Agent df343959-cea7-4738-b349-6838f0685764: 
[DEAD] 
Agent ID: df343959-cea7-4738-b349-6838f0685764
Agent ff93fef3-0aff-4061-8301-1a352127c8c3: 
[DEAD] 
Agent ID: ff93fef3-0aff-4061-8301-1a352127c8c3

Iteration 2, Turn 0:

Iteration 2, Turn 0:
Agent 17e3bcf6-9494-4f10-8748-f9920e4370fb: 
[DEAD] 
Agent ID: 17e3bcf6-9494-4f10-8748-f9920e4370fb
Agent 3d3b2f5c-27ce-4efc-8f34-602ba4b14a5b: 
[DEAD] 
Agent ID: 3d3b2f5c-27ce-4efc-8f34-602ba4b14a5b
Agent 4dcca564-b5f2-4211-a879-73cf0a0d5b14: 
[DEAD] 
Agent ID: 4dcca564-b5f2-4211-a879-73cf0a0d5b14
Agent 51e27436-0ba8-413f-a184-eadd7693964a: 
[DEAD] 
Agent ID: 51e27436-0ba8-413f-a184-eadd7693964a
Agent 58fd843a-fc8d-4989-a8ba-601ef33168e4: 
[DEAD] 
Agent ID: 58fd843a-fc8d-4989-a8ba-601ef33168e4
Agent 6e274358-ed84-43b9-be47-af368c0e0e72: 
[DEAD] 
Agent ID: 6e274358-ed84-43b9-be47-af368c0e0e72
Agent 7fb15cc3-a0ee-49f3-80be-fc7558b598f2: 
[DEAD] 
Agent ID: 7fb15cc3-a0ee-49f3-80be-fc7558b598f2
Agent 838b108b-9e5c-4384-8170-9a4a87a0b1af: 
[DEAD] 
Agent ID: 838b108b-9e5c-4384-8170-9a4a87a0b1af
Agent 871657e6-8b30-4f69-895c-3f0ff136f61a: 
[DEAD] 
Agent ID: 871657e6-8b30-4f69-895c-3f0ff136f61a
Agent 87b80479-246f-4209-86fa-960a97fe5e31: 
[DEAD] 
Agent ID: 87b80479-246f-4209-86fa-960a97fe5e31
Agent 8cd3f6ba-86f2-4dbe-9cae-d1caaa22ba82: 
[DEAD] 
Agent ID: 8cd3f6ba-86f2-4dbe-9cae-d1caaa22ba82
Agent 93c214a4-7e22-4e7d-b892-a4b1a06b33cb: 
[DEAD] 
Agent ID: 93c214a4-7e22-4e7d-b892-a4b1a06b33cb
Agent a766d61d-a5ff-4e7f-984a-77f872e04d01: 
[DEAD] 
Agent ID: a766d61d-a5ff-4e7f-984a-77f872e04d01
Agent af01135f-e890-42e2-b970-09c901cdf208: 
[DEAD] 
Agent ID: af01135f-e890-42e2-b970-09c901cdf208
Agent bab1d01b-f205-48c7-bba4-8170c7705910: 
[DEAD] 
Agent ID: bab1d01b-f205-48c7-bba4-8170c7705910
Agent d077a2f7-9380-4b4e-9c71-5293918606e8: 
[DEAD] 
Agent ID: d077a2f7-9380-4b4e-9c71-5293918606e8
Agent d486934c-9e90-463f-aa5b-4f86adbdbdca: 
[DEAD] 
Agent ID: d486934c-9e90-463f-aa5b-4f86adbdbdca
Agent dc8561ec-9d11-44a1-bae5-9d2d388af9d5: 
Agent ID: dc8561ec-9d11-44a1-bae5-9d2d388af9d5
Agent df343959-cea7-4738-b349-6838f0685764: 
[DEAD] 
Agent ID: df343959-cea7-4738-b349-6838f0685764
Agent ff93fef3-0aff-4061-8301-1a352127c8c3: 
[DEAD] 
Agent ID: ff93fef3-0aff-4061-8301-1a352127c8c3

Iteration 2, Turn 1:
Agent 17e3bcf6-9494-4f10-8748-f9920e4370fb: 
[DEAD] 
Agent ID: 17e3bcf6-9494-4f10-8748-f9920e4370fb
Agent 3d3b2f5c-27ce-4efc-8f34-602ba4b14a5b: 
[DEAD] 
Agent ID: 3d3b2f5c-27ce-4efc-8f34-602ba4b14a5b
Agent 4dcca564-b5f2-4211-a879-73cf0a0d5b14: 
[DEAD] 
Agent ID: 4dcca564-b5f2-4211-a879-73cf0a0d5b14
Agent 51e27436-0ba8-413f-a184-eadd7693964a: 
[DEAD] 
Agent ID: 51e27436-0ba8-413f-a184-eadd7693964a
Agent 58fd843a-fc8d-4989-a8ba-601ef33168e4: 
[DEAD] 
Agent ID: 58fd843a-fc8d-4989-a8ba-601ef33168e4
Agent 6e274358-ed84-43b9-be47-af368c0e0e72: 
[DEAD] 
Agent ID: 6e274358-ed84-43b9-be47-af368c0e0e72
Agent 7fb15cc3-a0ee-49f3-80be-fc7558b598f2: 
[DEAD] 
Agent ID: 7fb15cc3-a0ee-49f3-80be-fc7558b598f2
Agent 838b108b-9e5c-4384-8170-9a4a87a0b1af: 
[DEAD] 
Agent ID: 838b108b-9e5c-4384-8170-9a4a87a0b1af
Agent 871657e6-8b30-4f69-895c-3f0ff136f61a: 
[DEAD] 
Agent ID: 871657e6-8b30-4f69-895c-3f0ff136f61a
Agent 87b80479-246f-4209-86fa-960a97fe5e31: 
[DEAD] 
Agent ID: 87b80479-246f-4209-86fa-960a97fe5e31
Agent 8cd3f6ba-86f2-4dbe-9cae-d1caaa22ba82: 
[DEAD] 
Agent ID: 8cd3f6ba-86f2-4dbe-9cae-d1caaa22ba82
Agent 93c214a4-7e22-4e7d-b892-a4b1a06b33cb: 
[DEAD] 
Agent ID: 93c214a4-7e22-4e7d-b892-a4b1a06b33cb
Agent a766d61d-a5ff-4e7f-984a-77f872e04d01: 
[DEAD] 
Agent ID: a766d61d-a5ff-4e7f-984a-77f872e04d01
Agent af01135f-e890-42e2-b970-09c901cdf208: 
[DEAD] 
Agent ID: af01135f-e890-42e2-b970-09c901cdf208
Agent bab1d01b-f205-48c7-bba4-8170c7705910: 
[DEAD] 
Agent ID: bab1d01b-f205-48c7-bba4-8170c7705910
Agent d077a2f7-9380-4b4e-9c71-5293918606e8: 
[DEAD] 
Agent ID: d077a2f7-9380-4b4e-9c71-5293918606e8
Agent d486934c-9e90-463f-aa5b-4f86adbdbdca: 
[DEAD] 
Agent ID: d486934c-9e90-463f-aa5b-4f86adbdbdca
Agent dc8561ec-9d11-44a1-bae5-9d2d388af9d5: 
[DEAD] 
Agent ID: dc8561ec-9d11-44a1-bae5-9d2d388af9d5
Agent df343959-cea7-4738-b349-6838f0685764: 
[DEAD] 
Agent ID: df343959-cea7-4738-b349-6838f0685764
Agent ff93fef3-0aff-4061-8301-1a352127c8c3: 
[DEAD] 
Agent ID: ff93fef3-0aff-4061-8301-1a352127c8c3

Iteration 2, Turn 2:
Agent 17e3bcf6-9494-4f10-8748-f9920e4370fb: 
[DEAD] 
Agent ID: 17e3bcf6-9494-4f10-8748-f9920e4370fb
Agent 3d3b2f5c-27ce-4efc-8f34-602ba4b14a5b: 
[DEAD] 
Agent ID: 3d3b2f5c-27ce-4efc-8f34-602ba4b14a5b
Agent 4dcca564-b5f2-4211-a879-73cf0a0d5b14: 
[DEAD] 
Agent ID: 4dcca564-b5f2-4211-a879-73cf0a0d5b14
Agent 51e27436-0ba8-413f-a184-eadd7693964a: 
[DEAD] 
Agent ID: 51e27436-0ba8-413f-a184-eadd7693964a
Agent 58fd843a-fc8d-4989-a8ba-601ef33168e4: 
[DEAD] 
Agent ID: 58fd843a-fc8d-4989-a8ba-601ef33168e4
Agent 6e274358-ed84-43b9-be47-af368c0e0e72: 
[DEAD] 
Agent ID: 6e274358-ed84-43b9-be47-af368c0e0e72
Agent 7fb15cc3-a0ee-49f3-80be-fc7558b598f2: 
[DEAD] 
Agent ID: 7fb15cc3-a0ee-49f3-80be-fc7558b598f2
Agent 838b108b-9e5c-4384-8170-9a4a87a0b1af: 
[DEAD] 
Agent ID: 838b108b-9e5c-4384-8170-9a4a87a0b1af
Agent 871657e6-8b30-4f69-895c-3f0ff136f61a: 
[DEAD] 
Agent ID: 871657e6-8b30-4f69-895c-3f0ff136f61a
Agent 87b80479-246f-4209-86fa-960a97fe5e31: 
[DEAD] 
Agent ID: 87b80479-246f-4209-86fa-960a97fe5e31
Agent 8cd3f6ba-86f2-4dbe-9cae-d1caaa22ba82: 
[DEAD] 
Agent ID: 8cd3f6ba-86f2-4dbe-9cae-d1caaa22ba82
Agent 93c214a4-7e22-4e7d-b892-a4b1a06b33cb: 
[DEAD] 
Agent ID: 93c214a4-7e22-4e7d-b892-a4b1a06b33cb
Agent a766d61d-a5ff-4e7f-984a-77f872e04d01: 
[DEAD] 
Agent ID: a766d61d-a5ff-4e7f-984a-77f872e04d01
Agent af01135f-e890-42e2-b970-09c901cdf208: 
[DEAD] 
Agent ID: af01135f-e890-42e2-b970-09c901cdf208
Agent bab1d01b-f205-48c7-bba4-8170c7705910: 
[DEAD] 
Agent ID: bab1d01b-f205-48c7-bba4-8170c7705910
Agent d077a2f7-9380-4b4e-9c71-5293918606e8: 
[DEAD] 
Agent ID: d077a2f7-9380-4b4e-9c71-5293918606e8
Agent d486934c-9e90-463f-aa5b-4f86adbdbdca: 
[DEAD] 
Agent ID: d486934c-9e90-463f-aa5b-4f86adbdbdca
Agent dc8561ec-9d11-44a1-bae5-9d2d388af9d5: 
[DEAD] 
Agent ID: dc8561ec-9d11-44a1-bae5-9d2d388af9d5
Agent df343959-cea7-4738-b349-6838f0685764: 
[DEAD] 
Agent ID: df343959-cea7-4738-b349-6838f0685764
Agent ff93fef3-0aff-4061-8301-1a352127c8c3: 
[DEAD] 
Agent ID: ff93fef3-0aff-4061-8301-1a352127c8c3

Iteration 2, Turn 3:
Agent 17e3bcf6-9494-4f10-8748-f9920e4370fb: 
[DEAD] 
Agent ID: 17e3bcf6-9494-4f10-8748-f9920e4370fb
Agent 3d3b2f5c-27ce-4efc-8f34-602ba4b14a5b: 
[DEAD] 
Agent ID: 3d3b2f5c-27ce-4efc-8f34-602ba4b14a5b
Agent 4dcca564-b5f2-4211-a879-73cf0a0d5b14: 
[DEAD] 
Agent ID: 4dcca564-b5f2-4211-a879-73cf0a0d5b14
Agent 51e27436-0ba8-413f-a184-eadd7693964a: 
[DEAD] 
Agent ID: 51e27436-0ba8-413f-a184-eadd7693964a
Agent 58fd843a-fc8d-4989-a8ba-601ef33168e4: 
[DEAD] 
Agent ID: 58fd843a-fc8d-4989-a8ba-601ef33168e4
Agent 6e274358-ed84-43b9-be47-af368c0e0e72: 
[DEAD] 
Agent ID: 6e274358-ed84-43b9-be47-af368c0e0e72
Agent 7fb15cc3-a0ee-49f3-80be-fc7558b598f2: 
[DEAD] 
Agent ID: 7fb15cc3-a0ee-49f3-80be-fc7558b598f2
Agent 838b108b-9e5c-4384-8170-9a4a87a0b1af: 
[DEAD] 
Agent ID: 838b108b-9e5c-4384-8170-9a4a87a0b1af
Agent 871657e6-8b30-4f69-895c-3f0ff136f61a: 
[DEAD] 
Agent ID: 871657e6-8b30-4f69-895c-3f0ff136f61a
Agent 87b80479-246f-4209-86fa-960a97fe5e31: 
[DEAD] 
Agent ID: 87b80479-246f-4209-86fa-960a97fe5e31
Agent 8cd3f6ba-86f2-4dbe-9cae-d1caaa22ba82: 
[DEAD] 
Agent ID: 8cd3f6ba-86f2-4dbe-9cae-d1caaa22ba82
Agent 93c214a4-7e22-4e7d-b892-a4b1a06b33cb: 
[DEAD] 
Agent ID: 93c214a4-7e22-4e7d-b892-a4b1a06b33cb
Agent a766d61d-a5ff-4e7f-984a-77f872e04d01: 
[DEAD] 
Agent ID: a766d61d-a5ff-4e7f-984a-77f872e04d01
Agent af01135f-e890-42e2-b970-09c901cdf208: 
[DEAD] 
Agent ID: af01135f-e890-42e2-b970-09c901cdf208
Agent bab1d01b-f205-48c7-bba4-8170c7705910: 
[DEAD] 
Agent ID: bab1d01b-f205-48c7-bba4-8170c7705910
Agent d077a2f7-9380-4b4e-9c71-5293918606e8: 
[DEAD] 
Agent ID: d077a2f7-9380-4b4e-9c71-5293918606e8
Agent d486934c-9e90-463f-aa5b-4f86adbdbdca: 
[DEAD] 
Agent ID: d486934c-9e90-463f-aa5b-4f86adbdbdca
Agent dc8561ec-9d11-44a1-bae5-9d2d388af9d5: 
[DEAD] 
Agent ID: dc8561ec-9d11-44a1-bae5-9d2d388af9d5
Agent df343959-cea7-4738-b349-6838f0685764: 
[DEAD] 
Agent ID: df343959-cea7-4738-b349-6838f0685764
Agent ff93fef3-0aff-4061-8301-1a352127c8c3: 
[DEAD] 
Agent ID: ff93fef3-0aff-4061-8301-1a352127c8c3

Iteration 2, Turn 4:
Agent 17e3bcf6-9494-4f10-8748-f9920e4370fb: 
[DEAD] 
Agent ID: 17e3bcf6-9494-4f10-8748-f9920e4370fb
Agent 3d3b2f5c-27ce-4efc-8f34-602ba4b14a5b: 
[DEAD] 
Agent ID: 3d3b2f5c-27ce-4efc-8f34-602ba4b14a5b
Agent 4dcca564-b5f2-4211-a879-73cf0a0d5b14: 
[DEAD] 
Agent ID: 4dcca564-b5f2-4211-a879-73cf0a0d5b14
Agent 51e27436-0ba8-413f-a184-eadd7693964a: 
[DEAD] 
Agent ID: 51e27436-0ba8-413f-a184-eadd7693964a
Agent 58fd843a-fc8d-4989-a8ba-601ef33168e4: 
[DEAD] 
Agent ID: 58fd843a-fc8d-4989-a8ba-601ef33168e4
Agent 6e274358-ed84-43b9-be47-af368c0e0e72: 
[DEAD] 
Agent ID: 6e274358-ed84-43b9-be47-af368c0e0e72
Agent 7fb15cc3-a0ee-49f3-80be-fc7558b598f2: 
[DEAD] 
Agent ID: 7fb15cc3-a0ee-49f3-80be-fc7558b598f2
Agent 838b108b-9e5c-4384-8170-9a4a87a0b1af: 
[DEAD] 
Agent ID: 838b108b-9e5c-4384-8170-9a4a87a0b1af
Agent 871657e6-8b30-4f69-895c-3f0ff136f61a: 
[DEAD] 
Agent ID: 871657e6-8b30-4f69-895c-3f0ff136f61a
Agent 87b80479-246f-4209-86fa-960a97fe5e31: 
[DEAD] 
Agent ID: 87b80479-246f-4209-86fa-960a97fe5e31
Agent 8cd3f6ba-86f2-4dbe-9cae-d1caaa22ba82: 
[DEAD] 
Agent ID: 8cd3f6ba-86f2-4dbe-9cae-d1caaa22ba82
Agent 93c214a4-7e22-4e7d-b892-a4b1a06b33cb: 
[DEAD] 
Agent ID: 93c214a4-7e22-4e7d-b892-a4b1a06b33cb
Agent a766d61d-a5ff-4e7f-984a-77f872e04d01: 
[DEAD] 
Agent ID: a766d61d-a5ff-4e7f-984a-77f872e04d01
Agent af01135f-e890-42e2-b970-09c901cdf208: 
[DEAD] 
Agent ID: af01135f-e890-42e2-b970-09c901cdf208
Agent bab1d01b-f205-48c7-bba4-8170c7705910: 
[DEAD] 
Agent ID: bab1d01b-f205-48c7-bba4-8170c7705910
Agent d077a2f7-9380-4b4e-9c71-5293918606e8: 
[DEAD] 
Agent ID: d077a2f7-9380-4b4e-9c71-5293918606e8
Agent d486934c-9e90-463f-aa5b-4f86adbdbdca: 
[DEAD] 
Agent ID: d486934c-9e90-463f-aa5b-4f86adbdbdca
Agent dc8561ec-9d11-44a1-bae5-9d2d388af9d5: 
[DEAD] 
Agent ID: dc8561ec-9d11-44a1-bae5-9d2d388af9d5
Agent df343959-cea7-4738-b349-6838f0685764: 
[DEAD] 
Agent ID: df343959-cea7-4738-b349-6838f0685764
Agent ff93fef3-0aff-4061-8301-1a352127c8c3: 
[DEAD] 
Agent ID: ff93fef3-0aff-4061-8301-1a352127c8c3
