main function started.
--------Start of iteration 0---------


Iteration 0, Turn 0, current agent count: 5


Iteration 0, Turn 1, current agent count: 5


Iteration 0, Turn 2, current agent count: 5


Iteration 0, Turn 3, current agent count: 5


Iteration 0, Turn 4, current agent count: 5
--------End of iteration 0---------
--------Start of iteration 1---------


Iteration 1, Turn 0, current agent count: 5


Iteration 1, Turn 1, current agent count: 5


Iteration 1, Turn 2, current agent count: 5


Iteration 1, Turn 3, current agent count: 5


Iteration 1, Turn 4, current agent count: 5
--------End of iteration 1---------
--------Start of iteration 2---------


Iteration 2, Turn 0, current agent count: 5


Iteration 2, Turn 1, current agent count: 5


Iteration 2, Turn 2, current agent count: 5


Iteration 2, Turn 3, current agent count: 5


Iteration 2, Turn 4, current agent count: 5
--------End of iteration 2---------


GamePlaybackSummary - playing 18 turn records

Iteration 0, Turn 0:

Iteration 0, Turn 1:
Agent 1455e906-72e1-4dc4-8e9b-1fbb35cb073d: 
[DEAD] 
Agent ID: 1455e906-72e1-4dc4-8e9b-1fbb35cb073d
Agent 43e4fa22-240d-41ce-b622-9a75e8d9ccfd: 
Agent ID: 43e4fa22-240d-41ce-b622-9a75e8d9ccfd
Agent ba5d648e-dd31-4609-85c5-3eb2f330692e: 
Agent ID: ba5d648e-dd31-4609-85c5-3eb2f330692e
Agent ba7719fa-d3c2-47e6-a39d-374a7bc4b9a2: 
Agent ID: ba7719fa-d3c2-47e6-a39d-374a7bc4b9a2
Agent e9643580-47b4-458f-9143-68bea1283bd7: 
Agent ID: e9643580-47b4-458f-9143-68bea1283bd7

Iteration 0, Turn 2:
Agent 1455e906-72e1-4dc4-8e9b-1fbb35cb073d: 
[DEAD] 
Agent ID: 1455e906-72e1-4dc4-8e9b-1fbb35cb073d
Agent 43e4fa22-240d-41ce-b622-9a75e8d9ccfd: 
Agent ID: 43e4fa22-240d-41ce-b622-9a75e8d9ccfd
Agent ba5d648e-dd31-4609-85c5-3eb2f330692e: 
Agent ID: ba5d648e-dd31-4609-85c5-3eb2f330692e
Agent ba7719fa-d3c2-47e6-a39d-374a7bc4b9a2: 
[DEAD] 
Agent ID: ba7719fa-d3c2-47e6-a39d-374a7bc4b9a2
Agent e9643580-47b4-458f-9143-68bea1283bd7: 
Agent ID: e9643580-47b4-458f-9143-68bea1283bd7

Iteration 0, Turn 3:
Agent 1455e906-72e1-4dc4-8e9b-1fbb35cb073d: 
[DEAD] 
Agent ID: 1455e906-72e1-4dc4-8e9b-1fbb35cb073d
Agent 43e4fa22-240d-41ce-b622-9a75e8d9ccfd: 
Agent ID: 43e4fa22-240d-41ce-b622-9a75e8d9ccfd
Agent ba5d648e-dd31-4609-85c5-3eb2f330692e: 
[DEAD] 
Agent ID: ba5d648e-dd31-4609-85c5-3eb2f330692e
Agent ba7719fa-d3c2-47e6-a39d-374a7bc4b9a2: 
[DEAD] 
Agent ID: ba7719fa-d3c2-47e6-a39d-374a7bc4b9a2
Agent e9643580-47b4-458f-9143-68bea1283bd7: 
Agent ID: e9643580-47b4-458f-9143-68bea1283bd7

Iteration 0, Turn 4:
Agent 1455e906-72e1-4dc4-8e9b-1fbb35cb073d: 
[DEAD] 
Agent ID: 1455e906-72e1-4dc4-8e9b-1fbb35cb073d
Agent 43e4fa22-240d-41ce-b622-9a75e8d9ccfd: 
Agent ID: 43e4fa22-240d-41ce-b622-9a75e8d9ccfd
Agent ba5d648e-dd31-4609-85c5-3eb2f330692e: 
[DEAD] 
Agent ID: ba5d648e-dd31-4609-85c5-3eb2f330692e
Agent ba7719fa-d3c2-47e6-a39d-374a7bc4b9a2: 
[DEAD] 
Agent ID: ba7719fa-d3c2-47e6-a39d-374a7bc4b9a2
Agent e9643580-47b4-458f-9143-68bea1283bd7: 
Agent ID: e9643580-47b4-458f-9143-68bea1283bd7

Iteration 0, Turn 5:
Agent 1455e906-72e1-4dc4-8e9b-1fbb35cb073d: 
[DEAD] 
Agent ID: 1455e906-72e1-4dc4-8e9b-1fbb35cb073d
Agent 43e4fa22-240d-41ce-b622-9a75e8d9ccfd: 
[DEAD] 
Agent ID: 43e4fa22-240d-41ce-b622-9a75e8d9ccfd
Agent ba5d648e-dd31-4609-85c5-3eb2f330692e: 
[DEAD] 
Agent ID: ba5d648e-dd31-4609-85c5-3eb2f330692e
Agent ba7719fa-d3c2-47e6-a39d-374a7bc4b9a2: 
[DEAD] 
Agent ID: ba7719fa-d3c2-47e6-a39d-374a7bc4b9a2
Agent e9643580-47b4-458f-9143-68bea1283bd7: 
Agent ID: e9643580-47b4-458f-9143-68bea1283bd7

Iteration 1, Turn 0:

Iteration 1, Turn 1:
Agent 1455e906-72e1-4dc4-8e9b-1fbb35cb073d: 
[DEAD] 
Agent ID: 1455e906-72e1-4dc4-8e9b-1fbb35cb073d
Agent 43e4fa22-240d-41ce-b622-9a75e8d9ccfd: 
[DEAD] 
Agent ID: 43e4fa22-240d-41ce-b622-9a75e8d9ccfd
Agent ba5d648e-dd31-4609-85c5-3eb2f330692e: 
[DEAD] 
Agent ID: ba5d648e-dd31-4609-85c5-3eb2f330692e
Agent ba7719fa-d3c2-47e6-a39d-374a7bc4b9a2: 
[DEAD] 
Agent ID: ba7719fa-d3c2-47e6-a39d-374a7bc4b9a2
Agent e9643580-47b4-458f-9143-68bea1283bd7: 
Agent ID: e9643580-47b4-458f-9143-68bea1283bd7

Iteration 1, Turn 2:
Agent 1455e906-72e1-4dc4-8e9b-1fbb35cb073d: 
[DEAD] 
Agent ID: 1455e906-72e1-4dc4-8e9b-1fbb35cb073d
Agent 43e4fa22-240d-41ce-b622-9a75e8d9ccfd: 
[DEAD] 
Agent ID: 43e4fa22-240d-41ce-b622-9a75e8d9ccfd
Agent ba5d648e-dd31-4609-85c5-3eb2f330692e: 
[DEAD] 
Agent ID: ba5d648e-dd31-4609-85c5-3eb2f330692e
Agent ba7719fa-d3c2-47e6-a39d-374a7bc4b9a2: 
[DEAD] 
Agent ID: ba7719fa-d3c2-47e6-a39d-374a7bc4b9a2
Agent e9643580-47b4-458f-9143-68bea1283bd7: 
Agent ID: e9643580-47b4-458f-9143-68bea1283bd7

Iteration 1, Turn 3:
Agent 1455e906-72e1-4dc4-8e9b-1fbb35cb073d: 
[DEAD] 
Agent ID: 1455e906-72e1-4dc4-8e9b-1fbb35cb073d
Agent 43e4fa22-240d-41ce-b622-9a75e8d9ccfd: 
[DEAD] 
Agent ID: 43e4fa22-240d-41ce-b622-9a75e8d9ccfd
Agent ba5d648e-dd31-4609-85c5-3eb2f330692e: 
[DEAD] 
Agent ID: ba5d648e-dd31-4609-85c5-3eb2f330692e
Agent ba7719fa-d3c2-47e6-a39d-374a7bc4b9a2: 
[DEAD] 
Agent ID: ba7719fa-d3c2-47e6-a39d-374a7bc4b9a2
Agent e9643580-47b4-458f-9143-68bea1283bd7: 
Agent ID: e9643580-47b4-458f-9143-68bea1283bd7

Iteration 1, Turn 4:
Agent 1455e906-72e1-4dc4-8e9b-1fbb35cb073d: 
[DEAD] 
Agent ID: 1455e906-72e1-4dc4-8e9b-1fbb35cb073d
Agent 43e4fa22-240d-41ce-b622-9a75e8d9ccfd: 
[DEAD] 
Agent ID: 43e4fa22-240d-41ce-b622-9a75e8d9ccfd
Agent ba5d648e-dd31-4609-85c5-3eb2f330692e: 
[DEAD] 
Agent ID: ba5d648e-dd31-4609-85c5-3eb2f330692e
Agent ba7719fa-d3c2-47e6-a39d-374a7bc4b9a2: 
[DEAD] 
Agent ID: ba7719fa-d3c2-47e6-a39d-374a7bc4b9a2
Agent e9643580-47b4-458f-9143-68bea1283bd7: 
Agent ID: e9643580-47b4-458f-9143-68bea1283bd7

Iteration 1, Turn 5:
Agent 1455e906-72e1-4dc4-8e9b-1fbb35cb073d: 
[DEAD] 
Agent ID: 1455e906-72e1-4dc4-8e9b-1fbb35cb073d
Agent 43e4fa22-240d-41ce-b622-9a75e8d9ccfd: 
[DEAD] 
Agent ID: 43e4fa22-240d-41ce-b622-9a75e8d9ccfd
Agent ba5d648e-dd31-4609-85c5-3eb2f330692e: 
[DEAD] 
Agent ID: ba5d648e-dd31-4609-85c5-3eb2f330692e
Agent ba7719fa-d3c2-47e6-a39d-374a7bc4b9a2: 
[DEAD] 
Agent ID: ba7719fa-d3c2-47e6-a39d-374a7bc4b9a2
Agent e9643580-47b4-458f-9143-68bea1283bd7: 
[DEAD] 
Agent ID: e9643580-47b4-458f-9143-68bea1283bd7

Iteration 2, Turn 0:

Iteration 2, Turn 1:
Agent 1455e906-72e1-4dc4-8e9b-1fbb35cb073d: 
[DEAD] 
Agent ID: 1455e906-72e1-4dc4-8e9b-1fbb35cb073d
Agent 43e4fa22-240d-41ce-b622-9a75e8d9ccfd: 
[DEAD] 
Agent ID: 43e4fa22-240d-41ce-b622-9a75e8d9ccfd
Agent ba5d648e-dd31-4609-85c5-3eb2f330692e: 
[DEAD] 
Agent ID: ba5d648e-dd31-4609-85c5-3eb2f330692e
Agent ba7719fa-d3c2-47e6-a39d-374a7bc4b9a2: 
[DEAD] 
Agent ID: ba7719fa-d3c2-47e6-a39d-374a7bc4b9a2
Agent e9643580-47b4-458f-9143-68bea1283bd7: 
[DEAD] 
Agent ID: e9643580-47b4-458f-9143-68bea1283bd7

Iteration 2, Turn 2:
Agent 1455e906-72e1-4dc4-8e9b-1fbb35cb073d: 
[DEAD] 
Agent ID: 1455e906-72e1-4dc4-8e9b-1fbb35cb073d
Agent 43e4fa22-240d-41ce-b622-9a75e8d9ccfd: 
[DEAD] 
Agent ID: 43e4fa22-240d-41ce-b622-9a75e8d9ccfd
Agent ba5d648e-dd31-4609-85c5-3eb2f330692e: 
[DEAD] 
Agent ID: ba5d648e-dd31-4609-85c5-3eb2f330692e
Agent ba7719fa-d3c2-47e6-a39d-374a7bc4b9a2: 
[DEAD] 
Agent ID: ba7719fa-d3c2-47e6-a39d-374a7bc4b9a2
Agent e9643580-47b4-458f-9143-68bea1283bd7: 
[DEAD] 
Agent ID: e9643580-47b4-458f-9143-68bea1283bd7

Iteration 2, Turn 3:
Agent 1455e906-72e1-4dc4-8e9b-1fbb35cb073d: 
[DEAD] 
Agent ID: 1455e906-72e1-4dc4-8e9b-1fbb35cb073d
Agent 43e4fa22-240d-41ce-b622-9a75e8d9ccfd: 
[DEAD] 
Agent ID: 43e4fa22-240d-41ce-b622-9a75e8d9ccfd
Agent ba5d648e-dd31-4609-85c5-3eb2f330692e: 
[DEAD] 
Agent ID: ba5d648e-dd31-4609-85c5-3eb2f330692e
Agent ba7719fa-d3c2-47e6-a39d-374a7bc4b9a2: 
[DEAD] 
Agent ID: ba7719fa-d3c2-47e6-a39d-374a7bc4b9a2
Agent e9643580-47b4-458f-9143-68bea1283bd7: 
[DEAD] 
Agent ID: e9643580-47b4-458f-9143-68bea1283bd7

Iteration 2, Turn 4:
Agent 1455e906-72e1-4dc4-8e9b-1fbb35cb073d: 
[DEAD] 
Agent ID: 1455e906-72e1-4dc4-8e9b-1fbb35cb073d
Agent 43e4fa22-240d-41ce-b622-9a75e8d9ccfd: 
[DEAD] 
Agent ID: 43e4fa22-240d-41ce-b622-9a75e8d9ccfd
Agent ba5d648e-dd31-4609-85c5-3eb2f330692e: 
[DEAD] 
Agent ID: ba5d648e-dd31-4609-85c5-3eb2f330692e
Agent ba7719fa-d3c2-47e6-a39d-374a7bc4b9a2: 
[DEAD] 
Agent ID: ba7719fa-d3c2-47e6-a39d-374a7bc4b9a2
Agent e9643580-47b4-458f-9143-68bea1283bd7: 
[DEAD] 
Agent ID: e9643580-47b4-458f-9143-68bea1283bd7

Iteration 2, Turn 5:
Agent 1455e906-72e1-4dc4-8e9b-1fbb35cb073d: 
[DEAD] 
Agent ID: 1455e906-72e1-4dc4-8e9b-1fbb35cb073d
Agent 43e4fa22-240d-41ce-b622-9a75e8d9ccfd: 
[DEAD] 
Agent ID: 43e4fa22-240d-41ce-b622-9a75e8d9ccfd
Agent ba5d648e-dd31-4609-85c5-3eb2f330692e: 
[DEAD] 
Agent ID: ba5d648e-dd31-4609-85c5-3eb2f330692e
Agent ba7719fa-d3c2-47e6-a39d-374a7bc4b9a2: 
[DEAD] 
Agent ID: ba7719fa-d3c2-47e6-a39d-374a7bc4b9a2
Agent e9643580-47b4-458f-9143-68bea1283bd7: 
[DEAD] 
Agent ID: e9643580-47b4-458f-9143-68bea1283bd7
