main function started.
--------Start of iteration 0---------


Iteration 0, Turn 0, current agent count: 5


Iteration 0, Turn 1, current agent count: 5


Iteration 0, Turn 2, current agent count: 5


Iteration 0, Turn 3, current agent count: 5


Iteration 0, Turn 4, current agent count: 5
--------End of iteration 0---------
--------Start of iteration 1---------


Iteration 1, Turn 0, current agent count: 5


Iteration 1, Turn 1, current agent count: 5


Iteration 1, Turn 2, current agent count: 5


Iteration 1, Turn 3, current agent count: 5


Iteration 1, Turn 4, current agent count: 5
--------End of iteration 1---------
--------Start of iteration 2---------


Iteration 2, Turn 0, current agent count: 5


Iteration 2, Turn 1, current agent count: 5


Iteration 2, Turn 2, current agent count: 5


Iteration 2, Turn 3, current agent count: 5


Iteration 2, Turn 4, current agent count: 5
--------End of iteration 2---------


GamePlaybackSummary - playing 18 turn records

Iteration 0, Turn 0:

Iteration 0, Turn 1:
Agent 2ac4feff-8344-49ec-b390-845494428392: 
Agent ID: 2ac4feff-8344-49ec-b390-845494428392
Agent 4fa336f7-a5cb-4043-9493-df2c0110851f: 
[DEAD] 
Agent ID: 4fa336f7-a5cb-4043-9493-df2c0110851f
Agent 5d057ebf-1e17-41b5-8a23-c3b183b21bb2: 
Agent ID: 5d057ebf-1e17-41b5-8a23-c3b183b21bb2
Agent 5dd1f910-0461-4bdc-8f15-3e9c96bcadd0: 
Agent ID: 5dd1f910-0461-4bdc-8f15-3e9c96bcadd0
Agent c95c1b7b-c1ee-4ea7-87be-870adc9f5db3: 
Agent ID: c95c1b7b-c1ee-4ea7-87be-870adc9f5db3

Iteration 0, Turn 2:
Agent 2ac4feff-8344-49ec-b390-845494428392: 
Agent ID: 2ac4feff-8344-49ec-b390-845494428392
Agent 4fa336f7-a5cb-4043-9493-df2c0110851f: 
[DEAD] 
Agent ID: 4fa336f7-a5cb-4043-9493-df2c0110851f
Agent 5d057ebf-1e17-41b5-8a23-c3b183b21bb2: 
Agent ID: 5d057ebf-1e17-41b5-8a23-c3b183b21bb2
Agent 5dd1f910-0461-4bdc-8f15-3e9c96bcadd0: 
Agent ID: 5dd1f910-0461-4bdc-8f15-3e9c96bcadd0
Agent c95c1b7b-c1ee-4ea7-87be-870adc9f5db3: 
[DEAD] 
Agent ID: c95c1b7b-c1ee-4ea7-87be-870adc9f5db3

Iteration 0, Turn 3:
Agent 2ac4feff-8344-49ec-b390-845494428392: 
Agent ID: 2ac4feff-8344-49ec-b390-845494428392
Agent 4fa336f7-a5cb-4043-9493-df2c0110851f: 
[DEAD] 
Agent ID: 4fa336f7-a5cb-4043-9493-df2c0110851f
Agent 5d057ebf-1e17-41b5-8a23-c3b183b21bb2: 
[DEAD] 
Agent ID: 5d057ebf-1e17-41b5-8a23-c3b183b21bb2
Agent 5dd1f910-0461-4bdc-8f15-3e9c96bcadd0: 
Agent ID: 5dd1f910-0461-4bdc-8f15-3e9c96bcadd0
Agent c95c1b7b-c1ee-4ea7-87be-870adc9f5db3: 
[DEAD] 
Agent ID: c95c1b7b-c1ee-4ea7-87be-870adc9f5db3

Iteration 0, Turn 4:
Agent 2ac4feff-8344-49ec-b390-845494428392: 
[DEAD] 
Agent ID: 2ac4feff-8344-49ec-b390-845494428392
Agent 4fa336f7-a5cb-4043-9493-df2c0110851f: 
[DEAD] 
Agent ID: 4fa336f7-a5cb-4043-9493-df2c0110851f
Agent 5d057ebf-1e17-41b5-8a23-c3b183b21bb2: 
[DEAD] 
Agent ID: 5d057ebf-1e17-41b5-8a23-c3b183b21bb2
Agent 5dd1f910-0461-4bdc-8f15-3e9c96bcadd0: 
Agent ID: 5dd1f910-0461-4bdc-8f15-3e9c96bcadd0
Agent c95c1b7b-c1ee-4ea7-87be-870adc9f5db3: 
[DEAD] 
Agent ID: c95c1b7b-c1ee-4ea7-87be-870adc9f5db3

Iteration 0, Turn 5:
Agent 2ac4feff-8344-49ec-b390-845494428392: 
[DEAD] 
Agent ID: 2ac4feff-8344-49ec-b390-845494428392
Agent 4fa336f7-a5cb-4043-9493-df2c0110851f: 
[DEAD] 
Agent ID: 4fa336f7-a5cb-4043-9493-df2c0110851f
Agent 5d057ebf-1e17-41b5-8a23-c3b183b21bb2: 
[DEAD] 
Agent ID: 5d057ebf-1e17-41b5-8a23-c3b183b21bb2
Agent 5dd1f910-0461-4bdc-8f15-3e9c96bcadd0: 
Agent ID: 5dd1f910-0461-4bdc-8f15-3e9c96bcadd0
Agent c95c1b7b-c1ee-4ea7-87be-870adc9f5db3: 
[DEAD] 
Agent ID: c95c1b7b-c1ee-4ea7-87be-870adc9f5db3

Iteration 1, Turn 0:

Iteration 1, Turn 1:
Agent 2ac4feff-8344-49ec-b390-845494428392: 
[DEAD] 
Agent ID: 2ac4feff-8344-49ec-b390-845494428392
Agent 4fa336f7-a5cb-4043-9493-df2c0110851f: 
[DEAD] 
Agent ID: 4fa336f7-a5cb-4043-9493-df2c0110851f
Agent 5d057ebf-1e17-41b5-8a23-c3b183b21bb2: 
[DEAD] 
Agent ID: 5d057ebf-1e17-41b5-8a23-c3b183b21bb2
Agent 5dd1f910-0461-4bdc-8f15-3e9c96bcadd0: 
Agent ID: 5dd1f910-0461-4bdc-8f15-3e9c96bcadd0
Agent c95c1b7b-c1ee-4ea7-87be-870adc9f5db3: 
[DEAD] 
Agent ID: c95c1b7b-c1ee-4ea7-87be-870adc9f5db3

Iteration 1, Turn 2:
Agent 2ac4feff-8344-49ec-b390-845494428392: 
[DEAD] 
Agent ID: 2ac4feff-8344-49ec-b390-845494428392
Agent 4fa336f7-a5cb-4043-9493-df2c0110851f: 
[DEAD] 
Agent ID: 4fa336f7-a5cb-4043-9493-df2c0110851f
Agent 5d057ebf-1e17-41b5-8a23-c3b183b21bb2: 
[DEAD] 
Agent ID: 5d057ebf-1e17-41b5-8a23-c3b183b21bb2
Agent 5dd1f910-0461-4bdc-8f15-3e9c96bcadd0: 
[DEAD] 
Agent ID: 5dd1f910-0461-4bdc-8f15-3e9c96bcadd0
Agent c95c1b7b-c1ee-4ea7-87be-870adc9f5db3: 
[DEAD] 
Agent ID: c95c1b7b-c1ee-4ea7-87be-870adc9f5db3

Iteration 1, Turn 3:
Agent 2ac4feff-8344-49ec-b390-845494428392: 
[DEAD] 
Agent ID: 2ac4feff-8344-49ec-b390-845494428392
Agent 4fa336f7-a5cb-4043-9493-df2c0110851f: 
[DEAD] 
Agent ID: 4fa336f7-a5cb-4043-9493-df2c0110851f
Agent 5d057ebf-1e17-41b5-8a23-c3b183b21bb2: 
[DEAD] 
Agent ID: 5d057ebf-1e17-41b5-8a23-c3b183b21bb2
Agent 5dd1f910-0461-4bdc-8f15-3e9c96bcadd0: 
[DEAD] 
Agent ID: 5dd1f910-0461-4bdc-8f15-3e9c96bcadd0
Agent c95c1b7b-c1ee-4ea7-87be-870adc9f5db3: 
[DEAD] 
Agent ID: c95c1b7b-c1ee-4ea7-87be-870adc9f5db3

Iteration 1, Turn 4:
Agent 2ac4feff-8344-49ec-b390-845494428392: 
[DEAD] 
Agent ID: 2ac4feff-8344-49ec-b390-845494428392
Agent 4fa336f7-a5cb-4043-9493-df2c0110851f: 
[DEAD] 
Agent ID: 4fa336f7-a5cb-4043-9493-df2c0110851f
Agent 5d057ebf-1e17-41b5-8a23-c3b183b21bb2: 
[DEAD] 
Agent ID: 5d057ebf-1e17-41b5-8a23-c3b183b21bb2
Agent 5dd1f910-0461-4bdc-8f15-3e9c96bcadd0: 
[DEAD] 
Agent ID: 5dd1f910-0461-4bdc-8f15-3e9c96bcadd0
Agent c95c1b7b-c1ee-4ea7-87be-870adc9f5db3: 
[DEAD] 
Agent ID: c95c1b7b-c1ee-4ea7-87be-870adc9f5db3

Iteration 1, Turn 5:
Agent 2ac4feff-8344-49ec-b390-845494428392: 
[DEAD] 
Agent ID: 2ac4feff-8344-49ec-b390-845494428392
Agent 4fa336f7-a5cb-4043-9493-df2c0110851f: 
[DEAD] 
Agent ID: 4fa336f7-a5cb-4043-9493-df2c0110851f
Agent 5d057ebf-1e17-41b5-8a23-c3b183b21bb2: 
[DEAD] 
Agent ID: 5d057ebf-1e17-41b5-8a23-c3b183b21bb2
Agent 5dd1f910-0461-4bdc-8f15-3e9c96bcadd0: 
[DEAD] 
Agent ID: 5dd1f910-0461-4bdc-8f15-3e9c96bcadd0
Agent c95c1b7b-c1ee-4ea7-87be-870adc9f5db3: 
[DEAD] 
Agent ID: c95c1b7b-c1ee-4ea7-87be-870adc9f5db3

Iteration 2, Turn 0:

Iteration 2, Turn 1:
Agent 2ac4feff-8344-49ec-b390-845494428392: 
[DEAD] 
Agent ID: 2ac4feff-8344-49ec-b390-845494428392
Agent 4fa336f7-a5cb-4043-9493-df2c0110851f: 
[DEAD] 
Agent ID: 4fa336f7-a5cb-4043-9493-df2c0110851f
Agent 5d057ebf-1e17-41b5-8a23-c3b183b21bb2: 
[DEAD] 
Agent ID: 5d057ebf-1e17-41b5-8a23-c3b183b21bb2
Agent 5dd1f910-0461-4bdc-8f15-3e9c96bcadd0: 
[DEAD] 
Agent ID: 5dd1f910-0461-4bdc-8f15-3e9c96bcadd0
Agent c95c1b7b-c1ee-4ea7-87be-870adc9f5db3: 
[DEAD] 
Agent ID: c95c1b7b-c1ee-4ea7-87be-870adc9f5db3

Iteration 2, Turn 2:
Agent 2ac4feff-8344-49ec-b390-845494428392: 
[DEAD] 
Agent ID: 2ac4feff-8344-49ec-b390-845494428392
Agent 4fa336f7-a5cb-4043-9493-df2c0110851f: 
[DEAD] 
Agent ID: 4fa336f7-a5cb-4043-9493-df2c0110851f
Agent 5d057ebf-1e17-41b5-8a23-c3b183b21bb2: 
[DEAD] 
Agent ID: 5d057ebf-1e17-41b5-8a23-c3b183b21bb2
Agent 5dd1f910-0461-4bdc-8f15-3e9c96bcadd0: 
[DEAD] 
Agent ID: 5dd1f910-0461-4bdc-8f15-3e9c96bcadd0
Agent c95c1b7b-c1ee-4ea7-87be-870adc9f5db3: 
[DEAD] 
Agent ID: c95c1b7b-c1ee-4ea7-87be-870adc9f5db3

Iteration 2, Turn 3:
Agent 2ac4feff-8344-49ec-b390-845494428392: 
[DEAD] 
Agent ID: 2ac4feff-8344-49ec-b390-845494428392
Agent 4fa336f7-a5cb-4043-9493-df2c0110851f: 
[DEAD] 
Agent ID: 4fa336f7-a5cb-4043-9493-df2c0110851f
Agent 5d057ebf-1e17-41b5-8a23-c3b183b21bb2: 
[DEAD] 
Agent ID: 5d057ebf-1e17-41b5-8a23-c3b183b21bb2
Agent 5dd1f910-0461-4bdc-8f15-3e9c96bcadd0: 
[DEAD] 
Agent ID: 5dd1f910-0461-4bdc-8f15-3e9c96bcadd0
Agent c95c1b7b-c1ee-4ea7-87be-870adc9f5db3: 
[DEAD] 
Agent ID: c95c1b7b-c1ee-4ea7-87be-870adc9f5db3

Iteration 2, Turn 4:
Agent 2ac4feff-8344-49ec-b390-845494428392: 
[DEAD] 
Agent ID: 2ac4feff-8344-49ec-b390-845494428392
Agent 4fa336f7-a5cb-4043-9493-df2c0110851f: 
[DEAD] 
Agent ID: 4fa336f7-a5cb-4043-9493-df2c0110851f
Agent 5d057ebf-1e17-41b5-8a23-c3b183b21bb2: 
[DEAD] 
Agent ID: 5d057ebf-1e17-41b5-8a23-c3b183b21bb2
Agent 5dd1f910-0461-4bdc-8f15-3e9c96bcadd0: 
[DEAD] 
Agent ID: 5dd1f910-0461-4bdc-8f15-3e9c96bcadd0
Agent c95c1b7b-c1ee-4ea7-87be-870adc9f5db3: 
[DEAD] 
Agent ID: c95c1b7b-c1ee-4ea7-87be-870adc9f5db3

Iteration 2, Turn 5:
Agent 2ac4feff-8344-49ec-b390-845494428392: 
[DEAD] 
Agent ID: 2ac4feff-8344-49ec-b390-845494428392
Agent 4fa336f7-a5cb-4043-9493-df2c0110851f: 
[DEAD] 
Agent ID: 4fa336f7-a5cb-4043-9493-df2c0110851f
Agent 5d057ebf-1e17-41b5-8a23-c3b183b21bb2: 
[DEAD] 
Agent ID: 5d057ebf-1e17-41b5-8a23-c3b183b21bb2
Agent 5dd1f910-0461-4bdc-8f15-3e9c96bcadd0: 
[DEAD] 
Agent ID: 5dd1f910-0461-4bdc-8f15-3e9c96bcadd0
Agent c95c1b7b-c1ee-4ea7-87be-870adc9f5db3: 
[DEAD] 
Agent ID: c95c1b7b-c1ee-4ea7-87be-870adc9f5db3
