main function started.
--------Start of iteration 0---------


Iteration 0, Turn 0, current agent count: 5


Iteration 0, Turn 1, current agent count: 5


Iteration 0, Turn 2, current agent count: 5


Iteration 0, Turn 3, current agent count: 5


Iteration 0, Turn 4, current agent count: 5
--------End of iteration 0---------
--------Start of iteration 1---------


Iteration 1, Turn 0, current agent count: 5


Iteration 1, Turn 1, current agent count: 5


Iteration 1, Turn 2, current agent count: 5


Iteration 1, Turn 3, current agent count: 5


Iteration 1, Turn 4, current agent count: 5
--------End of iteration 1---------
--------Start of iteration 2---------


Iteration 2, Turn 0, current agent count: 5


Iteration 2, Turn 1, current agent count: 5


Iteration 2, Turn 2, current agent count: 5


Iteration 2, Turn 3, current agent count: 5


Iteration 2, Turn 4, current agent count: 5
--------End of iteration 2---------


GamePlaybackSummary - playing 18 turn records

Iteration 0, Turn 0:

Iteration 0, Turn 1:
Agent 0ec33191-3ee2-47bb-ad07-6df8aa63ba00: 
[DEAD] 
Agent ID: 0ec33191-3ee2-47bb-ad07-6df8aa63ba00
Agent 139323b4-657b-4b1f-b8de-f50a78ba7252: 
[DEAD] 
Agent ID: 139323b4-657b-4b1f-b8de-f50a78ba7252
Agent 2b0ef1cb-edfa-414d-9589-c0c0835ec4f4: 
Agent ID: 2b0ef1cb-edfa-414d-9589-c0c0835ec4f4
Agent 316082b3-3930-448e-b06a-97006a4ad6f5: 
Agent ID: 316082b3-3930-448e-b06a-97006a4ad6f5
Agent 4846ff39-75d1-40b5-be80-3961cbb68f14: 
Agent ID: 4846ff39-75d1-40b5-be80-3961cbb68f14

Iteration 0, Turn 2:
Agent 0ec33191-3ee2-47bb-ad07-6df8aa63ba00: 
[DEAD] 
Agent ID: 0ec33191-3ee2-47bb-ad07-6df8aa63ba00
Agent 139323b4-657b-4b1f-b8de-f50a78ba7252: 
[DEAD] 
Agent ID: 139323b4-657b-4b1f-b8de-f50a78ba7252
Agent 2b0ef1cb-edfa-414d-9589-c0c0835ec4f4: 
Agent ID: 2b0ef1cb-edfa-414d-9589-c0c0835ec4f4
Agent 316082b3-3930-448e-b06a-97006a4ad6f5: 
Agent ID: 316082b3-3930-448e-b06a-97006a4ad6f5
Agent 4846ff39-75d1-40b5-be80-3961cbb68f14: 
Agent ID: 4846ff39-75d1-40b5-be80-3961cbb68f14

Iteration 0, Turn 3:
Agent 0ec33191-3ee2-47bb-ad07-6df8aa63ba00: 
[DEAD] 
Agent ID: 0ec33191-3ee2-47bb-ad07-6df8aa63ba00
Agent 139323b4-657b-4b1f-b8de-f50a78ba7252: 
[DEAD] 
Agent ID: 139323b4-657b-4b1f-b8de-f50a78ba7252
Agent 2b0ef1cb-edfa-414d-9589-c0c0835ec4f4: 
[DEAD] 
Agent ID: 2b0ef1cb-edfa-414d-9589-c0c0835ec4f4
Agent 316082b3-3930-448e-b06a-97006a4ad6f5: 
Agent ID: 316082b3-3930-448e-b06a-97006a4ad6f5
Agent 4846ff39-75d1-40b5-be80-3961cbb68f14: 
Agent ID: 4846ff39-75d1-40b5-be80-3961cbb68f14

Iteration 0, Turn 4:
Agent 0ec33191-3ee2-47bb-ad07-6df8aa63ba00: 
[DEAD] 
Agent ID: 0ec33191-3ee2-47bb-ad07-6df8aa63ba00
Agent 139323b4-657b-4b1f-b8de-f50a78ba7252: 
[DEAD] 
Agent ID: 139323b4-657b-4b1f-b8de-f50a78ba7252
Agent 2b0ef1cb-edfa-414d-9589-c0c0835ec4f4: 
[DEAD] 
Agent ID: 2b0ef1cb-edfa-414d-9589-c0c0835ec4f4
Agent 316082b3-3930-448e-b06a-97006a4ad6f5: 
[DEAD] 
Agent ID: 316082b3-3930-448e-b06a-97006a4ad6f5
Agent 4846ff39-75d1-40b5-be80-3961cbb68f14: 
Agent ID: 4846ff39-75d1-40b5-be80-3961cbb68f14

Iteration 0, Turn 5:
Agent 0ec33191-3ee2-47bb-ad07-6df8aa63ba00: 
[DEAD] 
Agent ID: 0ec33191-3ee2-47bb-ad07-6df8aa63ba00
Agent 139323b4-657b-4b1f-b8de-f50a78ba7252: 
[DEAD] 
Agent ID: 139323b4-657b-4b1f-b8de-f50a78ba7252
Agent 2b0ef1cb-edfa-414d-9589-c0c0835ec4f4: 
[DEAD] 
Agent ID: 2b0ef1cb-edfa-414d-9589-c0c0835ec4f4
Agent 316082b3-3930-448e-b06a-97006a4ad6f5: 
[DEAD] 
Agent ID: 316082b3-3930-448e-b06a-97006a4ad6f5
Agent 4846ff39-75d1-40b5-be80-3961cbb68f14: 
Agent ID: 4846ff39-75d1-40b5-be80-3961cbb68f14

Iteration 1, Turn 0:

Iteration 1, Turn 1:
Agent 0ec33191-3ee2-47bb-ad07-6df8aa63ba00: 
[DEAD] 
Agent ID: 0ec33191-3ee2-47bb-ad07-6df8aa63ba00
Agent 139323b4-657b-4b1f-b8de-f50a78ba7252: 
[DEAD] 
Agent ID: 139323b4-657b-4b1f-b8de-f50a78ba7252
Agent 2b0ef1cb-edfa-414d-9589-c0c0835ec4f4: 
[DEAD] 
Agent ID: 2b0ef1cb-edfa-414d-9589-c0c0835ec4f4
Agent 316082b3-3930-448e-b06a-97006a4ad6f5: 
[DEAD] 
Agent ID: 316082b3-3930-448e-b06a-97006a4ad6f5
Agent 4846ff39-75d1-40b5-be80-3961cbb68f14: 
Agent ID: 4846ff39-75d1-40b5-be80-3961cbb68f14

Iteration 1, Turn 2:
Agent 0ec33191-3ee2-47bb-ad07-6df8aa63ba00: 
[DEAD] 
Agent ID: 0ec33191-3ee2-47bb-ad07-6df8aa63ba00
Agent 139323b4-657b-4b1f-b8de-f50a78ba7252: 
[DEAD] 
Agent ID: 139323b4-657b-4b1f-b8de-f50a78ba7252
Agent 2b0ef1cb-edfa-414d-9589-c0c0835ec4f4: 
[DEAD] 
Agent ID: 2b0ef1cb-edfa-414d-9589-c0c0835ec4f4
Agent 316082b3-3930-448e-b06a-97006a4ad6f5: 
[DEAD] 
Agent ID: 316082b3-3930-448e-b06a-97006a4ad6f5
Agent 4846ff39-75d1-40b5-be80-3961cbb68f14: 
Agent ID: 4846ff39-75d1-40b5-be80-3961cbb68f14

Iteration 1, Turn 3:
Agent 0ec33191-3ee2-47bb-ad07-6df8aa63ba00: 
[DEAD] 
Agent ID: 0ec33191-3ee2-47bb-ad07-6df8aa63ba00
Agent 139323b4-657b-4b1f-b8de-f50a78ba7252: 
[DEAD] 
Agent ID: 139323b4-657b-4b1f-b8de-f50a78ba7252
Agent 2b0ef1cb-edfa-414d-9589-c0c0835ec4f4: 
[DEAD] 
Agent ID: 2b0ef1cb-edfa-414d-9589-c0c0835ec4f4
Agent 316082b3-3930-448e-b06a-97006a4ad6f5: 
[DEAD] 
Agent ID: 316082b3-3930-448e-b06a-97006a4ad6f5
Agent 4846ff39-75d1-40b5-be80-3961cbb68f14: 
[DEAD] 
Agent ID: 4846ff39-75d1-40b5-be80-3961cbb68f14

Iteration 1, Turn 4:
Agent 0ec33191-3ee2-47bb-ad07-6df8aa63ba00: 
[DEAD] 
Agent ID: 0ec33191-3ee2-47bb-ad07-6df8aa63ba00
Agent 139323b4-657b-4b1f-b8de-f50a78ba7252: 
[DEAD] 
Agent ID: 139323b4-657b-4b1f-b8de-f50a78ba7252
Agent 2b0ef1cb-edfa-414d-9589-c0c0835ec4f4: 
[DEAD] 
Agent ID: 2b0ef1cb-edfa-414d-9589-c0c0835ec4f4
Agent 316082b3-3930-448e-b06a-97006a4ad6f5: 
[DEAD] 
Agent ID: 316082b3-3930-448e-b06a-97006a4ad6f5
Agent 4846ff39-75d1-40b5-be80-3961cbb68f14: 
[DEAD] 
Agent ID: 4846ff39-75d1-40b5-be80-3961cbb68f14

Iteration 1, Turn 5:
Agent 0ec33191-3ee2-47bb-ad07-6df8aa63ba00: 
[DEAD] 
Agent ID: 0ec33191-3ee2-47bb-ad07-6df8aa63ba00
Agent 139323b4-657b-4b1f-b8de-f50a78ba7252: 
[DEAD] 
Agent ID: 139323b4-657b-4b1f-b8de-f50a78ba7252
Agent 2b0ef1cb-edfa-414d-9589-c0c0835ec4f4: 
[DEAD] 
Agent ID: 2b0ef1cb-edfa-414d-9589-c0c0835ec4f4
Agent 316082b3-3930-448e-b06a-97006a4ad6f5: 
[DEAD] 
Agent ID: 316082b3-3930-448e-b06a-97006a4ad6f5
Agent 4846ff39-75d1-40b5-be80-3961cbb68f14: 
[DEAD] 
Agent ID: 4846ff39-75d1-40b5-be80-3961cbb68f14

Iteration 2, Turn 0:

Iteration 2, Turn 1:
Agent 0ec33191-3ee2-47bb-ad07-6df8aa63ba00: 
[DEAD] 
Agent ID: 0ec33191-3ee2-47bb-ad07-6df8aa63ba00
Agent 139323b4-657b-4b1f-b8de-f50a78ba7252: 
[DEAD] 
Agent ID: 139323b4-657b-4b1f-b8de-f50a78ba7252
Agent 2b0ef1cb-edfa-414d-9589-c0c0835ec4f4: 
[DEAD] 
Agent ID: 2b0ef1cb-edfa-414d-9589-c0c0835ec4f4
Agent 316082b3-3930-448e-b06a-97006a4ad6f5: 
[DEAD] 
Agent ID: 316082b3-3930-448e-b06a-97006a4ad6f5
Agent 4846ff39-75d1-40b5-be80-3961cbb68f14: 
[DEAD] 
Agent ID: 4846ff39-75d1-40b5-be80-3961cbb68f14

Iteration 2, Turn 2:
Agent 0ec33191-3ee2-47bb-ad07-6df8aa63ba00: 
[DEAD] 
Agent ID: 0ec33191-3ee2-47bb-ad07-6df8aa63ba00
Agent 139323b4-657b-4b1f-b8de-f50a78ba7252: 
[DEAD] 
Agent ID: 139323b4-657b-4b1f-b8de-f50a78ba7252
Agent 2b0ef1cb-edfa-414d-9589-c0c0835ec4f4: 
[DEAD] 
Agent ID: 2b0ef1cb-edfa-414d-9589-c0c0835ec4f4
Agent 316082b3-3930-448e-b06a-97006a4ad6f5: 
[DEAD] 
Agent ID: 316082b3-3930-448e-b06a-97006a4ad6f5
Agent 4846ff39-75d1-40b5-be80-3961cbb68f14: 
[DEAD] 
Agent ID: 4846ff39-75d1-40b5-be80-3961cbb68f14

Iteration 2, Turn 3:
Agent 0ec33191-3ee2-47bb-ad07-6df8aa63ba00: 
[DEAD] 
Agent ID: 0ec33191-3ee2-47bb-ad07-6df8aa63ba00
Agent 139323b4-657b-4b1f-b8de-f50a78ba7252: 
[DEAD] 
Agent ID: 139323b4-657b-4b1f-b8de-f50a78ba7252
Agent 2b0ef1cb-edfa-414d-9589-c0c0835ec4f4: 
[DEAD] 
Agent ID: 2b0ef1cb-edfa-414d-9589-c0c0835ec4f4
Agent 316082b3-3930-448e-b06a-97006a4ad6f5: 
[DEAD] 
Agent ID: 316082b3-3930-448e-b06a-97006a4ad6f5
Agent 4846ff39-75d1-40b5-be80-3961cbb68f14: 
[DEAD] 
Agent ID: 4846ff39-75d1-40b5-be80-3961cbb68f14

Iteration 2, Turn 4:
Agent 0ec33191-3ee2-47bb-ad07-6df8aa63ba00: 
[DEAD] 
Agent ID: 0ec33191-3ee2-47bb-ad07-6df8aa63ba00
Agent 139323b4-657b-4b1f-b8de-f50a78ba7252: 
[DEAD] 
Agent ID: 139323b4-657b-4b1f-b8de-f50a78ba7252
Agent 2b0ef1cb-edfa-414d-9589-c0c0835ec4f4: 
[DEAD] 
Agent ID: 2b0ef1cb-edfa-414d-9589-c0c0835ec4f4
Agent 316082b3-3930-448e-b06a-97006a4ad6f5: 
[DEAD] 
Agent ID: 316082b3-3930-448e-b06a-97006a4ad6f5
Agent 4846ff39-75d1-40b5-be80-3961cbb68f14: 
[DEAD] 
Agent ID: 4846ff39-75d1-40b5-be80-3961cbb68f14

Iteration 2, Turn 5:
Agent 0ec33191-3ee2-47bb-ad07-6df8aa63ba00: 
[DEAD] 
Agent ID: 0ec33191-3ee2-47bb-ad07-6df8aa63ba00
Agent 139323b4-657b-4b1f-b8de-f50a78ba7252: 
[DEAD] 
Agent ID: 139323b4-657b-4b1f-b8de-f50a78ba7252
Agent 2b0ef1cb-edfa-414d-9589-c0c0835ec4f4: 
[DEAD] 
Agent ID: 2b0ef1cb-edfa-414d-9589-c0c0835ec4f4
Agent 316082b3-3930-448e-b06a-97006a4ad6f5: 
[DEAD] 
Agent ID: 316082b3-3930-448e-b06a-97006a4ad6f5
Agent 4846ff39-75d1-40b5-be80-3961cbb68f14: 
[DEAD] 
Agent ID: 4846ff39-75d1-40b5-be80-3961cbb68f14
