main function started.
--------Start of iteration 0---------


Iteration 0, Turn 0, current agent count: 5


Iteration 0, Turn 1, current agent count: 5
--------End of iteration 0---------
--------Start of iteration 1---------


Iteration 1, Turn 0, current agent count: 5


Iteration 1, Turn 1, current agent count: 5
--------End of iteration 1---------
--------Start of iteration 2---------


Iteration 2, Turn 0, current agent count: 5


Iteration 2, Turn 1, current agent count: 5
--------End of iteration 2---------


GamePlaybackSummary - playing 9 turn records

Iteration 0, Turn 0:

Iteration 0, Turn 1:
Agent 0326d967-886d-43fa-be41-d85559b7ed0b: 
Agent ID: 0326d967-886d-43fa-be41-d85559b7ed0b
Agent 2567bfb8-5c0b-4ba7-b0cf-e3ac2deeaddc: 
Agent ID: 2567bfb8-5c0b-4ba7-b0cf-e3ac2deeaddc
Agent 3bc73459-0211-48e9-bff1-73bd9037e07c: 
[DEAD] 
Agent ID: 3bc73459-0211-48e9-bff1-73bd9037e07c
Agent 9f163a80-7e8c-4c8c-9b4e-61a8bfac80fd: 
[DEAD] 
Agent ID: 9f163a80-7e8c-4c8c-9b4e-61a8bfac80fd
Agent a3a236f4-553a-4fa6-b28f-05ae207bdc01: 
Agent ID: a3a236f4-553a-4fa6-b28f-05ae207bdc01

Iteration 0, Turn 2:
Agent 0326d967-886d-43fa-be41-d85559b7ed0b: 
[DEAD] 
Agent ID: 0326d967-886d-43fa-be41-d85559b7ed0b
Agent 2567bfb8-5c0b-4ba7-b0cf-e3ac2deeaddc: 
[DEAD] 
Agent ID: 2567bfb8-5c0b-4ba7-b0cf-e3ac2deeaddc
Agent 3bc73459-0211-48e9-bff1-73bd9037e07c: 
[DEAD] 
Agent ID: 3bc73459-0211-48e9-bff1-73bd9037e07c
Agent 9f163a80-7e8c-4c8c-9b4e-61a8bfac80fd: 
[DEAD] 
Agent ID: 9f163a80-7e8c-4c8c-9b4e-61a8bfac80fd
Agent a3a236f4-553a-4fa6-b28f-05ae207bdc01: 
[DEAD] 
Agent ID: a3a236f4-553a-4fa6-b28f-05ae207bdc01

Iteration 1, Turn 0:

Iteration 1, Turn 1:
Agent 0326d967-886d-43fa-be41-d85559b7ed0b: 
[DEAD] 
Agent ID: 0326d967-886d-43fa-be41-d85559b7ed0b
Agent 2567bfb8-5c0b-4ba7-b0cf-e3ac2deeaddc: 
[DEAD] 
Agent ID: 2567bfb8-5c0b-4ba7-b0cf-e3ac2deeaddc
Agent 3bc73459-0211-48e9-bff1-73bd9037e07c: 
[DEAD] 
Agent ID: 3bc73459-0211-48e9-bff1-73bd9037e07c
Agent 9f163a80-7e8c-4c8c-9b4e-61a8bfac80fd: 
[DEAD] 
Agent ID: 9f163a80-7e8c-4c8c-9b4e-61a8bfac80fd
Agent a3a236f4-553a-4fa6-b28f-05ae207bdc01: 
[DEAD] 
Agent ID: a3a236f4-553a-4fa6-b28f-05ae207bdc01

Iteration 1, Turn 2:
Agent 0326d967-886d-43fa-be41-d85559b7ed0b: 
[DEAD] 
Agent ID: 0326d967-886d-43fa-be41-d85559b7ed0b
Agent 2567bfb8-5c0b-4ba7-b0cf-e3ac2deeaddc: 
[DEAD] 
Agent ID: 2567bfb8-5c0b-4ba7-b0cf-e3ac2deeaddc
Agent 3bc73459-0211-48e9-bff1-73bd9037e07c: 
[DEAD] 
Agent ID: 3bc73459-0211-48e9-bff1-73bd9037e07c
Agent 9f163a80-7e8c-4c8c-9b4e-61a8bfac80fd: 
[DEAD] 
Agent ID: 9f163a80-7e8c-4c8c-9b4e-61a8bfac80fd
Agent a3a236f4-553a-4fa6-b28f-05ae207bdc01: 
[DEAD] 
Agent ID: a3a236f4-553a-4fa6-b28f-05ae207bdc01

Iteration 2, Turn 0:

Iteration 2, Turn 1:
Agent 0326d967-886d-43fa-be41-d85559b7ed0b: 
[DEAD] 
Agent ID: 0326d967-886d-43fa-be41-d85559b7ed0b
Agent 2567bfb8-5c0b-4ba7-b0cf-e3ac2deeaddc: 
[DEAD] 
Agent ID: 2567bfb8-5c0b-4ba7-b0cf-e3ac2deeaddc
Agent 3bc73459-0211-48e9-bff1-73bd9037e07c: 
[DEAD] 
Agent ID: 3bc73459-0211-48e9-bff1-73bd9037e07c
Agent 9f163a80-7e8c-4c8c-9b4e-61a8bfac80fd: 
[DEAD] 
Agent ID: 9f163a80-7e8c-4c8c-9b4e-61a8bfac80fd
Agent a3a236f4-553a-4fa6-b28f-05ae207bdc01: 
[DEAD] 
Agent ID: a3a236f4-553a-4fa6-b28f-05ae207bdc01

Iteration 2, Turn 2:
Agent 0326d967-886d-43fa-be41-d85559b7ed0b: 
[DEAD] 
Agent ID: 0326d967-886d-43fa-be41-d85559b7ed0b
Agent 2567bfb8-5c0b-4ba7-b0cf-e3ac2deeaddc: 
[DEAD] 
Agent ID: 2567bfb8-5c0b-4ba7-b0cf-e3ac2deeaddc
Agent 3bc73459-0211-48e9-bff1-73bd9037e07c: 
[DEAD] 
Agent ID: 3bc73459-0211-48e9-bff1-73bd9037e07c
Agent 9f163a80-7e8c-4c8c-9b4e-61a8bfac80fd: 
[DEAD] 
Agent ID: 9f163a80-7e8c-4c8c-9b4e-61a8bfac80fd
Agent a3a236f4-553a-4fa6-b28f-05ae207bdc01: 
[DEAD] 
Agent ID: a3a236f4-553a-4fa6-b28f-05ae207bdc01
