main function started.
--------Start of iteration 0---------


Iteration 0, Turn 0, current agent count: 16


Iteration 0, Turn 1, current agent count: 16


Iteration 0, Turn 2, current agent count: 13


Iteration 0, Turn 3, current agent count: 13


Iteration 0, Turn 4, current agent count: 12
--------End of iteration 0---------
--------Start of iteration 1---------


Iteration 1, Turn 0, current agent count: 11


Iteration 1, Turn 1, current agent count: 9


Iteration 1, Turn 2, current agent count: 9


Iteration 1, Turn 3, current agent count: 8


Iteration 1, Turn 4, current agent count: 8
--------End of iteration 1---------
--------Start of iteration 2---------


Iteration 2, Turn 0, current agent count: 8


Iteration 2, Turn 1, current agent count: 7


Iteration 2, Turn 2, current agent count: 6


Iteration 2, Turn 3, current agent count: 5


Iteration 2, Turn 4, current agent count: 4
--------End of iteration 2---------


GamePlaybackSummary - playing 18 turn records

Iteration 0, Turn 0:

Iteration 0, Turn 0:
Agent 0c05209b-9c9b-45c9-b974-2e7ac4aef6ae: 
Agent ID: 0c05209b-9c9b-45c9-b974-2e7ac4aef6ae
Agent 0f1b9b7a-656e-4137-ae5c-c0bb112cd8b3: 
Agent ID: 0f1b9b7a-656e-4137-ae5c-c0bb112cd8b3
Agent 12178f70-a42e-47f8-bdd8-7a2952025322: 
Agent ID: 12178f70-a42e-47f8-bdd8-7a2952025322
Agent 2f7fb2c2-26b8-4181-a72d-d223741d1097: 
Agent ID: 2f7fb2c2-26b8-4181-a72d-d223741d1097
Agent 323a0b0a-7c43-4dea-b0d6-7e5b9eb6c36d: 
Agent ID: 323a0b0a-7c43-4dea-b0d6-7e5b9eb6c36d
Agent 34baa268-d2c8-406d-b6b7-440c48642d49: 
Agent ID: 34baa268-d2c8-406d-b6b7-440c48642d49
Agent 46caeb6e-a079-4201-b9ac-3deafbe1748a: 
Agent ID: 46caeb6e-a079-4201-b9ac-3deafbe1748a
Agent 65fa83e6-05c8-46f5-ac6e-b1cc4817e885: 
Agent ID: 65fa83e6-05c8-46f5-ac6e-b1cc4817e885
Agent 8494cc06-7052-4bb2-804a-2366e7c174ba: 
Agent ID: 8494cc06-7052-4bb2-804a-2366e7c174ba
Agent ae44787b-4c05-4da7-bc0a-438657ef04bb: 
Agent ID: ae44787b-4c05-4da7-bc0a-438657ef04bb
Agent b6a04a16-a6d0-4fc5-adbe-c7c4d7279720: 
Agent ID: b6a04a16-a6d0-4fc5-adbe-c7c4d7279720
Agent c2a647e3-9c57-47e2-8ff8-dd70ad4a275c: 
Agent ID: c2a647e3-9c57-47e2-8ff8-dd70ad4a275c
Agent ce805a66-9271-4cc4-bb1b-37a9bf79c5db: 
Agent ID: ce805a66-9271-4cc4-bb1b-37a9bf79c5db
Agent d55aa240-8e68-436b-a2f0-8273d32fe5d1: 
Agent ID: d55aa240-8e68-436b-a2f0-8273d32fe5d1
Agent e416a3ef-8798-4546-87f3-04a50b4e7e0c: 
Agent ID: e416a3ef-8798-4546-87f3-04a50b4e7e0c
Agent f86d9c10-d063-4f7d-9438-833175d048cf: 
Agent ID: f86d9c10-d063-4f7d-9438-833175d048cf

Iteration 0, Turn 1:
Agent 0c05209b-9c9b-45c9-b974-2e7ac4aef6ae: 
Agent ID: 0c05209b-9c9b-45c9-b974-2e7ac4aef6ae
Agent 0f1b9b7a-656e-4137-ae5c-c0bb112cd8b3: 
Agent ID: 0f1b9b7a-656e-4137-ae5c-c0bb112cd8b3
Agent 2f7fb2c2-26b8-4181-a72d-d223741d1097: 
Agent ID: 2f7fb2c2-26b8-4181-a72d-d223741d1097
Agent 323a0b0a-7c43-4dea-b0d6-7e5b9eb6c36d: 
Agent ID: 323a0b0a-7c43-4dea-b0d6-7e5b9eb6c36d
Agent 46caeb6e-a079-4201-b9ac-3deafbe1748a: 
Agent ID: 46caeb6e-a079-4201-b9ac-3deafbe1748a
Agent 65fa83e6-05c8-46f5-ac6e-b1cc4817e885: 
Agent ID: 65fa83e6-05c8-46f5-ac6e-b1cc4817e885
Agent 8494cc06-7052-4bb2-804a-2366e7c174ba: 
Agent ID: 8494cc06-7052-4bb2-804a-2366e7c174ba
Agent ae44787b-4c05-4da7-bc0a-438657ef04bb: 
Agent ID: ae44787b-4c05-4da7-bc0a-438657ef04bb
Agent b6a04a16-a6d0-4fc5-adbe-c7c4d7279720: 
Agent ID: b6a04a16-a6d0-4fc5-adbe-c7c4d7279720
Agent c2a647e3-9c57-47e2-8ff8-dd70ad4a275c: 
Agent ID: c2a647e3-9c57-47e2-8ff8-dd70ad4a275c
Agent ce805a66-9271-4cc4-bb1b-37a9bf79c5db: 
Agent ID: ce805a66-9271-4cc4-bb1b-37a9bf79c5db
Agent e416a3ef-8798-4546-87f3-04a50b4e7e0c: 
Agent ID: e416a3ef-8798-4546-87f3-04a50b4e7e0c
Agent f86d9c10-d063-4f7d-9438-833175d048cf: 
Agent ID: f86d9c10-d063-4f7d-9438-833175d048cf

Iteration 0, Turn 2:
Agent 0c05209b-9c9b-45c9-b974-2e7ac4aef6ae: 
Agent ID: 0c05209b-9c9b-45c9-b974-2e7ac4aef6ae
Agent 0f1b9b7a-656e-4137-ae5c-c0bb112cd8b3: 
Agent ID: 0f1b9b7a-656e-4137-ae5c-c0bb112cd8b3
Agent 2f7fb2c2-26b8-4181-a72d-d223741d1097: 
Agent ID: 2f7fb2c2-26b8-4181-a72d-d223741d1097
Agent 323a0b0a-7c43-4dea-b0d6-7e5b9eb6c36d: 
Agent ID: 323a0b0a-7c43-4dea-b0d6-7e5b9eb6c36d
Agent 46caeb6e-a079-4201-b9ac-3deafbe1748a: 
Agent ID: 46caeb6e-a079-4201-b9ac-3deafbe1748a
Agent 65fa83e6-05c8-46f5-ac6e-b1cc4817e885: 
Agent ID: 65fa83e6-05c8-46f5-ac6e-b1cc4817e885
Agent 8494cc06-7052-4bb2-804a-2366e7c174ba: 
Agent ID: 8494cc06-7052-4bb2-804a-2366e7c174ba
Agent ae44787b-4c05-4da7-bc0a-438657ef04bb: 
Agent ID: ae44787b-4c05-4da7-bc0a-438657ef04bb
Agent b6a04a16-a6d0-4fc5-adbe-c7c4d7279720: 
Agent ID: b6a04a16-a6d0-4fc5-adbe-c7c4d7279720
Agent c2a647e3-9c57-47e2-8ff8-dd70ad4a275c: 
Agent ID: c2a647e3-9c57-47e2-8ff8-dd70ad4a275c
Agent ce805a66-9271-4cc4-bb1b-37a9bf79c5db: 
Agent ID: ce805a66-9271-4cc4-bb1b-37a9bf79c5db
Agent e416a3ef-8798-4546-87f3-04a50b4e7e0c: 
Agent ID: e416a3ef-8798-4546-87f3-04a50b4e7e0c
Agent f86d9c10-d063-4f7d-9438-833175d048cf: 
Agent ID: f86d9c10-d063-4f7d-9438-833175d048cf

Iteration 0, Turn 3:
Agent 0c05209b-9c9b-45c9-b974-2e7ac4aef6ae: 
Agent ID: 0c05209b-9c9b-45c9-b974-2e7ac4aef6ae
Agent 0f1b9b7a-656e-4137-ae5c-c0bb112cd8b3: 
Agent ID: 0f1b9b7a-656e-4137-ae5c-c0bb112cd8b3
Agent 2f7fb2c2-26b8-4181-a72d-d223741d1097: 
Agent ID: 2f7fb2c2-26b8-4181-a72d-d223741d1097
Agent 323a0b0a-7c43-4dea-b0d6-7e5b9eb6c36d: 
Agent ID: 323a0b0a-7c43-4dea-b0d6-7e5b9eb6c36d
Agent 46caeb6e-a079-4201-b9ac-3deafbe1748a: 
Agent ID: 46caeb6e-a079-4201-b9ac-3deafbe1748a
Agent 65fa83e6-05c8-46f5-ac6e-b1cc4817e885: 
Agent ID: 65fa83e6-05c8-46f5-ac6e-b1cc4817e885
Agent ae44787b-4c05-4da7-bc0a-438657ef04bb: 
Agent ID: ae44787b-4c05-4da7-bc0a-438657ef04bb
Agent b6a04a16-a6d0-4fc5-adbe-c7c4d7279720: 
Agent ID: b6a04a16-a6d0-4fc5-adbe-c7c4d7279720
Agent c2a647e3-9c57-47e2-8ff8-dd70ad4a275c: 
Agent ID: c2a647e3-9c57-47e2-8ff8-dd70ad4a275c
Agent ce805a66-9271-4cc4-bb1b-37a9bf79c5db: 
Agent ID: ce805a66-9271-4cc4-bb1b-37a9bf79c5db
Agent e416a3ef-8798-4546-87f3-04a50b4e7e0c: 
Agent ID: e416a3ef-8798-4546-87f3-04a50b4e7e0c
Agent f86d9c10-d063-4f7d-9438-833175d048cf: 
Agent ID: f86d9c10-d063-4f7d-9438-833175d048cf

Iteration 0, Turn 4:
Agent 0c05209b-9c9b-45c9-b974-2e7ac4aef6ae: 
Agent ID: 0c05209b-9c9b-45c9-b974-2e7ac4aef6ae
Agent 0f1b9b7a-656e-4137-ae5c-c0bb112cd8b3: 
Agent ID: 0f1b9b7a-656e-4137-ae5c-c0bb112cd8b3
Agent 2f7fb2c2-26b8-4181-a72d-d223741d1097: 
Agent ID: 2f7fb2c2-26b8-4181-a72d-d223741d1097
Agent 323a0b0a-7c43-4dea-b0d6-7e5b9eb6c36d: 
Agent ID: 323a0b0a-7c43-4dea-b0d6-7e5b9eb6c36d
Agent 46caeb6e-a079-4201-b9ac-3deafbe1748a: 
Agent ID: 46caeb6e-a079-4201-b9ac-3deafbe1748a
Agent 65fa83e6-05c8-46f5-ac6e-b1cc4817e885: 
Agent ID: 65fa83e6-05c8-46f5-ac6e-b1cc4817e885
Agent ae44787b-4c05-4da7-bc0a-438657ef04bb: 
Agent ID: ae44787b-4c05-4da7-bc0a-438657ef04bb
Agent b6a04a16-a6d0-4fc5-adbe-c7c4d7279720: 
Agent ID: b6a04a16-a6d0-4fc5-adbe-c7c4d7279720
Agent c2a647e3-9c57-47e2-8ff8-dd70ad4a275c: 
Agent ID: c2a647e3-9c57-47e2-8ff8-dd70ad4a275c
Agent ce805a66-9271-4cc4-bb1b-37a9bf79c5db: 
Agent ID: ce805a66-9271-4cc4-bb1b-37a9bf79c5db
Agent e416a3ef-8798-4546-87f3-04a50b4e7e0c: 
Agent ID: e416a3ef-8798-4546-87f3-04a50b4e7e0c

Iteration 1, Turn 0:

Iteration 1, Turn 0:
Agent 0c05209b-9c9b-45c9-b974-2e7ac4aef6ae: 
Agent ID: 0c05209b-9c9b-45c9-b974-2e7ac4aef6ae
Agent 0f1b9b7a-656e-4137-ae5c-c0bb112cd8b3: 
Agent ID: 0f1b9b7a-656e-4137-ae5c-c0bb112cd8b3
Agent 2f7fb2c2-26b8-4181-a72d-d223741d1097: 
Agent ID: 2f7fb2c2-26b8-4181-a72d-d223741d1097
Agent 323a0b0a-7c43-4dea-b0d6-7e5b9eb6c36d: 
Agent ID: 323a0b0a-7c43-4dea-b0d6-7e5b9eb6c36d
Agent 46caeb6e-a079-4201-b9ac-3deafbe1748a: 
Agent ID: 46caeb6e-a079-4201-b9ac-3deafbe1748a
Agent 65fa83e6-05c8-46f5-ac6e-b1cc4817e885: 
Agent ID: 65fa83e6-05c8-46f5-ac6e-b1cc4817e885
Agent ae44787b-4c05-4da7-bc0a-438657ef04bb: 
Agent ID: ae44787b-4c05-4da7-bc0a-438657ef04bb
Agent b6a04a16-a6d0-4fc5-adbe-c7c4d7279720: 
Agent ID: b6a04a16-a6d0-4fc5-adbe-c7c4d7279720
Agent ce805a66-9271-4cc4-bb1b-37a9bf79c5db: 
Agent ID: ce805a66-9271-4cc4-bb1b-37a9bf79c5db

Iteration 1, Turn 1:
Agent 0c05209b-9c9b-45c9-b974-2e7ac4aef6ae: 
Agent ID: 0c05209b-9c9b-45c9-b974-2e7ac4aef6ae
Agent 0f1b9b7a-656e-4137-ae5c-c0bb112cd8b3: 
Agent ID: 0f1b9b7a-656e-4137-ae5c-c0bb112cd8b3
Agent 2f7fb2c2-26b8-4181-a72d-d223741d1097: 
Agent ID: 2f7fb2c2-26b8-4181-a72d-d223741d1097
Agent 323a0b0a-7c43-4dea-b0d6-7e5b9eb6c36d: 
Agent ID: 323a0b0a-7c43-4dea-b0d6-7e5b9eb6c36d
Agent 46caeb6e-a079-4201-b9ac-3deafbe1748a: 
Agent ID: 46caeb6e-a079-4201-b9ac-3deafbe1748a
Agent 65fa83e6-05c8-46f5-ac6e-b1cc4817e885: 
Agent ID: 65fa83e6-05c8-46f5-ac6e-b1cc4817e885
Agent ae44787b-4c05-4da7-bc0a-438657ef04bb: 
Agent ID: ae44787b-4c05-4da7-bc0a-438657ef04bb
Agent b6a04a16-a6d0-4fc5-adbe-c7c4d7279720: 
Agent ID: b6a04a16-a6d0-4fc5-adbe-c7c4d7279720
Agent ce805a66-9271-4cc4-bb1b-37a9bf79c5db: 
Agent ID: ce805a66-9271-4cc4-bb1b-37a9bf79c5db

Iteration 1, Turn 2:
Agent 0c05209b-9c9b-45c9-b974-2e7ac4aef6ae: 
Agent ID: 0c05209b-9c9b-45c9-b974-2e7ac4aef6ae
Agent 0f1b9b7a-656e-4137-ae5c-c0bb112cd8b3: 
Agent ID: 0f1b9b7a-656e-4137-ae5c-c0bb112cd8b3
Agent 2f7fb2c2-26b8-4181-a72d-d223741d1097: 
Agent ID: 2f7fb2c2-26b8-4181-a72d-d223741d1097
Agent 323a0b0a-7c43-4dea-b0d6-7e5b9eb6c36d: 
Agent ID: 323a0b0a-7c43-4dea-b0d6-7e5b9eb6c36d
Agent 46caeb6e-a079-4201-b9ac-3deafbe1748a: 
Agent ID: 46caeb6e-a079-4201-b9ac-3deafbe1748a
Agent 65fa83e6-05c8-46f5-ac6e-b1cc4817e885: 
Agent ID: 65fa83e6-05c8-46f5-ac6e-b1cc4817e885
Agent ae44787b-4c05-4da7-bc0a-438657ef04bb: 
Agent ID: ae44787b-4c05-4da7-bc0a-438657ef04bb
Agent ce805a66-9271-4cc4-bb1b-37a9bf79c5db: 
Agent ID: ce805a66-9271-4cc4-bb1b-37a9bf79c5db

Iteration 1, Turn 3:
Agent 0c05209b-9c9b-45c9-b974-2e7ac4aef6ae: 
Agent ID: 0c05209b-9c9b-45c9-b974-2e7ac4aef6ae
Agent 0f1b9b7a-656e-4137-ae5c-c0bb112cd8b3: 
Agent ID: 0f1b9b7a-656e-4137-ae5c-c0bb112cd8b3
Agent 2f7fb2c2-26b8-4181-a72d-d223741d1097: 
Agent ID: 2f7fb2c2-26b8-4181-a72d-d223741d1097
Agent 323a0b0a-7c43-4dea-b0d6-7e5b9eb6c36d: 
Agent ID: 323a0b0a-7c43-4dea-b0d6-7e5b9eb6c36d
Agent 46caeb6e-a079-4201-b9ac-3deafbe1748a: 
Agent ID: 46caeb6e-a079-4201-b9ac-3deafbe1748a
Agent 65fa83e6-05c8-46f5-ac6e-b1cc4817e885: 
Agent ID: 65fa83e6-05c8-46f5-ac6e-b1cc4817e885
Agent ae44787b-4c05-4da7-bc0a-438657ef04bb: 
Agent ID: ae44787b-4c05-4da7-bc0a-438657ef04bb
Agent ce805a66-9271-4cc4-bb1b-37a9bf79c5db: 
Agent ID: ce805a66-9271-4cc4-bb1b-37a9bf79c5db

Iteration 1, Turn 4:
Agent 0c05209b-9c9b-45c9-b974-2e7ac4aef6ae: 
Agent ID: 0c05209b-9c9b-45c9-b974-2e7ac4aef6ae
Agent 0f1b9b7a-656e-4137-ae5c-c0bb112cd8b3: 
Agent ID: 0f1b9b7a-656e-4137-ae5c-c0bb112cd8b3
Agent 2f7fb2c2-26b8-4181-a72d-d223741d1097: 
Agent ID: 2f7fb2c2-26b8-4181-a72d-d223741d1097
Agent 323a0b0a-7c43-4dea-b0d6-7e5b9eb6c36d: 
Agent ID: 323a0b0a-7c43-4dea-b0d6-7e5b9eb6c36d
Agent 46caeb6e-a079-4201-b9ac-3deafbe1748a: 
Agent ID: 46caeb6e-a079-4201-b9ac-3deafbe1748a
Agent 65fa83e6-05c8-46f5-ac6e-b1cc4817e885: 
Agent ID: 65fa83e6-05c8-46f5-ac6e-b1cc4817e885
Agent ae44787b-4c05-4da7-bc0a-438657ef04bb: 
Agent ID: ae44787b-4c05-4da7-bc0a-438657ef04bb
Agent ce805a66-9271-4cc4-bb1b-37a9bf79c5db: 
Agent ID: ce805a66-9271-4cc4-bb1b-37a9bf79c5db

Iteration 2, Turn 0:

Iteration 2, Turn 0:
Agent 0c05209b-9c9b-45c9-b974-2e7ac4aef6ae: 
Agent ID: 0c05209b-9c9b-45c9-b974-2e7ac4aef6ae
Agent 0f1b9b7a-656e-4137-ae5c-c0bb112cd8b3: 
Agent ID: 0f1b9b7a-656e-4137-ae5c-c0bb112cd8b3
Agent 2f7fb2c2-26b8-4181-a72d-d223741d1097: 
Agent ID: 2f7fb2c2-26b8-4181-a72d-d223741d1097
Agent 323a0b0a-7c43-4dea-b0d6-7e5b9eb6c36d: 
Agent ID: 323a0b0a-7c43-4dea-b0d6-7e5b9eb6c36d
Agent 46caeb6e-a079-4201-b9ac-3deafbe1748a: 
Agent ID: 46caeb6e-a079-4201-b9ac-3deafbe1748a
Agent 65fa83e6-05c8-46f5-ac6e-b1cc4817e885: 
Agent ID: 65fa83e6-05c8-46f5-ac6e-b1cc4817e885
Agent ae44787b-4c05-4da7-bc0a-438657ef04bb: 
Agent ID: ae44787b-4c05-4da7-bc0a-438657ef04bb

Iteration 2, Turn 1:
Agent 0f1b9b7a-656e-4137-ae5c-c0bb112cd8b3: 
Agent ID: 0f1b9b7a-656e-4137-ae5c-c0bb112cd8b3
Agent 2f7fb2c2-26b8-4181-a72d-d223741d1097: 
Agent ID: 2f7fb2c2-26b8-4181-a72d-d223741d1097
Agent 323a0b0a-7c43-4dea-b0d6-7e5b9eb6c36d: 
Agent ID: 323a0b0a-7c43-4dea-b0d6-7e5b9eb6c36d
Agent 46caeb6e-a079-4201-b9ac-3deafbe1748a: 
Agent ID: 46caeb6e-a079-4201-b9ac-3deafbe1748a
Agent 65fa83e6-05c8-46f5-ac6e-b1cc4817e885: 
Agent ID: 65fa83e6-05c8-46f5-ac6e-b1cc4817e885
Agent ae44787b-4c05-4da7-bc0a-438657ef04bb: 
Agent ID: ae44787b-4c05-4da7-bc0a-438657ef04bb

Iteration 2, Turn 2:
Agent 0f1b9b7a-656e-4137-ae5c-c0bb112cd8b3: 
Agent ID: 0f1b9b7a-656e-4137-ae5c-c0bb112cd8b3
Agent 2f7fb2c2-26b8-4181-a72d-d223741d1097: 
Agent ID: 2f7fb2c2-26b8-4181-a72d-d223741d1097
Agent 323a0b0a-7c43-4dea-b0d6-7e5b9eb6c36d: 
Agent ID: 323a0b0a-7c43-4dea-b0d6-7e5b9eb6c36d
Agent 65fa83e6-05c8-46f5-ac6e-b1cc4817e885: 
Agent ID: 65fa83e6-05c8-46f5-ac6e-b1cc4817e885
Agent ae44787b-4c05-4da7-bc0a-438657ef04bb: 
Agent ID: ae44787b-4c05-4da7-bc0a-438657ef04bb

Iteration 2, Turn 3:
Agent 0f1b9b7a-656e-4137-ae5c-c0bb112cd8b3: 
Agent ID: 0f1b9b7a-656e-4137-ae5c-c0bb112cd8b3
Agent 2f7fb2c2-26b8-4181-a72d-d223741d1097: 
Agent ID: 2f7fb2c2-26b8-4181-a72d-d223741d1097
Agent 323a0b0a-7c43-4dea-b0d6-7e5b9eb6c36d: 
Agent ID: 323a0b0a-7c43-4dea-b0d6-7e5b9eb6c36d
Agent ae44787b-4c05-4da7-bc0a-438657ef04bb: 
Agent ID: ae44787b-4c05-4da7-bc0a-438657ef04bb

Iteration 2, Turn 4:
Agent 0f1b9b7a-656e-4137-ae5c-c0bb112cd8b3: 
Agent ID: 0f1b9b7a-656e-4137-ae5c-c0bb112cd8b3
Agent 323a0b0a-7c43-4dea-b0d6-7e5b9eb6c36d: 
Agent ID: 323a0b0a-7c43-4dea-b0d6-7e5b9eb6c36d
Agent ae44787b-4c05-4da7-bc0a-438657ef04bb: 
Agent ID: ae44787b-4c05-4da7-bc0a-438657ef04bb
