main function started.
--------Start of iteration 0---------


Iteration 0, Turn 0, current agent count: 5


Iteration 0, Turn 1, current agent count: 5
--------End of iteration 0---------
--------Start of iteration 1---------


Iteration 1, Turn 0, current agent count: 5


Iteration 1, Turn 1, current agent count: 5
--------End of iteration 1---------
--------Start of iteration 2---------


Iteration 2, Turn 0, current agent count: 5


Iteration 2, Turn 1, current agent count: 5
--------End of iteration 2---------


GamePlaybackSummary - playing 9 turn records

Iteration 0, Turn 0:

Iteration 0, Turn 1:
Agent 442c6a98-8d8e-4f01-b5b6-fc11c9a69504: 
Agent ID: 442c6a98-8d8e-4f01-b5b6-fc11c9a69504
Agent 7f50e3ec-5ec5-44bb-89a7-2fa183bf4657: 
[DEAD] 
Agent ID: 7f50e3ec-5ec5-44bb-89a7-2fa183bf4657
Agent ed9fe8ba-0bae-4313-ad31-93048f8d0002: 
[DEAD] 
Agent ID: ed9fe8ba-0bae-4313-ad31-93048f8d0002
Agent f576a908-e10b-440b-84b3-62acf32554fc: 
[DEAD] 
Agent ID: f576a908-e10b-440b-84b3-62acf32554fc
Agent f88450be-45b5-4c47-ae93-cfa6ddc519c9: 
Agent ID: f88450be-45b5-4c47-ae93-cfa6ddc519c9

Iteration 0, Turn 2:
Agent 442c6a98-8d8e-4f01-b5b6-fc11c9a69504: 
[DEAD] 
Agent ID: 442c6a98-8d8e-4f01-b5b6-fc11c9a69504
Agent 7f50e3ec-5ec5-44bb-89a7-2fa183bf4657: 
[DEAD] 
Agent ID: 7f50e3ec-5ec5-44bb-89a7-2fa183bf4657
Agent ed9fe8ba-0bae-4313-ad31-93048f8d0002: 
[DEAD] 
Agent ID: ed9fe8ba-0bae-4313-ad31-93048f8d0002
Agent f576a908-e10b-440b-84b3-62acf32554fc: 
[DEAD] 
Agent ID: f576a908-e10b-440b-84b3-62acf32554fc
Agent f88450be-45b5-4c47-ae93-cfa6ddc519c9: 
Agent ID: f88450be-45b5-4c47-ae93-cfa6ddc519c9

Iteration 1, Turn 0:

Iteration 1, Turn 1:
Agent 442c6a98-8d8e-4f01-b5b6-fc11c9a69504: 
[DEAD] 
Agent ID: 442c6a98-8d8e-4f01-b5b6-fc11c9a69504
Agent 7f50e3ec-5ec5-44bb-89a7-2fa183bf4657: 
[DEAD] 
Agent ID: 7f50e3ec-5ec5-44bb-89a7-2fa183bf4657
Agent ed9fe8ba-0bae-4313-ad31-93048f8d0002: 
[DEAD] 
Agent ID: ed9fe8ba-0bae-4313-ad31-93048f8d0002
Agent f576a908-e10b-440b-84b3-62acf32554fc: 
[DEAD] 
Agent ID: f576a908-e10b-440b-84b3-62acf32554fc
Agent f88450be-45b5-4c47-ae93-cfa6ddc519c9: 
Agent ID: f88450be-45b5-4c47-ae93-cfa6ddc519c9

Iteration 1, Turn 2:
Agent 442c6a98-8d8e-4f01-b5b6-fc11c9a69504: 
[DEAD] 
Agent ID: 442c6a98-8d8e-4f01-b5b6-fc11c9a69504
Agent 7f50e3ec-5ec5-44bb-89a7-2fa183bf4657: 
[DEAD] 
Agent ID: 7f50e3ec-5ec5-44bb-89a7-2fa183bf4657
Agent ed9fe8ba-0bae-4313-ad31-93048f8d0002: 
[DEAD] 
Agent ID: ed9fe8ba-0bae-4313-ad31-93048f8d0002
Agent f576a908-e10b-440b-84b3-62acf32554fc: 
[DEAD] 
Agent ID: f576a908-e10b-440b-84b3-62acf32554fc
Agent f88450be-45b5-4c47-ae93-cfa6ddc519c9: 
Agent ID: f88450be-45b5-4c47-ae93-cfa6ddc519c9

Iteration 2, Turn 0:

Iteration 2, Turn 1:
Agent 442c6a98-8d8e-4f01-b5b6-fc11c9a69504: 
[DEAD] 
Agent ID: 442c6a98-8d8e-4f01-b5b6-fc11c9a69504
Agent 7f50e3ec-5ec5-44bb-89a7-2fa183bf4657: 
[DEAD] 
Agent ID: 7f50e3ec-5ec5-44bb-89a7-2fa183bf4657
Agent ed9fe8ba-0bae-4313-ad31-93048f8d0002: 
[DEAD] 
Agent ID: ed9fe8ba-0bae-4313-ad31-93048f8d0002
Agent f576a908-e10b-440b-84b3-62acf32554fc: 
[DEAD] 
Agent ID: f576a908-e10b-440b-84b3-62acf32554fc
Agent f88450be-45b5-4c47-ae93-cfa6ddc519c9: 
[DEAD] 
Agent ID: f88450be-45b5-4c47-ae93-cfa6ddc519c9

Iteration 2, Turn 2:
Agent 442c6a98-8d8e-4f01-b5b6-fc11c9a69504: 
[DEAD] 
Agent ID: 442c6a98-8d8e-4f01-b5b6-fc11c9a69504
Agent 7f50e3ec-5ec5-44bb-89a7-2fa183bf4657: 
[DEAD] 
Agent ID: 7f50e3ec-5ec5-44bb-89a7-2fa183bf4657
Agent ed9fe8ba-0bae-4313-ad31-93048f8d0002: 
[DEAD] 
Agent ID: ed9fe8ba-0bae-4313-ad31-93048f8d0002
Agent f576a908-e10b-440b-84b3-62acf32554fc: 
[DEAD] 
Agent ID: f576a908-e10b-440b-84b3-62acf32554fc
Agent f88450be-45b5-4c47-ae93-cfa6ddc519c9: 
[DEAD] 
Agent ID: f88450be-45b5-4c47-ae93-cfa6ddc519c9
