main function started.
--------Start of iteration 0---------


Iteration 0, Turn 0, current agent count: 10


Iteration 0, Turn 1, current agent count: 10


Iteration 0, Turn 2, current agent count: 10


Iteration 0, Turn 3, current agent count: 10


Iteration 0, Turn 4, current agent count: 10
--------End of iteration 0---------
--------Start of iteration 1---------


Iteration 1, Turn 0, current agent count: 10


Iteration 1, Turn 1, current agent count: 10


Iteration 1, Turn 2, current agent count: 10


Iteration 1, Turn 3, current agent count: 10


Iteration 1, Turn 4, current agent count: 10
--------End of iteration 1---------
--------Start of iteration 2---------


Iteration 2, Turn 0, current agent count: 10


Iteration 2, Turn 1, current agent count: 10


Iteration 2, Turn 2, current agent count: 10


Iteration 2, Turn 3, current agent count: 10


Iteration 2, Turn 4, current agent count: 10
--------End of iteration 2---------


GamePlaybackSummary - playing 18 turn records

Iteration 0, Turn 0:

Iteration 0, Turn 0:
Agent 031b4faa-4a28-402f-b2a5-0081400a1fec: 
Agent ID: 031b4faa-4a28-402f-b2a5-0081400a1fec
Agent 0d04d2b8-a7c2-45e9-a72d-74eeb689c212: 
Agent ID: 0d04d2b8-a7c2-45e9-a72d-74eeb689c212
Agent 12bc2047-b38e-430b-99a7-cb21c0455626: 
Agent ID: 12bc2047-b38e-430b-99a7-cb21c0455626
Agent 18c54bf7-2e0c-4c69-9a1f-f3b5138eddc9: 
Agent ID: 18c54bf7-2e0c-4c69-9a1f-f3b5138eddc9
Agent 36522a6a-f414-4432-80ba-08866771e6c9: 
Agent ID: 36522a6a-f414-4432-80ba-08866771e6c9
Agent 496ff3a5-d20c-460a-b8ae-7ea986250a74: 
Agent ID: 496ff3a5-d20c-460a-b8ae-7ea986250a74
Agent 66de2f44-6722-48d2-9bfe-fe25e6dcb5cd: 
Agent ID: 66de2f44-6722-48d2-9bfe-fe25e6dcb5cd
Agent 8abd94b7-7c48-48e1-933f-60b6aaaea093: 
Agent ID: 8abd94b7-7c48-48e1-933f-60b6aaaea093
Agent 8ef7b604-c2fc-4801-99e4-c410319f95f6: 
Agent ID: 8ef7b604-c2fc-4801-99e4-c410319f95f6
Agent e0ec390c-d258-413b-b5b3-c1b6c21d9aa7: 
Agent ID: e0ec390c-d258-413b-b5b3-c1b6c21d9aa7

Iteration 0, Turn 1:
Agent 031b4faa-4a28-402f-b2a5-0081400a1fec: 
[DEAD] 
Agent ID: 031b4faa-4a28-402f-b2a5-0081400a1fec
Agent 0d04d2b8-a7c2-45e9-a72d-74eeb689c212: 
Agent ID: 0d04d2b8-a7c2-45e9-a72d-74eeb689c212
Agent 12bc2047-b38e-430b-99a7-cb21c0455626: 
Agent ID: 12bc2047-b38e-430b-99a7-cb21c0455626
Agent 18c54bf7-2e0c-4c69-9a1f-f3b5138eddc9: 
Agent ID: 18c54bf7-2e0c-4c69-9a1f-f3b5138eddc9
Agent 36522a6a-f414-4432-80ba-08866771e6c9: 
Agent ID: 36522a6a-f414-4432-80ba-08866771e6c9
Agent 496ff3a5-d20c-460a-b8ae-7ea986250a74: 
Agent ID: 496ff3a5-d20c-460a-b8ae-7ea986250a74
Agent 66de2f44-6722-48d2-9bfe-fe25e6dcb5cd: 
Agent ID: 66de2f44-6722-48d2-9bfe-fe25e6dcb5cd
Agent 8abd94b7-7c48-48e1-933f-60b6aaaea093: 
Agent ID: 8abd94b7-7c48-48e1-933f-60b6aaaea093
Agent 8ef7b604-c2fc-4801-99e4-c410319f95f6: 
Agent ID: 8ef7b604-c2fc-4801-99e4-c410319f95f6
Agent e0ec390c-d258-413b-b5b3-c1b6c21d9aa7: 
Agent ID: e0ec390c-d258-413b-b5b3-c1b6c21d9aa7

Iteration 0, Turn 2:
Agent 031b4faa-4a28-402f-b2a5-0081400a1fec: 
[DEAD] 
Agent ID: 031b4faa-4a28-402f-b2a5-0081400a1fec
Agent 0d04d2b8-a7c2-45e9-a72d-74eeb689c212: 
Agent ID: 0d04d2b8-a7c2-45e9-a72d-74eeb689c212
Agent 12bc2047-b38e-430b-99a7-cb21c0455626: 
Agent ID: 12bc2047-b38e-430b-99a7-cb21c0455626
Agent 18c54bf7-2e0c-4c69-9a1f-f3b5138eddc9: 
Agent ID: 18c54bf7-2e0c-4c69-9a1f-f3b5138eddc9
Agent 36522a6a-f414-4432-80ba-08866771e6c9: 
Agent ID: 36522a6a-f414-4432-80ba-08866771e6c9
Agent 496ff3a5-d20c-460a-b8ae-7ea986250a74: 
Agent ID: 496ff3a5-d20c-460a-b8ae-7ea986250a74
Agent 66de2f44-6722-48d2-9bfe-fe25e6dcb5cd: 
Agent ID: 66de2f44-6722-48d2-9bfe-fe25e6dcb5cd
Agent 8abd94b7-7c48-48e1-933f-60b6aaaea093: 
Agent ID: 8abd94b7-7c48-48e1-933f-60b6aaaea093
Agent 8ef7b604-c2fc-4801-99e4-c410319f95f6: 
Agent ID: 8ef7b604-c2fc-4801-99e4-c410319f95f6
Agent e0ec390c-d258-413b-b5b3-c1b6c21d9aa7: 
Agent ID: e0ec390c-d258-413b-b5b3-c1b6c21d9aa7

Iteration 0, Turn 3:
Agent 031b4faa-4a28-402f-b2a5-0081400a1fec: 
[DEAD] 
Agent ID: 031b4faa-4a28-402f-b2a5-0081400a1fec
Agent 0d04d2b8-a7c2-45e9-a72d-74eeb689c212: 
Agent ID: 0d04d2b8-a7c2-45e9-a72d-74eeb689c212
Agent 12bc2047-b38e-430b-99a7-cb21c0455626: 
Agent ID: 12bc2047-b38e-430b-99a7-cb21c0455626
Agent 18c54bf7-2e0c-4c69-9a1f-f3b5138eddc9: 
[DEAD] 
Agent ID: 18c54bf7-2e0c-4c69-9a1f-f3b5138eddc9
Agent 36522a6a-f414-4432-80ba-08866771e6c9: 
[DEAD] 
Agent ID: 36522a6a-f414-4432-80ba-08866771e6c9
Agent 496ff3a5-d20c-460a-b8ae-7ea986250a74: 
Agent ID: 496ff3a5-d20c-460a-b8ae-7ea986250a74
Agent 66de2f44-6722-48d2-9bfe-fe25e6dcb5cd: 
Agent ID: 66de2f44-6722-48d2-9bfe-fe25e6dcb5cd
Agent 8abd94b7-7c48-48e1-933f-60b6aaaea093: 
Agent ID: 8abd94b7-7c48-48e1-933f-60b6aaaea093
Agent 8ef7b604-c2fc-4801-99e4-c410319f95f6: 
[DEAD] 
Agent ID: 8ef7b604-c2fc-4801-99e4-c410319f95f6
Agent e0ec390c-d258-413b-b5b3-c1b6c21d9aa7: 
Agent ID: e0ec390c-d258-413b-b5b3-c1b6c21d9aa7

Iteration 0, Turn 4:
Agent 031b4faa-4a28-402f-b2a5-0081400a1fec: 
[DEAD] 
Agent ID: 031b4faa-4a28-402f-b2a5-0081400a1fec
Agent 0d04d2b8-a7c2-45e9-a72d-74eeb689c212: 
Agent ID: 0d04d2b8-a7c2-45e9-a72d-74eeb689c212
Agent 12bc2047-b38e-430b-99a7-cb21c0455626: 
Agent ID: 12bc2047-b38e-430b-99a7-cb21c0455626
Agent 18c54bf7-2e0c-4c69-9a1f-f3b5138eddc9: 
[DEAD] 
Agent ID: 18c54bf7-2e0c-4c69-9a1f-f3b5138eddc9
Agent 36522a6a-f414-4432-80ba-08866771e6c9: 
[DEAD] 
Agent ID: 36522a6a-f414-4432-80ba-08866771e6c9
Agent 496ff3a5-d20c-460a-b8ae-7ea986250a74: 
Agent ID: 496ff3a5-d20c-460a-b8ae-7ea986250a74
Agent 66de2f44-6722-48d2-9bfe-fe25e6dcb5cd: 
Agent ID: 66de2f44-6722-48d2-9bfe-fe25e6dcb5cd
Agent 8abd94b7-7c48-48e1-933f-60b6aaaea093: 
[DEAD] 
Agent ID: 8abd94b7-7c48-48e1-933f-60b6aaaea093
Agent 8ef7b604-c2fc-4801-99e4-c410319f95f6: 
[DEAD] 
Agent ID: 8ef7b604-c2fc-4801-99e4-c410319f95f6
Agent e0ec390c-d258-413b-b5b3-c1b6c21d9aa7: 
Agent ID: e0ec390c-d258-413b-b5b3-c1b6c21d9aa7

Iteration 1, Turn 0:

Iteration 1, Turn 0:
Agent 031b4faa-4a28-402f-b2a5-0081400a1fec: 
[DEAD] 
Agent ID: 031b4faa-4a28-402f-b2a5-0081400a1fec
Agent 0d04d2b8-a7c2-45e9-a72d-74eeb689c212: 
[DEAD] 
Agent ID: 0d04d2b8-a7c2-45e9-a72d-74eeb689c212
Agent 12bc2047-b38e-430b-99a7-cb21c0455626: 
Agent ID: 12bc2047-b38e-430b-99a7-cb21c0455626
Agent 18c54bf7-2e0c-4c69-9a1f-f3b5138eddc9: 
[DEAD] 
Agent ID: 18c54bf7-2e0c-4c69-9a1f-f3b5138eddc9
Agent 36522a6a-f414-4432-80ba-08866771e6c9: 
[DEAD] 
Agent ID: 36522a6a-f414-4432-80ba-08866771e6c9
Agent 496ff3a5-d20c-460a-b8ae-7ea986250a74: 
Agent ID: 496ff3a5-d20c-460a-b8ae-7ea986250a74
Agent 66de2f44-6722-48d2-9bfe-fe25e6dcb5cd: 
Agent ID: 66de2f44-6722-48d2-9bfe-fe25e6dcb5cd
Agent 8abd94b7-7c48-48e1-933f-60b6aaaea093: 
[DEAD] 
Agent ID: 8abd94b7-7c48-48e1-933f-60b6aaaea093
Agent 8ef7b604-c2fc-4801-99e4-c410319f95f6: 
[DEAD] 
Agent ID: 8ef7b604-c2fc-4801-99e4-c410319f95f6
Agent e0ec390c-d258-413b-b5b3-c1b6c21d9aa7: 
[DEAD] 
Agent ID: e0ec390c-d258-413b-b5b3-c1b6c21d9aa7

Iteration 1, Turn 1:
Agent 031b4faa-4a28-402f-b2a5-0081400a1fec: 
[DEAD] 
Agent ID: 031b4faa-4a28-402f-b2a5-0081400a1fec
Agent 0d04d2b8-a7c2-45e9-a72d-74eeb689c212: 
[DEAD] 
Agent ID: 0d04d2b8-a7c2-45e9-a72d-74eeb689c212
Agent 12bc2047-b38e-430b-99a7-cb21c0455626: 
Agent ID: 12bc2047-b38e-430b-99a7-cb21c0455626
Agent 18c54bf7-2e0c-4c69-9a1f-f3b5138eddc9: 
[DEAD] 
Agent ID: 18c54bf7-2e0c-4c69-9a1f-f3b5138eddc9
Agent 36522a6a-f414-4432-80ba-08866771e6c9: 
[DEAD] 
Agent ID: 36522a6a-f414-4432-80ba-08866771e6c9
Agent 496ff3a5-d20c-460a-b8ae-7ea986250a74: 
Agent ID: 496ff3a5-d20c-460a-b8ae-7ea986250a74
Agent 66de2f44-6722-48d2-9bfe-fe25e6dcb5cd: 
Agent ID: 66de2f44-6722-48d2-9bfe-fe25e6dcb5cd
Agent 8abd94b7-7c48-48e1-933f-60b6aaaea093: 
[DEAD] 
Agent ID: 8abd94b7-7c48-48e1-933f-60b6aaaea093
Agent 8ef7b604-c2fc-4801-99e4-c410319f95f6: 
[DEAD] 
Agent ID: 8ef7b604-c2fc-4801-99e4-c410319f95f6
Agent e0ec390c-d258-413b-b5b3-c1b6c21d9aa7: 
[DEAD] 
Agent ID: e0ec390c-d258-413b-b5b3-c1b6c21d9aa7

Iteration 1, Turn 2:
Agent 031b4faa-4a28-402f-b2a5-0081400a1fec: 
[DEAD] 
Agent ID: 031b4faa-4a28-402f-b2a5-0081400a1fec
Agent 0d04d2b8-a7c2-45e9-a72d-74eeb689c212: 
[DEAD] 
Agent ID: 0d04d2b8-a7c2-45e9-a72d-74eeb689c212
Agent 12bc2047-b38e-430b-99a7-cb21c0455626: 
Agent ID: 12bc2047-b38e-430b-99a7-cb21c0455626
Agent 18c54bf7-2e0c-4c69-9a1f-f3b5138eddc9: 
[DEAD] 
Agent ID: 18c54bf7-2e0c-4c69-9a1f-f3b5138eddc9
Agent 36522a6a-f414-4432-80ba-08866771e6c9: 
[DEAD] 
Agent ID: 36522a6a-f414-4432-80ba-08866771e6c9
Agent 496ff3a5-d20c-460a-b8ae-7ea986250a74: 
Agent ID: 496ff3a5-d20c-460a-b8ae-7ea986250a74
Agent 66de2f44-6722-48d2-9bfe-fe25e6dcb5cd: 
[DEAD] 
Agent ID: 66de2f44-6722-48d2-9bfe-fe25e6dcb5cd
Agent 8abd94b7-7c48-48e1-933f-60b6aaaea093: 
[DEAD] 
Agent ID: 8abd94b7-7c48-48e1-933f-60b6aaaea093
Agent 8ef7b604-c2fc-4801-99e4-c410319f95f6: 
[DEAD] 
Agent ID: 8ef7b604-c2fc-4801-99e4-c410319f95f6
Agent e0ec390c-d258-413b-b5b3-c1b6c21d9aa7: 
[DEAD] 
Agent ID: e0ec390c-d258-413b-b5b3-c1b6c21d9aa7

Iteration 1, Turn 3:
Agent 031b4faa-4a28-402f-b2a5-0081400a1fec: 
[DEAD] 
Agent ID: 031b4faa-4a28-402f-b2a5-0081400a1fec
Agent 0d04d2b8-a7c2-45e9-a72d-74eeb689c212: 
[DEAD] 
Agent ID: 0d04d2b8-a7c2-45e9-a72d-74eeb689c212
Agent 12bc2047-b38e-430b-99a7-cb21c0455626: 
Agent ID: 12bc2047-b38e-430b-99a7-cb21c0455626
Agent 18c54bf7-2e0c-4c69-9a1f-f3b5138eddc9: 
[DEAD] 
Agent ID: 18c54bf7-2e0c-4c69-9a1f-f3b5138eddc9
Agent 36522a6a-f414-4432-80ba-08866771e6c9: 
[DEAD] 
Agent ID: 36522a6a-f414-4432-80ba-08866771e6c9
Agent 496ff3a5-d20c-460a-b8ae-7ea986250a74: 
Agent ID: 496ff3a5-d20c-460a-b8ae-7ea986250a74
Agent 66de2f44-6722-48d2-9bfe-fe25e6dcb5cd: 
[DEAD] 
Agent ID: 66de2f44-6722-48d2-9bfe-fe25e6dcb5cd
Agent 8abd94b7-7c48-48e1-933f-60b6aaaea093: 
[DEAD] 
Agent ID: 8abd94b7-7c48-48e1-933f-60b6aaaea093
Agent 8ef7b604-c2fc-4801-99e4-c410319f95f6: 
[DEAD] 
Agent ID: 8ef7b604-c2fc-4801-99e4-c410319f95f6
Agent e0ec390c-d258-413b-b5b3-c1b6c21d9aa7: 
[DEAD] 
Agent ID: e0ec390c-d258-413b-b5b3-c1b6c21d9aa7

Iteration 1, Turn 4:
Agent 031b4faa-4a28-402f-b2a5-0081400a1fec: 
[DEAD] 
Agent ID: 031b4faa-4a28-402f-b2a5-0081400a1fec
Agent 0d04d2b8-a7c2-45e9-a72d-74eeb689c212: 
[DEAD] 
Agent ID: 0d04d2b8-a7c2-45e9-a72d-74eeb689c212
Agent 12bc2047-b38e-430b-99a7-cb21c0455626: 
[DEAD] 
Agent ID: 12bc2047-b38e-430b-99a7-cb21c0455626
Agent 18c54bf7-2e0c-4c69-9a1f-f3b5138eddc9: 
[DEAD] 
Agent ID: 18c54bf7-2e0c-4c69-9a1f-f3b5138eddc9
Agent 36522a6a-f414-4432-80ba-08866771e6c9: 
[DEAD] 
Agent ID: 36522a6a-f414-4432-80ba-08866771e6c9
Agent 496ff3a5-d20c-460a-b8ae-7ea986250a74: 
[DEAD] 
Agent ID: 496ff3a5-d20c-460a-b8ae-7ea986250a74
Agent 66de2f44-6722-48d2-9bfe-fe25e6dcb5cd: 
[DEAD] 
Agent ID: 66de2f44-6722-48d2-9bfe-fe25e6dcb5cd
Agent 8abd94b7-7c48-48e1-933f-60b6aaaea093: 
[DEAD] 
Agent ID: 8abd94b7-7c48-48e1-933f-60b6aaaea093
Agent 8ef7b604-c2fc-4801-99e4-c410319f95f6: 
[DEAD] 
Agent ID: 8ef7b604-c2fc-4801-99e4-c410319f95f6
Agent e0ec390c-d258-413b-b5b3-c1b6c21d9aa7: 
[DEAD] 
Agent ID: e0ec390c-d258-413b-b5b3-c1b6c21d9aa7

Iteration 2, Turn 0:

Iteration 2, Turn 0:
Agent 031b4faa-4a28-402f-b2a5-0081400a1fec: 
[DEAD] 
Agent ID: 031b4faa-4a28-402f-b2a5-0081400a1fec
Agent 0d04d2b8-a7c2-45e9-a72d-74eeb689c212: 
[DEAD] 
Agent ID: 0d04d2b8-a7c2-45e9-a72d-74eeb689c212
Agent 12bc2047-b38e-430b-99a7-cb21c0455626: 
[DEAD] 
Agent ID: 12bc2047-b38e-430b-99a7-cb21c0455626
Agent 18c54bf7-2e0c-4c69-9a1f-f3b5138eddc9: 
[DEAD] 
Agent ID: 18c54bf7-2e0c-4c69-9a1f-f3b5138eddc9
Agent 36522a6a-f414-4432-80ba-08866771e6c9: 
[DEAD] 
Agent ID: 36522a6a-f414-4432-80ba-08866771e6c9
Agent 496ff3a5-d20c-460a-b8ae-7ea986250a74: 
[DEAD] 
Agent ID: 496ff3a5-d20c-460a-b8ae-7ea986250a74
Agent 66de2f44-6722-48d2-9bfe-fe25e6dcb5cd: 
[DEAD] 
Agent ID: 66de2f44-6722-48d2-9bfe-fe25e6dcb5cd
Agent 8abd94b7-7c48-48e1-933f-60b6aaaea093: 
[DEAD] 
Agent ID: 8abd94b7-7c48-48e1-933f-60b6aaaea093
Agent 8ef7b604-c2fc-4801-99e4-c410319f95f6: 
[DEAD] 
Agent ID: 8ef7b604-c2fc-4801-99e4-c410319f95f6
Agent e0ec390c-d258-413b-b5b3-c1b6c21d9aa7: 
[DEAD] 
Agent ID: e0ec390c-d258-413b-b5b3-c1b6c21d9aa7

Iteration 2, Turn 1:
Agent 031b4faa-4a28-402f-b2a5-0081400a1fec: 
[DEAD] 
Agent ID: 031b4faa-4a28-402f-b2a5-0081400a1fec
Agent 0d04d2b8-a7c2-45e9-a72d-74eeb689c212: 
[DEAD] 
Agent ID: 0d04d2b8-a7c2-45e9-a72d-74eeb689c212
Agent 12bc2047-b38e-430b-99a7-cb21c0455626: 
[DEAD] 
Agent ID: 12bc2047-b38e-430b-99a7-cb21c0455626
Agent 18c54bf7-2e0c-4c69-9a1f-f3b5138eddc9: 
[DEAD] 
Agent ID: 18c54bf7-2e0c-4c69-9a1f-f3b5138eddc9
Agent 36522a6a-f414-4432-80ba-08866771e6c9: 
[DEAD] 
Agent ID: 36522a6a-f414-4432-80ba-08866771e6c9
Agent 496ff3a5-d20c-460a-b8ae-7ea986250a74: 
[DEAD] 
Agent ID: 496ff3a5-d20c-460a-b8ae-7ea986250a74
Agent 66de2f44-6722-48d2-9bfe-fe25e6dcb5cd: 
[DEAD] 
Agent ID: 66de2f44-6722-48d2-9bfe-fe25e6dcb5cd
Agent 8abd94b7-7c48-48e1-933f-60b6aaaea093: 
[DEAD] 
Agent ID: 8abd94b7-7c48-48e1-933f-60b6aaaea093
Agent 8ef7b604-c2fc-4801-99e4-c410319f95f6: 
[DEAD] 
Agent ID: 8ef7b604-c2fc-4801-99e4-c410319f95f6
Agent e0ec390c-d258-413b-b5b3-c1b6c21d9aa7: 
[DEAD] 
Agent ID: e0ec390c-d258-413b-b5b3-c1b6c21d9aa7

Iteration 2, Turn 2:
Agent 031b4faa-4a28-402f-b2a5-0081400a1fec: 
[DEAD] 
Agent ID: 031b4faa-4a28-402f-b2a5-0081400a1fec
Agent 0d04d2b8-a7c2-45e9-a72d-74eeb689c212: 
[DEAD] 
Agent ID: 0d04d2b8-a7c2-45e9-a72d-74eeb689c212
Agent 12bc2047-b38e-430b-99a7-cb21c0455626: 
[DEAD] 
Agent ID: 12bc2047-b38e-430b-99a7-cb21c0455626
Agent 18c54bf7-2e0c-4c69-9a1f-f3b5138eddc9: 
[DEAD] 
Agent ID: 18c54bf7-2e0c-4c69-9a1f-f3b5138eddc9
Agent 36522a6a-f414-4432-80ba-08866771e6c9: 
[DEAD] 
Agent ID: 36522a6a-f414-4432-80ba-08866771e6c9
Agent 496ff3a5-d20c-460a-b8ae-7ea986250a74: 
[DEAD] 
Agent ID: 496ff3a5-d20c-460a-b8ae-7ea986250a74
Agent 66de2f44-6722-48d2-9bfe-fe25e6dcb5cd: 
[DEAD] 
Agent ID: 66de2f44-6722-48d2-9bfe-fe25e6dcb5cd
Agent 8abd94b7-7c48-48e1-933f-60b6aaaea093: 
[DEAD] 
Agent ID: 8abd94b7-7c48-48e1-933f-60b6aaaea093
Agent 8ef7b604-c2fc-4801-99e4-c410319f95f6: 
[DEAD] 
Agent ID: 8ef7b604-c2fc-4801-99e4-c410319f95f6
Agent e0ec390c-d258-413b-b5b3-c1b6c21d9aa7: 
[DEAD] 
Agent ID: e0ec390c-d258-413b-b5b3-c1b6c21d9aa7

Iteration 2, Turn 3:
Agent 031b4faa-4a28-402f-b2a5-0081400a1fec: 
[DEAD] 
Agent ID: 031b4faa-4a28-402f-b2a5-0081400a1fec
Agent 0d04d2b8-a7c2-45e9-a72d-74eeb689c212: 
[DEAD] 
Agent ID: 0d04d2b8-a7c2-45e9-a72d-74eeb689c212
Agent 12bc2047-b38e-430b-99a7-cb21c0455626: 
[DEAD] 
Agent ID: 12bc2047-b38e-430b-99a7-cb21c0455626
Agent 18c54bf7-2e0c-4c69-9a1f-f3b5138eddc9: 
[DEAD] 
Agent ID: 18c54bf7-2e0c-4c69-9a1f-f3b5138eddc9
Agent 36522a6a-f414-4432-80ba-08866771e6c9: 
[DEAD] 
Agent ID: 36522a6a-f414-4432-80ba-08866771e6c9
Agent 496ff3a5-d20c-460a-b8ae-7ea986250a74: 
[DEAD] 
Agent ID: 496ff3a5-d20c-460a-b8ae-7ea986250a74
Agent 66de2f44-6722-48d2-9bfe-fe25e6dcb5cd: 
[DEAD] 
Agent ID: 66de2f44-6722-48d2-9bfe-fe25e6dcb5cd
Agent 8abd94b7-7c48-48e1-933f-60b6aaaea093: 
[DEAD] 
Agent ID: 8abd94b7-7c48-48e1-933f-60b6aaaea093
Agent 8ef7b604-c2fc-4801-99e4-c410319f95f6: 
[DEAD] 
Agent ID: 8ef7b604-c2fc-4801-99e4-c410319f95f6
Agent e0ec390c-d258-413b-b5b3-c1b6c21d9aa7: 
[DEAD] 
Agent ID: e0ec390c-d258-413b-b5b3-c1b6c21d9aa7

Iteration 2, Turn 4:
Agent 031b4faa-4a28-402f-b2a5-0081400a1fec: 
[DEAD] 
Agent ID: 031b4faa-4a28-402f-b2a5-0081400a1fec
Agent 0d04d2b8-a7c2-45e9-a72d-74eeb689c212: 
[DEAD] 
Agent ID: 0d04d2b8-a7c2-45e9-a72d-74eeb689c212
Agent 12bc2047-b38e-430b-99a7-cb21c0455626: 
[DEAD] 
Agent ID: 12bc2047-b38e-430b-99a7-cb21c0455626
Agent 18c54bf7-2e0c-4c69-9a1f-f3b5138eddc9: 
[DEAD] 
Agent ID: 18c54bf7-2e0c-4c69-9a1f-f3b5138eddc9
Agent 36522a6a-f414-4432-80ba-08866771e6c9: 
[DEAD] 
Agent ID: 36522a6a-f414-4432-80ba-08866771e6c9
Agent 496ff3a5-d20c-460a-b8ae-7ea986250a74: 
[DEAD] 
Agent ID: 496ff3a5-d20c-460a-b8ae-7ea986250a74
Agent 66de2f44-6722-48d2-9bfe-fe25e6dcb5cd: 
[DEAD] 
Agent ID: 66de2f44-6722-48d2-9bfe-fe25e6dcb5cd
Agent 8abd94b7-7c48-48e1-933f-60b6aaaea093: 
[DEAD] 
Agent ID: 8abd94b7-7c48-48e1-933f-60b6aaaea093
Agent 8ef7b604-c2fc-4801-99e4-c410319f95f6: 
[DEAD] 
Agent ID: 8ef7b604-c2fc-4801-99e4-c410319f95f6
Agent e0ec390c-d258-413b-b5b3-c1b6c21d9aa7: 
[DEAD] 
Agent ID: e0ec390c-d258-413b-b5b3-c1b6c21d9aa7
