main function started.
--------Start of iteration 0---------


Iteration 0, Turn 0, current agent count: 16


Iteration 0, Turn 1, current agent count: 16


Iteration 0, Turn 2, current agent count: 14


Iteration 0, Turn 3, current agent count: 13


Iteration 0, Turn 4, current agent count: 12
--------End of iteration 0---------
--------Start of iteration 1---------


Iteration 1, Turn 0, current agent count: 11


Iteration 1, Turn 1, current agent count: 7


Iteration 1, Turn 2, current agent count: 7


Iteration 1, Turn 3, current agent count: 6


Iteration 1, Turn 4, current agent count: 5
--------End of iteration 1---------
--------Start of iteration 2---------


Iteration 2, Turn 0, current agent count: 5


Iteration 2, Turn 1, current agent count: 5


Iteration 2, Turn 2, current agent count: 5


Iteration 2, Turn 3, current agent count: 5


Iteration 2, Turn 4, current agent count: 3
--------End of iteration 2---------


GamePlaybackSummary - playing 18 turn records

Iteration 0, Turn 0:

Iteration 0, Turn 0:
Agent 0079b06a-8f34-47c1-9a99-eef1e54b2029: 
Agent ID: 0079b06a-8f34-47c1-9a99-eef1e54b2029
Agent 1a7b6620-3c6f-4239-a228-9031fe07f72f: 
Agent ID: 1a7b6620-3c6f-4239-a228-9031fe07f72f
Agent 2f02d5ef-7856-4f72-876f-8c1cd8f95eaf: 
Agent ID: 2f02d5ef-7856-4f72-876f-8c1cd8f95eaf
Agent 360e4c6a-9ba1-42ba-82c6-4a9ce82dad35: 
Agent ID: 360e4c6a-9ba1-42ba-82c6-4a9ce82dad35
Agent 3ad542f8-855b-48f1-a33d-0df5762d12d9: 
Agent ID: 3ad542f8-855b-48f1-a33d-0df5762d12d9
Agent 560b2885-3cb5-4b15-9761-0a525f8bb7e0: 
Agent ID: 560b2885-3cb5-4b15-9761-0a525f8bb7e0
Agent 6624b283-bb86-4378-a9d0-c7f8728d3928: 
Agent ID: 6624b283-bb86-4378-a9d0-c7f8728d3928
Agent 68034496-f682-45e0-8e5a-4d0cdc4b477f: 
Agent ID: 68034496-f682-45e0-8e5a-4d0cdc4b477f
Agent 9a7c5417-2b06-4c37-8d44-903e819a72f2: 
Agent ID: 9a7c5417-2b06-4c37-8d44-903e819a72f2
Agent 9ad2b8a0-11f4-46de-910e-01942377f4b6: 
Agent ID: 9ad2b8a0-11f4-46de-910e-01942377f4b6
Agent 9c6c5e79-2d54-4260-bc4c-c6480e408a55: 
Agent ID: 9c6c5e79-2d54-4260-bc4c-c6480e408a55
Agent a243343a-7777-492b-be4e-b8151cb4e29a: 
Agent ID: a243343a-7777-492b-be4e-b8151cb4e29a
Agent a48c6fe0-9b0b-41f3-9471-d2a02f34b084: 
Agent ID: a48c6fe0-9b0b-41f3-9471-d2a02f34b084
Agent a9fdf006-62fe-4af1-a3d6-752a4161a5c3: 
Agent ID: a9fdf006-62fe-4af1-a3d6-752a4161a5c3
Agent c6e7ab43-d14b-4bf5-8db8-1d405c93f8a3: 
Agent ID: c6e7ab43-d14b-4bf5-8db8-1d405c93f8a3
Agent feabd9b4-a418-4dba-92ba-4213722fe288: 
Agent ID: feabd9b4-a418-4dba-92ba-4213722fe288

Iteration 0, Turn 1:
Agent 0079b06a-8f34-47c1-9a99-eef1e54b2029: 
Agent ID: 0079b06a-8f34-47c1-9a99-eef1e54b2029
Agent 1a7b6620-3c6f-4239-a228-9031fe07f72f: 
Agent ID: 1a7b6620-3c6f-4239-a228-9031fe07f72f
Agent 2f02d5ef-7856-4f72-876f-8c1cd8f95eaf: 
Agent ID: 2f02d5ef-7856-4f72-876f-8c1cd8f95eaf
Agent 360e4c6a-9ba1-42ba-82c6-4a9ce82dad35: 
Agent ID: 360e4c6a-9ba1-42ba-82c6-4a9ce82dad35
Agent 3ad542f8-855b-48f1-a33d-0df5762d12d9: 
Agent ID: 3ad542f8-855b-48f1-a33d-0df5762d12d9
Agent 68034496-f682-45e0-8e5a-4d0cdc4b477f: 
Agent ID: 68034496-f682-45e0-8e5a-4d0cdc4b477f
Agent 9a7c5417-2b06-4c37-8d44-903e819a72f2: 
Agent ID: 9a7c5417-2b06-4c37-8d44-903e819a72f2
Agent 9ad2b8a0-11f4-46de-910e-01942377f4b6: 
Agent ID: 9ad2b8a0-11f4-46de-910e-01942377f4b6
Agent 9c6c5e79-2d54-4260-bc4c-c6480e408a55: 
Agent ID: 9c6c5e79-2d54-4260-bc4c-c6480e408a55
Agent a243343a-7777-492b-be4e-b8151cb4e29a: 
Agent ID: a243343a-7777-492b-be4e-b8151cb4e29a
Agent a48c6fe0-9b0b-41f3-9471-d2a02f34b084: 
Agent ID: a48c6fe0-9b0b-41f3-9471-d2a02f34b084
Agent a9fdf006-62fe-4af1-a3d6-752a4161a5c3: 
Agent ID: a9fdf006-62fe-4af1-a3d6-752a4161a5c3
Agent c6e7ab43-d14b-4bf5-8db8-1d405c93f8a3: 
Agent ID: c6e7ab43-d14b-4bf5-8db8-1d405c93f8a3
Agent feabd9b4-a418-4dba-92ba-4213722fe288: 
Agent ID: feabd9b4-a418-4dba-92ba-4213722fe288

Iteration 0, Turn 2:
Agent 0079b06a-8f34-47c1-9a99-eef1e54b2029: 
Agent ID: 0079b06a-8f34-47c1-9a99-eef1e54b2029
Agent 1a7b6620-3c6f-4239-a228-9031fe07f72f: 
Agent ID: 1a7b6620-3c6f-4239-a228-9031fe07f72f
Agent 2f02d5ef-7856-4f72-876f-8c1cd8f95eaf: 
Agent ID: 2f02d5ef-7856-4f72-876f-8c1cd8f95eaf
Agent 360e4c6a-9ba1-42ba-82c6-4a9ce82dad35: 
Agent ID: 360e4c6a-9ba1-42ba-82c6-4a9ce82dad35
Agent 68034496-f682-45e0-8e5a-4d0cdc4b477f: 
Agent ID: 68034496-f682-45e0-8e5a-4d0cdc4b477f
Agent 9a7c5417-2b06-4c37-8d44-903e819a72f2: 
Agent ID: 9a7c5417-2b06-4c37-8d44-903e819a72f2
Agent 9ad2b8a0-11f4-46de-910e-01942377f4b6: 
Agent ID: 9ad2b8a0-11f4-46de-910e-01942377f4b6
Agent 9c6c5e79-2d54-4260-bc4c-c6480e408a55: 
Agent ID: 9c6c5e79-2d54-4260-bc4c-c6480e408a55
Agent a243343a-7777-492b-be4e-b8151cb4e29a: 
Agent ID: a243343a-7777-492b-be4e-b8151cb4e29a
Agent a48c6fe0-9b0b-41f3-9471-d2a02f34b084: 
Agent ID: a48c6fe0-9b0b-41f3-9471-d2a02f34b084
Agent a9fdf006-62fe-4af1-a3d6-752a4161a5c3: 
Agent ID: a9fdf006-62fe-4af1-a3d6-752a4161a5c3
Agent c6e7ab43-d14b-4bf5-8db8-1d405c93f8a3: 
Agent ID: c6e7ab43-d14b-4bf5-8db8-1d405c93f8a3
Agent feabd9b4-a418-4dba-92ba-4213722fe288: 
Agent ID: feabd9b4-a418-4dba-92ba-4213722fe288

Iteration 0, Turn 3:
Agent 0079b06a-8f34-47c1-9a99-eef1e54b2029: 
Agent ID: 0079b06a-8f34-47c1-9a99-eef1e54b2029
Agent 1a7b6620-3c6f-4239-a228-9031fe07f72f: 
Agent ID: 1a7b6620-3c6f-4239-a228-9031fe07f72f
Agent 2f02d5ef-7856-4f72-876f-8c1cd8f95eaf: 
Agent ID: 2f02d5ef-7856-4f72-876f-8c1cd8f95eaf
Agent 360e4c6a-9ba1-42ba-82c6-4a9ce82dad35: 
Agent ID: 360e4c6a-9ba1-42ba-82c6-4a9ce82dad35
Agent 68034496-f682-45e0-8e5a-4d0cdc4b477f: 
Agent ID: 68034496-f682-45e0-8e5a-4d0cdc4b477f
Agent 9a7c5417-2b06-4c37-8d44-903e819a72f2: 
Agent ID: 9a7c5417-2b06-4c37-8d44-903e819a72f2
Agent 9ad2b8a0-11f4-46de-910e-01942377f4b6: 
Agent ID: 9ad2b8a0-11f4-46de-910e-01942377f4b6
Agent 9c6c5e79-2d54-4260-bc4c-c6480e408a55: 
Agent ID: 9c6c5e79-2d54-4260-bc4c-c6480e408a55
Agent a243343a-7777-492b-be4e-b8151cb4e29a: 
Agent ID: a243343a-7777-492b-be4e-b8151cb4e29a
Agent a48c6fe0-9b0b-41f3-9471-d2a02f34b084: 
Agent ID: a48c6fe0-9b0b-41f3-9471-d2a02f34b084
Agent a9fdf006-62fe-4af1-a3d6-752a4161a5c3: 
Agent ID: a9fdf006-62fe-4af1-a3d6-752a4161a5c3
Agent feabd9b4-a418-4dba-92ba-4213722fe288: 
Agent ID: feabd9b4-a418-4dba-92ba-4213722fe288

Iteration 0, Turn 4:
Agent 0079b06a-8f34-47c1-9a99-eef1e54b2029: 
Agent ID: 0079b06a-8f34-47c1-9a99-eef1e54b2029
Agent 1a7b6620-3c6f-4239-a228-9031fe07f72f: 
Agent ID: 1a7b6620-3c6f-4239-a228-9031fe07f72f
Agent 2f02d5ef-7856-4f72-876f-8c1cd8f95eaf: 
Agent ID: 2f02d5ef-7856-4f72-876f-8c1cd8f95eaf
Agent 360e4c6a-9ba1-42ba-82c6-4a9ce82dad35: 
Agent ID: 360e4c6a-9ba1-42ba-82c6-4a9ce82dad35
Agent 68034496-f682-45e0-8e5a-4d0cdc4b477f: 
Agent ID: 68034496-f682-45e0-8e5a-4d0cdc4b477f
Agent 9a7c5417-2b06-4c37-8d44-903e819a72f2: 
Agent ID: 9a7c5417-2b06-4c37-8d44-903e819a72f2
Agent 9ad2b8a0-11f4-46de-910e-01942377f4b6: 
Agent ID: 9ad2b8a0-11f4-46de-910e-01942377f4b6
Agent a243343a-7777-492b-be4e-b8151cb4e29a: 
Agent ID: a243343a-7777-492b-be4e-b8151cb4e29a
Agent a48c6fe0-9b0b-41f3-9471-d2a02f34b084: 
Agent ID: a48c6fe0-9b0b-41f3-9471-d2a02f34b084
Agent a9fdf006-62fe-4af1-a3d6-752a4161a5c3: 
Agent ID: a9fdf006-62fe-4af1-a3d6-752a4161a5c3
Agent feabd9b4-a418-4dba-92ba-4213722fe288: 
Agent ID: feabd9b4-a418-4dba-92ba-4213722fe288

Iteration 1, Turn 0:

Iteration 1, Turn 0:
Agent 0079b06a-8f34-47c1-9a99-eef1e54b2029: 
Agent ID: 0079b06a-8f34-47c1-9a99-eef1e54b2029
Agent 360e4c6a-9ba1-42ba-82c6-4a9ce82dad35: 
Agent ID: 360e4c6a-9ba1-42ba-82c6-4a9ce82dad35
Agent 68034496-f682-45e0-8e5a-4d0cdc4b477f: 
Agent ID: 68034496-f682-45e0-8e5a-4d0cdc4b477f
Agent 9a7c5417-2b06-4c37-8d44-903e819a72f2: 
Agent ID: 9a7c5417-2b06-4c37-8d44-903e819a72f2
Agent a243343a-7777-492b-be4e-b8151cb4e29a: 
Agent ID: a243343a-7777-492b-be4e-b8151cb4e29a
Agent a9fdf006-62fe-4af1-a3d6-752a4161a5c3: 
Agent ID: a9fdf006-62fe-4af1-a3d6-752a4161a5c3
Agent feabd9b4-a418-4dba-92ba-4213722fe288: 
Agent ID: feabd9b4-a418-4dba-92ba-4213722fe288

Iteration 1, Turn 1:
Agent 0079b06a-8f34-47c1-9a99-eef1e54b2029: 
Agent ID: 0079b06a-8f34-47c1-9a99-eef1e54b2029
Agent 360e4c6a-9ba1-42ba-82c6-4a9ce82dad35: 
Agent ID: 360e4c6a-9ba1-42ba-82c6-4a9ce82dad35
Agent 68034496-f682-45e0-8e5a-4d0cdc4b477f: 
Agent ID: 68034496-f682-45e0-8e5a-4d0cdc4b477f
Agent 9a7c5417-2b06-4c37-8d44-903e819a72f2: 
Agent ID: 9a7c5417-2b06-4c37-8d44-903e819a72f2
Agent a243343a-7777-492b-be4e-b8151cb4e29a: 
Agent ID: a243343a-7777-492b-be4e-b8151cb4e29a
Agent a9fdf006-62fe-4af1-a3d6-752a4161a5c3: 
Agent ID: a9fdf006-62fe-4af1-a3d6-752a4161a5c3
Agent feabd9b4-a418-4dba-92ba-4213722fe288: 
Agent ID: feabd9b4-a418-4dba-92ba-4213722fe288

Iteration 1, Turn 2:
Agent 0079b06a-8f34-47c1-9a99-eef1e54b2029: 
Agent ID: 0079b06a-8f34-47c1-9a99-eef1e54b2029
Agent 360e4c6a-9ba1-42ba-82c6-4a9ce82dad35: 
Agent ID: 360e4c6a-9ba1-42ba-82c6-4a9ce82dad35
Agent 68034496-f682-45e0-8e5a-4d0cdc4b477f: 
Agent ID: 68034496-f682-45e0-8e5a-4d0cdc4b477f
Agent 9a7c5417-2b06-4c37-8d44-903e819a72f2: 
Agent ID: 9a7c5417-2b06-4c37-8d44-903e819a72f2
Agent a9fdf006-62fe-4af1-a3d6-752a4161a5c3: 
Agent ID: a9fdf006-62fe-4af1-a3d6-752a4161a5c3
Agent feabd9b4-a418-4dba-92ba-4213722fe288: 
Agent ID: feabd9b4-a418-4dba-92ba-4213722fe288

Iteration 1, Turn 3:
Agent 0079b06a-8f34-47c1-9a99-eef1e54b2029: 
Agent ID: 0079b06a-8f34-47c1-9a99-eef1e54b2029
Agent 360e4c6a-9ba1-42ba-82c6-4a9ce82dad35: 
Agent ID: 360e4c6a-9ba1-42ba-82c6-4a9ce82dad35
Agent 68034496-f682-45e0-8e5a-4d0cdc4b477f: 
Agent ID: 68034496-f682-45e0-8e5a-4d0cdc4b477f
Agent 9a7c5417-2b06-4c37-8d44-903e819a72f2: 
Agent ID: 9a7c5417-2b06-4c37-8d44-903e819a72f2
Agent feabd9b4-a418-4dba-92ba-4213722fe288: 
Agent ID: feabd9b4-a418-4dba-92ba-4213722fe288

Iteration 1, Turn 4:
Agent 0079b06a-8f34-47c1-9a99-eef1e54b2029: 
Agent ID: 0079b06a-8f34-47c1-9a99-eef1e54b2029
Agent 360e4c6a-9ba1-42ba-82c6-4a9ce82dad35: 
Agent ID: 360e4c6a-9ba1-42ba-82c6-4a9ce82dad35
Agent 68034496-f682-45e0-8e5a-4d0cdc4b477f: 
Agent ID: 68034496-f682-45e0-8e5a-4d0cdc4b477f
Agent 9a7c5417-2b06-4c37-8d44-903e819a72f2: 
Agent ID: 9a7c5417-2b06-4c37-8d44-903e819a72f2
Agent feabd9b4-a418-4dba-92ba-4213722fe288: 
Agent ID: feabd9b4-a418-4dba-92ba-4213722fe288

Iteration 2, Turn 0:

Iteration 2, Turn 0:
Agent 0079b06a-8f34-47c1-9a99-eef1e54b2029: 
Agent ID: 0079b06a-8f34-47c1-9a99-eef1e54b2029
Agent 360e4c6a-9ba1-42ba-82c6-4a9ce82dad35: 
Agent ID: 360e4c6a-9ba1-42ba-82c6-4a9ce82dad35
Agent 68034496-f682-45e0-8e5a-4d0cdc4b477f: 
Agent ID: 68034496-f682-45e0-8e5a-4d0cdc4b477f
Agent 9a7c5417-2b06-4c37-8d44-903e819a72f2: 
Agent ID: 9a7c5417-2b06-4c37-8d44-903e819a72f2
Agent feabd9b4-a418-4dba-92ba-4213722fe288: 
Agent ID: feabd9b4-a418-4dba-92ba-4213722fe288

Iteration 2, Turn 1:
Agent 0079b06a-8f34-47c1-9a99-eef1e54b2029: 
Agent ID: 0079b06a-8f34-47c1-9a99-eef1e54b2029
Agent 360e4c6a-9ba1-42ba-82c6-4a9ce82dad35: 
Agent ID: 360e4c6a-9ba1-42ba-82c6-4a9ce82dad35
Agent 68034496-f682-45e0-8e5a-4d0cdc4b477f: 
Agent ID: 68034496-f682-45e0-8e5a-4d0cdc4b477f
Agent 9a7c5417-2b06-4c37-8d44-903e819a72f2: 
Agent ID: 9a7c5417-2b06-4c37-8d44-903e819a72f2
Agent feabd9b4-a418-4dba-92ba-4213722fe288: 
Agent ID: feabd9b4-a418-4dba-92ba-4213722fe288

Iteration 2, Turn 2:
Agent 0079b06a-8f34-47c1-9a99-eef1e54b2029: 
Agent ID: 0079b06a-8f34-47c1-9a99-eef1e54b2029
Agent 360e4c6a-9ba1-42ba-82c6-4a9ce82dad35: 
Agent ID: 360e4c6a-9ba1-42ba-82c6-4a9ce82dad35
Agent 68034496-f682-45e0-8e5a-4d0cdc4b477f: 
Agent ID: 68034496-f682-45e0-8e5a-4d0cdc4b477f
Agent 9a7c5417-2b06-4c37-8d44-903e819a72f2: 
Agent ID: 9a7c5417-2b06-4c37-8d44-903e819a72f2
Agent feabd9b4-a418-4dba-92ba-4213722fe288: 
Agent ID: feabd9b4-a418-4dba-92ba-4213722fe288

Iteration 2, Turn 3:
Agent 0079b06a-8f34-47c1-9a99-eef1e54b2029: 
Agent ID: 0079b06a-8f34-47c1-9a99-eef1e54b2029
Agent 360e4c6a-9ba1-42ba-82c6-4a9ce82dad35: 
Agent ID: 360e4c6a-9ba1-42ba-82c6-4a9ce82dad35
Agent feabd9b4-a418-4dba-92ba-4213722fe288: 
Agent ID: feabd9b4-a418-4dba-92ba-4213722fe288

Iteration 2, Turn 4:
Agent 0079b06a-8f34-47c1-9a99-eef1e54b2029: 
Agent ID: 0079b06a-8f34-47c1-9a99-eef1e54b2029
Agent 360e4c6a-9ba1-42ba-82c6-4a9ce82dad35: 
Agent ID: 360e4c6a-9ba1-42ba-82c6-4a9ce82dad35
Agent feabd9b4-a418-4dba-92ba-4213722fe288: 
Agent ID: feabd9b4-a418-4dba-92ba-4213722fe288
