main function started.
--------Start of iteration 0---------


Iteration 0, Turn 0, current agent count: 16


Iteration 0, Turn 1, current agent count: 16


Iteration 0, Turn 2, current agent count: 14


Iteration 0, Turn 3, current agent count: 13


Iteration 0, Turn 4, current agent count: 13
--------End of iteration 0---------
--------Start of iteration 1---------


Iteration 1, Turn 0, current agent count: 13


Iteration 1, Turn 1, current agent count: 12


Iteration 1, Turn 2, current agent count: 11


Iteration 1, Turn 3, current agent count: 10


Iteration 1, Turn 4, current agent count: 9
--------End of iteration 1---------
--------Start of iteration 2---------


Iteration 2, Turn 0, current agent count: 8


Iteration 2, Turn 1, current agent count: 8


Iteration 2, Turn 2, current agent count: 4


Iteration 2, Turn 3, current agent count: 4


Iteration 2, Turn 4, current agent count: 4
--------End of iteration 2---------


GamePlaybackSummary - playing 18 turn records

Iteration 0, Turn 0:

Iteration 0, Turn 0:
Agent 0af8c111-2d29-424f-a006-67b56b26a091: 
Agent ID: 0af8c111-2d29-424f-a006-67b56b26a091
Agent 149aae3c-d14a-410d-8aaa-41065a7f8f4e: 
Agent ID: 149aae3c-d14a-410d-8aaa-41065a7f8f4e
Agent 1c573d1a-ff9d-4fe2-9249-ee3e2baac0c1: 
Agent ID: 1c573d1a-ff9d-4fe2-9249-ee3e2baac0c1
Agent 315dbf89-d6e0-4a47-9000-133a0443b010: 
Agent ID: 315dbf89-d6e0-4a47-9000-133a0443b010
Agent 4c0e176f-51ac-403f-a9de-74dc48c04e31: 
Agent ID: 4c0e176f-51ac-403f-a9de-74dc48c04e31
Agent 4da312cb-26cd-41c7-8adf-151ba6e87f78: 
Agent ID: 4da312cb-26cd-41c7-8adf-151ba6e87f78
Agent 7b02d2fc-193f-4d32-a0a5-ce9f2fe712bc: 
Agent ID: 7b02d2fc-193f-4d32-a0a5-ce9f2fe712bc
Agent 86f5a901-d5d6-48ca-9aba-089faa66f70b: 
Agent ID: 86f5a901-d5d6-48ca-9aba-089faa66f70b
Agent b4660956-d255-48e2-97de-a72b42da1927: 
Agent ID: b4660956-d255-48e2-97de-a72b42da1927
Agent b924a019-5e72-4d95-80b1-f36693f32343: 
Agent ID: b924a019-5e72-4d95-80b1-f36693f32343
Agent b9f5fd49-cd27-4943-968c-bcaa1a4dad0a: 
Agent ID: b9f5fd49-cd27-4943-968c-bcaa1a4dad0a
Agent bdb042bd-6cd3-4342-86ae-705345e87cfd: 
Agent ID: bdb042bd-6cd3-4342-86ae-705345e87cfd
Agent c819992d-f3c5-4ae5-91a2-3d41f094d4e9: 
Agent ID: c819992d-f3c5-4ae5-91a2-3d41f094d4e9
Agent d82035f7-3234-4109-8145-dfa18c8bac0a: 
Agent ID: d82035f7-3234-4109-8145-dfa18c8bac0a
Agent f5733c08-727f-426e-a2e2-961e86c90e97: 
Agent ID: f5733c08-727f-426e-a2e2-961e86c90e97
Agent fd5a1c2c-791d-41ae-ae09-92aea65c88d7: 
Agent ID: fd5a1c2c-791d-41ae-ae09-92aea65c88d7

Iteration 0, Turn 1:
Agent 0af8c111-2d29-424f-a006-67b56b26a091: 
Agent ID: 0af8c111-2d29-424f-a006-67b56b26a091
Agent 149aae3c-d14a-410d-8aaa-41065a7f8f4e: 
Agent ID: 149aae3c-d14a-410d-8aaa-41065a7f8f4e
Agent 1c573d1a-ff9d-4fe2-9249-ee3e2baac0c1: 
Agent ID: 1c573d1a-ff9d-4fe2-9249-ee3e2baac0c1
Agent 315dbf89-d6e0-4a47-9000-133a0443b010: 
Agent ID: 315dbf89-d6e0-4a47-9000-133a0443b010
Agent 4c0e176f-51ac-403f-a9de-74dc48c04e31: 
Agent ID: 4c0e176f-51ac-403f-a9de-74dc48c04e31
Agent 4da312cb-26cd-41c7-8adf-151ba6e87f78: 
Agent ID: 4da312cb-26cd-41c7-8adf-151ba6e87f78
Agent 86f5a901-d5d6-48ca-9aba-089faa66f70b: 
Agent ID: 86f5a901-d5d6-48ca-9aba-089faa66f70b
Agent b4660956-d255-48e2-97de-a72b42da1927: 
Agent ID: b4660956-d255-48e2-97de-a72b42da1927
Agent b924a019-5e72-4d95-80b1-f36693f32343: 
Agent ID: b924a019-5e72-4d95-80b1-f36693f32343
Agent b9f5fd49-cd27-4943-968c-bcaa1a4dad0a: 
Agent ID: b9f5fd49-cd27-4943-968c-bcaa1a4dad0a
Agent c819992d-f3c5-4ae5-91a2-3d41f094d4e9: 
Agent ID: c819992d-f3c5-4ae5-91a2-3d41f094d4e9
Agent d82035f7-3234-4109-8145-dfa18c8bac0a: 
Agent ID: d82035f7-3234-4109-8145-dfa18c8bac0a
Agent f5733c08-727f-426e-a2e2-961e86c90e97: 
Agent ID: f5733c08-727f-426e-a2e2-961e86c90e97
Agent fd5a1c2c-791d-41ae-ae09-92aea65c88d7: 
Agent ID: fd5a1c2c-791d-41ae-ae09-92aea65c88d7

Iteration 0, Turn 2:
Agent 0af8c111-2d29-424f-a006-67b56b26a091: 
Agent ID: 0af8c111-2d29-424f-a006-67b56b26a091
Agent 149aae3c-d14a-410d-8aaa-41065a7f8f4e: 
Agent ID: 149aae3c-d14a-410d-8aaa-41065a7f8f4e
Agent 1c573d1a-ff9d-4fe2-9249-ee3e2baac0c1: 
Agent ID: 1c573d1a-ff9d-4fe2-9249-ee3e2baac0c1
Agent 315dbf89-d6e0-4a47-9000-133a0443b010: 
Agent ID: 315dbf89-d6e0-4a47-9000-133a0443b010
Agent 4c0e176f-51ac-403f-a9de-74dc48c04e31: 
Agent ID: 4c0e176f-51ac-403f-a9de-74dc48c04e31
Agent 86f5a901-d5d6-48ca-9aba-089faa66f70b: 
Agent ID: 86f5a901-d5d6-48ca-9aba-089faa66f70b
Agent b4660956-d255-48e2-97de-a72b42da1927: 
Agent ID: b4660956-d255-48e2-97de-a72b42da1927
Agent b924a019-5e72-4d95-80b1-f36693f32343: 
Agent ID: b924a019-5e72-4d95-80b1-f36693f32343
Agent b9f5fd49-cd27-4943-968c-bcaa1a4dad0a: 
Agent ID: b9f5fd49-cd27-4943-968c-bcaa1a4dad0a
Agent c819992d-f3c5-4ae5-91a2-3d41f094d4e9: 
Agent ID: c819992d-f3c5-4ae5-91a2-3d41f094d4e9
Agent d82035f7-3234-4109-8145-dfa18c8bac0a: 
Agent ID: d82035f7-3234-4109-8145-dfa18c8bac0a
Agent f5733c08-727f-426e-a2e2-961e86c90e97: 
Agent ID: f5733c08-727f-426e-a2e2-961e86c90e97
Agent fd5a1c2c-791d-41ae-ae09-92aea65c88d7: 
Agent ID: fd5a1c2c-791d-41ae-ae09-92aea65c88d7

Iteration 0, Turn 3:
Agent 0af8c111-2d29-424f-a006-67b56b26a091: 
Agent ID: 0af8c111-2d29-424f-a006-67b56b26a091
Agent 149aae3c-d14a-410d-8aaa-41065a7f8f4e: 
Agent ID: 149aae3c-d14a-410d-8aaa-41065a7f8f4e
Agent 1c573d1a-ff9d-4fe2-9249-ee3e2baac0c1: 
Agent ID: 1c573d1a-ff9d-4fe2-9249-ee3e2baac0c1
Agent 315dbf89-d6e0-4a47-9000-133a0443b010: 
Agent ID: 315dbf89-d6e0-4a47-9000-133a0443b010
Agent 4c0e176f-51ac-403f-a9de-74dc48c04e31: 
Agent ID: 4c0e176f-51ac-403f-a9de-74dc48c04e31
Agent 86f5a901-d5d6-48ca-9aba-089faa66f70b: 
Agent ID: 86f5a901-d5d6-48ca-9aba-089faa66f70b
Agent b4660956-d255-48e2-97de-a72b42da1927: 
Agent ID: b4660956-d255-48e2-97de-a72b42da1927
Agent b924a019-5e72-4d95-80b1-f36693f32343: 
Agent ID: b924a019-5e72-4d95-80b1-f36693f32343
Agent b9f5fd49-cd27-4943-968c-bcaa1a4dad0a: 
Agent ID: b9f5fd49-cd27-4943-968c-bcaa1a4dad0a
Agent c819992d-f3c5-4ae5-91a2-3d41f094d4e9: 
Agent ID: c819992d-f3c5-4ae5-91a2-3d41f094d4e9
Agent d82035f7-3234-4109-8145-dfa18c8bac0a: 
Agent ID: d82035f7-3234-4109-8145-dfa18c8bac0a
Agent f5733c08-727f-426e-a2e2-961e86c90e97: 
Agent ID: f5733c08-727f-426e-a2e2-961e86c90e97
Agent fd5a1c2c-791d-41ae-ae09-92aea65c88d7: 
Agent ID: fd5a1c2c-791d-41ae-ae09-92aea65c88d7

Iteration 0, Turn 4:
Agent 0af8c111-2d29-424f-a006-67b56b26a091: 
Agent ID: 0af8c111-2d29-424f-a006-67b56b26a091
Agent 149aae3c-d14a-410d-8aaa-41065a7f8f4e: 
Agent ID: 149aae3c-d14a-410d-8aaa-41065a7f8f4e
Agent 1c573d1a-ff9d-4fe2-9249-ee3e2baac0c1: 
Agent ID: 1c573d1a-ff9d-4fe2-9249-ee3e2baac0c1
Agent 315dbf89-d6e0-4a47-9000-133a0443b010: 
Agent ID: 315dbf89-d6e0-4a47-9000-133a0443b010
Agent 4c0e176f-51ac-403f-a9de-74dc48c04e31: 
Agent ID: 4c0e176f-51ac-403f-a9de-74dc48c04e31
Agent 86f5a901-d5d6-48ca-9aba-089faa66f70b: 
Agent ID: 86f5a901-d5d6-48ca-9aba-089faa66f70b
Agent b4660956-d255-48e2-97de-a72b42da1927: 
Agent ID: b4660956-d255-48e2-97de-a72b42da1927
Agent b924a019-5e72-4d95-80b1-f36693f32343: 
Agent ID: b924a019-5e72-4d95-80b1-f36693f32343
Agent b9f5fd49-cd27-4943-968c-bcaa1a4dad0a: 
Agent ID: b9f5fd49-cd27-4943-968c-bcaa1a4dad0a
Agent c819992d-f3c5-4ae5-91a2-3d41f094d4e9: 
Agent ID: c819992d-f3c5-4ae5-91a2-3d41f094d4e9
Agent d82035f7-3234-4109-8145-dfa18c8bac0a: 
Agent ID: d82035f7-3234-4109-8145-dfa18c8bac0a
Agent f5733c08-727f-426e-a2e2-961e86c90e97: 
Agent ID: f5733c08-727f-426e-a2e2-961e86c90e97
Agent fd5a1c2c-791d-41ae-ae09-92aea65c88d7: 
Agent ID: fd5a1c2c-791d-41ae-ae09-92aea65c88d7

Iteration 1, Turn 0:

Iteration 1, Turn 0:
Agent 0af8c111-2d29-424f-a006-67b56b26a091: 
Agent ID: 0af8c111-2d29-424f-a006-67b56b26a091
Agent 149aae3c-d14a-410d-8aaa-41065a7f8f4e: 
Agent ID: 149aae3c-d14a-410d-8aaa-41065a7f8f4e
Agent 1c573d1a-ff9d-4fe2-9249-ee3e2baac0c1: 
Agent ID: 1c573d1a-ff9d-4fe2-9249-ee3e2baac0c1
Agent 315dbf89-d6e0-4a47-9000-133a0443b010: 
Agent ID: 315dbf89-d6e0-4a47-9000-133a0443b010
Agent 4c0e176f-51ac-403f-a9de-74dc48c04e31: 
Agent ID: 4c0e176f-51ac-403f-a9de-74dc48c04e31
Agent 86f5a901-d5d6-48ca-9aba-089faa66f70b: 
Agent ID: 86f5a901-d5d6-48ca-9aba-089faa66f70b
Agent b4660956-d255-48e2-97de-a72b42da1927: 
Agent ID: b4660956-d255-48e2-97de-a72b42da1927
Agent b924a019-5e72-4d95-80b1-f36693f32343: 
Agent ID: b924a019-5e72-4d95-80b1-f36693f32343
Agent b9f5fd49-cd27-4943-968c-bcaa1a4dad0a: 
Agent ID: b9f5fd49-cd27-4943-968c-bcaa1a4dad0a
Agent d82035f7-3234-4109-8145-dfa18c8bac0a: 
Agent ID: d82035f7-3234-4109-8145-dfa18c8bac0a
Agent f5733c08-727f-426e-a2e2-961e86c90e97: 
Agent ID: f5733c08-727f-426e-a2e2-961e86c90e97
Agent fd5a1c2c-791d-41ae-ae09-92aea65c88d7: 
Agent ID: fd5a1c2c-791d-41ae-ae09-92aea65c88d7

Iteration 1, Turn 1:
Agent 0af8c111-2d29-424f-a006-67b56b26a091: 
Agent ID: 0af8c111-2d29-424f-a006-67b56b26a091
Agent 149aae3c-d14a-410d-8aaa-41065a7f8f4e: 
Agent ID: 149aae3c-d14a-410d-8aaa-41065a7f8f4e
Agent 1c573d1a-ff9d-4fe2-9249-ee3e2baac0c1: 
Agent ID: 1c573d1a-ff9d-4fe2-9249-ee3e2baac0c1
Agent 315dbf89-d6e0-4a47-9000-133a0443b010: 
Agent ID: 315dbf89-d6e0-4a47-9000-133a0443b010
Agent 4c0e176f-51ac-403f-a9de-74dc48c04e31: 
Agent ID: 4c0e176f-51ac-403f-a9de-74dc48c04e31
Agent 86f5a901-d5d6-48ca-9aba-089faa66f70b: 
Agent ID: 86f5a901-d5d6-48ca-9aba-089faa66f70b
Agent b4660956-d255-48e2-97de-a72b42da1927: 
Agent ID: b4660956-d255-48e2-97de-a72b42da1927
Agent b924a019-5e72-4d95-80b1-f36693f32343: 
Agent ID: b924a019-5e72-4d95-80b1-f36693f32343
Agent d82035f7-3234-4109-8145-dfa18c8bac0a: 
Agent ID: d82035f7-3234-4109-8145-dfa18c8bac0a
Agent f5733c08-727f-426e-a2e2-961e86c90e97: 
Agent ID: f5733c08-727f-426e-a2e2-961e86c90e97
Agent fd5a1c2c-791d-41ae-ae09-92aea65c88d7: 
Agent ID: fd5a1c2c-791d-41ae-ae09-92aea65c88d7

Iteration 1, Turn 2:
Agent 0af8c111-2d29-424f-a006-67b56b26a091: 
Agent ID: 0af8c111-2d29-424f-a006-67b56b26a091
Agent 149aae3c-d14a-410d-8aaa-41065a7f8f4e: 
Agent ID: 149aae3c-d14a-410d-8aaa-41065a7f8f4e
Agent 1c573d1a-ff9d-4fe2-9249-ee3e2baac0c1: 
Agent ID: 1c573d1a-ff9d-4fe2-9249-ee3e2baac0c1
Agent 315dbf89-d6e0-4a47-9000-133a0443b010: 
Agent ID: 315dbf89-d6e0-4a47-9000-133a0443b010
Agent 4c0e176f-51ac-403f-a9de-74dc48c04e31: 
Agent ID: 4c0e176f-51ac-403f-a9de-74dc48c04e31
Agent 86f5a901-d5d6-48ca-9aba-089faa66f70b: 
Agent ID: 86f5a901-d5d6-48ca-9aba-089faa66f70b
Agent b4660956-d255-48e2-97de-a72b42da1927: 
Agent ID: b4660956-d255-48e2-97de-a72b42da1927
Agent b924a019-5e72-4d95-80b1-f36693f32343: 
Agent ID: b924a019-5e72-4d95-80b1-f36693f32343
Agent d82035f7-3234-4109-8145-dfa18c8bac0a: 
Agent ID: d82035f7-3234-4109-8145-dfa18c8bac0a
Agent fd5a1c2c-791d-41ae-ae09-92aea65c88d7: 
Agent ID: fd5a1c2c-791d-41ae-ae09-92aea65c88d7

Iteration 1, Turn 3:
Agent 0af8c111-2d29-424f-a006-67b56b26a091: 
Agent ID: 0af8c111-2d29-424f-a006-67b56b26a091
Agent 149aae3c-d14a-410d-8aaa-41065a7f8f4e: 
Agent ID: 149aae3c-d14a-410d-8aaa-41065a7f8f4e
Agent 315dbf89-d6e0-4a47-9000-133a0443b010: 
Agent ID: 315dbf89-d6e0-4a47-9000-133a0443b010
Agent 4c0e176f-51ac-403f-a9de-74dc48c04e31: 
Agent ID: 4c0e176f-51ac-403f-a9de-74dc48c04e31
Agent 86f5a901-d5d6-48ca-9aba-089faa66f70b: 
Agent ID: 86f5a901-d5d6-48ca-9aba-089faa66f70b
Agent b4660956-d255-48e2-97de-a72b42da1927: 
Agent ID: b4660956-d255-48e2-97de-a72b42da1927
Agent b924a019-5e72-4d95-80b1-f36693f32343: 
Agent ID: b924a019-5e72-4d95-80b1-f36693f32343
Agent d82035f7-3234-4109-8145-dfa18c8bac0a: 
Agent ID: d82035f7-3234-4109-8145-dfa18c8bac0a
Agent fd5a1c2c-791d-41ae-ae09-92aea65c88d7: 
Agent ID: fd5a1c2c-791d-41ae-ae09-92aea65c88d7

Iteration 1, Turn 4:
Agent 149aae3c-d14a-410d-8aaa-41065a7f8f4e: 
Agent ID: 149aae3c-d14a-410d-8aaa-41065a7f8f4e
Agent 315dbf89-d6e0-4a47-9000-133a0443b010: 
Agent ID: 315dbf89-d6e0-4a47-9000-133a0443b010
Agent 4c0e176f-51ac-403f-a9de-74dc48c04e31: 
Agent ID: 4c0e176f-51ac-403f-a9de-74dc48c04e31
Agent 86f5a901-d5d6-48ca-9aba-089faa66f70b: 
Agent ID: 86f5a901-d5d6-48ca-9aba-089faa66f70b
Agent b4660956-d255-48e2-97de-a72b42da1927: 
Agent ID: b4660956-d255-48e2-97de-a72b42da1927
Agent b924a019-5e72-4d95-80b1-f36693f32343: 
Agent ID: b924a019-5e72-4d95-80b1-f36693f32343
Agent d82035f7-3234-4109-8145-dfa18c8bac0a: 
Agent ID: d82035f7-3234-4109-8145-dfa18c8bac0a
Agent fd5a1c2c-791d-41ae-ae09-92aea65c88d7: 
Agent ID: fd5a1c2c-791d-41ae-ae09-92aea65c88d7

Iteration 2, Turn 0:

Iteration 2, Turn 0:
Agent 149aae3c-d14a-410d-8aaa-41065a7f8f4e: 
Agent ID: 149aae3c-d14a-410d-8aaa-41065a7f8f4e
Agent 315dbf89-d6e0-4a47-9000-133a0443b010: 
Agent ID: 315dbf89-d6e0-4a47-9000-133a0443b010
Agent 4c0e176f-51ac-403f-a9de-74dc48c04e31: 
Agent ID: 4c0e176f-51ac-403f-a9de-74dc48c04e31
Agent 86f5a901-d5d6-48ca-9aba-089faa66f70b: 
Agent ID: 86f5a901-d5d6-48ca-9aba-089faa66f70b
Agent b4660956-d255-48e2-97de-a72b42da1927: 
Agent ID: b4660956-d255-48e2-97de-a72b42da1927
Agent b924a019-5e72-4d95-80b1-f36693f32343: 
Agent ID: b924a019-5e72-4d95-80b1-f36693f32343
Agent d82035f7-3234-4109-8145-dfa18c8bac0a: 
Agent ID: d82035f7-3234-4109-8145-dfa18c8bac0a
Agent fd5a1c2c-791d-41ae-ae09-92aea65c88d7: 
Agent ID: fd5a1c2c-791d-41ae-ae09-92aea65c88d7

Iteration 2, Turn 1:
Agent b4660956-d255-48e2-97de-a72b42da1927: 
Agent ID: b4660956-d255-48e2-97de-a72b42da1927
Agent b924a019-5e72-4d95-80b1-f36693f32343: 
Agent ID: b924a019-5e72-4d95-80b1-f36693f32343
Agent d82035f7-3234-4109-8145-dfa18c8bac0a: 
Agent ID: d82035f7-3234-4109-8145-dfa18c8bac0a
Agent fd5a1c2c-791d-41ae-ae09-92aea65c88d7: 
Agent ID: fd5a1c2c-791d-41ae-ae09-92aea65c88d7

Iteration 2, Turn 2:
Agent b4660956-d255-48e2-97de-a72b42da1927: 
Agent ID: b4660956-d255-48e2-97de-a72b42da1927
Agent b924a019-5e72-4d95-80b1-f36693f32343: 
Agent ID: b924a019-5e72-4d95-80b1-f36693f32343
Agent d82035f7-3234-4109-8145-dfa18c8bac0a: 
Agent ID: d82035f7-3234-4109-8145-dfa18c8bac0a
Agent fd5a1c2c-791d-41ae-ae09-92aea65c88d7: 
Agent ID: fd5a1c2c-791d-41ae-ae09-92aea65c88d7

Iteration 2, Turn 3:
Agent b4660956-d255-48e2-97de-a72b42da1927: 
Agent ID: b4660956-d255-48e2-97de-a72b42da1927
Agent b924a019-5e72-4d95-80b1-f36693f32343: 
Agent ID: b924a019-5e72-4d95-80b1-f36693f32343
Agent d82035f7-3234-4109-8145-dfa18c8bac0a: 
Agent ID: d82035f7-3234-4109-8145-dfa18c8bac0a
Agent fd5a1c2c-791d-41ae-ae09-92aea65c88d7: 
Agent ID: fd5a1c2c-791d-41ae-ae09-92aea65c88d7

Iteration 2, Turn 4:
Agent b4660956-d255-48e2-97de-a72b42da1927: 
Agent ID: b4660956-d255-48e2-97de-a72b42da1927
Agent b924a019-5e72-4d95-80b1-f36693f32343: 
Agent ID: b924a019-5e72-4d95-80b1-f36693f32343
Agent fd5a1c2c-791d-41ae-ae09-92aea65c88d7: 
Agent ID: fd5a1c2c-791d-41ae-ae09-92aea65c88d7
