main function started.
--------Start of iteration 0---------


Iteration 0, Turn 0, current agent count: 5


Iteration 0, Turn 1, current agent count: 5


Iteration 0, Turn 2, current agent count: 5


Iteration 0, Turn 3, current agent count: 5


Iteration 0, Turn 4, current agent count: 5
--------End of iteration 0---------
--------Start of iteration 1---------


Iteration 1, Turn 0, current agent count: 5


Iteration 1, Turn 1, current agent count: 5


Iteration 1, Turn 2, current agent count: 5


Iteration 1, Turn 3, current agent count: 5


Iteration 1, Turn 4, current agent count: 5
--------End of iteration 1---------
--------Start of iteration 2---------


Iteration 2, Turn 0, current agent count: 5


Iteration 2, Turn 1, current agent count: 5


Iteration 2, Turn 2, current agent count: 5


Iteration 2, Turn 3, current agent count: 5


Iteration 2, Turn 4, current agent count: 5
--------End of iteration 2---------


GamePlaybackSummary - playing 18 turn records

Iteration 0, Turn 0:

Iteration 0, Turn 1:
Agent 2bf75dab-3b7b-45fa-82ac-7e626e3a7e8a: 
Agent ID: 2bf75dab-3b7b-45fa-82ac-7e626e3a7e8a
Agent 478b218f-0a98-4357-a294-dd13c2738597: 
[DEAD] 
Agent ID: 478b218f-0a98-4357-a294-dd13c2738597
Agent 59265dfd-8c6c-4bd9-a038-2d56848105a3: 
[DEAD] 
Agent ID: 59265dfd-8c6c-4bd9-a038-2d56848105a3
Agent 998d9823-f437-47c4-908b-0ba7157efe9e: 
[DEAD] 
Agent ID: 998d9823-f437-47c4-908b-0ba7157efe9e
Agent e644d063-b7fe-4ecd-b122-91ae1b9ef797: 
[DEAD] 
Agent ID: e644d063-b7fe-4ecd-b122-91ae1b9ef797

Iteration 0, Turn 2:
Agent 2bf75dab-3b7b-45fa-82ac-7e626e3a7e8a: 
[DEAD] 
Agent ID: 2bf75dab-3b7b-45fa-82ac-7e626e3a7e8a
Agent 478b218f-0a98-4357-a294-dd13c2738597: 
[DEAD] 
Agent ID: 478b218f-0a98-4357-a294-dd13c2738597
Agent 59265dfd-8c6c-4bd9-a038-2d56848105a3: 
[DEAD] 
Agent ID: 59265dfd-8c6c-4bd9-a038-2d56848105a3
Agent 998d9823-f437-47c4-908b-0ba7157efe9e: 
[DEAD] 
Agent ID: 998d9823-f437-47c4-908b-0ba7157efe9e
Agent e644d063-b7fe-4ecd-b122-91ae1b9ef797: 
[DEAD] 
Agent ID: e644d063-b7fe-4ecd-b122-91ae1b9ef797

Iteration 0, Turn 3:
Agent 2bf75dab-3b7b-45fa-82ac-7e626e3a7e8a: 
[DEAD] 
Agent ID: 2bf75dab-3b7b-45fa-82ac-7e626e3a7e8a
Agent 478b218f-0a98-4357-a294-dd13c2738597: 
[DEAD] 
Agent ID: 478b218f-0a98-4357-a294-dd13c2738597
Agent 59265dfd-8c6c-4bd9-a038-2d56848105a3: 
[DEAD] 
Agent ID: 59265dfd-8c6c-4bd9-a038-2d56848105a3
Agent 998d9823-f437-47c4-908b-0ba7157efe9e: 
[DEAD] 
Agent ID: 998d9823-f437-47c4-908b-0ba7157efe9e
Agent e644d063-b7fe-4ecd-b122-91ae1b9ef797: 
[DEAD] 
Agent ID: e644d063-b7fe-4ecd-b122-91ae1b9ef797

Iteration 0, Turn 4:
Agent 2bf75dab-3b7b-45fa-82ac-7e626e3a7e8a: 
[DEAD] 
Agent ID: 2bf75dab-3b7b-45fa-82ac-7e626e3a7e8a
Agent 478b218f-0a98-4357-a294-dd13c2738597: 
[DEAD] 
Agent ID: 478b218f-0a98-4357-a294-dd13c2738597
Agent 59265dfd-8c6c-4bd9-a038-2d56848105a3: 
[DEAD] 
Agent ID: 59265dfd-8c6c-4bd9-a038-2d56848105a3
Agent 998d9823-f437-47c4-908b-0ba7157efe9e: 
[DEAD] 
Agent ID: 998d9823-f437-47c4-908b-0ba7157efe9e
Agent e644d063-b7fe-4ecd-b122-91ae1b9ef797: 
[DEAD] 
Agent ID: e644d063-b7fe-4ecd-b122-91ae1b9ef797

Iteration 0, Turn 5:
Agent 2bf75dab-3b7b-45fa-82ac-7e626e3a7e8a: 
[DEAD] 
Agent ID: 2bf75dab-3b7b-45fa-82ac-7e626e3a7e8a
Agent 478b218f-0a98-4357-a294-dd13c2738597: 
[DEAD] 
Agent ID: 478b218f-0a98-4357-a294-dd13c2738597
Agent 59265dfd-8c6c-4bd9-a038-2d56848105a3: 
[DEAD] 
Agent ID: 59265dfd-8c6c-4bd9-a038-2d56848105a3
Agent 998d9823-f437-47c4-908b-0ba7157efe9e: 
[DEAD] 
Agent ID: 998d9823-f437-47c4-908b-0ba7157efe9e
Agent e644d063-b7fe-4ecd-b122-91ae1b9ef797: 
[DEAD] 
Agent ID: e644d063-b7fe-4ecd-b122-91ae1b9ef797

Iteration 1, Turn 0:

Iteration 1, Turn 1:
Agent 2bf75dab-3b7b-45fa-82ac-7e626e3a7e8a: 
[DEAD] 
Agent ID: 2bf75dab-3b7b-45fa-82ac-7e626e3a7e8a
Agent 478b218f-0a98-4357-a294-dd13c2738597: 
[DEAD] 
Agent ID: 478b218f-0a98-4357-a294-dd13c2738597
Agent 59265dfd-8c6c-4bd9-a038-2d56848105a3: 
[DEAD] 
Agent ID: 59265dfd-8c6c-4bd9-a038-2d56848105a3
Agent 998d9823-f437-47c4-908b-0ba7157efe9e: 
[DEAD] 
Agent ID: 998d9823-f437-47c4-908b-0ba7157efe9e
Agent e644d063-b7fe-4ecd-b122-91ae1b9ef797: 
[DEAD] 
Agent ID: e644d063-b7fe-4ecd-b122-91ae1b9ef797

Iteration 1, Turn 2:
Agent 2bf75dab-3b7b-45fa-82ac-7e626e3a7e8a: 
[DEAD] 
Agent ID: 2bf75dab-3b7b-45fa-82ac-7e626e3a7e8a
Agent 478b218f-0a98-4357-a294-dd13c2738597: 
[DEAD] 
Agent ID: 478b218f-0a98-4357-a294-dd13c2738597
Agent 59265dfd-8c6c-4bd9-a038-2d56848105a3: 
[DEAD] 
Agent ID: 59265dfd-8c6c-4bd9-a038-2d56848105a3
Agent 998d9823-f437-47c4-908b-0ba7157efe9e: 
[DEAD] 
Agent ID: 998d9823-f437-47c4-908b-0ba7157efe9e
Agent e644d063-b7fe-4ecd-b122-91ae1b9ef797: 
[DEAD] 
Agent ID: e644d063-b7fe-4ecd-b122-91ae1b9ef797

Iteration 1, Turn 3:
Agent 2bf75dab-3b7b-45fa-82ac-7e626e3a7e8a: 
[DEAD] 
Agent ID: 2bf75dab-3b7b-45fa-82ac-7e626e3a7e8a
Agent 478b218f-0a98-4357-a294-dd13c2738597: 
[DEAD] 
Agent ID: 478b218f-0a98-4357-a294-dd13c2738597
Agent 59265dfd-8c6c-4bd9-a038-2d56848105a3: 
[DEAD] 
Agent ID: 59265dfd-8c6c-4bd9-a038-2d56848105a3
Agent 998d9823-f437-47c4-908b-0ba7157efe9e: 
[DEAD] 
Agent ID: 998d9823-f437-47c4-908b-0ba7157efe9e
Agent e644d063-b7fe-4ecd-b122-91ae1b9ef797: 
[DEAD] 
Agent ID: e644d063-b7fe-4ecd-b122-91ae1b9ef797

Iteration 1, Turn 4:
Agent 2bf75dab-3b7b-45fa-82ac-7e626e3a7e8a: 
[DEAD] 
Agent ID: 2bf75dab-3b7b-45fa-82ac-7e626e3a7e8a
Agent 478b218f-0a98-4357-a294-dd13c2738597: 
[DEAD] 
Agent ID: 478b218f-0a98-4357-a294-dd13c2738597
Agent 59265dfd-8c6c-4bd9-a038-2d56848105a3: 
[DEAD] 
Agent ID: 59265dfd-8c6c-4bd9-a038-2d56848105a3
Agent 998d9823-f437-47c4-908b-0ba7157efe9e: 
[DEAD] 
Agent ID: 998d9823-f437-47c4-908b-0ba7157efe9e
Agent e644d063-b7fe-4ecd-b122-91ae1b9ef797: 
[DEAD] 
Agent ID: e644d063-b7fe-4ecd-b122-91ae1b9ef797

Iteration 1, Turn 5:
Agent 2bf75dab-3b7b-45fa-82ac-7e626e3a7e8a: 
[DEAD] 
Agent ID: 2bf75dab-3b7b-45fa-82ac-7e626e3a7e8a
Agent 478b218f-0a98-4357-a294-dd13c2738597: 
[DEAD] 
Agent ID: 478b218f-0a98-4357-a294-dd13c2738597
Agent 59265dfd-8c6c-4bd9-a038-2d56848105a3: 
[DEAD] 
Agent ID: 59265dfd-8c6c-4bd9-a038-2d56848105a3
Agent 998d9823-f437-47c4-908b-0ba7157efe9e: 
[DEAD] 
Agent ID: 998d9823-f437-47c4-908b-0ba7157efe9e
Agent e644d063-b7fe-4ecd-b122-91ae1b9ef797: 
[DEAD] 
Agent ID: e644d063-b7fe-4ecd-b122-91ae1b9ef797

Iteration 2, Turn 0:

Iteration 2, Turn 1:
Agent 2bf75dab-3b7b-45fa-82ac-7e626e3a7e8a: 
[DEAD] 
Agent ID: 2bf75dab-3b7b-45fa-82ac-7e626e3a7e8a
Agent 478b218f-0a98-4357-a294-dd13c2738597: 
[DEAD] 
Agent ID: 478b218f-0a98-4357-a294-dd13c2738597
Agent 59265dfd-8c6c-4bd9-a038-2d56848105a3: 
[DEAD] 
Agent ID: 59265dfd-8c6c-4bd9-a038-2d56848105a3
Agent 998d9823-f437-47c4-908b-0ba7157efe9e: 
[DEAD] 
Agent ID: 998d9823-f437-47c4-908b-0ba7157efe9e
Agent e644d063-b7fe-4ecd-b122-91ae1b9ef797: 
[DEAD] 
Agent ID: e644d063-b7fe-4ecd-b122-91ae1b9ef797

Iteration 2, Turn 2:
Agent 2bf75dab-3b7b-45fa-82ac-7e626e3a7e8a: 
[DEAD] 
Agent ID: 2bf75dab-3b7b-45fa-82ac-7e626e3a7e8a
Agent 478b218f-0a98-4357-a294-dd13c2738597: 
[DEAD] 
Agent ID: 478b218f-0a98-4357-a294-dd13c2738597
Agent 59265dfd-8c6c-4bd9-a038-2d56848105a3: 
[DEAD] 
Agent ID: 59265dfd-8c6c-4bd9-a038-2d56848105a3
Agent 998d9823-f437-47c4-908b-0ba7157efe9e: 
[DEAD] 
Agent ID: 998d9823-f437-47c4-908b-0ba7157efe9e
Agent e644d063-b7fe-4ecd-b122-91ae1b9ef797: 
[DEAD] 
Agent ID: e644d063-b7fe-4ecd-b122-91ae1b9ef797

Iteration 2, Turn 3:
Agent 2bf75dab-3b7b-45fa-82ac-7e626e3a7e8a: 
[DEAD] 
Agent ID: 2bf75dab-3b7b-45fa-82ac-7e626e3a7e8a
Agent 478b218f-0a98-4357-a294-dd13c2738597: 
[DEAD] 
Agent ID: 478b218f-0a98-4357-a294-dd13c2738597
Agent 59265dfd-8c6c-4bd9-a038-2d56848105a3: 
[DEAD] 
Agent ID: 59265dfd-8c6c-4bd9-a038-2d56848105a3
Agent 998d9823-f437-47c4-908b-0ba7157efe9e: 
[DEAD] 
Agent ID: 998d9823-f437-47c4-908b-0ba7157efe9e
Agent e644d063-b7fe-4ecd-b122-91ae1b9ef797: 
[DEAD] 
Agent ID: e644d063-b7fe-4ecd-b122-91ae1b9ef797

Iteration 2, Turn 4:
Agent 2bf75dab-3b7b-45fa-82ac-7e626e3a7e8a: 
[DEAD] 
Agent ID: 2bf75dab-3b7b-45fa-82ac-7e626e3a7e8a
Agent 478b218f-0a98-4357-a294-dd13c2738597: 
[DEAD] 
Agent ID: 478b218f-0a98-4357-a294-dd13c2738597
Agent 59265dfd-8c6c-4bd9-a038-2d56848105a3: 
[DEAD] 
Agent ID: 59265dfd-8c6c-4bd9-a038-2d56848105a3
Agent 998d9823-f437-47c4-908b-0ba7157efe9e: 
[DEAD] 
Agent ID: 998d9823-f437-47c4-908b-0ba7157efe9e
Agent e644d063-b7fe-4ecd-b122-91ae1b9ef797: 
[DEAD] 
Agent ID: e644d063-b7fe-4ecd-b122-91ae1b9ef797

Iteration 2, Turn 5:
Agent 2bf75dab-3b7b-45fa-82ac-7e626e3a7e8a: 
[DEAD] 
Agent ID: 2bf75dab-3b7b-45fa-82ac-7e626e3a7e8a
Agent 478b218f-0a98-4357-a294-dd13c2738597: 
[DEAD] 
Agent ID: 478b218f-0a98-4357-a294-dd13c2738597
Agent 59265dfd-8c6c-4bd9-a038-2d56848105a3: 
[DEAD] 
Agent ID: 59265dfd-8c6c-4bd9-a038-2d56848105a3
Agent 998d9823-f437-47c4-908b-0ba7157efe9e: 
[DEAD] 
Agent ID: 998d9823-f437-47c4-908b-0ba7157efe9e
Agent e644d063-b7fe-4ecd-b122-91ae1b9ef797: 
[DEAD] 
Agent ID: e644d063-b7fe-4ecd-b122-91ae1b9ef797
