main function started.
--------Start of iteration 0---------


Iteration 0, Turn 0, current agent count: 5


Iteration 0, Turn 1, current agent count: 5


Iteration 0, Turn 2, current agent count: 5


Iteration 0, Turn 3, current agent count: 5


Iteration 0, Turn 4, current agent count: 5
--------End of iteration 0---------
--------Start of iteration 1---------


Iteration 1, Turn 0, current agent count: 5


Iteration 1, Turn 1, current agent count: 5


Iteration 1, Turn 2, current agent count: 5


Iteration 1, Turn 3, current agent count: 5


Iteration 1, Turn 4, current agent count: 5
--------End of iteration 1---------
--------Start of iteration 2---------


Iteration 2, Turn 0, current agent count: 5


Iteration 2, Turn 1, current agent count: 5


Iteration 2, Turn 2, current agent count: 5


Iteration 2, Turn 3, current agent count: 5


Iteration 2, Turn 4, current agent count: 5
--------End of iteration 2---------


GamePlaybackSummary - playing 18 turn records

Iteration 0, Turn 0:

Iteration 0, Turn 1:
Agent 295d0661-33cb-4496-afc0-103c9845030a: 
[DEAD] 
Agent ID: 295d0661-33cb-4496-afc0-103c9845030a
Agent 774d67ee-b566-47ce-a0aa-5aa85a430a0f: 
[DEAD] 
Agent ID: 774d67ee-b566-47ce-a0aa-5aa85a430a0f
Agent 7993476b-0982-4638-9dfa-f7a150b05487: 
[DEAD] 
Agent ID: 7993476b-0982-4638-9dfa-f7a150b05487
Agent 8c2b0804-f125-49c9-b5f3-818cffe2b544: 
[DEAD] 
Agent ID: 8c2b0804-f125-49c9-b5f3-818cffe2b544
Agent a06eaf3a-f097-4118-af5d-4df009ef833a: 
[DEAD] 
Agent ID: a06eaf3a-f097-4118-af5d-4df009ef833a

Iteration 0, Turn 2:
Agent 295d0661-33cb-4496-afc0-103c9845030a: 
[DEAD] 
Agent ID: 295d0661-33cb-4496-afc0-103c9845030a
Agent 774d67ee-b566-47ce-a0aa-5aa85a430a0f: 
[DEAD] 
Agent ID: 774d67ee-b566-47ce-a0aa-5aa85a430a0f
Agent 7993476b-0982-4638-9dfa-f7a150b05487: 
[DEAD] 
Agent ID: 7993476b-0982-4638-9dfa-f7a150b05487
Agent 8c2b0804-f125-49c9-b5f3-818cffe2b544: 
[DEAD] 
Agent ID: 8c2b0804-f125-49c9-b5f3-818cffe2b544
Agent a06eaf3a-f097-4118-af5d-4df009ef833a: 
[DEAD] 
Agent ID: a06eaf3a-f097-4118-af5d-4df009ef833a

Iteration 0, Turn 3:
Agent 295d0661-33cb-4496-afc0-103c9845030a: 
[DEAD] 
Agent ID: 295d0661-33cb-4496-afc0-103c9845030a
Agent 774d67ee-b566-47ce-a0aa-5aa85a430a0f: 
[DEAD] 
Agent ID: 774d67ee-b566-47ce-a0aa-5aa85a430a0f
Agent 7993476b-0982-4638-9dfa-f7a150b05487: 
[DEAD] 
Agent ID: 7993476b-0982-4638-9dfa-f7a150b05487
Agent 8c2b0804-f125-49c9-b5f3-818cffe2b544: 
[DEAD] 
Agent ID: 8c2b0804-f125-49c9-b5f3-818cffe2b544
Agent a06eaf3a-f097-4118-af5d-4df009ef833a: 
[DEAD] 
Agent ID: a06eaf3a-f097-4118-af5d-4df009ef833a

Iteration 0, Turn 4:
Agent 295d0661-33cb-4496-afc0-103c9845030a: 
[DEAD] 
Agent ID: 295d0661-33cb-4496-afc0-103c9845030a
Agent 774d67ee-b566-47ce-a0aa-5aa85a430a0f: 
[DEAD] 
Agent ID: 774d67ee-b566-47ce-a0aa-5aa85a430a0f
Agent 7993476b-0982-4638-9dfa-f7a150b05487: 
[DEAD] 
Agent ID: 7993476b-0982-4638-9dfa-f7a150b05487
Agent 8c2b0804-f125-49c9-b5f3-818cffe2b544: 
[DEAD] 
Agent ID: 8c2b0804-f125-49c9-b5f3-818cffe2b544
Agent a06eaf3a-f097-4118-af5d-4df009ef833a: 
[DEAD] 
Agent ID: a06eaf3a-f097-4118-af5d-4df009ef833a

Iteration 0, Turn 5:
Agent 295d0661-33cb-4496-afc0-103c9845030a: 
[DEAD] 
Agent ID: 295d0661-33cb-4496-afc0-103c9845030a
Agent 774d67ee-b566-47ce-a0aa-5aa85a430a0f: 
[DEAD] 
Agent ID: 774d67ee-b566-47ce-a0aa-5aa85a430a0f
Agent 7993476b-0982-4638-9dfa-f7a150b05487: 
[DEAD] 
Agent ID: 7993476b-0982-4638-9dfa-f7a150b05487
Agent 8c2b0804-f125-49c9-b5f3-818cffe2b544: 
[DEAD] 
Agent ID: 8c2b0804-f125-49c9-b5f3-818cffe2b544
Agent a06eaf3a-f097-4118-af5d-4df009ef833a: 
[DEAD] 
Agent ID: a06eaf3a-f097-4118-af5d-4df009ef833a

Iteration 1, Turn 0:

Iteration 1, Turn 1:
Agent 295d0661-33cb-4496-afc0-103c9845030a: 
[DEAD] 
Agent ID: 295d0661-33cb-4496-afc0-103c9845030a
Agent 774d67ee-b566-47ce-a0aa-5aa85a430a0f: 
[DEAD] 
Agent ID: 774d67ee-b566-47ce-a0aa-5aa85a430a0f
Agent 7993476b-0982-4638-9dfa-f7a150b05487: 
[DEAD] 
Agent ID: 7993476b-0982-4638-9dfa-f7a150b05487
Agent 8c2b0804-f125-49c9-b5f3-818cffe2b544: 
[DEAD] 
Agent ID: 8c2b0804-f125-49c9-b5f3-818cffe2b544
Agent a06eaf3a-f097-4118-af5d-4df009ef833a: 
[DEAD] 
Agent ID: a06eaf3a-f097-4118-af5d-4df009ef833a

Iteration 1, Turn 2:
Agent 295d0661-33cb-4496-afc0-103c9845030a: 
[DEAD] 
Agent ID: 295d0661-33cb-4496-afc0-103c9845030a
Agent 774d67ee-b566-47ce-a0aa-5aa85a430a0f: 
[DEAD] 
Agent ID: 774d67ee-b566-47ce-a0aa-5aa85a430a0f
Agent 7993476b-0982-4638-9dfa-f7a150b05487: 
[DEAD] 
Agent ID: 7993476b-0982-4638-9dfa-f7a150b05487
Agent 8c2b0804-f125-49c9-b5f3-818cffe2b544: 
[DEAD] 
Agent ID: 8c2b0804-f125-49c9-b5f3-818cffe2b544
Agent a06eaf3a-f097-4118-af5d-4df009ef833a: 
[DEAD] 
Agent ID: a06eaf3a-f097-4118-af5d-4df009ef833a

Iteration 1, Turn 3:
Agent 295d0661-33cb-4496-afc0-103c9845030a: 
[DEAD] 
Agent ID: 295d0661-33cb-4496-afc0-103c9845030a
Agent 774d67ee-b566-47ce-a0aa-5aa85a430a0f: 
[DEAD] 
Agent ID: 774d67ee-b566-47ce-a0aa-5aa85a430a0f
Agent 7993476b-0982-4638-9dfa-f7a150b05487: 
[DEAD] 
Agent ID: 7993476b-0982-4638-9dfa-f7a150b05487
Agent 8c2b0804-f125-49c9-b5f3-818cffe2b544: 
[DEAD] 
Agent ID: 8c2b0804-f125-49c9-b5f3-818cffe2b544
Agent a06eaf3a-f097-4118-af5d-4df009ef833a: 
[DEAD] 
Agent ID: a06eaf3a-f097-4118-af5d-4df009ef833a

Iteration 1, Turn 4:
Agent 295d0661-33cb-4496-afc0-103c9845030a: 
[DEAD] 
Agent ID: 295d0661-33cb-4496-afc0-103c9845030a
Agent 774d67ee-b566-47ce-a0aa-5aa85a430a0f: 
[DEAD] 
Agent ID: 774d67ee-b566-47ce-a0aa-5aa85a430a0f
Agent 7993476b-0982-4638-9dfa-f7a150b05487: 
[DEAD] 
Agent ID: 7993476b-0982-4638-9dfa-f7a150b05487
Agent 8c2b0804-f125-49c9-b5f3-818cffe2b544: 
[DEAD] 
Agent ID: 8c2b0804-f125-49c9-b5f3-818cffe2b544
Agent a06eaf3a-f097-4118-af5d-4df009ef833a: 
[DEAD] 
Agent ID: a06eaf3a-f097-4118-af5d-4df009ef833a

Iteration 1, Turn 5:
Agent 295d0661-33cb-4496-afc0-103c9845030a: 
[DEAD] 
Agent ID: 295d0661-33cb-4496-afc0-103c9845030a
Agent 774d67ee-b566-47ce-a0aa-5aa85a430a0f: 
[DEAD] 
Agent ID: 774d67ee-b566-47ce-a0aa-5aa85a430a0f
Agent 7993476b-0982-4638-9dfa-f7a150b05487: 
[DEAD] 
Agent ID: 7993476b-0982-4638-9dfa-f7a150b05487
Agent 8c2b0804-f125-49c9-b5f3-818cffe2b544: 
[DEAD] 
Agent ID: 8c2b0804-f125-49c9-b5f3-818cffe2b544
Agent a06eaf3a-f097-4118-af5d-4df009ef833a: 
[DEAD] 
Agent ID: a06eaf3a-f097-4118-af5d-4df009ef833a

Iteration 2, Turn 0:

Iteration 2, Turn 1:
Agent 295d0661-33cb-4496-afc0-103c9845030a: 
[DEAD] 
Agent ID: 295d0661-33cb-4496-afc0-103c9845030a
Agent 774d67ee-b566-47ce-a0aa-5aa85a430a0f: 
[DEAD] 
Agent ID: 774d67ee-b566-47ce-a0aa-5aa85a430a0f
Agent 7993476b-0982-4638-9dfa-f7a150b05487: 
[DEAD] 
Agent ID: 7993476b-0982-4638-9dfa-f7a150b05487
Agent 8c2b0804-f125-49c9-b5f3-818cffe2b544: 
[DEAD] 
Agent ID: 8c2b0804-f125-49c9-b5f3-818cffe2b544
Agent a06eaf3a-f097-4118-af5d-4df009ef833a: 
[DEAD] 
Agent ID: a06eaf3a-f097-4118-af5d-4df009ef833a

Iteration 2, Turn 2:
Agent 295d0661-33cb-4496-afc0-103c9845030a: 
[DEAD] 
Agent ID: 295d0661-33cb-4496-afc0-103c9845030a
Agent 774d67ee-b566-47ce-a0aa-5aa85a430a0f: 
[DEAD] 
Agent ID: 774d67ee-b566-47ce-a0aa-5aa85a430a0f
Agent 7993476b-0982-4638-9dfa-f7a150b05487: 
[DEAD] 
Agent ID: 7993476b-0982-4638-9dfa-f7a150b05487
Agent 8c2b0804-f125-49c9-b5f3-818cffe2b544: 
[DEAD] 
Agent ID: 8c2b0804-f125-49c9-b5f3-818cffe2b544
Agent a06eaf3a-f097-4118-af5d-4df009ef833a: 
[DEAD] 
Agent ID: a06eaf3a-f097-4118-af5d-4df009ef833a

Iteration 2, Turn 3:
Agent 295d0661-33cb-4496-afc0-103c9845030a: 
[DEAD] 
Agent ID: 295d0661-33cb-4496-afc0-103c9845030a
Agent 774d67ee-b566-47ce-a0aa-5aa85a430a0f: 
[DEAD] 
Agent ID: 774d67ee-b566-47ce-a0aa-5aa85a430a0f
Agent 7993476b-0982-4638-9dfa-f7a150b05487: 
[DEAD] 
Agent ID: 7993476b-0982-4638-9dfa-f7a150b05487
Agent 8c2b0804-f125-49c9-b5f3-818cffe2b544: 
[DEAD] 
Agent ID: 8c2b0804-f125-49c9-b5f3-818cffe2b544
Agent a06eaf3a-f097-4118-af5d-4df009ef833a: 
[DEAD] 
Agent ID: a06eaf3a-f097-4118-af5d-4df009ef833a

Iteration 2, Turn 4:
Agent 295d0661-33cb-4496-afc0-103c9845030a: 
[DEAD] 
Agent ID: 295d0661-33cb-4496-afc0-103c9845030a
Agent 774d67ee-b566-47ce-a0aa-5aa85a430a0f: 
[DEAD] 
Agent ID: 774d67ee-b566-47ce-a0aa-5aa85a430a0f
Agent 7993476b-0982-4638-9dfa-f7a150b05487: 
[DEAD] 
Agent ID: 7993476b-0982-4638-9dfa-f7a150b05487
Agent 8c2b0804-f125-49c9-b5f3-818cffe2b544: 
[DEAD] 
Agent ID: 8c2b0804-f125-49c9-b5f3-818cffe2b544
Agent a06eaf3a-f097-4118-af5d-4df009ef833a: 
[DEAD] 
Agent ID: a06eaf3a-f097-4118-af5d-4df009ef833a

Iteration 2, Turn 5:
Agent 295d0661-33cb-4496-afc0-103c9845030a: 
[DEAD] 
Agent ID: 295d0661-33cb-4496-afc0-103c9845030a
Agent 774d67ee-b566-47ce-a0aa-5aa85a430a0f: 
[DEAD] 
Agent ID: 774d67ee-b566-47ce-a0aa-5aa85a430a0f
Agent 7993476b-0982-4638-9dfa-f7a150b05487: 
[DEAD] 
Agent ID: 7993476b-0982-4638-9dfa-f7a150b05487
Agent 8c2b0804-f125-49c9-b5f3-818cffe2b544: 
[DEAD] 
Agent ID: 8c2b0804-f125-49c9-b5f3-818cffe2b544
Agent a06eaf3a-f097-4118-af5d-4df009ef833a: 
[DEAD] 
Agent ID: a06eaf3a-f097-4118-af5d-4df009ef833a
