main function started.
--------Start of iteration 0---------


Iteration 0, Turn 0, current agent count: 5


Iteration 0, Turn 1, current agent count: 5
--------End of iteration 0---------
--------Start of iteration 1---------


Iteration 1, Turn 0, current agent count: 5


Iteration 1, Turn 1, current agent count: 5
--------End of iteration 1---------
--------Start of iteration 2---------


Iteration 2, Turn 0, current agent count: 5


Iteration 2, Turn 1, current agent count: 5
--------End of iteration 2---------


GamePlaybackSummary - playing 9 turn records

Iteration 0, Turn 0:

Iteration 0, Turn 1:
Agent 30431b08-b41c-42ad-8026-bb0cb613edd2: 
Agent ID: 30431b08-b41c-42ad-8026-bb0cb613edd2
Agent 44142c98-829d-40da-b933-7397ceafc1f6: 
Agent ID: 44142c98-829d-40da-b933-7397ceafc1f6
Agent 5eb7e6bb-0618-47d5-89e3-35f345ca8b52: 
Agent ID: 5eb7e6bb-0618-47d5-89e3-35f345ca8b52
Agent 6fff48af-e4af-4020-a19d-fe973428500f: 
Agent ID: 6fff48af-e4af-4020-a19d-fe973428500f
Agent 9002448c-2412-4694-8f6c-97d5d30b300b: 
Agent ID: 9002448c-2412-4694-8f6c-97d5d30b300b

Iteration 0, Turn 2:
Agent 30431b08-b41c-42ad-8026-bb0cb613edd2: 
Agent ID: 30431b08-b41c-42ad-8026-bb0cb613edd2
Agent 44142c98-829d-40da-b933-7397ceafc1f6: 
Agent ID: 44142c98-829d-40da-b933-7397ceafc1f6
Agent 5eb7e6bb-0618-47d5-89e3-35f345ca8b52: 
Agent ID: 5eb7e6bb-0618-47d5-89e3-35f345ca8b52
Agent 6fff48af-e4af-4020-a19d-fe973428500f: 
Agent ID: 6fff48af-e4af-4020-a19d-fe973428500f
Agent 9002448c-2412-4694-8f6c-97d5d30b300b: 
Agent ID: 9002448c-2412-4694-8f6c-97d5d30b300b

Iteration 1, Turn 0:

Iteration 1, Turn 1:
Agent 30431b08-b41c-42ad-8026-bb0cb613edd2: 
Agent ID: 30431b08-b41c-42ad-8026-bb0cb613edd2
Agent 44142c98-829d-40da-b933-7397ceafc1f6: 
Agent ID: 44142c98-829d-40da-b933-7397ceafc1f6
Agent 5eb7e6bb-0618-47d5-89e3-35f345ca8b52: 
Agent ID: 5eb7e6bb-0618-47d5-89e3-35f345ca8b52
Agent 6fff48af-e4af-4020-a19d-fe973428500f: 
Agent ID: 6fff48af-e4af-4020-a19d-fe973428500f
Agent 9002448c-2412-4694-8f6c-97d5d30b300b: 
Agent ID: 9002448c-2412-4694-8f6c-97d5d30b300b

Iteration 1, Turn 2:
Agent 30431b08-b41c-42ad-8026-bb0cb613edd2: 
Agent ID: 30431b08-b41c-42ad-8026-bb0cb613edd2
Agent 44142c98-829d-40da-b933-7397ceafc1f6: 
Agent ID: 44142c98-829d-40da-b933-7397ceafc1f6
Agent 5eb7e6bb-0618-47d5-89e3-35f345ca8b52: 
Agent ID: 5eb7e6bb-0618-47d5-89e3-35f345ca8b52
Agent 6fff48af-e4af-4020-a19d-fe973428500f: 
Agent ID: 6fff48af-e4af-4020-a19d-fe973428500f
Agent 9002448c-2412-4694-8f6c-97d5d30b300b: 
Agent ID: 9002448c-2412-4694-8f6c-97d5d30b300b

Iteration 2, Turn 0:

Iteration 2, Turn 1:
Agent 30431b08-b41c-42ad-8026-bb0cb613edd2: 
Agent ID: 30431b08-b41c-42ad-8026-bb0cb613edd2
Agent 44142c98-829d-40da-b933-7397ceafc1f6: 
Agent ID: 44142c98-829d-40da-b933-7397ceafc1f6
Agent 5eb7e6bb-0618-47d5-89e3-35f345ca8b52: 
Agent ID: 5eb7e6bb-0618-47d5-89e3-35f345ca8b52
Agent 6fff48af-e4af-4020-a19d-fe973428500f: 
Agent ID: 6fff48af-e4af-4020-a19d-fe973428500f
Agent 9002448c-2412-4694-8f6c-97d5d30b300b: 
Agent ID: 9002448c-2412-4694-8f6c-97d5d30b300b

Iteration 2, Turn 2:
Agent 30431b08-b41c-42ad-8026-bb0cb613edd2: 
Agent ID: 30431b08-b41c-42ad-8026-bb0cb613edd2
Agent 44142c98-829d-40da-b933-7397ceafc1f6: 
Agent ID: 44142c98-829d-40da-b933-7397ceafc1f6
Agent 5eb7e6bb-0618-47d5-89e3-35f345ca8b52: 
Agent ID: 5eb7e6bb-0618-47d5-89e3-35f345ca8b52
Agent 6fff48af-e4af-4020-a19d-fe973428500f: 
Agent ID: 6fff48af-e4af-4020-a19d-fe973428500f
Agent 9002448c-2412-4694-8f6c-97d5d30b300b: 
Agent ID: 9002448c-2412-4694-8f6c-97d5d30b300b
