main function started.
--------Start of iteration 0---------


Iteration 0, Turn 0, current agent count: 5


Iteration 0, Turn 1, current agent count: 5


Iteration 0, Turn 2, current agent count: 5


Iteration 0, Turn 3, current agent count: 5


Iteration 0, Turn 4, current agent count: 5
--------End of iteration 0---------
--------Start of iteration 1---------


Iteration 1, Turn 0, current agent count: 5


Iteration 1, Turn 1, current agent count: 5


Iteration 1, Turn 2, current agent count: 5


Iteration 1, Turn 3, current agent count: 5


Iteration 1, Turn 4, current agent count: 5
--------End of iteration 1---------
--------Start of iteration 2---------


Iteration 2, Turn 0, current agent count: 5


Iteration 2, Turn 1, current agent count: 5


Iteration 2, Turn 2, current agent count: 5


Iteration 2, Turn 3, current agent count: 5


Iteration 2, Turn 4, current agent count: 5
--------End of iteration 2---------


GamePlaybackSummary - playing 18 turn records

Iteration 0, Turn 0:

Iteration 0, Turn 1:
Agent 8343ffde-96f2-43b2-9422-2563b264a1a2: 
Agent ID: 8343ffde-96f2-43b2-9422-2563b264a1a2
Agent 8c43b0a3-dd6d-4c73-b1c8-b856cefddf16: 
[DEAD] 
Agent ID: 8c43b0a3-dd6d-4c73-b1c8-b856cefddf16
Agent b332f4f4-a251-4147-9324-91cfe06b0d33: 
[DEAD] 
Agent ID: b332f4f4-a251-4147-9324-91cfe06b0d33
Agent ba529ba2-92ab-4a8d-a4d6-77afb3291f87: 
Agent ID: ba529ba2-92ab-4a8d-a4d6-77afb3291f87
Agent c5303528-779e-4709-9b04-bf503e524a9a: 
Agent ID: c5303528-779e-4709-9b04-bf503e524a9a

Iteration 0, Turn 2:
Agent 8343ffde-96f2-43b2-9422-2563b264a1a2: 
Agent ID: 8343ffde-96f2-43b2-9422-2563b264a1a2
Agent 8c43b0a3-dd6d-4c73-b1c8-b856cefddf16: 
[DEAD] 
Agent ID: 8c43b0a3-dd6d-4c73-b1c8-b856cefddf16
Agent b332f4f4-a251-4147-9324-91cfe06b0d33: 
[DEAD] 
Agent ID: b332f4f4-a251-4147-9324-91cfe06b0d33
Agent ba529ba2-92ab-4a8d-a4d6-77afb3291f87: 
Agent ID: ba529ba2-92ab-4a8d-a4d6-77afb3291f87
Agent c5303528-779e-4709-9b04-bf503e524a9a: 
Agent ID: c5303528-779e-4709-9b04-bf503e524a9a

Iteration 0, Turn 3:
Agent 8343ffde-96f2-43b2-9422-2563b264a1a2: 
[DEAD] 
Agent ID: 8343ffde-96f2-43b2-9422-2563b264a1a2
Agent 8c43b0a3-dd6d-4c73-b1c8-b856cefddf16: 
[DEAD] 
Agent ID: 8c43b0a3-dd6d-4c73-b1c8-b856cefddf16
Agent b332f4f4-a251-4147-9324-91cfe06b0d33: 
[DEAD] 
Agent ID: b332f4f4-a251-4147-9324-91cfe06b0d33
Agent ba529ba2-92ab-4a8d-a4d6-77afb3291f87: 
Agent ID: ba529ba2-92ab-4a8d-a4d6-77afb3291f87
Agent c5303528-779e-4709-9b04-bf503e524a9a: 
[DEAD] 
Agent ID: c5303528-779e-4709-9b04-bf503e524a9a

Iteration 0, Turn 4:
Agent 8343ffde-96f2-43b2-9422-2563b264a1a2: 
[DEAD] 
Agent ID: 8343ffde-96f2-43b2-9422-2563b264a1a2
Agent 8c43b0a3-dd6d-4c73-b1c8-b856cefddf16: 
[DEAD] 
Agent ID: 8c43b0a3-dd6d-4c73-b1c8-b856cefddf16
Agent b332f4f4-a251-4147-9324-91cfe06b0d33: 
[DEAD] 
Agent ID: b332f4f4-a251-4147-9324-91cfe06b0d33
Agent ba529ba2-92ab-4a8d-a4d6-77afb3291f87: 
[DEAD] 
Agent ID: ba529ba2-92ab-4a8d-a4d6-77afb3291f87
Agent c5303528-779e-4709-9b04-bf503e524a9a: 
[DEAD] 
Agent ID: c5303528-779e-4709-9b04-bf503e524a9a

Iteration 0, Turn 5:
Agent 8343ffde-96f2-43b2-9422-2563b264a1a2: 
[DEAD] 
Agent ID: 8343ffde-96f2-43b2-9422-2563b264a1a2
Agent 8c43b0a3-dd6d-4c73-b1c8-b856cefddf16: 
[DEAD] 
Agent ID: 8c43b0a3-dd6d-4c73-b1c8-b856cefddf16
Agent b332f4f4-a251-4147-9324-91cfe06b0d33: 
[DEAD] 
Agent ID: b332f4f4-a251-4147-9324-91cfe06b0d33
Agent ba529ba2-92ab-4a8d-a4d6-77afb3291f87: 
[DEAD] 
Agent ID: ba529ba2-92ab-4a8d-a4d6-77afb3291f87
Agent c5303528-779e-4709-9b04-bf503e524a9a: 
[DEAD] 
Agent ID: c5303528-779e-4709-9b04-bf503e524a9a

Iteration 1, Turn 0:

Iteration 1, Turn 1:
Agent 8343ffde-96f2-43b2-9422-2563b264a1a2: 
[DEAD] 
Agent ID: 8343ffde-96f2-43b2-9422-2563b264a1a2
Agent 8c43b0a3-dd6d-4c73-b1c8-b856cefddf16: 
[DEAD] 
Agent ID: 8c43b0a3-dd6d-4c73-b1c8-b856cefddf16
Agent b332f4f4-a251-4147-9324-91cfe06b0d33: 
[DEAD] 
Agent ID: b332f4f4-a251-4147-9324-91cfe06b0d33
Agent ba529ba2-92ab-4a8d-a4d6-77afb3291f87: 
[DEAD] 
Agent ID: ba529ba2-92ab-4a8d-a4d6-77afb3291f87
Agent c5303528-779e-4709-9b04-bf503e524a9a: 
[DEAD] 
Agent ID: c5303528-779e-4709-9b04-bf503e524a9a

Iteration 1, Turn 2:
Agent 8343ffde-96f2-43b2-9422-2563b264a1a2: 
[DEAD] 
Agent ID: 8343ffde-96f2-43b2-9422-2563b264a1a2
Agent 8c43b0a3-dd6d-4c73-b1c8-b856cefddf16: 
[DEAD] 
Agent ID: 8c43b0a3-dd6d-4c73-b1c8-b856cefddf16
Agent b332f4f4-a251-4147-9324-91cfe06b0d33: 
[DEAD] 
Agent ID: b332f4f4-a251-4147-9324-91cfe06b0d33
Agent ba529ba2-92ab-4a8d-a4d6-77afb3291f87: 
[DEAD] 
Agent ID: ba529ba2-92ab-4a8d-a4d6-77afb3291f87
Agent c5303528-779e-4709-9b04-bf503e524a9a: 
[DEAD] 
Agent ID: c5303528-779e-4709-9b04-bf503e524a9a

Iteration 1, Turn 3:
Agent 8343ffde-96f2-43b2-9422-2563b264a1a2: 
[DEAD] 
Agent ID: 8343ffde-96f2-43b2-9422-2563b264a1a2
Agent 8c43b0a3-dd6d-4c73-b1c8-b856cefddf16: 
[DEAD] 
Agent ID: 8c43b0a3-dd6d-4c73-b1c8-b856cefddf16
Agent b332f4f4-a251-4147-9324-91cfe06b0d33: 
[DEAD] 
Agent ID: b332f4f4-a251-4147-9324-91cfe06b0d33
Agent ba529ba2-92ab-4a8d-a4d6-77afb3291f87: 
[DEAD] 
Agent ID: ba529ba2-92ab-4a8d-a4d6-77afb3291f87
Agent c5303528-779e-4709-9b04-bf503e524a9a: 
[DEAD] 
Agent ID: c5303528-779e-4709-9b04-bf503e524a9a

Iteration 1, Turn 4:
Agent 8343ffde-96f2-43b2-9422-2563b264a1a2: 
[DEAD] 
Agent ID: 8343ffde-96f2-43b2-9422-2563b264a1a2
Agent 8c43b0a3-dd6d-4c73-b1c8-b856cefddf16: 
[DEAD] 
Agent ID: 8c43b0a3-dd6d-4c73-b1c8-b856cefddf16
Agent b332f4f4-a251-4147-9324-91cfe06b0d33: 
[DEAD] 
Agent ID: b332f4f4-a251-4147-9324-91cfe06b0d33
Agent ba529ba2-92ab-4a8d-a4d6-77afb3291f87: 
[DEAD] 
Agent ID: ba529ba2-92ab-4a8d-a4d6-77afb3291f87
Agent c5303528-779e-4709-9b04-bf503e524a9a: 
[DEAD] 
Agent ID: c5303528-779e-4709-9b04-bf503e524a9a

Iteration 1, Turn 5:
Agent 8343ffde-96f2-43b2-9422-2563b264a1a2: 
[DEAD] 
Agent ID: 8343ffde-96f2-43b2-9422-2563b264a1a2
Agent 8c43b0a3-dd6d-4c73-b1c8-b856cefddf16: 
[DEAD] 
Agent ID: 8c43b0a3-dd6d-4c73-b1c8-b856cefddf16
Agent b332f4f4-a251-4147-9324-91cfe06b0d33: 
[DEAD] 
Agent ID: b332f4f4-a251-4147-9324-91cfe06b0d33
Agent ba529ba2-92ab-4a8d-a4d6-77afb3291f87: 
[DEAD] 
Agent ID: ba529ba2-92ab-4a8d-a4d6-77afb3291f87
Agent c5303528-779e-4709-9b04-bf503e524a9a: 
[DEAD] 
Agent ID: c5303528-779e-4709-9b04-bf503e524a9a

Iteration 2, Turn 0:

Iteration 2, Turn 1:
Agent 8343ffde-96f2-43b2-9422-2563b264a1a2: 
[DEAD] 
Agent ID: 8343ffde-96f2-43b2-9422-2563b264a1a2
Agent 8c43b0a3-dd6d-4c73-b1c8-b856cefddf16: 
[DEAD] 
Agent ID: 8c43b0a3-dd6d-4c73-b1c8-b856cefddf16
Agent b332f4f4-a251-4147-9324-91cfe06b0d33: 
[DEAD] 
Agent ID: b332f4f4-a251-4147-9324-91cfe06b0d33
Agent ba529ba2-92ab-4a8d-a4d6-77afb3291f87: 
[DEAD] 
Agent ID: ba529ba2-92ab-4a8d-a4d6-77afb3291f87
Agent c5303528-779e-4709-9b04-bf503e524a9a: 
[DEAD] 
Agent ID: c5303528-779e-4709-9b04-bf503e524a9a

Iteration 2, Turn 2:
Agent 8343ffde-96f2-43b2-9422-2563b264a1a2: 
[DEAD] 
Agent ID: 8343ffde-96f2-43b2-9422-2563b264a1a2
Agent 8c43b0a3-dd6d-4c73-b1c8-b856cefddf16: 
[DEAD] 
Agent ID: 8c43b0a3-dd6d-4c73-b1c8-b856cefddf16
Agent b332f4f4-a251-4147-9324-91cfe06b0d33: 
[DEAD] 
Agent ID: b332f4f4-a251-4147-9324-91cfe06b0d33
Agent ba529ba2-92ab-4a8d-a4d6-77afb3291f87: 
[DEAD] 
Agent ID: ba529ba2-92ab-4a8d-a4d6-77afb3291f87
Agent c5303528-779e-4709-9b04-bf503e524a9a: 
[DEAD] 
Agent ID: c5303528-779e-4709-9b04-bf503e524a9a

Iteration 2, Turn 3:
Agent 8343ffde-96f2-43b2-9422-2563b264a1a2: 
[DEAD] 
Agent ID: 8343ffde-96f2-43b2-9422-2563b264a1a2
Agent 8c43b0a3-dd6d-4c73-b1c8-b856cefddf16: 
[DEAD] 
Agent ID: 8c43b0a3-dd6d-4c73-b1c8-b856cefddf16
Agent b332f4f4-a251-4147-9324-91cfe06b0d33: 
[DEAD] 
Agent ID: b332f4f4-a251-4147-9324-91cfe06b0d33
Agent ba529ba2-92ab-4a8d-a4d6-77afb3291f87: 
[DEAD] 
Agent ID: ba529ba2-92ab-4a8d-a4d6-77afb3291f87
Agent c5303528-779e-4709-9b04-bf503e524a9a: 
[DEAD] 
Agent ID: c5303528-779e-4709-9b04-bf503e524a9a

Iteration 2, Turn 4:
Agent 8343ffde-96f2-43b2-9422-2563b264a1a2: 
[DEAD] 
Agent ID: 8343ffde-96f2-43b2-9422-2563b264a1a2
Agent 8c43b0a3-dd6d-4c73-b1c8-b856cefddf16: 
[DEAD] 
Agent ID: 8c43b0a3-dd6d-4c73-b1c8-b856cefddf16
Agent b332f4f4-a251-4147-9324-91cfe06b0d33: 
[DEAD] 
Agent ID: b332f4f4-a251-4147-9324-91cfe06b0d33
Agent ba529ba2-92ab-4a8d-a4d6-77afb3291f87: 
[DEAD] 
Agent ID: ba529ba2-92ab-4a8d-a4d6-77afb3291f87
Agent c5303528-779e-4709-9b04-bf503e524a9a: 
[DEAD] 
Agent ID: c5303528-779e-4709-9b04-bf503e524a9a

Iteration 2, Turn 5:
Agent 8343ffde-96f2-43b2-9422-2563b264a1a2: 
[DEAD] 
Agent ID: 8343ffde-96f2-43b2-9422-2563b264a1a2
Agent 8c43b0a3-dd6d-4c73-b1c8-b856cefddf16: 
[DEAD] 
Agent ID: 8c43b0a3-dd6d-4c73-b1c8-b856cefddf16
Agent b332f4f4-a251-4147-9324-91cfe06b0d33: 
[DEAD] 
Agent ID: b332f4f4-a251-4147-9324-91cfe06b0d33
Agent ba529ba2-92ab-4a8d-a4d6-77afb3291f87: 
[DEAD] 
Agent ID: ba529ba2-92ab-4a8d-a4d6-77afb3291f87
Agent c5303528-779e-4709-9b04-bf503e524a9a: 
[DEAD] 
Agent ID: c5303528-779e-4709-9b04-bf503e524a9a
