main function started.
--------Start of iteration 0---------


Iteration 0, Turn 0, current agent count: 5


Iteration 0, Turn 1, current agent count: 5


Iteration 0, Turn 2, current agent count: 5


Iteration 0, Turn 3, current agent count: 5


Iteration 0, Turn 4, current agent count: 5
--------End of iteration 0---------
--------Start of iteration 1---------


Iteration 1, Turn 0, current agent count: 5


Iteration 1, Turn 1, current agent count: 5


Iteration 1, Turn 2, current agent count: 5


Iteration 1, Turn 3, current agent count: 5


Iteration 1, Turn 4, current agent count: 5
--------End of iteration 1---------
--------Start of iteration 2---------


Iteration 2, Turn 0, current agent count: 5


Iteration 2, Turn 1, current agent count: 5


Iteration 2, Turn 2, current agent count: 5


Iteration 2, Turn 3, current agent count: 5


Iteration 2, Turn 4, current agent count: 5
--------End of iteration 2---------


GamePlaybackSummary - playing 18 turn records

Iteration 0, Turn 0:

Iteration 0, Turn 0:
Agent 11fe2821-938d-4495-99f5-d8937e4c9930: 
Agent ID: 11fe2821-938d-4495-99f5-d8937e4c9930
Agent 11fe2821-938d-4495-99f5-d8937e4c9930: 
[DEAD] 
Agent ID: 11fe2821-938d-4495-99f5-d8937e4c9930
Agent 8b1e2f06-ff4b-49a3-90c4-6a2e671c6bdd: 
Agent ID: 8b1e2f06-ff4b-49a3-90c4-6a2e671c6bdd
Agent 8b1e2f06-ff4b-49a3-90c4-6a2e671c6bdd: 
[DEAD] 
Agent ID: 8b1e2f06-ff4b-49a3-90c4-6a2e671c6bdd
Agent 95c45080-b848-4f60-8a11-8d8c6d3c4a79: 
Agent ID: 95c45080-b848-4f60-8a11-8d8c6d3c4a79
Agent 95c45080-b848-4f60-8a11-8d8c6d3c4a79: 
[DEAD] 
Agent ID: 95c45080-b848-4f60-8a11-8d8c6d3c4a79
Agent dda7eb27-e394-4e0b-be06-441c928701de: 
Agent ID: dda7eb27-e394-4e0b-be06-441c928701de
Agent dda7eb27-e394-4e0b-be06-441c928701de: 
[DEAD] 
Agent ID: dda7eb27-e394-4e0b-be06-441c928701de
Agent fd3e5b17-2f53-4453-bc90-4ea6b95590b5: 
Agent ID: fd3e5b17-2f53-4453-bc90-4ea6b95590b5
Agent fd3e5b17-2f53-4453-bc90-4ea6b95590b5: 
[DEAD] 
Agent ID: fd3e5b17-2f53-4453-bc90-4ea6b95590b5

Iteration 0, Turn 1:
Agent 11fe2821-938d-4495-99f5-d8937e4c9930: 
Agent ID: 11fe2821-938d-4495-99f5-d8937e4c9930
Agent 8b1e2f06-ff4b-49a3-90c4-6a2e671c6bdd: 
Agent ID: 8b1e2f06-ff4b-49a3-90c4-6a2e671c6bdd
Agent 95c45080-b848-4f60-8a11-8d8c6d3c4a79: 
Agent ID: 95c45080-b848-4f60-8a11-8d8c6d3c4a79
Agent dda7eb27-e394-4e0b-be06-441c928701de: 
[DEAD] 
Agent ID: dda7eb27-e394-4e0b-be06-441c928701de
Agent fd3e5b17-2f53-4453-bc90-4ea6b95590b5: 
Agent ID: fd3e5b17-2f53-4453-bc90-4ea6b95590b5

Iteration 0, Turn 2:
Agent 11fe2821-938d-4495-99f5-d8937e4c9930: 
Agent ID: 11fe2821-938d-4495-99f5-d8937e4c9930
Agent 8b1e2f06-ff4b-49a3-90c4-6a2e671c6bdd: 
Agent ID: 8b1e2f06-ff4b-49a3-90c4-6a2e671c6bdd
Agent 95c45080-b848-4f60-8a11-8d8c6d3c4a79: 
[DEAD] 
Agent ID: 95c45080-b848-4f60-8a11-8d8c6d3c4a79
Agent dda7eb27-e394-4e0b-be06-441c928701de: 
[DEAD] 
Agent ID: dda7eb27-e394-4e0b-be06-441c928701de
Agent fd3e5b17-2f53-4453-bc90-4ea6b95590b5: 
Agent ID: fd3e5b17-2f53-4453-bc90-4ea6b95590b5

Iteration 0, Turn 3:
Agent 11fe2821-938d-4495-99f5-d8937e4c9930: 
[DEAD] 
Agent ID: 11fe2821-938d-4495-99f5-d8937e4c9930
Agent 8b1e2f06-ff4b-49a3-90c4-6a2e671c6bdd: 
Agent ID: 8b1e2f06-ff4b-49a3-90c4-6a2e671c6bdd
Agent 95c45080-b848-4f60-8a11-8d8c6d3c4a79: 
[DEAD] 
Agent ID: 95c45080-b848-4f60-8a11-8d8c6d3c4a79
Agent dda7eb27-e394-4e0b-be06-441c928701de: 
[DEAD] 
Agent ID: dda7eb27-e394-4e0b-be06-441c928701de
Agent fd3e5b17-2f53-4453-bc90-4ea6b95590b5: 
Agent ID: fd3e5b17-2f53-4453-bc90-4ea6b95590b5

Iteration 0, Turn 4:
Agent 11fe2821-938d-4495-99f5-d8937e4c9930: 
[DEAD] 
Agent ID: 11fe2821-938d-4495-99f5-d8937e4c9930
Agent 8b1e2f06-ff4b-49a3-90c4-6a2e671c6bdd: 
[DEAD] 
Agent ID: 8b1e2f06-ff4b-49a3-90c4-6a2e671c6bdd
Agent 95c45080-b848-4f60-8a11-8d8c6d3c4a79: 
[DEAD] 
Agent ID: 95c45080-b848-4f60-8a11-8d8c6d3c4a79
Agent dda7eb27-e394-4e0b-be06-441c928701de: 
[DEAD] 
Agent ID: dda7eb27-e394-4e0b-be06-441c928701de
Agent fd3e5b17-2f53-4453-bc90-4ea6b95590b5: 
[DEAD] 
Agent ID: fd3e5b17-2f53-4453-bc90-4ea6b95590b5

Iteration 1, Turn 0:

Iteration 1, Turn 0:
Agent 11fe2821-938d-4495-99f5-d8937e4c9930: 
[DEAD] 
Agent ID: 11fe2821-938d-4495-99f5-d8937e4c9930
Agent 8b1e2f06-ff4b-49a3-90c4-6a2e671c6bdd: 
[DEAD] 
Agent ID: 8b1e2f06-ff4b-49a3-90c4-6a2e671c6bdd
Agent 95c45080-b848-4f60-8a11-8d8c6d3c4a79: 
[DEAD] 
Agent ID: 95c45080-b848-4f60-8a11-8d8c6d3c4a79
Agent dda7eb27-e394-4e0b-be06-441c928701de: 
[DEAD] 
Agent ID: dda7eb27-e394-4e0b-be06-441c928701de
Agent fd3e5b17-2f53-4453-bc90-4ea6b95590b5: 
[DEAD] 
Agent ID: fd3e5b17-2f53-4453-bc90-4ea6b95590b5

Iteration 1, Turn 1:
Agent 11fe2821-938d-4495-99f5-d8937e4c9930: 
[DEAD] 
Agent ID: 11fe2821-938d-4495-99f5-d8937e4c9930
Agent 8b1e2f06-ff4b-49a3-90c4-6a2e671c6bdd: 
[DEAD] 
Agent ID: 8b1e2f06-ff4b-49a3-90c4-6a2e671c6bdd
Agent 95c45080-b848-4f60-8a11-8d8c6d3c4a79: 
[DEAD] 
Agent ID: 95c45080-b848-4f60-8a11-8d8c6d3c4a79
Agent dda7eb27-e394-4e0b-be06-441c928701de: 
[DEAD] 
Agent ID: dda7eb27-e394-4e0b-be06-441c928701de
Agent fd3e5b17-2f53-4453-bc90-4ea6b95590b5: 
[DEAD] 
Agent ID: fd3e5b17-2f53-4453-bc90-4ea6b95590b5

Iteration 1, Turn 2:
Agent 11fe2821-938d-4495-99f5-d8937e4c9930: 
[DEAD] 
Agent ID: 11fe2821-938d-4495-99f5-d8937e4c9930
Agent 8b1e2f06-ff4b-49a3-90c4-6a2e671c6bdd: 
[DEAD] 
Agent ID: 8b1e2f06-ff4b-49a3-90c4-6a2e671c6bdd
Agent 95c45080-b848-4f60-8a11-8d8c6d3c4a79: 
[DEAD] 
Agent ID: 95c45080-b848-4f60-8a11-8d8c6d3c4a79
Agent dda7eb27-e394-4e0b-be06-441c928701de: 
[DEAD] 
Agent ID: dda7eb27-e394-4e0b-be06-441c928701de
Agent fd3e5b17-2f53-4453-bc90-4ea6b95590b5: 
[DEAD] 
Agent ID: fd3e5b17-2f53-4453-bc90-4ea6b95590b5

Iteration 1, Turn 3:
Agent 11fe2821-938d-4495-99f5-d8937e4c9930: 
[DEAD] 
Agent ID: 11fe2821-938d-4495-99f5-d8937e4c9930
Agent 8b1e2f06-ff4b-49a3-90c4-6a2e671c6bdd: 
[DEAD] 
Agent ID: 8b1e2f06-ff4b-49a3-90c4-6a2e671c6bdd
Agent 95c45080-b848-4f60-8a11-8d8c6d3c4a79: 
[DEAD] 
Agent ID: 95c45080-b848-4f60-8a11-8d8c6d3c4a79
Agent dda7eb27-e394-4e0b-be06-441c928701de: 
[DEAD] 
Agent ID: dda7eb27-e394-4e0b-be06-441c928701de
Agent fd3e5b17-2f53-4453-bc90-4ea6b95590b5: 
[DEAD] 
Agent ID: fd3e5b17-2f53-4453-bc90-4ea6b95590b5

Iteration 1, Turn 4:
Agent 11fe2821-938d-4495-99f5-d8937e4c9930: 
[DEAD] 
Agent ID: 11fe2821-938d-4495-99f5-d8937e4c9930
Agent 8b1e2f06-ff4b-49a3-90c4-6a2e671c6bdd: 
[DEAD] 
Agent ID: 8b1e2f06-ff4b-49a3-90c4-6a2e671c6bdd
Agent 95c45080-b848-4f60-8a11-8d8c6d3c4a79: 
[DEAD] 
Agent ID: 95c45080-b848-4f60-8a11-8d8c6d3c4a79
Agent dda7eb27-e394-4e0b-be06-441c928701de: 
[DEAD] 
Agent ID: dda7eb27-e394-4e0b-be06-441c928701de
Agent fd3e5b17-2f53-4453-bc90-4ea6b95590b5: 
[DEAD] 
Agent ID: fd3e5b17-2f53-4453-bc90-4ea6b95590b5

Iteration 2, Turn 0:

Iteration 2, Turn 0:
Agent 11fe2821-938d-4495-99f5-d8937e4c9930: 
[DEAD] 
Agent ID: 11fe2821-938d-4495-99f5-d8937e4c9930
Agent 8b1e2f06-ff4b-49a3-90c4-6a2e671c6bdd: 
[DEAD] 
Agent ID: 8b1e2f06-ff4b-49a3-90c4-6a2e671c6bdd
Agent 95c45080-b848-4f60-8a11-8d8c6d3c4a79: 
[DEAD] 
Agent ID: 95c45080-b848-4f60-8a11-8d8c6d3c4a79
Agent dda7eb27-e394-4e0b-be06-441c928701de: 
[DEAD] 
Agent ID: dda7eb27-e394-4e0b-be06-441c928701de
Agent fd3e5b17-2f53-4453-bc90-4ea6b95590b5: 
[DEAD] 
Agent ID: fd3e5b17-2f53-4453-bc90-4ea6b95590b5

Iteration 2, Turn 1:
Agent 11fe2821-938d-4495-99f5-d8937e4c9930: 
[DEAD] 
Agent ID: 11fe2821-938d-4495-99f5-d8937e4c9930
Agent 8b1e2f06-ff4b-49a3-90c4-6a2e671c6bdd: 
[DEAD] 
Agent ID: 8b1e2f06-ff4b-49a3-90c4-6a2e671c6bdd
Agent 95c45080-b848-4f60-8a11-8d8c6d3c4a79: 
[DEAD] 
Agent ID: 95c45080-b848-4f60-8a11-8d8c6d3c4a79
Agent dda7eb27-e394-4e0b-be06-441c928701de: 
[DEAD] 
Agent ID: dda7eb27-e394-4e0b-be06-441c928701de
Agent fd3e5b17-2f53-4453-bc90-4ea6b95590b5: 
[DEAD] 
Agent ID: fd3e5b17-2f53-4453-bc90-4ea6b95590b5

Iteration 2, Turn 2:
Agent 11fe2821-938d-4495-99f5-d8937e4c9930: 
[DEAD] 
Agent ID: 11fe2821-938d-4495-99f5-d8937e4c9930
Agent 8b1e2f06-ff4b-49a3-90c4-6a2e671c6bdd: 
[DEAD] 
Agent ID: 8b1e2f06-ff4b-49a3-90c4-6a2e671c6bdd
Agent 95c45080-b848-4f60-8a11-8d8c6d3c4a79: 
[DEAD] 
Agent ID: 95c45080-b848-4f60-8a11-8d8c6d3c4a79
Agent dda7eb27-e394-4e0b-be06-441c928701de: 
[DEAD] 
Agent ID: dda7eb27-e394-4e0b-be06-441c928701de
Agent fd3e5b17-2f53-4453-bc90-4ea6b95590b5: 
[DEAD] 
Agent ID: fd3e5b17-2f53-4453-bc90-4ea6b95590b5

Iteration 2, Turn 3:
Agent 11fe2821-938d-4495-99f5-d8937e4c9930: 
[DEAD] 
Agent ID: 11fe2821-938d-4495-99f5-d8937e4c9930
Agent 8b1e2f06-ff4b-49a3-90c4-6a2e671c6bdd: 
[DEAD] 
Agent ID: 8b1e2f06-ff4b-49a3-90c4-6a2e671c6bdd
Agent 95c45080-b848-4f60-8a11-8d8c6d3c4a79: 
[DEAD] 
Agent ID: 95c45080-b848-4f60-8a11-8d8c6d3c4a79
Agent dda7eb27-e394-4e0b-be06-441c928701de: 
[DEAD] 
Agent ID: dda7eb27-e394-4e0b-be06-441c928701de
Agent fd3e5b17-2f53-4453-bc90-4ea6b95590b5: 
[DEAD] 
Agent ID: fd3e5b17-2f53-4453-bc90-4ea6b95590b5

Iteration 2, Turn 4:
Agent 11fe2821-938d-4495-99f5-d8937e4c9930: 
[DEAD] 
Agent ID: 11fe2821-938d-4495-99f5-d8937e4c9930
Agent 8b1e2f06-ff4b-49a3-90c4-6a2e671c6bdd: 
[DEAD] 
Agent ID: 8b1e2f06-ff4b-49a3-90c4-6a2e671c6bdd
Agent 95c45080-b848-4f60-8a11-8d8c6d3c4a79: 
[DEAD] 
Agent ID: 95c45080-b848-4f60-8a11-8d8c6d3c4a79
Agent dda7eb27-e394-4e0b-be06-441c928701de: 
[DEAD] 
Agent ID: dda7eb27-e394-4e0b-be06-441c928701de
Agent fd3e5b17-2f53-4453-bc90-4ea6b95590b5: 
[DEAD] 
Agent ID: fd3e5b17-2f53-4453-bc90-4ea6b95590b5
