main function started.
--------Start of iteration 0---------


Iteration 0, Turn 0, current agent count: 10


Iteration 0, Turn 1, current agent count: 10


Iteration 0, Turn 2, current agent count: 10


Iteration 0, Turn 3, current agent count: 10


Iteration 0, Turn 4, current agent count: 10
--------End of iteration 0---------
--------Start of iteration 1---------


Iteration 1, Turn 0, current agent count: 10


Iteration 1, Turn 1, current agent count: 10


Iteration 1, Turn 2, current agent count: 10


Iteration 1, Turn 3, current agent count: 10


Iteration 1, Turn 4, current agent count: 10
--------End of iteration 1---------
--------Start of iteration 2---------


Iteration 2, Turn 0, current agent count: 10


Iteration 2, Turn 1, current agent count: 10


Iteration 2, Turn 2, current agent count: 10


Iteration 2, Turn 3, current agent count: 10


Iteration 2, Turn 4, current agent count: 10
--------End of iteration 2---------


GamePlaybackSummary - playing 18 turn records

Iteration 0, Turn 0:

Iteration 0, Turn 0:
Agent 28de6f07-510f-415b-bdac-7613e962ac4f: 
Agent ID: 28de6f07-510f-415b-bdac-7613e962ac4f
Agent 2c893dc2-2f1c-44c9-ab8f-e0d4e807e303: 
Agent ID: 2c893dc2-2f1c-44c9-ab8f-e0d4e807e303
Agent 71b168f8-25cb-4579-a5be-3056000a9f1f: 
Agent ID: 71b168f8-25cb-4579-a5be-3056000a9f1f
Agent bd0a07c0-f856-4973-b168-c356e91405a8: 
Agent ID: bd0a07c0-f856-4973-b168-c356e91405a8
Agent c9628b2e-052e-44d8-a56a-89af36adfb1a: 
Agent ID: c9628b2e-052e-44d8-a56a-89af36adfb1a
Agent ca81c14a-2f5a-4e81-a237-07a5cc2bba0d: 
Agent ID: ca81c14a-2f5a-4e81-a237-07a5cc2bba0d
Agent d43228e9-3a66-47e8-ab7c-4549f3384f98: 
Agent ID: d43228e9-3a66-47e8-ab7c-4549f3384f98
Agent e26daa2a-19b1-4aa4-ac4b-fbb2c7ee4712: 
Agent ID: e26daa2a-19b1-4aa4-ac4b-fbb2c7ee4712
Agent e5ef12ce-b10c-4d72-9f27-fbebea867079: 
Agent ID: e5ef12ce-b10c-4d72-9f27-fbebea867079
Agent f096ff47-a03d-4992-9b24-fdd10eb7c018: 
Agent ID: f096ff47-a03d-4992-9b24-fdd10eb7c018

Iteration 0, Turn 1:
Agent 28de6f07-510f-415b-bdac-7613e962ac4f: 
Agent ID: 28de6f07-510f-415b-bdac-7613e962ac4f
Agent 2c893dc2-2f1c-44c9-ab8f-e0d4e807e303: 
Agent ID: 2c893dc2-2f1c-44c9-ab8f-e0d4e807e303
Agent 71b168f8-25cb-4579-a5be-3056000a9f1f: 
Agent ID: 71b168f8-25cb-4579-a5be-3056000a9f1f
Agent bd0a07c0-f856-4973-b168-c356e91405a8: 
Agent ID: bd0a07c0-f856-4973-b168-c356e91405a8
Agent c9628b2e-052e-44d8-a56a-89af36adfb1a: 
Agent ID: c9628b2e-052e-44d8-a56a-89af36adfb1a
Agent ca81c14a-2f5a-4e81-a237-07a5cc2bba0d: 
Agent ID: ca81c14a-2f5a-4e81-a237-07a5cc2bba0d
Agent d43228e9-3a66-47e8-ab7c-4549f3384f98: 
[DEAD] 
Agent ID: d43228e9-3a66-47e8-ab7c-4549f3384f98
Agent e26daa2a-19b1-4aa4-ac4b-fbb2c7ee4712: 
Agent ID: e26daa2a-19b1-4aa4-ac4b-fbb2c7ee4712
Agent e5ef12ce-b10c-4d72-9f27-fbebea867079: 
Agent ID: e5ef12ce-b10c-4d72-9f27-fbebea867079
Agent f096ff47-a03d-4992-9b24-fdd10eb7c018: 
Agent ID: f096ff47-a03d-4992-9b24-fdd10eb7c018

Iteration 0, Turn 2:
Agent 28de6f07-510f-415b-bdac-7613e962ac4f: 
Agent ID: 28de6f07-510f-415b-bdac-7613e962ac4f
Agent 2c893dc2-2f1c-44c9-ab8f-e0d4e807e303: 
Agent ID: 2c893dc2-2f1c-44c9-ab8f-e0d4e807e303
Agent 71b168f8-25cb-4579-a5be-3056000a9f1f: 
Agent ID: 71b168f8-25cb-4579-a5be-3056000a9f1f
Agent bd0a07c0-f856-4973-b168-c356e91405a8: 
Agent ID: bd0a07c0-f856-4973-b168-c356e91405a8
Agent c9628b2e-052e-44d8-a56a-89af36adfb1a: 
Agent ID: c9628b2e-052e-44d8-a56a-89af36adfb1a
Agent ca81c14a-2f5a-4e81-a237-07a5cc2bba0d: 
Agent ID: ca81c14a-2f5a-4e81-a237-07a5cc2bba0d
Agent d43228e9-3a66-47e8-ab7c-4549f3384f98: 
[DEAD] 
Agent ID: d43228e9-3a66-47e8-ab7c-4549f3384f98
Agent e26daa2a-19b1-4aa4-ac4b-fbb2c7ee4712: 
Agent ID: e26daa2a-19b1-4aa4-ac4b-fbb2c7ee4712
Agent e5ef12ce-b10c-4d72-9f27-fbebea867079: 
Agent ID: e5ef12ce-b10c-4d72-9f27-fbebea867079
Agent f096ff47-a03d-4992-9b24-fdd10eb7c018: 
Agent ID: f096ff47-a03d-4992-9b24-fdd10eb7c018

Iteration 0, Turn 3:
Agent 28de6f07-510f-415b-bdac-7613e962ac4f: 
[DEAD] 
Agent ID: 28de6f07-510f-415b-bdac-7613e962ac4f
Agent 2c893dc2-2f1c-44c9-ab8f-e0d4e807e303: 
Agent ID: 2c893dc2-2f1c-44c9-ab8f-e0d4e807e303
Agent 71b168f8-25cb-4579-a5be-3056000a9f1f: 
Agent ID: 71b168f8-25cb-4579-a5be-3056000a9f1f
Agent bd0a07c0-f856-4973-b168-c356e91405a8: 
Agent ID: bd0a07c0-f856-4973-b168-c356e91405a8
Agent c9628b2e-052e-44d8-a56a-89af36adfb1a: 
Agent ID: c9628b2e-052e-44d8-a56a-89af36adfb1a
Agent ca81c14a-2f5a-4e81-a237-07a5cc2bba0d: 
Agent ID: ca81c14a-2f5a-4e81-a237-07a5cc2bba0d
Agent d43228e9-3a66-47e8-ab7c-4549f3384f98: 
[DEAD] 
Agent ID: d43228e9-3a66-47e8-ab7c-4549f3384f98
Agent e26daa2a-19b1-4aa4-ac4b-fbb2c7ee4712: 
Agent ID: e26daa2a-19b1-4aa4-ac4b-fbb2c7ee4712
Agent e5ef12ce-b10c-4d72-9f27-fbebea867079: 
[DEAD] 
Agent ID: e5ef12ce-b10c-4d72-9f27-fbebea867079
Agent f096ff47-a03d-4992-9b24-fdd10eb7c018: 
Agent ID: f096ff47-a03d-4992-9b24-fdd10eb7c018

Iteration 0, Turn 4:
Agent 28de6f07-510f-415b-bdac-7613e962ac4f: 
[DEAD] 
Agent ID: 28de6f07-510f-415b-bdac-7613e962ac4f
Agent 2c893dc2-2f1c-44c9-ab8f-e0d4e807e303: 
Agent ID: 2c893dc2-2f1c-44c9-ab8f-e0d4e807e303
Agent 71b168f8-25cb-4579-a5be-3056000a9f1f: 
Agent ID: 71b168f8-25cb-4579-a5be-3056000a9f1f
Agent bd0a07c0-f856-4973-b168-c356e91405a8: 
Agent ID: bd0a07c0-f856-4973-b168-c356e91405a8
Agent c9628b2e-052e-44d8-a56a-89af36adfb1a: 
Agent ID: c9628b2e-052e-44d8-a56a-89af36adfb1a
Agent ca81c14a-2f5a-4e81-a237-07a5cc2bba0d: 
Agent ID: ca81c14a-2f5a-4e81-a237-07a5cc2bba0d
Agent d43228e9-3a66-47e8-ab7c-4549f3384f98: 
[DEAD] 
Agent ID: d43228e9-3a66-47e8-ab7c-4549f3384f98
Agent e26daa2a-19b1-4aa4-ac4b-fbb2c7ee4712: 
Agent ID: e26daa2a-19b1-4aa4-ac4b-fbb2c7ee4712
Agent e5ef12ce-b10c-4d72-9f27-fbebea867079: 
[DEAD] 
Agent ID: e5ef12ce-b10c-4d72-9f27-fbebea867079
Agent f096ff47-a03d-4992-9b24-fdd10eb7c018: 
Agent ID: f096ff47-a03d-4992-9b24-fdd10eb7c018

Iteration 1, Turn 0:

Iteration 1, Turn 0:
Agent 28de6f07-510f-415b-bdac-7613e962ac4f: 
[DEAD] 
Agent ID: 28de6f07-510f-415b-bdac-7613e962ac4f
Agent 2c893dc2-2f1c-44c9-ab8f-e0d4e807e303: 
Agent ID: 2c893dc2-2f1c-44c9-ab8f-e0d4e807e303
Agent 71b168f8-25cb-4579-a5be-3056000a9f1f: 
[DEAD] 
Agent ID: 71b168f8-25cb-4579-a5be-3056000a9f1f
Agent bd0a07c0-f856-4973-b168-c356e91405a8: 
Agent ID: bd0a07c0-f856-4973-b168-c356e91405a8
Agent c9628b2e-052e-44d8-a56a-89af36adfb1a: 
Agent ID: c9628b2e-052e-44d8-a56a-89af36adfb1a
Agent ca81c14a-2f5a-4e81-a237-07a5cc2bba0d: 
Agent ID: ca81c14a-2f5a-4e81-a237-07a5cc2bba0d
Agent d43228e9-3a66-47e8-ab7c-4549f3384f98: 
[DEAD] 
Agent ID: d43228e9-3a66-47e8-ab7c-4549f3384f98
Agent e26daa2a-19b1-4aa4-ac4b-fbb2c7ee4712: 
Agent ID: e26daa2a-19b1-4aa4-ac4b-fbb2c7ee4712
Agent e5ef12ce-b10c-4d72-9f27-fbebea867079: 
[DEAD] 
Agent ID: e5ef12ce-b10c-4d72-9f27-fbebea867079
Agent f096ff47-a03d-4992-9b24-fdd10eb7c018: 
Agent ID: f096ff47-a03d-4992-9b24-fdd10eb7c018

Iteration 1, Turn 1:
Agent 28de6f07-510f-415b-bdac-7613e962ac4f: 
[DEAD] 
Agent ID: 28de6f07-510f-415b-bdac-7613e962ac4f
Agent 2c893dc2-2f1c-44c9-ab8f-e0d4e807e303: 
Agent ID: 2c893dc2-2f1c-44c9-ab8f-e0d4e807e303
Agent 71b168f8-25cb-4579-a5be-3056000a9f1f: 
[DEAD] 
Agent ID: 71b168f8-25cb-4579-a5be-3056000a9f1f
Agent bd0a07c0-f856-4973-b168-c356e91405a8: 
Agent ID: bd0a07c0-f856-4973-b168-c356e91405a8
Agent c9628b2e-052e-44d8-a56a-89af36adfb1a: 
Agent ID: c9628b2e-052e-44d8-a56a-89af36adfb1a
Agent ca81c14a-2f5a-4e81-a237-07a5cc2bba0d: 
Agent ID: ca81c14a-2f5a-4e81-a237-07a5cc2bba0d
Agent d43228e9-3a66-47e8-ab7c-4549f3384f98: 
[DEAD] 
Agent ID: d43228e9-3a66-47e8-ab7c-4549f3384f98
Agent e26daa2a-19b1-4aa4-ac4b-fbb2c7ee4712: 
Agent ID: e26daa2a-19b1-4aa4-ac4b-fbb2c7ee4712
Agent e5ef12ce-b10c-4d72-9f27-fbebea867079: 
[DEAD] 
Agent ID: e5ef12ce-b10c-4d72-9f27-fbebea867079
Agent f096ff47-a03d-4992-9b24-fdd10eb7c018: 
Agent ID: f096ff47-a03d-4992-9b24-fdd10eb7c018

Iteration 1, Turn 2:
Agent 28de6f07-510f-415b-bdac-7613e962ac4f: 
[DEAD] 
Agent ID: 28de6f07-510f-415b-bdac-7613e962ac4f
Agent 2c893dc2-2f1c-44c9-ab8f-e0d4e807e303: 
[DEAD] 
Agent ID: 2c893dc2-2f1c-44c9-ab8f-e0d4e807e303
Agent 71b168f8-25cb-4579-a5be-3056000a9f1f: 
[DEAD] 
Agent ID: 71b168f8-25cb-4579-a5be-3056000a9f1f
Agent bd0a07c0-f856-4973-b168-c356e91405a8: 
Agent ID: bd0a07c0-f856-4973-b168-c356e91405a8
Agent c9628b2e-052e-44d8-a56a-89af36adfb1a: 
Agent ID: c9628b2e-052e-44d8-a56a-89af36adfb1a
Agent ca81c14a-2f5a-4e81-a237-07a5cc2bba0d: 
[DEAD] 
Agent ID: ca81c14a-2f5a-4e81-a237-07a5cc2bba0d
Agent d43228e9-3a66-47e8-ab7c-4549f3384f98: 
[DEAD] 
Agent ID: d43228e9-3a66-47e8-ab7c-4549f3384f98
Agent e26daa2a-19b1-4aa4-ac4b-fbb2c7ee4712: 
Agent ID: e26daa2a-19b1-4aa4-ac4b-fbb2c7ee4712
Agent e5ef12ce-b10c-4d72-9f27-fbebea867079: 
[DEAD] 
Agent ID: e5ef12ce-b10c-4d72-9f27-fbebea867079
Agent f096ff47-a03d-4992-9b24-fdd10eb7c018: 
Agent ID: f096ff47-a03d-4992-9b24-fdd10eb7c018

Iteration 1, Turn 3:
Agent 28de6f07-510f-415b-bdac-7613e962ac4f: 
[DEAD] 
Agent ID: 28de6f07-510f-415b-bdac-7613e962ac4f
Agent 2c893dc2-2f1c-44c9-ab8f-e0d4e807e303: 
[DEAD] 
Agent ID: 2c893dc2-2f1c-44c9-ab8f-e0d4e807e303
Agent 71b168f8-25cb-4579-a5be-3056000a9f1f: 
[DEAD] 
Agent ID: 71b168f8-25cb-4579-a5be-3056000a9f1f
Agent bd0a07c0-f856-4973-b168-c356e91405a8: 
Agent ID: bd0a07c0-f856-4973-b168-c356e91405a8
Agent c9628b2e-052e-44d8-a56a-89af36adfb1a: 
Agent ID: c9628b2e-052e-44d8-a56a-89af36adfb1a
Agent ca81c14a-2f5a-4e81-a237-07a5cc2bba0d: 
[DEAD] 
Agent ID: ca81c14a-2f5a-4e81-a237-07a5cc2bba0d
Agent d43228e9-3a66-47e8-ab7c-4549f3384f98: 
[DEAD] 
Agent ID: d43228e9-3a66-47e8-ab7c-4549f3384f98
Agent e26daa2a-19b1-4aa4-ac4b-fbb2c7ee4712: 
Agent ID: e26daa2a-19b1-4aa4-ac4b-fbb2c7ee4712
Agent e5ef12ce-b10c-4d72-9f27-fbebea867079: 
[DEAD] 
Agent ID: e5ef12ce-b10c-4d72-9f27-fbebea867079
Agent f096ff47-a03d-4992-9b24-fdd10eb7c018: 
Agent ID: f096ff47-a03d-4992-9b24-fdd10eb7c018

Iteration 1, Turn 4:
Agent 28de6f07-510f-415b-bdac-7613e962ac4f: 
[DEAD] 
Agent ID: 28de6f07-510f-415b-bdac-7613e962ac4f
Agent 2c893dc2-2f1c-44c9-ab8f-e0d4e807e303: 
[DEAD] 
Agent ID: 2c893dc2-2f1c-44c9-ab8f-e0d4e807e303
Agent 71b168f8-25cb-4579-a5be-3056000a9f1f: 
[DEAD] 
Agent ID: 71b168f8-25cb-4579-a5be-3056000a9f1f
Agent bd0a07c0-f856-4973-b168-c356e91405a8: 
Agent ID: bd0a07c0-f856-4973-b168-c356e91405a8
Agent c9628b2e-052e-44d8-a56a-89af36adfb1a: 
Agent ID: c9628b2e-052e-44d8-a56a-89af36adfb1a
Agent ca81c14a-2f5a-4e81-a237-07a5cc2bba0d: 
[DEAD] 
Agent ID: ca81c14a-2f5a-4e81-a237-07a5cc2bba0d
Agent d43228e9-3a66-47e8-ab7c-4549f3384f98: 
[DEAD] 
Agent ID: d43228e9-3a66-47e8-ab7c-4549f3384f98
Agent e26daa2a-19b1-4aa4-ac4b-fbb2c7ee4712: 
Agent ID: e26daa2a-19b1-4aa4-ac4b-fbb2c7ee4712
Agent e5ef12ce-b10c-4d72-9f27-fbebea867079: 
[DEAD] 
Agent ID: e5ef12ce-b10c-4d72-9f27-fbebea867079
Agent f096ff47-a03d-4992-9b24-fdd10eb7c018: 
Agent ID: f096ff47-a03d-4992-9b24-fdd10eb7c018

Iteration 2, Turn 0:

Iteration 2, Turn 0:
Agent 28de6f07-510f-415b-bdac-7613e962ac4f: 
[DEAD] 
Agent ID: 28de6f07-510f-415b-bdac-7613e962ac4f
Agent 2c893dc2-2f1c-44c9-ab8f-e0d4e807e303: 
[DEAD] 
Agent ID: 2c893dc2-2f1c-44c9-ab8f-e0d4e807e303
Agent 71b168f8-25cb-4579-a5be-3056000a9f1f: 
[DEAD] 
Agent ID: 71b168f8-25cb-4579-a5be-3056000a9f1f
Agent bd0a07c0-f856-4973-b168-c356e91405a8: 
Agent ID: bd0a07c0-f856-4973-b168-c356e91405a8
Agent c9628b2e-052e-44d8-a56a-89af36adfb1a: 
Agent ID: c9628b2e-052e-44d8-a56a-89af36adfb1a
Agent ca81c14a-2f5a-4e81-a237-07a5cc2bba0d: 
[DEAD] 
Agent ID: ca81c14a-2f5a-4e81-a237-07a5cc2bba0d
Agent d43228e9-3a66-47e8-ab7c-4549f3384f98: 
[DEAD] 
Agent ID: d43228e9-3a66-47e8-ab7c-4549f3384f98
Agent e26daa2a-19b1-4aa4-ac4b-fbb2c7ee4712: 
Agent ID: e26daa2a-19b1-4aa4-ac4b-fbb2c7ee4712
Agent e5ef12ce-b10c-4d72-9f27-fbebea867079: 
[DEAD] 
Agent ID: e5ef12ce-b10c-4d72-9f27-fbebea867079
Agent f096ff47-a03d-4992-9b24-fdd10eb7c018: 
Agent ID: f096ff47-a03d-4992-9b24-fdd10eb7c018

Iteration 2, Turn 1:
Agent 28de6f07-510f-415b-bdac-7613e962ac4f: 
[DEAD] 
Agent ID: 28de6f07-510f-415b-bdac-7613e962ac4f
Agent 2c893dc2-2f1c-44c9-ab8f-e0d4e807e303: 
[DEAD] 
Agent ID: 2c893dc2-2f1c-44c9-ab8f-e0d4e807e303
Agent 71b168f8-25cb-4579-a5be-3056000a9f1f: 
[DEAD] 
Agent ID: 71b168f8-25cb-4579-a5be-3056000a9f1f
Agent bd0a07c0-f856-4973-b168-c356e91405a8: 
Agent ID: bd0a07c0-f856-4973-b168-c356e91405a8
Agent c9628b2e-052e-44d8-a56a-89af36adfb1a: 
[DEAD] 
Agent ID: c9628b2e-052e-44d8-a56a-89af36adfb1a
Agent ca81c14a-2f5a-4e81-a237-07a5cc2bba0d: 
[DEAD] 
Agent ID: ca81c14a-2f5a-4e81-a237-07a5cc2bba0d
Agent d43228e9-3a66-47e8-ab7c-4549f3384f98: 
[DEAD] 
Agent ID: d43228e9-3a66-47e8-ab7c-4549f3384f98
Agent e26daa2a-19b1-4aa4-ac4b-fbb2c7ee4712: 
Agent ID: e26daa2a-19b1-4aa4-ac4b-fbb2c7ee4712
Agent e5ef12ce-b10c-4d72-9f27-fbebea867079: 
[DEAD] 
Agent ID: e5ef12ce-b10c-4d72-9f27-fbebea867079
Agent f096ff47-a03d-4992-9b24-fdd10eb7c018: 
Agent ID: f096ff47-a03d-4992-9b24-fdd10eb7c018

Iteration 2, Turn 2:
Agent 28de6f07-510f-415b-bdac-7613e962ac4f: 
[DEAD] 
Agent ID: 28de6f07-510f-415b-bdac-7613e962ac4f
Agent 2c893dc2-2f1c-44c9-ab8f-e0d4e807e303: 
[DEAD] 
Agent ID: 2c893dc2-2f1c-44c9-ab8f-e0d4e807e303
Agent 71b168f8-25cb-4579-a5be-3056000a9f1f: 
[DEAD] 
Agent ID: 71b168f8-25cb-4579-a5be-3056000a9f1f
Agent bd0a07c0-f856-4973-b168-c356e91405a8: 
Agent ID: bd0a07c0-f856-4973-b168-c356e91405a8
Agent c9628b2e-052e-44d8-a56a-89af36adfb1a: 
[DEAD] 
Agent ID: c9628b2e-052e-44d8-a56a-89af36adfb1a
Agent ca81c14a-2f5a-4e81-a237-07a5cc2bba0d: 
[DEAD] 
Agent ID: ca81c14a-2f5a-4e81-a237-07a5cc2bba0d
Agent d43228e9-3a66-47e8-ab7c-4549f3384f98: 
[DEAD] 
Agent ID: d43228e9-3a66-47e8-ab7c-4549f3384f98
Agent e26daa2a-19b1-4aa4-ac4b-fbb2c7ee4712: 
Agent ID: e26daa2a-19b1-4aa4-ac4b-fbb2c7ee4712
Agent e5ef12ce-b10c-4d72-9f27-fbebea867079: 
[DEAD] 
Agent ID: e5ef12ce-b10c-4d72-9f27-fbebea867079
Agent f096ff47-a03d-4992-9b24-fdd10eb7c018: 
Agent ID: f096ff47-a03d-4992-9b24-fdd10eb7c018

Iteration 2, Turn 3:
Agent 28de6f07-510f-415b-bdac-7613e962ac4f: 
[DEAD] 
Agent ID: 28de6f07-510f-415b-bdac-7613e962ac4f
Agent 2c893dc2-2f1c-44c9-ab8f-e0d4e807e303: 
[DEAD] 
Agent ID: 2c893dc2-2f1c-44c9-ab8f-e0d4e807e303
Agent 71b168f8-25cb-4579-a5be-3056000a9f1f: 
[DEAD] 
Agent ID: 71b168f8-25cb-4579-a5be-3056000a9f1f
Agent bd0a07c0-f856-4973-b168-c356e91405a8: 
[DEAD] 
Agent ID: bd0a07c0-f856-4973-b168-c356e91405a8
Agent c9628b2e-052e-44d8-a56a-89af36adfb1a: 
[DEAD] 
Agent ID: c9628b2e-052e-44d8-a56a-89af36adfb1a
Agent ca81c14a-2f5a-4e81-a237-07a5cc2bba0d: 
[DEAD] 
Agent ID: ca81c14a-2f5a-4e81-a237-07a5cc2bba0d
Agent d43228e9-3a66-47e8-ab7c-4549f3384f98: 
[DEAD] 
Agent ID: d43228e9-3a66-47e8-ab7c-4549f3384f98
Agent e26daa2a-19b1-4aa4-ac4b-fbb2c7ee4712: 
Agent ID: e26daa2a-19b1-4aa4-ac4b-fbb2c7ee4712
Agent e5ef12ce-b10c-4d72-9f27-fbebea867079: 
[DEAD] 
Agent ID: e5ef12ce-b10c-4d72-9f27-fbebea867079
Agent f096ff47-a03d-4992-9b24-fdd10eb7c018: 
[DEAD] 
Agent ID: f096ff47-a03d-4992-9b24-fdd10eb7c018

Iteration 2, Turn 4:
Agent 28de6f07-510f-415b-bdac-7613e962ac4f: 
[DEAD] 
Agent ID: 28de6f07-510f-415b-bdac-7613e962ac4f
Agent 2c893dc2-2f1c-44c9-ab8f-e0d4e807e303: 
[DEAD] 
Agent ID: 2c893dc2-2f1c-44c9-ab8f-e0d4e807e303
Agent 71b168f8-25cb-4579-a5be-3056000a9f1f: 
[DEAD] 
Agent ID: 71b168f8-25cb-4579-a5be-3056000a9f1f
Agent bd0a07c0-f856-4973-b168-c356e91405a8: 
[DEAD] 
Agent ID: bd0a07c0-f856-4973-b168-c356e91405a8
Agent c9628b2e-052e-44d8-a56a-89af36adfb1a: 
[DEAD] 
Agent ID: c9628b2e-052e-44d8-a56a-89af36adfb1a
Agent ca81c14a-2f5a-4e81-a237-07a5cc2bba0d: 
[DEAD] 
Agent ID: ca81c14a-2f5a-4e81-a237-07a5cc2bba0d
Agent d43228e9-3a66-47e8-ab7c-4549f3384f98: 
[DEAD] 
Agent ID: d43228e9-3a66-47e8-ab7c-4549f3384f98
Agent e26daa2a-19b1-4aa4-ac4b-fbb2c7ee4712: 
Agent ID: e26daa2a-19b1-4aa4-ac4b-fbb2c7ee4712
Agent e5ef12ce-b10c-4d72-9f27-fbebea867079: 
[DEAD] 
Agent ID: e5ef12ce-b10c-4d72-9f27-fbebea867079
Agent f096ff47-a03d-4992-9b24-fdd10eb7c018: 
[DEAD] 
Agent ID: f096ff47-a03d-4992-9b24-fdd10eb7c018
