main function started.
--------Start of iteration 0---------


Iteration 0, Turn 0, current agent count: 10


Iteration 0, Turn 1, current agent count: 10
--------End of iteration 0---------
--------Start of iteration 1---------


Iteration 1, Turn 0, current agent count: 10


Iteration 1, Turn 1, current agent count: 10
--------End of iteration 1---------
--------Start of iteration 2---------


Iteration 2, Turn 0, current agent count: 10


Iteration 2, Turn 1, current agent count: 10
--------End of iteration 2---------


GamePlaybackSummary - playing 9 turn records

Iteration 0, Turn 0:

Iteration 0, Turn 1:
Agent 04c31b7c-8c65-4a5a-80f8-a16a14e9be93: 
Agent ID: 04c31b7c-8c65-4a5a-80f8-a16a14e9be93
Agent 2885552a-8805-4366-b4d6-6faed2bbca71: 
[DEAD] 
Agent ID: 2885552a-8805-4366-b4d6-6faed2bbca71
Agent 444ec26f-ee6d-439a-ba62-42aaf4c1f0c9: 
[DEAD] 
Agent ID: 444ec26f-ee6d-439a-ba62-42aaf4c1f0c9
Agent 4d452302-5dcb-48f5-8cd7-662ed99fe25c: 
[DEAD] 
Agent ID: 4d452302-5dcb-48f5-8cd7-662ed99fe25c
Agent 585612da-d396-4b38-a0d0-6c38f477298f: 
[DEAD] 
Agent ID: 585612da-d396-4b38-a0d0-6c38f477298f
Agent 715e3756-d0ac-48be-bb43-e8ef61ed3c95: 
Agent ID: 715e3756-d0ac-48be-bb43-e8ef61ed3c95
Agent 918cd15d-3205-4fd2-92d1-b8cf6f86abd2: 
[DEAD] 
Agent ID: 918cd15d-3205-4fd2-92d1-b8cf6f86abd2
Agent a3ba34ff-1361-487b-b4f5-41992ea355cd: 
Agent ID: a3ba34ff-1361-487b-b4f5-41992ea355cd
Agent cdf79c78-49b7-4c4b-9ae6-39d00152ea49: 
Agent ID: cdf79c78-49b7-4c4b-9ae6-39d00152ea49
Agent e585061e-e521-4d4e-a283-aa896eb9664d: 
[DEAD] 
Agent ID: e585061e-e521-4d4e-a283-aa896eb9664d

Iteration 0, Turn 2:
Agent 04c31b7c-8c65-4a5a-80f8-a16a14e9be93: 
Agent ID: 04c31b7c-8c65-4a5a-80f8-a16a14e9be93
Agent 2885552a-8805-4366-b4d6-6faed2bbca71: 
[DEAD] 
Agent ID: 2885552a-8805-4366-b4d6-6faed2bbca71
Agent 444ec26f-ee6d-439a-ba62-42aaf4c1f0c9: 
[DEAD] 
Agent ID: 444ec26f-ee6d-439a-ba62-42aaf4c1f0c9
Agent 4d452302-5dcb-48f5-8cd7-662ed99fe25c: 
[DEAD] 
Agent ID: 4d452302-5dcb-48f5-8cd7-662ed99fe25c
Agent 585612da-d396-4b38-a0d0-6c38f477298f: 
[DEAD] 
Agent ID: 585612da-d396-4b38-a0d0-6c38f477298f
Agent 715e3756-d0ac-48be-bb43-e8ef61ed3c95: 
[DEAD] 
Agent ID: 715e3756-d0ac-48be-bb43-e8ef61ed3c95
Agent 918cd15d-3205-4fd2-92d1-b8cf6f86abd2: 
[DEAD] 
Agent ID: 918cd15d-3205-4fd2-92d1-b8cf6f86abd2
Agent a3ba34ff-1361-487b-b4f5-41992ea355cd: 
[DEAD] 
Agent ID: a3ba34ff-1361-487b-b4f5-41992ea355cd
Agent cdf79c78-49b7-4c4b-9ae6-39d00152ea49: 
[DEAD] 
Agent ID: cdf79c78-49b7-4c4b-9ae6-39d00152ea49
Agent e585061e-e521-4d4e-a283-aa896eb9664d: 
[DEAD] 
Agent ID: e585061e-e521-4d4e-a283-aa896eb9664d

Iteration 1, Turn 0:

Iteration 1, Turn 1:
Agent 04c31b7c-8c65-4a5a-80f8-a16a14e9be93: 
Agent ID: 04c31b7c-8c65-4a5a-80f8-a16a14e9be93
Agent 2885552a-8805-4366-b4d6-6faed2bbca71: 
[DEAD] 
Agent ID: 2885552a-8805-4366-b4d6-6faed2bbca71
Agent 444ec26f-ee6d-439a-ba62-42aaf4c1f0c9: 
[DEAD] 
Agent ID: 444ec26f-ee6d-439a-ba62-42aaf4c1f0c9
Agent 4d452302-5dcb-48f5-8cd7-662ed99fe25c: 
[DEAD] 
Agent ID: 4d452302-5dcb-48f5-8cd7-662ed99fe25c
Agent 585612da-d396-4b38-a0d0-6c38f477298f: 
[DEAD] 
Agent ID: 585612da-d396-4b38-a0d0-6c38f477298f
Agent 715e3756-d0ac-48be-bb43-e8ef61ed3c95: 
[DEAD] 
Agent ID: 715e3756-d0ac-48be-bb43-e8ef61ed3c95
Agent 918cd15d-3205-4fd2-92d1-b8cf6f86abd2: 
[DEAD] 
Agent ID: 918cd15d-3205-4fd2-92d1-b8cf6f86abd2
Agent a3ba34ff-1361-487b-b4f5-41992ea355cd: 
[DEAD] 
Agent ID: a3ba34ff-1361-487b-b4f5-41992ea355cd
Agent cdf79c78-49b7-4c4b-9ae6-39d00152ea49: 
[DEAD] 
Agent ID: cdf79c78-49b7-4c4b-9ae6-39d00152ea49
Agent e585061e-e521-4d4e-a283-aa896eb9664d: 
[DEAD] 
Agent ID: e585061e-e521-4d4e-a283-aa896eb9664d

Iteration 1, Turn 2:
Agent 04c31b7c-8c65-4a5a-80f8-a16a14e9be93: 
[DEAD] 
Agent ID: 04c31b7c-8c65-4a5a-80f8-a16a14e9be93
Agent 2885552a-8805-4366-b4d6-6faed2bbca71: 
[DEAD] 
Agent ID: 2885552a-8805-4366-b4d6-6faed2bbca71
Agent 444ec26f-ee6d-439a-ba62-42aaf4c1f0c9: 
[DEAD] 
Agent ID: 444ec26f-ee6d-439a-ba62-42aaf4c1f0c9
Agent 4d452302-5dcb-48f5-8cd7-662ed99fe25c: 
[DEAD] 
Agent ID: 4d452302-5dcb-48f5-8cd7-662ed99fe25c
Agent 585612da-d396-4b38-a0d0-6c38f477298f: 
[DEAD] 
Agent ID: 585612da-d396-4b38-a0d0-6c38f477298f
Agent 715e3756-d0ac-48be-bb43-e8ef61ed3c95: 
[DEAD] 
Agent ID: 715e3756-d0ac-48be-bb43-e8ef61ed3c95
Agent 918cd15d-3205-4fd2-92d1-b8cf6f86abd2: 
[DEAD] 
Agent ID: 918cd15d-3205-4fd2-92d1-b8cf6f86abd2
Agent a3ba34ff-1361-487b-b4f5-41992ea355cd: 
[DEAD] 
Agent ID: a3ba34ff-1361-487b-b4f5-41992ea355cd
Agent cdf79c78-49b7-4c4b-9ae6-39d00152ea49: 
[DEAD] 
Agent ID: cdf79c78-49b7-4c4b-9ae6-39d00152ea49
Agent e585061e-e521-4d4e-a283-aa896eb9664d: 
[DEAD] 
Agent ID: e585061e-e521-4d4e-a283-aa896eb9664d

Iteration 2, Turn 0:

Iteration 2, Turn 1:
Agent 04c31b7c-8c65-4a5a-80f8-a16a14e9be93: 
[DEAD] 
Agent ID: 04c31b7c-8c65-4a5a-80f8-a16a14e9be93
Agent 2885552a-8805-4366-b4d6-6faed2bbca71: 
[DEAD] 
Agent ID: 2885552a-8805-4366-b4d6-6faed2bbca71
Agent 444ec26f-ee6d-439a-ba62-42aaf4c1f0c9: 
[DEAD] 
Agent ID: 444ec26f-ee6d-439a-ba62-42aaf4c1f0c9
Agent 4d452302-5dcb-48f5-8cd7-662ed99fe25c: 
[DEAD] 
Agent ID: 4d452302-5dcb-48f5-8cd7-662ed99fe25c
Agent 585612da-d396-4b38-a0d0-6c38f477298f: 
[DEAD] 
Agent ID: 585612da-d396-4b38-a0d0-6c38f477298f
Agent 715e3756-d0ac-48be-bb43-e8ef61ed3c95: 
[DEAD] 
Agent ID: 715e3756-d0ac-48be-bb43-e8ef61ed3c95
Agent 918cd15d-3205-4fd2-92d1-b8cf6f86abd2: 
[DEAD] 
Agent ID: 918cd15d-3205-4fd2-92d1-b8cf6f86abd2
Agent a3ba34ff-1361-487b-b4f5-41992ea355cd: 
[DEAD] 
Agent ID: a3ba34ff-1361-487b-b4f5-41992ea355cd
Agent cdf79c78-49b7-4c4b-9ae6-39d00152ea49: 
[DEAD] 
Agent ID: cdf79c78-49b7-4c4b-9ae6-39d00152ea49
Agent e585061e-e521-4d4e-a283-aa896eb9664d: 
[DEAD] 
Agent ID: e585061e-e521-4d4e-a283-aa896eb9664d

Iteration 2, Turn 2:
Agent 04c31b7c-8c65-4a5a-80f8-a16a14e9be93: 
[DEAD] 
Agent ID: 04c31b7c-8c65-4a5a-80f8-a16a14e9be93
Agent 2885552a-8805-4366-b4d6-6faed2bbca71: 
[DEAD] 
Agent ID: 2885552a-8805-4366-b4d6-6faed2bbca71
Agent 444ec26f-ee6d-439a-ba62-42aaf4c1f0c9: 
[DEAD] 
Agent ID: 444ec26f-ee6d-439a-ba62-42aaf4c1f0c9
Agent 4d452302-5dcb-48f5-8cd7-662ed99fe25c: 
[DEAD] 
Agent ID: 4d452302-5dcb-48f5-8cd7-662ed99fe25c
Agent 585612da-d396-4b38-a0d0-6c38f477298f: 
[DEAD] 
Agent ID: 585612da-d396-4b38-a0d0-6c38f477298f
Agent 715e3756-d0ac-48be-bb43-e8ef61ed3c95: 
[DEAD] 
Agent ID: 715e3756-d0ac-48be-bb43-e8ef61ed3c95
Agent 918cd15d-3205-4fd2-92d1-b8cf6f86abd2: 
[DEAD] 
Agent ID: 918cd15d-3205-4fd2-92d1-b8cf6f86abd2
Agent a3ba34ff-1361-487b-b4f5-41992ea355cd: 
[DEAD] 
Agent ID: a3ba34ff-1361-487b-b4f5-41992ea355cd
Agent cdf79c78-49b7-4c4b-9ae6-39d00152ea49: 
[DEAD] 
Agent ID: cdf79c78-49b7-4c4b-9ae6-39d00152ea49
Agent e585061e-e521-4d4e-a283-aa896eb9664d: 
[DEAD] 
Agent ID: e585061e-e521-4d4e-a283-aa896eb9664d
