main function started.
--------Start of iteration 0---------


Iteration 0, Turn 0, current agent count: 5


Iteration 0, Turn 1, current agent count: 5


Iteration 0, Turn 2, current agent count: 5


Iteration 0, Turn 3, current agent count: 5


Iteration 0, Turn 4, current agent count: 5
--------End of iteration 0---------
--------Start of iteration 1---------


Iteration 1, Turn 0, current agent count: 5


Iteration 1, Turn 1, current agent count: 5


Iteration 1, Turn 2, current agent count: 5


Iteration 1, Turn 3, current agent count: 5


Iteration 1, Turn 4, current agent count: 5
--------End of iteration 1---------
--------Start of iteration 2---------


Iteration 2, Turn 0, current agent count: 5


Iteration 2, Turn 1, current agent count: 5


Iteration 2, Turn 2, current agent count: 5


Iteration 2, Turn 3, current agent count: 5


Iteration 2, Turn 4, current agent count: 5
--------End of iteration 2---------


GamePlaybackSummary - playing 18 turn records

Iteration 0, Turn 0:

Iteration 0, Turn 1:
Agent 00d7b9ef-a70d-458a-951d-5978a431ce54: 
[DEAD] 
Agent ID: 00d7b9ef-a70d-458a-951d-5978a431ce54
Agent 890f2cca-d496-49fb-b9fc-90e622014a83: 
Agent ID: 890f2cca-d496-49fb-b9fc-90e622014a83
Agent d28bc81f-2bba-487e-8511-c095287c08b7: 
[DEAD] 
Agent ID: d28bc81f-2bba-487e-8511-c095287c08b7
Agent e8976bfc-8979-4db1-9ce0-08ec86ea7be7: 
[DEAD] 
Agent ID: e8976bfc-8979-4db1-9ce0-08ec86ea7be7
Agent f68aee33-d8e8-499a-9636-78678f945e02: 
[DEAD] 
Agent ID: f68aee33-d8e8-499a-9636-78678f945e02

Iteration 0, Turn 2:
Agent 00d7b9ef-a70d-458a-951d-5978a431ce54: 
[DEAD] 
Agent ID: 00d7b9ef-a70d-458a-951d-5978a431ce54
Agent 890f2cca-d496-49fb-b9fc-90e622014a83: 
[DEAD] 
Agent ID: 890f2cca-d496-49fb-b9fc-90e622014a83
Agent d28bc81f-2bba-487e-8511-c095287c08b7: 
[DEAD] 
Agent ID: d28bc81f-2bba-487e-8511-c095287c08b7
Agent e8976bfc-8979-4db1-9ce0-08ec86ea7be7: 
[DEAD] 
Agent ID: e8976bfc-8979-4db1-9ce0-08ec86ea7be7
Agent f68aee33-d8e8-499a-9636-78678f945e02: 
[DEAD] 
Agent ID: f68aee33-d8e8-499a-9636-78678f945e02

Iteration 0, Turn 3:
Agent 00d7b9ef-a70d-458a-951d-5978a431ce54: 
[DEAD] 
Agent ID: 00d7b9ef-a70d-458a-951d-5978a431ce54
Agent 890f2cca-d496-49fb-b9fc-90e622014a83: 
[DEAD] 
Agent ID: 890f2cca-d496-49fb-b9fc-90e622014a83
Agent d28bc81f-2bba-487e-8511-c095287c08b7: 
[DEAD] 
Agent ID: d28bc81f-2bba-487e-8511-c095287c08b7
Agent e8976bfc-8979-4db1-9ce0-08ec86ea7be7: 
[DEAD] 
Agent ID: e8976bfc-8979-4db1-9ce0-08ec86ea7be7
Agent f68aee33-d8e8-499a-9636-78678f945e02: 
[DEAD] 
Agent ID: f68aee33-d8e8-499a-9636-78678f945e02

Iteration 0, Turn 4:
Agent 00d7b9ef-a70d-458a-951d-5978a431ce54: 
[DEAD] 
Agent ID: 00d7b9ef-a70d-458a-951d-5978a431ce54
Agent 890f2cca-d496-49fb-b9fc-90e622014a83: 
[DEAD] 
Agent ID: 890f2cca-d496-49fb-b9fc-90e622014a83
Agent d28bc81f-2bba-487e-8511-c095287c08b7: 
[DEAD] 
Agent ID: d28bc81f-2bba-487e-8511-c095287c08b7
Agent e8976bfc-8979-4db1-9ce0-08ec86ea7be7: 
[DEAD] 
Agent ID: e8976bfc-8979-4db1-9ce0-08ec86ea7be7
Agent f68aee33-d8e8-499a-9636-78678f945e02: 
[DEAD] 
Agent ID: f68aee33-d8e8-499a-9636-78678f945e02

Iteration 0, Turn 5:
Agent 00d7b9ef-a70d-458a-951d-5978a431ce54: 
[DEAD] 
Agent ID: 00d7b9ef-a70d-458a-951d-5978a431ce54
Agent 890f2cca-d496-49fb-b9fc-90e622014a83: 
[DEAD] 
Agent ID: 890f2cca-d496-49fb-b9fc-90e622014a83
Agent d28bc81f-2bba-487e-8511-c095287c08b7: 
[DEAD] 
Agent ID: d28bc81f-2bba-487e-8511-c095287c08b7
Agent e8976bfc-8979-4db1-9ce0-08ec86ea7be7: 
[DEAD] 
Agent ID: e8976bfc-8979-4db1-9ce0-08ec86ea7be7
Agent f68aee33-d8e8-499a-9636-78678f945e02: 
[DEAD] 
Agent ID: f68aee33-d8e8-499a-9636-78678f945e02

Iteration 1, Turn 0:

Iteration 1, Turn 1:
Agent 00d7b9ef-a70d-458a-951d-5978a431ce54: 
[DEAD] 
Agent ID: 00d7b9ef-a70d-458a-951d-5978a431ce54
Agent 890f2cca-d496-49fb-b9fc-90e622014a83: 
[DEAD] 
Agent ID: 890f2cca-d496-49fb-b9fc-90e622014a83
Agent d28bc81f-2bba-487e-8511-c095287c08b7: 
[DEAD] 
Agent ID: d28bc81f-2bba-487e-8511-c095287c08b7
Agent e8976bfc-8979-4db1-9ce0-08ec86ea7be7: 
[DEAD] 
Agent ID: e8976bfc-8979-4db1-9ce0-08ec86ea7be7
Agent f68aee33-d8e8-499a-9636-78678f945e02: 
[DEAD] 
Agent ID: f68aee33-d8e8-499a-9636-78678f945e02

Iteration 1, Turn 2:
Agent 00d7b9ef-a70d-458a-951d-5978a431ce54: 
[DEAD] 
Agent ID: 00d7b9ef-a70d-458a-951d-5978a431ce54
Agent 890f2cca-d496-49fb-b9fc-90e622014a83: 
[DEAD] 
Agent ID: 890f2cca-d496-49fb-b9fc-90e622014a83
Agent d28bc81f-2bba-487e-8511-c095287c08b7: 
[DEAD] 
Agent ID: d28bc81f-2bba-487e-8511-c095287c08b7
Agent e8976bfc-8979-4db1-9ce0-08ec86ea7be7: 
[DEAD] 
Agent ID: e8976bfc-8979-4db1-9ce0-08ec86ea7be7
Agent f68aee33-d8e8-499a-9636-78678f945e02: 
[DEAD] 
Agent ID: f68aee33-d8e8-499a-9636-78678f945e02

Iteration 1, Turn 3:
Agent 00d7b9ef-a70d-458a-951d-5978a431ce54: 
[DEAD] 
Agent ID: 00d7b9ef-a70d-458a-951d-5978a431ce54
Agent 890f2cca-d496-49fb-b9fc-90e622014a83: 
[DEAD] 
Agent ID: 890f2cca-d496-49fb-b9fc-90e622014a83
Agent d28bc81f-2bba-487e-8511-c095287c08b7: 
[DEAD] 
Agent ID: d28bc81f-2bba-487e-8511-c095287c08b7
Agent e8976bfc-8979-4db1-9ce0-08ec86ea7be7: 
[DEAD] 
Agent ID: e8976bfc-8979-4db1-9ce0-08ec86ea7be7
Agent f68aee33-d8e8-499a-9636-78678f945e02: 
[DEAD] 
Agent ID: f68aee33-d8e8-499a-9636-78678f945e02

Iteration 1, Turn 4:
Agent 00d7b9ef-a70d-458a-951d-5978a431ce54: 
[DEAD] 
Agent ID: 00d7b9ef-a70d-458a-951d-5978a431ce54
Agent 890f2cca-d496-49fb-b9fc-90e622014a83: 
[DEAD] 
Agent ID: 890f2cca-d496-49fb-b9fc-90e622014a83
Agent d28bc81f-2bba-487e-8511-c095287c08b7: 
[DEAD] 
Agent ID: d28bc81f-2bba-487e-8511-c095287c08b7
Agent e8976bfc-8979-4db1-9ce0-08ec86ea7be7: 
[DEAD] 
Agent ID: e8976bfc-8979-4db1-9ce0-08ec86ea7be7
Agent f68aee33-d8e8-499a-9636-78678f945e02: 
[DEAD] 
Agent ID: f68aee33-d8e8-499a-9636-78678f945e02

Iteration 1, Turn 5:
Agent 00d7b9ef-a70d-458a-951d-5978a431ce54: 
[DEAD] 
Agent ID: 00d7b9ef-a70d-458a-951d-5978a431ce54
Agent 890f2cca-d496-49fb-b9fc-90e622014a83: 
[DEAD] 
Agent ID: 890f2cca-d496-49fb-b9fc-90e622014a83
Agent d28bc81f-2bba-487e-8511-c095287c08b7: 
[DEAD] 
Agent ID: d28bc81f-2bba-487e-8511-c095287c08b7
Agent e8976bfc-8979-4db1-9ce0-08ec86ea7be7: 
[DEAD] 
Agent ID: e8976bfc-8979-4db1-9ce0-08ec86ea7be7
Agent f68aee33-d8e8-499a-9636-78678f945e02: 
[DEAD] 
Agent ID: f68aee33-d8e8-499a-9636-78678f945e02

Iteration 2, Turn 0:

Iteration 2, Turn 1:
Agent 00d7b9ef-a70d-458a-951d-5978a431ce54: 
[DEAD] 
Agent ID: 00d7b9ef-a70d-458a-951d-5978a431ce54
Agent 890f2cca-d496-49fb-b9fc-90e622014a83: 
[DEAD] 
Agent ID: 890f2cca-d496-49fb-b9fc-90e622014a83
Agent d28bc81f-2bba-487e-8511-c095287c08b7: 
[DEAD] 
Agent ID: d28bc81f-2bba-487e-8511-c095287c08b7
Agent e8976bfc-8979-4db1-9ce0-08ec86ea7be7: 
[DEAD] 
Agent ID: e8976bfc-8979-4db1-9ce0-08ec86ea7be7
Agent f68aee33-d8e8-499a-9636-78678f945e02: 
[DEAD] 
Agent ID: f68aee33-d8e8-499a-9636-78678f945e02

Iteration 2, Turn 2:
Agent 00d7b9ef-a70d-458a-951d-5978a431ce54: 
[DEAD] 
Agent ID: 00d7b9ef-a70d-458a-951d-5978a431ce54
Agent 890f2cca-d496-49fb-b9fc-90e622014a83: 
[DEAD] 
Agent ID: 890f2cca-d496-49fb-b9fc-90e622014a83
Agent d28bc81f-2bba-487e-8511-c095287c08b7: 
[DEAD] 
Agent ID: d28bc81f-2bba-487e-8511-c095287c08b7
Agent e8976bfc-8979-4db1-9ce0-08ec86ea7be7: 
[DEAD] 
Agent ID: e8976bfc-8979-4db1-9ce0-08ec86ea7be7
Agent f68aee33-d8e8-499a-9636-78678f945e02: 
[DEAD] 
Agent ID: f68aee33-d8e8-499a-9636-78678f945e02

Iteration 2, Turn 3:
Agent 00d7b9ef-a70d-458a-951d-5978a431ce54: 
[DEAD] 
Agent ID: 00d7b9ef-a70d-458a-951d-5978a431ce54
Agent 890f2cca-d496-49fb-b9fc-90e622014a83: 
[DEAD] 
Agent ID: 890f2cca-d496-49fb-b9fc-90e622014a83
Agent d28bc81f-2bba-487e-8511-c095287c08b7: 
[DEAD] 
Agent ID: d28bc81f-2bba-487e-8511-c095287c08b7
Agent e8976bfc-8979-4db1-9ce0-08ec86ea7be7: 
[DEAD] 
Agent ID: e8976bfc-8979-4db1-9ce0-08ec86ea7be7
Agent f68aee33-d8e8-499a-9636-78678f945e02: 
[DEAD] 
Agent ID: f68aee33-d8e8-499a-9636-78678f945e02

Iteration 2, Turn 4:
Agent 00d7b9ef-a70d-458a-951d-5978a431ce54: 
[DEAD] 
Agent ID: 00d7b9ef-a70d-458a-951d-5978a431ce54
Agent 890f2cca-d496-49fb-b9fc-90e622014a83: 
[DEAD] 
Agent ID: 890f2cca-d496-49fb-b9fc-90e622014a83
Agent d28bc81f-2bba-487e-8511-c095287c08b7: 
[DEAD] 
Agent ID: d28bc81f-2bba-487e-8511-c095287c08b7
Agent e8976bfc-8979-4db1-9ce0-08ec86ea7be7: 
[DEAD] 
Agent ID: e8976bfc-8979-4db1-9ce0-08ec86ea7be7
Agent f68aee33-d8e8-499a-9636-78678f945e02: 
[DEAD] 
Agent ID: f68aee33-d8e8-499a-9636-78678f945e02

Iteration 2, Turn 5:
Agent 00d7b9ef-a70d-458a-951d-5978a431ce54: 
[DEAD] 
Agent ID: 00d7b9ef-a70d-458a-951d-5978a431ce54
Agent 890f2cca-d496-49fb-b9fc-90e622014a83: 
[DEAD] 
Agent ID: 890f2cca-d496-49fb-b9fc-90e622014a83
Agent d28bc81f-2bba-487e-8511-c095287c08b7: 
[DEAD] 
Agent ID: d28bc81f-2bba-487e-8511-c095287c08b7
Agent e8976bfc-8979-4db1-9ce0-08ec86ea7be7: 
[DEAD] 
Agent ID: e8976bfc-8979-4db1-9ce0-08ec86ea7be7
Agent f68aee33-d8e8-499a-9636-78678f945e02: 
[DEAD] 
Agent ID: f68aee33-d8e8-499a-9636-78678f945e02
