main function started.
--------Start of iteration 0---------


Iteration 0, Turn 0, current agent count: 5


Iteration 0, Turn 1, current agent count: 5


Iteration 0, Turn 2, current agent count: 5


Iteration 0, Turn 3, current agent count: 5


Iteration 0, Turn 4, current agent count: 5
--------End of iteration 0---------
--------Start of iteration 1---------


Iteration 1, Turn 0, current agent count: 5


Iteration 1, Turn 1, current agent count: 5


Iteration 1, Turn 2, current agent count: 5


Iteration 1, Turn 3, current agent count: 5


Iteration 1, Turn 4, current agent count: 5
--------End of iteration 1---------
--------Start of iteration 2---------


Iteration 2, Turn 0, current agent count: 5


Iteration 2, Turn 1, current agent count: 5


Iteration 2, Turn 2, current agent count: 5


Iteration 2, Turn 3, current agent count: 5


Iteration 2, Turn 4, current agent count: 5
--------End of iteration 2---------


GamePlaybackSummary - playing 18 turn records

Iteration 0, Turn 0:

Iteration 0, Turn 1:
Agent 3fca9b5c-2f5d-4746-b427-b76be7b3ae6a: 
Agent ID: 3fca9b5c-2f5d-4746-b427-b76be7b3ae6a
Agent 71b46ae1-c40b-41f1-910a-96bbf0e8f323: 
Agent ID: 71b46ae1-c40b-41f1-910a-96bbf0e8f323
Agent 7983c124-863d-49f9-af97-dcf796c67b90: 
Agent ID: 7983c124-863d-49f9-af97-dcf796c67b90
Agent 83c05054-92d0-44e1-90d1-b151fe93c3d0: 
Agent ID: 83c05054-92d0-44e1-90d1-b151fe93c3d0
Agent a9281dc0-c208-4a3c-be35-9acb9b51e0e5: 
[DEAD] 
Agent ID: a9281dc0-c208-4a3c-be35-9acb9b51e0e5

Iteration 0, Turn 2:
Agent 3fca9b5c-2f5d-4746-b427-b76be7b3ae6a: 
Agent ID: 3fca9b5c-2f5d-4746-b427-b76be7b3ae6a
Agent 71b46ae1-c40b-41f1-910a-96bbf0e8f323: 
Agent ID: 71b46ae1-c40b-41f1-910a-96bbf0e8f323
Agent 7983c124-863d-49f9-af97-dcf796c67b90: 
[DEAD] 
Agent ID: 7983c124-863d-49f9-af97-dcf796c67b90
Agent 83c05054-92d0-44e1-90d1-b151fe93c3d0: 
Agent ID: 83c05054-92d0-44e1-90d1-b151fe93c3d0
Agent a9281dc0-c208-4a3c-be35-9acb9b51e0e5: 
[DEAD] 
Agent ID: a9281dc0-c208-4a3c-be35-9acb9b51e0e5

Iteration 0, Turn 3:
Agent 3fca9b5c-2f5d-4746-b427-b76be7b3ae6a: 
Agent ID: 3fca9b5c-2f5d-4746-b427-b76be7b3ae6a
Agent 71b46ae1-c40b-41f1-910a-96bbf0e8f323: 
Agent ID: 71b46ae1-c40b-41f1-910a-96bbf0e8f323
Agent 7983c124-863d-49f9-af97-dcf796c67b90: 
[DEAD] 
Agent ID: 7983c124-863d-49f9-af97-dcf796c67b90
Agent 83c05054-92d0-44e1-90d1-b151fe93c3d0: 
Agent ID: 83c05054-92d0-44e1-90d1-b151fe93c3d0
Agent a9281dc0-c208-4a3c-be35-9acb9b51e0e5: 
[DEAD] 
Agent ID: a9281dc0-c208-4a3c-be35-9acb9b51e0e5

Iteration 0, Turn 4:
Agent 3fca9b5c-2f5d-4746-b427-b76be7b3ae6a: 
Agent ID: 3fca9b5c-2f5d-4746-b427-b76be7b3ae6a
Agent 71b46ae1-c40b-41f1-910a-96bbf0e8f323: 
Agent ID: 71b46ae1-c40b-41f1-910a-96bbf0e8f323
Agent 7983c124-863d-49f9-af97-dcf796c67b90: 
[DEAD] 
Agent ID: 7983c124-863d-49f9-af97-dcf796c67b90
Agent 83c05054-92d0-44e1-90d1-b151fe93c3d0: 
[DEAD] 
Agent ID: 83c05054-92d0-44e1-90d1-b151fe93c3d0
Agent a9281dc0-c208-4a3c-be35-9acb9b51e0e5: 
[DEAD] 
Agent ID: a9281dc0-c208-4a3c-be35-9acb9b51e0e5

Iteration 0, Turn 5:
Agent 3fca9b5c-2f5d-4746-b427-b76be7b3ae6a: 
Agent ID: 3fca9b5c-2f5d-4746-b427-b76be7b3ae6a
Agent 71b46ae1-c40b-41f1-910a-96bbf0e8f323: 
Agent ID: 71b46ae1-c40b-41f1-910a-96bbf0e8f323
Agent 7983c124-863d-49f9-af97-dcf796c67b90: 
[DEAD] 
Agent ID: 7983c124-863d-49f9-af97-dcf796c67b90
Agent 83c05054-92d0-44e1-90d1-b151fe93c3d0: 
[DEAD] 
Agent ID: 83c05054-92d0-44e1-90d1-b151fe93c3d0
Agent a9281dc0-c208-4a3c-be35-9acb9b51e0e5: 
[DEAD] 
Agent ID: a9281dc0-c208-4a3c-be35-9acb9b51e0e5

Iteration 1, Turn 0:

Iteration 1, Turn 1:
Agent 3fca9b5c-2f5d-4746-b427-b76be7b3ae6a: 
[DEAD] 
Agent ID: 3fca9b5c-2f5d-4746-b427-b76be7b3ae6a
Agent 71b46ae1-c40b-41f1-910a-96bbf0e8f323: 
[DEAD] 
Agent ID: 71b46ae1-c40b-41f1-910a-96bbf0e8f323
Agent 7983c124-863d-49f9-af97-dcf796c67b90: 
[DEAD] 
Agent ID: 7983c124-863d-49f9-af97-dcf796c67b90
Agent 83c05054-92d0-44e1-90d1-b151fe93c3d0: 
[DEAD] 
Agent ID: 83c05054-92d0-44e1-90d1-b151fe93c3d0
Agent a9281dc0-c208-4a3c-be35-9acb9b51e0e5: 
[DEAD] 
Agent ID: a9281dc0-c208-4a3c-be35-9acb9b51e0e5

Iteration 1, Turn 2:
Agent 3fca9b5c-2f5d-4746-b427-b76be7b3ae6a: 
[DEAD] 
Agent ID: 3fca9b5c-2f5d-4746-b427-b76be7b3ae6a
Agent 71b46ae1-c40b-41f1-910a-96bbf0e8f323: 
[DEAD] 
Agent ID: 71b46ae1-c40b-41f1-910a-96bbf0e8f323
Agent 7983c124-863d-49f9-af97-dcf796c67b90: 
[DEAD] 
Agent ID: 7983c124-863d-49f9-af97-dcf796c67b90
Agent 83c05054-92d0-44e1-90d1-b151fe93c3d0: 
[DEAD] 
Agent ID: 83c05054-92d0-44e1-90d1-b151fe93c3d0
Agent a9281dc0-c208-4a3c-be35-9acb9b51e0e5: 
[DEAD] 
Agent ID: a9281dc0-c208-4a3c-be35-9acb9b51e0e5

Iteration 1, Turn 3:
Agent 3fca9b5c-2f5d-4746-b427-b76be7b3ae6a: 
[DEAD] 
Agent ID: 3fca9b5c-2f5d-4746-b427-b76be7b3ae6a
Agent 71b46ae1-c40b-41f1-910a-96bbf0e8f323: 
[DEAD] 
Agent ID: 71b46ae1-c40b-41f1-910a-96bbf0e8f323
Agent 7983c124-863d-49f9-af97-dcf796c67b90: 
[DEAD] 
Agent ID: 7983c124-863d-49f9-af97-dcf796c67b90
Agent 83c05054-92d0-44e1-90d1-b151fe93c3d0: 
[DEAD] 
Agent ID: 83c05054-92d0-44e1-90d1-b151fe93c3d0
Agent a9281dc0-c208-4a3c-be35-9acb9b51e0e5: 
[DEAD] 
Agent ID: a9281dc0-c208-4a3c-be35-9acb9b51e0e5

Iteration 1, Turn 4:
Agent 3fca9b5c-2f5d-4746-b427-b76be7b3ae6a: 
[DEAD] 
Agent ID: 3fca9b5c-2f5d-4746-b427-b76be7b3ae6a
Agent 71b46ae1-c40b-41f1-910a-96bbf0e8f323: 
[DEAD] 
Agent ID: 71b46ae1-c40b-41f1-910a-96bbf0e8f323
Agent 7983c124-863d-49f9-af97-dcf796c67b90: 
[DEAD] 
Agent ID: 7983c124-863d-49f9-af97-dcf796c67b90
Agent 83c05054-92d0-44e1-90d1-b151fe93c3d0: 
[DEAD] 
Agent ID: 83c05054-92d0-44e1-90d1-b151fe93c3d0
Agent a9281dc0-c208-4a3c-be35-9acb9b51e0e5: 
[DEAD] 
Agent ID: a9281dc0-c208-4a3c-be35-9acb9b51e0e5

Iteration 1, Turn 5:
Agent 3fca9b5c-2f5d-4746-b427-b76be7b3ae6a: 
[DEAD] 
Agent ID: 3fca9b5c-2f5d-4746-b427-b76be7b3ae6a
Agent 71b46ae1-c40b-41f1-910a-96bbf0e8f323: 
[DEAD] 
Agent ID: 71b46ae1-c40b-41f1-910a-96bbf0e8f323
Agent 7983c124-863d-49f9-af97-dcf796c67b90: 
[DEAD] 
Agent ID: 7983c124-863d-49f9-af97-dcf796c67b90
Agent 83c05054-92d0-44e1-90d1-b151fe93c3d0: 
[DEAD] 
Agent ID: 83c05054-92d0-44e1-90d1-b151fe93c3d0
Agent a9281dc0-c208-4a3c-be35-9acb9b51e0e5: 
[DEAD] 
Agent ID: a9281dc0-c208-4a3c-be35-9acb9b51e0e5

Iteration 2, Turn 0:

Iteration 2, Turn 1:
Agent 3fca9b5c-2f5d-4746-b427-b76be7b3ae6a: 
[DEAD] 
Agent ID: 3fca9b5c-2f5d-4746-b427-b76be7b3ae6a
Agent 71b46ae1-c40b-41f1-910a-96bbf0e8f323: 
[DEAD] 
Agent ID: 71b46ae1-c40b-41f1-910a-96bbf0e8f323
Agent 7983c124-863d-49f9-af97-dcf796c67b90: 
[DEAD] 
Agent ID: 7983c124-863d-49f9-af97-dcf796c67b90
Agent 83c05054-92d0-44e1-90d1-b151fe93c3d0: 
[DEAD] 
Agent ID: 83c05054-92d0-44e1-90d1-b151fe93c3d0
Agent a9281dc0-c208-4a3c-be35-9acb9b51e0e5: 
[DEAD] 
Agent ID: a9281dc0-c208-4a3c-be35-9acb9b51e0e5

Iteration 2, Turn 2:
Agent 3fca9b5c-2f5d-4746-b427-b76be7b3ae6a: 
[DEAD] 
Agent ID: 3fca9b5c-2f5d-4746-b427-b76be7b3ae6a
Agent 71b46ae1-c40b-41f1-910a-96bbf0e8f323: 
[DEAD] 
Agent ID: 71b46ae1-c40b-41f1-910a-96bbf0e8f323
Agent 7983c124-863d-49f9-af97-dcf796c67b90: 
[DEAD] 
Agent ID: 7983c124-863d-49f9-af97-dcf796c67b90
Agent 83c05054-92d0-44e1-90d1-b151fe93c3d0: 
[DEAD] 
Agent ID: 83c05054-92d0-44e1-90d1-b151fe93c3d0
Agent a9281dc0-c208-4a3c-be35-9acb9b51e0e5: 
[DEAD] 
Agent ID: a9281dc0-c208-4a3c-be35-9acb9b51e0e5

Iteration 2, Turn 3:
Agent 3fca9b5c-2f5d-4746-b427-b76be7b3ae6a: 
[DEAD] 
Agent ID: 3fca9b5c-2f5d-4746-b427-b76be7b3ae6a
Agent 71b46ae1-c40b-41f1-910a-96bbf0e8f323: 
[DEAD] 
Agent ID: 71b46ae1-c40b-41f1-910a-96bbf0e8f323
Agent 7983c124-863d-49f9-af97-dcf796c67b90: 
[DEAD] 
Agent ID: 7983c124-863d-49f9-af97-dcf796c67b90
Agent 83c05054-92d0-44e1-90d1-b151fe93c3d0: 
[DEAD] 
Agent ID: 83c05054-92d0-44e1-90d1-b151fe93c3d0
Agent a9281dc0-c208-4a3c-be35-9acb9b51e0e5: 
[DEAD] 
Agent ID: a9281dc0-c208-4a3c-be35-9acb9b51e0e5

Iteration 2, Turn 4:
Agent 3fca9b5c-2f5d-4746-b427-b76be7b3ae6a: 
[DEAD] 
Agent ID: 3fca9b5c-2f5d-4746-b427-b76be7b3ae6a
Agent 71b46ae1-c40b-41f1-910a-96bbf0e8f323: 
[DEAD] 
Agent ID: 71b46ae1-c40b-41f1-910a-96bbf0e8f323
Agent 7983c124-863d-49f9-af97-dcf796c67b90: 
[DEAD] 
Agent ID: 7983c124-863d-49f9-af97-dcf796c67b90
Agent 83c05054-92d0-44e1-90d1-b151fe93c3d0: 
[DEAD] 
Agent ID: 83c05054-92d0-44e1-90d1-b151fe93c3d0
Agent a9281dc0-c208-4a3c-be35-9acb9b51e0e5: 
[DEAD] 
Agent ID: a9281dc0-c208-4a3c-be35-9acb9b51e0e5

Iteration 2, Turn 5:
Agent 3fca9b5c-2f5d-4746-b427-b76be7b3ae6a: 
[DEAD] 
Agent ID: 3fca9b5c-2f5d-4746-b427-b76be7b3ae6a
Agent 71b46ae1-c40b-41f1-910a-96bbf0e8f323: 
[DEAD] 
Agent ID: 71b46ae1-c40b-41f1-910a-96bbf0e8f323
Agent 7983c124-863d-49f9-af97-dcf796c67b90: 
[DEAD] 
Agent ID: 7983c124-863d-49f9-af97-dcf796c67b90
Agent 83c05054-92d0-44e1-90d1-b151fe93c3d0: 
[DEAD] 
Agent ID: 83c05054-92d0-44e1-90d1-b151fe93c3d0
Agent a9281dc0-c208-4a3c-be35-9acb9b51e0e5: 
[DEAD] 
Agent ID: a9281dc0-c208-4a3c-be35-9acb9b51e0e5
