main function started.
--------Start of iteration 0---------


Iteration 0, Turn 0, current agent count: 16


Iteration 0, Turn 1, current agent count: 16


Iteration 0, Turn 2, current agent count: 14


Iteration 0, Turn 3, current agent count: 14


Iteration 0, Turn 4, current agent count: 13
--------End of iteration 0---------
--------Start of iteration 1---------


Iteration 1, Turn 0, current agent count: 12


Iteration 1, Turn 1, current agent count: 10


Iteration 1, Turn 2, current agent count: 9


Iteration 1, Turn 3, current agent count: 9


Iteration 1, Turn 4, current agent count: 9
--------End of iteration 1---------
--------Start of iteration 2---------


Iteration 2, Turn 0, current agent count: 9


Iteration 2, Turn 1, current agent count: 9


Iteration 2, Turn 2, current agent count: 8


Iteration 2, Turn 3, current agent count: 8


Iteration 2, Turn 4, current agent count: 7
--------End of iteration 2---------


GamePlaybackSummary - playing 18 turn records

Iteration 0, Turn 0:

Iteration 0, Turn 0:
Agent 1502980a-c78b-4c6f-b0b8-fd871c40735f: 
Agent ID: 1502980a-c78b-4c6f-b0b8-fd871c40735f
Agent 1e1cba73-3012-4621-900b-4722aa742071: 
Agent ID: 1e1cba73-3012-4621-900b-4722aa742071
Agent 2d2f250b-9984-43a2-a240-3766cc68740f: 
Agent ID: 2d2f250b-9984-43a2-a240-3766cc68740f
Agent 2dacca65-4caa-4db2-90b1-279211fe154a: 
Agent ID: 2dacca65-4caa-4db2-90b1-279211fe154a
Agent 357903ae-1151-4243-b78f-c79a9295b009: 
Agent ID: 357903ae-1151-4243-b78f-c79a9295b009
Agent 45a3e432-0f7d-4dfe-b749-14a3159eb2ee: 
Agent ID: 45a3e432-0f7d-4dfe-b749-14a3159eb2ee
Agent 494f2680-7c8f-46b2-8ee3-7c68e7ef6330: 
Agent ID: 494f2680-7c8f-46b2-8ee3-7c68e7ef6330
Agent 4f9534a3-a655-4f8a-bc1b-02661c21aa49: 
Agent ID: 4f9534a3-a655-4f8a-bc1b-02661c21aa49
Agent 6de3708c-9cd0-47d4-8820-af20a7db960d: 
Agent ID: 6de3708c-9cd0-47d4-8820-af20a7db960d
Agent 7d814e3d-5dc7-42e2-bd0c-5fc8b30bbe64: 
Agent ID: 7d814e3d-5dc7-42e2-bd0c-5fc8b30bbe64
Agent 81b3579d-dd70-402d-a481-e4693a27b98e: 
Agent ID: 81b3579d-dd70-402d-a481-e4693a27b98e
Agent a706f5fc-e2bd-492d-856d-9eed5d861e25: 
Agent ID: a706f5fc-e2bd-492d-856d-9eed5d861e25
Agent ada179c2-5a90-47a8-9e55-1e28b0fc371f: 
Agent ID: ada179c2-5a90-47a8-9e55-1e28b0fc371f
Agent c6b8ab32-9829-4741-9848-d415d7ec9e88: 
Agent ID: c6b8ab32-9829-4741-9848-d415d7ec9e88
Agent e0b1e157-cf6c-47c6-a32d-ce63914f4adb: 
Agent ID: e0b1e157-cf6c-47c6-a32d-ce63914f4adb
Agent e398b681-213b-48bf-9baa-269170689c69: 
Agent ID: e398b681-213b-48bf-9baa-269170689c69

Iteration 0, Turn 1:
Agent 1502980a-c78b-4c6f-b0b8-fd871c40735f: 
Agent ID: 1502980a-c78b-4c6f-b0b8-fd871c40735f
Agent 1e1cba73-3012-4621-900b-4722aa742071: 
Agent ID: 1e1cba73-3012-4621-900b-4722aa742071
Agent 2d2f250b-9984-43a2-a240-3766cc68740f: 
Agent ID: 2d2f250b-9984-43a2-a240-3766cc68740f
Agent 2dacca65-4caa-4db2-90b1-279211fe154a: 
Agent ID: 2dacca65-4caa-4db2-90b1-279211fe154a
Agent 357903ae-1151-4243-b78f-c79a9295b009: 
Agent ID: 357903ae-1151-4243-b78f-c79a9295b009
Agent 45a3e432-0f7d-4dfe-b749-14a3159eb2ee: 
Agent ID: 45a3e432-0f7d-4dfe-b749-14a3159eb2ee
Agent 494f2680-7c8f-46b2-8ee3-7c68e7ef6330: 
Agent ID: 494f2680-7c8f-46b2-8ee3-7c68e7ef6330
Agent 4f9534a3-a655-4f8a-bc1b-02661c21aa49: 
Agent ID: 4f9534a3-a655-4f8a-bc1b-02661c21aa49
Agent 6de3708c-9cd0-47d4-8820-af20a7db960d: 
Agent ID: 6de3708c-9cd0-47d4-8820-af20a7db960d
Agent 7d814e3d-5dc7-42e2-bd0c-5fc8b30bbe64: 
Agent ID: 7d814e3d-5dc7-42e2-bd0c-5fc8b30bbe64
Agent 81b3579d-dd70-402d-a481-e4693a27b98e: 
Agent ID: 81b3579d-dd70-402d-a481-e4693a27b98e
Agent a706f5fc-e2bd-492d-856d-9eed5d861e25: 
Agent ID: a706f5fc-e2bd-492d-856d-9eed5d861e25
Agent e0b1e157-cf6c-47c6-a32d-ce63914f4adb: 
Agent ID: e0b1e157-cf6c-47c6-a32d-ce63914f4adb
Agent e398b681-213b-48bf-9baa-269170689c69: 
Agent ID: e398b681-213b-48bf-9baa-269170689c69

Iteration 0, Turn 2:
Agent 1502980a-c78b-4c6f-b0b8-fd871c40735f: 
Agent ID: 1502980a-c78b-4c6f-b0b8-fd871c40735f
Agent 1e1cba73-3012-4621-900b-4722aa742071: 
Agent ID: 1e1cba73-3012-4621-900b-4722aa742071
Agent 2d2f250b-9984-43a2-a240-3766cc68740f: 
Agent ID: 2d2f250b-9984-43a2-a240-3766cc68740f
Agent 2dacca65-4caa-4db2-90b1-279211fe154a: 
Agent ID: 2dacca65-4caa-4db2-90b1-279211fe154a
Agent 357903ae-1151-4243-b78f-c79a9295b009: 
Agent ID: 357903ae-1151-4243-b78f-c79a9295b009
Agent 45a3e432-0f7d-4dfe-b749-14a3159eb2ee: 
Agent ID: 45a3e432-0f7d-4dfe-b749-14a3159eb2ee
Agent 494f2680-7c8f-46b2-8ee3-7c68e7ef6330: 
Agent ID: 494f2680-7c8f-46b2-8ee3-7c68e7ef6330
Agent 4f9534a3-a655-4f8a-bc1b-02661c21aa49: 
Agent ID: 4f9534a3-a655-4f8a-bc1b-02661c21aa49
Agent 6de3708c-9cd0-47d4-8820-af20a7db960d: 
Agent ID: 6de3708c-9cd0-47d4-8820-af20a7db960d
Agent 7d814e3d-5dc7-42e2-bd0c-5fc8b30bbe64: 
Agent ID: 7d814e3d-5dc7-42e2-bd0c-5fc8b30bbe64
Agent 81b3579d-dd70-402d-a481-e4693a27b98e: 
Agent ID: 81b3579d-dd70-402d-a481-e4693a27b98e
Agent a706f5fc-e2bd-492d-856d-9eed5d861e25: 
Agent ID: a706f5fc-e2bd-492d-856d-9eed5d861e25
Agent e0b1e157-cf6c-47c6-a32d-ce63914f4adb: 
Agent ID: e0b1e157-cf6c-47c6-a32d-ce63914f4adb
Agent e398b681-213b-48bf-9baa-269170689c69: 
Agent ID: e398b681-213b-48bf-9baa-269170689c69

Iteration 0, Turn 3:
Agent 1502980a-c78b-4c6f-b0b8-fd871c40735f: 
Agent ID: 1502980a-c78b-4c6f-b0b8-fd871c40735f
Agent 2d2f250b-9984-43a2-a240-3766cc68740f: 
Agent ID: 2d2f250b-9984-43a2-a240-3766cc68740f
Agent 2dacca65-4caa-4db2-90b1-279211fe154a: 
Agent ID: 2dacca65-4caa-4db2-90b1-279211fe154a
Agent 357903ae-1151-4243-b78f-c79a9295b009: 
Agent ID: 357903ae-1151-4243-b78f-c79a9295b009
Agent 45a3e432-0f7d-4dfe-b749-14a3159eb2ee: 
Agent ID: 45a3e432-0f7d-4dfe-b749-14a3159eb2ee
Agent 494f2680-7c8f-46b2-8ee3-7c68e7ef6330: 
Agent ID: 494f2680-7c8f-46b2-8ee3-7c68e7ef6330
Agent 4f9534a3-a655-4f8a-bc1b-02661c21aa49: 
Agent ID: 4f9534a3-a655-4f8a-bc1b-02661c21aa49
Agent 6de3708c-9cd0-47d4-8820-af20a7db960d: 
Agent ID: 6de3708c-9cd0-47d4-8820-af20a7db960d
Agent 7d814e3d-5dc7-42e2-bd0c-5fc8b30bbe64: 
Agent ID: 7d814e3d-5dc7-42e2-bd0c-5fc8b30bbe64
Agent 81b3579d-dd70-402d-a481-e4693a27b98e: 
Agent ID: 81b3579d-dd70-402d-a481-e4693a27b98e
Agent a706f5fc-e2bd-492d-856d-9eed5d861e25: 
Agent ID: a706f5fc-e2bd-492d-856d-9eed5d861e25
Agent e0b1e157-cf6c-47c6-a32d-ce63914f4adb: 
Agent ID: e0b1e157-cf6c-47c6-a32d-ce63914f4adb
Agent e398b681-213b-48bf-9baa-269170689c69: 
Agent ID: e398b681-213b-48bf-9baa-269170689c69

Iteration 0, Turn 4:
Agent 1502980a-c78b-4c6f-b0b8-fd871c40735f: 
Agent ID: 1502980a-c78b-4c6f-b0b8-fd871c40735f
Agent 2d2f250b-9984-43a2-a240-3766cc68740f: 
Agent ID: 2d2f250b-9984-43a2-a240-3766cc68740f
Agent 2dacca65-4caa-4db2-90b1-279211fe154a: 
Agent ID: 2dacca65-4caa-4db2-90b1-279211fe154a
Agent 357903ae-1151-4243-b78f-c79a9295b009: 
Agent ID: 357903ae-1151-4243-b78f-c79a9295b009
Agent 494f2680-7c8f-46b2-8ee3-7c68e7ef6330: 
Agent ID: 494f2680-7c8f-46b2-8ee3-7c68e7ef6330
Agent 4f9534a3-a655-4f8a-bc1b-02661c21aa49: 
Agent ID: 4f9534a3-a655-4f8a-bc1b-02661c21aa49
Agent 6de3708c-9cd0-47d4-8820-af20a7db960d: 
Agent ID: 6de3708c-9cd0-47d4-8820-af20a7db960d
Agent 7d814e3d-5dc7-42e2-bd0c-5fc8b30bbe64: 
Agent ID: 7d814e3d-5dc7-42e2-bd0c-5fc8b30bbe64
Agent 81b3579d-dd70-402d-a481-e4693a27b98e: 
Agent ID: 81b3579d-dd70-402d-a481-e4693a27b98e
Agent a706f5fc-e2bd-492d-856d-9eed5d861e25: 
Agent ID: a706f5fc-e2bd-492d-856d-9eed5d861e25
Agent e0b1e157-cf6c-47c6-a32d-ce63914f4adb: 
Agent ID: e0b1e157-cf6c-47c6-a32d-ce63914f4adb
Agent e398b681-213b-48bf-9baa-269170689c69: 
Agent ID: e398b681-213b-48bf-9baa-269170689c69

Iteration 1, Turn 0:

Iteration 1, Turn 0:
Agent 1502980a-c78b-4c6f-b0b8-fd871c40735f: 
Agent ID: 1502980a-c78b-4c6f-b0b8-fd871c40735f
Agent 2dacca65-4caa-4db2-90b1-279211fe154a: 
Agent ID: 2dacca65-4caa-4db2-90b1-279211fe154a
Agent 357903ae-1151-4243-b78f-c79a9295b009: 
Agent ID: 357903ae-1151-4243-b78f-c79a9295b009
Agent 494f2680-7c8f-46b2-8ee3-7c68e7ef6330: 
Agent ID: 494f2680-7c8f-46b2-8ee3-7c68e7ef6330
Agent 4f9534a3-a655-4f8a-bc1b-02661c21aa49: 
Agent ID: 4f9534a3-a655-4f8a-bc1b-02661c21aa49
Agent 6de3708c-9cd0-47d4-8820-af20a7db960d: 
Agent ID: 6de3708c-9cd0-47d4-8820-af20a7db960d
Agent 7d814e3d-5dc7-42e2-bd0c-5fc8b30bbe64: 
Agent ID: 7d814e3d-5dc7-42e2-bd0c-5fc8b30bbe64
Agent 81b3579d-dd70-402d-a481-e4693a27b98e: 
Agent ID: 81b3579d-dd70-402d-a481-e4693a27b98e
Agent e0b1e157-cf6c-47c6-a32d-ce63914f4adb: 
Agent ID: e0b1e157-cf6c-47c6-a32d-ce63914f4adb
Agent e398b681-213b-48bf-9baa-269170689c69: 
Agent ID: e398b681-213b-48bf-9baa-269170689c69

Iteration 1, Turn 1:
Agent 1502980a-c78b-4c6f-b0b8-fd871c40735f: 
Agent ID: 1502980a-c78b-4c6f-b0b8-fd871c40735f
Agent 2dacca65-4caa-4db2-90b1-279211fe154a: 
Agent ID: 2dacca65-4caa-4db2-90b1-279211fe154a
Agent 357903ae-1151-4243-b78f-c79a9295b009: 
Agent ID: 357903ae-1151-4243-b78f-c79a9295b009
Agent 494f2680-7c8f-46b2-8ee3-7c68e7ef6330: 
Agent ID: 494f2680-7c8f-46b2-8ee3-7c68e7ef6330
Agent 4f9534a3-a655-4f8a-bc1b-02661c21aa49: 
Agent ID: 4f9534a3-a655-4f8a-bc1b-02661c21aa49
Agent 6de3708c-9cd0-47d4-8820-af20a7db960d: 
Agent ID: 6de3708c-9cd0-47d4-8820-af20a7db960d
Agent 7d814e3d-5dc7-42e2-bd0c-5fc8b30bbe64: 
Agent ID: 7d814e3d-5dc7-42e2-bd0c-5fc8b30bbe64
Agent 81b3579d-dd70-402d-a481-e4693a27b98e: 
Agent ID: 81b3579d-dd70-402d-a481-e4693a27b98e
Agent e398b681-213b-48bf-9baa-269170689c69: 
Agent ID: e398b681-213b-48bf-9baa-269170689c69

Iteration 1, Turn 2:
Agent 1502980a-c78b-4c6f-b0b8-fd871c40735f: 
Agent ID: 1502980a-c78b-4c6f-b0b8-fd871c40735f
Agent 2dacca65-4caa-4db2-90b1-279211fe154a: 
Agent ID: 2dacca65-4caa-4db2-90b1-279211fe154a
Agent 357903ae-1151-4243-b78f-c79a9295b009: 
Agent ID: 357903ae-1151-4243-b78f-c79a9295b009
Agent 494f2680-7c8f-46b2-8ee3-7c68e7ef6330: 
Agent ID: 494f2680-7c8f-46b2-8ee3-7c68e7ef6330
Agent 4f9534a3-a655-4f8a-bc1b-02661c21aa49: 
Agent ID: 4f9534a3-a655-4f8a-bc1b-02661c21aa49
Agent 6de3708c-9cd0-47d4-8820-af20a7db960d: 
Agent ID: 6de3708c-9cd0-47d4-8820-af20a7db960d
Agent 7d814e3d-5dc7-42e2-bd0c-5fc8b30bbe64: 
Agent ID: 7d814e3d-5dc7-42e2-bd0c-5fc8b30bbe64
Agent 81b3579d-dd70-402d-a481-e4693a27b98e: 
Agent ID: 81b3579d-dd70-402d-a481-e4693a27b98e
Agent e398b681-213b-48bf-9baa-269170689c69: 
Agent ID: e398b681-213b-48bf-9baa-269170689c69

Iteration 1, Turn 3:
Agent 1502980a-c78b-4c6f-b0b8-fd871c40735f: 
Agent ID: 1502980a-c78b-4c6f-b0b8-fd871c40735f
Agent 2dacca65-4caa-4db2-90b1-279211fe154a: 
Agent ID: 2dacca65-4caa-4db2-90b1-279211fe154a
Agent 357903ae-1151-4243-b78f-c79a9295b009: 
Agent ID: 357903ae-1151-4243-b78f-c79a9295b009
Agent 494f2680-7c8f-46b2-8ee3-7c68e7ef6330: 
Agent ID: 494f2680-7c8f-46b2-8ee3-7c68e7ef6330
Agent 4f9534a3-a655-4f8a-bc1b-02661c21aa49: 
Agent ID: 4f9534a3-a655-4f8a-bc1b-02661c21aa49
Agent 6de3708c-9cd0-47d4-8820-af20a7db960d: 
Agent ID: 6de3708c-9cd0-47d4-8820-af20a7db960d
Agent 7d814e3d-5dc7-42e2-bd0c-5fc8b30bbe64: 
Agent ID: 7d814e3d-5dc7-42e2-bd0c-5fc8b30bbe64
Agent 81b3579d-dd70-402d-a481-e4693a27b98e: 
Agent ID: 81b3579d-dd70-402d-a481-e4693a27b98e
Agent e398b681-213b-48bf-9baa-269170689c69: 
Agent ID: e398b681-213b-48bf-9baa-269170689c69

Iteration 1, Turn 4:
Agent 1502980a-c78b-4c6f-b0b8-fd871c40735f: 
Agent ID: 1502980a-c78b-4c6f-b0b8-fd871c40735f
Agent 2dacca65-4caa-4db2-90b1-279211fe154a: 
Agent ID: 2dacca65-4caa-4db2-90b1-279211fe154a
Agent 357903ae-1151-4243-b78f-c79a9295b009: 
Agent ID: 357903ae-1151-4243-b78f-c79a9295b009
Agent 494f2680-7c8f-46b2-8ee3-7c68e7ef6330: 
Agent ID: 494f2680-7c8f-46b2-8ee3-7c68e7ef6330
Agent 4f9534a3-a655-4f8a-bc1b-02661c21aa49: 
Agent ID: 4f9534a3-a655-4f8a-bc1b-02661c21aa49
Agent 6de3708c-9cd0-47d4-8820-af20a7db960d: 
Agent ID: 6de3708c-9cd0-47d4-8820-af20a7db960d
Agent 7d814e3d-5dc7-42e2-bd0c-5fc8b30bbe64: 
Agent ID: 7d814e3d-5dc7-42e2-bd0c-5fc8b30bbe64
Agent 81b3579d-dd70-402d-a481-e4693a27b98e: 
Agent ID: 81b3579d-dd70-402d-a481-e4693a27b98e
Agent e398b681-213b-48bf-9baa-269170689c69: 
Agent ID: e398b681-213b-48bf-9baa-269170689c69

Iteration 2, Turn 0:

Iteration 2, Turn 0:
Agent 1502980a-c78b-4c6f-b0b8-fd871c40735f: 
Agent ID: 1502980a-c78b-4c6f-b0b8-fd871c40735f
Agent 2dacca65-4caa-4db2-90b1-279211fe154a: 
Agent ID: 2dacca65-4caa-4db2-90b1-279211fe154a
Agent 357903ae-1151-4243-b78f-c79a9295b009: 
Agent ID: 357903ae-1151-4243-b78f-c79a9295b009
Agent 494f2680-7c8f-46b2-8ee3-7c68e7ef6330: 
Agent ID: 494f2680-7c8f-46b2-8ee3-7c68e7ef6330
Agent 4f9534a3-a655-4f8a-bc1b-02661c21aa49: 
Agent ID: 4f9534a3-a655-4f8a-bc1b-02661c21aa49
Agent 6de3708c-9cd0-47d4-8820-af20a7db960d: 
Agent ID: 6de3708c-9cd0-47d4-8820-af20a7db960d
Agent 7d814e3d-5dc7-42e2-bd0c-5fc8b30bbe64: 
Agent ID: 7d814e3d-5dc7-42e2-bd0c-5fc8b30bbe64
Agent 81b3579d-dd70-402d-a481-e4693a27b98e: 
Agent ID: 81b3579d-dd70-402d-a481-e4693a27b98e
Agent e398b681-213b-48bf-9baa-269170689c69: 
Agent ID: e398b681-213b-48bf-9baa-269170689c69

Iteration 2, Turn 1:
Agent 2dacca65-4caa-4db2-90b1-279211fe154a: 
Agent ID: 2dacca65-4caa-4db2-90b1-279211fe154a
Agent 357903ae-1151-4243-b78f-c79a9295b009: 
Agent ID: 357903ae-1151-4243-b78f-c79a9295b009
Agent 494f2680-7c8f-46b2-8ee3-7c68e7ef6330: 
Agent ID: 494f2680-7c8f-46b2-8ee3-7c68e7ef6330
Agent 4f9534a3-a655-4f8a-bc1b-02661c21aa49: 
Agent ID: 4f9534a3-a655-4f8a-bc1b-02661c21aa49
Agent 6de3708c-9cd0-47d4-8820-af20a7db960d: 
Agent ID: 6de3708c-9cd0-47d4-8820-af20a7db960d
Agent 7d814e3d-5dc7-42e2-bd0c-5fc8b30bbe64: 
Agent ID: 7d814e3d-5dc7-42e2-bd0c-5fc8b30bbe64
Agent 81b3579d-dd70-402d-a481-e4693a27b98e: 
Agent ID: 81b3579d-dd70-402d-a481-e4693a27b98e
Agent e398b681-213b-48bf-9baa-269170689c69: 
Agent ID: e398b681-213b-48bf-9baa-269170689c69

Iteration 2, Turn 2:
Agent 2dacca65-4caa-4db2-90b1-279211fe154a: 
Agent ID: 2dacca65-4caa-4db2-90b1-279211fe154a
Agent 357903ae-1151-4243-b78f-c79a9295b009: 
Agent ID: 357903ae-1151-4243-b78f-c79a9295b009
Agent 494f2680-7c8f-46b2-8ee3-7c68e7ef6330: 
Agent ID: 494f2680-7c8f-46b2-8ee3-7c68e7ef6330
Agent 4f9534a3-a655-4f8a-bc1b-02661c21aa49: 
Agent ID: 4f9534a3-a655-4f8a-bc1b-02661c21aa49
Agent 6de3708c-9cd0-47d4-8820-af20a7db960d: 
Agent ID: 6de3708c-9cd0-47d4-8820-af20a7db960d
Agent 7d814e3d-5dc7-42e2-bd0c-5fc8b30bbe64: 
Agent ID: 7d814e3d-5dc7-42e2-bd0c-5fc8b30bbe64
Agent 81b3579d-dd70-402d-a481-e4693a27b98e: 
Agent ID: 81b3579d-dd70-402d-a481-e4693a27b98e
Agent e398b681-213b-48bf-9baa-269170689c69: 
Agent ID: e398b681-213b-48bf-9baa-269170689c69

Iteration 2, Turn 3:
Agent 2dacca65-4caa-4db2-90b1-279211fe154a: 
Agent ID: 2dacca65-4caa-4db2-90b1-279211fe154a
Agent 357903ae-1151-4243-b78f-c79a9295b009: 
Agent ID: 357903ae-1151-4243-b78f-c79a9295b009
Agent 494f2680-7c8f-46b2-8ee3-7c68e7ef6330: 
Agent ID: 494f2680-7c8f-46b2-8ee3-7c68e7ef6330
Agent 4f9534a3-a655-4f8a-bc1b-02661c21aa49: 
Agent ID: 4f9534a3-a655-4f8a-bc1b-02661c21aa49
Agent 6de3708c-9cd0-47d4-8820-af20a7db960d: 
Agent ID: 6de3708c-9cd0-47d4-8820-af20a7db960d
Agent 7d814e3d-5dc7-42e2-bd0c-5fc8b30bbe64: 
Agent ID: 7d814e3d-5dc7-42e2-bd0c-5fc8b30bbe64
Agent 81b3579d-dd70-402d-a481-e4693a27b98e: 
Agent ID: 81b3579d-dd70-402d-a481-e4693a27b98e

Iteration 2, Turn 4:
Agent 357903ae-1151-4243-b78f-c79a9295b009: 
Agent ID: 357903ae-1151-4243-b78f-c79a9295b009
Agent 494f2680-7c8f-46b2-8ee3-7c68e7ef6330: 
Agent ID: 494f2680-7c8f-46b2-8ee3-7c68e7ef6330
Agent 4f9534a3-a655-4f8a-bc1b-02661c21aa49: 
Agent ID: 4f9534a3-a655-4f8a-bc1b-02661c21aa49
Agent 7d814e3d-5dc7-42e2-bd0c-5fc8b30bbe64: 
Agent ID: 7d814e3d-5dc7-42e2-bd0c-5fc8b30bbe64
Agent 81b3579d-dd70-402d-a481-e4693a27b98e: 
Agent ID: 81b3579d-dd70-402d-a481-e4693a27b98e
