main function started.
--------Start of iteration 0---------


Iteration 0, Turn 0, current agent count: 16


Iteration 0, Turn 1, current agent count: 16


Iteration 0, Turn 2, current agent count: 16


Iteration 0, Turn 3, current agent count: 16


Iteration 0, Turn 4, current agent count: 16
--------End of iteration 0---------
--------Start of iteration 1---------


Iteration 1, Turn 0, current agent count: 16


Iteration 1, Turn 1, current agent count: 16


Iteration 1, Turn 2, current agent count: 16


Iteration 1, Turn 3, current agent count: 16


Iteration 1, Turn 4, current agent count: 16
--------End of iteration 1---------
--------Start of iteration 2---------


Iteration 2, Turn 0, current agent count: 16


Iteration 2, Turn 1, current agent count: 16


Iteration 2, Turn 2, current agent count: 16


Iteration 2, Turn 3, current agent count: 16


Iteration 2, Turn 4, current agent count: 16
--------End of iteration 2---------


GamePlaybackSummary - playing 18 turn records

Iteration 0, Turn 0:

Iteration 0, Turn 0:
Agent 03c7f8c3-15d7-4ba4-9eda-b1a3fda76340: 
[DEAD] 
Agent ID: 03c7f8c3-15d7-4ba4-9eda-b1a3fda76340
Agent 0d65c9dd-35ff-4e45-a380-56ca48d8d962: 
[DEAD] 
Agent ID: 0d65c9dd-35ff-4e45-a380-56ca48d8d962
Agent 103aa68c-a68c-4d4d-b353-bd8a22badef5: 
[DEAD] 
Agent ID: 103aa68c-a68c-4d4d-b353-bd8a22badef5
Agent 17840ebf-c5cc-4927-9fd6-5c3a28e3c451: 
[DEAD] 
Agent ID: 17840ebf-c5cc-4927-9fd6-5c3a28e3c451
Agent 2a83b20c-4623-4f81-8234-c6c187a6240e: 
[DEAD] 
Agent ID: 2a83b20c-4623-4f81-8234-c6c187a6240e
Agent 3fc38557-8160-459e-b694-e7d53ac838c4: 
[DEAD] 
Agent ID: 3fc38557-8160-459e-b694-e7d53ac838c4
Agent 56705ede-fb48-47b7-8ec8-c0141d54d810: 
[DEAD] 
Agent ID: 56705ede-fb48-47b7-8ec8-c0141d54d810
Agent 63fd3be3-bd22-48bd-8ef3-9e0e9fd9868c: 
[DEAD] 
Agent ID: 63fd3be3-bd22-48bd-8ef3-9e0e9fd9868c
Agent 64caa4e2-06eb-42d0-8889-264a62b1fc84: 
[DEAD] 
Agent ID: 64caa4e2-06eb-42d0-8889-264a62b1fc84
Agent 6cd3a3aa-e33e-4e24-9d34-894386781f9b: 
[DEAD] 
Agent ID: 6cd3a3aa-e33e-4e24-9d34-894386781f9b
Agent 765d37e5-2561-4bc8-8c74-12163bd30f4d: 
[DEAD] 
Agent ID: 765d37e5-2561-4bc8-8c74-12163bd30f4d
Agent 817b4aa3-f660-410e-bd91-f20f3472085a: 
[DEAD] 
Agent ID: 817b4aa3-f660-410e-bd91-f20f3472085a
Agent 837d0011-e2c9-414c-9854-bf151ee56f41: 
[DEAD] 
Agent ID: 837d0011-e2c9-414c-9854-bf151ee56f41
Agent 95630f2f-d8f0-4641-8e99-dc4589282c1e: 
[DEAD] 
Agent ID: 95630f2f-d8f0-4641-8e99-dc4589282c1e
Agent a41590d0-ef6f-45dc-8cc6-03021bd68d71: 
[DEAD] 
Agent ID: a41590d0-ef6f-45dc-8cc6-03021bd68d71
Agent f781ef2b-2c6d-4ef8-9ceb-eef5ca608514: 
[DEAD] 
Agent ID: f781ef2b-2c6d-4ef8-9ceb-eef5ca608514

Iteration 0, Turn 1:
Agent 03c7f8c3-15d7-4ba4-9eda-b1a3fda76340: 
[DEAD] 
Agent ID: 03c7f8c3-15d7-4ba4-9eda-b1a3fda76340
Agent 0d65c9dd-35ff-4e45-a380-56ca48d8d962: 
[DEAD] 
Agent ID: 0d65c9dd-35ff-4e45-a380-56ca48d8d962
Agent 103aa68c-a68c-4d4d-b353-bd8a22badef5: 
[DEAD] 
Agent ID: 103aa68c-a68c-4d4d-b353-bd8a22badef5
Agent 17840ebf-c5cc-4927-9fd6-5c3a28e3c451: 
[DEAD] 
Agent ID: 17840ebf-c5cc-4927-9fd6-5c3a28e3c451
Agent 2a83b20c-4623-4f81-8234-c6c187a6240e: 
[DEAD] 
Agent ID: 2a83b20c-4623-4f81-8234-c6c187a6240e
Agent 3fc38557-8160-459e-b694-e7d53ac838c4: 
[DEAD] 
Agent ID: 3fc38557-8160-459e-b694-e7d53ac838c4
Agent 56705ede-fb48-47b7-8ec8-c0141d54d810: 
[DEAD] 
Agent ID: 56705ede-fb48-47b7-8ec8-c0141d54d810
Agent 63fd3be3-bd22-48bd-8ef3-9e0e9fd9868c: 
[DEAD] 
Agent ID: 63fd3be3-bd22-48bd-8ef3-9e0e9fd9868c
Agent 64caa4e2-06eb-42d0-8889-264a62b1fc84: 
[DEAD] 
Agent ID: 64caa4e2-06eb-42d0-8889-264a62b1fc84
Agent 6cd3a3aa-e33e-4e24-9d34-894386781f9b: 
[DEAD] 
Agent ID: 6cd3a3aa-e33e-4e24-9d34-894386781f9b
Agent 765d37e5-2561-4bc8-8c74-12163bd30f4d: 
[DEAD] 
Agent ID: 765d37e5-2561-4bc8-8c74-12163bd30f4d
Agent 817b4aa3-f660-410e-bd91-f20f3472085a: 
[DEAD] 
Agent ID: 817b4aa3-f660-410e-bd91-f20f3472085a
Agent 837d0011-e2c9-414c-9854-bf151ee56f41: 
[DEAD] 
Agent ID: 837d0011-e2c9-414c-9854-bf151ee56f41
Agent 95630f2f-d8f0-4641-8e99-dc4589282c1e: 
[DEAD] 
Agent ID: 95630f2f-d8f0-4641-8e99-dc4589282c1e
Agent a41590d0-ef6f-45dc-8cc6-03021bd68d71: 
[DEAD] 
Agent ID: a41590d0-ef6f-45dc-8cc6-03021bd68d71
Agent f781ef2b-2c6d-4ef8-9ceb-eef5ca608514: 
[DEAD] 
Agent ID: f781ef2b-2c6d-4ef8-9ceb-eef5ca608514

Iteration 0, Turn 2:
Agent 03c7f8c3-15d7-4ba4-9eda-b1a3fda76340: 
[DEAD] 
Agent ID: 03c7f8c3-15d7-4ba4-9eda-b1a3fda76340
Agent 0d65c9dd-35ff-4e45-a380-56ca48d8d962: 
[DEAD] 
Agent ID: 0d65c9dd-35ff-4e45-a380-56ca48d8d962
Agent 103aa68c-a68c-4d4d-b353-bd8a22badef5: 
[DEAD] 
Agent ID: 103aa68c-a68c-4d4d-b353-bd8a22badef5
Agent 17840ebf-c5cc-4927-9fd6-5c3a28e3c451: 
[DEAD] 
Agent ID: 17840ebf-c5cc-4927-9fd6-5c3a28e3c451
Agent 2a83b20c-4623-4f81-8234-c6c187a6240e: 
[DEAD] 
Agent ID: 2a83b20c-4623-4f81-8234-c6c187a6240e
Agent 3fc38557-8160-459e-b694-e7d53ac838c4: 
[DEAD] 
Agent ID: 3fc38557-8160-459e-b694-e7d53ac838c4
Agent 56705ede-fb48-47b7-8ec8-c0141d54d810: 
[DEAD] 
Agent ID: 56705ede-fb48-47b7-8ec8-c0141d54d810
Agent 63fd3be3-bd22-48bd-8ef3-9e0e9fd9868c: 
[DEAD] 
Agent ID: 63fd3be3-bd22-48bd-8ef3-9e0e9fd9868c
Agent 64caa4e2-06eb-42d0-8889-264a62b1fc84: 
[DEAD] 
Agent ID: 64caa4e2-06eb-42d0-8889-264a62b1fc84
Agent 6cd3a3aa-e33e-4e24-9d34-894386781f9b: 
[DEAD] 
Agent ID: 6cd3a3aa-e33e-4e24-9d34-894386781f9b
Agent 765d37e5-2561-4bc8-8c74-12163bd30f4d: 
[DEAD] 
Agent ID: 765d37e5-2561-4bc8-8c74-12163bd30f4d
Agent 817b4aa3-f660-410e-bd91-f20f3472085a: 
[DEAD] 
Agent ID: 817b4aa3-f660-410e-bd91-f20f3472085a
Agent 837d0011-e2c9-414c-9854-bf151ee56f41: 
[DEAD] 
Agent ID: 837d0011-e2c9-414c-9854-bf151ee56f41
Agent 95630f2f-d8f0-4641-8e99-dc4589282c1e: 
[DEAD] 
Agent ID: 95630f2f-d8f0-4641-8e99-dc4589282c1e
Agent a41590d0-ef6f-45dc-8cc6-03021bd68d71: 
[DEAD] 
Agent ID: a41590d0-ef6f-45dc-8cc6-03021bd68d71
Agent f781ef2b-2c6d-4ef8-9ceb-eef5ca608514: 
[DEAD] 
Agent ID: f781ef2b-2c6d-4ef8-9ceb-eef5ca608514

Iteration 0, Turn 3:
Agent 03c7f8c3-15d7-4ba4-9eda-b1a3fda76340: 
[DEAD] 
Agent ID: 03c7f8c3-15d7-4ba4-9eda-b1a3fda76340
Agent 0d65c9dd-35ff-4e45-a380-56ca48d8d962: 
[DEAD] 
Agent ID: 0d65c9dd-35ff-4e45-a380-56ca48d8d962
Agent 103aa68c-a68c-4d4d-b353-bd8a22badef5: 
[DEAD] 
Agent ID: 103aa68c-a68c-4d4d-b353-bd8a22badef5
Agent 17840ebf-c5cc-4927-9fd6-5c3a28e3c451: 
[DEAD] 
Agent ID: 17840ebf-c5cc-4927-9fd6-5c3a28e3c451
Agent 2a83b20c-4623-4f81-8234-c6c187a6240e: 
[DEAD] 
Agent ID: 2a83b20c-4623-4f81-8234-c6c187a6240e
Agent 3fc38557-8160-459e-b694-e7d53ac838c4: 
[DEAD] 
Agent ID: 3fc38557-8160-459e-b694-e7d53ac838c4
Agent 56705ede-fb48-47b7-8ec8-c0141d54d810: 
[DEAD] 
Agent ID: 56705ede-fb48-47b7-8ec8-c0141d54d810
Agent 63fd3be3-bd22-48bd-8ef3-9e0e9fd9868c: 
[DEAD] 
Agent ID: 63fd3be3-bd22-48bd-8ef3-9e0e9fd9868c
Agent 64caa4e2-06eb-42d0-8889-264a62b1fc84: 
[DEAD] 
Agent ID: 64caa4e2-06eb-42d0-8889-264a62b1fc84
Agent 6cd3a3aa-e33e-4e24-9d34-894386781f9b: 
[DEAD] 
Agent ID: 6cd3a3aa-e33e-4e24-9d34-894386781f9b
Agent 765d37e5-2561-4bc8-8c74-12163bd30f4d: 
[DEAD] 
Agent ID: 765d37e5-2561-4bc8-8c74-12163bd30f4d
Agent 817b4aa3-f660-410e-bd91-f20f3472085a: 
[DEAD] 
Agent ID: 817b4aa3-f660-410e-bd91-f20f3472085a
Agent 837d0011-e2c9-414c-9854-bf151ee56f41: 
[DEAD] 
Agent ID: 837d0011-e2c9-414c-9854-bf151ee56f41
Agent 95630f2f-d8f0-4641-8e99-dc4589282c1e: 
[DEAD] 
Agent ID: 95630f2f-d8f0-4641-8e99-dc4589282c1e
Agent a41590d0-ef6f-45dc-8cc6-03021bd68d71: 
[DEAD] 
Agent ID: a41590d0-ef6f-45dc-8cc6-03021bd68d71
Agent f781ef2b-2c6d-4ef8-9ceb-eef5ca608514: 
[DEAD] 
Agent ID: f781ef2b-2c6d-4ef8-9ceb-eef5ca608514

Iteration 0, Turn 4:
Agent 03c7f8c3-15d7-4ba4-9eda-b1a3fda76340: 
[DEAD] 
Agent ID: 03c7f8c3-15d7-4ba4-9eda-b1a3fda76340
Agent 0d65c9dd-35ff-4e45-a380-56ca48d8d962: 
[DEAD] 
Agent ID: 0d65c9dd-35ff-4e45-a380-56ca48d8d962
Agent 103aa68c-a68c-4d4d-b353-bd8a22badef5: 
[DEAD] 
Agent ID: 103aa68c-a68c-4d4d-b353-bd8a22badef5
Agent 17840ebf-c5cc-4927-9fd6-5c3a28e3c451: 
[DEAD] 
Agent ID: 17840ebf-c5cc-4927-9fd6-5c3a28e3c451
Agent 2a83b20c-4623-4f81-8234-c6c187a6240e: 
[DEAD] 
Agent ID: 2a83b20c-4623-4f81-8234-c6c187a6240e
Agent 3fc38557-8160-459e-b694-e7d53ac838c4: 
[DEAD] 
Agent ID: 3fc38557-8160-459e-b694-e7d53ac838c4
Agent 56705ede-fb48-47b7-8ec8-c0141d54d810: 
[DEAD] 
Agent ID: 56705ede-fb48-47b7-8ec8-c0141d54d810
Agent 63fd3be3-bd22-48bd-8ef3-9e0e9fd9868c: 
[DEAD] 
Agent ID: 63fd3be3-bd22-48bd-8ef3-9e0e9fd9868c
Agent 64caa4e2-06eb-42d0-8889-264a62b1fc84: 
[DEAD] 
Agent ID: 64caa4e2-06eb-42d0-8889-264a62b1fc84
Agent 6cd3a3aa-e33e-4e24-9d34-894386781f9b: 
[DEAD] 
Agent ID: 6cd3a3aa-e33e-4e24-9d34-894386781f9b
Agent 765d37e5-2561-4bc8-8c74-12163bd30f4d: 
[DEAD] 
Agent ID: 765d37e5-2561-4bc8-8c74-12163bd30f4d
Agent 817b4aa3-f660-410e-bd91-f20f3472085a: 
[DEAD] 
Agent ID: 817b4aa3-f660-410e-bd91-f20f3472085a
Agent 837d0011-e2c9-414c-9854-bf151ee56f41: 
[DEAD] 
Agent ID: 837d0011-e2c9-414c-9854-bf151ee56f41
Agent 95630f2f-d8f0-4641-8e99-dc4589282c1e: 
[DEAD] 
Agent ID: 95630f2f-d8f0-4641-8e99-dc4589282c1e
Agent a41590d0-ef6f-45dc-8cc6-03021bd68d71: 
[DEAD] 
Agent ID: a41590d0-ef6f-45dc-8cc6-03021bd68d71
Agent f781ef2b-2c6d-4ef8-9ceb-eef5ca608514: 
[DEAD] 
Agent ID: f781ef2b-2c6d-4ef8-9ceb-eef5ca608514

Iteration 1, Turn 0:

Iteration 1, Turn 0:
Agent 03c7f8c3-15d7-4ba4-9eda-b1a3fda76340: 
[DEAD] 
Agent ID: 03c7f8c3-15d7-4ba4-9eda-b1a3fda76340
Agent 0d65c9dd-35ff-4e45-a380-56ca48d8d962: 
[DEAD] 
Agent ID: 0d65c9dd-35ff-4e45-a380-56ca48d8d962
Agent 103aa68c-a68c-4d4d-b353-bd8a22badef5: 
[DEAD] 
Agent ID: 103aa68c-a68c-4d4d-b353-bd8a22badef5
Agent 17840ebf-c5cc-4927-9fd6-5c3a28e3c451: 
[DEAD] 
Agent ID: 17840ebf-c5cc-4927-9fd6-5c3a28e3c451
Agent 2a83b20c-4623-4f81-8234-c6c187a6240e: 
[DEAD] 
Agent ID: 2a83b20c-4623-4f81-8234-c6c187a6240e
Agent 3fc38557-8160-459e-b694-e7d53ac838c4: 
[DEAD] 
Agent ID: 3fc38557-8160-459e-b694-e7d53ac838c4
Agent 56705ede-fb48-47b7-8ec8-c0141d54d810: 
[DEAD] 
Agent ID: 56705ede-fb48-47b7-8ec8-c0141d54d810
Agent 63fd3be3-bd22-48bd-8ef3-9e0e9fd9868c: 
[DEAD] 
Agent ID: 63fd3be3-bd22-48bd-8ef3-9e0e9fd9868c
Agent 64caa4e2-06eb-42d0-8889-264a62b1fc84: 
[DEAD] 
Agent ID: 64caa4e2-06eb-42d0-8889-264a62b1fc84
Agent 6cd3a3aa-e33e-4e24-9d34-894386781f9b: 
[DEAD] 
Agent ID: 6cd3a3aa-e33e-4e24-9d34-894386781f9b
Agent 765d37e5-2561-4bc8-8c74-12163bd30f4d: 
[DEAD] 
Agent ID: 765d37e5-2561-4bc8-8c74-12163bd30f4d
Agent 817b4aa3-f660-410e-bd91-f20f3472085a: 
[DEAD] 
Agent ID: 817b4aa3-f660-410e-bd91-f20f3472085a
Agent 837d0011-e2c9-414c-9854-bf151ee56f41: 
[DEAD] 
Agent ID: 837d0011-e2c9-414c-9854-bf151ee56f41
Agent 95630f2f-d8f0-4641-8e99-dc4589282c1e: 
[DEAD] 
Agent ID: 95630f2f-d8f0-4641-8e99-dc4589282c1e
Agent a41590d0-ef6f-45dc-8cc6-03021bd68d71: 
[DEAD] 
Agent ID: a41590d0-ef6f-45dc-8cc6-03021bd68d71
Agent f781ef2b-2c6d-4ef8-9ceb-eef5ca608514: 
[DEAD] 
Agent ID: f781ef2b-2c6d-4ef8-9ceb-eef5ca608514

Iteration 1, Turn 1:
Agent 03c7f8c3-15d7-4ba4-9eda-b1a3fda76340: 
[DEAD] 
Agent ID: 03c7f8c3-15d7-4ba4-9eda-b1a3fda76340
Agent 0d65c9dd-35ff-4e45-a380-56ca48d8d962: 
[DEAD] 
Agent ID: 0d65c9dd-35ff-4e45-a380-56ca48d8d962
Agent 103aa68c-a68c-4d4d-b353-bd8a22badef5: 
[DEAD] 
Agent ID: 103aa68c-a68c-4d4d-b353-bd8a22badef5
Agent 17840ebf-c5cc-4927-9fd6-5c3a28e3c451: 
[DEAD] 
Agent ID: 17840ebf-c5cc-4927-9fd6-5c3a28e3c451
Agent 2a83b20c-4623-4f81-8234-c6c187a6240e: 
[DEAD] 
Agent ID: 2a83b20c-4623-4f81-8234-c6c187a6240e
Agent 3fc38557-8160-459e-b694-e7d53ac838c4: 
[DEAD] 
Agent ID: 3fc38557-8160-459e-b694-e7d53ac838c4
Agent 56705ede-fb48-47b7-8ec8-c0141d54d810: 
[DEAD] 
Agent ID: 56705ede-fb48-47b7-8ec8-c0141d54d810
Agent 63fd3be3-bd22-48bd-8ef3-9e0e9fd9868c: 
[DEAD] 
Agent ID: 63fd3be3-bd22-48bd-8ef3-9e0e9fd9868c
Agent 64caa4e2-06eb-42d0-8889-264a62b1fc84: 
[DEAD] 
Agent ID: 64caa4e2-06eb-42d0-8889-264a62b1fc84
Agent 6cd3a3aa-e33e-4e24-9d34-894386781f9b: 
[DEAD] 
Agent ID: 6cd3a3aa-e33e-4e24-9d34-894386781f9b
Agent 765d37e5-2561-4bc8-8c74-12163bd30f4d: 
[DEAD] 
Agent ID: 765d37e5-2561-4bc8-8c74-12163bd30f4d
Agent 817b4aa3-f660-410e-bd91-f20f3472085a: 
[DEAD] 
Agent ID: 817b4aa3-f660-410e-bd91-f20f3472085a
Agent 837d0011-e2c9-414c-9854-bf151ee56f41: 
[DEAD] 
Agent ID: 837d0011-e2c9-414c-9854-bf151ee56f41
Agent 95630f2f-d8f0-4641-8e99-dc4589282c1e: 
[DEAD] 
Agent ID: 95630f2f-d8f0-4641-8e99-dc4589282c1e
Agent a41590d0-ef6f-45dc-8cc6-03021bd68d71: 
[DEAD] 
Agent ID: a41590d0-ef6f-45dc-8cc6-03021bd68d71
Agent f781ef2b-2c6d-4ef8-9ceb-eef5ca608514: 
[DEAD] 
Agent ID: f781ef2b-2c6d-4ef8-9ceb-eef5ca608514

Iteration 1, Turn 2:
Agent 03c7f8c3-15d7-4ba4-9eda-b1a3fda76340: 
[DEAD] 
Agent ID: 03c7f8c3-15d7-4ba4-9eda-b1a3fda76340
Agent 0d65c9dd-35ff-4e45-a380-56ca48d8d962: 
[DEAD] 
Agent ID: 0d65c9dd-35ff-4e45-a380-56ca48d8d962
Agent 103aa68c-a68c-4d4d-b353-bd8a22badef5: 
[DEAD] 
Agent ID: 103aa68c-a68c-4d4d-b353-bd8a22badef5
Agent 17840ebf-c5cc-4927-9fd6-5c3a28e3c451: 
[DEAD] 
Agent ID: 17840ebf-c5cc-4927-9fd6-5c3a28e3c451
Agent 2a83b20c-4623-4f81-8234-c6c187a6240e: 
[DEAD] 
Agent ID: 2a83b20c-4623-4f81-8234-c6c187a6240e
Agent 3fc38557-8160-459e-b694-e7d53ac838c4: 
[DEAD] 
Agent ID: 3fc38557-8160-459e-b694-e7d53ac838c4
Agent 56705ede-fb48-47b7-8ec8-c0141d54d810: 
[DEAD] 
Agent ID: 56705ede-fb48-47b7-8ec8-c0141d54d810
Agent 63fd3be3-bd22-48bd-8ef3-9e0e9fd9868c: 
[DEAD] 
Agent ID: 63fd3be3-bd22-48bd-8ef3-9e0e9fd9868c
Agent 64caa4e2-06eb-42d0-8889-264a62b1fc84: 
[DEAD] 
Agent ID: 64caa4e2-06eb-42d0-8889-264a62b1fc84
Agent 6cd3a3aa-e33e-4e24-9d34-894386781f9b: 
[DEAD] 
Agent ID: 6cd3a3aa-e33e-4e24-9d34-894386781f9b
Agent 765d37e5-2561-4bc8-8c74-12163bd30f4d: 
[DEAD] 
Agent ID: 765d37e5-2561-4bc8-8c74-12163bd30f4d
Agent 817b4aa3-f660-410e-bd91-f20f3472085a: 
[DEAD] 
Agent ID: 817b4aa3-f660-410e-bd91-f20f3472085a
Agent 837d0011-e2c9-414c-9854-bf151ee56f41: 
[DEAD] 
Agent ID: 837d0011-e2c9-414c-9854-bf151ee56f41
Agent 95630f2f-d8f0-4641-8e99-dc4589282c1e: 
[DEAD] 
Agent ID: 95630f2f-d8f0-4641-8e99-dc4589282c1e
Agent a41590d0-ef6f-45dc-8cc6-03021bd68d71: 
[DEAD] 
Agent ID: a41590d0-ef6f-45dc-8cc6-03021bd68d71
Agent f781ef2b-2c6d-4ef8-9ceb-eef5ca608514: 
[DEAD] 
Agent ID: f781ef2b-2c6d-4ef8-9ceb-eef5ca608514

Iteration 1, Turn 3:
Agent 03c7f8c3-15d7-4ba4-9eda-b1a3fda76340: 
[DEAD] 
Agent ID: 03c7f8c3-15d7-4ba4-9eda-b1a3fda76340
Agent 0d65c9dd-35ff-4e45-a380-56ca48d8d962: 
[DEAD] 
Agent ID: 0d65c9dd-35ff-4e45-a380-56ca48d8d962
Agent 103aa68c-a68c-4d4d-b353-bd8a22badef5: 
[DEAD] 
Agent ID: 103aa68c-a68c-4d4d-b353-bd8a22badef5
Agent 17840ebf-c5cc-4927-9fd6-5c3a28e3c451: 
[DEAD] 
Agent ID: 17840ebf-c5cc-4927-9fd6-5c3a28e3c451
Agent 2a83b20c-4623-4f81-8234-c6c187a6240e: 
[DEAD] 
Agent ID: 2a83b20c-4623-4f81-8234-c6c187a6240e
Agent 3fc38557-8160-459e-b694-e7d53ac838c4: 
[DEAD] 
Agent ID: 3fc38557-8160-459e-b694-e7d53ac838c4
Agent 56705ede-fb48-47b7-8ec8-c0141d54d810: 
[DEAD] 
Agent ID: 56705ede-fb48-47b7-8ec8-c0141d54d810
Agent 63fd3be3-bd22-48bd-8ef3-9e0e9fd9868c: 
[DEAD] 
Agent ID: 63fd3be3-bd22-48bd-8ef3-9e0e9fd9868c
Agent 64caa4e2-06eb-42d0-8889-264a62b1fc84: 
[DEAD] 
Agent ID: 64caa4e2-06eb-42d0-8889-264a62b1fc84
Agent 6cd3a3aa-e33e-4e24-9d34-894386781f9b: 
[DEAD] 
Agent ID: 6cd3a3aa-e33e-4e24-9d34-894386781f9b
Agent 765d37e5-2561-4bc8-8c74-12163bd30f4d: 
[DEAD] 
Agent ID: 765d37e5-2561-4bc8-8c74-12163bd30f4d
Agent 817b4aa3-f660-410e-bd91-f20f3472085a: 
[DEAD] 
Agent ID: 817b4aa3-f660-410e-bd91-f20f3472085a
Agent 837d0011-e2c9-414c-9854-bf151ee56f41: 
[DEAD] 
Agent ID: 837d0011-e2c9-414c-9854-bf151ee56f41
Agent 95630f2f-d8f0-4641-8e99-dc4589282c1e: 
[DEAD] 
Agent ID: 95630f2f-d8f0-4641-8e99-dc4589282c1e
Agent a41590d0-ef6f-45dc-8cc6-03021bd68d71: 
[DEAD] 
Agent ID: a41590d0-ef6f-45dc-8cc6-03021bd68d71
Agent f781ef2b-2c6d-4ef8-9ceb-eef5ca608514: 
[DEAD] 
Agent ID: f781ef2b-2c6d-4ef8-9ceb-eef5ca608514

Iteration 1, Turn 4:
Agent 03c7f8c3-15d7-4ba4-9eda-b1a3fda76340: 
[DEAD] 
Agent ID: 03c7f8c3-15d7-4ba4-9eda-b1a3fda76340
Agent 0d65c9dd-35ff-4e45-a380-56ca48d8d962: 
[DEAD] 
Agent ID: 0d65c9dd-35ff-4e45-a380-56ca48d8d962
Agent 103aa68c-a68c-4d4d-b353-bd8a22badef5: 
[DEAD] 
Agent ID: 103aa68c-a68c-4d4d-b353-bd8a22badef5
Agent 17840ebf-c5cc-4927-9fd6-5c3a28e3c451: 
[DEAD] 
Agent ID: 17840ebf-c5cc-4927-9fd6-5c3a28e3c451
Agent 2a83b20c-4623-4f81-8234-c6c187a6240e: 
[DEAD] 
Agent ID: 2a83b20c-4623-4f81-8234-c6c187a6240e
Agent 3fc38557-8160-459e-b694-e7d53ac838c4: 
[DEAD] 
Agent ID: 3fc38557-8160-459e-b694-e7d53ac838c4
Agent 56705ede-fb48-47b7-8ec8-c0141d54d810: 
[DEAD] 
Agent ID: 56705ede-fb48-47b7-8ec8-c0141d54d810
Agent 63fd3be3-bd22-48bd-8ef3-9e0e9fd9868c: 
[DEAD] 
Agent ID: 63fd3be3-bd22-48bd-8ef3-9e0e9fd9868c
Agent 64caa4e2-06eb-42d0-8889-264a62b1fc84: 
[DEAD] 
Agent ID: 64caa4e2-06eb-42d0-8889-264a62b1fc84
Agent 6cd3a3aa-e33e-4e24-9d34-894386781f9b: 
[DEAD] 
Agent ID: 6cd3a3aa-e33e-4e24-9d34-894386781f9b
Agent 765d37e5-2561-4bc8-8c74-12163bd30f4d: 
[DEAD] 
Agent ID: 765d37e5-2561-4bc8-8c74-12163bd30f4d
Agent 817b4aa3-f660-410e-bd91-f20f3472085a: 
[DEAD] 
Agent ID: 817b4aa3-f660-410e-bd91-f20f3472085a
Agent 837d0011-e2c9-414c-9854-bf151ee56f41: 
[DEAD] 
Agent ID: 837d0011-e2c9-414c-9854-bf151ee56f41
Agent 95630f2f-d8f0-4641-8e99-dc4589282c1e: 
[DEAD] 
Agent ID: 95630f2f-d8f0-4641-8e99-dc4589282c1e
Agent a41590d0-ef6f-45dc-8cc6-03021bd68d71: 
[DEAD] 
Agent ID: a41590d0-ef6f-45dc-8cc6-03021bd68d71
Agent f781ef2b-2c6d-4ef8-9ceb-eef5ca608514: 
[DEAD] 
Agent ID: f781ef2b-2c6d-4ef8-9ceb-eef5ca608514

Iteration 2, Turn 0:

Iteration 2, Turn 0:
Agent 03c7f8c3-15d7-4ba4-9eda-b1a3fda76340: 
[DEAD] 
Agent ID: 03c7f8c3-15d7-4ba4-9eda-b1a3fda76340
Agent 0d65c9dd-35ff-4e45-a380-56ca48d8d962: 
[DEAD] 
Agent ID: 0d65c9dd-35ff-4e45-a380-56ca48d8d962
Agent 103aa68c-a68c-4d4d-b353-bd8a22badef5: 
[DEAD] 
Agent ID: 103aa68c-a68c-4d4d-b353-bd8a22badef5
Agent 17840ebf-c5cc-4927-9fd6-5c3a28e3c451: 
[DEAD] 
Agent ID: 17840ebf-c5cc-4927-9fd6-5c3a28e3c451
Agent 2a83b20c-4623-4f81-8234-c6c187a6240e: 
[DEAD] 
Agent ID: 2a83b20c-4623-4f81-8234-c6c187a6240e
Agent 3fc38557-8160-459e-b694-e7d53ac838c4: 
[DEAD] 
Agent ID: 3fc38557-8160-459e-b694-e7d53ac838c4
Agent 56705ede-fb48-47b7-8ec8-c0141d54d810: 
[DEAD] 
Agent ID: 56705ede-fb48-47b7-8ec8-c0141d54d810
Agent 63fd3be3-bd22-48bd-8ef3-9e0e9fd9868c: 
[DEAD] 
Agent ID: 63fd3be3-bd22-48bd-8ef3-9e0e9fd9868c
Agent 64caa4e2-06eb-42d0-8889-264a62b1fc84: 
[DEAD] 
Agent ID: 64caa4e2-06eb-42d0-8889-264a62b1fc84
Agent 6cd3a3aa-e33e-4e24-9d34-894386781f9b: 
[DEAD] 
Agent ID: 6cd3a3aa-e33e-4e24-9d34-894386781f9b
Agent 765d37e5-2561-4bc8-8c74-12163bd30f4d: 
[DEAD] 
Agent ID: 765d37e5-2561-4bc8-8c74-12163bd30f4d
Agent 817b4aa3-f660-410e-bd91-f20f3472085a: 
[DEAD] 
Agent ID: 817b4aa3-f660-410e-bd91-f20f3472085a
Agent 837d0011-e2c9-414c-9854-bf151ee56f41: 
[DEAD] 
Agent ID: 837d0011-e2c9-414c-9854-bf151ee56f41
Agent 95630f2f-d8f0-4641-8e99-dc4589282c1e: 
[DEAD] 
Agent ID: 95630f2f-d8f0-4641-8e99-dc4589282c1e
Agent a41590d0-ef6f-45dc-8cc6-03021bd68d71: 
[DEAD] 
Agent ID: a41590d0-ef6f-45dc-8cc6-03021bd68d71
Agent f781ef2b-2c6d-4ef8-9ceb-eef5ca608514: 
[DEAD] 
Agent ID: f781ef2b-2c6d-4ef8-9ceb-eef5ca608514

Iteration 2, Turn 1:
Agent 03c7f8c3-15d7-4ba4-9eda-b1a3fda76340: 
[DEAD] 
Agent ID: 03c7f8c3-15d7-4ba4-9eda-b1a3fda76340
Agent 0d65c9dd-35ff-4e45-a380-56ca48d8d962: 
[DEAD] 
Agent ID: 0d65c9dd-35ff-4e45-a380-56ca48d8d962
Agent 103aa68c-a68c-4d4d-b353-bd8a22badef5: 
[DEAD] 
Agent ID: 103aa68c-a68c-4d4d-b353-bd8a22badef5
Agent 17840ebf-c5cc-4927-9fd6-5c3a28e3c451: 
[DEAD] 
Agent ID: 17840ebf-c5cc-4927-9fd6-5c3a28e3c451
Agent 2a83b20c-4623-4f81-8234-c6c187a6240e: 
[DEAD] 
Agent ID: 2a83b20c-4623-4f81-8234-c6c187a6240e
Agent 3fc38557-8160-459e-b694-e7d53ac838c4: 
[DEAD] 
Agent ID: 3fc38557-8160-459e-b694-e7d53ac838c4
Agent 56705ede-fb48-47b7-8ec8-c0141d54d810: 
[DEAD] 
Agent ID: 56705ede-fb48-47b7-8ec8-c0141d54d810
Agent 63fd3be3-bd22-48bd-8ef3-9e0e9fd9868c: 
[DEAD] 
Agent ID: 63fd3be3-bd22-48bd-8ef3-9e0e9fd9868c
Agent 64caa4e2-06eb-42d0-8889-264a62b1fc84: 
[DEAD] 
Agent ID: 64caa4e2-06eb-42d0-8889-264a62b1fc84
Agent 6cd3a3aa-e33e-4e24-9d34-894386781f9b: 
[DEAD] 
Agent ID: 6cd3a3aa-e33e-4e24-9d34-894386781f9b
Agent 765d37e5-2561-4bc8-8c74-12163bd30f4d: 
[DEAD] 
Agent ID: 765d37e5-2561-4bc8-8c74-12163bd30f4d
Agent 817b4aa3-f660-410e-bd91-f20f3472085a: 
[DEAD] 
Agent ID: 817b4aa3-f660-410e-bd91-f20f3472085a
Agent 837d0011-e2c9-414c-9854-bf151ee56f41: 
[DEAD] 
Agent ID: 837d0011-e2c9-414c-9854-bf151ee56f41
Agent 95630f2f-d8f0-4641-8e99-dc4589282c1e: 
[DEAD] 
Agent ID: 95630f2f-d8f0-4641-8e99-dc4589282c1e
Agent a41590d0-ef6f-45dc-8cc6-03021bd68d71: 
[DEAD] 
Agent ID: a41590d0-ef6f-45dc-8cc6-03021bd68d71
Agent f781ef2b-2c6d-4ef8-9ceb-eef5ca608514: 
[DEAD] 
Agent ID: f781ef2b-2c6d-4ef8-9ceb-eef5ca608514

Iteration 2, Turn 2:
Agent 03c7f8c3-15d7-4ba4-9eda-b1a3fda76340: 
[DEAD] 
Agent ID: 03c7f8c3-15d7-4ba4-9eda-b1a3fda76340
Agent 0d65c9dd-35ff-4e45-a380-56ca48d8d962: 
[DEAD] 
Agent ID: 0d65c9dd-35ff-4e45-a380-56ca48d8d962
Agent 103aa68c-a68c-4d4d-b353-bd8a22badef5: 
[DEAD] 
Agent ID: 103aa68c-a68c-4d4d-b353-bd8a22badef5
Agent 17840ebf-c5cc-4927-9fd6-5c3a28e3c451: 
[DEAD] 
Agent ID: 17840ebf-c5cc-4927-9fd6-5c3a28e3c451
Agent 2a83b20c-4623-4f81-8234-c6c187a6240e: 
[DEAD] 
Agent ID: 2a83b20c-4623-4f81-8234-c6c187a6240e
Agent 3fc38557-8160-459e-b694-e7d53ac838c4: 
[DEAD] 
Agent ID: 3fc38557-8160-459e-b694-e7d53ac838c4
Agent 56705ede-fb48-47b7-8ec8-c0141d54d810: 
[DEAD] 
Agent ID: 56705ede-fb48-47b7-8ec8-c0141d54d810
Agent 63fd3be3-bd22-48bd-8ef3-9e0e9fd9868c: 
[DEAD] 
Agent ID: 63fd3be3-bd22-48bd-8ef3-9e0e9fd9868c
Agent 64caa4e2-06eb-42d0-8889-264a62b1fc84: 
[DEAD] 
Agent ID: 64caa4e2-06eb-42d0-8889-264a62b1fc84
Agent 6cd3a3aa-e33e-4e24-9d34-894386781f9b: 
[DEAD] 
Agent ID: 6cd3a3aa-e33e-4e24-9d34-894386781f9b
Agent 765d37e5-2561-4bc8-8c74-12163bd30f4d: 
[DEAD] 
Agent ID: 765d37e5-2561-4bc8-8c74-12163bd30f4d
Agent 817b4aa3-f660-410e-bd91-f20f3472085a: 
[DEAD] 
Agent ID: 817b4aa3-f660-410e-bd91-f20f3472085a
Agent 837d0011-e2c9-414c-9854-bf151ee56f41: 
[DEAD] 
Agent ID: 837d0011-e2c9-414c-9854-bf151ee56f41
Agent 95630f2f-d8f0-4641-8e99-dc4589282c1e: 
[DEAD] 
Agent ID: 95630f2f-d8f0-4641-8e99-dc4589282c1e
Agent a41590d0-ef6f-45dc-8cc6-03021bd68d71: 
[DEAD] 
Agent ID: a41590d0-ef6f-45dc-8cc6-03021bd68d71
Agent f781ef2b-2c6d-4ef8-9ceb-eef5ca608514: 
[DEAD] 
Agent ID: f781ef2b-2c6d-4ef8-9ceb-eef5ca608514

Iteration 2, Turn 3:
Agent 03c7f8c3-15d7-4ba4-9eda-b1a3fda76340: 
[DEAD] 
Agent ID: 03c7f8c3-15d7-4ba4-9eda-b1a3fda76340
Agent 0d65c9dd-35ff-4e45-a380-56ca48d8d962: 
[DEAD] 
Agent ID: 0d65c9dd-35ff-4e45-a380-56ca48d8d962
Agent 103aa68c-a68c-4d4d-b353-bd8a22badef5: 
[DEAD] 
Agent ID: 103aa68c-a68c-4d4d-b353-bd8a22badef5
Agent 17840ebf-c5cc-4927-9fd6-5c3a28e3c451: 
[DEAD] 
Agent ID: 17840ebf-c5cc-4927-9fd6-5c3a28e3c451
Agent 2a83b20c-4623-4f81-8234-c6c187a6240e: 
[DEAD] 
Agent ID: 2a83b20c-4623-4f81-8234-c6c187a6240e
Agent 3fc38557-8160-459e-b694-e7d53ac838c4: 
[DEAD] 
Agent ID: 3fc38557-8160-459e-b694-e7d53ac838c4
Agent 56705ede-fb48-47b7-8ec8-c0141d54d810: 
[DEAD] 
Agent ID: 56705ede-fb48-47b7-8ec8-c0141d54d810
Agent 63fd3be3-bd22-48bd-8ef3-9e0e9fd9868c: 
[DEAD] 
Agent ID: 63fd3be3-bd22-48bd-8ef3-9e0e9fd9868c
Agent 64caa4e2-06eb-42d0-8889-264a62b1fc84: 
[DEAD] 
Agent ID: 64caa4e2-06eb-42d0-8889-264a62b1fc84
Agent 6cd3a3aa-e33e-4e24-9d34-894386781f9b: 
[DEAD] 
Agent ID: 6cd3a3aa-e33e-4e24-9d34-894386781f9b
Agent 765d37e5-2561-4bc8-8c74-12163bd30f4d: 
[DEAD] 
Agent ID: 765d37e5-2561-4bc8-8c74-12163bd30f4d
Agent 817b4aa3-f660-410e-bd91-f20f3472085a: 
[DEAD] 
Agent ID: 817b4aa3-f660-410e-bd91-f20f3472085a
Agent 837d0011-e2c9-414c-9854-bf151ee56f41: 
[DEAD] 
Agent ID: 837d0011-e2c9-414c-9854-bf151ee56f41
Agent 95630f2f-d8f0-4641-8e99-dc4589282c1e: 
[DEAD] 
Agent ID: 95630f2f-d8f0-4641-8e99-dc4589282c1e
Agent a41590d0-ef6f-45dc-8cc6-03021bd68d71: 
[DEAD] 
Agent ID: a41590d0-ef6f-45dc-8cc6-03021bd68d71
Agent f781ef2b-2c6d-4ef8-9ceb-eef5ca608514: 
[DEAD] 
Agent ID: f781ef2b-2c6d-4ef8-9ceb-eef5ca608514

Iteration 2, Turn 4:
Agent 03c7f8c3-15d7-4ba4-9eda-b1a3fda76340: 
[DEAD] 
Agent ID: 03c7f8c3-15d7-4ba4-9eda-b1a3fda76340
Agent 0d65c9dd-35ff-4e45-a380-56ca48d8d962: 
[DEAD] 
Agent ID: 0d65c9dd-35ff-4e45-a380-56ca48d8d962
Agent 103aa68c-a68c-4d4d-b353-bd8a22badef5: 
[DEAD] 
Agent ID: 103aa68c-a68c-4d4d-b353-bd8a22badef5
Agent 17840ebf-c5cc-4927-9fd6-5c3a28e3c451: 
[DEAD] 
Agent ID: 17840ebf-c5cc-4927-9fd6-5c3a28e3c451
Agent 2a83b20c-4623-4f81-8234-c6c187a6240e: 
[DEAD] 
Agent ID: 2a83b20c-4623-4f81-8234-c6c187a6240e
Agent 3fc38557-8160-459e-b694-e7d53ac838c4: 
[DEAD] 
Agent ID: 3fc38557-8160-459e-b694-e7d53ac838c4
Agent 56705ede-fb48-47b7-8ec8-c0141d54d810: 
[DEAD] 
Agent ID: 56705ede-fb48-47b7-8ec8-c0141d54d810
Agent 63fd3be3-bd22-48bd-8ef3-9e0e9fd9868c: 
[DEAD] 
Agent ID: 63fd3be3-bd22-48bd-8ef3-9e0e9fd9868c
Agent 64caa4e2-06eb-42d0-8889-264a62b1fc84: 
[DEAD] 
Agent ID: 64caa4e2-06eb-42d0-8889-264a62b1fc84
Agent 6cd3a3aa-e33e-4e24-9d34-894386781f9b: 
[DEAD] 
Agent ID: 6cd3a3aa-e33e-4e24-9d34-894386781f9b
Agent 765d37e5-2561-4bc8-8c74-12163bd30f4d: 
[DEAD] 
Agent ID: 765d37e5-2561-4bc8-8c74-12163bd30f4d
Agent 817b4aa3-f660-410e-bd91-f20f3472085a: 
[DEAD] 
Agent ID: 817b4aa3-f660-410e-bd91-f20f3472085a
Agent 837d0011-e2c9-414c-9854-bf151ee56f41: 
[DEAD] 
Agent ID: 837d0011-e2c9-414c-9854-bf151ee56f41
Agent 95630f2f-d8f0-4641-8e99-dc4589282c1e: 
[DEAD] 
Agent ID: 95630f2f-d8f0-4641-8e99-dc4589282c1e
Agent a41590d0-ef6f-45dc-8cc6-03021bd68d71: 
[DEAD] 
Agent ID: a41590d0-ef6f-45dc-8cc6-03021bd68d71
Agent f781ef2b-2c6d-4ef8-9ceb-eef5ca608514: 
[DEAD] 
Agent ID: f781ef2b-2c6d-4ef8-9ceb-eef5ca608514
