main function started.
--------Start of iteration 0---------


Iteration 0, Turn 0, current agent count: 16


Iteration 0, Turn 1, current agent count: 16


Iteration 0, Turn 2, current agent count: 16


Iteration 0, Turn 3, current agent count: 14


Iteration 0, Turn 4, current agent count: 12
--------End of iteration 0---------
--------Start of iteration 1---------


Iteration 1, Turn 0, current agent count: 10


Iteration 1, Turn 1, current agent count: 10


Iteration 1, Turn 2, current agent count: 9


Iteration 1, Turn 3, current agent count: 9


Iteration 1, Turn 4, current agent count: 9
--------End of iteration 1---------
--------Start of iteration 2---------


Iteration 2, Turn 0, current agent count: 5


Iteration 2, Turn 1, current agent count: 5


Iteration 2, Turn 2, current agent count: 4


Iteration 2, Turn 3, current agent count: 3


Iteration 2, Turn 4, current agent count: 3
--------End of iteration 2---------


GamePlaybackSummary - playing 18 turn records

Iteration 0, Turn 0:

Iteration 0, Turn 0:
Agent 00bc08da-18cd-4492-bf8d-792e2eac486e: 
Agent ID: 00bc08da-18cd-4492-bf8d-792e2eac486e
Agent 06adec1c-202b-412f-8dff-f9c64e1db49d: 
Agent ID: 06adec1c-202b-412f-8dff-f9c64e1db49d
Agent 286edadd-8b07-46b6-87df-ed5c6f0984c7: 
Agent ID: 286edadd-8b07-46b6-87df-ed5c6f0984c7
Agent 55d2fce1-519d-481b-bce8-bc8d052efa78: 
Agent ID: 55d2fce1-519d-481b-bce8-bc8d052efa78
Agent 5614d9b1-bfab-474e-81f4-4ff7cfb6e7f4: 
Agent ID: 5614d9b1-bfab-474e-81f4-4ff7cfb6e7f4
Agent 5f6c8a3e-d46d-4ee2-9462-3c68a6027a90: 
Agent ID: 5f6c8a3e-d46d-4ee2-9462-3c68a6027a90
Agent 6004261f-f840-4a05-a0b7-3e1aa6e30e22: 
Agent ID: 6004261f-f840-4a05-a0b7-3e1aa6e30e22
Agent 649fa68b-184e-4a5d-b4b7-71704456e1a7: 
Agent ID: 649fa68b-184e-4a5d-b4b7-71704456e1a7
Agent 70a9cbe8-45e9-4dc6-8320-302a649e3ee0: 
Agent ID: 70a9cbe8-45e9-4dc6-8320-302a649e3ee0
Agent 8adb4458-5a0b-49a7-accb-b108f42a75e0: 
Agent ID: 8adb4458-5a0b-49a7-accb-b108f42a75e0
Agent 8b68e668-d080-472f-8083-b018bc2d75a0: 
Agent ID: 8b68e668-d080-472f-8083-b018bc2d75a0
Agent 934251df-3c92-4cbe-9eda-2867b99e74dc: 
Agent ID: 934251df-3c92-4cbe-9eda-2867b99e74dc
Agent a048f977-69ec-4849-9346-08ed719bd765: 
Agent ID: a048f977-69ec-4849-9346-08ed719bd765
Agent abc88a3e-e8c5-45cc-9195-8e276ea93c43: 
Agent ID: abc88a3e-e8c5-45cc-9195-8e276ea93c43
Agent d4615287-b059-4a8e-8a19-03997bcaf1d9: 
Agent ID: d4615287-b059-4a8e-8a19-03997bcaf1d9
Agent d7b29875-868b-4197-8a9c-930ee42ed044: 
Agent ID: d7b29875-868b-4197-8a9c-930ee42ed044

Iteration 0, Turn 1:
Agent 00bc08da-18cd-4492-bf8d-792e2eac486e: 
Agent ID: 00bc08da-18cd-4492-bf8d-792e2eac486e
Agent 06adec1c-202b-412f-8dff-f9c64e1db49d: 
Agent ID: 06adec1c-202b-412f-8dff-f9c64e1db49d
Agent 286edadd-8b07-46b6-87df-ed5c6f0984c7: 
Agent ID: 286edadd-8b07-46b6-87df-ed5c6f0984c7
Agent 55d2fce1-519d-481b-bce8-bc8d052efa78: 
Agent ID: 55d2fce1-519d-481b-bce8-bc8d052efa78
Agent 5614d9b1-bfab-474e-81f4-4ff7cfb6e7f4: 
Agent ID: 5614d9b1-bfab-474e-81f4-4ff7cfb6e7f4
Agent 5f6c8a3e-d46d-4ee2-9462-3c68a6027a90: 
Agent ID: 5f6c8a3e-d46d-4ee2-9462-3c68a6027a90
Agent 6004261f-f840-4a05-a0b7-3e1aa6e30e22: 
Agent ID: 6004261f-f840-4a05-a0b7-3e1aa6e30e22
Agent 649fa68b-184e-4a5d-b4b7-71704456e1a7: 
Agent ID: 649fa68b-184e-4a5d-b4b7-71704456e1a7
Agent 70a9cbe8-45e9-4dc6-8320-302a649e3ee0: 
Agent ID: 70a9cbe8-45e9-4dc6-8320-302a649e3ee0
Agent 8adb4458-5a0b-49a7-accb-b108f42a75e0: 
Agent ID: 8adb4458-5a0b-49a7-accb-b108f42a75e0
Agent 8b68e668-d080-472f-8083-b018bc2d75a0: 
Agent ID: 8b68e668-d080-472f-8083-b018bc2d75a0
Agent 934251df-3c92-4cbe-9eda-2867b99e74dc: 
Agent ID: 934251df-3c92-4cbe-9eda-2867b99e74dc
Agent a048f977-69ec-4849-9346-08ed719bd765: 
Agent ID: a048f977-69ec-4849-9346-08ed719bd765
Agent abc88a3e-e8c5-45cc-9195-8e276ea93c43: 
Agent ID: abc88a3e-e8c5-45cc-9195-8e276ea93c43
Agent d4615287-b059-4a8e-8a19-03997bcaf1d9: 
Agent ID: d4615287-b059-4a8e-8a19-03997bcaf1d9
Agent d7b29875-868b-4197-8a9c-930ee42ed044: 
Agent ID: d7b29875-868b-4197-8a9c-930ee42ed044

Iteration 0, Turn 2:
Agent 00bc08da-18cd-4492-bf8d-792e2eac486e: 
Agent ID: 00bc08da-18cd-4492-bf8d-792e2eac486e
Agent 06adec1c-202b-412f-8dff-f9c64e1db49d: 
Agent ID: 06adec1c-202b-412f-8dff-f9c64e1db49d
Agent 286edadd-8b07-46b6-87df-ed5c6f0984c7: 
Agent ID: 286edadd-8b07-46b6-87df-ed5c6f0984c7
Agent 55d2fce1-519d-481b-bce8-bc8d052efa78: 
Agent ID: 55d2fce1-519d-481b-bce8-bc8d052efa78
Agent 5614d9b1-bfab-474e-81f4-4ff7cfb6e7f4: 
Agent ID: 5614d9b1-bfab-474e-81f4-4ff7cfb6e7f4
Agent 5f6c8a3e-d46d-4ee2-9462-3c68a6027a90: 
Agent ID: 5f6c8a3e-d46d-4ee2-9462-3c68a6027a90
Agent 6004261f-f840-4a05-a0b7-3e1aa6e30e22: 
Agent ID: 6004261f-f840-4a05-a0b7-3e1aa6e30e22
Agent 70a9cbe8-45e9-4dc6-8320-302a649e3ee0: 
Agent ID: 70a9cbe8-45e9-4dc6-8320-302a649e3ee0
Agent 8b68e668-d080-472f-8083-b018bc2d75a0: 
Agent ID: 8b68e668-d080-472f-8083-b018bc2d75a0
Agent 934251df-3c92-4cbe-9eda-2867b99e74dc: 
Agent ID: 934251df-3c92-4cbe-9eda-2867b99e74dc
Agent a048f977-69ec-4849-9346-08ed719bd765: 
Agent ID: a048f977-69ec-4849-9346-08ed719bd765
Agent abc88a3e-e8c5-45cc-9195-8e276ea93c43: 
Agent ID: abc88a3e-e8c5-45cc-9195-8e276ea93c43
Agent d4615287-b059-4a8e-8a19-03997bcaf1d9: 
Agent ID: d4615287-b059-4a8e-8a19-03997bcaf1d9
Agent d7b29875-868b-4197-8a9c-930ee42ed044: 
Agent ID: d7b29875-868b-4197-8a9c-930ee42ed044

Iteration 0, Turn 3:
Agent 00bc08da-18cd-4492-bf8d-792e2eac486e: 
Agent ID: 00bc08da-18cd-4492-bf8d-792e2eac486e
Agent 06adec1c-202b-412f-8dff-f9c64e1db49d: 
Agent ID: 06adec1c-202b-412f-8dff-f9c64e1db49d
Agent 286edadd-8b07-46b6-87df-ed5c6f0984c7: 
Agent ID: 286edadd-8b07-46b6-87df-ed5c6f0984c7
Agent 55d2fce1-519d-481b-bce8-bc8d052efa78: 
Agent ID: 55d2fce1-519d-481b-bce8-bc8d052efa78
Agent 5f6c8a3e-d46d-4ee2-9462-3c68a6027a90: 
Agent ID: 5f6c8a3e-d46d-4ee2-9462-3c68a6027a90
Agent 6004261f-f840-4a05-a0b7-3e1aa6e30e22: 
Agent ID: 6004261f-f840-4a05-a0b7-3e1aa6e30e22
Agent 70a9cbe8-45e9-4dc6-8320-302a649e3ee0: 
Agent ID: 70a9cbe8-45e9-4dc6-8320-302a649e3ee0
Agent 8b68e668-d080-472f-8083-b018bc2d75a0: 
Agent ID: 8b68e668-d080-472f-8083-b018bc2d75a0
Agent a048f977-69ec-4849-9346-08ed719bd765: 
Agent ID: a048f977-69ec-4849-9346-08ed719bd765
Agent abc88a3e-e8c5-45cc-9195-8e276ea93c43: 
Agent ID: abc88a3e-e8c5-45cc-9195-8e276ea93c43
Agent d4615287-b059-4a8e-8a19-03997bcaf1d9: 
Agent ID: d4615287-b059-4a8e-8a19-03997bcaf1d9
Agent d7b29875-868b-4197-8a9c-930ee42ed044: 
Agent ID: d7b29875-868b-4197-8a9c-930ee42ed044

Iteration 0, Turn 4:
Agent 00bc08da-18cd-4492-bf8d-792e2eac486e: 
Agent ID: 00bc08da-18cd-4492-bf8d-792e2eac486e
Agent 286edadd-8b07-46b6-87df-ed5c6f0984c7: 
Agent ID: 286edadd-8b07-46b6-87df-ed5c6f0984c7
Agent 5f6c8a3e-d46d-4ee2-9462-3c68a6027a90: 
Agent ID: 5f6c8a3e-d46d-4ee2-9462-3c68a6027a90
Agent 6004261f-f840-4a05-a0b7-3e1aa6e30e22: 
Agent ID: 6004261f-f840-4a05-a0b7-3e1aa6e30e22
Agent 70a9cbe8-45e9-4dc6-8320-302a649e3ee0: 
Agent ID: 70a9cbe8-45e9-4dc6-8320-302a649e3ee0
Agent 8b68e668-d080-472f-8083-b018bc2d75a0: 
Agent ID: 8b68e668-d080-472f-8083-b018bc2d75a0
Agent a048f977-69ec-4849-9346-08ed719bd765: 
Agent ID: a048f977-69ec-4849-9346-08ed719bd765
Agent abc88a3e-e8c5-45cc-9195-8e276ea93c43: 
Agent ID: abc88a3e-e8c5-45cc-9195-8e276ea93c43
Agent d4615287-b059-4a8e-8a19-03997bcaf1d9: 
Agent ID: d4615287-b059-4a8e-8a19-03997bcaf1d9
Agent d7b29875-868b-4197-8a9c-930ee42ed044: 
Agent ID: d7b29875-868b-4197-8a9c-930ee42ed044

Iteration 1, Turn 0:

Iteration 1, Turn 0:
Agent 00bc08da-18cd-4492-bf8d-792e2eac486e: 
Agent ID: 00bc08da-18cd-4492-bf8d-792e2eac486e
Agent 286edadd-8b07-46b6-87df-ed5c6f0984c7: 
Agent ID: 286edadd-8b07-46b6-87df-ed5c6f0984c7
Agent 5f6c8a3e-d46d-4ee2-9462-3c68a6027a90: 
Agent ID: 5f6c8a3e-d46d-4ee2-9462-3c68a6027a90
Agent 6004261f-f840-4a05-a0b7-3e1aa6e30e22: 
Agent ID: 6004261f-f840-4a05-a0b7-3e1aa6e30e22
Agent 70a9cbe8-45e9-4dc6-8320-302a649e3ee0: 
Agent ID: 70a9cbe8-45e9-4dc6-8320-302a649e3ee0
Agent 8b68e668-d080-472f-8083-b018bc2d75a0: 
Agent ID: 8b68e668-d080-472f-8083-b018bc2d75a0
Agent a048f977-69ec-4849-9346-08ed719bd765: 
Agent ID: a048f977-69ec-4849-9346-08ed719bd765
Agent abc88a3e-e8c5-45cc-9195-8e276ea93c43: 
Agent ID: abc88a3e-e8c5-45cc-9195-8e276ea93c43
Agent d4615287-b059-4a8e-8a19-03997bcaf1d9: 
Agent ID: d4615287-b059-4a8e-8a19-03997bcaf1d9
Agent d7b29875-868b-4197-8a9c-930ee42ed044: 
Agent ID: d7b29875-868b-4197-8a9c-930ee42ed044

Iteration 1, Turn 1:
Agent 286edadd-8b07-46b6-87df-ed5c6f0984c7: 
Agent ID: 286edadd-8b07-46b6-87df-ed5c6f0984c7
Agent 5f6c8a3e-d46d-4ee2-9462-3c68a6027a90: 
Agent ID: 5f6c8a3e-d46d-4ee2-9462-3c68a6027a90
Agent 6004261f-f840-4a05-a0b7-3e1aa6e30e22: 
Agent ID: 6004261f-f840-4a05-a0b7-3e1aa6e30e22
Agent 70a9cbe8-45e9-4dc6-8320-302a649e3ee0: 
Agent ID: 70a9cbe8-45e9-4dc6-8320-302a649e3ee0
Agent 8b68e668-d080-472f-8083-b018bc2d75a0: 
Agent ID: 8b68e668-d080-472f-8083-b018bc2d75a0
Agent a048f977-69ec-4849-9346-08ed719bd765: 
Agent ID: a048f977-69ec-4849-9346-08ed719bd765
Agent abc88a3e-e8c5-45cc-9195-8e276ea93c43: 
Agent ID: abc88a3e-e8c5-45cc-9195-8e276ea93c43
Agent d4615287-b059-4a8e-8a19-03997bcaf1d9: 
Agent ID: d4615287-b059-4a8e-8a19-03997bcaf1d9
Agent d7b29875-868b-4197-8a9c-930ee42ed044: 
Agent ID: d7b29875-868b-4197-8a9c-930ee42ed044

Iteration 1, Turn 2:
Agent 286edadd-8b07-46b6-87df-ed5c6f0984c7: 
Agent ID: 286edadd-8b07-46b6-87df-ed5c6f0984c7
Agent 5f6c8a3e-d46d-4ee2-9462-3c68a6027a90: 
Agent ID: 5f6c8a3e-d46d-4ee2-9462-3c68a6027a90
Agent 6004261f-f840-4a05-a0b7-3e1aa6e30e22: 
Agent ID: 6004261f-f840-4a05-a0b7-3e1aa6e30e22
Agent 70a9cbe8-45e9-4dc6-8320-302a649e3ee0: 
Agent ID: 70a9cbe8-45e9-4dc6-8320-302a649e3ee0
Agent 8b68e668-d080-472f-8083-b018bc2d75a0: 
Agent ID: 8b68e668-d080-472f-8083-b018bc2d75a0
Agent a048f977-69ec-4849-9346-08ed719bd765: 
Agent ID: a048f977-69ec-4849-9346-08ed719bd765
Agent abc88a3e-e8c5-45cc-9195-8e276ea93c43: 
Agent ID: abc88a3e-e8c5-45cc-9195-8e276ea93c43
Agent d4615287-b059-4a8e-8a19-03997bcaf1d9: 
Agent ID: d4615287-b059-4a8e-8a19-03997bcaf1d9
Agent d7b29875-868b-4197-8a9c-930ee42ed044: 
Agent ID: d7b29875-868b-4197-8a9c-930ee42ed044

Iteration 1, Turn 3:
Agent 286edadd-8b07-46b6-87df-ed5c6f0984c7: 
Agent ID: 286edadd-8b07-46b6-87df-ed5c6f0984c7
Agent 5f6c8a3e-d46d-4ee2-9462-3c68a6027a90: 
Agent ID: 5f6c8a3e-d46d-4ee2-9462-3c68a6027a90
Agent 6004261f-f840-4a05-a0b7-3e1aa6e30e22: 
Agent ID: 6004261f-f840-4a05-a0b7-3e1aa6e30e22
Agent 70a9cbe8-45e9-4dc6-8320-302a649e3ee0: 
Agent ID: 70a9cbe8-45e9-4dc6-8320-302a649e3ee0
Agent 8b68e668-d080-472f-8083-b018bc2d75a0: 
Agent ID: 8b68e668-d080-472f-8083-b018bc2d75a0
Agent a048f977-69ec-4849-9346-08ed719bd765: 
Agent ID: a048f977-69ec-4849-9346-08ed719bd765
Agent abc88a3e-e8c5-45cc-9195-8e276ea93c43: 
Agent ID: abc88a3e-e8c5-45cc-9195-8e276ea93c43
Agent d4615287-b059-4a8e-8a19-03997bcaf1d9: 
Agent ID: d4615287-b059-4a8e-8a19-03997bcaf1d9
Agent d7b29875-868b-4197-8a9c-930ee42ed044: 
Agent ID: d7b29875-868b-4197-8a9c-930ee42ed044

Iteration 1, Turn 4:
Agent 5f6c8a3e-d46d-4ee2-9462-3c68a6027a90: 
Agent ID: 5f6c8a3e-d46d-4ee2-9462-3c68a6027a90
Agent 6004261f-f840-4a05-a0b7-3e1aa6e30e22: 
Agent ID: 6004261f-f840-4a05-a0b7-3e1aa6e30e22
Agent 70a9cbe8-45e9-4dc6-8320-302a649e3ee0: 
Agent ID: 70a9cbe8-45e9-4dc6-8320-302a649e3ee0
Agent 8b68e668-d080-472f-8083-b018bc2d75a0: 
Agent ID: 8b68e668-d080-472f-8083-b018bc2d75a0
Agent abc88a3e-e8c5-45cc-9195-8e276ea93c43: 
Agent ID: abc88a3e-e8c5-45cc-9195-8e276ea93c43

Iteration 2, Turn 0:

Iteration 2, Turn 0:
Agent 5f6c8a3e-d46d-4ee2-9462-3c68a6027a90: 
Agent ID: 5f6c8a3e-d46d-4ee2-9462-3c68a6027a90
Agent 6004261f-f840-4a05-a0b7-3e1aa6e30e22: 
Agent ID: 6004261f-f840-4a05-a0b7-3e1aa6e30e22
Agent 70a9cbe8-45e9-4dc6-8320-302a649e3ee0: 
Agent ID: 70a9cbe8-45e9-4dc6-8320-302a649e3ee0
Agent 8b68e668-d080-472f-8083-b018bc2d75a0: 
Agent ID: 8b68e668-d080-472f-8083-b018bc2d75a0
Agent abc88a3e-e8c5-45cc-9195-8e276ea93c43: 
Agent ID: abc88a3e-e8c5-45cc-9195-8e276ea93c43

Iteration 2, Turn 1:
Agent 5f6c8a3e-d46d-4ee2-9462-3c68a6027a90: 
Agent ID: 5f6c8a3e-d46d-4ee2-9462-3c68a6027a90
Agent 6004261f-f840-4a05-a0b7-3e1aa6e30e22: 
Agent ID: 6004261f-f840-4a05-a0b7-3e1aa6e30e22
Agent 70a9cbe8-45e9-4dc6-8320-302a649e3ee0: 
Agent ID: 70a9cbe8-45e9-4dc6-8320-302a649e3ee0
Agent abc88a3e-e8c5-45cc-9195-8e276ea93c43: 
Agent ID: abc88a3e-e8c5-45cc-9195-8e276ea93c43

Iteration 2, Turn 2:
Agent 5f6c8a3e-d46d-4ee2-9462-3c68a6027a90: 
Agent ID: 5f6c8a3e-d46d-4ee2-9462-3c68a6027a90
Agent 6004261f-f840-4a05-a0b7-3e1aa6e30e22: 
Agent ID: 6004261f-f840-4a05-a0b7-3e1aa6e30e22
Agent abc88a3e-e8c5-45cc-9195-8e276ea93c43: 
Agent ID: abc88a3e-e8c5-45cc-9195-8e276ea93c43

Iteration 2, Turn 3:
Agent 5f6c8a3e-d46d-4ee2-9462-3c68a6027a90: 
Agent ID: 5f6c8a3e-d46d-4ee2-9462-3c68a6027a90
Agent 6004261f-f840-4a05-a0b7-3e1aa6e30e22: 
Agent ID: 6004261f-f840-4a05-a0b7-3e1aa6e30e22
Agent abc88a3e-e8c5-45cc-9195-8e276ea93c43: 
Agent ID: abc88a3e-e8c5-45cc-9195-8e276ea93c43

Iteration 2, Turn 4:
Agent 5f6c8a3e-d46d-4ee2-9462-3c68a6027a90: 
Agent ID: 5f6c8a3e-d46d-4ee2-9462-3c68a6027a90
Agent 6004261f-f840-4a05-a0b7-3e1aa6e30e22: 
Agent ID: 6004261f-f840-4a05-a0b7-3e1aa6e30e22
Agent abc88a3e-e8c5-45cc-9195-8e276ea93c43: 
Agent ID: abc88a3e-e8c5-45cc-9195-8e276ea93c43
