main function started.
--------Start of iteration 0---------


Iteration 0, Turn 0, current agent count: 16


Iteration 0, Turn 1, current agent count: 16


Iteration 0, Turn 2, current agent count: 12


Iteration 0, Turn 3, current agent count: 8


Iteration 0, Turn 4, current agent count: 6
--------End of iteration 0---------
--------Start of iteration 1---------


Iteration 1, Turn 0, current agent count: 6


Iteration 1, Turn 1, current agent count: 5


Iteration 1, Turn 2, current agent count: 5


Iteration 1, Turn 3, current agent count: 4


Iteration 1, Turn 4, current agent count: 4
--------End of iteration 1---------
--------Start of iteration 2---------


Iteration 2, Turn 0, current agent count: 4


Iteration 2, Turn 1, current agent count: 4


Iteration 2, Turn 2, current agent count: 4


Iteration 2, Turn 3, current agent count: 4


Iteration 2, Turn 4, current agent count: 4
--------End of iteration 2---------


GamePlaybackSummary - playing 18 turn records

Iteration 0, Turn 0:

Iteration 0, Turn 0:
Agent 01e292d8-fe3c-4bdb-a210-44b135a3f120: 
Agent ID: 01e292d8-fe3c-4bdb-a210-44b135a3f120
Agent 028c6599-95ec-4f60-b3eb-1b97484dc195: 
Agent ID: 028c6599-95ec-4f60-b3eb-1b97484dc195
Agent 0d8c219c-ec20-4896-9081-f4addac4097a: 
Agent ID: 0d8c219c-ec20-4896-9081-f4addac4097a
Agent 183747c5-097f-4a00-a42d-81ca2404c45d: 
Agent ID: 183747c5-097f-4a00-a42d-81ca2404c45d
Agent 2b5fc921-851d-4fd7-bed4-d7d6fb6d7487: 
Agent ID: 2b5fc921-851d-4fd7-bed4-d7d6fb6d7487
Agent 2dba6065-d62f-4730-921c-c64c04314af7: 
Agent ID: 2dba6065-d62f-4730-921c-c64c04314af7
Agent 2dd13444-dd81-403c-a147-9535fabde0fd: 
Agent ID: 2dd13444-dd81-403c-a147-9535fabde0fd
Agent 45ff9537-74f1-4c4c-ab7d-2f1d78882430: 
Agent ID: 45ff9537-74f1-4c4c-ab7d-2f1d78882430
Agent 53e63cd4-16a5-4b76-a649-bc96732c7e55: 
Agent ID: 53e63cd4-16a5-4b76-a649-bc96732c7e55
Agent 56ea9fe5-9408-4a5b-9e8c-89b2f8550cab: 
Agent ID: 56ea9fe5-9408-4a5b-9e8c-89b2f8550cab
Agent 6f67d111-a39e-4f68-93b9-264d2d376db3: 
Agent ID: 6f67d111-a39e-4f68-93b9-264d2d376db3
Agent 7532430b-93ae-40f8-bf57-15dcab01dd1a: 
Agent ID: 7532430b-93ae-40f8-bf57-15dcab01dd1a
Agent 8b6d6a7c-3958-4db3-998d-0e3d794d2dfe: 
Agent ID: 8b6d6a7c-3958-4db3-998d-0e3d794d2dfe
Agent 8e53d816-d5ea-4eb4-8e21-46d000db1f3e: 
Agent ID: 8e53d816-d5ea-4eb4-8e21-46d000db1f3e
Agent 8f0422df-17b9-4219-8419-26b15df9583f: 
Agent ID: 8f0422df-17b9-4219-8419-26b15df9583f
Agent a5fa80fc-691b-48f6-aa7f-b91616789ff3: 
Agent ID: a5fa80fc-691b-48f6-aa7f-b91616789ff3

Iteration 0, Turn 1:
Agent 01e292d8-fe3c-4bdb-a210-44b135a3f120: 
Agent ID: 01e292d8-fe3c-4bdb-a210-44b135a3f120
Agent 028c6599-95ec-4f60-b3eb-1b97484dc195: 
Agent ID: 028c6599-95ec-4f60-b3eb-1b97484dc195
Agent 0d8c219c-ec20-4896-9081-f4addac4097a: 
Agent ID: 0d8c219c-ec20-4896-9081-f4addac4097a
Agent 183747c5-097f-4a00-a42d-81ca2404c45d: 
Agent ID: 183747c5-097f-4a00-a42d-81ca2404c45d
Agent 45ff9537-74f1-4c4c-ab7d-2f1d78882430: 
Agent ID: 45ff9537-74f1-4c4c-ab7d-2f1d78882430
Agent 53e63cd4-16a5-4b76-a649-bc96732c7e55: 
Agent ID: 53e63cd4-16a5-4b76-a649-bc96732c7e55
Agent 56ea9fe5-9408-4a5b-9e8c-89b2f8550cab: 
Agent ID: 56ea9fe5-9408-4a5b-9e8c-89b2f8550cab
Agent 6f67d111-a39e-4f68-93b9-264d2d376db3: 
Agent ID: 6f67d111-a39e-4f68-93b9-264d2d376db3
Agent 8b6d6a7c-3958-4db3-998d-0e3d794d2dfe: 
Agent ID: 8b6d6a7c-3958-4db3-998d-0e3d794d2dfe
Agent 8e53d816-d5ea-4eb4-8e21-46d000db1f3e: 
Agent ID: 8e53d816-d5ea-4eb4-8e21-46d000db1f3e
Agent 8f0422df-17b9-4219-8419-26b15df9583f: 
Agent ID: 8f0422df-17b9-4219-8419-26b15df9583f
Agent a5fa80fc-691b-48f6-aa7f-b91616789ff3: 
Agent ID: a5fa80fc-691b-48f6-aa7f-b91616789ff3

Iteration 0, Turn 2:
Agent 01e292d8-fe3c-4bdb-a210-44b135a3f120: 
Agent ID: 01e292d8-fe3c-4bdb-a210-44b135a3f120
Agent 028c6599-95ec-4f60-b3eb-1b97484dc195: 
Agent ID: 028c6599-95ec-4f60-b3eb-1b97484dc195
Agent 0d8c219c-ec20-4896-9081-f4addac4097a: 
Agent ID: 0d8c219c-ec20-4896-9081-f4addac4097a
Agent 183747c5-097f-4a00-a42d-81ca2404c45d: 
Agent ID: 183747c5-097f-4a00-a42d-81ca2404c45d
Agent 45ff9537-74f1-4c4c-ab7d-2f1d78882430: 
Agent ID: 45ff9537-74f1-4c4c-ab7d-2f1d78882430
Agent 53e63cd4-16a5-4b76-a649-bc96732c7e55: 
Agent ID: 53e63cd4-16a5-4b76-a649-bc96732c7e55
Agent 8b6d6a7c-3958-4db3-998d-0e3d794d2dfe: 
Agent ID: 8b6d6a7c-3958-4db3-998d-0e3d794d2dfe
Agent 8f0422df-17b9-4219-8419-26b15df9583f: 
Agent ID: 8f0422df-17b9-4219-8419-26b15df9583f

Iteration 0, Turn 3:
Agent 01e292d8-fe3c-4bdb-a210-44b135a3f120: 
Agent ID: 01e292d8-fe3c-4bdb-a210-44b135a3f120
Agent 0d8c219c-ec20-4896-9081-f4addac4097a: 
Agent ID: 0d8c219c-ec20-4896-9081-f4addac4097a
Agent 183747c5-097f-4a00-a42d-81ca2404c45d: 
Agent ID: 183747c5-097f-4a00-a42d-81ca2404c45d
Agent 45ff9537-74f1-4c4c-ab7d-2f1d78882430: 
Agent ID: 45ff9537-74f1-4c4c-ab7d-2f1d78882430
Agent 8b6d6a7c-3958-4db3-998d-0e3d794d2dfe: 
Agent ID: 8b6d6a7c-3958-4db3-998d-0e3d794d2dfe
Agent 8f0422df-17b9-4219-8419-26b15df9583f: 
Agent ID: 8f0422df-17b9-4219-8419-26b15df9583f

Iteration 0, Turn 4:
Agent 01e292d8-fe3c-4bdb-a210-44b135a3f120: 
Agent ID: 01e292d8-fe3c-4bdb-a210-44b135a3f120
Agent 0d8c219c-ec20-4896-9081-f4addac4097a: 
Agent ID: 0d8c219c-ec20-4896-9081-f4addac4097a
Agent 183747c5-097f-4a00-a42d-81ca2404c45d: 
Agent ID: 183747c5-097f-4a00-a42d-81ca2404c45d
Agent 45ff9537-74f1-4c4c-ab7d-2f1d78882430: 
Agent ID: 45ff9537-74f1-4c4c-ab7d-2f1d78882430
Agent 8b6d6a7c-3958-4db3-998d-0e3d794d2dfe: 
Agent ID: 8b6d6a7c-3958-4db3-998d-0e3d794d2dfe
Agent 8f0422df-17b9-4219-8419-26b15df9583f: 
Agent ID: 8f0422df-17b9-4219-8419-26b15df9583f

Iteration 1, Turn 0:

Iteration 1, Turn 0:
Agent 0d8c219c-ec20-4896-9081-f4addac4097a: 
Agent ID: 0d8c219c-ec20-4896-9081-f4addac4097a
Agent 183747c5-097f-4a00-a42d-81ca2404c45d: 
Agent ID: 183747c5-097f-4a00-a42d-81ca2404c45d
Agent 45ff9537-74f1-4c4c-ab7d-2f1d78882430: 
Agent ID: 45ff9537-74f1-4c4c-ab7d-2f1d78882430
Agent 8b6d6a7c-3958-4db3-998d-0e3d794d2dfe: 
Agent ID: 8b6d6a7c-3958-4db3-998d-0e3d794d2dfe
Agent 8f0422df-17b9-4219-8419-26b15df9583f: 
Agent ID: 8f0422df-17b9-4219-8419-26b15df9583f

Iteration 1, Turn 1:
Agent 0d8c219c-ec20-4896-9081-f4addac4097a: 
Agent ID: 0d8c219c-ec20-4896-9081-f4addac4097a
Agent 183747c5-097f-4a00-a42d-81ca2404c45d: 
Agent ID: 183747c5-097f-4a00-a42d-81ca2404c45d
Agent 45ff9537-74f1-4c4c-ab7d-2f1d78882430: 
Agent ID: 45ff9537-74f1-4c4c-ab7d-2f1d78882430
Agent 8b6d6a7c-3958-4db3-998d-0e3d794d2dfe: 
Agent ID: 8b6d6a7c-3958-4db3-998d-0e3d794d2dfe
Agent 8f0422df-17b9-4219-8419-26b15df9583f: 
Agent ID: 8f0422df-17b9-4219-8419-26b15df9583f

Iteration 1, Turn 2:
Agent 183747c5-097f-4a00-a42d-81ca2404c45d: 
Agent ID: 183747c5-097f-4a00-a42d-81ca2404c45d
Agent 45ff9537-74f1-4c4c-ab7d-2f1d78882430: 
Agent ID: 45ff9537-74f1-4c4c-ab7d-2f1d78882430
Agent 8b6d6a7c-3958-4db3-998d-0e3d794d2dfe: 
Agent ID: 8b6d6a7c-3958-4db3-998d-0e3d794d2dfe
Agent 8f0422df-17b9-4219-8419-26b15df9583f: 
Agent ID: 8f0422df-17b9-4219-8419-26b15df9583f

Iteration 1, Turn 3:
Agent 183747c5-097f-4a00-a42d-81ca2404c45d: 
Agent ID: 183747c5-097f-4a00-a42d-81ca2404c45d
Agent 45ff9537-74f1-4c4c-ab7d-2f1d78882430: 
Agent ID: 45ff9537-74f1-4c4c-ab7d-2f1d78882430
Agent 8b6d6a7c-3958-4db3-998d-0e3d794d2dfe: 
Agent ID: 8b6d6a7c-3958-4db3-998d-0e3d794d2dfe
Agent 8f0422df-17b9-4219-8419-26b15df9583f: 
Agent ID: 8f0422df-17b9-4219-8419-26b15df9583f

Iteration 1, Turn 4:
Agent 183747c5-097f-4a00-a42d-81ca2404c45d: 
Agent ID: 183747c5-097f-4a00-a42d-81ca2404c45d
Agent 45ff9537-74f1-4c4c-ab7d-2f1d78882430: 
Agent ID: 45ff9537-74f1-4c4c-ab7d-2f1d78882430
Agent 8b6d6a7c-3958-4db3-998d-0e3d794d2dfe: 
Agent ID: 8b6d6a7c-3958-4db3-998d-0e3d794d2dfe
Agent 8f0422df-17b9-4219-8419-26b15df9583f: 
Agent ID: 8f0422df-17b9-4219-8419-26b15df9583f

Iteration 2, Turn 0:

Iteration 2, Turn 0:
Agent 183747c5-097f-4a00-a42d-81ca2404c45d: 
Agent ID: 183747c5-097f-4a00-a42d-81ca2404c45d
Agent 45ff9537-74f1-4c4c-ab7d-2f1d78882430: 
Agent ID: 45ff9537-74f1-4c4c-ab7d-2f1d78882430
Agent 8b6d6a7c-3958-4db3-998d-0e3d794d2dfe: 
Agent ID: 8b6d6a7c-3958-4db3-998d-0e3d794d2dfe
Agent 8f0422df-17b9-4219-8419-26b15df9583f: 
Agent ID: 8f0422df-17b9-4219-8419-26b15df9583f

Iteration 2, Turn 1:
Agent 183747c5-097f-4a00-a42d-81ca2404c45d: 
Agent ID: 183747c5-097f-4a00-a42d-81ca2404c45d
Agent 45ff9537-74f1-4c4c-ab7d-2f1d78882430: 
Agent ID: 45ff9537-74f1-4c4c-ab7d-2f1d78882430
Agent 8b6d6a7c-3958-4db3-998d-0e3d794d2dfe: 
Agent ID: 8b6d6a7c-3958-4db3-998d-0e3d794d2dfe
Agent 8f0422df-17b9-4219-8419-26b15df9583f: 
Agent ID: 8f0422df-17b9-4219-8419-26b15df9583f

Iteration 2, Turn 2:
Agent 183747c5-097f-4a00-a42d-81ca2404c45d: 
Agent ID: 183747c5-097f-4a00-a42d-81ca2404c45d
Agent 45ff9537-74f1-4c4c-ab7d-2f1d78882430: 
Agent ID: 45ff9537-74f1-4c4c-ab7d-2f1d78882430
Agent 8b6d6a7c-3958-4db3-998d-0e3d794d2dfe: 
Agent ID: 8b6d6a7c-3958-4db3-998d-0e3d794d2dfe
Agent 8f0422df-17b9-4219-8419-26b15df9583f: 
Agent ID: 8f0422df-17b9-4219-8419-26b15df9583f

Iteration 2, Turn 3:
Agent 183747c5-097f-4a00-a42d-81ca2404c45d: 
Agent ID: 183747c5-097f-4a00-a42d-81ca2404c45d
Agent 45ff9537-74f1-4c4c-ab7d-2f1d78882430: 
Agent ID: 45ff9537-74f1-4c4c-ab7d-2f1d78882430
Agent 8b6d6a7c-3958-4db3-998d-0e3d794d2dfe: 
Agent ID: 8b6d6a7c-3958-4db3-998d-0e3d794d2dfe
Agent 8f0422df-17b9-4219-8419-26b15df9583f: 
Agent ID: 8f0422df-17b9-4219-8419-26b15df9583f

Iteration 2, Turn 4:
Agent 183747c5-097f-4a00-a42d-81ca2404c45d: 
Agent ID: 183747c5-097f-4a00-a42d-81ca2404c45d
Agent 45ff9537-74f1-4c4c-ab7d-2f1d78882430: 
Agent ID: 45ff9537-74f1-4c4c-ab7d-2f1d78882430
Agent 8b6d6a7c-3958-4db3-998d-0e3d794d2dfe: 
Agent ID: 8b6d6a7c-3958-4db3-998d-0e3d794d2dfe
Agent 8f0422df-17b9-4219-8419-26b15df9583f: 
Agent ID: 8f0422df-17b9-4219-8419-26b15df9583f
