main function started.
--------Start of iteration 0---------


Iteration 0, Turn 0, current agent count: 20


Iteration 0, Turn 1, current agent count: 20


Iteration 0, Turn 2, current agent count: 20


Iteration 0, Turn 3, current agent count: 20


Iteration 0, Turn 4, current agent count: 20
--------End of iteration 0---------
--------Start of iteration 1---------


Iteration 1, Turn 0, current agent count: 20


Iteration 1, Turn 1, current agent count: 20


Iteration 1, Turn 2, current agent count: 20


Iteration 1, Turn 3, current agent count: 20


Iteration 1, Turn 4, current agent count: 20
--------End of iteration 1---------
--------Start of iteration 2---------


Iteration 2, Turn 0, current agent count: 20


Iteration 2, Turn 1, current agent count: 20


Iteration 2, Turn 2, current agent count: 20


Iteration 2, Turn 3, current agent count: 20


Iteration 2, Turn 4, current agent count: 20
--------End of iteration 2---------


GamePlaybackSummary - playing 18 turn records

Iteration 0, Turn 0:

Iteration 0, Turn 0:
Agent 098987ed-fa79-4e6f-b5b9-849d0c0e0550: 
Agent ID: 098987ed-fa79-4e6f-b5b9-849d0c0e0550
Agent 44dd1095-f51e-4588-9e6e-d348c56046c4: 
Agent ID: 44dd1095-f51e-4588-9e6e-d348c56046c4
Agent 4e769f3d-b123-48b3-8de0-7ac29d21f1e8: 
Agent ID: 4e769f3d-b123-48b3-8de0-7ac29d21f1e8
Agent 509693a6-9992-4c15-8c09-da6d0f169aeb: 
Agent ID: 509693a6-9992-4c15-8c09-da6d0f169aeb
Agent 51154c86-9ea8-4811-bcde-c259764bb06f: 
Agent ID: 51154c86-9ea8-4811-bcde-c259764bb06f
Agent 5cd810aa-3bad-446a-b1a0-9b817317e99e: 
Agent ID: 5cd810aa-3bad-446a-b1a0-9b817317e99e
Agent 60984239-8b14-4f0d-a037-696cb37e117f: 
Agent ID: 60984239-8b14-4f0d-a037-696cb37e117f
Agent 72b0e5c5-4a2e-49d9-bf4e-2ab5f0669abf: 
Agent ID: 72b0e5c5-4a2e-49d9-bf4e-2ab5f0669abf
Agent 7eecaf7a-0dee-4a6c-86e4-e849a56e0a5f: 
Agent ID: 7eecaf7a-0dee-4a6c-86e4-e849a56e0a5f
Agent a0b2b158-c125-47cc-96f0-1e34294971e9: 
Agent ID: a0b2b158-c125-47cc-96f0-1e34294971e9
Agent adce1a92-aa9a-417e-a125-0a2e48e9a08b: 
Agent ID: adce1a92-aa9a-417e-a125-0a2e48e9a08b
Agent af04efab-992f-4560-86d1-1b9d9239c245: 
Agent ID: af04efab-992f-4560-86d1-1b9d9239c245
Agent b3942079-36bb-4ac5-ade2-5869503edd91: 
Agent ID: b3942079-36bb-4ac5-ade2-5869503edd91
Agent b53f3eea-109a-421c-bb8c-7ab9eecc3dc1: 
Agent ID: b53f3eea-109a-421c-bb8c-7ab9eecc3dc1
Agent d199f0f0-daba-4555-bb47-86b19d5e64f5: 
Agent ID: d199f0f0-daba-4555-bb47-86b19d5e64f5
Agent d72b77d5-05e8-4d5d-968d-90a9a202c720: 
Agent ID: d72b77d5-05e8-4d5d-968d-90a9a202c720
Agent da4cac14-26bb-4cd5-8a27-00885598d928: 
Agent ID: da4cac14-26bb-4cd5-8a27-00885598d928
Agent dd9d8a6c-f26d-44ff-86cf-4d3ee7359213: 
Agent ID: dd9d8a6c-f26d-44ff-86cf-4d3ee7359213
Agent f9c727ea-ad00-4746-9df7-0b7715696224: 
Agent ID: f9c727ea-ad00-4746-9df7-0b7715696224
Agent fbe63b30-a2c8-421a-aa4b-f3a9d71a1711: 
Agent ID: fbe63b30-a2c8-421a-aa4b-f3a9d71a1711

Iteration 0, Turn 1:
Agent 098987ed-fa79-4e6f-b5b9-849d0c0e0550: 
Agent ID: 098987ed-fa79-4e6f-b5b9-849d0c0e0550
Agent 44dd1095-f51e-4588-9e6e-d348c56046c4: 
Agent ID: 44dd1095-f51e-4588-9e6e-d348c56046c4
Agent 4e769f3d-b123-48b3-8de0-7ac29d21f1e8: 
Agent ID: 4e769f3d-b123-48b3-8de0-7ac29d21f1e8
Agent 509693a6-9992-4c15-8c09-da6d0f169aeb: 
Agent ID: 509693a6-9992-4c15-8c09-da6d0f169aeb
Agent 51154c86-9ea8-4811-bcde-c259764bb06f: 
Agent ID: 51154c86-9ea8-4811-bcde-c259764bb06f
Agent 5cd810aa-3bad-446a-b1a0-9b817317e99e: 
Agent ID: 5cd810aa-3bad-446a-b1a0-9b817317e99e
Agent 60984239-8b14-4f0d-a037-696cb37e117f: 
Agent ID: 60984239-8b14-4f0d-a037-696cb37e117f
Agent 72b0e5c5-4a2e-49d9-bf4e-2ab5f0669abf: 
Agent ID: 72b0e5c5-4a2e-49d9-bf4e-2ab5f0669abf
Agent 7eecaf7a-0dee-4a6c-86e4-e849a56e0a5f: 
Agent ID: 7eecaf7a-0dee-4a6c-86e4-e849a56e0a5f
Agent a0b2b158-c125-47cc-96f0-1e34294971e9: 
Agent ID: a0b2b158-c125-47cc-96f0-1e34294971e9
Agent adce1a92-aa9a-417e-a125-0a2e48e9a08b: 
Agent ID: adce1a92-aa9a-417e-a125-0a2e48e9a08b
Agent af04efab-992f-4560-86d1-1b9d9239c245: 
Agent ID: af04efab-992f-4560-86d1-1b9d9239c245
Agent b3942079-36bb-4ac5-ade2-5869503edd91: 
Agent ID: b3942079-36bb-4ac5-ade2-5869503edd91
Agent b53f3eea-109a-421c-bb8c-7ab9eecc3dc1: 
Agent ID: b53f3eea-109a-421c-bb8c-7ab9eecc3dc1
Agent d199f0f0-daba-4555-bb47-86b19d5e64f5: 
Agent ID: d199f0f0-daba-4555-bb47-86b19d5e64f5
Agent d72b77d5-05e8-4d5d-968d-90a9a202c720: 
Agent ID: d72b77d5-05e8-4d5d-968d-90a9a202c720
Agent da4cac14-26bb-4cd5-8a27-00885598d928: 
Agent ID: da4cac14-26bb-4cd5-8a27-00885598d928
Agent dd9d8a6c-f26d-44ff-86cf-4d3ee7359213: 
Agent ID: dd9d8a6c-f26d-44ff-86cf-4d3ee7359213
Agent f9c727ea-ad00-4746-9df7-0b7715696224: 
Agent ID: f9c727ea-ad00-4746-9df7-0b7715696224
Agent fbe63b30-a2c8-421a-aa4b-f3a9d71a1711: 
Agent ID: fbe63b30-a2c8-421a-aa4b-f3a9d71a1711

Iteration 0, Turn 2:
Agent 098987ed-fa79-4e6f-b5b9-849d0c0e0550: 
[DEAD] 
Agent ID: 098987ed-fa79-4e6f-b5b9-849d0c0e0550
Agent 44dd1095-f51e-4588-9e6e-d348c56046c4: 
Agent ID: 44dd1095-f51e-4588-9e6e-d348c56046c4
Agent 4e769f3d-b123-48b3-8de0-7ac29d21f1e8: 
Agent ID: 4e769f3d-b123-48b3-8de0-7ac29d21f1e8
Agent 509693a6-9992-4c15-8c09-da6d0f169aeb: 
[DEAD] 
Agent ID: 509693a6-9992-4c15-8c09-da6d0f169aeb
Agent 51154c86-9ea8-4811-bcde-c259764bb06f: 
Agent ID: 51154c86-9ea8-4811-bcde-c259764bb06f
Agent 5cd810aa-3bad-446a-b1a0-9b817317e99e: 
Agent ID: 5cd810aa-3bad-446a-b1a0-9b817317e99e
Agent 60984239-8b14-4f0d-a037-696cb37e117f: 
Agent ID: 60984239-8b14-4f0d-a037-696cb37e117f
Agent 72b0e5c5-4a2e-49d9-bf4e-2ab5f0669abf: 
Agent ID: 72b0e5c5-4a2e-49d9-bf4e-2ab5f0669abf
Agent 7eecaf7a-0dee-4a6c-86e4-e849a56e0a5f: 
Agent ID: 7eecaf7a-0dee-4a6c-86e4-e849a56e0a5f
Agent a0b2b158-c125-47cc-96f0-1e34294971e9: 
Agent ID: a0b2b158-c125-47cc-96f0-1e34294971e9
Agent adce1a92-aa9a-417e-a125-0a2e48e9a08b: 
Agent ID: adce1a92-aa9a-417e-a125-0a2e48e9a08b
Agent af04efab-992f-4560-86d1-1b9d9239c245: 
Agent ID: af04efab-992f-4560-86d1-1b9d9239c245
Agent b3942079-36bb-4ac5-ade2-5869503edd91: 
Agent ID: b3942079-36bb-4ac5-ade2-5869503edd91
Agent b53f3eea-109a-421c-bb8c-7ab9eecc3dc1: 
Agent ID: b53f3eea-109a-421c-bb8c-7ab9eecc3dc1
Agent d199f0f0-daba-4555-bb47-86b19d5e64f5: 
Agent ID: d199f0f0-daba-4555-bb47-86b19d5e64f5
Agent d72b77d5-05e8-4d5d-968d-90a9a202c720: 
Agent ID: d72b77d5-05e8-4d5d-968d-90a9a202c720
Agent da4cac14-26bb-4cd5-8a27-00885598d928: 
Agent ID: da4cac14-26bb-4cd5-8a27-00885598d928
Agent dd9d8a6c-f26d-44ff-86cf-4d3ee7359213: 
Agent ID: dd9d8a6c-f26d-44ff-86cf-4d3ee7359213
Agent f9c727ea-ad00-4746-9df7-0b7715696224: 
Agent ID: f9c727ea-ad00-4746-9df7-0b7715696224
Agent fbe63b30-a2c8-421a-aa4b-f3a9d71a1711: 
[DEAD] 
Agent ID: fbe63b30-a2c8-421a-aa4b-f3a9d71a1711

Iteration 0, Turn 3:
Agent 098987ed-fa79-4e6f-b5b9-849d0c0e0550: 
[DEAD] 
Agent ID: 098987ed-fa79-4e6f-b5b9-849d0c0e0550
Agent 44dd1095-f51e-4588-9e6e-d348c56046c4: 
Agent ID: 44dd1095-f51e-4588-9e6e-d348c56046c4
Agent 4e769f3d-b123-48b3-8de0-7ac29d21f1e8: 
Agent ID: 4e769f3d-b123-48b3-8de0-7ac29d21f1e8
Agent 509693a6-9992-4c15-8c09-da6d0f169aeb: 
[DEAD] 
Agent ID: 509693a6-9992-4c15-8c09-da6d0f169aeb
Agent 51154c86-9ea8-4811-bcde-c259764bb06f: 
Agent ID: 51154c86-9ea8-4811-bcde-c259764bb06f
Agent 5cd810aa-3bad-446a-b1a0-9b817317e99e: 
Agent ID: 5cd810aa-3bad-446a-b1a0-9b817317e99e
Agent 60984239-8b14-4f0d-a037-696cb37e117f: 
[DEAD] 
Agent ID: 60984239-8b14-4f0d-a037-696cb37e117f
Agent 72b0e5c5-4a2e-49d9-bf4e-2ab5f0669abf: 
Agent ID: 72b0e5c5-4a2e-49d9-bf4e-2ab5f0669abf
Agent 7eecaf7a-0dee-4a6c-86e4-e849a56e0a5f: 
Agent ID: 7eecaf7a-0dee-4a6c-86e4-e849a56e0a5f
Agent a0b2b158-c125-47cc-96f0-1e34294971e9: 
[DEAD] 
Agent ID: a0b2b158-c125-47cc-96f0-1e34294971e9
Agent adce1a92-aa9a-417e-a125-0a2e48e9a08b: 
Agent ID: adce1a92-aa9a-417e-a125-0a2e48e9a08b
Agent af04efab-992f-4560-86d1-1b9d9239c245: 
[DEAD] 
Agent ID: af04efab-992f-4560-86d1-1b9d9239c245
Agent b3942079-36bb-4ac5-ade2-5869503edd91: 
Agent ID: b3942079-36bb-4ac5-ade2-5869503edd91
Agent b53f3eea-109a-421c-bb8c-7ab9eecc3dc1: 
Agent ID: b53f3eea-109a-421c-bb8c-7ab9eecc3dc1
Agent d199f0f0-daba-4555-bb47-86b19d5e64f5: 
[DEAD] 
Agent ID: d199f0f0-daba-4555-bb47-86b19d5e64f5
Agent d72b77d5-05e8-4d5d-968d-90a9a202c720: 
Agent ID: d72b77d5-05e8-4d5d-968d-90a9a202c720
Agent da4cac14-26bb-4cd5-8a27-00885598d928: 
Agent ID: da4cac14-26bb-4cd5-8a27-00885598d928
Agent dd9d8a6c-f26d-44ff-86cf-4d3ee7359213: 
Agent ID: dd9d8a6c-f26d-44ff-86cf-4d3ee7359213
Agent f9c727ea-ad00-4746-9df7-0b7715696224: 
[DEAD] 
Agent ID: f9c727ea-ad00-4746-9df7-0b7715696224
Agent fbe63b30-a2c8-421a-aa4b-f3a9d71a1711: 
[DEAD] 
Agent ID: fbe63b30-a2c8-421a-aa4b-f3a9d71a1711

Iteration 0, Turn 4:
Agent 098987ed-fa79-4e6f-b5b9-849d0c0e0550: 
[DEAD] 
Agent ID: 098987ed-fa79-4e6f-b5b9-849d0c0e0550
Agent 44dd1095-f51e-4588-9e6e-d348c56046c4: 
Agent ID: 44dd1095-f51e-4588-9e6e-d348c56046c4
Agent 4e769f3d-b123-48b3-8de0-7ac29d21f1e8: 
Agent ID: 4e769f3d-b123-48b3-8de0-7ac29d21f1e8
Agent 509693a6-9992-4c15-8c09-da6d0f169aeb: 
[DEAD] 
Agent ID: 509693a6-9992-4c15-8c09-da6d0f169aeb
Agent 51154c86-9ea8-4811-bcde-c259764bb06f: 
Agent ID: 51154c86-9ea8-4811-bcde-c259764bb06f
Agent 5cd810aa-3bad-446a-b1a0-9b817317e99e: 
Agent ID: 5cd810aa-3bad-446a-b1a0-9b817317e99e
Agent 60984239-8b14-4f0d-a037-696cb37e117f: 
[DEAD] 
Agent ID: 60984239-8b14-4f0d-a037-696cb37e117f
Agent 72b0e5c5-4a2e-49d9-bf4e-2ab5f0669abf: 
Agent ID: 72b0e5c5-4a2e-49d9-bf4e-2ab5f0669abf
Agent 7eecaf7a-0dee-4a6c-86e4-e849a56e0a5f: 
Agent ID: 7eecaf7a-0dee-4a6c-86e4-e849a56e0a5f
Agent a0b2b158-c125-47cc-96f0-1e34294971e9: 
[DEAD] 
Agent ID: a0b2b158-c125-47cc-96f0-1e34294971e9
Agent adce1a92-aa9a-417e-a125-0a2e48e9a08b: 
Agent ID: adce1a92-aa9a-417e-a125-0a2e48e9a08b
Agent af04efab-992f-4560-86d1-1b9d9239c245: 
[DEAD] 
Agent ID: af04efab-992f-4560-86d1-1b9d9239c245
Agent b3942079-36bb-4ac5-ade2-5869503edd91: 
Agent ID: b3942079-36bb-4ac5-ade2-5869503edd91
Agent b53f3eea-109a-421c-bb8c-7ab9eecc3dc1: 
[DEAD] 
Agent ID: b53f3eea-109a-421c-bb8c-7ab9eecc3dc1
Agent d199f0f0-daba-4555-bb47-86b19d5e64f5: 
[DEAD] 
Agent ID: d199f0f0-daba-4555-bb47-86b19d5e64f5
Agent d72b77d5-05e8-4d5d-968d-90a9a202c720: 
Agent ID: d72b77d5-05e8-4d5d-968d-90a9a202c720
Agent da4cac14-26bb-4cd5-8a27-00885598d928: 
Agent ID: da4cac14-26bb-4cd5-8a27-00885598d928
Agent dd9d8a6c-f26d-44ff-86cf-4d3ee7359213: 
Agent ID: dd9d8a6c-f26d-44ff-86cf-4d3ee7359213
Agent f9c727ea-ad00-4746-9df7-0b7715696224: 
[DEAD] 
Agent ID: f9c727ea-ad00-4746-9df7-0b7715696224
Agent fbe63b30-a2c8-421a-aa4b-f3a9d71a1711: 
[DEAD] 
Agent ID: fbe63b30-a2c8-421a-aa4b-f3a9d71a1711

Iteration 1, Turn 0:

Iteration 1, Turn 0:
Agent 098987ed-fa79-4e6f-b5b9-849d0c0e0550: 
[DEAD] 
Agent ID: 098987ed-fa79-4e6f-b5b9-849d0c0e0550
Agent 44dd1095-f51e-4588-9e6e-d348c56046c4: 
Agent ID: 44dd1095-f51e-4588-9e6e-d348c56046c4
Agent 4e769f3d-b123-48b3-8de0-7ac29d21f1e8: 
Agent ID: 4e769f3d-b123-48b3-8de0-7ac29d21f1e8
Agent 509693a6-9992-4c15-8c09-da6d0f169aeb: 
[DEAD] 
Agent ID: 509693a6-9992-4c15-8c09-da6d0f169aeb
Agent 51154c86-9ea8-4811-bcde-c259764bb06f: 
[DEAD] 
Agent ID: 51154c86-9ea8-4811-bcde-c259764bb06f
Agent 5cd810aa-3bad-446a-b1a0-9b817317e99e: 
Agent ID: 5cd810aa-3bad-446a-b1a0-9b817317e99e
Agent 60984239-8b14-4f0d-a037-696cb37e117f: 
[DEAD] 
Agent ID: 60984239-8b14-4f0d-a037-696cb37e117f
Agent 72b0e5c5-4a2e-49d9-bf4e-2ab5f0669abf: 
Agent ID: 72b0e5c5-4a2e-49d9-bf4e-2ab5f0669abf
Agent 7eecaf7a-0dee-4a6c-86e4-e849a56e0a5f: 
[DEAD] 
Agent ID: 7eecaf7a-0dee-4a6c-86e4-e849a56e0a5f
Agent a0b2b158-c125-47cc-96f0-1e34294971e9: 
[DEAD] 
Agent ID: a0b2b158-c125-47cc-96f0-1e34294971e9
Agent adce1a92-aa9a-417e-a125-0a2e48e9a08b: 
Agent ID: adce1a92-aa9a-417e-a125-0a2e48e9a08b
Agent af04efab-992f-4560-86d1-1b9d9239c245: 
[DEAD] 
Agent ID: af04efab-992f-4560-86d1-1b9d9239c245
Agent b3942079-36bb-4ac5-ade2-5869503edd91: 
Agent ID: b3942079-36bb-4ac5-ade2-5869503edd91
Agent b53f3eea-109a-421c-bb8c-7ab9eecc3dc1: 
[DEAD] 
Agent ID: b53f3eea-109a-421c-bb8c-7ab9eecc3dc1
Agent d199f0f0-daba-4555-bb47-86b19d5e64f5: 
[DEAD] 
Agent ID: d199f0f0-daba-4555-bb47-86b19d5e64f5
Agent d72b77d5-05e8-4d5d-968d-90a9a202c720: 
Agent ID: d72b77d5-05e8-4d5d-968d-90a9a202c720
Agent da4cac14-26bb-4cd5-8a27-00885598d928: 
Agent ID: da4cac14-26bb-4cd5-8a27-00885598d928
Agent dd9d8a6c-f26d-44ff-86cf-4d3ee7359213: 
Agent ID: dd9d8a6c-f26d-44ff-86cf-4d3ee7359213
Agent f9c727ea-ad00-4746-9df7-0b7715696224: 
[DEAD] 
Agent ID: f9c727ea-ad00-4746-9df7-0b7715696224
Agent fbe63b30-a2c8-421a-aa4b-f3a9d71a1711: 
[DEAD] 
Agent ID: fbe63b30-a2c8-421a-aa4b-f3a9d71a1711

Iteration 1, Turn 1:
Agent 098987ed-fa79-4e6f-b5b9-849d0c0e0550: 
[DEAD] 
Agent ID: 098987ed-fa79-4e6f-b5b9-849d0c0e0550
Agent 44dd1095-f51e-4588-9e6e-d348c56046c4: 
Agent ID: 44dd1095-f51e-4588-9e6e-d348c56046c4
Agent 4e769f3d-b123-48b3-8de0-7ac29d21f1e8: 
Agent ID: 4e769f3d-b123-48b3-8de0-7ac29d21f1e8
Agent 509693a6-9992-4c15-8c09-da6d0f169aeb: 
[DEAD] 
Agent ID: 509693a6-9992-4c15-8c09-da6d0f169aeb
Agent 51154c86-9ea8-4811-bcde-c259764bb06f: 
[DEAD] 
Agent ID: 51154c86-9ea8-4811-bcde-c259764bb06f
Agent 5cd810aa-3bad-446a-b1a0-9b817317e99e: 
Agent ID: 5cd810aa-3bad-446a-b1a0-9b817317e99e
Agent 60984239-8b14-4f0d-a037-696cb37e117f: 
[DEAD] 
Agent ID: 60984239-8b14-4f0d-a037-696cb37e117f
Agent 72b0e5c5-4a2e-49d9-bf4e-2ab5f0669abf: 
[DEAD] 
Agent ID: 72b0e5c5-4a2e-49d9-bf4e-2ab5f0669abf
Agent 7eecaf7a-0dee-4a6c-86e4-e849a56e0a5f: 
[DEAD] 
Agent ID: 7eecaf7a-0dee-4a6c-86e4-e849a56e0a5f
Agent a0b2b158-c125-47cc-96f0-1e34294971e9: 
[DEAD] 
Agent ID: a0b2b158-c125-47cc-96f0-1e34294971e9
Agent adce1a92-aa9a-417e-a125-0a2e48e9a08b: 
[DEAD] 
Agent ID: adce1a92-aa9a-417e-a125-0a2e48e9a08b
Agent af04efab-992f-4560-86d1-1b9d9239c245: 
[DEAD] 
Agent ID: af04efab-992f-4560-86d1-1b9d9239c245
Agent b3942079-36bb-4ac5-ade2-5869503edd91: 
Agent ID: b3942079-36bb-4ac5-ade2-5869503edd91
Agent b53f3eea-109a-421c-bb8c-7ab9eecc3dc1: 
[DEAD] 
Agent ID: b53f3eea-109a-421c-bb8c-7ab9eecc3dc1
Agent d199f0f0-daba-4555-bb47-86b19d5e64f5: 
[DEAD] 
Agent ID: d199f0f0-daba-4555-bb47-86b19d5e64f5
Agent d72b77d5-05e8-4d5d-968d-90a9a202c720: 
Agent ID: d72b77d5-05e8-4d5d-968d-90a9a202c720
Agent da4cac14-26bb-4cd5-8a27-00885598d928: 
Agent ID: da4cac14-26bb-4cd5-8a27-00885598d928
Agent dd9d8a6c-f26d-44ff-86cf-4d3ee7359213: 
Agent ID: dd9d8a6c-f26d-44ff-86cf-4d3ee7359213
Agent f9c727ea-ad00-4746-9df7-0b7715696224: 
[DEAD] 
Agent ID: f9c727ea-ad00-4746-9df7-0b7715696224
Agent fbe63b30-a2c8-421a-aa4b-f3a9d71a1711: 
[DEAD] 
Agent ID: fbe63b30-a2c8-421a-aa4b-f3a9d71a1711

Iteration 1, Turn 2:
Agent 098987ed-fa79-4e6f-b5b9-849d0c0e0550: 
[DEAD] 
Agent ID: 098987ed-fa79-4e6f-b5b9-849d0c0e0550
Agent 44dd1095-f51e-4588-9e6e-d348c56046c4: 
[DEAD] 
Agent ID: 44dd1095-f51e-4588-9e6e-d348c56046c4
Agent 4e769f3d-b123-48b3-8de0-7ac29d21f1e8: 
Agent ID: 4e769f3d-b123-48b3-8de0-7ac29d21f1e8
Agent 509693a6-9992-4c15-8c09-da6d0f169aeb: 
[DEAD] 
Agent ID: 509693a6-9992-4c15-8c09-da6d0f169aeb
Agent 51154c86-9ea8-4811-bcde-c259764bb06f: 
[DEAD] 
Agent ID: 51154c86-9ea8-4811-bcde-c259764bb06f
Agent 5cd810aa-3bad-446a-b1a0-9b817317e99e: 
Agent ID: 5cd810aa-3bad-446a-b1a0-9b817317e99e
Agent 60984239-8b14-4f0d-a037-696cb37e117f: 
[DEAD] 
Agent ID: 60984239-8b14-4f0d-a037-696cb37e117f
Agent 72b0e5c5-4a2e-49d9-bf4e-2ab5f0669abf: 
[DEAD] 
Agent ID: 72b0e5c5-4a2e-49d9-bf4e-2ab5f0669abf
Agent 7eecaf7a-0dee-4a6c-86e4-e849a56e0a5f: 
[DEAD] 
Agent ID: 7eecaf7a-0dee-4a6c-86e4-e849a56e0a5f
Agent a0b2b158-c125-47cc-96f0-1e34294971e9: 
[DEAD] 
Agent ID: a0b2b158-c125-47cc-96f0-1e34294971e9
Agent adce1a92-aa9a-417e-a125-0a2e48e9a08b: 
[DEAD] 
Agent ID: adce1a92-aa9a-417e-a125-0a2e48e9a08b
Agent af04efab-992f-4560-86d1-1b9d9239c245: 
[DEAD] 
Agent ID: af04efab-992f-4560-86d1-1b9d9239c245
Agent b3942079-36bb-4ac5-ade2-5869503edd91: 
Agent ID: b3942079-36bb-4ac5-ade2-5869503edd91
Agent b53f3eea-109a-421c-bb8c-7ab9eecc3dc1: 
[DEAD] 
Agent ID: b53f3eea-109a-421c-bb8c-7ab9eecc3dc1
Agent d199f0f0-daba-4555-bb47-86b19d5e64f5: 
[DEAD] 
Agent ID: d199f0f0-daba-4555-bb47-86b19d5e64f5
Agent d72b77d5-05e8-4d5d-968d-90a9a202c720: 
Agent ID: d72b77d5-05e8-4d5d-968d-90a9a202c720
Agent da4cac14-26bb-4cd5-8a27-00885598d928: 
Agent ID: da4cac14-26bb-4cd5-8a27-00885598d928
Agent dd9d8a6c-f26d-44ff-86cf-4d3ee7359213: 
Agent ID: dd9d8a6c-f26d-44ff-86cf-4d3ee7359213
Agent f9c727ea-ad00-4746-9df7-0b7715696224: 
[DEAD] 
Agent ID: f9c727ea-ad00-4746-9df7-0b7715696224
Agent fbe63b30-a2c8-421a-aa4b-f3a9d71a1711: 
[DEAD] 
Agent ID: fbe63b30-a2c8-421a-aa4b-f3a9d71a1711

Iteration 1, Turn 3:
Agent 098987ed-fa79-4e6f-b5b9-849d0c0e0550: 
[DEAD] 
Agent ID: 098987ed-fa79-4e6f-b5b9-849d0c0e0550
Agent 44dd1095-f51e-4588-9e6e-d348c56046c4: 
[DEAD] 
Agent ID: 44dd1095-f51e-4588-9e6e-d348c56046c4
Agent 4e769f3d-b123-48b3-8de0-7ac29d21f1e8: 
Agent ID: 4e769f3d-b123-48b3-8de0-7ac29d21f1e8
Agent 509693a6-9992-4c15-8c09-da6d0f169aeb: 
[DEAD] 
Agent ID: 509693a6-9992-4c15-8c09-da6d0f169aeb
Agent 51154c86-9ea8-4811-bcde-c259764bb06f: 
[DEAD] 
Agent ID: 51154c86-9ea8-4811-bcde-c259764bb06f
Agent 5cd810aa-3bad-446a-b1a0-9b817317e99e: 
Agent ID: 5cd810aa-3bad-446a-b1a0-9b817317e99e
Agent 60984239-8b14-4f0d-a037-696cb37e117f: 
[DEAD] 
Agent ID: 60984239-8b14-4f0d-a037-696cb37e117f
Agent 72b0e5c5-4a2e-49d9-bf4e-2ab5f0669abf: 
[DEAD] 
Agent ID: 72b0e5c5-4a2e-49d9-bf4e-2ab5f0669abf
Agent 7eecaf7a-0dee-4a6c-86e4-e849a56e0a5f: 
[DEAD] 
Agent ID: 7eecaf7a-0dee-4a6c-86e4-e849a56e0a5f
Agent a0b2b158-c125-47cc-96f0-1e34294971e9: 
[DEAD] 
Agent ID: a0b2b158-c125-47cc-96f0-1e34294971e9
Agent adce1a92-aa9a-417e-a125-0a2e48e9a08b: 
[DEAD] 
Agent ID: adce1a92-aa9a-417e-a125-0a2e48e9a08b
Agent af04efab-992f-4560-86d1-1b9d9239c245: 
[DEAD] 
Agent ID: af04efab-992f-4560-86d1-1b9d9239c245
Agent b3942079-36bb-4ac5-ade2-5869503edd91: 
Agent ID: b3942079-36bb-4ac5-ade2-5869503edd91
Agent b53f3eea-109a-421c-bb8c-7ab9eecc3dc1: 
[DEAD] 
Agent ID: b53f3eea-109a-421c-bb8c-7ab9eecc3dc1
Agent d199f0f0-daba-4555-bb47-86b19d5e64f5: 
[DEAD] 
Agent ID: d199f0f0-daba-4555-bb47-86b19d5e64f5
Agent d72b77d5-05e8-4d5d-968d-90a9a202c720: 
Agent ID: d72b77d5-05e8-4d5d-968d-90a9a202c720
Agent da4cac14-26bb-4cd5-8a27-00885598d928: 
[DEAD] 
Agent ID: da4cac14-26bb-4cd5-8a27-00885598d928
Agent dd9d8a6c-f26d-44ff-86cf-4d3ee7359213: 
Agent ID: dd9d8a6c-f26d-44ff-86cf-4d3ee7359213
Agent f9c727ea-ad00-4746-9df7-0b7715696224: 
[DEAD] 
Agent ID: f9c727ea-ad00-4746-9df7-0b7715696224
Agent fbe63b30-a2c8-421a-aa4b-f3a9d71a1711: 
[DEAD] 
Agent ID: fbe63b30-a2c8-421a-aa4b-f3a9d71a1711

Iteration 1, Turn 4:
Agent 098987ed-fa79-4e6f-b5b9-849d0c0e0550: 
[DEAD] 
Agent ID: 098987ed-fa79-4e6f-b5b9-849d0c0e0550
Agent 44dd1095-f51e-4588-9e6e-d348c56046c4: 
[DEAD] 
Agent ID: 44dd1095-f51e-4588-9e6e-d348c56046c4
Agent 4e769f3d-b123-48b3-8de0-7ac29d21f1e8: 
Agent ID: 4e769f3d-b123-48b3-8de0-7ac29d21f1e8
Agent 509693a6-9992-4c15-8c09-da6d0f169aeb: 
[DEAD] 
Agent ID: 509693a6-9992-4c15-8c09-da6d0f169aeb
Agent 51154c86-9ea8-4811-bcde-c259764bb06f: 
[DEAD] 
Agent ID: 51154c86-9ea8-4811-bcde-c259764bb06f
Agent 5cd810aa-3bad-446a-b1a0-9b817317e99e: 
Agent ID: 5cd810aa-3bad-446a-b1a0-9b817317e99e
Agent 60984239-8b14-4f0d-a037-696cb37e117f: 
[DEAD] 
Agent ID: 60984239-8b14-4f0d-a037-696cb37e117f
Agent 72b0e5c5-4a2e-49d9-bf4e-2ab5f0669abf: 
[DEAD] 
Agent ID: 72b0e5c5-4a2e-49d9-bf4e-2ab5f0669abf
Agent 7eecaf7a-0dee-4a6c-86e4-e849a56e0a5f: 
[DEAD] 
Agent ID: 7eecaf7a-0dee-4a6c-86e4-e849a56e0a5f
Agent a0b2b158-c125-47cc-96f0-1e34294971e9: 
[DEAD] 
Agent ID: a0b2b158-c125-47cc-96f0-1e34294971e9
Agent adce1a92-aa9a-417e-a125-0a2e48e9a08b: 
[DEAD] 
Agent ID: adce1a92-aa9a-417e-a125-0a2e48e9a08b
Agent af04efab-992f-4560-86d1-1b9d9239c245: 
[DEAD] 
Agent ID: af04efab-992f-4560-86d1-1b9d9239c245
Agent b3942079-36bb-4ac5-ade2-5869503edd91: 
[DEAD] 
Agent ID: b3942079-36bb-4ac5-ade2-5869503edd91
Agent b53f3eea-109a-421c-bb8c-7ab9eecc3dc1: 
[DEAD] 
Agent ID: b53f3eea-109a-421c-bb8c-7ab9eecc3dc1
Agent d199f0f0-daba-4555-bb47-86b19d5e64f5: 
[DEAD] 
Agent ID: d199f0f0-daba-4555-bb47-86b19d5e64f5
Agent d72b77d5-05e8-4d5d-968d-90a9a202c720: 
Agent ID: d72b77d5-05e8-4d5d-968d-90a9a202c720
Agent da4cac14-26bb-4cd5-8a27-00885598d928: 
[DEAD] 
Agent ID: da4cac14-26bb-4cd5-8a27-00885598d928
Agent dd9d8a6c-f26d-44ff-86cf-4d3ee7359213: 
Agent ID: dd9d8a6c-f26d-44ff-86cf-4d3ee7359213
Agent f9c727ea-ad00-4746-9df7-0b7715696224: 
[DEAD] 
Agent ID: f9c727ea-ad00-4746-9df7-0b7715696224
Agent fbe63b30-a2c8-421a-aa4b-f3a9d71a1711: 
[DEAD] 
Agent ID: fbe63b30-a2c8-421a-aa4b-f3a9d71a1711

Iteration 2, Turn 0:

Iteration 2, Turn 0:
Agent 098987ed-fa79-4e6f-b5b9-849d0c0e0550: 
[DEAD] 
Agent ID: 098987ed-fa79-4e6f-b5b9-849d0c0e0550
Agent 44dd1095-f51e-4588-9e6e-d348c56046c4: 
[DEAD] 
Agent ID: 44dd1095-f51e-4588-9e6e-d348c56046c4
Agent 4e769f3d-b123-48b3-8de0-7ac29d21f1e8: 
[DEAD] 
Agent ID: 4e769f3d-b123-48b3-8de0-7ac29d21f1e8
Agent 509693a6-9992-4c15-8c09-da6d0f169aeb: 
[DEAD] 
Agent ID: 509693a6-9992-4c15-8c09-da6d0f169aeb
Agent 51154c86-9ea8-4811-bcde-c259764bb06f: 
[DEAD] 
Agent ID: 51154c86-9ea8-4811-bcde-c259764bb06f
Agent 5cd810aa-3bad-446a-b1a0-9b817317e99e: 
[DEAD] 
Agent ID: 5cd810aa-3bad-446a-b1a0-9b817317e99e
Agent 60984239-8b14-4f0d-a037-696cb37e117f: 
[DEAD] 
Agent ID: 60984239-8b14-4f0d-a037-696cb37e117f
Agent 72b0e5c5-4a2e-49d9-bf4e-2ab5f0669abf: 
[DEAD] 
Agent ID: 72b0e5c5-4a2e-49d9-bf4e-2ab5f0669abf
Agent 7eecaf7a-0dee-4a6c-86e4-e849a56e0a5f: 
[DEAD] 
Agent ID: 7eecaf7a-0dee-4a6c-86e4-e849a56e0a5f
Agent a0b2b158-c125-47cc-96f0-1e34294971e9: 
[DEAD] 
Agent ID: a0b2b158-c125-47cc-96f0-1e34294971e9
Agent adce1a92-aa9a-417e-a125-0a2e48e9a08b: 
[DEAD] 
Agent ID: adce1a92-aa9a-417e-a125-0a2e48e9a08b
Agent af04efab-992f-4560-86d1-1b9d9239c245: 
[DEAD] 
Agent ID: af04efab-992f-4560-86d1-1b9d9239c245
Agent b3942079-36bb-4ac5-ade2-5869503edd91: 
[DEAD] 
Agent ID: b3942079-36bb-4ac5-ade2-5869503edd91
Agent b53f3eea-109a-421c-bb8c-7ab9eecc3dc1: 
[DEAD] 
Agent ID: b53f3eea-109a-421c-bb8c-7ab9eecc3dc1
Agent d199f0f0-daba-4555-bb47-86b19d5e64f5: 
[DEAD] 
Agent ID: d199f0f0-daba-4555-bb47-86b19d5e64f5
Agent d72b77d5-05e8-4d5d-968d-90a9a202c720: 
Agent ID: d72b77d5-05e8-4d5d-968d-90a9a202c720
Agent da4cac14-26bb-4cd5-8a27-00885598d928: 
[DEAD] 
Agent ID: da4cac14-26bb-4cd5-8a27-00885598d928
Agent dd9d8a6c-f26d-44ff-86cf-4d3ee7359213: 
Agent ID: dd9d8a6c-f26d-44ff-86cf-4d3ee7359213
Agent f9c727ea-ad00-4746-9df7-0b7715696224: 
[DEAD] 
Agent ID: f9c727ea-ad00-4746-9df7-0b7715696224
Agent fbe63b30-a2c8-421a-aa4b-f3a9d71a1711: 
[DEAD] 
Agent ID: fbe63b30-a2c8-421a-aa4b-f3a9d71a1711

Iteration 2, Turn 1:
Agent 098987ed-fa79-4e6f-b5b9-849d0c0e0550: 
[DEAD] 
Agent ID: 098987ed-fa79-4e6f-b5b9-849d0c0e0550
Agent 44dd1095-f51e-4588-9e6e-d348c56046c4: 
[DEAD] 
Agent ID: 44dd1095-f51e-4588-9e6e-d348c56046c4
Agent 4e769f3d-b123-48b3-8de0-7ac29d21f1e8: 
[DEAD] 
Agent ID: 4e769f3d-b123-48b3-8de0-7ac29d21f1e8
Agent 509693a6-9992-4c15-8c09-da6d0f169aeb: 
[DEAD] 
Agent ID: 509693a6-9992-4c15-8c09-da6d0f169aeb
Agent 51154c86-9ea8-4811-bcde-c259764bb06f: 
[DEAD] 
Agent ID: 51154c86-9ea8-4811-bcde-c259764bb06f
Agent 5cd810aa-3bad-446a-b1a0-9b817317e99e: 
[DEAD] 
Agent ID: 5cd810aa-3bad-446a-b1a0-9b817317e99e
Agent 60984239-8b14-4f0d-a037-696cb37e117f: 
[DEAD] 
Agent ID: 60984239-8b14-4f0d-a037-696cb37e117f
Agent 72b0e5c5-4a2e-49d9-bf4e-2ab5f0669abf: 
[DEAD] 
Agent ID: 72b0e5c5-4a2e-49d9-bf4e-2ab5f0669abf
Agent 7eecaf7a-0dee-4a6c-86e4-e849a56e0a5f: 
[DEAD] 
Agent ID: 7eecaf7a-0dee-4a6c-86e4-e849a56e0a5f
Agent a0b2b158-c125-47cc-96f0-1e34294971e9: 
[DEAD] 
Agent ID: a0b2b158-c125-47cc-96f0-1e34294971e9
Agent adce1a92-aa9a-417e-a125-0a2e48e9a08b: 
[DEAD] 
Agent ID: adce1a92-aa9a-417e-a125-0a2e48e9a08b
Agent af04efab-992f-4560-86d1-1b9d9239c245: 
[DEAD] 
Agent ID: af04efab-992f-4560-86d1-1b9d9239c245
Agent b3942079-36bb-4ac5-ade2-5869503edd91: 
[DEAD] 
Agent ID: b3942079-36bb-4ac5-ade2-5869503edd91
Agent b53f3eea-109a-421c-bb8c-7ab9eecc3dc1: 
[DEAD] 
Agent ID: b53f3eea-109a-421c-bb8c-7ab9eecc3dc1
Agent d199f0f0-daba-4555-bb47-86b19d5e64f5: 
[DEAD] 
Agent ID: d199f0f0-daba-4555-bb47-86b19d5e64f5
Agent d72b77d5-05e8-4d5d-968d-90a9a202c720: 
[DEAD] 
Agent ID: d72b77d5-05e8-4d5d-968d-90a9a202c720
Agent da4cac14-26bb-4cd5-8a27-00885598d928: 
[DEAD] 
Agent ID: da4cac14-26bb-4cd5-8a27-00885598d928
Agent dd9d8a6c-f26d-44ff-86cf-4d3ee7359213: 
Agent ID: dd9d8a6c-f26d-44ff-86cf-4d3ee7359213
Agent f9c727ea-ad00-4746-9df7-0b7715696224: 
[DEAD] 
Agent ID: f9c727ea-ad00-4746-9df7-0b7715696224
Agent fbe63b30-a2c8-421a-aa4b-f3a9d71a1711: 
[DEAD] 
Agent ID: fbe63b30-a2c8-421a-aa4b-f3a9d71a1711

Iteration 2, Turn 2:
Agent 098987ed-fa79-4e6f-b5b9-849d0c0e0550: 
[DEAD] 
Agent ID: 098987ed-fa79-4e6f-b5b9-849d0c0e0550
Agent 44dd1095-f51e-4588-9e6e-d348c56046c4: 
[DEAD] 
Agent ID: 44dd1095-f51e-4588-9e6e-d348c56046c4
Agent 4e769f3d-b123-48b3-8de0-7ac29d21f1e8: 
[DEAD] 
Agent ID: 4e769f3d-b123-48b3-8de0-7ac29d21f1e8
Agent 509693a6-9992-4c15-8c09-da6d0f169aeb: 
[DEAD] 
Agent ID: 509693a6-9992-4c15-8c09-da6d0f169aeb
Agent 51154c86-9ea8-4811-bcde-c259764bb06f: 
[DEAD] 
Agent ID: 51154c86-9ea8-4811-bcde-c259764bb06f
Agent 5cd810aa-3bad-446a-b1a0-9b817317e99e: 
[DEAD] 
Agent ID: 5cd810aa-3bad-446a-b1a0-9b817317e99e
Agent 60984239-8b14-4f0d-a037-696cb37e117f: 
[DEAD] 
Agent ID: 60984239-8b14-4f0d-a037-696cb37e117f
Agent 72b0e5c5-4a2e-49d9-bf4e-2ab5f0669abf: 
[DEAD] 
Agent ID: 72b0e5c5-4a2e-49d9-bf4e-2ab5f0669abf
Agent 7eecaf7a-0dee-4a6c-86e4-e849a56e0a5f: 
[DEAD] 
Agent ID: 7eecaf7a-0dee-4a6c-86e4-e849a56e0a5f
Agent a0b2b158-c125-47cc-96f0-1e34294971e9: 
[DEAD] 
Agent ID: a0b2b158-c125-47cc-96f0-1e34294971e9
Agent adce1a92-aa9a-417e-a125-0a2e48e9a08b: 
[DEAD] 
Agent ID: adce1a92-aa9a-417e-a125-0a2e48e9a08b
Agent af04efab-992f-4560-86d1-1b9d9239c245: 
[DEAD] 
Agent ID: af04efab-992f-4560-86d1-1b9d9239c245
Agent b3942079-36bb-4ac5-ade2-5869503edd91: 
[DEAD] 
Agent ID: b3942079-36bb-4ac5-ade2-5869503edd91
Agent b53f3eea-109a-421c-bb8c-7ab9eecc3dc1: 
[DEAD] 
Agent ID: b53f3eea-109a-421c-bb8c-7ab9eecc3dc1
Agent d199f0f0-daba-4555-bb47-86b19d5e64f5: 
[DEAD] 
Agent ID: d199f0f0-daba-4555-bb47-86b19d5e64f5
Agent d72b77d5-05e8-4d5d-968d-90a9a202c720: 
[DEAD] 
Agent ID: d72b77d5-05e8-4d5d-968d-90a9a202c720
Agent da4cac14-26bb-4cd5-8a27-00885598d928: 
[DEAD] 
Agent ID: da4cac14-26bb-4cd5-8a27-00885598d928
Agent dd9d8a6c-f26d-44ff-86cf-4d3ee7359213: 
Agent ID: dd9d8a6c-f26d-44ff-86cf-4d3ee7359213
Agent f9c727ea-ad00-4746-9df7-0b7715696224: 
[DEAD] 
Agent ID: f9c727ea-ad00-4746-9df7-0b7715696224
Agent fbe63b30-a2c8-421a-aa4b-f3a9d71a1711: 
[DEAD] 
Agent ID: fbe63b30-a2c8-421a-aa4b-f3a9d71a1711

Iteration 2, Turn 3:
Agent 098987ed-fa79-4e6f-b5b9-849d0c0e0550: 
[DEAD] 
Agent ID: 098987ed-fa79-4e6f-b5b9-849d0c0e0550
Agent 44dd1095-f51e-4588-9e6e-d348c56046c4: 
[DEAD] 
Agent ID: 44dd1095-f51e-4588-9e6e-d348c56046c4
Agent 4e769f3d-b123-48b3-8de0-7ac29d21f1e8: 
[DEAD] 
Agent ID: 4e769f3d-b123-48b3-8de0-7ac29d21f1e8
Agent 509693a6-9992-4c15-8c09-da6d0f169aeb: 
[DEAD] 
Agent ID: 509693a6-9992-4c15-8c09-da6d0f169aeb
Agent 51154c86-9ea8-4811-bcde-c259764bb06f: 
[DEAD] 
Agent ID: 51154c86-9ea8-4811-bcde-c259764bb06f
Agent 5cd810aa-3bad-446a-b1a0-9b817317e99e: 
[DEAD] 
Agent ID: 5cd810aa-3bad-446a-b1a0-9b817317e99e
Agent 60984239-8b14-4f0d-a037-696cb37e117f: 
[DEAD] 
Agent ID: 60984239-8b14-4f0d-a037-696cb37e117f
Agent 72b0e5c5-4a2e-49d9-bf4e-2ab5f0669abf: 
[DEAD] 
Agent ID: 72b0e5c5-4a2e-49d9-bf4e-2ab5f0669abf
Agent 7eecaf7a-0dee-4a6c-86e4-e849a56e0a5f: 
[DEAD] 
Agent ID: 7eecaf7a-0dee-4a6c-86e4-e849a56e0a5f
Agent a0b2b158-c125-47cc-96f0-1e34294971e9: 
[DEAD] 
Agent ID: a0b2b158-c125-47cc-96f0-1e34294971e9
Agent adce1a92-aa9a-417e-a125-0a2e48e9a08b: 
[DEAD] 
Agent ID: adce1a92-aa9a-417e-a125-0a2e48e9a08b
Agent af04efab-992f-4560-86d1-1b9d9239c245: 
[DEAD] 
Agent ID: af04efab-992f-4560-86d1-1b9d9239c245
Agent b3942079-36bb-4ac5-ade2-5869503edd91: 
[DEAD] 
Agent ID: b3942079-36bb-4ac5-ade2-5869503edd91
Agent b53f3eea-109a-421c-bb8c-7ab9eecc3dc1: 
[DEAD] 
Agent ID: b53f3eea-109a-421c-bb8c-7ab9eecc3dc1
Agent d199f0f0-daba-4555-bb47-86b19d5e64f5: 
[DEAD] 
Agent ID: d199f0f0-daba-4555-bb47-86b19d5e64f5
Agent d72b77d5-05e8-4d5d-968d-90a9a202c720: 
[DEAD] 
Agent ID: d72b77d5-05e8-4d5d-968d-90a9a202c720
Agent da4cac14-26bb-4cd5-8a27-00885598d928: 
[DEAD] 
Agent ID: da4cac14-26bb-4cd5-8a27-00885598d928
Agent dd9d8a6c-f26d-44ff-86cf-4d3ee7359213: 
Agent ID: dd9d8a6c-f26d-44ff-86cf-4d3ee7359213
Agent f9c727ea-ad00-4746-9df7-0b7715696224: 
[DEAD] 
Agent ID: f9c727ea-ad00-4746-9df7-0b7715696224
Agent fbe63b30-a2c8-421a-aa4b-f3a9d71a1711: 
[DEAD] 
Agent ID: fbe63b30-a2c8-421a-aa4b-f3a9d71a1711

Iteration 2, Turn 4:
Agent 098987ed-fa79-4e6f-b5b9-849d0c0e0550: 
[DEAD] 
Agent ID: 098987ed-fa79-4e6f-b5b9-849d0c0e0550
Agent 44dd1095-f51e-4588-9e6e-d348c56046c4: 
[DEAD] 
Agent ID: 44dd1095-f51e-4588-9e6e-d348c56046c4
Agent 4e769f3d-b123-48b3-8de0-7ac29d21f1e8: 
[DEAD] 
Agent ID: 4e769f3d-b123-48b3-8de0-7ac29d21f1e8
Agent 509693a6-9992-4c15-8c09-da6d0f169aeb: 
[DEAD] 
Agent ID: 509693a6-9992-4c15-8c09-da6d0f169aeb
Agent 51154c86-9ea8-4811-bcde-c259764bb06f: 
[DEAD] 
Agent ID: 51154c86-9ea8-4811-bcde-c259764bb06f
Agent 5cd810aa-3bad-446a-b1a0-9b817317e99e: 
[DEAD] 
Agent ID: 5cd810aa-3bad-446a-b1a0-9b817317e99e
Agent 60984239-8b14-4f0d-a037-696cb37e117f: 
[DEAD] 
Agent ID: 60984239-8b14-4f0d-a037-696cb37e117f
Agent 72b0e5c5-4a2e-49d9-bf4e-2ab5f0669abf: 
[DEAD] 
Agent ID: 72b0e5c5-4a2e-49d9-bf4e-2ab5f0669abf
Agent 7eecaf7a-0dee-4a6c-86e4-e849a56e0a5f: 
[DEAD] 
Agent ID: 7eecaf7a-0dee-4a6c-86e4-e849a56e0a5f
Agent a0b2b158-c125-47cc-96f0-1e34294971e9: 
[DEAD] 
Agent ID: a0b2b158-c125-47cc-96f0-1e34294971e9
Agent adce1a92-aa9a-417e-a125-0a2e48e9a08b: 
[DEAD] 
Agent ID: adce1a92-aa9a-417e-a125-0a2e48e9a08b
Agent af04efab-992f-4560-86d1-1b9d9239c245: 
[DEAD] 
Agent ID: af04efab-992f-4560-86d1-1b9d9239c245
Agent b3942079-36bb-4ac5-ade2-5869503edd91: 
[DEAD] 
Agent ID: b3942079-36bb-4ac5-ade2-5869503edd91
Agent b53f3eea-109a-421c-bb8c-7ab9eecc3dc1: 
[DEAD] 
Agent ID: b53f3eea-109a-421c-bb8c-7ab9eecc3dc1
Agent d199f0f0-daba-4555-bb47-86b19d5e64f5: 
[DEAD] 
Agent ID: d199f0f0-daba-4555-bb47-86b19d5e64f5
Agent d72b77d5-05e8-4d5d-968d-90a9a202c720: 
[DEAD] 
Agent ID: d72b77d5-05e8-4d5d-968d-90a9a202c720
Agent da4cac14-26bb-4cd5-8a27-00885598d928: 
[DEAD] 
Agent ID: da4cac14-26bb-4cd5-8a27-00885598d928
Agent dd9d8a6c-f26d-44ff-86cf-4d3ee7359213: 
Agent ID: dd9d8a6c-f26d-44ff-86cf-4d3ee7359213
Agent f9c727ea-ad00-4746-9df7-0b7715696224: 
[DEAD] 
Agent ID: f9c727ea-ad00-4746-9df7-0b7715696224
Agent fbe63b30-a2c8-421a-aa4b-f3a9d71a1711: 
[DEAD] 
Agent ID: fbe63b30-a2c8-421a-aa4b-f3a9d71a1711
