main function started.
--------Start of iteration 0---------


Iteration 0, Turn 0, current agent count: 16


Iteration 0, Turn 1, current agent count: 16


Iteration 0, Turn 2, current agent count: 14


Iteration 0, Turn 3, current agent count: 14


Iteration 0, Turn 4, current agent count: 12
--------End of iteration 0---------
--------Start of iteration 1---------


Iteration 1, Turn 0, current agent count: 11


Iteration 1, Turn 1, current agent count: 11


Iteration 1, Turn 2, current agent count: 9


Iteration 1, Turn 3, current agent count: 7


Iteration 1, Turn 4, current agent count: 6
--------End of iteration 1---------
--------Start of iteration 2---------


Iteration 2, Turn 0, current agent count: 5


Iteration 2, Turn 1, current agent count: 5


Iteration 2, Turn 2, current agent count: 4


Iteration 2, Turn 3, current agent count: 2


Iteration 2, Turn 4, current agent count: 2
--------End of iteration 2---------


GamePlaybackSummary - playing 18 turn records

Iteration 0, Turn 0:

Iteration 0, Turn 0:
Agent 13bc088d-893e-4aa8-bc5a-9cf7290768ae: 
Agent ID: 13bc088d-893e-4aa8-bc5a-9cf7290768ae
Agent 2c2f7cb8-8da5-4a25-972d-173ae469f9b9: 
Agent ID: 2c2f7cb8-8da5-4a25-972d-173ae469f9b9
Agent 2e17da8b-8ba4-495c-9e86-dc971e65d00d: 
Agent ID: 2e17da8b-8ba4-495c-9e86-dc971e65d00d
Agent 2e849e32-6f96-4040-be2a-acb380d82a97: 
Agent ID: 2e849e32-6f96-4040-be2a-acb380d82a97
Agent 44f745b6-9f1a-431e-ac1f-4d5ddc5df219: 
Agent ID: 44f745b6-9f1a-431e-ac1f-4d5ddc5df219
Agent 4786b9fb-2f27-4539-9ecd-372e12ca2482: 
Agent ID: 4786b9fb-2f27-4539-9ecd-372e12ca2482
Agent 4ccf6cdf-de71-4ad7-b627-5de2880edf6f: 
Agent ID: 4ccf6cdf-de71-4ad7-b627-5de2880edf6f
Agent 924e5ffe-2136-4255-87b1-ebce6fc70026: 
Agent ID: 924e5ffe-2136-4255-87b1-ebce6fc70026
Agent a935a1c1-55f5-46b6-8354-e22c0f0cffd7: 
Agent ID: a935a1c1-55f5-46b6-8354-e22c0f0cffd7
Agent a9655f82-9d25-4577-ac76-c36433af5172: 
Agent ID: a9655f82-9d25-4577-ac76-c36433af5172
Agent bd96a350-ac1e-4347-bf48-d41484534775: 
Agent ID: bd96a350-ac1e-4347-bf48-d41484534775
Agent be3d2688-d38e-4c98-a683-296844883958: 
Agent ID: be3d2688-d38e-4c98-a683-296844883958
Agent c585636d-f620-4dd4-b2f8-55615749f27c: 
Agent ID: c585636d-f620-4dd4-b2f8-55615749f27c
Agent cedb4e18-a471-4a74-b9a4-7e1c8af31eaa: 
Agent ID: cedb4e18-a471-4a74-b9a4-7e1c8af31eaa
Agent d2833239-d61e-4b31-a3f2-aa8991b0033d: 
Agent ID: d2833239-d61e-4b31-a3f2-aa8991b0033d
Agent e79bc8f1-79f2-489e-8a2e-e87bcabdcc21: 
Agent ID: e79bc8f1-79f2-489e-8a2e-e87bcabdcc21

Iteration 0, Turn 1:
Agent 2c2f7cb8-8da5-4a25-972d-173ae469f9b9: 
Agent ID: 2c2f7cb8-8da5-4a25-972d-173ae469f9b9
Agent 2e17da8b-8ba4-495c-9e86-dc971e65d00d: 
Agent ID: 2e17da8b-8ba4-495c-9e86-dc971e65d00d
Agent 2e849e32-6f96-4040-be2a-acb380d82a97: 
Agent ID: 2e849e32-6f96-4040-be2a-acb380d82a97
Agent 44f745b6-9f1a-431e-ac1f-4d5ddc5df219: 
Agent ID: 44f745b6-9f1a-431e-ac1f-4d5ddc5df219
Agent 4786b9fb-2f27-4539-9ecd-372e12ca2482: 
Agent ID: 4786b9fb-2f27-4539-9ecd-372e12ca2482
Agent 4ccf6cdf-de71-4ad7-b627-5de2880edf6f: 
Agent ID: 4ccf6cdf-de71-4ad7-b627-5de2880edf6f
Agent 924e5ffe-2136-4255-87b1-ebce6fc70026: 
Agent ID: 924e5ffe-2136-4255-87b1-ebce6fc70026
Agent a935a1c1-55f5-46b6-8354-e22c0f0cffd7: 
Agent ID: a935a1c1-55f5-46b6-8354-e22c0f0cffd7
Agent bd96a350-ac1e-4347-bf48-d41484534775: 
Agent ID: bd96a350-ac1e-4347-bf48-d41484534775
Agent be3d2688-d38e-4c98-a683-296844883958: 
Agent ID: be3d2688-d38e-4c98-a683-296844883958
Agent c585636d-f620-4dd4-b2f8-55615749f27c: 
Agent ID: c585636d-f620-4dd4-b2f8-55615749f27c
Agent cedb4e18-a471-4a74-b9a4-7e1c8af31eaa: 
Agent ID: cedb4e18-a471-4a74-b9a4-7e1c8af31eaa
Agent d2833239-d61e-4b31-a3f2-aa8991b0033d: 
Agent ID: d2833239-d61e-4b31-a3f2-aa8991b0033d
Agent e79bc8f1-79f2-489e-8a2e-e87bcabdcc21: 
Agent ID: e79bc8f1-79f2-489e-8a2e-e87bcabdcc21

Iteration 0, Turn 2:
Agent 2c2f7cb8-8da5-4a25-972d-173ae469f9b9: 
Agent ID: 2c2f7cb8-8da5-4a25-972d-173ae469f9b9
Agent 2e17da8b-8ba4-495c-9e86-dc971e65d00d: 
Agent ID: 2e17da8b-8ba4-495c-9e86-dc971e65d00d
Agent 2e849e32-6f96-4040-be2a-acb380d82a97: 
Agent ID: 2e849e32-6f96-4040-be2a-acb380d82a97
Agent 44f745b6-9f1a-431e-ac1f-4d5ddc5df219: 
Agent ID: 44f745b6-9f1a-431e-ac1f-4d5ddc5df219
Agent 4786b9fb-2f27-4539-9ecd-372e12ca2482: 
Agent ID: 4786b9fb-2f27-4539-9ecd-372e12ca2482
Agent 4ccf6cdf-de71-4ad7-b627-5de2880edf6f: 
Agent ID: 4ccf6cdf-de71-4ad7-b627-5de2880edf6f
Agent 924e5ffe-2136-4255-87b1-ebce6fc70026: 
Agent ID: 924e5ffe-2136-4255-87b1-ebce6fc70026
Agent a935a1c1-55f5-46b6-8354-e22c0f0cffd7: 
Agent ID: a935a1c1-55f5-46b6-8354-e22c0f0cffd7
Agent bd96a350-ac1e-4347-bf48-d41484534775: 
Agent ID: bd96a350-ac1e-4347-bf48-d41484534775
Agent be3d2688-d38e-4c98-a683-296844883958: 
Agent ID: be3d2688-d38e-4c98-a683-296844883958
Agent c585636d-f620-4dd4-b2f8-55615749f27c: 
Agent ID: c585636d-f620-4dd4-b2f8-55615749f27c
Agent cedb4e18-a471-4a74-b9a4-7e1c8af31eaa: 
Agent ID: cedb4e18-a471-4a74-b9a4-7e1c8af31eaa
Agent d2833239-d61e-4b31-a3f2-aa8991b0033d: 
Agent ID: d2833239-d61e-4b31-a3f2-aa8991b0033d
Agent e79bc8f1-79f2-489e-8a2e-e87bcabdcc21: 
Agent ID: e79bc8f1-79f2-489e-8a2e-e87bcabdcc21

Iteration 0, Turn 3:
Agent 2c2f7cb8-8da5-4a25-972d-173ae469f9b9: 
Agent ID: 2c2f7cb8-8da5-4a25-972d-173ae469f9b9
Agent 2e849e32-6f96-4040-be2a-acb380d82a97: 
Agent ID: 2e849e32-6f96-4040-be2a-acb380d82a97
Agent 44f745b6-9f1a-431e-ac1f-4d5ddc5df219: 
Agent ID: 44f745b6-9f1a-431e-ac1f-4d5ddc5df219
Agent 4786b9fb-2f27-4539-9ecd-372e12ca2482: 
Agent ID: 4786b9fb-2f27-4539-9ecd-372e12ca2482
Agent 4ccf6cdf-de71-4ad7-b627-5de2880edf6f: 
Agent ID: 4ccf6cdf-de71-4ad7-b627-5de2880edf6f
Agent 924e5ffe-2136-4255-87b1-ebce6fc70026: 
Agent ID: 924e5ffe-2136-4255-87b1-ebce6fc70026
Agent a935a1c1-55f5-46b6-8354-e22c0f0cffd7: 
Agent ID: a935a1c1-55f5-46b6-8354-e22c0f0cffd7
Agent bd96a350-ac1e-4347-bf48-d41484534775: 
Agent ID: bd96a350-ac1e-4347-bf48-d41484534775
Agent be3d2688-d38e-4c98-a683-296844883958: 
Agent ID: be3d2688-d38e-4c98-a683-296844883958
Agent c585636d-f620-4dd4-b2f8-55615749f27c: 
Agent ID: c585636d-f620-4dd4-b2f8-55615749f27c
Agent cedb4e18-a471-4a74-b9a4-7e1c8af31eaa: 
Agent ID: cedb4e18-a471-4a74-b9a4-7e1c8af31eaa
Agent d2833239-d61e-4b31-a3f2-aa8991b0033d: 
Agent ID: d2833239-d61e-4b31-a3f2-aa8991b0033d

Iteration 0, Turn 4:
Agent 2c2f7cb8-8da5-4a25-972d-173ae469f9b9: 
Agent ID: 2c2f7cb8-8da5-4a25-972d-173ae469f9b9
Agent 2e849e32-6f96-4040-be2a-acb380d82a97: 
Agent ID: 2e849e32-6f96-4040-be2a-acb380d82a97
Agent 44f745b6-9f1a-431e-ac1f-4d5ddc5df219: 
Agent ID: 44f745b6-9f1a-431e-ac1f-4d5ddc5df219
Agent 4786b9fb-2f27-4539-9ecd-372e12ca2482: 
Agent ID: 4786b9fb-2f27-4539-9ecd-372e12ca2482
Agent 4ccf6cdf-de71-4ad7-b627-5de2880edf6f: 
Agent ID: 4ccf6cdf-de71-4ad7-b627-5de2880edf6f
Agent 924e5ffe-2136-4255-87b1-ebce6fc70026: 
Agent ID: 924e5ffe-2136-4255-87b1-ebce6fc70026
Agent bd96a350-ac1e-4347-bf48-d41484534775: 
Agent ID: bd96a350-ac1e-4347-bf48-d41484534775
Agent be3d2688-d38e-4c98-a683-296844883958: 
Agent ID: be3d2688-d38e-4c98-a683-296844883958
Agent c585636d-f620-4dd4-b2f8-55615749f27c: 
Agent ID: c585636d-f620-4dd4-b2f8-55615749f27c
Agent cedb4e18-a471-4a74-b9a4-7e1c8af31eaa: 
Agent ID: cedb4e18-a471-4a74-b9a4-7e1c8af31eaa
Agent d2833239-d61e-4b31-a3f2-aa8991b0033d: 
Agent ID: d2833239-d61e-4b31-a3f2-aa8991b0033d

Iteration 1, Turn 0:

Iteration 1, Turn 0:
Agent 2c2f7cb8-8da5-4a25-972d-173ae469f9b9: 
Agent ID: 2c2f7cb8-8da5-4a25-972d-173ae469f9b9
Agent 2e849e32-6f96-4040-be2a-acb380d82a97: 
Agent ID: 2e849e32-6f96-4040-be2a-acb380d82a97
Agent 44f745b6-9f1a-431e-ac1f-4d5ddc5df219: 
Agent ID: 44f745b6-9f1a-431e-ac1f-4d5ddc5df219
Agent 4786b9fb-2f27-4539-9ecd-372e12ca2482: 
Agent ID: 4786b9fb-2f27-4539-9ecd-372e12ca2482
Agent 4ccf6cdf-de71-4ad7-b627-5de2880edf6f: 
Agent ID: 4ccf6cdf-de71-4ad7-b627-5de2880edf6f
Agent 924e5ffe-2136-4255-87b1-ebce6fc70026: 
Agent ID: 924e5ffe-2136-4255-87b1-ebce6fc70026
Agent bd96a350-ac1e-4347-bf48-d41484534775: 
Agent ID: bd96a350-ac1e-4347-bf48-d41484534775
Agent be3d2688-d38e-4c98-a683-296844883958: 
Agent ID: be3d2688-d38e-4c98-a683-296844883958
Agent c585636d-f620-4dd4-b2f8-55615749f27c: 
Agent ID: c585636d-f620-4dd4-b2f8-55615749f27c
Agent cedb4e18-a471-4a74-b9a4-7e1c8af31eaa: 
Agent ID: cedb4e18-a471-4a74-b9a4-7e1c8af31eaa
Agent d2833239-d61e-4b31-a3f2-aa8991b0033d: 
Agent ID: d2833239-d61e-4b31-a3f2-aa8991b0033d

Iteration 1, Turn 1:
Agent 2c2f7cb8-8da5-4a25-972d-173ae469f9b9: 
Agent ID: 2c2f7cb8-8da5-4a25-972d-173ae469f9b9
Agent 2e849e32-6f96-4040-be2a-acb380d82a97: 
Agent ID: 2e849e32-6f96-4040-be2a-acb380d82a97
Agent 44f745b6-9f1a-431e-ac1f-4d5ddc5df219: 
Agent ID: 44f745b6-9f1a-431e-ac1f-4d5ddc5df219
Agent 4ccf6cdf-de71-4ad7-b627-5de2880edf6f: 
Agent ID: 4ccf6cdf-de71-4ad7-b627-5de2880edf6f
Agent 924e5ffe-2136-4255-87b1-ebce6fc70026: 
Agent ID: 924e5ffe-2136-4255-87b1-ebce6fc70026
Agent bd96a350-ac1e-4347-bf48-d41484534775: 
Agent ID: bd96a350-ac1e-4347-bf48-d41484534775
Agent be3d2688-d38e-4c98-a683-296844883958: 
Agent ID: be3d2688-d38e-4c98-a683-296844883958
Agent cedb4e18-a471-4a74-b9a4-7e1c8af31eaa: 
Agent ID: cedb4e18-a471-4a74-b9a4-7e1c8af31eaa
Agent d2833239-d61e-4b31-a3f2-aa8991b0033d: 
Agent ID: d2833239-d61e-4b31-a3f2-aa8991b0033d

Iteration 1, Turn 2:
Agent 2c2f7cb8-8da5-4a25-972d-173ae469f9b9: 
Agent ID: 2c2f7cb8-8da5-4a25-972d-173ae469f9b9
Agent 2e849e32-6f96-4040-be2a-acb380d82a97: 
Agent ID: 2e849e32-6f96-4040-be2a-acb380d82a97
Agent 4ccf6cdf-de71-4ad7-b627-5de2880edf6f: 
Agent ID: 4ccf6cdf-de71-4ad7-b627-5de2880edf6f
Agent bd96a350-ac1e-4347-bf48-d41484534775: 
Agent ID: bd96a350-ac1e-4347-bf48-d41484534775
Agent be3d2688-d38e-4c98-a683-296844883958: 
Agent ID: be3d2688-d38e-4c98-a683-296844883958
Agent cedb4e18-a471-4a74-b9a4-7e1c8af31eaa: 
Agent ID: cedb4e18-a471-4a74-b9a4-7e1c8af31eaa
Agent d2833239-d61e-4b31-a3f2-aa8991b0033d: 
Agent ID: d2833239-d61e-4b31-a3f2-aa8991b0033d

Iteration 1, Turn 3:
Agent 2e849e32-6f96-4040-be2a-acb380d82a97: 
Agent ID: 2e849e32-6f96-4040-be2a-acb380d82a97
Agent 4ccf6cdf-de71-4ad7-b627-5de2880edf6f: 
Agent ID: 4ccf6cdf-de71-4ad7-b627-5de2880edf6f
Agent bd96a350-ac1e-4347-bf48-d41484534775: 
Agent ID: bd96a350-ac1e-4347-bf48-d41484534775
Agent be3d2688-d38e-4c98-a683-296844883958: 
Agent ID: be3d2688-d38e-4c98-a683-296844883958
Agent cedb4e18-a471-4a74-b9a4-7e1c8af31eaa: 
Agent ID: cedb4e18-a471-4a74-b9a4-7e1c8af31eaa
Agent d2833239-d61e-4b31-a3f2-aa8991b0033d: 
Agent ID: d2833239-d61e-4b31-a3f2-aa8991b0033d

Iteration 1, Turn 4:
Agent 2e849e32-6f96-4040-be2a-acb380d82a97: 
Agent ID: 2e849e32-6f96-4040-be2a-acb380d82a97
Agent 4ccf6cdf-de71-4ad7-b627-5de2880edf6f: 
Agent ID: 4ccf6cdf-de71-4ad7-b627-5de2880edf6f
Agent bd96a350-ac1e-4347-bf48-d41484534775: 
Agent ID: bd96a350-ac1e-4347-bf48-d41484534775
Agent be3d2688-d38e-4c98-a683-296844883958: 
Agent ID: be3d2688-d38e-4c98-a683-296844883958
Agent cedb4e18-a471-4a74-b9a4-7e1c8af31eaa: 
Agent ID: cedb4e18-a471-4a74-b9a4-7e1c8af31eaa

Iteration 2, Turn 0:

Iteration 2, Turn 0:
Agent 2e849e32-6f96-4040-be2a-acb380d82a97: 
Agent ID: 2e849e32-6f96-4040-be2a-acb380d82a97
Agent 4ccf6cdf-de71-4ad7-b627-5de2880edf6f: 
Agent ID: 4ccf6cdf-de71-4ad7-b627-5de2880edf6f
Agent bd96a350-ac1e-4347-bf48-d41484534775: 
Agent ID: bd96a350-ac1e-4347-bf48-d41484534775
Agent be3d2688-d38e-4c98-a683-296844883958: 
Agent ID: be3d2688-d38e-4c98-a683-296844883958
Agent cedb4e18-a471-4a74-b9a4-7e1c8af31eaa: 
Agent ID: cedb4e18-a471-4a74-b9a4-7e1c8af31eaa

Iteration 2, Turn 1:
Agent 2e849e32-6f96-4040-be2a-acb380d82a97: 
Agent ID: 2e849e32-6f96-4040-be2a-acb380d82a97
Agent bd96a350-ac1e-4347-bf48-d41484534775: 
Agent ID: bd96a350-ac1e-4347-bf48-d41484534775
Agent be3d2688-d38e-4c98-a683-296844883958: 
Agent ID: be3d2688-d38e-4c98-a683-296844883958
Agent cedb4e18-a471-4a74-b9a4-7e1c8af31eaa: 
Agent ID: cedb4e18-a471-4a74-b9a4-7e1c8af31eaa

Iteration 2, Turn 2:
Agent 2e849e32-6f96-4040-be2a-acb380d82a97: 
Agent ID: 2e849e32-6f96-4040-be2a-acb380d82a97
Agent bd96a350-ac1e-4347-bf48-d41484534775: 
Agent ID: bd96a350-ac1e-4347-bf48-d41484534775

Iteration 2, Turn 3:
Agent 2e849e32-6f96-4040-be2a-acb380d82a97: 
Agent ID: 2e849e32-6f96-4040-be2a-acb380d82a97
Agent bd96a350-ac1e-4347-bf48-d41484534775: 
Agent ID: bd96a350-ac1e-4347-bf48-d41484534775

Iteration 2, Turn 4:
Agent 2e849e32-6f96-4040-be2a-acb380d82a97: 
Agent ID: 2e849e32-6f96-4040-be2a-acb380d82a97
Agent bd96a350-ac1e-4347-bf48-d41484534775: 
Agent ID: bd96a350-ac1e-4347-bf48-d41484534775
