main function started.
--------Start of iteration 0---------


Iteration 0, Turn 0, current agent count: 5


Iteration 0, Turn 1, current agent count: 5


Iteration 0, Turn 2, current agent count: 5


Iteration 0, Turn 3, current agent count: 5


Iteration 0, Turn 4, current agent count: 5
--------End of iteration 0---------
--------Start of iteration 1---------


Iteration 1, Turn 0, current agent count: 5


Iteration 1, Turn 1, current agent count: 5


Iteration 1, Turn 2, current agent count: 5


Iteration 1, Turn 3, current agent count: 5


Iteration 1, Turn 4, current agent count: 5
--------End of iteration 1---------
--------Start of iteration 2---------


Iteration 2, Turn 0, current agent count: 5


Iteration 2, Turn 1, current agent count: 5


Iteration 2, Turn 2, current agent count: 5


Iteration 2, Turn 3, current agent count: 5


Iteration 2, Turn 4, current agent count: 5
--------End of iteration 2---------


GamePlaybackSummary - playing 18 turn records

Iteration 0, Turn 0:

Iteration 0, Turn 1:
Agent 14bbb30b-1b99-46aa-8c37-46f06aab7c6c: 
[DEAD] 
Agent ID: 14bbb30b-1b99-46aa-8c37-46f06aab7c6c
Agent 58ee68bd-914d-4f7d-af1a-be67f2abb4c7: 
Agent ID: 58ee68bd-914d-4f7d-af1a-be67f2abb4c7
Agent 93e24031-c5dd-429a-a258-7fa9f2abb99e: 
[DEAD] 
Agent ID: 93e24031-c5dd-429a-a258-7fa9f2abb99e
Agent c45f9b74-dfd1-481a-a4ae-c413b1ca9bfa: 
[DEAD] 
Agent ID: c45f9b74-dfd1-481a-a4ae-c413b1ca9bfa
Agent d203c417-e327-4f7c-90b7-0005606bd008: 
Agent ID: d203c417-e327-4f7c-90b7-0005606bd008

Iteration 0, Turn 2:
Agent 14bbb30b-1b99-46aa-8c37-46f06aab7c6c: 
[DEAD] 
Agent ID: 14bbb30b-1b99-46aa-8c37-46f06aab7c6c
Agent 58ee68bd-914d-4f7d-af1a-be67f2abb4c7: 
[DEAD] 
Agent ID: 58ee68bd-914d-4f7d-af1a-be67f2abb4c7
Agent 93e24031-c5dd-429a-a258-7fa9f2abb99e: 
[DEAD] 
Agent ID: 93e24031-c5dd-429a-a258-7fa9f2abb99e
Agent c45f9b74-dfd1-481a-a4ae-c413b1ca9bfa: 
[DEAD] 
Agent ID: c45f9b74-dfd1-481a-a4ae-c413b1ca9bfa
Agent d203c417-e327-4f7c-90b7-0005606bd008: 
Agent ID: d203c417-e327-4f7c-90b7-0005606bd008

Iteration 0, Turn 3:
Agent 14bbb30b-1b99-46aa-8c37-46f06aab7c6c: 
[DEAD] 
Agent ID: 14bbb30b-1b99-46aa-8c37-46f06aab7c6c
Agent 58ee68bd-914d-4f7d-af1a-be67f2abb4c7: 
[DEAD] 
Agent ID: 58ee68bd-914d-4f7d-af1a-be67f2abb4c7
Agent 93e24031-c5dd-429a-a258-7fa9f2abb99e: 
[DEAD] 
Agent ID: 93e24031-c5dd-429a-a258-7fa9f2abb99e
Agent c45f9b74-dfd1-481a-a4ae-c413b1ca9bfa: 
[DEAD] 
Agent ID: c45f9b74-dfd1-481a-a4ae-c413b1ca9bfa
Agent d203c417-e327-4f7c-90b7-0005606bd008: 
Agent ID: d203c417-e327-4f7c-90b7-0005606bd008

Iteration 0, Turn 4:
Agent 14bbb30b-1b99-46aa-8c37-46f06aab7c6c: 
[DEAD] 
Agent ID: 14bbb30b-1b99-46aa-8c37-46f06aab7c6c
Agent 58ee68bd-914d-4f7d-af1a-be67f2abb4c7: 
[DEAD] 
Agent ID: 58ee68bd-914d-4f7d-af1a-be67f2abb4c7
Agent 93e24031-c5dd-429a-a258-7fa9f2abb99e: 
[DEAD] 
Agent ID: 93e24031-c5dd-429a-a258-7fa9f2abb99e
Agent c45f9b74-dfd1-481a-a4ae-c413b1ca9bfa: 
[DEAD] 
Agent ID: c45f9b74-dfd1-481a-a4ae-c413b1ca9bfa
Agent d203c417-e327-4f7c-90b7-0005606bd008: 
[DEAD] 
Agent ID: d203c417-e327-4f7c-90b7-0005606bd008

Iteration 0, Turn 5:
Agent 14bbb30b-1b99-46aa-8c37-46f06aab7c6c: 
[DEAD] 
Agent ID: 14bbb30b-1b99-46aa-8c37-46f06aab7c6c
Agent 58ee68bd-914d-4f7d-af1a-be67f2abb4c7: 
[DEAD] 
Agent ID: 58ee68bd-914d-4f7d-af1a-be67f2abb4c7
Agent 93e24031-c5dd-429a-a258-7fa9f2abb99e: 
[DEAD] 
Agent ID: 93e24031-c5dd-429a-a258-7fa9f2abb99e
Agent c45f9b74-dfd1-481a-a4ae-c413b1ca9bfa: 
[DEAD] 
Agent ID: c45f9b74-dfd1-481a-a4ae-c413b1ca9bfa
Agent d203c417-e327-4f7c-90b7-0005606bd008: 
[DEAD] 
Agent ID: d203c417-e327-4f7c-90b7-0005606bd008

Iteration 1, Turn 0:

Iteration 1, Turn 1:
Agent 14bbb30b-1b99-46aa-8c37-46f06aab7c6c: 
[DEAD] 
Agent ID: 14bbb30b-1b99-46aa-8c37-46f06aab7c6c
Agent 58ee68bd-914d-4f7d-af1a-be67f2abb4c7: 
[DEAD] 
Agent ID: 58ee68bd-914d-4f7d-af1a-be67f2abb4c7
Agent 93e24031-c5dd-429a-a258-7fa9f2abb99e: 
[DEAD] 
Agent ID: 93e24031-c5dd-429a-a258-7fa9f2abb99e
Agent c45f9b74-dfd1-481a-a4ae-c413b1ca9bfa: 
[DEAD] 
Agent ID: c45f9b74-dfd1-481a-a4ae-c413b1ca9bfa
Agent d203c417-e327-4f7c-90b7-0005606bd008: 
[DEAD] 
Agent ID: d203c417-e327-4f7c-90b7-0005606bd008

Iteration 1, Turn 2:
Agent 14bbb30b-1b99-46aa-8c37-46f06aab7c6c: 
[DEAD] 
Agent ID: 14bbb30b-1b99-46aa-8c37-46f06aab7c6c
Agent 58ee68bd-914d-4f7d-af1a-be67f2abb4c7: 
[DEAD] 
Agent ID: 58ee68bd-914d-4f7d-af1a-be67f2abb4c7
Agent 93e24031-c5dd-429a-a258-7fa9f2abb99e: 
[DEAD] 
Agent ID: 93e24031-c5dd-429a-a258-7fa9f2abb99e
Agent c45f9b74-dfd1-481a-a4ae-c413b1ca9bfa: 
[DEAD] 
Agent ID: c45f9b74-dfd1-481a-a4ae-c413b1ca9bfa
Agent d203c417-e327-4f7c-90b7-0005606bd008: 
[DEAD] 
Agent ID: d203c417-e327-4f7c-90b7-0005606bd008

Iteration 1, Turn 3:
Agent 14bbb30b-1b99-46aa-8c37-46f06aab7c6c: 
[DEAD] 
Agent ID: 14bbb30b-1b99-46aa-8c37-46f06aab7c6c
Agent 58ee68bd-914d-4f7d-af1a-be67f2abb4c7: 
[DEAD] 
Agent ID: 58ee68bd-914d-4f7d-af1a-be67f2abb4c7
Agent 93e24031-c5dd-429a-a258-7fa9f2abb99e: 
[DEAD] 
Agent ID: 93e24031-c5dd-429a-a258-7fa9f2abb99e
Agent c45f9b74-dfd1-481a-a4ae-c413b1ca9bfa: 
[DEAD] 
Agent ID: c45f9b74-dfd1-481a-a4ae-c413b1ca9bfa
Agent d203c417-e327-4f7c-90b7-0005606bd008: 
[DEAD] 
Agent ID: d203c417-e327-4f7c-90b7-0005606bd008

Iteration 1, Turn 4:
Agent 14bbb30b-1b99-46aa-8c37-46f06aab7c6c: 
[DEAD] 
Agent ID: 14bbb30b-1b99-46aa-8c37-46f06aab7c6c
Agent 58ee68bd-914d-4f7d-af1a-be67f2abb4c7: 
[DEAD] 
Agent ID: 58ee68bd-914d-4f7d-af1a-be67f2abb4c7
Agent 93e24031-c5dd-429a-a258-7fa9f2abb99e: 
[DEAD] 
Agent ID: 93e24031-c5dd-429a-a258-7fa9f2abb99e
Agent c45f9b74-dfd1-481a-a4ae-c413b1ca9bfa: 
[DEAD] 
Agent ID: c45f9b74-dfd1-481a-a4ae-c413b1ca9bfa
Agent d203c417-e327-4f7c-90b7-0005606bd008: 
[DEAD] 
Agent ID: d203c417-e327-4f7c-90b7-0005606bd008

Iteration 1, Turn 5:
Agent 14bbb30b-1b99-46aa-8c37-46f06aab7c6c: 
[DEAD] 
Agent ID: 14bbb30b-1b99-46aa-8c37-46f06aab7c6c
Agent 58ee68bd-914d-4f7d-af1a-be67f2abb4c7: 
[DEAD] 
Agent ID: 58ee68bd-914d-4f7d-af1a-be67f2abb4c7
Agent 93e24031-c5dd-429a-a258-7fa9f2abb99e: 
[DEAD] 
Agent ID: 93e24031-c5dd-429a-a258-7fa9f2abb99e
Agent c45f9b74-dfd1-481a-a4ae-c413b1ca9bfa: 
[DEAD] 
Agent ID: c45f9b74-dfd1-481a-a4ae-c413b1ca9bfa
Agent d203c417-e327-4f7c-90b7-0005606bd008: 
[DEAD] 
Agent ID: d203c417-e327-4f7c-90b7-0005606bd008

Iteration 2, Turn 0:

Iteration 2, Turn 1:
Agent 14bbb30b-1b99-46aa-8c37-46f06aab7c6c: 
[DEAD] 
Agent ID: 14bbb30b-1b99-46aa-8c37-46f06aab7c6c
Agent 58ee68bd-914d-4f7d-af1a-be67f2abb4c7: 
[DEAD] 
Agent ID: 58ee68bd-914d-4f7d-af1a-be67f2abb4c7
Agent 93e24031-c5dd-429a-a258-7fa9f2abb99e: 
[DEAD] 
Agent ID: 93e24031-c5dd-429a-a258-7fa9f2abb99e
Agent c45f9b74-dfd1-481a-a4ae-c413b1ca9bfa: 
[DEAD] 
Agent ID: c45f9b74-dfd1-481a-a4ae-c413b1ca9bfa
Agent d203c417-e327-4f7c-90b7-0005606bd008: 
[DEAD] 
Agent ID: d203c417-e327-4f7c-90b7-0005606bd008

Iteration 2, Turn 2:
Agent 14bbb30b-1b99-46aa-8c37-46f06aab7c6c: 
[DEAD] 
Agent ID: 14bbb30b-1b99-46aa-8c37-46f06aab7c6c
Agent 58ee68bd-914d-4f7d-af1a-be67f2abb4c7: 
[DEAD] 
Agent ID: 58ee68bd-914d-4f7d-af1a-be67f2abb4c7
Agent 93e24031-c5dd-429a-a258-7fa9f2abb99e: 
[DEAD] 
Agent ID: 93e24031-c5dd-429a-a258-7fa9f2abb99e
Agent c45f9b74-dfd1-481a-a4ae-c413b1ca9bfa: 
[DEAD] 
Agent ID: c45f9b74-dfd1-481a-a4ae-c413b1ca9bfa
Agent d203c417-e327-4f7c-90b7-0005606bd008: 
[DEAD] 
Agent ID: d203c417-e327-4f7c-90b7-0005606bd008

Iteration 2, Turn 3:
Agent 14bbb30b-1b99-46aa-8c37-46f06aab7c6c: 
[DEAD] 
Agent ID: 14bbb30b-1b99-46aa-8c37-46f06aab7c6c
Agent 58ee68bd-914d-4f7d-af1a-be67f2abb4c7: 
[DEAD] 
Agent ID: 58ee68bd-914d-4f7d-af1a-be67f2abb4c7
Agent 93e24031-c5dd-429a-a258-7fa9f2abb99e: 
[DEAD] 
Agent ID: 93e24031-c5dd-429a-a258-7fa9f2abb99e
Agent c45f9b74-dfd1-481a-a4ae-c413b1ca9bfa: 
[DEAD] 
Agent ID: c45f9b74-dfd1-481a-a4ae-c413b1ca9bfa
Agent d203c417-e327-4f7c-90b7-0005606bd008: 
[DEAD] 
Agent ID: d203c417-e327-4f7c-90b7-0005606bd008

Iteration 2, Turn 4:
Agent 14bbb30b-1b99-46aa-8c37-46f06aab7c6c: 
[DEAD] 
Agent ID: 14bbb30b-1b99-46aa-8c37-46f06aab7c6c
Agent 58ee68bd-914d-4f7d-af1a-be67f2abb4c7: 
[DEAD] 
Agent ID: 58ee68bd-914d-4f7d-af1a-be67f2abb4c7
Agent 93e24031-c5dd-429a-a258-7fa9f2abb99e: 
[DEAD] 
Agent ID: 93e24031-c5dd-429a-a258-7fa9f2abb99e
Agent c45f9b74-dfd1-481a-a4ae-c413b1ca9bfa: 
[DEAD] 
Agent ID: c45f9b74-dfd1-481a-a4ae-c413b1ca9bfa
Agent d203c417-e327-4f7c-90b7-0005606bd008: 
[DEAD] 
Agent ID: d203c417-e327-4f7c-90b7-0005606bd008

Iteration 2, Turn 5:
Agent 14bbb30b-1b99-46aa-8c37-46f06aab7c6c: 
[DEAD] 
Agent ID: 14bbb30b-1b99-46aa-8c37-46f06aab7c6c
Agent 58ee68bd-914d-4f7d-af1a-be67f2abb4c7: 
[DEAD] 
Agent ID: 58ee68bd-914d-4f7d-af1a-be67f2abb4c7
Agent 93e24031-c5dd-429a-a258-7fa9f2abb99e: 
[DEAD] 
Agent ID: 93e24031-c5dd-429a-a258-7fa9f2abb99e
Agent c45f9b74-dfd1-481a-a4ae-c413b1ca9bfa: 
[DEAD] 
Agent ID: c45f9b74-dfd1-481a-a4ae-c413b1ca9bfa
Agent d203c417-e327-4f7c-90b7-0005606bd008: 
[DEAD] 
Agent ID: d203c417-e327-4f7c-90b7-0005606bd008
