main function started.
--------Start of iteration 0---------


Iteration 0, Turn 0, current agent count: 20


Iteration 0, Turn 1, current agent count: 20


Iteration 0, Turn 2, current agent count: 20


Iteration 0, Turn 3, current agent count: 20


Iteration 0, Turn 4, current agent count: 20
--------End of iteration 0---------
--------Start of iteration 1---------


Iteration 1, Turn 0, current agent count: 20


Iteration 1, Turn 1, current agent count: 20


Iteration 1, Turn 2, current agent count: 20


Iteration 1, Turn 3, current agent count: 20


Iteration 1, Turn 4, current agent count: 20
--------End of iteration 1---------
--------Start of iteration 2---------


Iteration 2, Turn 0, current agent count: 20


Iteration 2, Turn 1, current agent count: 20


Iteration 2, Turn 2, current agent count: 20


Iteration 2, Turn 3, current agent count: 20


Iteration 2, Turn 4, current agent count: 20
--------End of iteration 2---------


GamePlaybackSummary - playing 18 turn records

Iteration 0, Turn 0:

Iteration 0, Turn 0:
Agent 1de8a4cc-f405-4648-a5bf-c845d373584c: 
Agent ID: 1de8a4cc-f405-4648-a5bf-c845d373584c
Agent 20b605c9-9f0d-4041-ae43-c97da468ae61: 
Agent ID: 20b605c9-9f0d-4041-ae43-c97da468ae61
Agent 2a8b68ee-f195-410e-b493-3468f852429c: 
Agent ID: 2a8b68ee-f195-410e-b493-3468f852429c
Agent 428eba9f-156d-44f6-a351-2ce101341715: 
Agent ID: 428eba9f-156d-44f6-a351-2ce101341715
Agent 42e6e1b3-e02e-49c0-b536-86fddeaf5342: 
Agent ID: 42e6e1b3-e02e-49c0-b536-86fddeaf5342
Agent 530c1fd7-a1ab-4882-89a6-81576a191437: 
Agent ID: 530c1fd7-a1ab-4882-89a6-81576a191437
Agent 53db0899-d847-4af3-ab3d-0a9c8281d69e: 
Agent ID: 53db0899-d847-4af3-ab3d-0a9c8281d69e
Agent 57cf1f36-611d-4ee5-bf94-a207ce8565ff: 
Agent ID: 57cf1f36-611d-4ee5-bf94-a207ce8565ff
Agent 5e86b57f-b08c-42fd-bbae-cf5885300c9d: 
Agent ID: 5e86b57f-b08c-42fd-bbae-cf5885300c9d
Agent 61994bcb-4f05-4979-92ed-014ac01859ef: 
Agent ID: 61994bcb-4f05-4979-92ed-014ac01859ef
Agent 7877ac49-cfb3-4280-835b-d6be20dad9f4: 
Agent ID: 7877ac49-cfb3-4280-835b-d6be20dad9f4
Agent 837188ba-2c4e-4ed8-a04a-a9cf59e2cf89: 
Agent ID: 837188ba-2c4e-4ed8-a04a-a9cf59e2cf89
Agent 8d377466-1b7d-4dec-acd7-cfd3b51e7686: 
Agent ID: 8d377466-1b7d-4dec-acd7-cfd3b51e7686
Agent c08fd9f7-07a5-4990-9f6f-3e3bc95b0621: 
Agent ID: c08fd9f7-07a5-4990-9f6f-3e3bc95b0621
Agent c18f6787-d36d-494c-b1ed-837c53ad9af9: 
Agent ID: c18f6787-d36d-494c-b1ed-837c53ad9af9
Agent d2f0b583-f138-48e9-b462-33947c1e9832: 
Agent ID: d2f0b583-f138-48e9-b462-33947c1e9832
Agent d9994559-905c-4e42-adcc-624398acbc62: 
Agent ID: d9994559-905c-4e42-adcc-624398acbc62
Agent da3f4002-5ca3-466e-a166-dca3699c02b8: 
Agent ID: da3f4002-5ca3-466e-a166-dca3699c02b8
Agent f6dc0164-4be3-404a-b783-ff54faa6817b: 
Agent ID: f6dc0164-4be3-404a-b783-ff54faa6817b
Agent f7a20eeb-3be1-4529-a9f8-71e678b56af4: 
Agent ID: f7a20eeb-3be1-4529-a9f8-71e678b56af4

Iteration 0, Turn 1:
Agent 1de8a4cc-f405-4648-a5bf-c845d373584c: 
Agent ID: 1de8a4cc-f405-4648-a5bf-c845d373584c
Agent 20b605c9-9f0d-4041-ae43-c97da468ae61: 
Agent ID: 20b605c9-9f0d-4041-ae43-c97da468ae61
Agent 2a8b68ee-f195-410e-b493-3468f852429c: 
Agent ID: 2a8b68ee-f195-410e-b493-3468f852429c
Agent 428eba9f-156d-44f6-a351-2ce101341715: 
[DEAD] 
Agent ID: 428eba9f-156d-44f6-a351-2ce101341715
Agent 42e6e1b3-e02e-49c0-b536-86fddeaf5342: 
Agent ID: 42e6e1b3-e02e-49c0-b536-86fddeaf5342
Agent 530c1fd7-a1ab-4882-89a6-81576a191437: 
[DEAD] 
Agent ID: 530c1fd7-a1ab-4882-89a6-81576a191437
Agent 53db0899-d847-4af3-ab3d-0a9c8281d69e: 
Agent ID: 53db0899-d847-4af3-ab3d-0a9c8281d69e
Agent 57cf1f36-611d-4ee5-bf94-a207ce8565ff: 
Agent ID: 57cf1f36-611d-4ee5-bf94-a207ce8565ff
Agent 5e86b57f-b08c-42fd-bbae-cf5885300c9d: 
Agent ID: 5e86b57f-b08c-42fd-bbae-cf5885300c9d
Agent 61994bcb-4f05-4979-92ed-014ac01859ef: 
[DEAD] 
Agent ID: 61994bcb-4f05-4979-92ed-014ac01859ef
Agent 7877ac49-cfb3-4280-835b-d6be20dad9f4: 
Agent ID: 7877ac49-cfb3-4280-835b-d6be20dad9f4
Agent 837188ba-2c4e-4ed8-a04a-a9cf59e2cf89: 
[DEAD] 
Agent ID: 837188ba-2c4e-4ed8-a04a-a9cf59e2cf89
Agent 8d377466-1b7d-4dec-acd7-cfd3b51e7686: 
[DEAD] 
Agent ID: 8d377466-1b7d-4dec-acd7-cfd3b51e7686
Agent c08fd9f7-07a5-4990-9f6f-3e3bc95b0621: 
Agent ID: c08fd9f7-07a5-4990-9f6f-3e3bc95b0621
Agent c18f6787-d36d-494c-b1ed-837c53ad9af9: 
Agent ID: c18f6787-d36d-494c-b1ed-837c53ad9af9
Agent d2f0b583-f138-48e9-b462-33947c1e9832: 
Agent ID: d2f0b583-f138-48e9-b462-33947c1e9832
Agent d9994559-905c-4e42-adcc-624398acbc62: 
Agent ID: d9994559-905c-4e42-adcc-624398acbc62
Agent da3f4002-5ca3-466e-a166-dca3699c02b8: 
Agent ID: da3f4002-5ca3-466e-a166-dca3699c02b8
Agent f6dc0164-4be3-404a-b783-ff54faa6817b: 
Agent ID: f6dc0164-4be3-404a-b783-ff54faa6817b
Agent f7a20eeb-3be1-4529-a9f8-71e678b56af4: 
Agent ID: f7a20eeb-3be1-4529-a9f8-71e678b56af4

Iteration 0, Turn 2:
Agent 1de8a4cc-f405-4648-a5bf-c845d373584c: 
Agent ID: 1de8a4cc-f405-4648-a5bf-c845d373584c
Agent 20b605c9-9f0d-4041-ae43-c97da468ae61: 
Agent ID: 20b605c9-9f0d-4041-ae43-c97da468ae61
Agent 2a8b68ee-f195-410e-b493-3468f852429c: 
Agent ID: 2a8b68ee-f195-410e-b493-3468f852429c
Agent 428eba9f-156d-44f6-a351-2ce101341715: 
[DEAD] 
Agent ID: 428eba9f-156d-44f6-a351-2ce101341715
Agent 42e6e1b3-e02e-49c0-b536-86fddeaf5342: 
Agent ID: 42e6e1b3-e02e-49c0-b536-86fddeaf5342
Agent 530c1fd7-a1ab-4882-89a6-81576a191437: 
[DEAD] 
Agent ID: 530c1fd7-a1ab-4882-89a6-81576a191437
Agent 53db0899-d847-4af3-ab3d-0a9c8281d69e: 
[DEAD] 
Agent ID: 53db0899-d847-4af3-ab3d-0a9c8281d69e
Agent 57cf1f36-611d-4ee5-bf94-a207ce8565ff: 
Agent ID: 57cf1f36-611d-4ee5-bf94-a207ce8565ff
Agent 5e86b57f-b08c-42fd-bbae-cf5885300c9d: 
Agent ID: 5e86b57f-b08c-42fd-bbae-cf5885300c9d
Agent 61994bcb-4f05-4979-92ed-014ac01859ef: 
[DEAD] 
Agent ID: 61994bcb-4f05-4979-92ed-014ac01859ef
Agent 7877ac49-cfb3-4280-835b-d6be20dad9f4: 
[DEAD] 
Agent ID: 7877ac49-cfb3-4280-835b-d6be20dad9f4
Agent 837188ba-2c4e-4ed8-a04a-a9cf59e2cf89: 
[DEAD] 
Agent ID: 837188ba-2c4e-4ed8-a04a-a9cf59e2cf89
Agent 8d377466-1b7d-4dec-acd7-cfd3b51e7686: 
[DEAD] 
Agent ID: 8d377466-1b7d-4dec-acd7-cfd3b51e7686
Agent c08fd9f7-07a5-4990-9f6f-3e3bc95b0621: 
Agent ID: c08fd9f7-07a5-4990-9f6f-3e3bc95b0621
Agent c18f6787-d36d-494c-b1ed-837c53ad9af9: 
[DEAD] 
Agent ID: c18f6787-d36d-494c-b1ed-837c53ad9af9
Agent d2f0b583-f138-48e9-b462-33947c1e9832: 
Agent ID: d2f0b583-f138-48e9-b462-33947c1e9832
Agent d9994559-905c-4e42-adcc-624398acbc62: 
Agent ID: d9994559-905c-4e42-adcc-624398acbc62
Agent da3f4002-5ca3-466e-a166-dca3699c02b8: 
Agent ID: da3f4002-5ca3-466e-a166-dca3699c02b8
Agent f6dc0164-4be3-404a-b783-ff54faa6817b: 
Agent ID: f6dc0164-4be3-404a-b783-ff54faa6817b
Agent f7a20eeb-3be1-4529-a9f8-71e678b56af4: 
Agent ID: f7a20eeb-3be1-4529-a9f8-71e678b56af4

Iteration 0, Turn 3:
Agent 1de8a4cc-f405-4648-a5bf-c845d373584c: 
[DEAD] 
Agent ID: 1de8a4cc-f405-4648-a5bf-c845d373584c
Agent 20b605c9-9f0d-4041-ae43-c97da468ae61: 
[DEAD] 
Agent ID: 20b605c9-9f0d-4041-ae43-c97da468ae61
Agent 2a8b68ee-f195-410e-b493-3468f852429c: 
Agent ID: 2a8b68ee-f195-410e-b493-3468f852429c
Agent 428eba9f-156d-44f6-a351-2ce101341715: 
[DEAD] 
Agent ID: 428eba9f-156d-44f6-a351-2ce101341715
Agent 42e6e1b3-e02e-49c0-b536-86fddeaf5342: 
Agent ID: 42e6e1b3-e02e-49c0-b536-86fddeaf5342
Agent 530c1fd7-a1ab-4882-89a6-81576a191437: 
[DEAD] 
Agent ID: 530c1fd7-a1ab-4882-89a6-81576a191437
Agent 53db0899-d847-4af3-ab3d-0a9c8281d69e: 
[DEAD] 
Agent ID: 53db0899-d847-4af3-ab3d-0a9c8281d69e
Agent 57cf1f36-611d-4ee5-bf94-a207ce8565ff: 
Agent ID: 57cf1f36-611d-4ee5-bf94-a207ce8565ff
Agent 5e86b57f-b08c-42fd-bbae-cf5885300c9d: 
[DEAD] 
Agent ID: 5e86b57f-b08c-42fd-bbae-cf5885300c9d
Agent 61994bcb-4f05-4979-92ed-014ac01859ef: 
[DEAD] 
Agent ID: 61994bcb-4f05-4979-92ed-014ac01859ef
Agent 7877ac49-cfb3-4280-835b-d6be20dad9f4: 
[DEAD] 
Agent ID: 7877ac49-cfb3-4280-835b-d6be20dad9f4
Agent 837188ba-2c4e-4ed8-a04a-a9cf59e2cf89: 
[DEAD] 
Agent ID: 837188ba-2c4e-4ed8-a04a-a9cf59e2cf89
Agent 8d377466-1b7d-4dec-acd7-cfd3b51e7686: 
[DEAD] 
Agent ID: 8d377466-1b7d-4dec-acd7-cfd3b51e7686
Agent c08fd9f7-07a5-4990-9f6f-3e3bc95b0621: 
Agent ID: c08fd9f7-07a5-4990-9f6f-3e3bc95b0621
Agent c18f6787-d36d-494c-b1ed-837c53ad9af9: 
[DEAD] 
Agent ID: c18f6787-d36d-494c-b1ed-837c53ad9af9
Agent d2f0b583-f138-48e9-b462-33947c1e9832: 
Agent ID: d2f0b583-f138-48e9-b462-33947c1e9832
Agent d9994559-905c-4e42-adcc-624398acbc62: 
Agent ID: d9994559-905c-4e42-adcc-624398acbc62
Agent da3f4002-5ca3-466e-a166-dca3699c02b8: 
Agent ID: da3f4002-5ca3-466e-a166-dca3699c02b8
Agent f6dc0164-4be3-404a-b783-ff54faa6817b: 
Agent ID: f6dc0164-4be3-404a-b783-ff54faa6817b
Agent f7a20eeb-3be1-4529-a9f8-71e678b56af4: 
Agent ID: f7a20eeb-3be1-4529-a9f8-71e678b56af4

Iteration 0, Turn 4:
Agent 1de8a4cc-f405-4648-a5bf-c845d373584c: 
[DEAD] 
Agent ID: 1de8a4cc-f405-4648-a5bf-c845d373584c
Agent 20b605c9-9f0d-4041-ae43-c97da468ae61: 
[DEAD] 
Agent ID: 20b605c9-9f0d-4041-ae43-c97da468ae61
Agent 2a8b68ee-f195-410e-b493-3468f852429c: 
[DEAD] 
Agent ID: 2a8b68ee-f195-410e-b493-3468f852429c
Agent 428eba9f-156d-44f6-a351-2ce101341715: 
[DEAD] 
Agent ID: 428eba9f-156d-44f6-a351-2ce101341715
Agent 42e6e1b3-e02e-49c0-b536-86fddeaf5342: 
Agent ID: 42e6e1b3-e02e-49c0-b536-86fddeaf5342
Agent 530c1fd7-a1ab-4882-89a6-81576a191437: 
[DEAD] 
Agent ID: 530c1fd7-a1ab-4882-89a6-81576a191437
Agent 53db0899-d847-4af3-ab3d-0a9c8281d69e: 
[DEAD] 
Agent ID: 53db0899-d847-4af3-ab3d-0a9c8281d69e
Agent 57cf1f36-611d-4ee5-bf94-a207ce8565ff: 
Agent ID: 57cf1f36-611d-4ee5-bf94-a207ce8565ff
Agent 5e86b57f-b08c-42fd-bbae-cf5885300c9d: 
[DEAD] 
Agent ID: 5e86b57f-b08c-42fd-bbae-cf5885300c9d
Agent 61994bcb-4f05-4979-92ed-014ac01859ef: 
[DEAD] 
Agent ID: 61994bcb-4f05-4979-92ed-014ac01859ef
Agent 7877ac49-cfb3-4280-835b-d6be20dad9f4: 
[DEAD] 
Agent ID: 7877ac49-cfb3-4280-835b-d6be20dad9f4
Agent 837188ba-2c4e-4ed8-a04a-a9cf59e2cf89: 
[DEAD] 
Agent ID: 837188ba-2c4e-4ed8-a04a-a9cf59e2cf89
Agent 8d377466-1b7d-4dec-acd7-cfd3b51e7686: 
[DEAD] 
Agent ID: 8d377466-1b7d-4dec-acd7-cfd3b51e7686
Agent c08fd9f7-07a5-4990-9f6f-3e3bc95b0621: 
Agent ID: c08fd9f7-07a5-4990-9f6f-3e3bc95b0621
Agent c18f6787-d36d-494c-b1ed-837c53ad9af9: 
[DEAD] 
Agent ID: c18f6787-d36d-494c-b1ed-837c53ad9af9
Agent d2f0b583-f138-48e9-b462-33947c1e9832: 
Agent ID: d2f0b583-f138-48e9-b462-33947c1e9832
Agent d9994559-905c-4e42-adcc-624398acbc62: 
Agent ID: d9994559-905c-4e42-adcc-624398acbc62
Agent da3f4002-5ca3-466e-a166-dca3699c02b8: 
Agent ID: da3f4002-5ca3-466e-a166-dca3699c02b8
Agent f6dc0164-4be3-404a-b783-ff54faa6817b: 
[DEAD] 
Agent ID: f6dc0164-4be3-404a-b783-ff54faa6817b
Agent f7a20eeb-3be1-4529-a9f8-71e678b56af4: 
Agent ID: f7a20eeb-3be1-4529-a9f8-71e678b56af4

Iteration 1, Turn 0:

Iteration 1, Turn 0:
Agent 1de8a4cc-f405-4648-a5bf-c845d373584c: 
[DEAD] 
Agent ID: 1de8a4cc-f405-4648-a5bf-c845d373584c
Agent 20b605c9-9f0d-4041-ae43-c97da468ae61: 
[DEAD] 
Agent ID: 20b605c9-9f0d-4041-ae43-c97da468ae61
Agent 2a8b68ee-f195-410e-b493-3468f852429c: 
[DEAD] 
Agent ID: 2a8b68ee-f195-410e-b493-3468f852429c
Agent 428eba9f-156d-44f6-a351-2ce101341715: 
[DEAD] 
Agent ID: 428eba9f-156d-44f6-a351-2ce101341715
Agent 42e6e1b3-e02e-49c0-b536-86fddeaf5342: 
Agent ID: 42e6e1b3-e02e-49c0-b536-86fddeaf5342
Agent 530c1fd7-a1ab-4882-89a6-81576a191437: 
[DEAD] 
Agent ID: 530c1fd7-a1ab-4882-89a6-81576a191437
Agent 53db0899-d847-4af3-ab3d-0a9c8281d69e: 
[DEAD] 
Agent ID: 53db0899-d847-4af3-ab3d-0a9c8281d69e
Agent 57cf1f36-611d-4ee5-bf94-a207ce8565ff: 
Agent ID: 57cf1f36-611d-4ee5-bf94-a207ce8565ff
Agent 5e86b57f-b08c-42fd-bbae-cf5885300c9d: 
[DEAD] 
Agent ID: 5e86b57f-b08c-42fd-bbae-cf5885300c9d
Agent 61994bcb-4f05-4979-92ed-014ac01859ef: 
[DEAD] 
Agent ID: 61994bcb-4f05-4979-92ed-014ac01859ef
Agent 7877ac49-cfb3-4280-835b-d6be20dad9f4: 
[DEAD] 
Agent ID: 7877ac49-cfb3-4280-835b-d6be20dad9f4
Agent 837188ba-2c4e-4ed8-a04a-a9cf59e2cf89: 
[DEAD] 
Agent ID: 837188ba-2c4e-4ed8-a04a-a9cf59e2cf89
Agent 8d377466-1b7d-4dec-acd7-cfd3b51e7686: 
[DEAD] 
Agent ID: 8d377466-1b7d-4dec-acd7-cfd3b51e7686
Agent c08fd9f7-07a5-4990-9f6f-3e3bc95b0621: 
Agent ID: c08fd9f7-07a5-4990-9f6f-3e3bc95b0621
Agent c18f6787-d36d-494c-b1ed-837c53ad9af9: 
[DEAD] 
Agent ID: c18f6787-d36d-494c-b1ed-837c53ad9af9
Agent d2f0b583-f138-48e9-b462-33947c1e9832: 
Agent ID: d2f0b583-f138-48e9-b462-33947c1e9832
Agent d9994559-905c-4e42-adcc-624398acbc62: 
Agent ID: d9994559-905c-4e42-adcc-624398acbc62
Agent da3f4002-5ca3-466e-a166-dca3699c02b8: 
Agent ID: da3f4002-5ca3-466e-a166-dca3699c02b8
Agent f6dc0164-4be3-404a-b783-ff54faa6817b: 
[DEAD] 
Agent ID: f6dc0164-4be3-404a-b783-ff54faa6817b
Agent f7a20eeb-3be1-4529-a9f8-71e678b56af4: 
[DEAD] 
Agent ID: f7a20eeb-3be1-4529-a9f8-71e678b56af4

Iteration 1, Turn 1:
Agent 1de8a4cc-f405-4648-a5bf-c845d373584c: 
[DEAD] 
Agent ID: 1de8a4cc-f405-4648-a5bf-c845d373584c
Agent 20b605c9-9f0d-4041-ae43-c97da468ae61: 
[DEAD] 
Agent ID: 20b605c9-9f0d-4041-ae43-c97da468ae61
Agent 2a8b68ee-f195-410e-b493-3468f852429c: 
[DEAD] 
Agent ID: 2a8b68ee-f195-410e-b493-3468f852429c
Agent 428eba9f-156d-44f6-a351-2ce101341715: 
[DEAD] 
Agent ID: 428eba9f-156d-44f6-a351-2ce101341715
Agent 42e6e1b3-e02e-49c0-b536-86fddeaf5342: 
[DEAD] 
Agent ID: 42e6e1b3-e02e-49c0-b536-86fddeaf5342
Agent 530c1fd7-a1ab-4882-89a6-81576a191437: 
[DEAD] 
Agent ID: 530c1fd7-a1ab-4882-89a6-81576a191437
Agent 53db0899-d847-4af3-ab3d-0a9c8281d69e: 
[DEAD] 
Agent ID: 53db0899-d847-4af3-ab3d-0a9c8281d69e
Agent 57cf1f36-611d-4ee5-bf94-a207ce8565ff: 
[DEAD] 
Agent ID: 57cf1f36-611d-4ee5-bf94-a207ce8565ff
Agent 5e86b57f-b08c-42fd-bbae-cf5885300c9d: 
[DEAD] 
Agent ID: 5e86b57f-b08c-42fd-bbae-cf5885300c9d
Agent 61994bcb-4f05-4979-92ed-014ac01859ef: 
[DEAD] 
Agent ID: 61994bcb-4f05-4979-92ed-014ac01859ef
Agent 7877ac49-cfb3-4280-835b-d6be20dad9f4: 
[DEAD] 
Agent ID: 7877ac49-cfb3-4280-835b-d6be20dad9f4
Agent 837188ba-2c4e-4ed8-a04a-a9cf59e2cf89: 
[DEAD] 
Agent ID: 837188ba-2c4e-4ed8-a04a-a9cf59e2cf89
Agent 8d377466-1b7d-4dec-acd7-cfd3b51e7686: 
[DEAD] 
Agent ID: 8d377466-1b7d-4dec-acd7-cfd3b51e7686
Agent c08fd9f7-07a5-4990-9f6f-3e3bc95b0621: 
Agent ID: c08fd9f7-07a5-4990-9f6f-3e3bc95b0621
Agent c18f6787-d36d-494c-b1ed-837c53ad9af9: 
[DEAD] 
Agent ID: c18f6787-d36d-494c-b1ed-837c53ad9af9
Agent d2f0b583-f138-48e9-b462-33947c1e9832: 
[DEAD] 
Agent ID: d2f0b583-f138-48e9-b462-33947c1e9832
Agent d9994559-905c-4e42-adcc-624398acbc62: 
Agent ID: d9994559-905c-4e42-adcc-624398acbc62
Agent da3f4002-5ca3-466e-a166-dca3699c02b8: 
Agent ID: da3f4002-5ca3-466e-a166-dca3699c02b8
Agent f6dc0164-4be3-404a-b783-ff54faa6817b: 
[DEAD] 
Agent ID: f6dc0164-4be3-404a-b783-ff54faa6817b
Agent f7a20eeb-3be1-4529-a9f8-71e678b56af4: 
[DEAD] 
Agent ID: f7a20eeb-3be1-4529-a9f8-71e678b56af4

Iteration 1, Turn 2:
Agent 1de8a4cc-f405-4648-a5bf-c845d373584c: 
[DEAD] 
Agent ID: 1de8a4cc-f405-4648-a5bf-c845d373584c
Agent 20b605c9-9f0d-4041-ae43-c97da468ae61: 
[DEAD] 
Agent ID: 20b605c9-9f0d-4041-ae43-c97da468ae61
Agent 2a8b68ee-f195-410e-b493-3468f852429c: 
[DEAD] 
Agent ID: 2a8b68ee-f195-410e-b493-3468f852429c
Agent 428eba9f-156d-44f6-a351-2ce101341715: 
[DEAD] 
Agent ID: 428eba9f-156d-44f6-a351-2ce101341715
Agent 42e6e1b3-e02e-49c0-b536-86fddeaf5342: 
[DEAD] 
Agent ID: 42e6e1b3-e02e-49c0-b536-86fddeaf5342
Agent 530c1fd7-a1ab-4882-89a6-81576a191437: 
[DEAD] 
Agent ID: 530c1fd7-a1ab-4882-89a6-81576a191437
Agent 53db0899-d847-4af3-ab3d-0a9c8281d69e: 
[DEAD] 
Agent ID: 53db0899-d847-4af3-ab3d-0a9c8281d69e
Agent 57cf1f36-611d-4ee5-bf94-a207ce8565ff: 
[DEAD] 
Agent ID: 57cf1f36-611d-4ee5-bf94-a207ce8565ff
Agent 5e86b57f-b08c-42fd-bbae-cf5885300c9d: 
[DEAD] 
Agent ID: 5e86b57f-b08c-42fd-bbae-cf5885300c9d
Agent 61994bcb-4f05-4979-92ed-014ac01859ef: 
[DEAD] 
Agent ID: 61994bcb-4f05-4979-92ed-014ac01859ef
Agent 7877ac49-cfb3-4280-835b-d6be20dad9f4: 
[DEAD] 
Agent ID: 7877ac49-cfb3-4280-835b-d6be20dad9f4
Agent 837188ba-2c4e-4ed8-a04a-a9cf59e2cf89: 
[DEAD] 
Agent ID: 837188ba-2c4e-4ed8-a04a-a9cf59e2cf89
Agent 8d377466-1b7d-4dec-acd7-cfd3b51e7686: 
[DEAD] 
Agent ID: 8d377466-1b7d-4dec-acd7-cfd3b51e7686
Agent c08fd9f7-07a5-4990-9f6f-3e3bc95b0621: 
Agent ID: c08fd9f7-07a5-4990-9f6f-3e3bc95b0621
Agent c18f6787-d36d-494c-b1ed-837c53ad9af9: 
[DEAD] 
Agent ID: c18f6787-d36d-494c-b1ed-837c53ad9af9
Agent d2f0b583-f138-48e9-b462-33947c1e9832: 
[DEAD] 
Agent ID: d2f0b583-f138-48e9-b462-33947c1e9832
Agent d9994559-905c-4e42-adcc-624398acbc62: 
[DEAD] 
Agent ID: d9994559-905c-4e42-adcc-624398acbc62
Agent da3f4002-5ca3-466e-a166-dca3699c02b8: 
Agent ID: da3f4002-5ca3-466e-a166-dca3699c02b8
Agent f6dc0164-4be3-404a-b783-ff54faa6817b: 
[DEAD] 
Agent ID: f6dc0164-4be3-404a-b783-ff54faa6817b
Agent f7a20eeb-3be1-4529-a9f8-71e678b56af4: 
[DEAD] 
Agent ID: f7a20eeb-3be1-4529-a9f8-71e678b56af4

Iteration 1, Turn 3:
Agent 1de8a4cc-f405-4648-a5bf-c845d373584c: 
[DEAD] 
Agent ID: 1de8a4cc-f405-4648-a5bf-c845d373584c
Agent 20b605c9-9f0d-4041-ae43-c97da468ae61: 
[DEAD] 
Agent ID: 20b605c9-9f0d-4041-ae43-c97da468ae61
Agent 2a8b68ee-f195-410e-b493-3468f852429c: 
[DEAD] 
Agent ID: 2a8b68ee-f195-410e-b493-3468f852429c
Agent 428eba9f-156d-44f6-a351-2ce101341715: 
[DEAD] 
Agent ID: 428eba9f-156d-44f6-a351-2ce101341715
Agent 42e6e1b3-e02e-49c0-b536-86fddeaf5342: 
[DEAD] 
Agent ID: 42e6e1b3-e02e-49c0-b536-86fddeaf5342
Agent 530c1fd7-a1ab-4882-89a6-81576a191437: 
[DEAD] 
Agent ID: 530c1fd7-a1ab-4882-89a6-81576a191437
Agent 53db0899-d847-4af3-ab3d-0a9c8281d69e: 
[DEAD] 
Agent ID: 53db0899-d847-4af3-ab3d-0a9c8281d69e
Agent 57cf1f36-611d-4ee5-bf94-a207ce8565ff: 
[DEAD] 
Agent ID: 57cf1f36-611d-4ee5-bf94-a207ce8565ff
Agent 5e86b57f-b08c-42fd-bbae-cf5885300c9d: 
[DEAD] 
Agent ID: 5e86b57f-b08c-42fd-bbae-cf5885300c9d
Agent 61994bcb-4f05-4979-92ed-014ac01859ef: 
[DEAD] 
Agent ID: 61994bcb-4f05-4979-92ed-014ac01859ef
Agent 7877ac49-cfb3-4280-835b-d6be20dad9f4: 
[DEAD] 
Agent ID: 7877ac49-cfb3-4280-835b-d6be20dad9f4
Agent 837188ba-2c4e-4ed8-a04a-a9cf59e2cf89: 
[DEAD] 
Agent ID: 837188ba-2c4e-4ed8-a04a-a9cf59e2cf89
Agent 8d377466-1b7d-4dec-acd7-cfd3b51e7686: 
[DEAD] 
Agent ID: 8d377466-1b7d-4dec-acd7-cfd3b51e7686
Agent c08fd9f7-07a5-4990-9f6f-3e3bc95b0621: 
[DEAD] 
Agent ID: c08fd9f7-07a5-4990-9f6f-3e3bc95b0621
Agent c18f6787-d36d-494c-b1ed-837c53ad9af9: 
[DEAD] 
Agent ID: c18f6787-d36d-494c-b1ed-837c53ad9af9
Agent d2f0b583-f138-48e9-b462-33947c1e9832: 
[DEAD] 
Agent ID: d2f0b583-f138-48e9-b462-33947c1e9832
Agent d9994559-905c-4e42-adcc-624398acbc62: 
[DEAD] 
Agent ID: d9994559-905c-4e42-adcc-624398acbc62
Agent da3f4002-5ca3-466e-a166-dca3699c02b8: 
Agent ID: da3f4002-5ca3-466e-a166-dca3699c02b8
Agent f6dc0164-4be3-404a-b783-ff54faa6817b: 
[DEAD] 
Agent ID: f6dc0164-4be3-404a-b783-ff54faa6817b
Agent f7a20eeb-3be1-4529-a9f8-71e678b56af4: 
[DEAD] 
Agent ID: f7a20eeb-3be1-4529-a9f8-71e678b56af4

Iteration 1, Turn 4:
Agent 1de8a4cc-f405-4648-a5bf-c845d373584c: 
[DEAD] 
Agent ID: 1de8a4cc-f405-4648-a5bf-c845d373584c
Agent 20b605c9-9f0d-4041-ae43-c97da468ae61: 
[DEAD] 
Agent ID: 20b605c9-9f0d-4041-ae43-c97da468ae61
Agent 2a8b68ee-f195-410e-b493-3468f852429c: 
[DEAD] 
Agent ID: 2a8b68ee-f195-410e-b493-3468f852429c
Agent 428eba9f-156d-44f6-a351-2ce101341715: 
[DEAD] 
Agent ID: 428eba9f-156d-44f6-a351-2ce101341715
Agent 42e6e1b3-e02e-49c0-b536-86fddeaf5342: 
[DEAD] 
Agent ID: 42e6e1b3-e02e-49c0-b536-86fddeaf5342
Agent 530c1fd7-a1ab-4882-89a6-81576a191437: 
[DEAD] 
Agent ID: 530c1fd7-a1ab-4882-89a6-81576a191437
Agent 53db0899-d847-4af3-ab3d-0a9c8281d69e: 
[DEAD] 
Agent ID: 53db0899-d847-4af3-ab3d-0a9c8281d69e
Agent 57cf1f36-611d-4ee5-bf94-a207ce8565ff: 
[DEAD] 
Agent ID: 57cf1f36-611d-4ee5-bf94-a207ce8565ff
Agent 5e86b57f-b08c-42fd-bbae-cf5885300c9d: 
[DEAD] 
Agent ID: 5e86b57f-b08c-42fd-bbae-cf5885300c9d
Agent 61994bcb-4f05-4979-92ed-014ac01859ef: 
[DEAD] 
Agent ID: 61994bcb-4f05-4979-92ed-014ac01859ef
Agent 7877ac49-cfb3-4280-835b-d6be20dad9f4: 
[DEAD] 
Agent ID: 7877ac49-cfb3-4280-835b-d6be20dad9f4
Agent 837188ba-2c4e-4ed8-a04a-a9cf59e2cf89: 
[DEAD] 
Agent ID: 837188ba-2c4e-4ed8-a04a-a9cf59e2cf89
Agent 8d377466-1b7d-4dec-acd7-cfd3b51e7686: 
[DEAD] 
Agent ID: 8d377466-1b7d-4dec-acd7-cfd3b51e7686
Agent c08fd9f7-07a5-4990-9f6f-3e3bc95b0621: 
[DEAD] 
Agent ID: c08fd9f7-07a5-4990-9f6f-3e3bc95b0621
Agent c18f6787-d36d-494c-b1ed-837c53ad9af9: 
[DEAD] 
Agent ID: c18f6787-d36d-494c-b1ed-837c53ad9af9
Agent d2f0b583-f138-48e9-b462-33947c1e9832: 
[DEAD] 
Agent ID: d2f0b583-f138-48e9-b462-33947c1e9832
Agent d9994559-905c-4e42-adcc-624398acbc62: 
[DEAD] 
Agent ID: d9994559-905c-4e42-adcc-624398acbc62
Agent da3f4002-5ca3-466e-a166-dca3699c02b8: 
Agent ID: da3f4002-5ca3-466e-a166-dca3699c02b8
Agent f6dc0164-4be3-404a-b783-ff54faa6817b: 
[DEAD] 
Agent ID: f6dc0164-4be3-404a-b783-ff54faa6817b
Agent f7a20eeb-3be1-4529-a9f8-71e678b56af4: 
[DEAD] 
Agent ID: f7a20eeb-3be1-4529-a9f8-71e678b56af4

Iteration 2, Turn 0:

Iteration 2, Turn 0:
Agent 1de8a4cc-f405-4648-a5bf-c845d373584c: 
[DEAD] 
Agent ID: 1de8a4cc-f405-4648-a5bf-c845d373584c
Agent 20b605c9-9f0d-4041-ae43-c97da468ae61: 
[DEAD] 
Agent ID: 20b605c9-9f0d-4041-ae43-c97da468ae61
Agent 2a8b68ee-f195-410e-b493-3468f852429c: 
[DEAD] 
Agent ID: 2a8b68ee-f195-410e-b493-3468f852429c
Agent 428eba9f-156d-44f6-a351-2ce101341715: 
[DEAD] 
Agent ID: 428eba9f-156d-44f6-a351-2ce101341715
Agent 42e6e1b3-e02e-49c0-b536-86fddeaf5342: 
[DEAD] 
Agent ID: 42e6e1b3-e02e-49c0-b536-86fddeaf5342
Agent 530c1fd7-a1ab-4882-89a6-81576a191437: 
[DEAD] 
Agent ID: 530c1fd7-a1ab-4882-89a6-81576a191437
Agent 53db0899-d847-4af3-ab3d-0a9c8281d69e: 
[DEAD] 
Agent ID: 53db0899-d847-4af3-ab3d-0a9c8281d69e
Agent 57cf1f36-611d-4ee5-bf94-a207ce8565ff: 
[DEAD] 
Agent ID: 57cf1f36-611d-4ee5-bf94-a207ce8565ff
Agent 5e86b57f-b08c-42fd-bbae-cf5885300c9d: 
[DEAD] 
Agent ID: 5e86b57f-b08c-42fd-bbae-cf5885300c9d
Agent 61994bcb-4f05-4979-92ed-014ac01859ef: 
[DEAD] 
Agent ID: 61994bcb-4f05-4979-92ed-014ac01859ef
Agent 7877ac49-cfb3-4280-835b-d6be20dad9f4: 
[DEAD] 
Agent ID: 7877ac49-cfb3-4280-835b-d6be20dad9f4
Agent 837188ba-2c4e-4ed8-a04a-a9cf59e2cf89: 
[DEAD] 
Agent ID: 837188ba-2c4e-4ed8-a04a-a9cf59e2cf89
Agent 8d377466-1b7d-4dec-acd7-cfd3b51e7686: 
[DEAD] 
Agent ID: 8d377466-1b7d-4dec-acd7-cfd3b51e7686
Agent c08fd9f7-07a5-4990-9f6f-3e3bc95b0621: 
[DEAD] 
Agent ID: c08fd9f7-07a5-4990-9f6f-3e3bc95b0621
Agent c18f6787-d36d-494c-b1ed-837c53ad9af9: 
[DEAD] 
Agent ID: c18f6787-d36d-494c-b1ed-837c53ad9af9
Agent d2f0b583-f138-48e9-b462-33947c1e9832: 
[DEAD] 
Agent ID: d2f0b583-f138-48e9-b462-33947c1e9832
Agent d9994559-905c-4e42-adcc-624398acbc62: 
[DEAD] 
Agent ID: d9994559-905c-4e42-adcc-624398acbc62
Agent da3f4002-5ca3-466e-a166-dca3699c02b8: 
Agent ID: da3f4002-5ca3-466e-a166-dca3699c02b8
Agent f6dc0164-4be3-404a-b783-ff54faa6817b: 
[DEAD] 
Agent ID: f6dc0164-4be3-404a-b783-ff54faa6817b
Agent f7a20eeb-3be1-4529-a9f8-71e678b56af4: 
[DEAD] 
Agent ID: f7a20eeb-3be1-4529-a9f8-71e678b56af4

Iteration 2, Turn 1:
Agent 1de8a4cc-f405-4648-a5bf-c845d373584c: 
[DEAD] 
Agent ID: 1de8a4cc-f405-4648-a5bf-c845d373584c
Agent 20b605c9-9f0d-4041-ae43-c97da468ae61: 
[DEAD] 
Agent ID: 20b605c9-9f0d-4041-ae43-c97da468ae61
Agent 2a8b68ee-f195-410e-b493-3468f852429c: 
[DEAD] 
Agent ID: 2a8b68ee-f195-410e-b493-3468f852429c
Agent 428eba9f-156d-44f6-a351-2ce101341715: 
[DEAD] 
Agent ID: 428eba9f-156d-44f6-a351-2ce101341715
Agent 42e6e1b3-e02e-49c0-b536-86fddeaf5342: 
[DEAD] 
Agent ID: 42e6e1b3-e02e-49c0-b536-86fddeaf5342
Agent 530c1fd7-a1ab-4882-89a6-81576a191437: 
[DEAD] 
Agent ID: 530c1fd7-a1ab-4882-89a6-81576a191437
Agent 53db0899-d847-4af3-ab3d-0a9c8281d69e: 
[DEAD] 
Agent ID: 53db0899-d847-4af3-ab3d-0a9c8281d69e
Agent 57cf1f36-611d-4ee5-bf94-a207ce8565ff: 
[DEAD] 
Agent ID: 57cf1f36-611d-4ee5-bf94-a207ce8565ff
Agent 5e86b57f-b08c-42fd-bbae-cf5885300c9d: 
[DEAD] 
Agent ID: 5e86b57f-b08c-42fd-bbae-cf5885300c9d
Agent 61994bcb-4f05-4979-92ed-014ac01859ef: 
[DEAD] 
Agent ID: 61994bcb-4f05-4979-92ed-014ac01859ef
Agent 7877ac49-cfb3-4280-835b-d6be20dad9f4: 
[DEAD] 
Agent ID: 7877ac49-cfb3-4280-835b-d6be20dad9f4
Agent 837188ba-2c4e-4ed8-a04a-a9cf59e2cf89: 
[DEAD] 
Agent ID: 837188ba-2c4e-4ed8-a04a-a9cf59e2cf89
Agent 8d377466-1b7d-4dec-acd7-cfd3b51e7686: 
[DEAD] 
Agent ID: 8d377466-1b7d-4dec-acd7-cfd3b51e7686
Agent c08fd9f7-07a5-4990-9f6f-3e3bc95b0621: 
[DEAD] 
Agent ID: c08fd9f7-07a5-4990-9f6f-3e3bc95b0621
Agent c18f6787-d36d-494c-b1ed-837c53ad9af9: 
[DEAD] 
Agent ID: c18f6787-d36d-494c-b1ed-837c53ad9af9
Agent d2f0b583-f138-48e9-b462-33947c1e9832: 
[DEAD] 
Agent ID: d2f0b583-f138-48e9-b462-33947c1e9832
Agent d9994559-905c-4e42-adcc-624398acbc62: 
[DEAD] 
Agent ID: d9994559-905c-4e42-adcc-624398acbc62
Agent da3f4002-5ca3-466e-a166-dca3699c02b8: 
Agent ID: da3f4002-5ca3-466e-a166-dca3699c02b8
Agent f6dc0164-4be3-404a-b783-ff54faa6817b: 
[DEAD] 
Agent ID: f6dc0164-4be3-404a-b783-ff54faa6817b
Agent f7a20eeb-3be1-4529-a9f8-71e678b56af4: 
[DEAD] 
Agent ID: f7a20eeb-3be1-4529-a9f8-71e678b56af4

Iteration 2, Turn 2:
Agent 1de8a4cc-f405-4648-a5bf-c845d373584c: 
[DEAD] 
Agent ID: 1de8a4cc-f405-4648-a5bf-c845d373584c
Agent 20b605c9-9f0d-4041-ae43-c97da468ae61: 
[DEAD] 
Agent ID: 20b605c9-9f0d-4041-ae43-c97da468ae61
Agent 2a8b68ee-f195-410e-b493-3468f852429c: 
[DEAD] 
Agent ID: 2a8b68ee-f195-410e-b493-3468f852429c
Agent 428eba9f-156d-44f6-a351-2ce101341715: 
[DEAD] 
Agent ID: 428eba9f-156d-44f6-a351-2ce101341715
Agent 42e6e1b3-e02e-49c0-b536-86fddeaf5342: 
[DEAD] 
Agent ID: 42e6e1b3-e02e-49c0-b536-86fddeaf5342
Agent 530c1fd7-a1ab-4882-89a6-81576a191437: 
[DEAD] 
Agent ID: 530c1fd7-a1ab-4882-89a6-81576a191437
Agent 53db0899-d847-4af3-ab3d-0a9c8281d69e: 
[DEAD] 
Agent ID: 53db0899-d847-4af3-ab3d-0a9c8281d69e
Agent 57cf1f36-611d-4ee5-bf94-a207ce8565ff: 
[DEAD] 
Agent ID: 57cf1f36-611d-4ee5-bf94-a207ce8565ff
Agent 5e86b57f-b08c-42fd-bbae-cf5885300c9d: 
[DEAD] 
Agent ID: 5e86b57f-b08c-42fd-bbae-cf5885300c9d
Agent 61994bcb-4f05-4979-92ed-014ac01859ef: 
[DEAD] 
Agent ID: 61994bcb-4f05-4979-92ed-014ac01859ef
Agent 7877ac49-cfb3-4280-835b-d6be20dad9f4: 
[DEAD] 
Agent ID: 7877ac49-cfb3-4280-835b-d6be20dad9f4
Agent 837188ba-2c4e-4ed8-a04a-a9cf59e2cf89: 
[DEAD] 
Agent ID: 837188ba-2c4e-4ed8-a04a-a9cf59e2cf89
Agent 8d377466-1b7d-4dec-acd7-cfd3b51e7686: 
[DEAD] 
Agent ID: 8d377466-1b7d-4dec-acd7-cfd3b51e7686
Agent c08fd9f7-07a5-4990-9f6f-3e3bc95b0621: 
[DEAD] 
Agent ID: c08fd9f7-07a5-4990-9f6f-3e3bc95b0621
Agent c18f6787-d36d-494c-b1ed-837c53ad9af9: 
[DEAD] 
Agent ID: c18f6787-d36d-494c-b1ed-837c53ad9af9
Agent d2f0b583-f138-48e9-b462-33947c1e9832: 
[DEAD] 
Agent ID: d2f0b583-f138-48e9-b462-33947c1e9832
Agent d9994559-905c-4e42-adcc-624398acbc62: 
[DEAD] 
Agent ID: d9994559-905c-4e42-adcc-624398acbc62
Agent da3f4002-5ca3-466e-a166-dca3699c02b8: 
Agent ID: da3f4002-5ca3-466e-a166-dca3699c02b8
Agent f6dc0164-4be3-404a-b783-ff54faa6817b: 
[DEAD] 
Agent ID: f6dc0164-4be3-404a-b783-ff54faa6817b
Agent f7a20eeb-3be1-4529-a9f8-71e678b56af4: 
[DEAD] 
Agent ID: f7a20eeb-3be1-4529-a9f8-71e678b56af4

Iteration 2, Turn 3:
Agent 1de8a4cc-f405-4648-a5bf-c845d373584c: 
[DEAD] 
Agent ID: 1de8a4cc-f405-4648-a5bf-c845d373584c
Agent 20b605c9-9f0d-4041-ae43-c97da468ae61: 
[DEAD] 
Agent ID: 20b605c9-9f0d-4041-ae43-c97da468ae61
Agent 2a8b68ee-f195-410e-b493-3468f852429c: 
[DEAD] 
Agent ID: 2a8b68ee-f195-410e-b493-3468f852429c
Agent 428eba9f-156d-44f6-a351-2ce101341715: 
[DEAD] 
Agent ID: 428eba9f-156d-44f6-a351-2ce101341715
Agent 42e6e1b3-e02e-49c0-b536-86fddeaf5342: 
[DEAD] 
Agent ID: 42e6e1b3-e02e-49c0-b536-86fddeaf5342
Agent 530c1fd7-a1ab-4882-89a6-81576a191437: 
[DEAD] 
Agent ID: 530c1fd7-a1ab-4882-89a6-81576a191437
Agent 53db0899-d847-4af3-ab3d-0a9c8281d69e: 
[DEAD] 
Agent ID: 53db0899-d847-4af3-ab3d-0a9c8281d69e
Agent 57cf1f36-611d-4ee5-bf94-a207ce8565ff: 
[DEAD] 
Agent ID: 57cf1f36-611d-4ee5-bf94-a207ce8565ff
Agent 5e86b57f-b08c-42fd-bbae-cf5885300c9d: 
[DEAD] 
Agent ID: 5e86b57f-b08c-42fd-bbae-cf5885300c9d
Agent 61994bcb-4f05-4979-92ed-014ac01859ef: 
[DEAD] 
Agent ID: 61994bcb-4f05-4979-92ed-014ac01859ef
Agent 7877ac49-cfb3-4280-835b-d6be20dad9f4: 
[DEAD] 
Agent ID: 7877ac49-cfb3-4280-835b-d6be20dad9f4
Agent 837188ba-2c4e-4ed8-a04a-a9cf59e2cf89: 
[DEAD] 
Agent ID: 837188ba-2c4e-4ed8-a04a-a9cf59e2cf89
Agent 8d377466-1b7d-4dec-acd7-cfd3b51e7686: 
[DEAD] 
Agent ID: 8d377466-1b7d-4dec-acd7-cfd3b51e7686
Agent c08fd9f7-07a5-4990-9f6f-3e3bc95b0621: 
[DEAD] 
Agent ID: c08fd9f7-07a5-4990-9f6f-3e3bc95b0621
Agent c18f6787-d36d-494c-b1ed-837c53ad9af9: 
[DEAD] 
Agent ID: c18f6787-d36d-494c-b1ed-837c53ad9af9
Agent d2f0b583-f138-48e9-b462-33947c1e9832: 
[DEAD] 
Agent ID: d2f0b583-f138-48e9-b462-33947c1e9832
Agent d9994559-905c-4e42-adcc-624398acbc62: 
[DEAD] 
Agent ID: d9994559-905c-4e42-adcc-624398acbc62
Agent da3f4002-5ca3-466e-a166-dca3699c02b8: 
Agent ID: da3f4002-5ca3-466e-a166-dca3699c02b8
Agent f6dc0164-4be3-404a-b783-ff54faa6817b: 
[DEAD] 
Agent ID: f6dc0164-4be3-404a-b783-ff54faa6817b
Agent f7a20eeb-3be1-4529-a9f8-71e678b56af4: 
[DEAD] 
Agent ID: f7a20eeb-3be1-4529-a9f8-71e678b56af4

Iteration 2, Turn 4:
Agent 1de8a4cc-f405-4648-a5bf-c845d373584c: 
[DEAD] 
Agent ID: 1de8a4cc-f405-4648-a5bf-c845d373584c
Agent 20b605c9-9f0d-4041-ae43-c97da468ae61: 
[DEAD] 
Agent ID: 20b605c9-9f0d-4041-ae43-c97da468ae61
Agent 2a8b68ee-f195-410e-b493-3468f852429c: 
[DEAD] 
Agent ID: 2a8b68ee-f195-410e-b493-3468f852429c
Agent 428eba9f-156d-44f6-a351-2ce101341715: 
[DEAD] 
Agent ID: 428eba9f-156d-44f6-a351-2ce101341715
Agent 42e6e1b3-e02e-49c0-b536-86fddeaf5342: 
[DEAD] 
Agent ID: 42e6e1b3-e02e-49c0-b536-86fddeaf5342
Agent 530c1fd7-a1ab-4882-89a6-81576a191437: 
[DEAD] 
Agent ID: 530c1fd7-a1ab-4882-89a6-81576a191437
Agent 53db0899-d847-4af3-ab3d-0a9c8281d69e: 
[DEAD] 
Agent ID: 53db0899-d847-4af3-ab3d-0a9c8281d69e
Agent 57cf1f36-611d-4ee5-bf94-a207ce8565ff: 
[DEAD] 
Agent ID: 57cf1f36-611d-4ee5-bf94-a207ce8565ff
Agent 5e86b57f-b08c-42fd-bbae-cf5885300c9d: 
[DEAD] 
Agent ID: 5e86b57f-b08c-42fd-bbae-cf5885300c9d
Agent 61994bcb-4f05-4979-92ed-014ac01859ef: 
[DEAD] 
Agent ID: 61994bcb-4f05-4979-92ed-014ac01859ef
Agent 7877ac49-cfb3-4280-835b-d6be20dad9f4: 
[DEAD] 
Agent ID: 7877ac49-cfb3-4280-835b-d6be20dad9f4
Agent 837188ba-2c4e-4ed8-a04a-a9cf59e2cf89: 
[DEAD] 
Agent ID: 837188ba-2c4e-4ed8-a04a-a9cf59e2cf89
Agent 8d377466-1b7d-4dec-acd7-cfd3b51e7686: 
[DEAD] 
Agent ID: 8d377466-1b7d-4dec-acd7-cfd3b51e7686
Agent c08fd9f7-07a5-4990-9f6f-3e3bc95b0621: 
[DEAD] 
Agent ID: c08fd9f7-07a5-4990-9f6f-3e3bc95b0621
Agent c18f6787-d36d-494c-b1ed-837c53ad9af9: 
[DEAD] 
Agent ID: c18f6787-d36d-494c-b1ed-837c53ad9af9
Agent d2f0b583-f138-48e9-b462-33947c1e9832: 
[DEAD] 
Agent ID: d2f0b583-f138-48e9-b462-33947c1e9832
Agent d9994559-905c-4e42-adcc-624398acbc62: 
[DEAD] 
Agent ID: d9994559-905c-4e42-adcc-624398acbc62
Agent da3f4002-5ca3-466e-a166-dca3699c02b8: 
Agent ID: da3f4002-5ca3-466e-a166-dca3699c02b8
Agent f6dc0164-4be3-404a-b783-ff54faa6817b: 
[DEAD] 
Agent ID: f6dc0164-4be3-404a-b783-ff54faa6817b
Agent f7a20eeb-3be1-4529-a9f8-71e678b56af4: 
[DEAD] 
Agent ID: f7a20eeb-3be1-4529-a9f8-71e678b56af4
