main function started.
--------Start of iteration 0---------


Iteration 0, Turn 0, current agent count: 5


Iteration 0, Turn 1, current agent count: 5


Iteration 0, Turn 2, current agent count: 5


Iteration 0, Turn 3, current agent count: 5


Iteration 0, Turn 4, current agent count: 5
--------End of iteration 0---------
--------Start of iteration 1---------


Iteration 1, Turn 0, current agent count: 5


Iteration 1, Turn 1, current agent count: 5


Iteration 1, Turn 2, current agent count: 5


Iteration 1, Turn 3, current agent count: 5


Iteration 1, Turn 4, current agent count: 5
--------End of iteration 1---------
--------Start of iteration 2---------


Iteration 2, Turn 0, current agent count: 5


Iteration 2, Turn 1, current agent count: 5


Iteration 2, Turn 2, current agent count: 5


Iteration 2, Turn 3, current agent count: 5


Iteration 2, Turn 4, current agent count: 5
--------End of iteration 2---------


GamePlaybackSummary - playing 18 turn records

Iteration 0, Turn 0:

Iteration 0, Turn 1:
Agent 4b3723a9-1684-460b-9785-8623658f9002: 
[DEAD] 
Agent ID: 4b3723a9-1684-460b-9785-8623658f9002
Agent 52cbbc05-9f3a-4ac3-8445-6f65cf8bb9a5: 
[DEAD] 
Agent ID: 52cbbc05-9f3a-4ac3-8445-6f65cf8bb9a5
Agent 7015ae18-6bbc-4ed1-981f-66e6cbc48c0e: 
[DEAD] 
Agent ID: 7015ae18-6bbc-4ed1-981f-66e6cbc48c0e
Agent 75b820f0-55f4-435f-8ffe-54ae1231a9eb: 
Agent ID: 75b820f0-55f4-435f-8ffe-54ae1231a9eb
Agent 811da047-d590-44f4-af2b-52c168116a52: 
[DEAD] 
Agent ID: 811da047-d590-44f4-af2b-52c168116a52

Iteration 0, Turn 2:
Agent 4b3723a9-1684-460b-9785-8623658f9002: 
[DEAD] 
Agent ID: 4b3723a9-1684-460b-9785-8623658f9002
Agent 52cbbc05-9f3a-4ac3-8445-6f65cf8bb9a5: 
[DEAD] 
Agent ID: 52cbbc05-9f3a-4ac3-8445-6f65cf8bb9a5
Agent 7015ae18-6bbc-4ed1-981f-66e6cbc48c0e: 
[DEAD] 
Agent ID: 7015ae18-6bbc-4ed1-981f-66e6cbc48c0e
Agent 75b820f0-55f4-435f-8ffe-54ae1231a9eb: 
Agent ID: 75b820f0-55f4-435f-8ffe-54ae1231a9eb
Agent 811da047-d590-44f4-af2b-52c168116a52: 
[DEAD] 
Agent ID: 811da047-d590-44f4-af2b-52c168116a52

Iteration 0, Turn 3:
Agent 4b3723a9-1684-460b-9785-8623658f9002: 
[DEAD] 
Agent ID: 4b3723a9-1684-460b-9785-8623658f9002
Agent 52cbbc05-9f3a-4ac3-8445-6f65cf8bb9a5: 
[DEAD] 
Agent ID: 52cbbc05-9f3a-4ac3-8445-6f65cf8bb9a5
Agent 7015ae18-6bbc-4ed1-981f-66e6cbc48c0e: 
[DEAD] 
Agent ID: 7015ae18-6bbc-4ed1-981f-66e6cbc48c0e
Agent 75b820f0-55f4-435f-8ffe-54ae1231a9eb: 
[DEAD] 
Agent ID: 75b820f0-55f4-435f-8ffe-54ae1231a9eb
Agent 811da047-d590-44f4-af2b-52c168116a52: 
[DEAD] 
Agent ID: 811da047-d590-44f4-af2b-52c168116a52

Iteration 0, Turn 4:
Agent 4b3723a9-1684-460b-9785-8623658f9002: 
[DEAD] 
Agent ID: 4b3723a9-1684-460b-9785-8623658f9002
Agent 52cbbc05-9f3a-4ac3-8445-6f65cf8bb9a5: 
[DEAD] 
Agent ID: 52cbbc05-9f3a-4ac3-8445-6f65cf8bb9a5
Agent 7015ae18-6bbc-4ed1-981f-66e6cbc48c0e: 
[DEAD] 
Agent ID: 7015ae18-6bbc-4ed1-981f-66e6cbc48c0e
Agent 75b820f0-55f4-435f-8ffe-54ae1231a9eb: 
[DEAD] 
Agent ID: 75b820f0-55f4-435f-8ffe-54ae1231a9eb
Agent 811da047-d590-44f4-af2b-52c168116a52: 
[DEAD] 
Agent ID: 811da047-d590-44f4-af2b-52c168116a52

Iteration 0, Turn 5:
Agent 4b3723a9-1684-460b-9785-8623658f9002: 
[DEAD] 
Agent ID: 4b3723a9-1684-460b-9785-8623658f9002
Agent 52cbbc05-9f3a-4ac3-8445-6f65cf8bb9a5: 
[DEAD] 
Agent ID: 52cbbc05-9f3a-4ac3-8445-6f65cf8bb9a5
Agent 7015ae18-6bbc-4ed1-981f-66e6cbc48c0e: 
[DEAD] 
Agent ID: 7015ae18-6bbc-4ed1-981f-66e6cbc48c0e
Agent 75b820f0-55f4-435f-8ffe-54ae1231a9eb: 
[DEAD] 
Agent ID: 75b820f0-55f4-435f-8ffe-54ae1231a9eb
Agent 811da047-d590-44f4-af2b-52c168116a52: 
[DEAD] 
Agent ID: 811da047-d590-44f4-af2b-52c168116a52

Iteration 1, Turn 0:

Iteration 1, Turn 1:
Agent 4b3723a9-1684-460b-9785-8623658f9002: 
[DEAD] 
Agent ID: 4b3723a9-1684-460b-9785-8623658f9002
Agent 52cbbc05-9f3a-4ac3-8445-6f65cf8bb9a5: 
[DEAD] 
Agent ID: 52cbbc05-9f3a-4ac3-8445-6f65cf8bb9a5
Agent 7015ae18-6bbc-4ed1-981f-66e6cbc48c0e: 
[DEAD] 
Agent ID: 7015ae18-6bbc-4ed1-981f-66e6cbc48c0e
Agent 75b820f0-55f4-435f-8ffe-54ae1231a9eb: 
[DEAD] 
Agent ID: 75b820f0-55f4-435f-8ffe-54ae1231a9eb
Agent 811da047-d590-44f4-af2b-52c168116a52: 
[DEAD] 
Agent ID: 811da047-d590-44f4-af2b-52c168116a52

Iteration 1, Turn 2:
Agent 4b3723a9-1684-460b-9785-8623658f9002: 
[DEAD] 
Agent ID: 4b3723a9-1684-460b-9785-8623658f9002
Agent 52cbbc05-9f3a-4ac3-8445-6f65cf8bb9a5: 
[DEAD] 
Agent ID: 52cbbc05-9f3a-4ac3-8445-6f65cf8bb9a5
Agent 7015ae18-6bbc-4ed1-981f-66e6cbc48c0e: 
[DEAD] 
Agent ID: 7015ae18-6bbc-4ed1-981f-66e6cbc48c0e
Agent 75b820f0-55f4-435f-8ffe-54ae1231a9eb: 
[DEAD] 
Agent ID: 75b820f0-55f4-435f-8ffe-54ae1231a9eb
Agent 811da047-d590-44f4-af2b-52c168116a52: 
[DEAD] 
Agent ID: 811da047-d590-44f4-af2b-52c168116a52

Iteration 1, Turn 3:
Agent 4b3723a9-1684-460b-9785-8623658f9002: 
[DEAD] 
Agent ID: 4b3723a9-1684-460b-9785-8623658f9002
Agent 52cbbc05-9f3a-4ac3-8445-6f65cf8bb9a5: 
[DEAD] 
Agent ID: 52cbbc05-9f3a-4ac3-8445-6f65cf8bb9a5
Agent 7015ae18-6bbc-4ed1-981f-66e6cbc48c0e: 
[DEAD] 
Agent ID: 7015ae18-6bbc-4ed1-981f-66e6cbc48c0e
Agent 75b820f0-55f4-435f-8ffe-54ae1231a9eb: 
[DEAD] 
Agent ID: 75b820f0-55f4-435f-8ffe-54ae1231a9eb
Agent 811da047-d590-44f4-af2b-52c168116a52: 
[DEAD] 
Agent ID: 811da047-d590-44f4-af2b-52c168116a52

Iteration 1, Turn 4:
Agent 4b3723a9-1684-460b-9785-8623658f9002: 
[DEAD] 
Agent ID: 4b3723a9-1684-460b-9785-8623658f9002
Agent 52cbbc05-9f3a-4ac3-8445-6f65cf8bb9a5: 
[DEAD] 
Agent ID: 52cbbc05-9f3a-4ac3-8445-6f65cf8bb9a5
Agent 7015ae18-6bbc-4ed1-981f-66e6cbc48c0e: 
[DEAD] 
Agent ID: 7015ae18-6bbc-4ed1-981f-66e6cbc48c0e
Agent 75b820f0-55f4-435f-8ffe-54ae1231a9eb: 
[DEAD] 
Agent ID: 75b820f0-55f4-435f-8ffe-54ae1231a9eb
Agent 811da047-d590-44f4-af2b-52c168116a52: 
[DEAD] 
Agent ID: 811da047-d590-44f4-af2b-52c168116a52

Iteration 1, Turn 5:
Agent 4b3723a9-1684-460b-9785-8623658f9002: 
[DEAD] 
Agent ID: 4b3723a9-1684-460b-9785-8623658f9002
Agent 52cbbc05-9f3a-4ac3-8445-6f65cf8bb9a5: 
[DEAD] 
Agent ID: 52cbbc05-9f3a-4ac3-8445-6f65cf8bb9a5
Agent 7015ae18-6bbc-4ed1-981f-66e6cbc48c0e: 
[DEAD] 
Agent ID: 7015ae18-6bbc-4ed1-981f-66e6cbc48c0e
Agent 75b820f0-55f4-435f-8ffe-54ae1231a9eb: 
[DEAD] 
Agent ID: 75b820f0-55f4-435f-8ffe-54ae1231a9eb
Agent 811da047-d590-44f4-af2b-52c168116a52: 
[DEAD] 
Agent ID: 811da047-d590-44f4-af2b-52c168116a52

Iteration 2, Turn 0:

Iteration 2, Turn 1:
Agent 4b3723a9-1684-460b-9785-8623658f9002: 
[DEAD] 
Agent ID: 4b3723a9-1684-460b-9785-8623658f9002
Agent 52cbbc05-9f3a-4ac3-8445-6f65cf8bb9a5: 
[DEAD] 
Agent ID: 52cbbc05-9f3a-4ac3-8445-6f65cf8bb9a5
Agent 7015ae18-6bbc-4ed1-981f-66e6cbc48c0e: 
[DEAD] 
Agent ID: 7015ae18-6bbc-4ed1-981f-66e6cbc48c0e
Agent 75b820f0-55f4-435f-8ffe-54ae1231a9eb: 
[DEAD] 
Agent ID: 75b820f0-55f4-435f-8ffe-54ae1231a9eb
Agent 811da047-d590-44f4-af2b-52c168116a52: 
[DEAD] 
Agent ID: 811da047-d590-44f4-af2b-52c168116a52

Iteration 2, Turn 2:
Agent 4b3723a9-1684-460b-9785-8623658f9002: 
[DEAD] 
Agent ID: 4b3723a9-1684-460b-9785-8623658f9002
Agent 52cbbc05-9f3a-4ac3-8445-6f65cf8bb9a5: 
[DEAD] 
Agent ID: 52cbbc05-9f3a-4ac3-8445-6f65cf8bb9a5
Agent 7015ae18-6bbc-4ed1-981f-66e6cbc48c0e: 
[DEAD] 
Agent ID: 7015ae18-6bbc-4ed1-981f-66e6cbc48c0e
Agent 75b820f0-55f4-435f-8ffe-54ae1231a9eb: 
[DEAD] 
Agent ID: 75b820f0-55f4-435f-8ffe-54ae1231a9eb
Agent 811da047-d590-44f4-af2b-52c168116a52: 
[DEAD] 
Agent ID: 811da047-d590-44f4-af2b-52c168116a52

Iteration 2, Turn 3:
Agent 4b3723a9-1684-460b-9785-8623658f9002: 
[DEAD] 
Agent ID: 4b3723a9-1684-460b-9785-8623658f9002
Agent 52cbbc05-9f3a-4ac3-8445-6f65cf8bb9a5: 
[DEAD] 
Agent ID: 52cbbc05-9f3a-4ac3-8445-6f65cf8bb9a5
Agent 7015ae18-6bbc-4ed1-981f-66e6cbc48c0e: 
[DEAD] 
Agent ID: 7015ae18-6bbc-4ed1-981f-66e6cbc48c0e
Agent 75b820f0-55f4-435f-8ffe-54ae1231a9eb: 
[DEAD] 
Agent ID: 75b820f0-55f4-435f-8ffe-54ae1231a9eb
Agent 811da047-d590-44f4-af2b-52c168116a52: 
[DEAD] 
Agent ID: 811da047-d590-44f4-af2b-52c168116a52

Iteration 2, Turn 4:
Agent 4b3723a9-1684-460b-9785-8623658f9002: 
[DEAD] 
Agent ID: 4b3723a9-1684-460b-9785-8623658f9002
Agent 52cbbc05-9f3a-4ac3-8445-6f65cf8bb9a5: 
[DEAD] 
Agent ID: 52cbbc05-9f3a-4ac3-8445-6f65cf8bb9a5
Agent 7015ae18-6bbc-4ed1-981f-66e6cbc48c0e: 
[DEAD] 
Agent ID: 7015ae18-6bbc-4ed1-981f-66e6cbc48c0e
Agent 75b820f0-55f4-435f-8ffe-54ae1231a9eb: 
[DEAD] 
Agent ID: 75b820f0-55f4-435f-8ffe-54ae1231a9eb
Agent 811da047-d590-44f4-af2b-52c168116a52: 
[DEAD] 
Agent ID: 811da047-d590-44f4-af2b-52c168116a52

Iteration 2, Turn 5:
Agent 4b3723a9-1684-460b-9785-8623658f9002: 
[DEAD] 
Agent ID: 4b3723a9-1684-460b-9785-8623658f9002
Agent 52cbbc05-9f3a-4ac3-8445-6f65cf8bb9a5: 
[DEAD] 
Agent ID: 52cbbc05-9f3a-4ac3-8445-6f65cf8bb9a5
Agent 7015ae18-6bbc-4ed1-981f-66e6cbc48c0e: 
[DEAD] 
Agent ID: 7015ae18-6bbc-4ed1-981f-66e6cbc48c0e
Agent 75b820f0-55f4-435f-8ffe-54ae1231a9eb: 
[DEAD] 
Agent ID: 75b820f0-55f4-435f-8ffe-54ae1231a9eb
Agent 811da047-d590-44f4-af2b-52c168116a52: 
[DEAD] 
Agent ID: 811da047-d590-44f4-af2b-52c168116a52
