main function started.
--------Start of iteration 0---------


Iteration 0, Turn 0, current agent count: 16


Iteration 0, Turn 1, current agent count: 16


Iteration 0, Turn 2, current agent count: 16


Iteration 0, Turn 3, current agent count: 16


Iteration 0, Turn 4, current agent count: 16
--------End of iteration 0---------
--------Start of iteration 1---------


Iteration 1, Turn 0, current agent count: 16


Iteration 1, Turn 1, current agent count: 16


Iteration 1, Turn 2, current agent count: 16


Iteration 1, Turn 3, current agent count: 16


Iteration 1, Turn 4, current agent count: 16
--------End of iteration 1---------
--------Start of iteration 2---------


Iteration 2, Turn 0, current agent count: 16


Iteration 2, Turn 1, current agent count: 16


Iteration 2, Turn 2, current agent count: 16


Iteration 2, Turn 3, current agent count: 16


Iteration 2, Turn 4, current agent count: 16
--------End of iteration 2---------


GamePlaybackSummary - playing 18 turn records

Iteration 0, Turn 0:

Iteration 0, Turn 0:
Agent 183490b8-bb03-4d05-a16d-be8dc9554686: 
[DEAD] 
Agent ID: 183490b8-bb03-4d05-a16d-be8dc9554686
Agent 1e4e4a90-8967-4fa3-8fcf-498abc0a02cb: 
[DEAD] 
Agent ID: 1e4e4a90-8967-4fa3-8fcf-498abc0a02cb
Agent 3d64dacb-b631-4310-914d-34dbeff3241c: 
[DEAD] 
Agent ID: 3d64dacb-b631-4310-914d-34dbeff3241c
Agent 42b668da-b539-4c49-aa23-0ac0e270211d: 
[DEAD] 
Agent ID: 42b668da-b539-4c49-aa23-0ac0e270211d
Agent 46121fc8-fb2d-4d01-bed2-9a8d061bf344: 
[DEAD] 
Agent ID: 46121fc8-fb2d-4d01-bed2-9a8d061bf344
Agent 5a028470-37ed-408e-8409-4531fa540619: 
[DEAD] 
Agent ID: 5a028470-37ed-408e-8409-4531fa540619
Agent 6ba22e72-7ba3-4de3-890d-e617e5e532f5: 
[DEAD] 
Agent ID: 6ba22e72-7ba3-4de3-890d-e617e5e532f5
Agent 734e5979-cbcf-477b-90f0-38b9530f1c9d: 
[DEAD] 
Agent ID: 734e5979-cbcf-477b-90f0-38b9530f1c9d
Agent 8ad6a7b0-579d-434b-83ab-8b1ab2d6f64f: 
[DEAD] 
Agent ID: 8ad6a7b0-579d-434b-83ab-8b1ab2d6f64f
Agent 95c117af-df83-411f-91b8-a8d9052735f6: 
[DEAD] 
Agent ID: 95c117af-df83-411f-91b8-a8d9052735f6
Agent b392beb3-a9aa-4607-adb3-aef408ec1e93: 
[DEAD] 
Agent ID: b392beb3-a9aa-4607-adb3-aef408ec1e93
Agent b45052c0-ac4f-419f-b0f1-131d9e53b8eb: 
[DEAD] 
Agent ID: b45052c0-ac4f-419f-b0f1-131d9e53b8eb
Agent be7f7ed2-8b27-481b-b7aa-92d9f640e999: 
[DEAD] 
Agent ID: be7f7ed2-8b27-481b-b7aa-92d9f640e999
Agent dbfccb8c-e7fb-4efe-8b18-b4dda7d0f282: 
[DEAD] 
Agent ID: dbfccb8c-e7fb-4efe-8b18-b4dda7d0f282
Agent ed332e55-2375-4508-9e6d-85fbdf72ecb1: 
[DEAD] 
Agent ID: ed332e55-2375-4508-9e6d-85fbdf72ecb1
Agent f91de57a-6adc-45cb-b114-508d88c4644d: 
[DEAD] 
Agent ID: f91de57a-6adc-45cb-b114-508d88c4644d

Iteration 0, Turn 1:
Agent 183490b8-bb03-4d05-a16d-be8dc9554686: 
[DEAD] 
Agent ID: 183490b8-bb03-4d05-a16d-be8dc9554686
Agent 1e4e4a90-8967-4fa3-8fcf-498abc0a02cb: 
[DEAD] 
Agent ID: 1e4e4a90-8967-4fa3-8fcf-498abc0a02cb
Agent 3d64dacb-b631-4310-914d-34dbeff3241c: 
[DEAD] 
Agent ID: 3d64dacb-b631-4310-914d-34dbeff3241c
Agent 42b668da-b539-4c49-aa23-0ac0e270211d: 
[DEAD] 
Agent ID: 42b668da-b539-4c49-aa23-0ac0e270211d
Agent 46121fc8-fb2d-4d01-bed2-9a8d061bf344: 
[DEAD] 
Agent ID: 46121fc8-fb2d-4d01-bed2-9a8d061bf344
Agent 5a028470-37ed-408e-8409-4531fa540619: 
[DEAD] 
Agent ID: 5a028470-37ed-408e-8409-4531fa540619
Agent 6ba22e72-7ba3-4de3-890d-e617e5e532f5: 
[DEAD] 
Agent ID: 6ba22e72-7ba3-4de3-890d-e617e5e532f5
Agent 734e5979-cbcf-477b-90f0-38b9530f1c9d: 
[DEAD] 
Agent ID: 734e5979-cbcf-477b-90f0-38b9530f1c9d
Agent 8ad6a7b0-579d-434b-83ab-8b1ab2d6f64f: 
[DEAD] 
Agent ID: 8ad6a7b0-579d-434b-83ab-8b1ab2d6f64f
Agent 95c117af-df83-411f-91b8-a8d9052735f6: 
[DEAD] 
Agent ID: 95c117af-df83-411f-91b8-a8d9052735f6
Agent b392beb3-a9aa-4607-adb3-aef408ec1e93: 
[DEAD] 
Agent ID: b392beb3-a9aa-4607-adb3-aef408ec1e93
Agent b45052c0-ac4f-419f-b0f1-131d9e53b8eb: 
[DEAD] 
Agent ID: b45052c0-ac4f-419f-b0f1-131d9e53b8eb
Agent be7f7ed2-8b27-481b-b7aa-92d9f640e999: 
[DEAD] 
Agent ID: be7f7ed2-8b27-481b-b7aa-92d9f640e999
Agent dbfccb8c-e7fb-4efe-8b18-b4dda7d0f282: 
[DEAD] 
Agent ID: dbfccb8c-e7fb-4efe-8b18-b4dda7d0f282
Agent ed332e55-2375-4508-9e6d-85fbdf72ecb1: 
[DEAD] 
Agent ID: ed332e55-2375-4508-9e6d-85fbdf72ecb1
Agent f91de57a-6adc-45cb-b114-508d88c4644d: 
[DEAD] 
Agent ID: f91de57a-6adc-45cb-b114-508d88c4644d

Iteration 0, Turn 2:
Agent 183490b8-bb03-4d05-a16d-be8dc9554686: 
[DEAD] 
Agent ID: 183490b8-bb03-4d05-a16d-be8dc9554686
Agent 1e4e4a90-8967-4fa3-8fcf-498abc0a02cb: 
[DEAD] 
Agent ID: 1e4e4a90-8967-4fa3-8fcf-498abc0a02cb
Agent 3d64dacb-b631-4310-914d-34dbeff3241c: 
[DEAD] 
Agent ID: 3d64dacb-b631-4310-914d-34dbeff3241c
Agent 42b668da-b539-4c49-aa23-0ac0e270211d: 
[DEAD] 
Agent ID: 42b668da-b539-4c49-aa23-0ac0e270211d
Agent 46121fc8-fb2d-4d01-bed2-9a8d061bf344: 
[DEAD] 
Agent ID: 46121fc8-fb2d-4d01-bed2-9a8d061bf344
Agent 5a028470-37ed-408e-8409-4531fa540619: 
[DEAD] 
Agent ID: 5a028470-37ed-408e-8409-4531fa540619
Agent 6ba22e72-7ba3-4de3-890d-e617e5e532f5: 
[DEAD] 
Agent ID: 6ba22e72-7ba3-4de3-890d-e617e5e532f5
Agent 734e5979-cbcf-477b-90f0-38b9530f1c9d: 
[DEAD] 
Agent ID: 734e5979-cbcf-477b-90f0-38b9530f1c9d
Agent 8ad6a7b0-579d-434b-83ab-8b1ab2d6f64f: 
[DEAD] 
Agent ID: 8ad6a7b0-579d-434b-83ab-8b1ab2d6f64f
Agent 95c117af-df83-411f-91b8-a8d9052735f6: 
[DEAD] 
Agent ID: 95c117af-df83-411f-91b8-a8d9052735f6
Agent b392beb3-a9aa-4607-adb3-aef408ec1e93: 
[DEAD] 
Agent ID: b392beb3-a9aa-4607-adb3-aef408ec1e93
Agent b45052c0-ac4f-419f-b0f1-131d9e53b8eb: 
[DEAD] 
Agent ID: b45052c0-ac4f-419f-b0f1-131d9e53b8eb
Agent be7f7ed2-8b27-481b-b7aa-92d9f640e999: 
[DEAD] 
Agent ID: be7f7ed2-8b27-481b-b7aa-92d9f640e999
Agent dbfccb8c-e7fb-4efe-8b18-b4dda7d0f282: 
[DEAD] 
Agent ID: dbfccb8c-e7fb-4efe-8b18-b4dda7d0f282
Agent ed332e55-2375-4508-9e6d-85fbdf72ecb1: 
[DEAD] 
Agent ID: ed332e55-2375-4508-9e6d-85fbdf72ecb1
Agent f91de57a-6adc-45cb-b114-508d88c4644d: 
[DEAD] 
Agent ID: f91de57a-6adc-45cb-b114-508d88c4644d

Iteration 0, Turn 3:
Agent 183490b8-bb03-4d05-a16d-be8dc9554686: 
[DEAD] 
Agent ID: 183490b8-bb03-4d05-a16d-be8dc9554686
Agent 1e4e4a90-8967-4fa3-8fcf-498abc0a02cb: 
[DEAD] 
Agent ID: 1e4e4a90-8967-4fa3-8fcf-498abc0a02cb
Agent 3d64dacb-b631-4310-914d-34dbeff3241c: 
[DEAD] 
Agent ID: 3d64dacb-b631-4310-914d-34dbeff3241c
Agent 42b668da-b539-4c49-aa23-0ac0e270211d: 
[DEAD] 
Agent ID: 42b668da-b539-4c49-aa23-0ac0e270211d
Agent 46121fc8-fb2d-4d01-bed2-9a8d061bf344: 
[DEAD] 
Agent ID: 46121fc8-fb2d-4d01-bed2-9a8d061bf344
Agent 5a028470-37ed-408e-8409-4531fa540619: 
[DEAD] 
Agent ID: 5a028470-37ed-408e-8409-4531fa540619
Agent 6ba22e72-7ba3-4de3-890d-e617e5e532f5: 
[DEAD] 
Agent ID: 6ba22e72-7ba3-4de3-890d-e617e5e532f5
Agent 734e5979-cbcf-477b-90f0-38b9530f1c9d: 
[DEAD] 
Agent ID: 734e5979-cbcf-477b-90f0-38b9530f1c9d
Agent 8ad6a7b0-579d-434b-83ab-8b1ab2d6f64f: 
[DEAD] 
Agent ID: 8ad6a7b0-579d-434b-83ab-8b1ab2d6f64f
Agent 95c117af-df83-411f-91b8-a8d9052735f6: 
[DEAD] 
Agent ID: 95c117af-df83-411f-91b8-a8d9052735f6
Agent b392beb3-a9aa-4607-adb3-aef408ec1e93: 
[DEAD] 
Agent ID: b392beb3-a9aa-4607-adb3-aef408ec1e93
Agent b45052c0-ac4f-419f-b0f1-131d9e53b8eb: 
[DEAD] 
Agent ID: b45052c0-ac4f-419f-b0f1-131d9e53b8eb
Agent be7f7ed2-8b27-481b-b7aa-92d9f640e999: 
[DEAD] 
Agent ID: be7f7ed2-8b27-481b-b7aa-92d9f640e999
Agent dbfccb8c-e7fb-4efe-8b18-b4dda7d0f282: 
[DEAD] 
Agent ID: dbfccb8c-e7fb-4efe-8b18-b4dda7d0f282
Agent ed332e55-2375-4508-9e6d-85fbdf72ecb1: 
[DEAD] 
Agent ID: ed332e55-2375-4508-9e6d-85fbdf72ecb1
Agent f91de57a-6adc-45cb-b114-508d88c4644d: 
[DEAD] 
Agent ID: f91de57a-6adc-45cb-b114-508d88c4644d

Iteration 0, Turn 4:
Agent 183490b8-bb03-4d05-a16d-be8dc9554686: 
[DEAD] 
Agent ID: 183490b8-bb03-4d05-a16d-be8dc9554686
Agent 1e4e4a90-8967-4fa3-8fcf-498abc0a02cb: 
[DEAD] 
Agent ID: 1e4e4a90-8967-4fa3-8fcf-498abc0a02cb
Agent 3d64dacb-b631-4310-914d-34dbeff3241c: 
[DEAD] 
Agent ID: 3d64dacb-b631-4310-914d-34dbeff3241c
Agent 42b668da-b539-4c49-aa23-0ac0e270211d: 
[DEAD] 
Agent ID: 42b668da-b539-4c49-aa23-0ac0e270211d
Agent 46121fc8-fb2d-4d01-bed2-9a8d061bf344: 
[DEAD] 
Agent ID: 46121fc8-fb2d-4d01-bed2-9a8d061bf344
Agent 5a028470-37ed-408e-8409-4531fa540619: 
[DEAD] 
Agent ID: 5a028470-37ed-408e-8409-4531fa540619
Agent 6ba22e72-7ba3-4de3-890d-e617e5e532f5: 
[DEAD] 
Agent ID: 6ba22e72-7ba3-4de3-890d-e617e5e532f5
Agent 734e5979-cbcf-477b-90f0-38b9530f1c9d: 
[DEAD] 
Agent ID: 734e5979-cbcf-477b-90f0-38b9530f1c9d
Agent 8ad6a7b0-579d-434b-83ab-8b1ab2d6f64f: 
[DEAD] 
Agent ID: 8ad6a7b0-579d-434b-83ab-8b1ab2d6f64f
Agent 95c117af-df83-411f-91b8-a8d9052735f6: 
[DEAD] 
Agent ID: 95c117af-df83-411f-91b8-a8d9052735f6
Agent b392beb3-a9aa-4607-adb3-aef408ec1e93: 
[DEAD] 
Agent ID: b392beb3-a9aa-4607-adb3-aef408ec1e93
Agent b45052c0-ac4f-419f-b0f1-131d9e53b8eb: 
[DEAD] 
Agent ID: b45052c0-ac4f-419f-b0f1-131d9e53b8eb
Agent be7f7ed2-8b27-481b-b7aa-92d9f640e999: 
[DEAD] 
Agent ID: be7f7ed2-8b27-481b-b7aa-92d9f640e999
Agent dbfccb8c-e7fb-4efe-8b18-b4dda7d0f282: 
[DEAD] 
Agent ID: dbfccb8c-e7fb-4efe-8b18-b4dda7d0f282
Agent ed332e55-2375-4508-9e6d-85fbdf72ecb1: 
[DEAD] 
Agent ID: ed332e55-2375-4508-9e6d-85fbdf72ecb1
Agent f91de57a-6adc-45cb-b114-508d88c4644d: 
[DEAD] 
Agent ID: f91de57a-6adc-45cb-b114-508d88c4644d

Iteration 1, Turn 0:

Iteration 1, Turn 0:
Agent 183490b8-bb03-4d05-a16d-be8dc9554686: 
[DEAD] 
Agent ID: 183490b8-bb03-4d05-a16d-be8dc9554686
Agent 1e4e4a90-8967-4fa3-8fcf-498abc0a02cb: 
[DEAD] 
Agent ID: 1e4e4a90-8967-4fa3-8fcf-498abc0a02cb
Agent 3d64dacb-b631-4310-914d-34dbeff3241c: 
[DEAD] 
Agent ID: 3d64dacb-b631-4310-914d-34dbeff3241c
Agent 42b668da-b539-4c49-aa23-0ac0e270211d: 
[DEAD] 
Agent ID: 42b668da-b539-4c49-aa23-0ac0e270211d
Agent 46121fc8-fb2d-4d01-bed2-9a8d061bf344: 
[DEAD] 
Agent ID: 46121fc8-fb2d-4d01-bed2-9a8d061bf344
Agent 5a028470-37ed-408e-8409-4531fa540619: 
[DEAD] 
Agent ID: 5a028470-37ed-408e-8409-4531fa540619
Agent 6ba22e72-7ba3-4de3-890d-e617e5e532f5: 
[DEAD] 
Agent ID: 6ba22e72-7ba3-4de3-890d-e617e5e532f5
Agent 734e5979-cbcf-477b-90f0-38b9530f1c9d: 
[DEAD] 
Agent ID: 734e5979-cbcf-477b-90f0-38b9530f1c9d
Agent 8ad6a7b0-579d-434b-83ab-8b1ab2d6f64f: 
[DEAD] 
Agent ID: 8ad6a7b0-579d-434b-83ab-8b1ab2d6f64f
Agent 95c117af-df83-411f-91b8-a8d9052735f6: 
[DEAD] 
Agent ID: 95c117af-df83-411f-91b8-a8d9052735f6
Agent b392beb3-a9aa-4607-adb3-aef408ec1e93: 
[DEAD] 
Agent ID: b392beb3-a9aa-4607-adb3-aef408ec1e93
Agent b45052c0-ac4f-419f-b0f1-131d9e53b8eb: 
[DEAD] 
Agent ID: b45052c0-ac4f-419f-b0f1-131d9e53b8eb
Agent be7f7ed2-8b27-481b-b7aa-92d9f640e999: 
[DEAD] 
Agent ID: be7f7ed2-8b27-481b-b7aa-92d9f640e999
Agent dbfccb8c-e7fb-4efe-8b18-b4dda7d0f282: 
[DEAD] 
Agent ID: dbfccb8c-e7fb-4efe-8b18-b4dda7d0f282
Agent ed332e55-2375-4508-9e6d-85fbdf72ecb1: 
[DEAD] 
Agent ID: ed332e55-2375-4508-9e6d-85fbdf72ecb1
Agent f91de57a-6adc-45cb-b114-508d88c4644d: 
[DEAD] 
Agent ID: f91de57a-6adc-45cb-b114-508d88c4644d

Iteration 1, Turn 1:
Agent 183490b8-bb03-4d05-a16d-be8dc9554686: 
[DEAD] 
Agent ID: 183490b8-bb03-4d05-a16d-be8dc9554686
Agent 1e4e4a90-8967-4fa3-8fcf-498abc0a02cb: 
[DEAD] 
Agent ID: 1e4e4a90-8967-4fa3-8fcf-498abc0a02cb
Agent 3d64dacb-b631-4310-914d-34dbeff3241c: 
[DEAD] 
Agent ID: 3d64dacb-b631-4310-914d-34dbeff3241c
Agent 42b668da-b539-4c49-aa23-0ac0e270211d: 
[DEAD] 
Agent ID: 42b668da-b539-4c49-aa23-0ac0e270211d
Agent 46121fc8-fb2d-4d01-bed2-9a8d061bf344: 
[DEAD] 
Agent ID: 46121fc8-fb2d-4d01-bed2-9a8d061bf344
Agent 5a028470-37ed-408e-8409-4531fa540619: 
[DEAD] 
Agent ID: 5a028470-37ed-408e-8409-4531fa540619
Agent 6ba22e72-7ba3-4de3-890d-e617e5e532f5: 
[DEAD] 
Agent ID: 6ba22e72-7ba3-4de3-890d-e617e5e532f5
Agent 734e5979-cbcf-477b-90f0-38b9530f1c9d: 
[DEAD] 
Agent ID: 734e5979-cbcf-477b-90f0-38b9530f1c9d
Agent 8ad6a7b0-579d-434b-83ab-8b1ab2d6f64f: 
[DEAD] 
Agent ID: 8ad6a7b0-579d-434b-83ab-8b1ab2d6f64f
Agent 95c117af-df83-411f-91b8-a8d9052735f6: 
[DEAD] 
Agent ID: 95c117af-df83-411f-91b8-a8d9052735f6
Agent b392beb3-a9aa-4607-adb3-aef408ec1e93: 
[DEAD] 
Agent ID: b392beb3-a9aa-4607-adb3-aef408ec1e93
Agent b45052c0-ac4f-419f-b0f1-131d9e53b8eb: 
[DEAD] 
Agent ID: b45052c0-ac4f-419f-b0f1-131d9e53b8eb
Agent be7f7ed2-8b27-481b-b7aa-92d9f640e999: 
[DEAD] 
Agent ID: be7f7ed2-8b27-481b-b7aa-92d9f640e999
Agent dbfccb8c-e7fb-4efe-8b18-b4dda7d0f282: 
[DEAD] 
Agent ID: dbfccb8c-e7fb-4efe-8b18-b4dda7d0f282
Agent ed332e55-2375-4508-9e6d-85fbdf72ecb1: 
[DEAD] 
Agent ID: ed332e55-2375-4508-9e6d-85fbdf72ecb1
Agent f91de57a-6adc-45cb-b114-508d88c4644d: 
[DEAD] 
Agent ID: f91de57a-6adc-45cb-b114-508d88c4644d

Iteration 1, Turn 2:
Agent 183490b8-bb03-4d05-a16d-be8dc9554686: 
[DEAD] 
Agent ID: 183490b8-bb03-4d05-a16d-be8dc9554686
Agent 1e4e4a90-8967-4fa3-8fcf-498abc0a02cb: 
[DEAD] 
Agent ID: 1e4e4a90-8967-4fa3-8fcf-498abc0a02cb
Agent 3d64dacb-b631-4310-914d-34dbeff3241c: 
[DEAD] 
Agent ID: 3d64dacb-b631-4310-914d-34dbeff3241c
Agent 42b668da-b539-4c49-aa23-0ac0e270211d: 
[DEAD] 
Agent ID: 42b668da-b539-4c49-aa23-0ac0e270211d
Agent 46121fc8-fb2d-4d01-bed2-9a8d061bf344: 
[DEAD] 
Agent ID: 46121fc8-fb2d-4d01-bed2-9a8d061bf344
Agent 5a028470-37ed-408e-8409-4531fa540619: 
[DEAD] 
Agent ID: 5a028470-37ed-408e-8409-4531fa540619
Agent 6ba22e72-7ba3-4de3-890d-e617e5e532f5: 
[DEAD] 
Agent ID: 6ba22e72-7ba3-4de3-890d-e617e5e532f5
Agent 734e5979-cbcf-477b-90f0-38b9530f1c9d: 
[DEAD] 
Agent ID: 734e5979-cbcf-477b-90f0-38b9530f1c9d
Agent 8ad6a7b0-579d-434b-83ab-8b1ab2d6f64f: 
[DEAD] 
Agent ID: 8ad6a7b0-579d-434b-83ab-8b1ab2d6f64f
Agent 95c117af-df83-411f-91b8-a8d9052735f6: 
[DEAD] 
Agent ID: 95c117af-df83-411f-91b8-a8d9052735f6
Agent b392beb3-a9aa-4607-adb3-aef408ec1e93: 
[DEAD] 
Agent ID: b392beb3-a9aa-4607-adb3-aef408ec1e93
Agent b45052c0-ac4f-419f-b0f1-131d9e53b8eb: 
[DEAD] 
Agent ID: b45052c0-ac4f-419f-b0f1-131d9e53b8eb
Agent be7f7ed2-8b27-481b-b7aa-92d9f640e999: 
[DEAD] 
Agent ID: be7f7ed2-8b27-481b-b7aa-92d9f640e999
Agent dbfccb8c-e7fb-4efe-8b18-b4dda7d0f282: 
[DEAD] 
Agent ID: dbfccb8c-e7fb-4efe-8b18-b4dda7d0f282
Agent ed332e55-2375-4508-9e6d-85fbdf72ecb1: 
[DEAD] 
Agent ID: ed332e55-2375-4508-9e6d-85fbdf72ecb1
Agent f91de57a-6adc-45cb-b114-508d88c4644d: 
[DEAD] 
Agent ID: f91de57a-6adc-45cb-b114-508d88c4644d

Iteration 1, Turn 3:
Agent 183490b8-bb03-4d05-a16d-be8dc9554686: 
[DEAD] 
Agent ID: 183490b8-bb03-4d05-a16d-be8dc9554686
Agent 1e4e4a90-8967-4fa3-8fcf-498abc0a02cb: 
[DEAD] 
Agent ID: 1e4e4a90-8967-4fa3-8fcf-498abc0a02cb
Agent 3d64dacb-b631-4310-914d-34dbeff3241c: 
[DEAD] 
Agent ID: 3d64dacb-b631-4310-914d-34dbeff3241c
Agent 42b668da-b539-4c49-aa23-0ac0e270211d: 
[DEAD] 
Agent ID: 42b668da-b539-4c49-aa23-0ac0e270211d
Agent 46121fc8-fb2d-4d01-bed2-9a8d061bf344: 
[DEAD] 
Agent ID: 46121fc8-fb2d-4d01-bed2-9a8d061bf344
Agent 5a028470-37ed-408e-8409-4531fa540619: 
[DEAD] 
Agent ID: 5a028470-37ed-408e-8409-4531fa540619
Agent 6ba22e72-7ba3-4de3-890d-e617e5e532f5: 
[DEAD] 
Agent ID: 6ba22e72-7ba3-4de3-890d-e617e5e532f5
Agent 734e5979-cbcf-477b-90f0-38b9530f1c9d: 
[DEAD] 
Agent ID: 734e5979-cbcf-477b-90f0-38b9530f1c9d
Agent 8ad6a7b0-579d-434b-83ab-8b1ab2d6f64f: 
[DEAD] 
Agent ID: 8ad6a7b0-579d-434b-83ab-8b1ab2d6f64f
Agent 95c117af-df83-411f-91b8-a8d9052735f6: 
[DEAD] 
Agent ID: 95c117af-df83-411f-91b8-a8d9052735f6
Agent b392beb3-a9aa-4607-adb3-aef408ec1e93: 
[DEAD] 
Agent ID: b392beb3-a9aa-4607-adb3-aef408ec1e93
Agent b45052c0-ac4f-419f-b0f1-131d9e53b8eb: 
[DEAD] 
Agent ID: b45052c0-ac4f-419f-b0f1-131d9e53b8eb
Agent be7f7ed2-8b27-481b-b7aa-92d9f640e999: 
[DEAD] 
Agent ID: be7f7ed2-8b27-481b-b7aa-92d9f640e999
Agent dbfccb8c-e7fb-4efe-8b18-b4dda7d0f282: 
[DEAD] 
Agent ID: dbfccb8c-e7fb-4efe-8b18-b4dda7d0f282
Agent ed332e55-2375-4508-9e6d-85fbdf72ecb1: 
[DEAD] 
Agent ID: ed332e55-2375-4508-9e6d-85fbdf72ecb1
Agent f91de57a-6adc-45cb-b114-508d88c4644d: 
[DEAD] 
Agent ID: f91de57a-6adc-45cb-b114-508d88c4644d

Iteration 1, Turn 4:
Agent 183490b8-bb03-4d05-a16d-be8dc9554686: 
[DEAD] 
Agent ID: 183490b8-bb03-4d05-a16d-be8dc9554686
Agent 1e4e4a90-8967-4fa3-8fcf-498abc0a02cb: 
[DEAD] 
Agent ID: 1e4e4a90-8967-4fa3-8fcf-498abc0a02cb
Agent 3d64dacb-b631-4310-914d-34dbeff3241c: 
[DEAD] 
Agent ID: 3d64dacb-b631-4310-914d-34dbeff3241c
Agent 42b668da-b539-4c49-aa23-0ac0e270211d: 
[DEAD] 
Agent ID: 42b668da-b539-4c49-aa23-0ac0e270211d
Agent 46121fc8-fb2d-4d01-bed2-9a8d061bf344: 
[DEAD] 
Agent ID: 46121fc8-fb2d-4d01-bed2-9a8d061bf344
Agent 5a028470-37ed-408e-8409-4531fa540619: 
[DEAD] 
Agent ID: 5a028470-37ed-408e-8409-4531fa540619
Agent 6ba22e72-7ba3-4de3-890d-e617e5e532f5: 
[DEAD] 
Agent ID: 6ba22e72-7ba3-4de3-890d-e617e5e532f5
Agent 734e5979-cbcf-477b-90f0-38b9530f1c9d: 
[DEAD] 
Agent ID: 734e5979-cbcf-477b-90f0-38b9530f1c9d
Agent 8ad6a7b0-579d-434b-83ab-8b1ab2d6f64f: 
[DEAD] 
Agent ID: 8ad6a7b0-579d-434b-83ab-8b1ab2d6f64f
Agent 95c117af-df83-411f-91b8-a8d9052735f6: 
[DEAD] 
Agent ID: 95c117af-df83-411f-91b8-a8d9052735f6
Agent b392beb3-a9aa-4607-adb3-aef408ec1e93: 
[DEAD] 
Agent ID: b392beb3-a9aa-4607-adb3-aef408ec1e93
Agent b45052c0-ac4f-419f-b0f1-131d9e53b8eb: 
[DEAD] 
Agent ID: b45052c0-ac4f-419f-b0f1-131d9e53b8eb
Agent be7f7ed2-8b27-481b-b7aa-92d9f640e999: 
[DEAD] 
Agent ID: be7f7ed2-8b27-481b-b7aa-92d9f640e999
Agent dbfccb8c-e7fb-4efe-8b18-b4dda7d0f282: 
[DEAD] 
Agent ID: dbfccb8c-e7fb-4efe-8b18-b4dda7d0f282
Agent ed332e55-2375-4508-9e6d-85fbdf72ecb1: 
[DEAD] 
Agent ID: ed332e55-2375-4508-9e6d-85fbdf72ecb1
Agent f91de57a-6adc-45cb-b114-508d88c4644d: 
[DEAD] 
Agent ID: f91de57a-6adc-45cb-b114-508d88c4644d

Iteration 2, Turn 0:

Iteration 2, Turn 0:
Agent 183490b8-bb03-4d05-a16d-be8dc9554686: 
[DEAD] 
Agent ID: 183490b8-bb03-4d05-a16d-be8dc9554686
Agent 1e4e4a90-8967-4fa3-8fcf-498abc0a02cb: 
[DEAD] 
Agent ID: 1e4e4a90-8967-4fa3-8fcf-498abc0a02cb
Agent 3d64dacb-b631-4310-914d-34dbeff3241c: 
[DEAD] 
Agent ID: 3d64dacb-b631-4310-914d-34dbeff3241c
Agent 42b668da-b539-4c49-aa23-0ac0e270211d: 
[DEAD] 
Agent ID: 42b668da-b539-4c49-aa23-0ac0e270211d
Agent 46121fc8-fb2d-4d01-bed2-9a8d061bf344: 
[DEAD] 
Agent ID: 46121fc8-fb2d-4d01-bed2-9a8d061bf344
Agent 5a028470-37ed-408e-8409-4531fa540619: 
[DEAD] 
Agent ID: 5a028470-37ed-408e-8409-4531fa540619
Agent 6ba22e72-7ba3-4de3-890d-e617e5e532f5: 
[DEAD] 
Agent ID: 6ba22e72-7ba3-4de3-890d-e617e5e532f5
Agent 734e5979-cbcf-477b-90f0-38b9530f1c9d: 
[DEAD] 
Agent ID: 734e5979-cbcf-477b-90f0-38b9530f1c9d
Agent 8ad6a7b0-579d-434b-83ab-8b1ab2d6f64f: 
[DEAD] 
Agent ID: 8ad6a7b0-579d-434b-83ab-8b1ab2d6f64f
Agent 95c117af-df83-411f-91b8-a8d9052735f6: 
[DEAD] 
Agent ID: 95c117af-df83-411f-91b8-a8d9052735f6
Agent b392beb3-a9aa-4607-adb3-aef408ec1e93: 
[DEAD] 
Agent ID: b392beb3-a9aa-4607-adb3-aef408ec1e93
Agent b45052c0-ac4f-419f-b0f1-131d9e53b8eb: 
[DEAD] 
Agent ID: b45052c0-ac4f-419f-b0f1-131d9e53b8eb
Agent be7f7ed2-8b27-481b-b7aa-92d9f640e999: 
[DEAD] 
Agent ID: be7f7ed2-8b27-481b-b7aa-92d9f640e999
Agent dbfccb8c-e7fb-4efe-8b18-b4dda7d0f282: 
[DEAD] 
Agent ID: dbfccb8c-e7fb-4efe-8b18-b4dda7d0f282
Agent ed332e55-2375-4508-9e6d-85fbdf72ecb1: 
[DEAD] 
Agent ID: ed332e55-2375-4508-9e6d-85fbdf72ecb1
Agent f91de57a-6adc-45cb-b114-508d88c4644d: 
[DEAD] 
Agent ID: f91de57a-6adc-45cb-b114-508d88c4644d

Iteration 2, Turn 1:
Agent 183490b8-bb03-4d05-a16d-be8dc9554686: 
[DEAD] 
Agent ID: 183490b8-bb03-4d05-a16d-be8dc9554686
Agent 1e4e4a90-8967-4fa3-8fcf-498abc0a02cb: 
[DEAD] 
Agent ID: 1e4e4a90-8967-4fa3-8fcf-498abc0a02cb
Agent 3d64dacb-b631-4310-914d-34dbeff3241c: 
[DEAD] 
Agent ID: 3d64dacb-b631-4310-914d-34dbeff3241c
Agent 42b668da-b539-4c49-aa23-0ac0e270211d: 
[DEAD] 
Agent ID: 42b668da-b539-4c49-aa23-0ac0e270211d
Agent 46121fc8-fb2d-4d01-bed2-9a8d061bf344: 
[DEAD] 
Agent ID: 46121fc8-fb2d-4d01-bed2-9a8d061bf344
Agent 5a028470-37ed-408e-8409-4531fa540619: 
[DEAD] 
Agent ID: 5a028470-37ed-408e-8409-4531fa540619
Agent 6ba22e72-7ba3-4de3-890d-e617e5e532f5: 
[DEAD] 
Agent ID: 6ba22e72-7ba3-4de3-890d-e617e5e532f5
Agent 734e5979-cbcf-477b-90f0-38b9530f1c9d: 
[DEAD] 
Agent ID: 734e5979-cbcf-477b-90f0-38b9530f1c9d
Agent 8ad6a7b0-579d-434b-83ab-8b1ab2d6f64f: 
[DEAD] 
Agent ID: 8ad6a7b0-579d-434b-83ab-8b1ab2d6f64f
Agent 95c117af-df83-411f-91b8-a8d9052735f6: 
[DEAD] 
Agent ID: 95c117af-df83-411f-91b8-a8d9052735f6
Agent b392beb3-a9aa-4607-adb3-aef408ec1e93: 
[DEAD] 
Agent ID: b392beb3-a9aa-4607-adb3-aef408ec1e93
Agent b45052c0-ac4f-419f-b0f1-131d9e53b8eb: 
[DEAD] 
Agent ID: b45052c0-ac4f-419f-b0f1-131d9e53b8eb
Agent be7f7ed2-8b27-481b-b7aa-92d9f640e999: 
[DEAD] 
Agent ID: be7f7ed2-8b27-481b-b7aa-92d9f640e999
Agent dbfccb8c-e7fb-4efe-8b18-b4dda7d0f282: 
[DEAD] 
Agent ID: dbfccb8c-e7fb-4efe-8b18-b4dda7d0f282
Agent ed332e55-2375-4508-9e6d-85fbdf72ecb1: 
[DEAD] 
Agent ID: ed332e55-2375-4508-9e6d-85fbdf72ecb1
Agent f91de57a-6adc-45cb-b114-508d88c4644d: 
[DEAD] 
Agent ID: f91de57a-6adc-45cb-b114-508d88c4644d

Iteration 2, Turn 2:
Agent 183490b8-bb03-4d05-a16d-be8dc9554686: 
[DEAD] 
Agent ID: 183490b8-bb03-4d05-a16d-be8dc9554686
Agent 1e4e4a90-8967-4fa3-8fcf-498abc0a02cb: 
[DEAD] 
Agent ID: 1e4e4a90-8967-4fa3-8fcf-498abc0a02cb
Agent 3d64dacb-b631-4310-914d-34dbeff3241c: 
[DEAD] 
Agent ID: 3d64dacb-b631-4310-914d-34dbeff3241c
Agent 42b668da-b539-4c49-aa23-0ac0e270211d: 
[DEAD] 
Agent ID: 42b668da-b539-4c49-aa23-0ac0e270211d
Agent 46121fc8-fb2d-4d01-bed2-9a8d061bf344: 
[DEAD] 
Agent ID: 46121fc8-fb2d-4d01-bed2-9a8d061bf344
Agent 5a028470-37ed-408e-8409-4531fa540619: 
[DEAD] 
Agent ID: 5a028470-37ed-408e-8409-4531fa540619
Agent 6ba22e72-7ba3-4de3-890d-e617e5e532f5: 
[DEAD] 
Agent ID: 6ba22e72-7ba3-4de3-890d-e617e5e532f5
Agent 734e5979-cbcf-477b-90f0-38b9530f1c9d: 
[DEAD] 
Agent ID: 734e5979-cbcf-477b-90f0-38b9530f1c9d
Agent 8ad6a7b0-579d-434b-83ab-8b1ab2d6f64f: 
[DEAD] 
Agent ID: 8ad6a7b0-579d-434b-83ab-8b1ab2d6f64f
Agent 95c117af-df83-411f-91b8-a8d9052735f6: 
[DEAD] 
Agent ID: 95c117af-df83-411f-91b8-a8d9052735f6
Agent b392beb3-a9aa-4607-adb3-aef408ec1e93: 
[DEAD] 
Agent ID: b392beb3-a9aa-4607-adb3-aef408ec1e93
Agent b45052c0-ac4f-419f-b0f1-131d9e53b8eb: 
[DEAD] 
Agent ID: b45052c0-ac4f-419f-b0f1-131d9e53b8eb
Agent be7f7ed2-8b27-481b-b7aa-92d9f640e999: 
[DEAD] 
Agent ID: be7f7ed2-8b27-481b-b7aa-92d9f640e999
Agent dbfccb8c-e7fb-4efe-8b18-b4dda7d0f282: 
[DEAD] 
Agent ID: dbfccb8c-e7fb-4efe-8b18-b4dda7d0f282
Agent ed332e55-2375-4508-9e6d-85fbdf72ecb1: 
[DEAD] 
Agent ID: ed332e55-2375-4508-9e6d-85fbdf72ecb1
Agent f91de57a-6adc-45cb-b114-508d88c4644d: 
[DEAD] 
Agent ID: f91de57a-6adc-45cb-b114-508d88c4644d

Iteration 2, Turn 3:
Agent 183490b8-bb03-4d05-a16d-be8dc9554686: 
[DEAD] 
Agent ID: 183490b8-bb03-4d05-a16d-be8dc9554686
Agent 1e4e4a90-8967-4fa3-8fcf-498abc0a02cb: 
[DEAD] 
Agent ID: 1e4e4a90-8967-4fa3-8fcf-498abc0a02cb
Agent 3d64dacb-b631-4310-914d-34dbeff3241c: 
[DEAD] 
Agent ID: 3d64dacb-b631-4310-914d-34dbeff3241c
Agent 42b668da-b539-4c49-aa23-0ac0e270211d: 
[DEAD] 
Agent ID: 42b668da-b539-4c49-aa23-0ac0e270211d
Agent 46121fc8-fb2d-4d01-bed2-9a8d061bf344: 
[DEAD] 
Agent ID: 46121fc8-fb2d-4d01-bed2-9a8d061bf344
Agent 5a028470-37ed-408e-8409-4531fa540619: 
[DEAD] 
Agent ID: 5a028470-37ed-408e-8409-4531fa540619
Agent 6ba22e72-7ba3-4de3-890d-e617e5e532f5: 
[DEAD] 
Agent ID: 6ba22e72-7ba3-4de3-890d-e617e5e532f5
Agent 734e5979-cbcf-477b-90f0-38b9530f1c9d: 
[DEAD] 
Agent ID: 734e5979-cbcf-477b-90f0-38b9530f1c9d
Agent 8ad6a7b0-579d-434b-83ab-8b1ab2d6f64f: 
[DEAD] 
Agent ID: 8ad6a7b0-579d-434b-83ab-8b1ab2d6f64f
Agent 95c117af-df83-411f-91b8-a8d9052735f6: 
[DEAD] 
Agent ID: 95c117af-df83-411f-91b8-a8d9052735f6
Agent b392beb3-a9aa-4607-adb3-aef408ec1e93: 
[DEAD] 
Agent ID: b392beb3-a9aa-4607-adb3-aef408ec1e93
Agent b45052c0-ac4f-419f-b0f1-131d9e53b8eb: 
[DEAD] 
Agent ID: b45052c0-ac4f-419f-b0f1-131d9e53b8eb
Agent be7f7ed2-8b27-481b-b7aa-92d9f640e999: 
[DEAD] 
Agent ID: be7f7ed2-8b27-481b-b7aa-92d9f640e999
Agent dbfccb8c-e7fb-4efe-8b18-b4dda7d0f282: 
[DEAD] 
Agent ID: dbfccb8c-e7fb-4efe-8b18-b4dda7d0f282
Agent ed332e55-2375-4508-9e6d-85fbdf72ecb1: 
[DEAD] 
Agent ID: ed332e55-2375-4508-9e6d-85fbdf72ecb1
Agent f91de57a-6adc-45cb-b114-508d88c4644d: 
[DEAD] 
Agent ID: f91de57a-6adc-45cb-b114-508d88c4644d

Iteration 2, Turn 4:
Agent 183490b8-bb03-4d05-a16d-be8dc9554686: 
[DEAD] 
Agent ID: 183490b8-bb03-4d05-a16d-be8dc9554686
Agent 1e4e4a90-8967-4fa3-8fcf-498abc0a02cb: 
[DEAD] 
Agent ID: 1e4e4a90-8967-4fa3-8fcf-498abc0a02cb
Agent 3d64dacb-b631-4310-914d-34dbeff3241c: 
[DEAD] 
Agent ID: 3d64dacb-b631-4310-914d-34dbeff3241c
Agent 42b668da-b539-4c49-aa23-0ac0e270211d: 
[DEAD] 
Agent ID: 42b668da-b539-4c49-aa23-0ac0e270211d
Agent 46121fc8-fb2d-4d01-bed2-9a8d061bf344: 
[DEAD] 
Agent ID: 46121fc8-fb2d-4d01-bed2-9a8d061bf344
Agent 5a028470-37ed-408e-8409-4531fa540619: 
[DEAD] 
Agent ID: 5a028470-37ed-408e-8409-4531fa540619
Agent 6ba22e72-7ba3-4de3-890d-e617e5e532f5: 
[DEAD] 
Agent ID: 6ba22e72-7ba3-4de3-890d-e617e5e532f5
Agent 734e5979-cbcf-477b-90f0-38b9530f1c9d: 
[DEAD] 
Agent ID: 734e5979-cbcf-477b-90f0-38b9530f1c9d
Agent 8ad6a7b0-579d-434b-83ab-8b1ab2d6f64f: 
[DEAD] 
Agent ID: 8ad6a7b0-579d-434b-83ab-8b1ab2d6f64f
Agent 95c117af-df83-411f-91b8-a8d9052735f6: 
[DEAD] 
Agent ID: 95c117af-df83-411f-91b8-a8d9052735f6
Agent b392beb3-a9aa-4607-adb3-aef408ec1e93: 
[DEAD] 
Agent ID: b392beb3-a9aa-4607-adb3-aef408ec1e93
Agent b45052c0-ac4f-419f-b0f1-131d9e53b8eb: 
[DEAD] 
Agent ID: b45052c0-ac4f-419f-b0f1-131d9e53b8eb
Agent be7f7ed2-8b27-481b-b7aa-92d9f640e999: 
[DEAD] 
Agent ID: be7f7ed2-8b27-481b-b7aa-92d9f640e999
Agent dbfccb8c-e7fb-4efe-8b18-b4dda7d0f282: 
[DEAD] 
Agent ID: dbfccb8c-e7fb-4efe-8b18-b4dda7d0f282
Agent ed332e55-2375-4508-9e6d-85fbdf72ecb1: 
[DEAD] 
Agent ID: ed332e55-2375-4508-9e6d-85fbdf72ecb1
Agent f91de57a-6adc-45cb-b114-508d88c4644d: 
[DEAD] 
Agent ID: f91de57a-6adc-45cb-b114-508d88c4644d
