main function started.
--------Start of iteration 0---------


Iteration 0, Turn 0, current agent count: 5


Iteration 0, Turn 1, current agent count: 5


Iteration 0, Turn 2, current agent count: 5


Iteration 0, Turn 3, current agent count: 5


Iteration 0, Turn 4, current agent count: 5
--------End of iteration 0---------
--------Start of iteration 1---------


Iteration 1, Turn 0, current agent count: 5


Iteration 1, Turn 1, current agent count: 5


Iteration 1, Turn 2, current agent count: 5


Iteration 1, Turn 3, current agent count: 5


Iteration 1, Turn 4, current agent count: 5
--------End of iteration 1---------
--------Start of iteration 2---------


Iteration 2, Turn 0, current agent count: 5


Iteration 2, Turn 1, current agent count: 5


Iteration 2, Turn 2, current agent count: 5


Iteration 2, Turn 3, current agent count: 5


Iteration 2, Turn 4, current agent count: 5
--------End of iteration 2---------


GamePlaybackSummary - playing 18 turn records

Iteration 0, Turn 0:

Iteration 0, Turn 1:
Agent 51fa09bb-c5f8-448b-9065-a4c7c8e38e46: 
[DEAD] 
Agent ID: 51fa09bb-c5f8-448b-9065-a4c7c8e38e46
Agent 554f1e22-6a89-40d5-8f48-37926a430d57: 
[DEAD] 
Agent ID: 554f1e22-6a89-40d5-8f48-37926a430d57
Agent 7e704efe-3a48-4989-b7d5-404fc1bc61dc: 
Agent ID: 7e704efe-3a48-4989-b7d5-404fc1bc61dc
Agent 9904e877-2e47-494f-82fb-ecd77043a19f: 
Agent ID: 9904e877-2e47-494f-82fb-ecd77043a19f
Agent b8a7816c-f6a2-4823-84d5-ca57942f4051: 
Agent ID: b8a7816c-f6a2-4823-84d5-ca57942f4051

Iteration 0, Turn 2:
Agent 51fa09bb-c5f8-448b-9065-a4c7c8e38e46: 
[DEAD] 
Agent ID: 51fa09bb-c5f8-448b-9065-a4c7c8e38e46
Agent 554f1e22-6a89-40d5-8f48-37926a430d57: 
[DEAD] 
Agent ID: 554f1e22-6a89-40d5-8f48-37926a430d57
Agent 7e704efe-3a48-4989-b7d5-404fc1bc61dc: 
[DEAD] 
Agent ID: 7e704efe-3a48-4989-b7d5-404fc1bc61dc
Agent 9904e877-2e47-494f-82fb-ecd77043a19f: 
Agent ID: 9904e877-2e47-494f-82fb-ecd77043a19f
Agent b8a7816c-f6a2-4823-84d5-ca57942f4051: 
Agent ID: b8a7816c-f6a2-4823-84d5-ca57942f4051

Iteration 0, Turn 3:
Agent 51fa09bb-c5f8-448b-9065-a4c7c8e38e46: 
[DEAD] 
Agent ID: 51fa09bb-c5f8-448b-9065-a4c7c8e38e46
Agent 554f1e22-6a89-40d5-8f48-37926a430d57: 
[DEAD] 
Agent ID: 554f1e22-6a89-40d5-8f48-37926a430d57
Agent 7e704efe-3a48-4989-b7d5-404fc1bc61dc: 
[DEAD] 
Agent ID: 7e704efe-3a48-4989-b7d5-404fc1bc61dc
Agent 9904e877-2e47-494f-82fb-ecd77043a19f: 
Agent ID: 9904e877-2e47-494f-82fb-ecd77043a19f
Agent b8a7816c-f6a2-4823-84d5-ca57942f4051: 
Agent ID: b8a7816c-f6a2-4823-84d5-ca57942f4051

Iteration 0, Turn 4:
Agent 51fa09bb-c5f8-448b-9065-a4c7c8e38e46: 
[DEAD] 
Agent ID: 51fa09bb-c5f8-448b-9065-a4c7c8e38e46
Agent 554f1e22-6a89-40d5-8f48-37926a430d57: 
[DEAD] 
Agent ID: 554f1e22-6a89-40d5-8f48-37926a430d57
Agent 7e704efe-3a48-4989-b7d5-404fc1bc61dc: 
[DEAD] 
Agent ID: 7e704efe-3a48-4989-b7d5-404fc1bc61dc
Agent 9904e877-2e47-494f-82fb-ecd77043a19f: 
Agent ID: 9904e877-2e47-494f-82fb-ecd77043a19f
Agent b8a7816c-f6a2-4823-84d5-ca57942f4051: 
[DEAD] 
Agent ID: b8a7816c-f6a2-4823-84d5-ca57942f4051

Iteration 0, Turn 5:
Agent 51fa09bb-c5f8-448b-9065-a4c7c8e38e46: 
[DEAD] 
Agent ID: 51fa09bb-c5f8-448b-9065-a4c7c8e38e46
Agent 554f1e22-6a89-40d5-8f48-37926a430d57: 
[DEAD] 
Agent ID: 554f1e22-6a89-40d5-8f48-37926a430d57
Agent 7e704efe-3a48-4989-b7d5-404fc1bc61dc: 
[DEAD] 
Agent ID: 7e704efe-3a48-4989-b7d5-404fc1bc61dc
Agent 9904e877-2e47-494f-82fb-ecd77043a19f: 
[DEAD] 
Agent ID: 9904e877-2e47-494f-82fb-ecd77043a19f
Agent b8a7816c-f6a2-4823-84d5-ca57942f4051: 
[DEAD] 
Agent ID: b8a7816c-f6a2-4823-84d5-ca57942f4051

Iteration 1, Turn 0:

Iteration 1, Turn 1:
Agent 51fa09bb-c5f8-448b-9065-a4c7c8e38e46: 
[DEAD] 
Agent ID: 51fa09bb-c5f8-448b-9065-a4c7c8e38e46
Agent 554f1e22-6a89-40d5-8f48-37926a430d57: 
[DEAD] 
Agent ID: 554f1e22-6a89-40d5-8f48-37926a430d57
Agent 7e704efe-3a48-4989-b7d5-404fc1bc61dc: 
[DEAD] 
Agent ID: 7e704efe-3a48-4989-b7d5-404fc1bc61dc
Agent 9904e877-2e47-494f-82fb-ecd77043a19f: 
[DEAD] 
Agent ID: 9904e877-2e47-494f-82fb-ecd77043a19f
Agent b8a7816c-f6a2-4823-84d5-ca57942f4051: 
[DEAD] 
Agent ID: b8a7816c-f6a2-4823-84d5-ca57942f4051

Iteration 1, Turn 2:
Agent 51fa09bb-c5f8-448b-9065-a4c7c8e38e46: 
[DEAD] 
Agent ID: 51fa09bb-c5f8-448b-9065-a4c7c8e38e46
Agent 554f1e22-6a89-40d5-8f48-37926a430d57: 
[DEAD] 
Agent ID: 554f1e22-6a89-40d5-8f48-37926a430d57
Agent 7e704efe-3a48-4989-b7d5-404fc1bc61dc: 
[DEAD] 
Agent ID: 7e704efe-3a48-4989-b7d5-404fc1bc61dc
Agent 9904e877-2e47-494f-82fb-ecd77043a19f: 
[DEAD] 
Agent ID: 9904e877-2e47-494f-82fb-ecd77043a19f
Agent b8a7816c-f6a2-4823-84d5-ca57942f4051: 
[DEAD] 
Agent ID: b8a7816c-f6a2-4823-84d5-ca57942f4051

Iteration 1, Turn 3:
Agent 51fa09bb-c5f8-448b-9065-a4c7c8e38e46: 
[DEAD] 
Agent ID: 51fa09bb-c5f8-448b-9065-a4c7c8e38e46
Agent 554f1e22-6a89-40d5-8f48-37926a430d57: 
[DEAD] 
Agent ID: 554f1e22-6a89-40d5-8f48-37926a430d57
Agent 7e704efe-3a48-4989-b7d5-404fc1bc61dc: 
[DEAD] 
Agent ID: 7e704efe-3a48-4989-b7d5-404fc1bc61dc
Agent 9904e877-2e47-494f-82fb-ecd77043a19f: 
[DEAD] 
Agent ID: 9904e877-2e47-494f-82fb-ecd77043a19f
Agent b8a7816c-f6a2-4823-84d5-ca57942f4051: 
[DEAD] 
Agent ID: b8a7816c-f6a2-4823-84d5-ca57942f4051

Iteration 1, Turn 4:
Agent 51fa09bb-c5f8-448b-9065-a4c7c8e38e46: 
[DEAD] 
Agent ID: 51fa09bb-c5f8-448b-9065-a4c7c8e38e46
Agent 554f1e22-6a89-40d5-8f48-37926a430d57: 
[DEAD] 
Agent ID: 554f1e22-6a89-40d5-8f48-37926a430d57
Agent 7e704efe-3a48-4989-b7d5-404fc1bc61dc: 
[DEAD] 
Agent ID: 7e704efe-3a48-4989-b7d5-404fc1bc61dc
Agent 9904e877-2e47-494f-82fb-ecd77043a19f: 
[DEAD] 
Agent ID: 9904e877-2e47-494f-82fb-ecd77043a19f
Agent b8a7816c-f6a2-4823-84d5-ca57942f4051: 
[DEAD] 
Agent ID: b8a7816c-f6a2-4823-84d5-ca57942f4051

Iteration 1, Turn 5:
Agent 51fa09bb-c5f8-448b-9065-a4c7c8e38e46: 
[DEAD] 
Agent ID: 51fa09bb-c5f8-448b-9065-a4c7c8e38e46
Agent 554f1e22-6a89-40d5-8f48-37926a430d57: 
[DEAD] 
Agent ID: 554f1e22-6a89-40d5-8f48-37926a430d57
Agent 7e704efe-3a48-4989-b7d5-404fc1bc61dc: 
[DEAD] 
Agent ID: 7e704efe-3a48-4989-b7d5-404fc1bc61dc
Agent 9904e877-2e47-494f-82fb-ecd77043a19f: 
[DEAD] 
Agent ID: 9904e877-2e47-494f-82fb-ecd77043a19f
Agent b8a7816c-f6a2-4823-84d5-ca57942f4051: 
[DEAD] 
Agent ID: b8a7816c-f6a2-4823-84d5-ca57942f4051

Iteration 2, Turn 0:

Iteration 2, Turn 1:
Agent 51fa09bb-c5f8-448b-9065-a4c7c8e38e46: 
[DEAD] 
Agent ID: 51fa09bb-c5f8-448b-9065-a4c7c8e38e46
Agent 554f1e22-6a89-40d5-8f48-37926a430d57: 
[DEAD] 
Agent ID: 554f1e22-6a89-40d5-8f48-37926a430d57
Agent 7e704efe-3a48-4989-b7d5-404fc1bc61dc: 
[DEAD] 
Agent ID: 7e704efe-3a48-4989-b7d5-404fc1bc61dc
Agent 9904e877-2e47-494f-82fb-ecd77043a19f: 
[DEAD] 
Agent ID: 9904e877-2e47-494f-82fb-ecd77043a19f
Agent b8a7816c-f6a2-4823-84d5-ca57942f4051: 
[DEAD] 
Agent ID: b8a7816c-f6a2-4823-84d5-ca57942f4051

Iteration 2, Turn 2:
Agent 51fa09bb-c5f8-448b-9065-a4c7c8e38e46: 
[DEAD] 
Agent ID: 51fa09bb-c5f8-448b-9065-a4c7c8e38e46
Agent 554f1e22-6a89-40d5-8f48-37926a430d57: 
[DEAD] 
Agent ID: 554f1e22-6a89-40d5-8f48-37926a430d57
Agent 7e704efe-3a48-4989-b7d5-404fc1bc61dc: 
[DEAD] 
Agent ID: 7e704efe-3a48-4989-b7d5-404fc1bc61dc
Agent 9904e877-2e47-494f-82fb-ecd77043a19f: 
[DEAD] 
Agent ID: 9904e877-2e47-494f-82fb-ecd77043a19f
Agent b8a7816c-f6a2-4823-84d5-ca57942f4051: 
[DEAD] 
Agent ID: b8a7816c-f6a2-4823-84d5-ca57942f4051

Iteration 2, Turn 3:
Agent 51fa09bb-c5f8-448b-9065-a4c7c8e38e46: 
[DEAD] 
Agent ID: 51fa09bb-c5f8-448b-9065-a4c7c8e38e46
Agent 554f1e22-6a89-40d5-8f48-37926a430d57: 
[DEAD] 
Agent ID: 554f1e22-6a89-40d5-8f48-37926a430d57
Agent 7e704efe-3a48-4989-b7d5-404fc1bc61dc: 
[DEAD] 
Agent ID: 7e704efe-3a48-4989-b7d5-404fc1bc61dc
Agent 9904e877-2e47-494f-82fb-ecd77043a19f: 
[DEAD] 
Agent ID: 9904e877-2e47-494f-82fb-ecd77043a19f
Agent b8a7816c-f6a2-4823-84d5-ca57942f4051: 
[DEAD] 
Agent ID: b8a7816c-f6a2-4823-84d5-ca57942f4051

Iteration 2, Turn 4:
Agent 51fa09bb-c5f8-448b-9065-a4c7c8e38e46: 
[DEAD] 
Agent ID: 51fa09bb-c5f8-448b-9065-a4c7c8e38e46
Agent 554f1e22-6a89-40d5-8f48-37926a430d57: 
[DEAD] 
Agent ID: 554f1e22-6a89-40d5-8f48-37926a430d57
Agent 7e704efe-3a48-4989-b7d5-404fc1bc61dc: 
[DEAD] 
Agent ID: 7e704efe-3a48-4989-b7d5-404fc1bc61dc
Agent 9904e877-2e47-494f-82fb-ecd77043a19f: 
[DEAD] 
Agent ID: 9904e877-2e47-494f-82fb-ecd77043a19f
Agent b8a7816c-f6a2-4823-84d5-ca57942f4051: 
[DEAD] 
Agent ID: b8a7816c-f6a2-4823-84d5-ca57942f4051

Iteration 2, Turn 5:
Agent 51fa09bb-c5f8-448b-9065-a4c7c8e38e46: 
[DEAD] 
Agent ID: 51fa09bb-c5f8-448b-9065-a4c7c8e38e46
Agent 554f1e22-6a89-40d5-8f48-37926a430d57: 
[DEAD] 
Agent ID: 554f1e22-6a89-40d5-8f48-37926a430d57
Agent 7e704efe-3a48-4989-b7d5-404fc1bc61dc: 
[DEAD] 
Agent ID: 7e704efe-3a48-4989-b7d5-404fc1bc61dc
Agent 9904e877-2e47-494f-82fb-ecd77043a19f: 
[DEAD] 
Agent ID: 9904e877-2e47-494f-82fb-ecd77043a19f
Agent b8a7816c-f6a2-4823-84d5-ca57942f4051: 
[DEAD] 
Agent ID: b8a7816c-f6a2-4823-84d5-ca57942f4051
