main function started.
--------Start of iteration 0---------


Iteration 0, Turn 0, current agent count: 5


Iteration 0, Turn 1, current agent count: 5


Iteration 0, Turn 2, current agent count: 5


Iteration 0, Turn 3, current agent count: 5


Iteration 0, Turn 4, current agent count: 5
--------End of iteration 0---------
--------Start of iteration 1---------


Iteration 1, Turn 0, current agent count: 5


Iteration 1, Turn 1, current agent count: 5


Iteration 1, Turn 2, current agent count: 5


Iteration 1, Turn 3, current agent count: 5


Iteration 1, Turn 4, current agent count: 5
--------End of iteration 1---------
--------Start of iteration 2---------


Iteration 2, Turn 0, current agent count: 5


Iteration 2, Turn 1, current agent count: 5


Iteration 2, Turn 2, current agent count: 5


Iteration 2, Turn 3, current agent count: 5


Iteration 2, Turn 4, current agent count: 5
--------End of iteration 2---------


GamePlaybackSummary - playing 18 turn records

Iteration 0, Turn 0:

Iteration 0, Turn 1:
Agent 1c22eb26-2077-4167-acb6-e72ef12416e1: 
Agent ID: 1c22eb26-2077-4167-acb6-e72ef12416e1
Agent 5e3f925c-a8d4-4be3-a90c-3af95c7abecf: 
Agent ID: 5e3f925c-a8d4-4be3-a90c-3af95c7abecf
Agent 9d8fad4d-59ea-4287-b871-70486097e4f8: 
[DEAD] 
Agent ID: 9d8fad4d-59ea-4287-b871-70486097e4f8
Agent dc32f6ac-a2ac-45b2-a41c-cec129245d11: 
Agent ID: dc32f6ac-a2ac-45b2-a41c-cec129245d11
Agent e348600a-71e0-47e3-9c10-6958ff7d3d82: 
[DEAD] 
Agent ID: e348600a-71e0-47e3-9c10-6958ff7d3d82

Iteration 0, Turn 2:
Agent 1c22eb26-2077-4167-acb6-e72ef12416e1: 
Agent ID: 1c22eb26-2077-4167-acb6-e72ef12416e1
Agent 5e3f925c-a8d4-4be3-a90c-3af95c7abecf: 
[DEAD] 
Agent ID: 5e3f925c-a8d4-4be3-a90c-3af95c7abecf
Agent 9d8fad4d-59ea-4287-b871-70486097e4f8: 
[DEAD] 
Agent ID: 9d8fad4d-59ea-4287-b871-70486097e4f8
Agent dc32f6ac-a2ac-45b2-a41c-cec129245d11: 
[DEAD] 
Agent ID: dc32f6ac-a2ac-45b2-a41c-cec129245d11
Agent e348600a-71e0-47e3-9c10-6958ff7d3d82: 
[DEAD] 
Agent ID: e348600a-71e0-47e3-9c10-6958ff7d3d82

Iteration 0, Turn 3:
Agent 1c22eb26-2077-4167-acb6-e72ef12416e1: 
Agent ID: 1c22eb26-2077-4167-acb6-e72ef12416e1
Agent 5e3f925c-a8d4-4be3-a90c-3af95c7abecf: 
[DEAD] 
Agent ID: 5e3f925c-a8d4-4be3-a90c-3af95c7abecf
Agent 9d8fad4d-59ea-4287-b871-70486097e4f8: 
[DEAD] 
Agent ID: 9d8fad4d-59ea-4287-b871-70486097e4f8
Agent dc32f6ac-a2ac-45b2-a41c-cec129245d11: 
[DEAD] 
Agent ID: dc32f6ac-a2ac-45b2-a41c-cec129245d11
Agent e348600a-71e0-47e3-9c10-6958ff7d3d82: 
[DEAD] 
Agent ID: e348600a-71e0-47e3-9c10-6958ff7d3d82

Iteration 0, Turn 4:
Agent 1c22eb26-2077-4167-acb6-e72ef12416e1: 
[DEAD] 
Agent ID: 1c22eb26-2077-4167-acb6-e72ef12416e1
Agent 5e3f925c-a8d4-4be3-a90c-3af95c7abecf: 
[DEAD] 
Agent ID: 5e3f925c-a8d4-4be3-a90c-3af95c7abecf
Agent 9d8fad4d-59ea-4287-b871-70486097e4f8: 
[DEAD] 
Agent ID: 9d8fad4d-59ea-4287-b871-70486097e4f8
Agent dc32f6ac-a2ac-45b2-a41c-cec129245d11: 
[DEAD] 
Agent ID: dc32f6ac-a2ac-45b2-a41c-cec129245d11
Agent e348600a-71e0-47e3-9c10-6958ff7d3d82: 
[DEAD] 
Agent ID: e348600a-71e0-47e3-9c10-6958ff7d3d82

Iteration 0, Turn 5:
Agent 1c22eb26-2077-4167-acb6-e72ef12416e1: 
[DEAD] 
Agent ID: 1c22eb26-2077-4167-acb6-e72ef12416e1
Agent 5e3f925c-a8d4-4be3-a90c-3af95c7abecf: 
[DEAD] 
Agent ID: 5e3f925c-a8d4-4be3-a90c-3af95c7abecf
Agent 9d8fad4d-59ea-4287-b871-70486097e4f8: 
[DEAD] 
Agent ID: 9d8fad4d-59ea-4287-b871-70486097e4f8
Agent dc32f6ac-a2ac-45b2-a41c-cec129245d11: 
[DEAD] 
Agent ID: dc32f6ac-a2ac-45b2-a41c-cec129245d11
Agent e348600a-71e0-47e3-9c10-6958ff7d3d82: 
[DEAD] 
Agent ID: e348600a-71e0-47e3-9c10-6958ff7d3d82

Iteration 1, Turn 0:

Iteration 1, Turn 1:
Agent 1c22eb26-2077-4167-acb6-e72ef12416e1: 
[DEAD] 
Agent ID: 1c22eb26-2077-4167-acb6-e72ef12416e1
Agent 5e3f925c-a8d4-4be3-a90c-3af95c7abecf: 
[DEAD] 
Agent ID: 5e3f925c-a8d4-4be3-a90c-3af95c7abecf
Agent 9d8fad4d-59ea-4287-b871-70486097e4f8: 
[DEAD] 
Agent ID: 9d8fad4d-59ea-4287-b871-70486097e4f8
Agent dc32f6ac-a2ac-45b2-a41c-cec129245d11: 
[DEAD] 
Agent ID: dc32f6ac-a2ac-45b2-a41c-cec129245d11
Agent e348600a-71e0-47e3-9c10-6958ff7d3d82: 
[DEAD] 
Agent ID: e348600a-71e0-47e3-9c10-6958ff7d3d82

Iteration 1, Turn 2:
Agent 1c22eb26-2077-4167-acb6-e72ef12416e1: 
[DEAD] 
Agent ID: 1c22eb26-2077-4167-acb6-e72ef12416e1
Agent 5e3f925c-a8d4-4be3-a90c-3af95c7abecf: 
[DEAD] 
Agent ID: 5e3f925c-a8d4-4be3-a90c-3af95c7abecf
Agent 9d8fad4d-59ea-4287-b871-70486097e4f8: 
[DEAD] 
Agent ID: 9d8fad4d-59ea-4287-b871-70486097e4f8
Agent dc32f6ac-a2ac-45b2-a41c-cec129245d11: 
[DEAD] 
Agent ID: dc32f6ac-a2ac-45b2-a41c-cec129245d11
Agent e348600a-71e0-47e3-9c10-6958ff7d3d82: 
[DEAD] 
Agent ID: e348600a-71e0-47e3-9c10-6958ff7d3d82

Iteration 1, Turn 3:
Agent 1c22eb26-2077-4167-acb6-e72ef12416e1: 
[DEAD] 
Agent ID: 1c22eb26-2077-4167-acb6-e72ef12416e1
Agent 5e3f925c-a8d4-4be3-a90c-3af95c7abecf: 
[DEAD] 
Agent ID: 5e3f925c-a8d4-4be3-a90c-3af95c7abecf
Agent 9d8fad4d-59ea-4287-b871-70486097e4f8: 
[DEAD] 
Agent ID: 9d8fad4d-59ea-4287-b871-70486097e4f8
Agent dc32f6ac-a2ac-45b2-a41c-cec129245d11: 
[DEAD] 
Agent ID: dc32f6ac-a2ac-45b2-a41c-cec129245d11
Agent e348600a-71e0-47e3-9c10-6958ff7d3d82: 
[DEAD] 
Agent ID: e348600a-71e0-47e3-9c10-6958ff7d3d82

Iteration 1, Turn 4:
Agent 1c22eb26-2077-4167-acb6-e72ef12416e1: 
[DEAD] 
Agent ID: 1c22eb26-2077-4167-acb6-e72ef12416e1
Agent 5e3f925c-a8d4-4be3-a90c-3af95c7abecf: 
[DEAD] 
Agent ID: 5e3f925c-a8d4-4be3-a90c-3af95c7abecf
Agent 9d8fad4d-59ea-4287-b871-70486097e4f8: 
[DEAD] 
Agent ID: 9d8fad4d-59ea-4287-b871-70486097e4f8
Agent dc32f6ac-a2ac-45b2-a41c-cec129245d11: 
[DEAD] 
Agent ID: dc32f6ac-a2ac-45b2-a41c-cec129245d11
Agent e348600a-71e0-47e3-9c10-6958ff7d3d82: 
[DEAD] 
Agent ID: e348600a-71e0-47e3-9c10-6958ff7d3d82

Iteration 1, Turn 5:
Agent 1c22eb26-2077-4167-acb6-e72ef12416e1: 
[DEAD] 
Agent ID: 1c22eb26-2077-4167-acb6-e72ef12416e1
Agent 5e3f925c-a8d4-4be3-a90c-3af95c7abecf: 
[DEAD] 
Agent ID: 5e3f925c-a8d4-4be3-a90c-3af95c7abecf
Agent 9d8fad4d-59ea-4287-b871-70486097e4f8: 
[DEAD] 
Agent ID: 9d8fad4d-59ea-4287-b871-70486097e4f8
Agent dc32f6ac-a2ac-45b2-a41c-cec129245d11: 
[DEAD] 
Agent ID: dc32f6ac-a2ac-45b2-a41c-cec129245d11
Agent e348600a-71e0-47e3-9c10-6958ff7d3d82: 
[DEAD] 
Agent ID: e348600a-71e0-47e3-9c10-6958ff7d3d82

Iteration 2, Turn 0:

Iteration 2, Turn 1:
Agent 1c22eb26-2077-4167-acb6-e72ef12416e1: 
[DEAD] 
Agent ID: 1c22eb26-2077-4167-acb6-e72ef12416e1
Agent 5e3f925c-a8d4-4be3-a90c-3af95c7abecf: 
[DEAD] 
Agent ID: 5e3f925c-a8d4-4be3-a90c-3af95c7abecf
Agent 9d8fad4d-59ea-4287-b871-70486097e4f8: 
[DEAD] 
Agent ID: 9d8fad4d-59ea-4287-b871-70486097e4f8
Agent dc32f6ac-a2ac-45b2-a41c-cec129245d11: 
[DEAD] 
Agent ID: dc32f6ac-a2ac-45b2-a41c-cec129245d11
Agent e348600a-71e0-47e3-9c10-6958ff7d3d82: 
[DEAD] 
Agent ID: e348600a-71e0-47e3-9c10-6958ff7d3d82

Iteration 2, Turn 2:
Agent 1c22eb26-2077-4167-acb6-e72ef12416e1: 
[DEAD] 
Agent ID: 1c22eb26-2077-4167-acb6-e72ef12416e1
Agent 5e3f925c-a8d4-4be3-a90c-3af95c7abecf: 
[DEAD] 
Agent ID: 5e3f925c-a8d4-4be3-a90c-3af95c7abecf
Agent 9d8fad4d-59ea-4287-b871-70486097e4f8: 
[DEAD] 
Agent ID: 9d8fad4d-59ea-4287-b871-70486097e4f8
Agent dc32f6ac-a2ac-45b2-a41c-cec129245d11: 
[DEAD] 
Agent ID: dc32f6ac-a2ac-45b2-a41c-cec129245d11
Agent e348600a-71e0-47e3-9c10-6958ff7d3d82: 
[DEAD] 
Agent ID: e348600a-71e0-47e3-9c10-6958ff7d3d82

Iteration 2, Turn 3:
Agent 1c22eb26-2077-4167-acb6-e72ef12416e1: 
[DEAD] 
Agent ID: 1c22eb26-2077-4167-acb6-e72ef12416e1
Agent 5e3f925c-a8d4-4be3-a90c-3af95c7abecf: 
[DEAD] 
Agent ID: 5e3f925c-a8d4-4be3-a90c-3af95c7abecf
Agent 9d8fad4d-59ea-4287-b871-70486097e4f8: 
[DEAD] 
Agent ID: 9d8fad4d-59ea-4287-b871-70486097e4f8
Agent dc32f6ac-a2ac-45b2-a41c-cec129245d11: 
[DEAD] 
Agent ID: dc32f6ac-a2ac-45b2-a41c-cec129245d11
Agent e348600a-71e0-47e3-9c10-6958ff7d3d82: 
[DEAD] 
Agent ID: e348600a-71e0-47e3-9c10-6958ff7d3d82

Iteration 2, Turn 4:
Agent 1c22eb26-2077-4167-acb6-e72ef12416e1: 
[DEAD] 
Agent ID: 1c22eb26-2077-4167-acb6-e72ef12416e1
Agent 5e3f925c-a8d4-4be3-a90c-3af95c7abecf: 
[DEAD] 
Agent ID: 5e3f925c-a8d4-4be3-a90c-3af95c7abecf
Agent 9d8fad4d-59ea-4287-b871-70486097e4f8: 
[DEAD] 
Agent ID: 9d8fad4d-59ea-4287-b871-70486097e4f8
Agent dc32f6ac-a2ac-45b2-a41c-cec129245d11: 
[DEAD] 
Agent ID: dc32f6ac-a2ac-45b2-a41c-cec129245d11
Agent e348600a-71e0-47e3-9c10-6958ff7d3d82: 
[DEAD] 
Agent ID: e348600a-71e0-47e3-9c10-6958ff7d3d82

Iteration 2, Turn 5:
Agent 1c22eb26-2077-4167-acb6-e72ef12416e1: 
[DEAD] 
Agent ID: 1c22eb26-2077-4167-acb6-e72ef12416e1
Agent 5e3f925c-a8d4-4be3-a90c-3af95c7abecf: 
[DEAD] 
Agent ID: 5e3f925c-a8d4-4be3-a90c-3af95c7abecf
Agent 9d8fad4d-59ea-4287-b871-70486097e4f8: 
[DEAD] 
Agent ID: 9d8fad4d-59ea-4287-b871-70486097e4f8
Agent dc32f6ac-a2ac-45b2-a41c-cec129245d11: 
[DEAD] 
Agent ID: dc32f6ac-a2ac-45b2-a41c-cec129245d11
Agent e348600a-71e0-47e3-9c10-6958ff7d3d82: 
[DEAD] 
Agent ID: e348600a-71e0-47e3-9c10-6958ff7d3d82
