main function started.
--------Start of iteration 0---------


Iteration 0, Turn 0, current agent count: 10


Iteration 0, Turn 1, current agent count: 10


Iteration 0, Turn 2, current agent count: 10


Iteration 0, Turn 3, current agent count: 10


Iteration 0, Turn 4, current agent count: 10
--------End of iteration 0---------
--------Start of iteration 1---------


Iteration 1, Turn 0, current agent count: 10


Iteration 1, Turn 1, current agent count: 10


Iteration 1, Turn 2, current agent count: 10


Iteration 1, Turn 3, current agent count: 10


Iteration 1, Turn 4, current agent count: 10
--------End of iteration 1---------
--------Start of iteration 2---------


Iteration 2, Turn 0, current agent count: 10


Iteration 2, Turn 1, current agent count: 10


Iteration 2, Turn 2, current agent count: 10


Iteration 2, Turn 3, current agent count: 10


Iteration 2, Turn 4, current agent count: 10
--------End of iteration 2---------


GamePlaybackSummary - playing 18 turn records

Iteration 0, Turn 0:

Iteration 0, Turn 0:
Agent 07bb4256-80f6-4262-9f83-bb86fd52de2a: 
Agent ID: 07bb4256-80f6-4262-9f83-bb86fd52de2a
Agent 2dff6e40-28f1-432c-87e3-23cf9d916efc: 
Agent ID: 2dff6e40-28f1-432c-87e3-23cf9d916efc
Agent 320e3297-21f8-4f9c-9dd1-4e9858c394d2: 
Agent ID: 320e3297-21f8-4f9c-9dd1-4e9858c394d2
Agent 95670254-efa1-4d25-b879-99ad268bb774: 
Agent ID: 95670254-efa1-4d25-b879-99ad268bb774
Agent 9d52c938-d0f0-4ecc-a930-a2e58aca4a90: 
Agent ID: 9d52c938-d0f0-4ecc-a930-a2e58aca4a90
Agent af5e9444-fb59-4ce6-845e-bc4da6261643: 
Agent ID: af5e9444-fb59-4ce6-845e-bc4da6261643
Agent bdef94ec-1ed3-4773-ad5b-a73991faa6c7: 
Agent ID: bdef94ec-1ed3-4773-ad5b-a73991faa6c7
Agent be417cf3-440a-46ec-ae8f-5efad4d5da28: 
Agent ID: be417cf3-440a-46ec-ae8f-5efad4d5da28
Agent bedadbf4-0378-4318-a9d1-a69986fb67fc: 
Agent ID: bedadbf4-0378-4318-a9d1-a69986fb67fc
Agent cf6c1845-0d4b-40c9-9526-592c378cda1e: 
Agent ID: cf6c1845-0d4b-40c9-9526-592c378cda1e

Iteration 0, Turn 1:
Agent 07bb4256-80f6-4262-9f83-bb86fd52de2a: 
Agent ID: 07bb4256-80f6-4262-9f83-bb86fd52de2a
Agent 2dff6e40-28f1-432c-87e3-23cf9d916efc: 
Agent ID: 2dff6e40-28f1-432c-87e3-23cf9d916efc
Agent 320e3297-21f8-4f9c-9dd1-4e9858c394d2: 
Agent ID: 320e3297-21f8-4f9c-9dd1-4e9858c394d2
Agent 95670254-efa1-4d25-b879-99ad268bb774: 
Agent ID: 95670254-efa1-4d25-b879-99ad268bb774
Agent 9d52c938-d0f0-4ecc-a930-a2e58aca4a90: 
Agent ID: 9d52c938-d0f0-4ecc-a930-a2e58aca4a90
Agent af5e9444-fb59-4ce6-845e-bc4da6261643: 
Agent ID: af5e9444-fb59-4ce6-845e-bc4da6261643
Agent bdef94ec-1ed3-4773-ad5b-a73991faa6c7: 
Agent ID: bdef94ec-1ed3-4773-ad5b-a73991faa6c7
Agent be417cf3-440a-46ec-ae8f-5efad4d5da28: 
Agent ID: be417cf3-440a-46ec-ae8f-5efad4d5da28
Agent bedadbf4-0378-4318-a9d1-a69986fb67fc: 
Agent ID: bedadbf4-0378-4318-a9d1-a69986fb67fc
Agent cf6c1845-0d4b-40c9-9526-592c378cda1e: 
Agent ID: cf6c1845-0d4b-40c9-9526-592c378cda1e

Iteration 0, Turn 2:
Agent 07bb4256-80f6-4262-9f83-bb86fd52de2a: 
Agent ID: 07bb4256-80f6-4262-9f83-bb86fd52de2a
Agent 2dff6e40-28f1-432c-87e3-23cf9d916efc: 
Agent ID: 2dff6e40-28f1-432c-87e3-23cf9d916efc
Agent 320e3297-21f8-4f9c-9dd1-4e9858c394d2: 
Agent ID: 320e3297-21f8-4f9c-9dd1-4e9858c394d2
Agent 95670254-efa1-4d25-b879-99ad268bb774: 
Agent ID: 95670254-efa1-4d25-b879-99ad268bb774
Agent 9d52c938-d0f0-4ecc-a930-a2e58aca4a90: 
Agent ID: 9d52c938-d0f0-4ecc-a930-a2e58aca4a90
Agent af5e9444-fb59-4ce6-845e-bc4da6261643: 
Agent ID: af5e9444-fb59-4ce6-845e-bc4da6261643
Agent bdef94ec-1ed3-4773-ad5b-a73991faa6c7: 
Agent ID: bdef94ec-1ed3-4773-ad5b-a73991faa6c7
Agent be417cf3-440a-46ec-ae8f-5efad4d5da28: 
Agent ID: be417cf3-440a-46ec-ae8f-5efad4d5da28
Agent bedadbf4-0378-4318-a9d1-a69986fb67fc: 
Agent ID: bedadbf4-0378-4318-a9d1-a69986fb67fc
Agent cf6c1845-0d4b-40c9-9526-592c378cda1e: 
Agent ID: cf6c1845-0d4b-40c9-9526-592c378cda1e

Iteration 0, Turn 3:
Agent 07bb4256-80f6-4262-9f83-bb86fd52de2a: 
Agent ID: 07bb4256-80f6-4262-9f83-bb86fd52de2a
Agent 2dff6e40-28f1-432c-87e3-23cf9d916efc: 
Agent ID: 2dff6e40-28f1-432c-87e3-23cf9d916efc
Agent 320e3297-21f8-4f9c-9dd1-4e9858c394d2: 
Agent ID: 320e3297-21f8-4f9c-9dd1-4e9858c394d2
Agent 95670254-efa1-4d25-b879-99ad268bb774: 
Agent ID: 95670254-efa1-4d25-b879-99ad268bb774
Agent 9d52c938-d0f0-4ecc-a930-a2e58aca4a90: 
Agent ID: 9d52c938-d0f0-4ecc-a930-a2e58aca4a90
Agent af5e9444-fb59-4ce6-845e-bc4da6261643: 
Agent ID: af5e9444-fb59-4ce6-845e-bc4da6261643
Agent bdef94ec-1ed3-4773-ad5b-a73991faa6c7: 
Agent ID: bdef94ec-1ed3-4773-ad5b-a73991faa6c7
Agent be417cf3-440a-46ec-ae8f-5efad4d5da28: 
[DEAD] 
Agent ID: be417cf3-440a-46ec-ae8f-5efad4d5da28
Agent bedadbf4-0378-4318-a9d1-a69986fb67fc: 
[DEAD] 
Agent ID: bedadbf4-0378-4318-a9d1-a69986fb67fc
Agent cf6c1845-0d4b-40c9-9526-592c378cda1e: 
Agent ID: cf6c1845-0d4b-40c9-9526-592c378cda1e

Iteration 0, Turn 4:
Agent 07bb4256-80f6-4262-9f83-bb86fd52de2a: 
Agent ID: 07bb4256-80f6-4262-9f83-bb86fd52de2a
Agent 2dff6e40-28f1-432c-87e3-23cf9d916efc: 
Agent ID: 2dff6e40-28f1-432c-87e3-23cf9d916efc
Agent 320e3297-21f8-4f9c-9dd1-4e9858c394d2: 
Agent ID: 320e3297-21f8-4f9c-9dd1-4e9858c394d2
Agent 95670254-efa1-4d25-b879-99ad268bb774: 
Agent ID: 95670254-efa1-4d25-b879-99ad268bb774
Agent 9d52c938-d0f0-4ecc-a930-a2e58aca4a90: 
Agent ID: 9d52c938-d0f0-4ecc-a930-a2e58aca4a90
Agent af5e9444-fb59-4ce6-845e-bc4da6261643: 
[DEAD] 
Agent ID: af5e9444-fb59-4ce6-845e-bc4da6261643
Agent bdef94ec-1ed3-4773-ad5b-a73991faa6c7: 
Agent ID: bdef94ec-1ed3-4773-ad5b-a73991faa6c7
Agent be417cf3-440a-46ec-ae8f-5efad4d5da28: 
[DEAD] 
Agent ID: be417cf3-440a-46ec-ae8f-5efad4d5da28
Agent bedadbf4-0378-4318-a9d1-a69986fb67fc: 
[DEAD] 
Agent ID: bedadbf4-0378-4318-a9d1-a69986fb67fc
Agent cf6c1845-0d4b-40c9-9526-592c378cda1e: 
[DEAD] 
Agent ID: cf6c1845-0d4b-40c9-9526-592c378cda1e

Iteration 1, Turn 0:

Iteration 1, Turn 0:
Agent 07bb4256-80f6-4262-9f83-bb86fd52de2a: 
[DEAD] 
Agent ID: 07bb4256-80f6-4262-9f83-bb86fd52de2a
Agent 2dff6e40-28f1-432c-87e3-23cf9d916efc: 
Agent ID: 2dff6e40-28f1-432c-87e3-23cf9d916efc
Agent 320e3297-21f8-4f9c-9dd1-4e9858c394d2: 
Agent ID: 320e3297-21f8-4f9c-9dd1-4e9858c394d2
Agent 95670254-efa1-4d25-b879-99ad268bb774: 
Agent ID: 95670254-efa1-4d25-b879-99ad268bb774
Agent 9d52c938-d0f0-4ecc-a930-a2e58aca4a90: 
Agent ID: 9d52c938-d0f0-4ecc-a930-a2e58aca4a90
Agent af5e9444-fb59-4ce6-845e-bc4da6261643: 
[DEAD] 
Agent ID: af5e9444-fb59-4ce6-845e-bc4da6261643
Agent bdef94ec-1ed3-4773-ad5b-a73991faa6c7: 
Agent ID: bdef94ec-1ed3-4773-ad5b-a73991faa6c7
Agent be417cf3-440a-46ec-ae8f-5efad4d5da28: 
[DEAD] 
Agent ID: be417cf3-440a-46ec-ae8f-5efad4d5da28
Agent bedadbf4-0378-4318-a9d1-a69986fb67fc: 
[DEAD] 
Agent ID: bedadbf4-0378-4318-a9d1-a69986fb67fc
Agent cf6c1845-0d4b-40c9-9526-592c378cda1e: 
[DEAD] 
Agent ID: cf6c1845-0d4b-40c9-9526-592c378cda1e

Iteration 1, Turn 1:
Agent 07bb4256-80f6-4262-9f83-bb86fd52de2a: 
[DEAD] 
Agent ID: 07bb4256-80f6-4262-9f83-bb86fd52de2a
Agent 2dff6e40-28f1-432c-87e3-23cf9d916efc: 
Agent ID: 2dff6e40-28f1-432c-87e3-23cf9d916efc
Agent 320e3297-21f8-4f9c-9dd1-4e9858c394d2: 
Agent ID: 320e3297-21f8-4f9c-9dd1-4e9858c394d2
Agent 95670254-efa1-4d25-b879-99ad268bb774: 
Agent ID: 95670254-efa1-4d25-b879-99ad268bb774
Agent 9d52c938-d0f0-4ecc-a930-a2e58aca4a90: 
Agent ID: 9d52c938-d0f0-4ecc-a930-a2e58aca4a90
Agent af5e9444-fb59-4ce6-845e-bc4da6261643: 
[DEAD] 
Agent ID: af5e9444-fb59-4ce6-845e-bc4da6261643
Agent bdef94ec-1ed3-4773-ad5b-a73991faa6c7: 
Agent ID: bdef94ec-1ed3-4773-ad5b-a73991faa6c7
Agent be417cf3-440a-46ec-ae8f-5efad4d5da28: 
[DEAD] 
Agent ID: be417cf3-440a-46ec-ae8f-5efad4d5da28
Agent bedadbf4-0378-4318-a9d1-a69986fb67fc: 
[DEAD] 
Agent ID: bedadbf4-0378-4318-a9d1-a69986fb67fc
Agent cf6c1845-0d4b-40c9-9526-592c378cda1e: 
[DEAD] 
Agent ID: cf6c1845-0d4b-40c9-9526-592c378cda1e

Iteration 1, Turn 2:
Agent 07bb4256-80f6-4262-9f83-bb86fd52de2a: 
[DEAD] 
Agent ID: 07bb4256-80f6-4262-9f83-bb86fd52de2a
Agent 2dff6e40-28f1-432c-87e3-23cf9d916efc: 
Agent ID: 2dff6e40-28f1-432c-87e3-23cf9d916efc
Agent 320e3297-21f8-4f9c-9dd1-4e9858c394d2: 
[DEAD] 
Agent ID: 320e3297-21f8-4f9c-9dd1-4e9858c394d2
Agent 95670254-efa1-4d25-b879-99ad268bb774: 
Agent ID: 95670254-efa1-4d25-b879-99ad268bb774
Agent 9d52c938-d0f0-4ecc-a930-a2e58aca4a90: 
Agent ID: 9d52c938-d0f0-4ecc-a930-a2e58aca4a90
Agent af5e9444-fb59-4ce6-845e-bc4da6261643: 
[DEAD] 
Agent ID: af5e9444-fb59-4ce6-845e-bc4da6261643
Agent bdef94ec-1ed3-4773-ad5b-a73991faa6c7: 
Agent ID: bdef94ec-1ed3-4773-ad5b-a73991faa6c7
Agent be417cf3-440a-46ec-ae8f-5efad4d5da28: 
[DEAD] 
Agent ID: be417cf3-440a-46ec-ae8f-5efad4d5da28
Agent bedadbf4-0378-4318-a9d1-a69986fb67fc: 
[DEAD] 
Agent ID: bedadbf4-0378-4318-a9d1-a69986fb67fc
Agent cf6c1845-0d4b-40c9-9526-592c378cda1e: 
[DEAD] 
Agent ID: cf6c1845-0d4b-40c9-9526-592c378cda1e

Iteration 1, Turn 3:
Agent 07bb4256-80f6-4262-9f83-bb86fd52de2a: 
[DEAD] 
Agent ID: 07bb4256-80f6-4262-9f83-bb86fd52de2a
Agent 2dff6e40-28f1-432c-87e3-23cf9d916efc: 
Agent ID: 2dff6e40-28f1-432c-87e3-23cf9d916efc
Agent 320e3297-21f8-4f9c-9dd1-4e9858c394d2: 
[DEAD] 
Agent ID: 320e3297-21f8-4f9c-9dd1-4e9858c394d2
Agent 95670254-efa1-4d25-b879-99ad268bb774: 
Agent ID: 95670254-efa1-4d25-b879-99ad268bb774
Agent 9d52c938-d0f0-4ecc-a930-a2e58aca4a90: 
Agent ID: 9d52c938-d0f0-4ecc-a930-a2e58aca4a90
Agent af5e9444-fb59-4ce6-845e-bc4da6261643: 
[DEAD] 
Agent ID: af5e9444-fb59-4ce6-845e-bc4da6261643
Agent bdef94ec-1ed3-4773-ad5b-a73991faa6c7: 
Agent ID: bdef94ec-1ed3-4773-ad5b-a73991faa6c7
Agent be417cf3-440a-46ec-ae8f-5efad4d5da28: 
[DEAD] 
Agent ID: be417cf3-440a-46ec-ae8f-5efad4d5da28
Agent bedadbf4-0378-4318-a9d1-a69986fb67fc: 
[DEAD] 
Agent ID: bedadbf4-0378-4318-a9d1-a69986fb67fc
Agent cf6c1845-0d4b-40c9-9526-592c378cda1e: 
[DEAD] 
Agent ID: cf6c1845-0d4b-40c9-9526-592c378cda1e

Iteration 1, Turn 4:
Agent 07bb4256-80f6-4262-9f83-bb86fd52de2a: 
[DEAD] 
Agent ID: 07bb4256-80f6-4262-9f83-bb86fd52de2a
Agent 2dff6e40-28f1-432c-87e3-23cf9d916efc: 
Agent ID: 2dff6e40-28f1-432c-87e3-23cf9d916efc
Agent 320e3297-21f8-4f9c-9dd1-4e9858c394d2: 
[DEAD] 
Agent ID: 320e3297-21f8-4f9c-9dd1-4e9858c394d2
Agent 95670254-efa1-4d25-b879-99ad268bb774: 
Agent ID: 95670254-efa1-4d25-b879-99ad268bb774
Agent 9d52c938-d0f0-4ecc-a930-a2e58aca4a90: 
Agent ID: 9d52c938-d0f0-4ecc-a930-a2e58aca4a90
Agent af5e9444-fb59-4ce6-845e-bc4da6261643: 
[DEAD] 
Agent ID: af5e9444-fb59-4ce6-845e-bc4da6261643
Agent bdef94ec-1ed3-4773-ad5b-a73991faa6c7: 
Agent ID: bdef94ec-1ed3-4773-ad5b-a73991faa6c7
Agent be417cf3-440a-46ec-ae8f-5efad4d5da28: 
[DEAD] 
Agent ID: be417cf3-440a-46ec-ae8f-5efad4d5da28
Agent bedadbf4-0378-4318-a9d1-a69986fb67fc: 
[DEAD] 
Agent ID: bedadbf4-0378-4318-a9d1-a69986fb67fc
Agent cf6c1845-0d4b-40c9-9526-592c378cda1e: 
[DEAD] 
Agent ID: cf6c1845-0d4b-40c9-9526-592c378cda1e

Iteration 2, Turn 0:

Iteration 2, Turn 0:
Agent 07bb4256-80f6-4262-9f83-bb86fd52de2a: 
[DEAD] 
Agent ID: 07bb4256-80f6-4262-9f83-bb86fd52de2a
Agent 2dff6e40-28f1-432c-87e3-23cf9d916efc: 
Agent ID: 2dff6e40-28f1-432c-87e3-23cf9d916efc
Agent 320e3297-21f8-4f9c-9dd1-4e9858c394d2: 
[DEAD] 
Agent ID: 320e3297-21f8-4f9c-9dd1-4e9858c394d2
Agent 95670254-efa1-4d25-b879-99ad268bb774: 
Agent ID: 95670254-efa1-4d25-b879-99ad268bb774
Agent 9d52c938-d0f0-4ecc-a930-a2e58aca4a90: 
[DEAD] 
Agent ID: 9d52c938-d0f0-4ecc-a930-a2e58aca4a90
Agent af5e9444-fb59-4ce6-845e-bc4da6261643: 
[DEAD] 
Agent ID: af5e9444-fb59-4ce6-845e-bc4da6261643
Agent bdef94ec-1ed3-4773-ad5b-a73991faa6c7: 
Agent ID: bdef94ec-1ed3-4773-ad5b-a73991faa6c7
Agent be417cf3-440a-46ec-ae8f-5efad4d5da28: 
[DEAD] 
Agent ID: be417cf3-440a-46ec-ae8f-5efad4d5da28
Agent bedadbf4-0378-4318-a9d1-a69986fb67fc: 
[DEAD] 
Agent ID: bedadbf4-0378-4318-a9d1-a69986fb67fc
Agent cf6c1845-0d4b-40c9-9526-592c378cda1e: 
[DEAD] 
Agent ID: cf6c1845-0d4b-40c9-9526-592c378cda1e

Iteration 2, Turn 1:
Agent 07bb4256-80f6-4262-9f83-bb86fd52de2a: 
[DEAD] 
Agent ID: 07bb4256-80f6-4262-9f83-bb86fd52de2a
Agent 2dff6e40-28f1-432c-87e3-23cf9d916efc: 
Agent ID: 2dff6e40-28f1-432c-87e3-23cf9d916efc
Agent 320e3297-21f8-4f9c-9dd1-4e9858c394d2: 
[DEAD] 
Agent ID: 320e3297-21f8-4f9c-9dd1-4e9858c394d2
Agent 95670254-efa1-4d25-b879-99ad268bb774: 
Agent ID: 95670254-efa1-4d25-b879-99ad268bb774
Agent 9d52c938-d0f0-4ecc-a930-a2e58aca4a90: 
[DEAD] 
Agent ID: 9d52c938-d0f0-4ecc-a930-a2e58aca4a90
Agent af5e9444-fb59-4ce6-845e-bc4da6261643: 
[DEAD] 
Agent ID: af5e9444-fb59-4ce6-845e-bc4da6261643
Agent bdef94ec-1ed3-4773-ad5b-a73991faa6c7: 
Agent ID: bdef94ec-1ed3-4773-ad5b-a73991faa6c7
Agent be417cf3-440a-46ec-ae8f-5efad4d5da28: 
[DEAD] 
Agent ID: be417cf3-440a-46ec-ae8f-5efad4d5da28
Agent bedadbf4-0378-4318-a9d1-a69986fb67fc: 
[DEAD] 
Agent ID: bedadbf4-0378-4318-a9d1-a69986fb67fc
Agent cf6c1845-0d4b-40c9-9526-592c378cda1e: 
[DEAD] 
Agent ID: cf6c1845-0d4b-40c9-9526-592c378cda1e

Iteration 2, Turn 2:
Agent 07bb4256-80f6-4262-9f83-bb86fd52de2a: 
[DEAD] 
Agent ID: 07bb4256-80f6-4262-9f83-bb86fd52de2a
Agent 2dff6e40-28f1-432c-87e3-23cf9d916efc: 
Agent ID: 2dff6e40-28f1-432c-87e3-23cf9d916efc
Agent 320e3297-21f8-4f9c-9dd1-4e9858c394d2: 
[DEAD] 
Agent ID: 320e3297-21f8-4f9c-9dd1-4e9858c394d2
Agent 95670254-efa1-4d25-b879-99ad268bb774: 
Agent ID: 95670254-efa1-4d25-b879-99ad268bb774
Agent 9d52c938-d0f0-4ecc-a930-a2e58aca4a90: 
[DEAD] 
Agent ID: 9d52c938-d0f0-4ecc-a930-a2e58aca4a90
Agent af5e9444-fb59-4ce6-845e-bc4da6261643: 
[DEAD] 
Agent ID: af5e9444-fb59-4ce6-845e-bc4da6261643
Agent bdef94ec-1ed3-4773-ad5b-a73991faa6c7: 
Agent ID: bdef94ec-1ed3-4773-ad5b-a73991faa6c7
Agent be417cf3-440a-46ec-ae8f-5efad4d5da28: 
[DEAD] 
Agent ID: be417cf3-440a-46ec-ae8f-5efad4d5da28
Agent bedadbf4-0378-4318-a9d1-a69986fb67fc: 
[DEAD] 
Agent ID: bedadbf4-0378-4318-a9d1-a69986fb67fc
Agent cf6c1845-0d4b-40c9-9526-592c378cda1e: 
[DEAD] 
Agent ID: cf6c1845-0d4b-40c9-9526-592c378cda1e

Iteration 2, Turn 3:
Agent 07bb4256-80f6-4262-9f83-bb86fd52de2a: 
[DEAD] 
Agent ID: 07bb4256-80f6-4262-9f83-bb86fd52de2a
Agent 2dff6e40-28f1-432c-87e3-23cf9d916efc: 
Agent ID: 2dff6e40-28f1-432c-87e3-23cf9d916efc
Agent 320e3297-21f8-4f9c-9dd1-4e9858c394d2: 
[DEAD] 
Agent ID: 320e3297-21f8-4f9c-9dd1-4e9858c394d2
Agent 95670254-efa1-4d25-b879-99ad268bb774: 
Agent ID: 95670254-efa1-4d25-b879-99ad268bb774
Agent 9d52c938-d0f0-4ecc-a930-a2e58aca4a90: 
[DEAD] 
Agent ID: 9d52c938-d0f0-4ecc-a930-a2e58aca4a90
Agent af5e9444-fb59-4ce6-845e-bc4da6261643: 
[DEAD] 
Agent ID: af5e9444-fb59-4ce6-845e-bc4da6261643
Agent bdef94ec-1ed3-4773-ad5b-a73991faa6c7: 
Agent ID: bdef94ec-1ed3-4773-ad5b-a73991faa6c7
Agent be417cf3-440a-46ec-ae8f-5efad4d5da28: 
[DEAD] 
Agent ID: be417cf3-440a-46ec-ae8f-5efad4d5da28
Agent bedadbf4-0378-4318-a9d1-a69986fb67fc: 
[DEAD] 
Agent ID: bedadbf4-0378-4318-a9d1-a69986fb67fc
Agent cf6c1845-0d4b-40c9-9526-592c378cda1e: 
[DEAD] 
Agent ID: cf6c1845-0d4b-40c9-9526-592c378cda1e

Iteration 2, Turn 4:
Agent 07bb4256-80f6-4262-9f83-bb86fd52de2a: 
[DEAD] 
Agent ID: 07bb4256-80f6-4262-9f83-bb86fd52de2a
Agent 2dff6e40-28f1-432c-87e3-23cf9d916efc: 
Agent ID: 2dff6e40-28f1-432c-87e3-23cf9d916efc
Agent 320e3297-21f8-4f9c-9dd1-4e9858c394d2: 
[DEAD] 
Agent ID: 320e3297-21f8-4f9c-9dd1-4e9858c394d2
Agent 95670254-efa1-4d25-b879-99ad268bb774: 
Agent ID: 95670254-efa1-4d25-b879-99ad268bb774
Agent 9d52c938-d0f0-4ecc-a930-a2e58aca4a90: 
[DEAD] 
Agent ID: 9d52c938-d0f0-4ecc-a930-a2e58aca4a90
Agent af5e9444-fb59-4ce6-845e-bc4da6261643: 
[DEAD] 
Agent ID: af5e9444-fb59-4ce6-845e-bc4da6261643
Agent bdef94ec-1ed3-4773-ad5b-a73991faa6c7: 
Agent ID: bdef94ec-1ed3-4773-ad5b-a73991faa6c7
Agent be417cf3-440a-46ec-ae8f-5efad4d5da28: 
[DEAD] 
Agent ID: be417cf3-440a-46ec-ae8f-5efad4d5da28
Agent bedadbf4-0378-4318-a9d1-a69986fb67fc: 
[DEAD] 
Agent ID: bedadbf4-0378-4318-a9d1-a69986fb67fc
Agent cf6c1845-0d4b-40c9-9526-592c378cda1e: 
[DEAD] 
Agent ID: cf6c1845-0d4b-40c9-9526-592c378cda1e
