main function started.
--------Start of iteration 0---------


Iteration 0, Turn 0, current agent count: 5


Iteration 0, Turn 1, current agent count: 5


Iteration 0, Turn 2, current agent count: 5


Iteration 0, Turn 3, current agent count: 5


Iteration 0, Turn 4, current agent count: 5
--------End of iteration 0---------
--------Start of iteration 1---------


Iteration 1, Turn 0, current agent count: 5


Iteration 1, Turn 1, current agent count: 5


Iteration 1, Turn 2, current agent count: 5


Iteration 1, Turn 3, current agent count: 5


Iteration 1, Turn 4, current agent count: 5
--------End of iteration 1---------
--------Start of iteration 2---------


Iteration 2, Turn 0, current agent count: 5


Iteration 2, Turn 1, current agent count: 5


Iteration 2, Turn 2, current agent count: 5


Iteration 2, Turn 3, current agent count: 5


Iteration 2, Turn 4, current agent count: 5
--------End of iteration 2---------


GamePlaybackSummary - playing 18 turn records

Iteration 0, Turn 0:

Iteration 0, Turn 0:
Agent 083960b1-9bc8-4c9f-9ed4-ef089e0024eb: 
Agent ID: 083960b1-9bc8-4c9f-9ed4-ef089e0024eb
Agent 2f3c473e-eab2-4ebc-8529-ca6124f80261: 
Agent ID: 2f3c473e-eab2-4ebc-8529-ca6124f80261
Agent 59848bc2-d7f1-4673-87e5-1160e83c39e8: 
[DEAD] 
Agent ID: 59848bc2-d7f1-4673-87e5-1160e83c39e8
Agent bfebad24-c9a1-4370-8abc-58aa4265ea2c: 
Agent ID: bfebad24-c9a1-4370-8abc-58aa4265ea2c
Agent e92f4bb5-f34a-42c1-b6a7-489e846c0f24: 
Agent ID: e92f4bb5-f34a-42c1-b6a7-489e846c0f24

Iteration 0, Turn 1:
Agent 083960b1-9bc8-4c9f-9ed4-ef089e0024eb: 
[DEAD] 
Agent ID: 083960b1-9bc8-4c9f-9ed4-ef089e0024eb
Agent 2f3c473e-eab2-4ebc-8529-ca6124f80261: 
[DEAD] 
Agent ID: 2f3c473e-eab2-4ebc-8529-ca6124f80261
Agent 59848bc2-d7f1-4673-87e5-1160e83c39e8: 
[DEAD] 
Agent ID: 59848bc2-d7f1-4673-87e5-1160e83c39e8
Agent bfebad24-c9a1-4370-8abc-58aa4265ea2c: 
[DEAD] 
Agent ID: bfebad24-c9a1-4370-8abc-58aa4265ea2c
Agent e92f4bb5-f34a-42c1-b6a7-489e846c0f24: 
Agent ID: e92f4bb5-f34a-42c1-b6a7-489e846c0f24

Iteration 0, Turn 2:
Agent 083960b1-9bc8-4c9f-9ed4-ef089e0024eb: 
[DEAD] 
Agent ID: 083960b1-9bc8-4c9f-9ed4-ef089e0024eb
Agent 2f3c473e-eab2-4ebc-8529-ca6124f80261: 
[DEAD] 
Agent ID: 2f3c473e-eab2-4ebc-8529-ca6124f80261
Agent 59848bc2-d7f1-4673-87e5-1160e83c39e8: 
[DEAD] 
Agent ID: 59848bc2-d7f1-4673-87e5-1160e83c39e8
Agent bfebad24-c9a1-4370-8abc-58aa4265ea2c: 
[DEAD] 
Agent ID: bfebad24-c9a1-4370-8abc-58aa4265ea2c
Agent e92f4bb5-f34a-42c1-b6a7-489e846c0f24: 
[DEAD] 
Agent ID: e92f4bb5-f34a-42c1-b6a7-489e846c0f24

Iteration 0, Turn 3:
Agent 083960b1-9bc8-4c9f-9ed4-ef089e0024eb: 
[DEAD] 
Agent ID: 083960b1-9bc8-4c9f-9ed4-ef089e0024eb
Agent 2f3c473e-eab2-4ebc-8529-ca6124f80261: 
[DEAD] 
Agent ID: 2f3c473e-eab2-4ebc-8529-ca6124f80261
Agent 59848bc2-d7f1-4673-87e5-1160e83c39e8: 
[DEAD] 
Agent ID: 59848bc2-d7f1-4673-87e5-1160e83c39e8
Agent bfebad24-c9a1-4370-8abc-58aa4265ea2c: 
[DEAD] 
Agent ID: bfebad24-c9a1-4370-8abc-58aa4265ea2c
Agent e92f4bb5-f34a-42c1-b6a7-489e846c0f24: 
[DEAD] 
Agent ID: e92f4bb5-f34a-42c1-b6a7-489e846c0f24

Iteration 0, Turn 4:
Agent 083960b1-9bc8-4c9f-9ed4-ef089e0024eb: 
[DEAD] 
Agent ID: 083960b1-9bc8-4c9f-9ed4-ef089e0024eb
Agent 2f3c473e-eab2-4ebc-8529-ca6124f80261: 
[DEAD] 
Agent ID: 2f3c473e-eab2-4ebc-8529-ca6124f80261
Agent 59848bc2-d7f1-4673-87e5-1160e83c39e8: 
[DEAD] 
Agent ID: 59848bc2-d7f1-4673-87e5-1160e83c39e8
Agent bfebad24-c9a1-4370-8abc-58aa4265ea2c: 
[DEAD] 
Agent ID: bfebad24-c9a1-4370-8abc-58aa4265ea2c
Agent e92f4bb5-f34a-42c1-b6a7-489e846c0f24: 
[DEAD] 
Agent ID: e92f4bb5-f34a-42c1-b6a7-489e846c0f24

Iteration 1, Turn 0:

Iteration 1, Turn 0:
Agent 083960b1-9bc8-4c9f-9ed4-ef089e0024eb: 
[DEAD] 
Agent ID: 083960b1-9bc8-4c9f-9ed4-ef089e0024eb
Agent 2f3c473e-eab2-4ebc-8529-ca6124f80261: 
[DEAD] 
Agent ID: 2f3c473e-eab2-4ebc-8529-ca6124f80261
Agent 59848bc2-d7f1-4673-87e5-1160e83c39e8: 
[DEAD] 
Agent ID: 59848bc2-d7f1-4673-87e5-1160e83c39e8
Agent bfebad24-c9a1-4370-8abc-58aa4265ea2c: 
[DEAD] 
Agent ID: bfebad24-c9a1-4370-8abc-58aa4265ea2c
Agent e92f4bb5-f34a-42c1-b6a7-489e846c0f24: 
[DEAD] 
Agent ID: e92f4bb5-f34a-42c1-b6a7-489e846c0f24

Iteration 1, Turn 1:
Agent 083960b1-9bc8-4c9f-9ed4-ef089e0024eb: 
[DEAD] 
Agent ID: 083960b1-9bc8-4c9f-9ed4-ef089e0024eb
Agent 2f3c473e-eab2-4ebc-8529-ca6124f80261: 
[DEAD] 
Agent ID: 2f3c473e-eab2-4ebc-8529-ca6124f80261
Agent 59848bc2-d7f1-4673-87e5-1160e83c39e8: 
[DEAD] 
Agent ID: 59848bc2-d7f1-4673-87e5-1160e83c39e8
Agent bfebad24-c9a1-4370-8abc-58aa4265ea2c: 
[DEAD] 
Agent ID: bfebad24-c9a1-4370-8abc-58aa4265ea2c
Agent e92f4bb5-f34a-42c1-b6a7-489e846c0f24: 
[DEAD] 
Agent ID: e92f4bb5-f34a-42c1-b6a7-489e846c0f24

Iteration 1, Turn 2:
Agent 083960b1-9bc8-4c9f-9ed4-ef089e0024eb: 
[DEAD] 
Agent ID: 083960b1-9bc8-4c9f-9ed4-ef089e0024eb
Agent 2f3c473e-eab2-4ebc-8529-ca6124f80261: 
[DEAD] 
Agent ID: 2f3c473e-eab2-4ebc-8529-ca6124f80261
Agent 59848bc2-d7f1-4673-87e5-1160e83c39e8: 
[DEAD] 
Agent ID: 59848bc2-d7f1-4673-87e5-1160e83c39e8
Agent bfebad24-c9a1-4370-8abc-58aa4265ea2c: 
[DEAD] 
Agent ID: bfebad24-c9a1-4370-8abc-58aa4265ea2c
Agent e92f4bb5-f34a-42c1-b6a7-489e846c0f24: 
[DEAD] 
Agent ID: e92f4bb5-f34a-42c1-b6a7-489e846c0f24

Iteration 1, Turn 3:
Agent 083960b1-9bc8-4c9f-9ed4-ef089e0024eb: 
[DEAD] 
Agent ID: 083960b1-9bc8-4c9f-9ed4-ef089e0024eb
Agent 2f3c473e-eab2-4ebc-8529-ca6124f80261: 
[DEAD] 
Agent ID: 2f3c473e-eab2-4ebc-8529-ca6124f80261
Agent 59848bc2-d7f1-4673-87e5-1160e83c39e8: 
[DEAD] 
Agent ID: 59848bc2-d7f1-4673-87e5-1160e83c39e8
Agent bfebad24-c9a1-4370-8abc-58aa4265ea2c: 
[DEAD] 
Agent ID: bfebad24-c9a1-4370-8abc-58aa4265ea2c
Agent e92f4bb5-f34a-42c1-b6a7-489e846c0f24: 
[DEAD] 
Agent ID: e92f4bb5-f34a-42c1-b6a7-489e846c0f24

Iteration 1, Turn 4:
Agent 083960b1-9bc8-4c9f-9ed4-ef089e0024eb: 
[DEAD] 
Agent ID: 083960b1-9bc8-4c9f-9ed4-ef089e0024eb
Agent 2f3c473e-eab2-4ebc-8529-ca6124f80261: 
[DEAD] 
Agent ID: 2f3c473e-eab2-4ebc-8529-ca6124f80261
Agent 59848bc2-d7f1-4673-87e5-1160e83c39e8: 
[DEAD] 
Agent ID: 59848bc2-d7f1-4673-87e5-1160e83c39e8
Agent bfebad24-c9a1-4370-8abc-58aa4265ea2c: 
[DEAD] 
Agent ID: bfebad24-c9a1-4370-8abc-58aa4265ea2c
Agent e92f4bb5-f34a-42c1-b6a7-489e846c0f24: 
[DEAD] 
Agent ID: e92f4bb5-f34a-42c1-b6a7-489e846c0f24

Iteration 2, Turn 0:

Iteration 2, Turn 0:
Agent 083960b1-9bc8-4c9f-9ed4-ef089e0024eb: 
[DEAD] 
Agent ID: 083960b1-9bc8-4c9f-9ed4-ef089e0024eb
Agent 2f3c473e-eab2-4ebc-8529-ca6124f80261: 
[DEAD] 
Agent ID: 2f3c473e-eab2-4ebc-8529-ca6124f80261
Agent 59848bc2-d7f1-4673-87e5-1160e83c39e8: 
[DEAD] 
Agent ID: 59848bc2-d7f1-4673-87e5-1160e83c39e8
Agent bfebad24-c9a1-4370-8abc-58aa4265ea2c: 
[DEAD] 
Agent ID: bfebad24-c9a1-4370-8abc-58aa4265ea2c
Agent e92f4bb5-f34a-42c1-b6a7-489e846c0f24: 
[DEAD] 
Agent ID: e92f4bb5-f34a-42c1-b6a7-489e846c0f24

Iteration 2, Turn 1:
Agent 083960b1-9bc8-4c9f-9ed4-ef089e0024eb: 
[DEAD] 
Agent ID: 083960b1-9bc8-4c9f-9ed4-ef089e0024eb
Agent 2f3c473e-eab2-4ebc-8529-ca6124f80261: 
[DEAD] 
Agent ID: 2f3c473e-eab2-4ebc-8529-ca6124f80261
Agent 59848bc2-d7f1-4673-87e5-1160e83c39e8: 
[DEAD] 
Agent ID: 59848bc2-d7f1-4673-87e5-1160e83c39e8
Agent bfebad24-c9a1-4370-8abc-58aa4265ea2c: 
[DEAD] 
Agent ID: bfebad24-c9a1-4370-8abc-58aa4265ea2c
Agent e92f4bb5-f34a-42c1-b6a7-489e846c0f24: 
[DEAD] 
Agent ID: e92f4bb5-f34a-42c1-b6a7-489e846c0f24

Iteration 2, Turn 2:
Agent 083960b1-9bc8-4c9f-9ed4-ef089e0024eb: 
[DEAD] 
Agent ID: 083960b1-9bc8-4c9f-9ed4-ef089e0024eb
Agent 2f3c473e-eab2-4ebc-8529-ca6124f80261: 
[DEAD] 
Agent ID: 2f3c473e-eab2-4ebc-8529-ca6124f80261
Agent 59848bc2-d7f1-4673-87e5-1160e83c39e8: 
[DEAD] 
Agent ID: 59848bc2-d7f1-4673-87e5-1160e83c39e8
Agent bfebad24-c9a1-4370-8abc-58aa4265ea2c: 
[DEAD] 
Agent ID: bfebad24-c9a1-4370-8abc-58aa4265ea2c
Agent e92f4bb5-f34a-42c1-b6a7-489e846c0f24: 
[DEAD] 
Agent ID: e92f4bb5-f34a-42c1-b6a7-489e846c0f24

Iteration 2, Turn 3:
Agent 083960b1-9bc8-4c9f-9ed4-ef089e0024eb: 
[DEAD] 
Agent ID: 083960b1-9bc8-4c9f-9ed4-ef089e0024eb
Agent 2f3c473e-eab2-4ebc-8529-ca6124f80261: 
[DEAD] 
Agent ID: 2f3c473e-eab2-4ebc-8529-ca6124f80261
Agent 59848bc2-d7f1-4673-87e5-1160e83c39e8: 
[DEAD] 
Agent ID: 59848bc2-d7f1-4673-87e5-1160e83c39e8
Agent bfebad24-c9a1-4370-8abc-58aa4265ea2c: 
[DEAD] 
Agent ID: bfebad24-c9a1-4370-8abc-58aa4265ea2c
Agent e92f4bb5-f34a-42c1-b6a7-489e846c0f24: 
[DEAD] 
Agent ID: e92f4bb5-f34a-42c1-b6a7-489e846c0f24

Iteration 2, Turn 4:
Agent 083960b1-9bc8-4c9f-9ed4-ef089e0024eb: 
[DEAD] 
Agent ID: 083960b1-9bc8-4c9f-9ed4-ef089e0024eb
Agent 2f3c473e-eab2-4ebc-8529-ca6124f80261: 
[DEAD] 
Agent ID: 2f3c473e-eab2-4ebc-8529-ca6124f80261
Agent 59848bc2-d7f1-4673-87e5-1160e83c39e8: 
[DEAD] 
Agent ID: 59848bc2-d7f1-4673-87e5-1160e83c39e8
Agent bfebad24-c9a1-4370-8abc-58aa4265ea2c: 
[DEAD] 
Agent ID: bfebad24-c9a1-4370-8abc-58aa4265ea2c
Agent e92f4bb5-f34a-42c1-b6a7-489e846c0f24: 
[DEAD] 
Agent ID: e92f4bb5-f34a-42c1-b6a7-489e846c0f24
