main function started.
--------Start of iteration 0---------


Iteration 0, Turn 0, current agent count: 16


Iteration 0, Turn 1, current agent count: 16


Iteration 0, Turn 2, current agent count: 15


Iteration 0, Turn 3, current agent count: 12


Iteration 0, Turn 4, current agent count: 8
--------End of iteration 0---------
--------Start of iteration 1---------


Iteration 1, Turn 0, current agent count: 8


Iteration 1, Turn 1, current agent count: 7


Iteration 1, Turn 2, current agent count: 7


Iteration 1, Turn 3, current agent count: 7


Iteration 1, Turn 4, current agent count: 6
--------End of iteration 1---------
--------Start of iteration 2---------


Iteration 2, Turn 0, current agent count: 5


Iteration 2, Turn 1, current agent count: 3


Iteration 2, Turn 2, current agent count: 1


Iteration 2, Turn 3, current agent count: 1


Iteration 2, Turn 4, current agent count: 1
--------End of iteration 2---------


GamePlaybackSummary - playing 18 turn records

Iteration 0, Turn 0:

Iteration 0, Turn 0:
Agent 013e2880-a519-447b-809c-2bfac72715db: 
Agent ID: 013e2880-a519-447b-809c-2bfac72715db
Agent 147ef677-1df8-41c4-b8e0-84ffafc1b55a: 
Agent ID: 147ef677-1df8-41c4-b8e0-84ffafc1b55a
Agent 1536007e-347b-42c0-9f2b-4d1ac5d735a9: 
Agent ID: 1536007e-347b-42c0-9f2b-4d1ac5d735a9
Agent 1a55dc2d-0d56-4ed8-b3c8-ca9306d6391d: 
Agent ID: 1a55dc2d-0d56-4ed8-b3c8-ca9306d6391d
Agent 263094f9-7275-486e-9016-5698d78a1139: 
Agent ID: 263094f9-7275-486e-9016-5698d78a1139
Agent 2dbeb7f8-d2d2-4035-9642-0dfcb4e6b046: 
Agent ID: 2dbeb7f8-d2d2-4035-9642-0dfcb4e6b046
Agent 3320d374-6f3d-4730-8046-094d1d047bff: 
Agent ID: 3320d374-6f3d-4730-8046-094d1d047bff
Agent 6e38afae-d3c9-424c-8e84-ade4864dbd94: 
Agent ID: 6e38afae-d3c9-424c-8e84-ade4864dbd94
Agent 764476ef-fc05-458a-bff3-e144172a628f: 
Agent ID: 764476ef-fc05-458a-bff3-e144172a628f
Agent 78ae73d6-a85c-45f0-8b7d-2247a16775fb: 
Agent ID: 78ae73d6-a85c-45f0-8b7d-2247a16775fb
Agent 7f2c216e-c430-4878-bfa9-1a42062fb866: 
Agent ID: 7f2c216e-c430-4878-bfa9-1a42062fb866
Agent 8312f3ee-0dc5-4d82-b767-59965cedbfb0: 
Agent ID: 8312f3ee-0dc5-4d82-b767-59965cedbfb0
Agent c7b2ee1c-27c7-4376-9e44-1b6f040a3825: 
Agent ID: c7b2ee1c-27c7-4376-9e44-1b6f040a3825
Agent ca9135a7-726c-4cac-96fa-d91347a28159: 
Agent ID: ca9135a7-726c-4cac-96fa-d91347a28159
Agent cf6beeb0-277b-47cd-9d22-1fd93c70e3fb: 
Agent ID: cf6beeb0-277b-47cd-9d22-1fd93c70e3fb
Agent fd32d542-b5a6-4698-914e-6c2cf2d7b7e2: 
Agent ID: fd32d542-b5a6-4698-914e-6c2cf2d7b7e2

Iteration 0, Turn 1:
Agent 013e2880-a519-447b-809c-2bfac72715db: 
Agent ID: 013e2880-a519-447b-809c-2bfac72715db
Agent 147ef677-1df8-41c4-b8e0-84ffafc1b55a: 
Agent ID: 147ef677-1df8-41c4-b8e0-84ffafc1b55a
Agent 1536007e-347b-42c0-9f2b-4d1ac5d735a9: 
Agent ID: 1536007e-347b-42c0-9f2b-4d1ac5d735a9
Agent 1a55dc2d-0d56-4ed8-b3c8-ca9306d6391d: 
Agent ID: 1a55dc2d-0d56-4ed8-b3c8-ca9306d6391d
Agent 263094f9-7275-486e-9016-5698d78a1139: 
Agent ID: 263094f9-7275-486e-9016-5698d78a1139
Agent 2dbeb7f8-d2d2-4035-9642-0dfcb4e6b046: 
Agent ID: 2dbeb7f8-d2d2-4035-9642-0dfcb4e6b046
Agent 3320d374-6f3d-4730-8046-094d1d047bff: 
Agent ID: 3320d374-6f3d-4730-8046-094d1d047bff
Agent 764476ef-fc05-458a-bff3-e144172a628f: 
Agent ID: 764476ef-fc05-458a-bff3-e144172a628f
Agent 78ae73d6-a85c-45f0-8b7d-2247a16775fb: 
Agent ID: 78ae73d6-a85c-45f0-8b7d-2247a16775fb
Agent 7f2c216e-c430-4878-bfa9-1a42062fb866: 
Agent ID: 7f2c216e-c430-4878-bfa9-1a42062fb866
Agent 8312f3ee-0dc5-4d82-b767-59965cedbfb0: 
Agent ID: 8312f3ee-0dc5-4d82-b767-59965cedbfb0
Agent c7b2ee1c-27c7-4376-9e44-1b6f040a3825: 
Agent ID: c7b2ee1c-27c7-4376-9e44-1b6f040a3825
Agent ca9135a7-726c-4cac-96fa-d91347a28159: 
Agent ID: ca9135a7-726c-4cac-96fa-d91347a28159
Agent cf6beeb0-277b-47cd-9d22-1fd93c70e3fb: 
Agent ID: cf6beeb0-277b-47cd-9d22-1fd93c70e3fb
Agent fd32d542-b5a6-4698-914e-6c2cf2d7b7e2: 
Agent ID: fd32d542-b5a6-4698-914e-6c2cf2d7b7e2

Iteration 0, Turn 2:
Agent 013e2880-a519-447b-809c-2bfac72715db: 
Agent ID: 013e2880-a519-447b-809c-2bfac72715db
Agent 1a55dc2d-0d56-4ed8-b3c8-ca9306d6391d: 
Agent ID: 1a55dc2d-0d56-4ed8-b3c8-ca9306d6391d
Agent 263094f9-7275-486e-9016-5698d78a1139: 
Agent ID: 263094f9-7275-486e-9016-5698d78a1139
Agent 2dbeb7f8-d2d2-4035-9642-0dfcb4e6b046: 
Agent ID: 2dbeb7f8-d2d2-4035-9642-0dfcb4e6b046
Agent 3320d374-6f3d-4730-8046-094d1d047bff: 
Agent ID: 3320d374-6f3d-4730-8046-094d1d047bff
Agent 764476ef-fc05-458a-bff3-e144172a628f: 
Agent ID: 764476ef-fc05-458a-bff3-e144172a628f
Agent 78ae73d6-a85c-45f0-8b7d-2247a16775fb: 
Agent ID: 78ae73d6-a85c-45f0-8b7d-2247a16775fb
Agent 7f2c216e-c430-4878-bfa9-1a42062fb866: 
Agent ID: 7f2c216e-c430-4878-bfa9-1a42062fb866
Agent c7b2ee1c-27c7-4376-9e44-1b6f040a3825: 
Agent ID: c7b2ee1c-27c7-4376-9e44-1b6f040a3825
Agent ca9135a7-726c-4cac-96fa-d91347a28159: 
Agent ID: ca9135a7-726c-4cac-96fa-d91347a28159
Agent cf6beeb0-277b-47cd-9d22-1fd93c70e3fb: 
Agent ID: cf6beeb0-277b-47cd-9d22-1fd93c70e3fb
Agent fd32d542-b5a6-4698-914e-6c2cf2d7b7e2: 
Agent ID: fd32d542-b5a6-4698-914e-6c2cf2d7b7e2

Iteration 0, Turn 3:
Agent 013e2880-a519-447b-809c-2bfac72715db: 
Agent ID: 013e2880-a519-447b-809c-2bfac72715db
Agent 1a55dc2d-0d56-4ed8-b3c8-ca9306d6391d: 
Agent ID: 1a55dc2d-0d56-4ed8-b3c8-ca9306d6391d
Agent 263094f9-7275-486e-9016-5698d78a1139: 
Agent ID: 263094f9-7275-486e-9016-5698d78a1139
Agent 2dbeb7f8-d2d2-4035-9642-0dfcb4e6b046: 
Agent ID: 2dbeb7f8-d2d2-4035-9642-0dfcb4e6b046
Agent 3320d374-6f3d-4730-8046-094d1d047bff: 
Agent ID: 3320d374-6f3d-4730-8046-094d1d047bff
Agent 764476ef-fc05-458a-bff3-e144172a628f: 
Agent ID: 764476ef-fc05-458a-bff3-e144172a628f
Agent c7b2ee1c-27c7-4376-9e44-1b6f040a3825: 
Agent ID: c7b2ee1c-27c7-4376-9e44-1b6f040a3825
Agent fd32d542-b5a6-4698-914e-6c2cf2d7b7e2: 
Agent ID: fd32d542-b5a6-4698-914e-6c2cf2d7b7e2

Iteration 0, Turn 4:
Agent 013e2880-a519-447b-809c-2bfac72715db: 
Agent ID: 013e2880-a519-447b-809c-2bfac72715db
Agent 1a55dc2d-0d56-4ed8-b3c8-ca9306d6391d: 
Agent ID: 1a55dc2d-0d56-4ed8-b3c8-ca9306d6391d
Agent 263094f9-7275-486e-9016-5698d78a1139: 
Agent ID: 263094f9-7275-486e-9016-5698d78a1139
Agent 2dbeb7f8-d2d2-4035-9642-0dfcb4e6b046: 
Agent ID: 2dbeb7f8-d2d2-4035-9642-0dfcb4e6b046
Agent 3320d374-6f3d-4730-8046-094d1d047bff: 
Agent ID: 3320d374-6f3d-4730-8046-094d1d047bff
Agent 764476ef-fc05-458a-bff3-e144172a628f: 
Agent ID: 764476ef-fc05-458a-bff3-e144172a628f
Agent c7b2ee1c-27c7-4376-9e44-1b6f040a3825: 
Agent ID: c7b2ee1c-27c7-4376-9e44-1b6f040a3825
Agent fd32d542-b5a6-4698-914e-6c2cf2d7b7e2: 
Agent ID: fd32d542-b5a6-4698-914e-6c2cf2d7b7e2

Iteration 1, Turn 0:

Iteration 1, Turn 0:
Agent 1a55dc2d-0d56-4ed8-b3c8-ca9306d6391d: 
Agent ID: 1a55dc2d-0d56-4ed8-b3c8-ca9306d6391d
Agent 263094f9-7275-486e-9016-5698d78a1139: 
Agent ID: 263094f9-7275-486e-9016-5698d78a1139
Agent 2dbeb7f8-d2d2-4035-9642-0dfcb4e6b046: 
Agent ID: 2dbeb7f8-d2d2-4035-9642-0dfcb4e6b046
Agent 3320d374-6f3d-4730-8046-094d1d047bff: 
Agent ID: 3320d374-6f3d-4730-8046-094d1d047bff
Agent 764476ef-fc05-458a-bff3-e144172a628f: 
Agent ID: 764476ef-fc05-458a-bff3-e144172a628f
Agent c7b2ee1c-27c7-4376-9e44-1b6f040a3825: 
Agent ID: c7b2ee1c-27c7-4376-9e44-1b6f040a3825
Agent fd32d542-b5a6-4698-914e-6c2cf2d7b7e2: 
Agent ID: fd32d542-b5a6-4698-914e-6c2cf2d7b7e2

Iteration 1, Turn 1:
Agent 1a55dc2d-0d56-4ed8-b3c8-ca9306d6391d: 
Agent ID: 1a55dc2d-0d56-4ed8-b3c8-ca9306d6391d
Agent 263094f9-7275-486e-9016-5698d78a1139: 
Agent ID: 263094f9-7275-486e-9016-5698d78a1139
Agent 2dbeb7f8-d2d2-4035-9642-0dfcb4e6b046: 
Agent ID: 2dbeb7f8-d2d2-4035-9642-0dfcb4e6b046
Agent 3320d374-6f3d-4730-8046-094d1d047bff: 
Agent ID: 3320d374-6f3d-4730-8046-094d1d047bff
Agent 764476ef-fc05-458a-bff3-e144172a628f: 
Agent ID: 764476ef-fc05-458a-bff3-e144172a628f
Agent c7b2ee1c-27c7-4376-9e44-1b6f040a3825: 
Agent ID: c7b2ee1c-27c7-4376-9e44-1b6f040a3825
Agent fd32d542-b5a6-4698-914e-6c2cf2d7b7e2: 
Agent ID: fd32d542-b5a6-4698-914e-6c2cf2d7b7e2

Iteration 1, Turn 2:
Agent 1a55dc2d-0d56-4ed8-b3c8-ca9306d6391d: 
Agent ID: 1a55dc2d-0d56-4ed8-b3c8-ca9306d6391d
Agent 263094f9-7275-486e-9016-5698d78a1139: 
Agent ID: 263094f9-7275-486e-9016-5698d78a1139
Agent 2dbeb7f8-d2d2-4035-9642-0dfcb4e6b046: 
Agent ID: 2dbeb7f8-d2d2-4035-9642-0dfcb4e6b046
Agent 3320d374-6f3d-4730-8046-094d1d047bff: 
Agent ID: 3320d374-6f3d-4730-8046-094d1d047bff
Agent 764476ef-fc05-458a-bff3-e144172a628f: 
Agent ID: 764476ef-fc05-458a-bff3-e144172a628f
Agent c7b2ee1c-27c7-4376-9e44-1b6f040a3825: 
Agent ID: c7b2ee1c-27c7-4376-9e44-1b6f040a3825
Agent fd32d542-b5a6-4698-914e-6c2cf2d7b7e2: 
Agent ID: fd32d542-b5a6-4698-914e-6c2cf2d7b7e2

Iteration 1, Turn 3:
Agent 1a55dc2d-0d56-4ed8-b3c8-ca9306d6391d: 
Agent ID: 1a55dc2d-0d56-4ed8-b3c8-ca9306d6391d
Agent 263094f9-7275-486e-9016-5698d78a1139: 
Agent ID: 263094f9-7275-486e-9016-5698d78a1139
Agent 3320d374-6f3d-4730-8046-094d1d047bff: 
Agent ID: 3320d374-6f3d-4730-8046-094d1d047bff
Agent 764476ef-fc05-458a-bff3-e144172a628f: 
Agent ID: 764476ef-fc05-458a-bff3-e144172a628f
Agent c7b2ee1c-27c7-4376-9e44-1b6f040a3825: 
Agent ID: c7b2ee1c-27c7-4376-9e44-1b6f040a3825
Agent fd32d542-b5a6-4698-914e-6c2cf2d7b7e2: 
Agent ID: fd32d542-b5a6-4698-914e-6c2cf2d7b7e2

Iteration 1, Turn 4:
Agent 1a55dc2d-0d56-4ed8-b3c8-ca9306d6391d: 
Agent ID: 1a55dc2d-0d56-4ed8-b3c8-ca9306d6391d
Agent 263094f9-7275-486e-9016-5698d78a1139: 
Agent ID: 263094f9-7275-486e-9016-5698d78a1139
Agent 3320d374-6f3d-4730-8046-094d1d047bff: 
Agent ID: 3320d374-6f3d-4730-8046-094d1d047bff
Agent c7b2ee1c-27c7-4376-9e44-1b6f040a3825: 
Agent ID: c7b2ee1c-27c7-4376-9e44-1b6f040a3825
Agent fd32d542-b5a6-4698-914e-6c2cf2d7b7e2: 
Agent ID: fd32d542-b5a6-4698-914e-6c2cf2d7b7e2

Iteration 2, Turn 0:

Iteration 2, Turn 0:
Agent 1a55dc2d-0d56-4ed8-b3c8-ca9306d6391d: 
Agent ID: 1a55dc2d-0d56-4ed8-b3c8-ca9306d6391d
Agent 3320d374-6f3d-4730-8046-094d1d047bff: 
Agent ID: 3320d374-6f3d-4730-8046-094d1d047bff
Agent fd32d542-b5a6-4698-914e-6c2cf2d7b7e2: 
Agent ID: fd32d542-b5a6-4698-914e-6c2cf2d7b7e2

Iteration 2, Turn 1:
Agent fd32d542-b5a6-4698-914e-6c2cf2d7b7e2: 
Agent ID: fd32d542-b5a6-4698-914e-6c2cf2d7b7e2

Iteration 2, Turn 2:
Agent fd32d542-b5a6-4698-914e-6c2cf2d7b7e2: 
Agent ID: fd32d542-b5a6-4698-914e-6c2cf2d7b7e2

Iteration 2, Turn 3:
Agent fd32d542-b5a6-4698-914e-6c2cf2d7b7e2: 
Agent ID: fd32d542-b5a6-4698-914e-6c2cf2d7b7e2

Iteration 2, Turn 4:
Agent fd32d542-b5a6-4698-914e-6c2cf2d7b7e2: 
Agent ID: fd32d542-b5a6-4698-914e-6c2cf2d7b7e2
