main function started.
--------Start of iteration 0---------


Iteration 0, Turn 0, current agent count: 5


Iteration 0, Turn 1, current agent count: 5
--------End of iteration 0---------
--------Start of iteration 1---------


Iteration 1, Turn 0, current agent count: 5


Iteration 1, Turn 1, current agent count: 5
--------End of iteration 1---------
--------Start of iteration 2---------


Iteration 2, Turn 0, current agent count: 5


Iteration 2, Turn 1, current agent count: 5
--------End of iteration 2---------


GamePlaybackSummary - playing 9 turn records

Iteration 0, Turn 0:

Iteration 0, Turn 1:
Agent 45c39b32-62a8-4255-899b-c0725d00c642: 
Agent ID: 45c39b32-62a8-4255-899b-c0725d00c642
Agent 4a41d385-9b85-41d1-a92f-9fefc39dbf3e: 
Agent ID: 4a41d385-9b85-41d1-a92f-9fefc39dbf3e
Agent d229e90e-16ad-4eb0-bcb6-ff29f48d1ed1: 
Agent ID: d229e90e-16ad-4eb0-bcb6-ff29f48d1ed1
Agent d74a2ebe-aa67-48aa-ab4a-96479fcd9e28: 
Agent ID: d74a2ebe-aa67-48aa-ab4a-96479fcd9e28
Agent dd2fa3ef-f014-48d8-93c8-bb1ddd7512b5: 
Agent ID: dd2fa3ef-f014-48d8-93c8-bb1ddd7512b5

Iteration 0, Turn 2:
Agent 45c39b32-62a8-4255-899b-c0725d00c642: 
Agent ID: 45c39b32-62a8-4255-899b-c0725d00c642
Agent 4a41d385-9b85-41d1-a92f-9fefc39dbf3e: 
Agent ID: 4a41d385-9b85-41d1-a92f-9fefc39dbf3e
Agent d229e90e-16ad-4eb0-bcb6-ff29f48d1ed1: 
Agent ID: d229e90e-16ad-4eb0-bcb6-ff29f48d1ed1
Agent d74a2ebe-aa67-48aa-ab4a-96479fcd9e28: 
Agent ID: d74a2ebe-aa67-48aa-ab4a-96479fcd9e28
Agent dd2fa3ef-f014-48d8-93c8-bb1ddd7512b5: 
Agent ID: dd2fa3ef-f014-48d8-93c8-bb1ddd7512b5

Iteration 1, Turn 0:

Iteration 1, Turn 1:
Agent 45c39b32-62a8-4255-899b-c0725d00c642: 
Agent ID: 45c39b32-62a8-4255-899b-c0725d00c642
Agent 4a41d385-9b85-41d1-a92f-9fefc39dbf3e: 
Agent ID: 4a41d385-9b85-41d1-a92f-9fefc39dbf3e
Agent d229e90e-16ad-4eb0-bcb6-ff29f48d1ed1: 
Agent ID: d229e90e-16ad-4eb0-bcb6-ff29f48d1ed1
Agent d74a2ebe-aa67-48aa-ab4a-96479fcd9e28: 
Agent ID: d74a2ebe-aa67-48aa-ab4a-96479fcd9e28
Agent dd2fa3ef-f014-48d8-93c8-bb1ddd7512b5: 
Agent ID: dd2fa3ef-f014-48d8-93c8-bb1ddd7512b5

Iteration 1, Turn 2:
Agent 45c39b32-62a8-4255-899b-c0725d00c642: 
Agent ID: 45c39b32-62a8-4255-899b-c0725d00c642
Agent 4a41d385-9b85-41d1-a92f-9fefc39dbf3e: 
Agent ID: 4a41d385-9b85-41d1-a92f-9fefc39dbf3e
Agent d229e90e-16ad-4eb0-bcb6-ff29f48d1ed1: 
Agent ID: d229e90e-16ad-4eb0-bcb6-ff29f48d1ed1
Agent d74a2ebe-aa67-48aa-ab4a-96479fcd9e28: 
Agent ID: d74a2ebe-aa67-48aa-ab4a-96479fcd9e28
Agent dd2fa3ef-f014-48d8-93c8-bb1ddd7512b5: 
Agent ID: dd2fa3ef-f014-48d8-93c8-bb1ddd7512b5

Iteration 2, Turn 0:

Iteration 2, Turn 1:
Agent 45c39b32-62a8-4255-899b-c0725d00c642: 
Agent ID: 45c39b32-62a8-4255-899b-c0725d00c642
Agent 4a41d385-9b85-41d1-a92f-9fefc39dbf3e: 
Agent ID: 4a41d385-9b85-41d1-a92f-9fefc39dbf3e
Agent d229e90e-16ad-4eb0-bcb6-ff29f48d1ed1: 
Agent ID: d229e90e-16ad-4eb0-bcb6-ff29f48d1ed1
Agent d74a2ebe-aa67-48aa-ab4a-96479fcd9e28: 
Agent ID: d74a2ebe-aa67-48aa-ab4a-96479fcd9e28
Agent dd2fa3ef-f014-48d8-93c8-bb1ddd7512b5: 
Agent ID: dd2fa3ef-f014-48d8-93c8-bb1ddd7512b5

Iteration 2, Turn 2:
Agent 45c39b32-62a8-4255-899b-c0725d00c642: 
Agent ID: 45c39b32-62a8-4255-899b-c0725d00c642
Agent 4a41d385-9b85-41d1-a92f-9fefc39dbf3e: 
Agent ID: 4a41d385-9b85-41d1-a92f-9fefc39dbf3e
Agent d229e90e-16ad-4eb0-bcb6-ff29f48d1ed1: 
Agent ID: d229e90e-16ad-4eb0-bcb6-ff29f48d1ed1
Agent d74a2ebe-aa67-48aa-ab4a-96479fcd9e28: 
Agent ID: d74a2ebe-aa67-48aa-ab4a-96479fcd9e28
Agent dd2fa3ef-f014-48d8-93c8-bb1ddd7512b5: 
Agent ID: dd2fa3ef-f014-48d8-93c8-bb1ddd7512b5
