main function started.
--------Start of iteration 0---------


Iteration 0, Turn 0, current agent count: 5


Iteration 0, Turn 1, current agent count: 5


Iteration 0, Turn 2, current agent count: 5


Iteration 0, Turn 3, current agent count: 5


Iteration 0, Turn 4, current agent count: 5
--------End of iteration 0---------
--------Start of iteration 1---------


Iteration 1, Turn 0, current agent count: 5


Iteration 1, Turn 1, current agent count: 5


Iteration 1, Turn 2, current agent count: 5


Iteration 1, Turn 3, current agent count: 5


Iteration 1, Turn 4, current agent count: 5
--------End of iteration 1---------
--------Start of iteration 2---------


Iteration 2, Turn 0, current agent count: 5


Iteration 2, Turn 1, current agent count: 5


Iteration 2, Turn 2, current agent count: 5


Iteration 2, Turn 3, current agent count: 5


Iteration 2, Turn 4, current agent count: 5
--------End of iteration 2---------


GamePlaybackSummary - playing 18 turn records

Iteration 0, Turn 0:

Iteration 0, Turn 1:
Agent 059be242-0997-4bc2-b098-04258d67c285: 
[DEAD] 
Agent ID: 059be242-0997-4bc2-b098-04258d67c285
Agent 1e0d3163-3395-44ff-85c8-ae350b9ebca5: 
[DEAD] 
Agent ID: 1e0d3163-3395-44ff-85c8-ae350b9ebca5
Agent 7adf5469-bcf8-4d49-a9b8-470b8c7e322c: 
[DEAD] 
Agent ID: 7adf5469-bcf8-4d49-a9b8-470b8c7e322c
Agent 7d2bb4ce-7eba-4566-83aa-8b4355770501: 
[DEAD] 
Agent ID: 7d2bb4ce-7eba-4566-83aa-8b4355770501
Agent dd139e64-18c2-4700-b4e5-56886c78899b: 
[DEAD] 
Agent ID: dd139e64-18c2-4700-b4e5-56886c78899b

Iteration 0, Turn 2:
Agent 059be242-0997-4bc2-b098-04258d67c285: 
[DEAD] 
Agent ID: 059be242-0997-4bc2-b098-04258d67c285
Agent 1e0d3163-3395-44ff-85c8-ae350b9ebca5: 
[DEAD] 
Agent ID: 1e0d3163-3395-44ff-85c8-ae350b9ebca5
Agent 7adf5469-bcf8-4d49-a9b8-470b8c7e322c: 
[DEAD] 
Agent ID: 7adf5469-bcf8-4d49-a9b8-470b8c7e322c
Agent 7d2bb4ce-7eba-4566-83aa-8b4355770501: 
[DEAD] 
Agent ID: 7d2bb4ce-7eba-4566-83aa-8b4355770501
Agent dd139e64-18c2-4700-b4e5-56886c78899b: 
[DEAD] 
Agent ID: dd139e64-18c2-4700-b4e5-56886c78899b

Iteration 0, Turn 3:
Agent 059be242-0997-4bc2-b098-04258d67c285: 
[DEAD] 
Agent ID: 059be242-0997-4bc2-b098-04258d67c285
Agent 1e0d3163-3395-44ff-85c8-ae350b9ebca5: 
[DEAD] 
Agent ID: 1e0d3163-3395-44ff-85c8-ae350b9ebca5
Agent 7adf5469-bcf8-4d49-a9b8-470b8c7e322c: 
[DEAD] 
Agent ID: 7adf5469-bcf8-4d49-a9b8-470b8c7e322c
Agent 7d2bb4ce-7eba-4566-83aa-8b4355770501: 
[DEAD] 
Agent ID: 7d2bb4ce-7eba-4566-83aa-8b4355770501
Agent dd139e64-18c2-4700-b4e5-56886c78899b: 
[DEAD] 
Agent ID: dd139e64-18c2-4700-b4e5-56886c78899b

Iteration 0, Turn 4:
Agent 059be242-0997-4bc2-b098-04258d67c285: 
[DEAD] 
Agent ID: 059be242-0997-4bc2-b098-04258d67c285
Agent 1e0d3163-3395-44ff-85c8-ae350b9ebca5: 
[DEAD] 
Agent ID: 1e0d3163-3395-44ff-85c8-ae350b9ebca5
Agent 7adf5469-bcf8-4d49-a9b8-470b8c7e322c: 
[DEAD] 
Agent ID: 7adf5469-bcf8-4d49-a9b8-470b8c7e322c
Agent 7d2bb4ce-7eba-4566-83aa-8b4355770501: 
[DEAD] 
Agent ID: 7d2bb4ce-7eba-4566-83aa-8b4355770501
Agent dd139e64-18c2-4700-b4e5-56886c78899b: 
[DEAD] 
Agent ID: dd139e64-18c2-4700-b4e5-56886c78899b

Iteration 0, Turn 5:
Agent 059be242-0997-4bc2-b098-04258d67c285: 
[DEAD] 
Agent ID: 059be242-0997-4bc2-b098-04258d67c285
Agent 1e0d3163-3395-44ff-85c8-ae350b9ebca5: 
[DEAD] 
Agent ID: 1e0d3163-3395-44ff-85c8-ae350b9ebca5
Agent 7adf5469-bcf8-4d49-a9b8-470b8c7e322c: 
[DEAD] 
Agent ID: 7adf5469-bcf8-4d49-a9b8-470b8c7e322c
Agent 7d2bb4ce-7eba-4566-83aa-8b4355770501: 
[DEAD] 
Agent ID: 7d2bb4ce-7eba-4566-83aa-8b4355770501
Agent dd139e64-18c2-4700-b4e5-56886c78899b: 
[DEAD] 
Agent ID: dd139e64-18c2-4700-b4e5-56886c78899b

Iteration 1, Turn 0:

Iteration 1, Turn 1:
Agent 059be242-0997-4bc2-b098-04258d67c285: 
[DEAD] 
Agent ID: 059be242-0997-4bc2-b098-04258d67c285
Agent 1e0d3163-3395-44ff-85c8-ae350b9ebca5: 
[DEAD] 
Agent ID: 1e0d3163-3395-44ff-85c8-ae350b9ebca5
Agent 7adf5469-bcf8-4d49-a9b8-470b8c7e322c: 
[DEAD] 
Agent ID: 7adf5469-bcf8-4d49-a9b8-470b8c7e322c
Agent 7d2bb4ce-7eba-4566-83aa-8b4355770501: 
[DEAD] 
Agent ID: 7d2bb4ce-7eba-4566-83aa-8b4355770501
Agent dd139e64-18c2-4700-b4e5-56886c78899b: 
[DEAD] 
Agent ID: dd139e64-18c2-4700-b4e5-56886c78899b

Iteration 1, Turn 2:
Agent 059be242-0997-4bc2-b098-04258d67c285: 
[DEAD] 
Agent ID: 059be242-0997-4bc2-b098-04258d67c285
Agent 1e0d3163-3395-44ff-85c8-ae350b9ebca5: 
[DEAD] 
Agent ID: 1e0d3163-3395-44ff-85c8-ae350b9ebca5
Agent 7adf5469-bcf8-4d49-a9b8-470b8c7e322c: 
[DEAD] 
Agent ID: 7adf5469-bcf8-4d49-a9b8-470b8c7e322c
Agent 7d2bb4ce-7eba-4566-83aa-8b4355770501: 
[DEAD] 
Agent ID: 7d2bb4ce-7eba-4566-83aa-8b4355770501
Agent dd139e64-18c2-4700-b4e5-56886c78899b: 
[DEAD] 
Agent ID: dd139e64-18c2-4700-b4e5-56886c78899b

Iteration 1, Turn 3:
Agent 059be242-0997-4bc2-b098-04258d67c285: 
[DEAD] 
Agent ID: 059be242-0997-4bc2-b098-04258d67c285
Agent 1e0d3163-3395-44ff-85c8-ae350b9ebca5: 
[DEAD] 
Agent ID: 1e0d3163-3395-44ff-85c8-ae350b9ebca5
Agent 7adf5469-bcf8-4d49-a9b8-470b8c7e322c: 
[DEAD] 
Agent ID: 7adf5469-bcf8-4d49-a9b8-470b8c7e322c
Agent 7d2bb4ce-7eba-4566-83aa-8b4355770501: 
[DEAD] 
Agent ID: 7d2bb4ce-7eba-4566-83aa-8b4355770501
Agent dd139e64-18c2-4700-b4e5-56886c78899b: 
[DEAD] 
Agent ID: dd139e64-18c2-4700-b4e5-56886c78899b

Iteration 1, Turn 4:
Agent 059be242-0997-4bc2-b098-04258d67c285: 
[DEAD] 
Agent ID: 059be242-0997-4bc2-b098-04258d67c285
Agent 1e0d3163-3395-44ff-85c8-ae350b9ebca5: 
[DEAD] 
Agent ID: 1e0d3163-3395-44ff-85c8-ae350b9ebca5
Agent 7adf5469-bcf8-4d49-a9b8-470b8c7e322c: 
[DEAD] 
Agent ID: 7adf5469-bcf8-4d49-a9b8-470b8c7e322c
Agent 7d2bb4ce-7eba-4566-83aa-8b4355770501: 
[DEAD] 
Agent ID: 7d2bb4ce-7eba-4566-83aa-8b4355770501
Agent dd139e64-18c2-4700-b4e5-56886c78899b: 
[DEAD] 
Agent ID: dd139e64-18c2-4700-b4e5-56886c78899b

Iteration 1, Turn 5:
Agent 059be242-0997-4bc2-b098-04258d67c285: 
[DEAD] 
Agent ID: 059be242-0997-4bc2-b098-04258d67c285
Agent 1e0d3163-3395-44ff-85c8-ae350b9ebca5: 
[DEAD] 
Agent ID: 1e0d3163-3395-44ff-85c8-ae350b9ebca5
Agent 7adf5469-bcf8-4d49-a9b8-470b8c7e322c: 
[DEAD] 
Agent ID: 7adf5469-bcf8-4d49-a9b8-470b8c7e322c
Agent 7d2bb4ce-7eba-4566-83aa-8b4355770501: 
[DEAD] 
Agent ID: 7d2bb4ce-7eba-4566-83aa-8b4355770501
Agent dd139e64-18c2-4700-b4e5-56886c78899b: 
[DEAD] 
Agent ID: dd139e64-18c2-4700-b4e5-56886c78899b

Iteration 2, Turn 0:

Iteration 2, Turn 1:
Agent 059be242-0997-4bc2-b098-04258d67c285: 
[DEAD] 
Agent ID: 059be242-0997-4bc2-b098-04258d67c285
Agent 1e0d3163-3395-44ff-85c8-ae350b9ebca5: 
[DEAD] 
Agent ID: 1e0d3163-3395-44ff-85c8-ae350b9ebca5
Agent 7adf5469-bcf8-4d49-a9b8-470b8c7e322c: 
[DEAD] 
Agent ID: 7adf5469-bcf8-4d49-a9b8-470b8c7e322c
Agent 7d2bb4ce-7eba-4566-83aa-8b4355770501: 
[DEAD] 
Agent ID: 7d2bb4ce-7eba-4566-83aa-8b4355770501
Agent dd139e64-18c2-4700-b4e5-56886c78899b: 
[DEAD] 
Agent ID: dd139e64-18c2-4700-b4e5-56886c78899b

Iteration 2, Turn 2:
Agent 059be242-0997-4bc2-b098-04258d67c285: 
[DEAD] 
Agent ID: 059be242-0997-4bc2-b098-04258d67c285
Agent 1e0d3163-3395-44ff-85c8-ae350b9ebca5: 
[DEAD] 
Agent ID: 1e0d3163-3395-44ff-85c8-ae350b9ebca5
Agent 7adf5469-bcf8-4d49-a9b8-470b8c7e322c: 
[DEAD] 
Agent ID: 7adf5469-bcf8-4d49-a9b8-470b8c7e322c
Agent 7d2bb4ce-7eba-4566-83aa-8b4355770501: 
[DEAD] 
Agent ID: 7d2bb4ce-7eba-4566-83aa-8b4355770501
Agent dd139e64-18c2-4700-b4e5-56886c78899b: 
[DEAD] 
Agent ID: dd139e64-18c2-4700-b4e5-56886c78899b

Iteration 2, Turn 3:
Agent 059be242-0997-4bc2-b098-04258d67c285: 
[DEAD] 
Agent ID: 059be242-0997-4bc2-b098-04258d67c285
Agent 1e0d3163-3395-44ff-85c8-ae350b9ebca5: 
[DEAD] 
Agent ID: 1e0d3163-3395-44ff-85c8-ae350b9ebca5
Agent 7adf5469-bcf8-4d49-a9b8-470b8c7e322c: 
[DEAD] 
Agent ID: 7adf5469-bcf8-4d49-a9b8-470b8c7e322c
Agent 7d2bb4ce-7eba-4566-83aa-8b4355770501: 
[DEAD] 
Agent ID: 7d2bb4ce-7eba-4566-83aa-8b4355770501
Agent dd139e64-18c2-4700-b4e5-56886c78899b: 
[DEAD] 
Agent ID: dd139e64-18c2-4700-b4e5-56886c78899b

Iteration 2, Turn 4:
Agent 059be242-0997-4bc2-b098-04258d67c285: 
[DEAD] 
Agent ID: 059be242-0997-4bc2-b098-04258d67c285
Agent 1e0d3163-3395-44ff-85c8-ae350b9ebca5: 
[DEAD] 
Agent ID: 1e0d3163-3395-44ff-85c8-ae350b9ebca5
Agent 7adf5469-bcf8-4d49-a9b8-470b8c7e322c: 
[DEAD] 
Agent ID: 7adf5469-bcf8-4d49-a9b8-470b8c7e322c
Agent 7d2bb4ce-7eba-4566-83aa-8b4355770501: 
[DEAD] 
Agent ID: 7d2bb4ce-7eba-4566-83aa-8b4355770501
Agent dd139e64-18c2-4700-b4e5-56886c78899b: 
[DEAD] 
Agent ID: dd139e64-18c2-4700-b4e5-56886c78899b

Iteration 2, Turn 5:
Agent 059be242-0997-4bc2-b098-04258d67c285: 
[DEAD] 
Agent ID: 059be242-0997-4bc2-b098-04258d67c285
Agent 1e0d3163-3395-44ff-85c8-ae350b9ebca5: 
[DEAD] 
Agent ID: 1e0d3163-3395-44ff-85c8-ae350b9ebca5
Agent 7adf5469-bcf8-4d49-a9b8-470b8c7e322c: 
[DEAD] 
Agent ID: 7adf5469-bcf8-4d49-a9b8-470b8c7e322c
Agent 7d2bb4ce-7eba-4566-83aa-8b4355770501: 
[DEAD] 
Agent ID: 7d2bb4ce-7eba-4566-83aa-8b4355770501
Agent dd139e64-18c2-4700-b4e5-56886c78899b: 
[DEAD] 
Agent ID: dd139e64-18c2-4700-b4e5-56886c78899b
