main function started.
--------Start of iteration 0---------


Iteration 0, Turn 0, current agent count: 20


Iteration 0, Turn 1, current agent count: 20


Iteration 0, Turn 2, current agent count: 20


Iteration 0, Turn 3, current agent count: 20


Iteration 0, Turn 4, current agent count: 20
--------End of iteration 0---------
--------Start of iteration 1---------


Iteration 1, Turn 0, current agent count: 20


Iteration 1, Turn 1, current agent count: 20


Iteration 1, Turn 2, current agent count: 20


Iteration 1, Turn 3, current agent count: 20


Iteration 1, Turn 4, current agent count: 20
--------End of iteration 1---------
--------Start of iteration 2---------


Iteration 2, Turn 0, current agent count: 20


Iteration 2, Turn 1, current agent count: 20


Iteration 2, Turn 2, current agent count: 20


Iteration 2, Turn 3, current agent count: 20


Iteration 2, Turn 4, current agent count: 20
--------End of iteration 2---------


GamePlaybackSummary - playing 18 turn records

Iteration 0, Turn 0:

Iteration 0, Turn 0:
Agent 02b74ffa-ce4f-46a5-be9d-e8847eab408f: 
Agent ID: 02b74ffa-ce4f-46a5-be9d-e8847eab408f
Agent 0d9ca3fb-d936-4c8f-b3f9-2b129658cfaf: 
Agent ID: 0d9ca3fb-d936-4c8f-b3f9-2b129658cfaf
Agent 0fb026d0-7636-446b-b829-d94478203cd6: 
Agent ID: 0fb026d0-7636-446b-b829-d94478203cd6
Agent 12849c2d-392d-4560-bf68-d1924fe4f20b: 
Agent ID: 12849c2d-392d-4560-bf68-d1924fe4f20b
Agent 23c38d44-4fac-4797-b5b0-21065320ee6d: 
Agent ID: 23c38d44-4fac-4797-b5b0-21065320ee6d
Agent 457308e9-48c3-4104-8947-59e25f36aa05: 
Agent ID: 457308e9-48c3-4104-8947-59e25f36aa05
Agent 4b5d784f-75bd-45f6-853c-96ede8db87bb: 
Agent ID: 4b5d784f-75bd-45f6-853c-96ede8db87bb
Agent 4ba3f548-0787-4ebe-b864-e88e36f5aae7: 
[DEAD] 
Agent ID: 4ba3f548-0787-4ebe-b864-e88e36f5aae7
Agent 600f535b-8d18-48cd-8bfa-d934861f88de: 
Agent ID: 600f535b-8d18-48cd-8bfa-d934861f88de
Agent 7c3f1f8d-cb8c-4b06-8d22-18bc03b33da4: 
Agent ID: 7c3f1f8d-cb8c-4b06-8d22-18bc03b33da4
Agent 7c83f5c7-5f9b-456f-a1c2-35c7b2af4e1f: 
Agent ID: 7c83f5c7-5f9b-456f-a1c2-35c7b2af4e1f
Agent 84be7e81-e554-429f-b688-0085d45bacef: 
[DEAD] 
Agent ID: 84be7e81-e554-429f-b688-0085d45bacef
Agent ab86f77c-8e4e-47ef-89c7-8a59ef458a18: 
Agent ID: ab86f77c-8e4e-47ef-89c7-8a59ef458a18
Agent aea2889f-f109-4a41-8217-07a2964d11f7: 
Agent ID: aea2889f-f109-4a41-8217-07a2964d11f7
Agent dfda439e-0a60-4f83-bb24-1c8784acfa49: 
[DEAD] 
Agent ID: dfda439e-0a60-4f83-bb24-1c8784acfa49
Agent e5fa76d2-6f93-4d9b-9524-b229ffe311a7: 
Agent ID: e5fa76d2-6f93-4d9b-9524-b229ffe311a7
Agent f3cbe858-afdc-46e3-8d64-55670a40a98a: 
Agent ID: f3cbe858-afdc-46e3-8d64-55670a40a98a
Agent f3e88340-d6c1-4b54-9bde-75161b378969: 
Agent ID: f3e88340-d6c1-4b54-9bde-75161b378969
Agent f4757ea7-565d-402b-9048-93dd4e258d1d: 
Agent ID: f4757ea7-565d-402b-9048-93dd4e258d1d
Agent f931e004-d1c4-46b5-8199-2bf9dfb6a4fc: 
Agent ID: f931e004-d1c4-46b5-8199-2bf9dfb6a4fc

Iteration 0, Turn 1:
Agent 02b74ffa-ce4f-46a5-be9d-e8847eab408f: 
Agent ID: 02b74ffa-ce4f-46a5-be9d-e8847eab408f
Agent 0d9ca3fb-d936-4c8f-b3f9-2b129658cfaf: 
Agent ID: 0d9ca3fb-d936-4c8f-b3f9-2b129658cfaf
Agent 0fb026d0-7636-446b-b829-d94478203cd6: 
Agent ID: 0fb026d0-7636-446b-b829-d94478203cd6
Agent 12849c2d-392d-4560-bf68-d1924fe4f20b: 
Agent ID: 12849c2d-392d-4560-bf68-d1924fe4f20b
Agent 23c38d44-4fac-4797-b5b0-21065320ee6d: 
[DEAD] 
Agent ID: 23c38d44-4fac-4797-b5b0-21065320ee6d
Agent 457308e9-48c3-4104-8947-59e25f36aa05: 
[DEAD] 
Agent ID: 457308e9-48c3-4104-8947-59e25f36aa05
Agent 4b5d784f-75bd-45f6-853c-96ede8db87bb: 
[DEAD] 
Agent ID: 4b5d784f-75bd-45f6-853c-96ede8db87bb
Agent 4ba3f548-0787-4ebe-b864-e88e36f5aae7: 
[DEAD] 
Agent ID: 4ba3f548-0787-4ebe-b864-e88e36f5aae7
Agent 600f535b-8d18-48cd-8bfa-d934861f88de: 
Agent ID: 600f535b-8d18-48cd-8bfa-d934861f88de
Agent 7c3f1f8d-cb8c-4b06-8d22-18bc03b33da4: 
[DEAD] 
Agent ID: 7c3f1f8d-cb8c-4b06-8d22-18bc03b33da4
Agent 7c83f5c7-5f9b-456f-a1c2-35c7b2af4e1f: 
Agent ID: 7c83f5c7-5f9b-456f-a1c2-35c7b2af4e1f
Agent 84be7e81-e554-429f-b688-0085d45bacef: 
[DEAD] 
Agent ID: 84be7e81-e554-429f-b688-0085d45bacef
Agent ab86f77c-8e4e-47ef-89c7-8a59ef458a18: 
[DEAD] 
Agent ID: ab86f77c-8e4e-47ef-89c7-8a59ef458a18
Agent aea2889f-f109-4a41-8217-07a2964d11f7: 
Agent ID: aea2889f-f109-4a41-8217-07a2964d11f7
Agent dfda439e-0a60-4f83-bb24-1c8784acfa49: 
[DEAD] 
Agent ID: dfda439e-0a60-4f83-bb24-1c8784acfa49
Agent e5fa76d2-6f93-4d9b-9524-b229ffe311a7: 
Agent ID: e5fa76d2-6f93-4d9b-9524-b229ffe311a7
Agent f3cbe858-afdc-46e3-8d64-55670a40a98a: 
[DEAD] 
Agent ID: f3cbe858-afdc-46e3-8d64-55670a40a98a
Agent f3e88340-d6c1-4b54-9bde-75161b378969: 
Agent ID: f3e88340-d6c1-4b54-9bde-75161b378969
Agent f4757ea7-565d-402b-9048-93dd4e258d1d: 
Agent ID: f4757ea7-565d-402b-9048-93dd4e258d1d
Agent f931e004-d1c4-46b5-8199-2bf9dfb6a4fc: 
Agent ID: f931e004-d1c4-46b5-8199-2bf9dfb6a4fc

Iteration 0, Turn 2:
Agent 02b74ffa-ce4f-46a5-be9d-e8847eab408f: 
Agent ID: 02b74ffa-ce4f-46a5-be9d-e8847eab408f
Agent 0d9ca3fb-d936-4c8f-b3f9-2b129658cfaf: 
[DEAD] 
Agent ID: 0d9ca3fb-d936-4c8f-b3f9-2b129658cfaf
Agent 0fb026d0-7636-446b-b829-d94478203cd6: 
Agent ID: 0fb026d0-7636-446b-b829-d94478203cd6
Agent 12849c2d-392d-4560-bf68-d1924fe4f20b: 
[DEAD] 
Agent ID: 12849c2d-392d-4560-bf68-d1924fe4f20b
Agent 23c38d44-4fac-4797-b5b0-21065320ee6d: 
[DEAD] 
Agent ID: 23c38d44-4fac-4797-b5b0-21065320ee6d
Agent 457308e9-48c3-4104-8947-59e25f36aa05: 
[DEAD] 
Agent ID: 457308e9-48c3-4104-8947-59e25f36aa05
Agent 4b5d784f-75bd-45f6-853c-96ede8db87bb: 
[DEAD] 
Agent ID: 4b5d784f-75bd-45f6-853c-96ede8db87bb
Agent 4ba3f548-0787-4ebe-b864-e88e36f5aae7: 
[DEAD] 
Agent ID: 4ba3f548-0787-4ebe-b864-e88e36f5aae7
Agent 600f535b-8d18-48cd-8bfa-d934861f88de: 
Agent ID: 600f535b-8d18-48cd-8bfa-d934861f88de
Agent 7c3f1f8d-cb8c-4b06-8d22-18bc03b33da4: 
[DEAD] 
Agent ID: 7c3f1f8d-cb8c-4b06-8d22-18bc03b33da4
Agent 7c83f5c7-5f9b-456f-a1c2-35c7b2af4e1f: 
Agent ID: 7c83f5c7-5f9b-456f-a1c2-35c7b2af4e1f
Agent 84be7e81-e554-429f-b688-0085d45bacef: 
[DEAD] 
Agent ID: 84be7e81-e554-429f-b688-0085d45bacef
Agent ab86f77c-8e4e-47ef-89c7-8a59ef458a18: 
[DEAD] 
Agent ID: ab86f77c-8e4e-47ef-89c7-8a59ef458a18
Agent aea2889f-f109-4a41-8217-07a2964d11f7: 
[DEAD] 
Agent ID: aea2889f-f109-4a41-8217-07a2964d11f7
Agent dfda439e-0a60-4f83-bb24-1c8784acfa49: 
[DEAD] 
Agent ID: dfda439e-0a60-4f83-bb24-1c8784acfa49
Agent e5fa76d2-6f93-4d9b-9524-b229ffe311a7: 
Agent ID: e5fa76d2-6f93-4d9b-9524-b229ffe311a7
Agent f3cbe858-afdc-46e3-8d64-55670a40a98a: 
[DEAD] 
Agent ID: f3cbe858-afdc-46e3-8d64-55670a40a98a
Agent f3e88340-d6c1-4b54-9bde-75161b378969: 
Agent ID: f3e88340-d6c1-4b54-9bde-75161b378969
Agent f4757ea7-565d-402b-9048-93dd4e258d1d: 
Agent ID: f4757ea7-565d-402b-9048-93dd4e258d1d
Agent f931e004-d1c4-46b5-8199-2bf9dfb6a4fc: 
[DEAD] 
Agent ID: f931e004-d1c4-46b5-8199-2bf9dfb6a4fc

Iteration 0, Turn 3:
Agent 02b74ffa-ce4f-46a5-be9d-e8847eab408f: 
[DEAD] 
Agent ID: 02b74ffa-ce4f-46a5-be9d-e8847eab408f
Agent 0d9ca3fb-d936-4c8f-b3f9-2b129658cfaf: 
[DEAD] 
Agent ID: 0d9ca3fb-d936-4c8f-b3f9-2b129658cfaf
Agent 0fb026d0-7636-446b-b829-d94478203cd6: 
Agent ID: 0fb026d0-7636-446b-b829-d94478203cd6
Agent 12849c2d-392d-4560-bf68-d1924fe4f20b: 
[DEAD] 
Agent ID: 12849c2d-392d-4560-bf68-d1924fe4f20b
Agent 23c38d44-4fac-4797-b5b0-21065320ee6d: 
[DEAD] 
Agent ID: 23c38d44-4fac-4797-b5b0-21065320ee6d
Agent 457308e9-48c3-4104-8947-59e25f36aa05: 
[DEAD] 
Agent ID: 457308e9-48c3-4104-8947-59e25f36aa05
Agent 4b5d784f-75bd-45f6-853c-96ede8db87bb: 
[DEAD] 
Agent ID: 4b5d784f-75bd-45f6-853c-96ede8db87bb
Agent 4ba3f548-0787-4ebe-b864-e88e36f5aae7: 
[DEAD] 
Agent ID: 4ba3f548-0787-4ebe-b864-e88e36f5aae7
Agent 600f535b-8d18-48cd-8bfa-d934861f88de: 
Agent ID: 600f535b-8d18-48cd-8bfa-d934861f88de
Agent 7c3f1f8d-cb8c-4b06-8d22-18bc03b33da4: 
[DEAD] 
Agent ID: 7c3f1f8d-cb8c-4b06-8d22-18bc03b33da4
Agent 7c83f5c7-5f9b-456f-a1c2-35c7b2af4e1f: 
Agent ID: 7c83f5c7-5f9b-456f-a1c2-35c7b2af4e1f
Agent 84be7e81-e554-429f-b688-0085d45bacef: 
[DEAD] 
Agent ID: 84be7e81-e554-429f-b688-0085d45bacef
Agent ab86f77c-8e4e-47ef-89c7-8a59ef458a18: 
[DEAD] 
Agent ID: ab86f77c-8e4e-47ef-89c7-8a59ef458a18
Agent aea2889f-f109-4a41-8217-07a2964d11f7: 
[DEAD] 
Agent ID: aea2889f-f109-4a41-8217-07a2964d11f7
Agent dfda439e-0a60-4f83-bb24-1c8784acfa49: 
[DEAD] 
Agent ID: dfda439e-0a60-4f83-bb24-1c8784acfa49
Agent e5fa76d2-6f93-4d9b-9524-b229ffe311a7: 
Agent ID: e5fa76d2-6f93-4d9b-9524-b229ffe311a7
Agent f3cbe858-afdc-46e3-8d64-55670a40a98a: 
[DEAD] 
Agent ID: f3cbe858-afdc-46e3-8d64-55670a40a98a
Agent f3e88340-d6c1-4b54-9bde-75161b378969: 
[DEAD] 
Agent ID: f3e88340-d6c1-4b54-9bde-75161b378969
Agent f4757ea7-565d-402b-9048-93dd4e258d1d: 
Agent ID: f4757ea7-565d-402b-9048-93dd4e258d1d
Agent f931e004-d1c4-46b5-8199-2bf9dfb6a4fc: 
[DEAD] 
Agent ID: f931e004-d1c4-46b5-8199-2bf9dfb6a4fc

Iteration 0, Turn 4:
Agent 02b74ffa-ce4f-46a5-be9d-e8847eab408f: 
[DEAD] 
Agent ID: 02b74ffa-ce4f-46a5-be9d-e8847eab408f
Agent 0d9ca3fb-d936-4c8f-b3f9-2b129658cfaf: 
[DEAD] 
Agent ID: 0d9ca3fb-d936-4c8f-b3f9-2b129658cfaf
Agent 0fb026d0-7636-446b-b829-d94478203cd6: 
[DEAD] 
Agent ID: 0fb026d0-7636-446b-b829-d94478203cd6
Agent 12849c2d-392d-4560-bf68-d1924fe4f20b: 
[DEAD] 
Agent ID: 12849c2d-392d-4560-bf68-d1924fe4f20b
Agent 23c38d44-4fac-4797-b5b0-21065320ee6d: 
[DEAD] 
Agent ID: 23c38d44-4fac-4797-b5b0-21065320ee6d
Agent 457308e9-48c3-4104-8947-59e25f36aa05: 
[DEAD] 
Agent ID: 457308e9-48c3-4104-8947-59e25f36aa05
Agent 4b5d784f-75bd-45f6-853c-96ede8db87bb: 
[DEAD] 
Agent ID: 4b5d784f-75bd-45f6-853c-96ede8db87bb
Agent 4ba3f548-0787-4ebe-b864-e88e36f5aae7: 
[DEAD] 
Agent ID: 4ba3f548-0787-4ebe-b864-e88e36f5aae7
Agent 600f535b-8d18-48cd-8bfa-d934861f88de: 
Agent ID: 600f535b-8d18-48cd-8bfa-d934861f88de
Agent 7c3f1f8d-cb8c-4b06-8d22-18bc03b33da4: 
[DEAD] 
Agent ID: 7c3f1f8d-cb8c-4b06-8d22-18bc03b33da4
Agent 7c83f5c7-5f9b-456f-a1c2-35c7b2af4e1f: 
Agent ID: 7c83f5c7-5f9b-456f-a1c2-35c7b2af4e1f
Agent 84be7e81-e554-429f-b688-0085d45bacef: 
[DEAD] 
Agent ID: 84be7e81-e554-429f-b688-0085d45bacef
Agent ab86f77c-8e4e-47ef-89c7-8a59ef458a18: 
[DEAD] 
Agent ID: ab86f77c-8e4e-47ef-89c7-8a59ef458a18
Agent aea2889f-f109-4a41-8217-07a2964d11f7: 
[DEAD] 
Agent ID: aea2889f-f109-4a41-8217-07a2964d11f7
Agent dfda439e-0a60-4f83-bb24-1c8784acfa49: 
[DEAD] 
Agent ID: dfda439e-0a60-4f83-bb24-1c8784acfa49
Agent e5fa76d2-6f93-4d9b-9524-b229ffe311a7: 
[DEAD] 
Agent ID: e5fa76d2-6f93-4d9b-9524-b229ffe311a7
Agent f3cbe858-afdc-46e3-8d64-55670a40a98a: 
[DEAD] 
Agent ID: f3cbe858-afdc-46e3-8d64-55670a40a98a
Agent f3e88340-d6c1-4b54-9bde-75161b378969: 
[DEAD] 
Agent ID: f3e88340-d6c1-4b54-9bde-75161b378969
Agent f4757ea7-565d-402b-9048-93dd4e258d1d: 
[DEAD] 
Agent ID: f4757ea7-565d-402b-9048-93dd4e258d1d
Agent f931e004-d1c4-46b5-8199-2bf9dfb6a4fc: 
[DEAD] 
Agent ID: f931e004-d1c4-46b5-8199-2bf9dfb6a4fc

Iteration 1, Turn 0:

Iteration 1, Turn 0:
Agent 02b74ffa-ce4f-46a5-be9d-e8847eab408f: 
[DEAD] 
Agent ID: 02b74ffa-ce4f-46a5-be9d-e8847eab408f
Agent 0d9ca3fb-d936-4c8f-b3f9-2b129658cfaf: 
[DEAD] 
Agent ID: 0d9ca3fb-d936-4c8f-b3f9-2b129658cfaf
Agent 0fb026d0-7636-446b-b829-d94478203cd6: 
[DEAD] 
Agent ID: 0fb026d0-7636-446b-b829-d94478203cd6
Agent 12849c2d-392d-4560-bf68-d1924fe4f20b: 
[DEAD] 
Agent ID: 12849c2d-392d-4560-bf68-d1924fe4f20b
Agent 23c38d44-4fac-4797-b5b0-21065320ee6d: 
[DEAD] 
Agent ID: 23c38d44-4fac-4797-b5b0-21065320ee6d
Agent 457308e9-48c3-4104-8947-59e25f36aa05: 
[DEAD] 
Agent ID: 457308e9-48c3-4104-8947-59e25f36aa05
Agent 4b5d784f-75bd-45f6-853c-96ede8db87bb: 
[DEAD] 
Agent ID: 4b5d784f-75bd-45f6-853c-96ede8db87bb
Agent 4ba3f548-0787-4ebe-b864-e88e36f5aae7: 
[DEAD] 
Agent ID: 4ba3f548-0787-4ebe-b864-e88e36f5aae7
Agent 600f535b-8d18-48cd-8bfa-d934861f88de: 
Agent ID: 600f535b-8d18-48cd-8bfa-d934861f88de
Agent 7c3f1f8d-cb8c-4b06-8d22-18bc03b33da4: 
[DEAD] 
Agent ID: 7c3f1f8d-cb8c-4b06-8d22-18bc03b33da4
Agent 7c83f5c7-5f9b-456f-a1c2-35c7b2af4e1f: 
[DEAD] 
Agent ID: 7c83f5c7-5f9b-456f-a1c2-35c7b2af4e1f
Agent 84be7e81-e554-429f-b688-0085d45bacef: 
[DEAD] 
Agent ID: 84be7e81-e554-429f-b688-0085d45bacef
Agent ab86f77c-8e4e-47ef-89c7-8a59ef458a18: 
[DEAD] 
Agent ID: ab86f77c-8e4e-47ef-89c7-8a59ef458a18
Agent aea2889f-f109-4a41-8217-07a2964d11f7: 
[DEAD] 
Agent ID: aea2889f-f109-4a41-8217-07a2964d11f7
Agent dfda439e-0a60-4f83-bb24-1c8784acfa49: 
[DEAD] 
Agent ID: dfda439e-0a60-4f83-bb24-1c8784acfa49
Agent e5fa76d2-6f93-4d9b-9524-b229ffe311a7: 
[DEAD] 
Agent ID: e5fa76d2-6f93-4d9b-9524-b229ffe311a7
Agent f3cbe858-afdc-46e3-8d64-55670a40a98a: 
[DEAD] 
Agent ID: f3cbe858-afdc-46e3-8d64-55670a40a98a
Agent f3e88340-d6c1-4b54-9bde-75161b378969: 
[DEAD] 
Agent ID: f3e88340-d6c1-4b54-9bde-75161b378969
Agent f4757ea7-565d-402b-9048-93dd4e258d1d: 
[DEAD] 
Agent ID: f4757ea7-565d-402b-9048-93dd4e258d1d
Agent f931e004-d1c4-46b5-8199-2bf9dfb6a4fc: 
[DEAD] 
Agent ID: f931e004-d1c4-46b5-8199-2bf9dfb6a4fc

Iteration 1, Turn 1:
Agent 02b74ffa-ce4f-46a5-be9d-e8847eab408f: 
[DEAD] 
Agent ID: 02b74ffa-ce4f-46a5-be9d-e8847eab408f
Agent 0d9ca3fb-d936-4c8f-b3f9-2b129658cfaf: 
[DEAD] 
Agent ID: 0d9ca3fb-d936-4c8f-b3f9-2b129658cfaf
Agent 0fb026d0-7636-446b-b829-d94478203cd6: 
[DEAD] 
Agent ID: 0fb026d0-7636-446b-b829-d94478203cd6
Agent 12849c2d-392d-4560-bf68-d1924fe4f20b: 
[DEAD] 
Agent ID: 12849c2d-392d-4560-bf68-d1924fe4f20b
Agent 23c38d44-4fac-4797-b5b0-21065320ee6d: 
[DEAD] 
Agent ID: 23c38d44-4fac-4797-b5b0-21065320ee6d
Agent 457308e9-48c3-4104-8947-59e25f36aa05: 
[DEAD] 
Agent ID: 457308e9-48c3-4104-8947-59e25f36aa05
Agent 4b5d784f-75bd-45f6-853c-96ede8db87bb: 
[DEAD] 
Agent ID: 4b5d784f-75bd-45f6-853c-96ede8db87bb
Agent 4ba3f548-0787-4ebe-b864-e88e36f5aae7: 
[DEAD] 
Agent ID: 4ba3f548-0787-4ebe-b864-e88e36f5aae7
Agent 600f535b-8d18-48cd-8bfa-d934861f88de: 
[DEAD] 
Agent ID: 600f535b-8d18-48cd-8bfa-d934861f88de
Agent 7c3f1f8d-cb8c-4b06-8d22-18bc03b33da4: 
[DEAD] 
Agent ID: 7c3f1f8d-cb8c-4b06-8d22-18bc03b33da4
Agent 7c83f5c7-5f9b-456f-a1c2-35c7b2af4e1f: 
[DEAD] 
Agent ID: 7c83f5c7-5f9b-456f-a1c2-35c7b2af4e1f
Agent 84be7e81-e554-429f-b688-0085d45bacef: 
[DEAD] 
Agent ID: 84be7e81-e554-429f-b688-0085d45bacef
Agent ab86f77c-8e4e-47ef-89c7-8a59ef458a18: 
[DEAD] 
Agent ID: ab86f77c-8e4e-47ef-89c7-8a59ef458a18
Agent aea2889f-f109-4a41-8217-07a2964d11f7: 
[DEAD] 
Agent ID: aea2889f-f109-4a41-8217-07a2964d11f7
Agent dfda439e-0a60-4f83-bb24-1c8784acfa49: 
[DEAD] 
Agent ID: dfda439e-0a60-4f83-bb24-1c8784acfa49
Agent e5fa76d2-6f93-4d9b-9524-b229ffe311a7: 
[DEAD] 
Agent ID: e5fa76d2-6f93-4d9b-9524-b229ffe311a7
Agent f3cbe858-afdc-46e3-8d64-55670a40a98a: 
[DEAD] 
Agent ID: f3cbe858-afdc-46e3-8d64-55670a40a98a
Agent f3e88340-d6c1-4b54-9bde-75161b378969: 
[DEAD] 
Agent ID: f3e88340-d6c1-4b54-9bde-75161b378969
Agent f4757ea7-565d-402b-9048-93dd4e258d1d: 
[DEAD] 
Agent ID: f4757ea7-565d-402b-9048-93dd4e258d1d
Agent f931e004-d1c4-46b5-8199-2bf9dfb6a4fc: 
[DEAD] 
Agent ID: f931e004-d1c4-46b5-8199-2bf9dfb6a4fc

Iteration 1, Turn 2:
Agent 02b74ffa-ce4f-46a5-be9d-e8847eab408f: 
[DEAD] 
Agent ID: 02b74ffa-ce4f-46a5-be9d-e8847eab408f
Agent 0d9ca3fb-d936-4c8f-b3f9-2b129658cfaf: 
[DEAD] 
Agent ID: 0d9ca3fb-d936-4c8f-b3f9-2b129658cfaf
Agent 0fb026d0-7636-446b-b829-d94478203cd6: 
[DEAD] 
Agent ID: 0fb026d0-7636-446b-b829-d94478203cd6
Agent 12849c2d-392d-4560-bf68-d1924fe4f20b: 
[DEAD] 
Agent ID: 12849c2d-392d-4560-bf68-d1924fe4f20b
Agent 23c38d44-4fac-4797-b5b0-21065320ee6d: 
[DEAD] 
Agent ID: 23c38d44-4fac-4797-b5b0-21065320ee6d
Agent 457308e9-48c3-4104-8947-59e25f36aa05: 
[DEAD] 
Agent ID: 457308e9-48c3-4104-8947-59e25f36aa05
Agent 4b5d784f-75bd-45f6-853c-96ede8db87bb: 
[DEAD] 
Agent ID: 4b5d784f-75bd-45f6-853c-96ede8db87bb
Agent 4ba3f548-0787-4ebe-b864-e88e36f5aae7: 
[DEAD] 
Agent ID: 4ba3f548-0787-4ebe-b864-e88e36f5aae7
Agent 600f535b-8d18-48cd-8bfa-d934861f88de: 
[DEAD] 
Agent ID: 600f535b-8d18-48cd-8bfa-d934861f88de
Agent 7c3f1f8d-cb8c-4b06-8d22-18bc03b33da4: 
[DEAD] 
Agent ID: 7c3f1f8d-cb8c-4b06-8d22-18bc03b33da4
Agent 7c83f5c7-5f9b-456f-a1c2-35c7b2af4e1f: 
[DEAD] 
Agent ID: 7c83f5c7-5f9b-456f-a1c2-35c7b2af4e1f
Agent 84be7e81-e554-429f-b688-0085d45bacef: 
[DEAD] 
Agent ID: 84be7e81-e554-429f-b688-0085d45bacef
Agent ab86f77c-8e4e-47ef-89c7-8a59ef458a18: 
[DEAD] 
Agent ID: ab86f77c-8e4e-47ef-89c7-8a59ef458a18
Agent aea2889f-f109-4a41-8217-07a2964d11f7: 
[DEAD] 
Agent ID: aea2889f-f109-4a41-8217-07a2964d11f7
Agent dfda439e-0a60-4f83-bb24-1c8784acfa49: 
[DEAD] 
Agent ID: dfda439e-0a60-4f83-bb24-1c8784acfa49
Agent e5fa76d2-6f93-4d9b-9524-b229ffe311a7: 
[DEAD] 
Agent ID: e5fa76d2-6f93-4d9b-9524-b229ffe311a7
Agent f3cbe858-afdc-46e3-8d64-55670a40a98a: 
[DEAD] 
Agent ID: f3cbe858-afdc-46e3-8d64-55670a40a98a
Agent f3e88340-d6c1-4b54-9bde-75161b378969: 
[DEAD] 
Agent ID: f3e88340-d6c1-4b54-9bde-75161b378969
Agent f4757ea7-565d-402b-9048-93dd4e258d1d: 
[DEAD] 
Agent ID: f4757ea7-565d-402b-9048-93dd4e258d1d
Agent f931e004-d1c4-46b5-8199-2bf9dfb6a4fc: 
[DEAD] 
Agent ID: f931e004-d1c4-46b5-8199-2bf9dfb6a4fc

Iteration 1, Turn 3:
Agent 02b74ffa-ce4f-46a5-be9d-e8847eab408f: 
[DEAD] 
Agent ID: 02b74ffa-ce4f-46a5-be9d-e8847eab408f
Agent 0d9ca3fb-d936-4c8f-b3f9-2b129658cfaf: 
[DEAD] 
Agent ID: 0d9ca3fb-d936-4c8f-b3f9-2b129658cfaf
Agent 0fb026d0-7636-446b-b829-d94478203cd6: 
[DEAD] 
Agent ID: 0fb026d0-7636-446b-b829-d94478203cd6
Agent 12849c2d-392d-4560-bf68-d1924fe4f20b: 
[DEAD] 
Agent ID: 12849c2d-392d-4560-bf68-d1924fe4f20b
Agent 23c38d44-4fac-4797-b5b0-21065320ee6d: 
[DEAD] 
Agent ID: 23c38d44-4fac-4797-b5b0-21065320ee6d
Agent 457308e9-48c3-4104-8947-59e25f36aa05: 
[DEAD] 
Agent ID: 457308e9-48c3-4104-8947-59e25f36aa05
Agent 4b5d784f-75bd-45f6-853c-96ede8db87bb: 
[DEAD] 
Agent ID: 4b5d784f-75bd-45f6-853c-96ede8db87bb
Agent 4ba3f548-0787-4ebe-b864-e88e36f5aae7: 
[DEAD] 
Agent ID: 4ba3f548-0787-4ebe-b864-e88e36f5aae7
Agent 600f535b-8d18-48cd-8bfa-d934861f88de: 
[DEAD] 
Agent ID: 600f535b-8d18-48cd-8bfa-d934861f88de
Agent 7c3f1f8d-cb8c-4b06-8d22-18bc03b33da4: 
[DEAD] 
Agent ID: 7c3f1f8d-cb8c-4b06-8d22-18bc03b33da4
Agent 7c83f5c7-5f9b-456f-a1c2-35c7b2af4e1f: 
[DEAD] 
Agent ID: 7c83f5c7-5f9b-456f-a1c2-35c7b2af4e1f
Agent 84be7e81-e554-429f-b688-0085d45bacef: 
[DEAD] 
Agent ID: 84be7e81-e554-429f-b688-0085d45bacef
Agent ab86f77c-8e4e-47ef-89c7-8a59ef458a18: 
[DEAD] 
Agent ID: ab86f77c-8e4e-47ef-89c7-8a59ef458a18
Agent aea2889f-f109-4a41-8217-07a2964d11f7: 
[DEAD] 
Agent ID: aea2889f-f109-4a41-8217-07a2964d11f7
Agent dfda439e-0a60-4f83-bb24-1c8784acfa49: 
[DEAD] 
Agent ID: dfda439e-0a60-4f83-bb24-1c8784acfa49
Agent e5fa76d2-6f93-4d9b-9524-b229ffe311a7: 
[DEAD] 
Agent ID: e5fa76d2-6f93-4d9b-9524-b229ffe311a7
Agent f3cbe858-afdc-46e3-8d64-55670a40a98a: 
[DEAD] 
Agent ID: f3cbe858-afdc-46e3-8d64-55670a40a98a
Agent f3e88340-d6c1-4b54-9bde-75161b378969: 
[DEAD] 
Agent ID: f3e88340-d6c1-4b54-9bde-75161b378969
Agent f4757ea7-565d-402b-9048-93dd4e258d1d: 
[DEAD] 
Agent ID: f4757ea7-565d-402b-9048-93dd4e258d1d
Agent f931e004-d1c4-46b5-8199-2bf9dfb6a4fc: 
[DEAD] 
Agent ID: f931e004-d1c4-46b5-8199-2bf9dfb6a4fc

Iteration 1, Turn 4:
Agent 02b74ffa-ce4f-46a5-be9d-e8847eab408f: 
[DEAD] 
Agent ID: 02b74ffa-ce4f-46a5-be9d-e8847eab408f
Agent 0d9ca3fb-d936-4c8f-b3f9-2b129658cfaf: 
[DEAD] 
Agent ID: 0d9ca3fb-d936-4c8f-b3f9-2b129658cfaf
Agent 0fb026d0-7636-446b-b829-d94478203cd6: 
[DEAD] 
Agent ID: 0fb026d0-7636-446b-b829-d94478203cd6
Agent 12849c2d-392d-4560-bf68-d1924fe4f20b: 
[DEAD] 
Agent ID: 12849c2d-392d-4560-bf68-d1924fe4f20b
Agent 23c38d44-4fac-4797-b5b0-21065320ee6d: 
[DEAD] 
Agent ID: 23c38d44-4fac-4797-b5b0-21065320ee6d
Agent 457308e9-48c3-4104-8947-59e25f36aa05: 
[DEAD] 
Agent ID: 457308e9-48c3-4104-8947-59e25f36aa05
Agent 4b5d784f-75bd-45f6-853c-96ede8db87bb: 
[DEAD] 
Agent ID: 4b5d784f-75bd-45f6-853c-96ede8db87bb
Agent 4ba3f548-0787-4ebe-b864-e88e36f5aae7: 
[DEAD] 
Agent ID: 4ba3f548-0787-4ebe-b864-e88e36f5aae7
Agent 600f535b-8d18-48cd-8bfa-d934861f88de: 
[DEAD] 
Agent ID: 600f535b-8d18-48cd-8bfa-d934861f88de
Agent 7c3f1f8d-cb8c-4b06-8d22-18bc03b33da4: 
[DEAD] 
Agent ID: 7c3f1f8d-cb8c-4b06-8d22-18bc03b33da4
Agent 7c83f5c7-5f9b-456f-a1c2-35c7b2af4e1f: 
[DEAD] 
Agent ID: 7c83f5c7-5f9b-456f-a1c2-35c7b2af4e1f
Agent 84be7e81-e554-429f-b688-0085d45bacef: 
[DEAD] 
Agent ID: 84be7e81-e554-429f-b688-0085d45bacef
Agent ab86f77c-8e4e-47ef-89c7-8a59ef458a18: 
[DEAD] 
Agent ID: ab86f77c-8e4e-47ef-89c7-8a59ef458a18
Agent aea2889f-f109-4a41-8217-07a2964d11f7: 
[DEAD] 
Agent ID: aea2889f-f109-4a41-8217-07a2964d11f7
Agent dfda439e-0a60-4f83-bb24-1c8784acfa49: 
[DEAD] 
Agent ID: dfda439e-0a60-4f83-bb24-1c8784acfa49
Agent e5fa76d2-6f93-4d9b-9524-b229ffe311a7: 
[DEAD] 
Agent ID: e5fa76d2-6f93-4d9b-9524-b229ffe311a7
Agent f3cbe858-afdc-46e3-8d64-55670a40a98a: 
[DEAD] 
Agent ID: f3cbe858-afdc-46e3-8d64-55670a40a98a
Agent f3e88340-d6c1-4b54-9bde-75161b378969: 
[DEAD] 
Agent ID: f3e88340-d6c1-4b54-9bde-75161b378969
Agent f4757ea7-565d-402b-9048-93dd4e258d1d: 
[DEAD] 
Agent ID: f4757ea7-565d-402b-9048-93dd4e258d1d
Agent f931e004-d1c4-46b5-8199-2bf9dfb6a4fc: 
[DEAD] 
Agent ID: f931e004-d1c4-46b5-8199-2bf9dfb6a4fc

Iteration 2, Turn 0:

Iteration 2, Turn 0:
Agent 02b74ffa-ce4f-46a5-be9d-e8847eab408f: 
[DEAD] 
Agent ID: 02b74ffa-ce4f-46a5-be9d-e8847eab408f
Agent 0d9ca3fb-d936-4c8f-b3f9-2b129658cfaf: 
[DEAD] 
Agent ID: 0d9ca3fb-d936-4c8f-b3f9-2b129658cfaf
Agent 0fb026d0-7636-446b-b829-d94478203cd6: 
[DEAD] 
Agent ID: 0fb026d0-7636-446b-b829-d94478203cd6
Agent 12849c2d-392d-4560-bf68-d1924fe4f20b: 
[DEAD] 
Agent ID: 12849c2d-392d-4560-bf68-d1924fe4f20b
Agent 23c38d44-4fac-4797-b5b0-21065320ee6d: 
[DEAD] 
Agent ID: 23c38d44-4fac-4797-b5b0-21065320ee6d
Agent 457308e9-48c3-4104-8947-59e25f36aa05: 
[DEAD] 
Agent ID: 457308e9-48c3-4104-8947-59e25f36aa05
Agent 4b5d784f-75bd-45f6-853c-96ede8db87bb: 
[DEAD] 
Agent ID: 4b5d784f-75bd-45f6-853c-96ede8db87bb
Agent 4ba3f548-0787-4ebe-b864-e88e36f5aae7: 
[DEAD] 
Agent ID: 4ba3f548-0787-4ebe-b864-e88e36f5aae7
Agent 600f535b-8d18-48cd-8bfa-d934861f88de: 
[DEAD] 
Agent ID: 600f535b-8d18-48cd-8bfa-d934861f88de
Agent 7c3f1f8d-cb8c-4b06-8d22-18bc03b33da4: 
[DEAD] 
Agent ID: 7c3f1f8d-cb8c-4b06-8d22-18bc03b33da4
Agent 7c83f5c7-5f9b-456f-a1c2-35c7b2af4e1f: 
[DEAD] 
Agent ID: 7c83f5c7-5f9b-456f-a1c2-35c7b2af4e1f
Agent 84be7e81-e554-429f-b688-0085d45bacef: 
[DEAD] 
Agent ID: 84be7e81-e554-429f-b688-0085d45bacef
Agent ab86f77c-8e4e-47ef-89c7-8a59ef458a18: 
[DEAD] 
Agent ID: ab86f77c-8e4e-47ef-89c7-8a59ef458a18
Agent aea2889f-f109-4a41-8217-07a2964d11f7: 
[DEAD] 
Agent ID: aea2889f-f109-4a41-8217-07a2964d11f7
Agent dfda439e-0a60-4f83-bb24-1c8784acfa49: 
[DEAD] 
Agent ID: dfda439e-0a60-4f83-bb24-1c8784acfa49
Agent e5fa76d2-6f93-4d9b-9524-b229ffe311a7: 
[DEAD] 
Agent ID: e5fa76d2-6f93-4d9b-9524-b229ffe311a7
Agent f3cbe858-afdc-46e3-8d64-55670a40a98a: 
[DEAD] 
Agent ID: f3cbe858-afdc-46e3-8d64-55670a40a98a
Agent f3e88340-d6c1-4b54-9bde-75161b378969: 
[DEAD] 
Agent ID: f3e88340-d6c1-4b54-9bde-75161b378969
Agent f4757ea7-565d-402b-9048-93dd4e258d1d: 
[DEAD] 
Agent ID: f4757ea7-565d-402b-9048-93dd4e258d1d
Agent f931e004-d1c4-46b5-8199-2bf9dfb6a4fc: 
[DEAD] 
Agent ID: f931e004-d1c4-46b5-8199-2bf9dfb6a4fc

Iteration 2, Turn 1:
Agent 02b74ffa-ce4f-46a5-be9d-e8847eab408f: 
[DEAD] 
Agent ID: 02b74ffa-ce4f-46a5-be9d-e8847eab408f
Agent 0d9ca3fb-d936-4c8f-b3f9-2b129658cfaf: 
[DEAD] 
Agent ID: 0d9ca3fb-d936-4c8f-b3f9-2b129658cfaf
Agent 0fb026d0-7636-446b-b829-d94478203cd6: 
[DEAD] 
Agent ID: 0fb026d0-7636-446b-b829-d94478203cd6
Agent 12849c2d-392d-4560-bf68-d1924fe4f20b: 
[DEAD] 
Agent ID: 12849c2d-392d-4560-bf68-d1924fe4f20b
Agent 23c38d44-4fac-4797-b5b0-21065320ee6d: 
[DEAD] 
Agent ID: 23c38d44-4fac-4797-b5b0-21065320ee6d
Agent 457308e9-48c3-4104-8947-59e25f36aa05: 
[DEAD] 
Agent ID: 457308e9-48c3-4104-8947-59e25f36aa05
Agent 4b5d784f-75bd-45f6-853c-96ede8db87bb: 
[DEAD] 
Agent ID: 4b5d784f-75bd-45f6-853c-96ede8db87bb
Agent 4ba3f548-0787-4ebe-b864-e88e36f5aae7: 
[DEAD] 
Agent ID: 4ba3f548-0787-4ebe-b864-e88e36f5aae7
Agent 600f535b-8d18-48cd-8bfa-d934861f88de: 
[DEAD] 
Agent ID: 600f535b-8d18-48cd-8bfa-d934861f88de
Agent 7c3f1f8d-cb8c-4b06-8d22-18bc03b33da4: 
[DEAD] 
Agent ID: 7c3f1f8d-cb8c-4b06-8d22-18bc03b33da4
Agent 7c83f5c7-5f9b-456f-a1c2-35c7b2af4e1f: 
[DEAD] 
Agent ID: 7c83f5c7-5f9b-456f-a1c2-35c7b2af4e1f
Agent 84be7e81-e554-429f-b688-0085d45bacef: 
[DEAD] 
Agent ID: 84be7e81-e554-429f-b688-0085d45bacef
Agent ab86f77c-8e4e-47ef-89c7-8a59ef458a18: 
[DEAD] 
Agent ID: ab86f77c-8e4e-47ef-89c7-8a59ef458a18
Agent aea2889f-f109-4a41-8217-07a2964d11f7: 
[DEAD] 
Agent ID: aea2889f-f109-4a41-8217-07a2964d11f7
Agent dfda439e-0a60-4f83-bb24-1c8784acfa49: 
[DEAD] 
Agent ID: dfda439e-0a60-4f83-bb24-1c8784acfa49
Agent e5fa76d2-6f93-4d9b-9524-b229ffe311a7: 
[DEAD] 
Agent ID: e5fa76d2-6f93-4d9b-9524-b229ffe311a7
Agent f3cbe858-afdc-46e3-8d64-55670a40a98a: 
[DEAD] 
Agent ID: f3cbe858-afdc-46e3-8d64-55670a40a98a
Agent f3e88340-d6c1-4b54-9bde-75161b378969: 
[DEAD] 
Agent ID: f3e88340-d6c1-4b54-9bde-75161b378969
Agent f4757ea7-565d-402b-9048-93dd4e258d1d: 
[DEAD] 
Agent ID: f4757ea7-565d-402b-9048-93dd4e258d1d
Agent f931e004-d1c4-46b5-8199-2bf9dfb6a4fc: 
[DEAD] 
Agent ID: f931e004-d1c4-46b5-8199-2bf9dfb6a4fc

Iteration 2, Turn 2:
Agent 02b74ffa-ce4f-46a5-be9d-e8847eab408f: 
[DEAD] 
Agent ID: 02b74ffa-ce4f-46a5-be9d-e8847eab408f
Agent 0d9ca3fb-d936-4c8f-b3f9-2b129658cfaf: 
[DEAD] 
Agent ID: 0d9ca3fb-d936-4c8f-b3f9-2b129658cfaf
Agent 0fb026d0-7636-446b-b829-d94478203cd6: 
[DEAD] 
Agent ID: 0fb026d0-7636-446b-b829-d94478203cd6
Agent 12849c2d-392d-4560-bf68-d1924fe4f20b: 
[DEAD] 
Agent ID: 12849c2d-392d-4560-bf68-d1924fe4f20b
Agent 23c38d44-4fac-4797-b5b0-21065320ee6d: 
[DEAD] 
Agent ID: 23c38d44-4fac-4797-b5b0-21065320ee6d
Agent 457308e9-48c3-4104-8947-59e25f36aa05: 
[DEAD] 
Agent ID: 457308e9-48c3-4104-8947-59e25f36aa05
Agent 4b5d784f-75bd-45f6-853c-96ede8db87bb: 
[DEAD] 
Agent ID: 4b5d784f-75bd-45f6-853c-96ede8db87bb
Agent 4ba3f548-0787-4ebe-b864-e88e36f5aae7: 
[DEAD] 
Agent ID: 4ba3f548-0787-4ebe-b864-e88e36f5aae7
Agent 600f535b-8d18-48cd-8bfa-d934861f88de: 
[DEAD] 
Agent ID: 600f535b-8d18-48cd-8bfa-d934861f88de
Agent 7c3f1f8d-cb8c-4b06-8d22-18bc03b33da4: 
[DEAD] 
Agent ID: 7c3f1f8d-cb8c-4b06-8d22-18bc03b33da4
Agent 7c83f5c7-5f9b-456f-a1c2-35c7b2af4e1f: 
[DEAD] 
Agent ID: 7c83f5c7-5f9b-456f-a1c2-35c7b2af4e1f
Agent 84be7e81-e554-429f-b688-0085d45bacef: 
[DEAD] 
Agent ID: 84be7e81-e554-429f-b688-0085d45bacef
Agent ab86f77c-8e4e-47ef-89c7-8a59ef458a18: 
[DEAD] 
Agent ID: ab86f77c-8e4e-47ef-89c7-8a59ef458a18
Agent aea2889f-f109-4a41-8217-07a2964d11f7: 
[DEAD] 
Agent ID: aea2889f-f109-4a41-8217-07a2964d11f7
Agent dfda439e-0a60-4f83-bb24-1c8784acfa49: 
[DEAD] 
Agent ID: dfda439e-0a60-4f83-bb24-1c8784acfa49
Agent e5fa76d2-6f93-4d9b-9524-b229ffe311a7: 
[DEAD] 
Agent ID: e5fa76d2-6f93-4d9b-9524-b229ffe311a7
Agent f3cbe858-afdc-46e3-8d64-55670a40a98a: 
[DEAD] 
Agent ID: f3cbe858-afdc-46e3-8d64-55670a40a98a
Agent f3e88340-d6c1-4b54-9bde-75161b378969: 
[DEAD] 
Agent ID: f3e88340-d6c1-4b54-9bde-75161b378969
Agent f4757ea7-565d-402b-9048-93dd4e258d1d: 
[DEAD] 
Agent ID: f4757ea7-565d-402b-9048-93dd4e258d1d
Agent f931e004-d1c4-46b5-8199-2bf9dfb6a4fc: 
[DEAD] 
Agent ID: f931e004-d1c4-46b5-8199-2bf9dfb6a4fc

Iteration 2, Turn 3:
Agent 02b74ffa-ce4f-46a5-be9d-e8847eab408f: 
[DEAD] 
Agent ID: 02b74ffa-ce4f-46a5-be9d-e8847eab408f
Agent 0d9ca3fb-d936-4c8f-b3f9-2b129658cfaf: 
[DEAD] 
Agent ID: 0d9ca3fb-d936-4c8f-b3f9-2b129658cfaf
Agent 0fb026d0-7636-446b-b829-d94478203cd6: 
[DEAD] 
Agent ID: 0fb026d0-7636-446b-b829-d94478203cd6
Agent 12849c2d-392d-4560-bf68-d1924fe4f20b: 
[DEAD] 
Agent ID: 12849c2d-392d-4560-bf68-d1924fe4f20b
Agent 23c38d44-4fac-4797-b5b0-21065320ee6d: 
[DEAD] 
Agent ID: 23c38d44-4fac-4797-b5b0-21065320ee6d
Agent 457308e9-48c3-4104-8947-59e25f36aa05: 
[DEAD] 
Agent ID: 457308e9-48c3-4104-8947-59e25f36aa05
Agent 4b5d784f-75bd-45f6-853c-96ede8db87bb: 
[DEAD] 
Agent ID: 4b5d784f-75bd-45f6-853c-96ede8db87bb
Agent 4ba3f548-0787-4ebe-b864-e88e36f5aae7: 
[DEAD] 
Agent ID: 4ba3f548-0787-4ebe-b864-e88e36f5aae7
Agent 600f535b-8d18-48cd-8bfa-d934861f88de: 
[DEAD] 
Agent ID: 600f535b-8d18-48cd-8bfa-d934861f88de
Agent 7c3f1f8d-cb8c-4b06-8d22-18bc03b33da4: 
[DEAD] 
Agent ID: 7c3f1f8d-cb8c-4b06-8d22-18bc03b33da4
Agent 7c83f5c7-5f9b-456f-a1c2-35c7b2af4e1f: 
[DEAD] 
Agent ID: 7c83f5c7-5f9b-456f-a1c2-35c7b2af4e1f
Agent 84be7e81-e554-429f-b688-0085d45bacef: 
[DEAD] 
Agent ID: 84be7e81-e554-429f-b688-0085d45bacef
Agent ab86f77c-8e4e-47ef-89c7-8a59ef458a18: 
[DEAD] 
Agent ID: ab86f77c-8e4e-47ef-89c7-8a59ef458a18
Agent aea2889f-f109-4a41-8217-07a2964d11f7: 
[DEAD] 
Agent ID: aea2889f-f109-4a41-8217-07a2964d11f7
Agent dfda439e-0a60-4f83-bb24-1c8784acfa49: 
[DEAD] 
Agent ID: dfda439e-0a60-4f83-bb24-1c8784acfa49
Agent e5fa76d2-6f93-4d9b-9524-b229ffe311a7: 
[DEAD] 
Agent ID: e5fa76d2-6f93-4d9b-9524-b229ffe311a7
Agent f3cbe858-afdc-46e3-8d64-55670a40a98a: 
[DEAD] 
Agent ID: f3cbe858-afdc-46e3-8d64-55670a40a98a
Agent f3e88340-d6c1-4b54-9bde-75161b378969: 
[DEAD] 
Agent ID: f3e88340-d6c1-4b54-9bde-75161b378969
Agent f4757ea7-565d-402b-9048-93dd4e258d1d: 
[DEAD] 
Agent ID: f4757ea7-565d-402b-9048-93dd4e258d1d
Agent f931e004-d1c4-46b5-8199-2bf9dfb6a4fc: 
[DEAD] 
Agent ID: f931e004-d1c4-46b5-8199-2bf9dfb6a4fc

Iteration 2, Turn 4:
Agent 02b74ffa-ce4f-46a5-be9d-e8847eab408f: 
[DEAD] 
Agent ID: 02b74ffa-ce4f-46a5-be9d-e8847eab408f
Agent 0d9ca3fb-d936-4c8f-b3f9-2b129658cfaf: 
[DEAD] 
Agent ID: 0d9ca3fb-d936-4c8f-b3f9-2b129658cfaf
Agent 0fb026d0-7636-446b-b829-d94478203cd6: 
[DEAD] 
Agent ID: 0fb026d0-7636-446b-b829-d94478203cd6
Agent 12849c2d-392d-4560-bf68-d1924fe4f20b: 
[DEAD] 
Agent ID: 12849c2d-392d-4560-bf68-d1924fe4f20b
Agent 23c38d44-4fac-4797-b5b0-21065320ee6d: 
[DEAD] 
Agent ID: 23c38d44-4fac-4797-b5b0-21065320ee6d
Agent 457308e9-48c3-4104-8947-59e25f36aa05: 
[DEAD] 
Agent ID: 457308e9-48c3-4104-8947-59e25f36aa05
Agent 4b5d784f-75bd-45f6-853c-96ede8db87bb: 
[DEAD] 
Agent ID: 4b5d784f-75bd-45f6-853c-96ede8db87bb
Agent 4ba3f548-0787-4ebe-b864-e88e36f5aae7: 
[DEAD] 
Agent ID: 4ba3f548-0787-4ebe-b864-e88e36f5aae7
Agent 600f535b-8d18-48cd-8bfa-d934861f88de: 
[DEAD] 
Agent ID: 600f535b-8d18-48cd-8bfa-d934861f88de
Agent 7c3f1f8d-cb8c-4b06-8d22-18bc03b33da4: 
[DEAD] 
Agent ID: 7c3f1f8d-cb8c-4b06-8d22-18bc03b33da4
Agent 7c83f5c7-5f9b-456f-a1c2-35c7b2af4e1f: 
[DEAD] 
Agent ID: 7c83f5c7-5f9b-456f-a1c2-35c7b2af4e1f
Agent 84be7e81-e554-429f-b688-0085d45bacef: 
[DEAD] 
Agent ID: 84be7e81-e554-429f-b688-0085d45bacef
Agent ab86f77c-8e4e-47ef-89c7-8a59ef458a18: 
[DEAD] 
Agent ID: ab86f77c-8e4e-47ef-89c7-8a59ef458a18
Agent aea2889f-f109-4a41-8217-07a2964d11f7: 
[DEAD] 
Agent ID: aea2889f-f109-4a41-8217-07a2964d11f7
Agent dfda439e-0a60-4f83-bb24-1c8784acfa49: 
[DEAD] 
Agent ID: dfda439e-0a60-4f83-bb24-1c8784acfa49
Agent e5fa76d2-6f93-4d9b-9524-b229ffe311a7: 
[DEAD] 
Agent ID: e5fa76d2-6f93-4d9b-9524-b229ffe311a7
Agent f3cbe858-afdc-46e3-8d64-55670a40a98a: 
[DEAD] 
Agent ID: f3cbe858-afdc-46e3-8d64-55670a40a98a
Agent f3e88340-d6c1-4b54-9bde-75161b378969: 
[DEAD] 
Agent ID: f3e88340-d6c1-4b54-9bde-75161b378969
Agent f4757ea7-565d-402b-9048-93dd4e258d1d: 
[DEAD] 
Agent ID: f4757ea7-565d-402b-9048-93dd4e258d1d
Agent f931e004-d1c4-46b5-8199-2bf9dfb6a4fc: 
[DEAD] 
Agent ID: f931e004-d1c4-46b5-8199-2bf9dfb6a4fc
