main function started.
--------Start of iteration 0---------


Iteration 0, Turn 0, current agent count: 5


Iteration 0, Turn 1, current agent count: 5
--------End of iteration 0---------
--------Start of iteration 1---------


Iteration 1, Turn 0, current agent count: 5


Iteration 1, Turn 1, current agent count: 5
--------End of iteration 1---------
--------Start of iteration 2---------


Iteration 2, Turn 0, current agent count: 5


Iteration 2, Turn 1, current agent count: 5
--------End of iteration 2---------


GamePlaybackSummary - playing 9 turn records

Iteration 0, Turn 0:

Iteration 0, Turn 1:
Agent 263d57de-0fad-48ea-8f37-c27056860ecd: 
Agent ID: 263d57de-0fad-48ea-8f37-c27056860ecd
Agent 284761af-483a-430d-bdaa-c4a38e93dda4: 
Agent ID: 284761af-483a-430d-bdaa-c4a38e93dda4
Agent 43866d65-b2cb-4080-b749-da95a4a917d6: 
Agent ID: 43866d65-b2cb-4080-b749-da95a4a917d6
Agent cd2b5c8c-387b-4c11-b847-db1ade722fc3: 
Agent ID: cd2b5c8c-387b-4c11-b847-db1ade722fc3
Agent fbf918f9-f6d5-4289-ae01-017f4a705b6f: 
Agent ID: fbf918f9-f6d5-4289-ae01-017f4a705b6f

Iteration 0, Turn 2:
Agent 263d57de-0fad-48ea-8f37-c27056860ecd: 
Agent ID: 263d57de-0fad-48ea-8f37-c27056860ecd
Agent 284761af-483a-430d-bdaa-c4a38e93dda4: 
Agent ID: 284761af-483a-430d-bdaa-c4a38e93dda4
Agent 43866d65-b2cb-4080-b749-da95a4a917d6: 
Agent ID: 43866d65-b2cb-4080-b749-da95a4a917d6
Agent cd2b5c8c-387b-4c11-b847-db1ade722fc3: 
Agent ID: cd2b5c8c-387b-4c11-b847-db1ade722fc3
Agent fbf918f9-f6d5-4289-ae01-017f4a705b6f: 
Agent ID: fbf918f9-f6d5-4289-ae01-017f4a705b6f

Iteration 1, Turn 0:

Iteration 1, Turn 1:
Agent 263d57de-0fad-48ea-8f37-c27056860ecd: 
Agent ID: 263d57de-0fad-48ea-8f37-c27056860ecd
Agent 284761af-483a-430d-bdaa-c4a38e93dda4: 
Agent ID: 284761af-483a-430d-bdaa-c4a38e93dda4
Agent 43866d65-b2cb-4080-b749-da95a4a917d6: 
Agent ID: 43866d65-b2cb-4080-b749-da95a4a917d6
Agent cd2b5c8c-387b-4c11-b847-db1ade722fc3: 
Agent ID: cd2b5c8c-387b-4c11-b847-db1ade722fc3
Agent fbf918f9-f6d5-4289-ae01-017f4a705b6f: 
Agent ID: fbf918f9-f6d5-4289-ae01-017f4a705b6f

Iteration 1, Turn 2:
Agent 263d57de-0fad-48ea-8f37-c27056860ecd: 
Agent ID: 263d57de-0fad-48ea-8f37-c27056860ecd
Agent 284761af-483a-430d-bdaa-c4a38e93dda4: 
Agent ID: 284761af-483a-430d-bdaa-c4a38e93dda4
Agent 43866d65-b2cb-4080-b749-da95a4a917d6: 
Agent ID: 43866d65-b2cb-4080-b749-da95a4a917d6
Agent cd2b5c8c-387b-4c11-b847-db1ade722fc3: 
Agent ID: cd2b5c8c-387b-4c11-b847-db1ade722fc3
Agent fbf918f9-f6d5-4289-ae01-017f4a705b6f: 
Agent ID: fbf918f9-f6d5-4289-ae01-017f4a705b6f

Iteration 2, Turn 0:

Iteration 2, Turn 1:
Agent 263d57de-0fad-48ea-8f37-c27056860ecd: 
Agent ID: 263d57de-0fad-48ea-8f37-c27056860ecd
Agent 284761af-483a-430d-bdaa-c4a38e93dda4: 
Agent ID: 284761af-483a-430d-bdaa-c4a38e93dda4
Agent 43866d65-b2cb-4080-b749-da95a4a917d6: 
Agent ID: 43866d65-b2cb-4080-b749-da95a4a917d6
Agent cd2b5c8c-387b-4c11-b847-db1ade722fc3: 
Agent ID: cd2b5c8c-387b-4c11-b847-db1ade722fc3
Agent fbf918f9-f6d5-4289-ae01-017f4a705b6f: 
Agent ID: fbf918f9-f6d5-4289-ae01-017f4a705b6f

Iteration 2, Turn 2:
Agent 263d57de-0fad-48ea-8f37-c27056860ecd: 
Agent ID: 263d57de-0fad-48ea-8f37-c27056860ecd
Agent 284761af-483a-430d-bdaa-c4a38e93dda4: 
Agent ID: 284761af-483a-430d-bdaa-c4a38e93dda4
Agent 43866d65-b2cb-4080-b749-da95a4a917d6: 
Agent ID: 43866d65-b2cb-4080-b749-da95a4a917d6
Agent cd2b5c8c-387b-4c11-b847-db1ade722fc3: 
Agent ID: cd2b5c8c-387b-4c11-b847-db1ade722fc3
Agent fbf918f9-f6d5-4289-ae01-017f4a705b6f: 
Agent ID: fbf918f9-f6d5-4289-ae01-017f4a705b6f
