main function started.
--------Start of iteration 0---------


Iteration 0, Turn 0, current agent count: 16


Iteration 0, Turn 1, current agent count: 16


Iteration 0, Turn 2, current agent count: 14


Iteration 0, Turn 3, current agent count: 14


Iteration 0, Turn 4, current agent count: 11
--------End of iteration 0---------
--------Start of iteration 1---------


Iteration 1, Turn 0, current agent count: 10


Iteration 1, Turn 1, current agent count: 8


Iteration 1, Turn 2, current agent count: 7


Iteration 1, Turn 3, current agent count: 7


Iteration 1, Turn 4, current agent count: 7
--------End of iteration 1---------
--------Start of iteration 2---------


Iteration 2, Turn 0, current agent count: 7


Iteration 2, Turn 1, current agent count: 7


Iteration 2, Turn 2, current agent count: 7


Iteration 2, Turn 3, current agent count: 6


Iteration 2, Turn 4, current agent count: 6
--------End of iteration 2---------


GamePlaybackSummary - playing 18 turn records

Iteration 0, Turn 0:

Iteration 0, Turn 0:
Agent 054ca0d8-9d19-480f-8519-58e12581d85f: 
Agent ID: 054ca0d8-9d19-480f-8519-58e12581d85f
Agent 080233c0-6fa2-4a23-9eb1-f1f447e9cf5a: 
Agent ID: 080233c0-6fa2-4a23-9eb1-f1f447e9cf5a
Agent 25bad08b-fdaa-47b6-a994-471250f2ae10: 
Agent ID: 25bad08b-fdaa-47b6-a994-471250f2ae10
Agent 2c8fb028-e92c-4f0b-8eae-fd5b5e3b0f80: 
Agent ID: 2c8fb028-e92c-4f0b-8eae-fd5b5e3b0f80
Agent 48ff0d99-7277-40ef-9e38-a265862ee393: 
Agent ID: 48ff0d99-7277-40ef-9e38-a265862ee393
Agent 5311dcda-d721-40c0-8fc8-720c77926ee9: 
Agent ID: 5311dcda-d721-40c0-8fc8-720c77926ee9
Agent 5dee10de-080a-4a32-9fbb-03c4340d290d: 
Agent ID: 5dee10de-080a-4a32-9fbb-03c4340d290d
Agent 61b70d7c-da30-4b9a-a8cf-73187100d5ae: 
Agent ID: 61b70d7c-da30-4b9a-a8cf-73187100d5ae
Agent 658196f0-7d4e-44b4-9566-610b95ee9d15: 
Agent ID: 658196f0-7d4e-44b4-9566-610b95ee9d15
Agent 70767715-2210-48d6-b979-7bd4c4bec4cf: 
Agent ID: 70767715-2210-48d6-b979-7bd4c4bec4cf
Agent 9722b49f-739a-41e5-a7c8-3c444376ba20: 
Agent ID: 9722b49f-739a-41e5-a7c8-3c444376ba20
Agent a7acd7b8-7ff3-4bda-9de4-80b69bc64888: 
Agent ID: a7acd7b8-7ff3-4bda-9de4-80b69bc64888
Agent b802eeae-ac19-4ff3-8ba0-764be45c311d: 
Agent ID: b802eeae-ac19-4ff3-8ba0-764be45c311d
Agent bba74bb3-200c-44c5-8ca2-1a5d70355074: 
Agent ID: bba74bb3-200c-44c5-8ca2-1a5d70355074
Agent c401daee-40ad-41bb-896f-661d36359c7a: 
Agent ID: c401daee-40ad-41bb-896f-661d36359c7a
Agent cc8d9ed4-d45d-48a7-b343-25dae9022f65: 
Agent ID: cc8d9ed4-d45d-48a7-b343-25dae9022f65

Iteration 0, Turn 1:
Agent 054ca0d8-9d19-480f-8519-58e12581d85f: 
Agent ID: 054ca0d8-9d19-480f-8519-58e12581d85f
Agent 080233c0-6fa2-4a23-9eb1-f1f447e9cf5a: 
Agent ID: 080233c0-6fa2-4a23-9eb1-f1f447e9cf5a
Agent 25bad08b-fdaa-47b6-a994-471250f2ae10: 
Agent ID: 25bad08b-fdaa-47b6-a994-471250f2ae10
Agent 2c8fb028-e92c-4f0b-8eae-fd5b5e3b0f80: 
Agent ID: 2c8fb028-e92c-4f0b-8eae-fd5b5e3b0f80
Agent 48ff0d99-7277-40ef-9e38-a265862ee393: 
Agent ID: 48ff0d99-7277-40ef-9e38-a265862ee393
Agent 5311dcda-d721-40c0-8fc8-720c77926ee9: 
Agent ID: 5311dcda-d721-40c0-8fc8-720c77926ee9
Agent 5dee10de-080a-4a32-9fbb-03c4340d290d: 
Agent ID: 5dee10de-080a-4a32-9fbb-03c4340d290d
Agent 61b70d7c-da30-4b9a-a8cf-73187100d5ae: 
Agent ID: 61b70d7c-da30-4b9a-a8cf-73187100d5ae
Agent 658196f0-7d4e-44b4-9566-610b95ee9d15: 
Agent ID: 658196f0-7d4e-44b4-9566-610b95ee9d15
Agent 70767715-2210-48d6-b979-7bd4c4bec4cf: 
Agent ID: 70767715-2210-48d6-b979-7bd4c4bec4cf
Agent 9722b49f-739a-41e5-a7c8-3c444376ba20: 
Agent ID: 9722b49f-739a-41e5-a7c8-3c444376ba20
Agent a7acd7b8-7ff3-4bda-9de4-80b69bc64888: 
Agent ID: a7acd7b8-7ff3-4bda-9de4-80b69bc64888
Agent b802eeae-ac19-4ff3-8ba0-764be45c311d: 
Agent ID: b802eeae-ac19-4ff3-8ba0-764be45c311d
Agent c401daee-40ad-41bb-896f-661d36359c7a: 
Agent ID: c401daee-40ad-41bb-896f-661d36359c7a

Iteration 0, Turn 2:
Agent 054ca0d8-9d19-480f-8519-58e12581d85f: 
Agent ID: 054ca0d8-9d19-480f-8519-58e12581d85f
Agent 080233c0-6fa2-4a23-9eb1-f1f447e9cf5a: 
Agent ID: 080233c0-6fa2-4a23-9eb1-f1f447e9cf5a
Agent 25bad08b-fdaa-47b6-a994-471250f2ae10: 
Agent ID: 25bad08b-fdaa-47b6-a994-471250f2ae10
Agent 2c8fb028-e92c-4f0b-8eae-fd5b5e3b0f80: 
Agent ID: 2c8fb028-e92c-4f0b-8eae-fd5b5e3b0f80
Agent 48ff0d99-7277-40ef-9e38-a265862ee393: 
Agent ID: 48ff0d99-7277-40ef-9e38-a265862ee393
Agent 5311dcda-d721-40c0-8fc8-720c77926ee9: 
Agent ID: 5311dcda-d721-40c0-8fc8-720c77926ee9
Agent 5dee10de-080a-4a32-9fbb-03c4340d290d: 
Agent ID: 5dee10de-080a-4a32-9fbb-03c4340d290d
Agent 61b70d7c-da30-4b9a-a8cf-73187100d5ae: 
Agent ID: 61b70d7c-da30-4b9a-a8cf-73187100d5ae
Agent 658196f0-7d4e-44b4-9566-610b95ee9d15: 
Agent ID: 658196f0-7d4e-44b4-9566-610b95ee9d15
Agent 70767715-2210-48d6-b979-7bd4c4bec4cf: 
Agent ID: 70767715-2210-48d6-b979-7bd4c4bec4cf
Agent 9722b49f-739a-41e5-a7c8-3c444376ba20: 
Agent ID: 9722b49f-739a-41e5-a7c8-3c444376ba20
Agent a7acd7b8-7ff3-4bda-9de4-80b69bc64888: 
Agent ID: a7acd7b8-7ff3-4bda-9de4-80b69bc64888
Agent b802eeae-ac19-4ff3-8ba0-764be45c311d: 
Agent ID: b802eeae-ac19-4ff3-8ba0-764be45c311d
Agent c401daee-40ad-41bb-896f-661d36359c7a: 
Agent ID: c401daee-40ad-41bb-896f-661d36359c7a

Iteration 0, Turn 3:
Agent 054ca0d8-9d19-480f-8519-58e12581d85f: 
Agent ID: 054ca0d8-9d19-480f-8519-58e12581d85f
Agent 080233c0-6fa2-4a23-9eb1-f1f447e9cf5a: 
Agent ID: 080233c0-6fa2-4a23-9eb1-f1f447e9cf5a
Agent 25bad08b-fdaa-47b6-a994-471250f2ae10: 
Agent ID: 25bad08b-fdaa-47b6-a994-471250f2ae10
Agent 2c8fb028-e92c-4f0b-8eae-fd5b5e3b0f80: 
Agent ID: 2c8fb028-e92c-4f0b-8eae-fd5b5e3b0f80
Agent 48ff0d99-7277-40ef-9e38-a265862ee393: 
Agent ID: 48ff0d99-7277-40ef-9e38-a265862ee393
Agent 5311dcda-d721-40c0-8fc8-720c77926ee9: 
Agent ID: 5311dcda-d721-40c0-8fc8-720c77926ee9
Agent 61b70d7c-da30-4b9a-a8cf-73187100d5ae: 
Agent ID: 61b70d7c-da30-4b9a-a8cf-73187100d5ae
Agent 658196f0-7d4e-44b4-9566-610b95ee9d15: 
Agent ID: 658196f0-7d4e-44b4-9566-610b95ee9d15
Agent 9722b49f-739a-41e5-a7c8-3c444376ba20: 
Agent ID: 9722b49f-739a-41e5-a7c8-3c444376ba20
Agent a7acd7b8-7ff3-4bda-9de4-80b69bc64888: 
Agent ID: a7acd7b8-7ff3-4bda-9de4-80b69bc64888
Agent b802eeae-ac19-4ff3-8ba0-764be45c311d: 
Agent ID: b802eeae-ac19-4ff3-8ba0-764be45c311d

Iteration 0, Turn 4:
Agent 054ca0d8-9d19-480f-8519-58e12581d85f: 
Agent ID: 054ca0d8-9d19-480f-8519-58e12581d85f
Agent 080233c0-6fa2-4a23-9eb1-f1f447e9cf5a: 
Agent ID: 080233c0-6fa2-4a23-9eb1-f1f447e9cf5a
Agent 25bad08b-fdaa-47b6-a994-471250f2ae10: 
Agent ID: 25bad08b-fdaa-47b6-a994-471250f2ae10
Agent 2c8fb028-e92c-4f0b-8eae-fd5b5e3b0f80: 
Agent ID: 2c8fb028-e92c-4f0b-8eae-fd5b5e3b0f80
Agent 48ff0d99-7277-40ef-9e38-a265862ee393: 
Agent ID: 48ff0d99-7277-40ef-9e38-a265862ee393
Agent 5311dcda-d721-40c0-8fc8-720c77926ee9: 
Agent ID: 5311dcda-d721-40c0-8fc8-720c77926ee9
Agent 61b70d7c-da30-4b9a-a8cf-73187100d5ae: 
Agent ID: 61b70d7c-da30-4b9a-a8cf-73187100d5ae
Agent 9722b49f-739a-41e5-a7c8-3c444376ba20: 
Agent ID: 9722b49f-739a-41e5-a7c8-3c444376ba20
Agent a7acd7b8-7ff3-4bda-9de4-80b69bc64888: 
Agent ID: a7acd7b8-7ff3-4bda-9de4-80b69bc64888
Agent b802eeae-ac19-4ff3-8ba0-764be45c311d: 
Agent ID: b802eeae-ac19-4ff3-8ba0-764be45c311d

Iteration 1, Turn 0:

Iteration 1, Turn 0:
Agent 054ca0d8-9d19-480f-8519-58e12581d85f: 
Agent ID: 054ca0d8-9d19-480f-8519-58e12581d85f
Agent 080233c0-6fa2-4a23-9eb1-f1f447e9cf5a: 
Agent ID: 080233c0-6fa2-4a23-9eb1-f1f447e9cf5a
Agent 25bad08b-fdaa-47b6-a994-471250f2ae10: 
Agent ID: 25bad08b-fdaa-47b6-a994-471250f2ae10
Agent 5311dcda-d721-40c0-8fc8-720c77926ee9: 
Agent ID: 5311dcda-d721-40c0-8fc8-720c77926ee9
Agent 61b70d7c-da30-4b9a-a8cf-73187100d5ae: 
Agent ID: 61b70d7c-da30-4b9a-a8cf-73187100d5ae
Agent 9722b49f-739a-41e5-a7c8-3c444376ba20: 
Agent ID: 9722b49f-739a-41e5-a7c8-3c444376ba20
Agent a7acd7b8-7ff3-4bda-9de4-80b69bc64888: 
Agent ID: a7acd7b8-7ff3-4bda-9de4-80b69bc64888
Agent b802eeae-ac19-4ff3-8ba0-764be45c311d: 
Agent ID: b802eeae-ac19-4ff3-8ba0-764be45c311d

Iteration 1, Turn 1:
Agent 054ca0d8-9d19-480f-8519-58e12581d85f: 
Agent ID: 054ca0d8-9d19-480f-8519-58e12581d85f
Agent 25bad08b-fdaa-47b6-a994-471250f2ae10: 
Agent ID: 25bad08b-fdaa-47b6-a994-471250f2ae10
Agent 5311dcda-d721-40c0-8fc8-720c77926ee9: 
Agent ID: 5311dcda-d721-40c0-8fc8-720c77926ee9
Agent 61b70d7c-da30-4b9a-a8cf-73187100d5ae: 
Agent ID: 61b70d7c-da30-4b9a-a8cf-73187100d5ae
Agent 9722b49f-739a-41e5-a7c8-3c444376ba20: 
Agent ID: 9722b49f-739a-41e5-a7c8-3c444376ba20
Agent a7acd7b8-7ff3-4bda-9de4-80b69bc64888: 
Agent ID: a7acd7b8-7ff3-4bda-9de4-80b69bc64888
Agent b802eeae-ac19-4ff3-8ba0-764be45c311d: 
Agent ID: b802eeae-ac19-4ff3-8ba0-764be45c311d

Iteration 1, Turn 2:
Agent 054ca0d8-9d19-480f-8519-58e12581d85f: 
Agent ID: 054ca0d8-9d19-480f-8519-58e12581d85f
Agent 25bad08b-fdaa-47b6-a994-471250f2ae10: 
Agent ID: 25bad08b-fdaa-47b6-a994-471250f2ae10
Agent 5311dcda-d721-40c0-8fc8-720c77926ee9: 
Agent ID: 5311dcda-d721-40c0-8fc8-720c77926ee9
Agent 61b70d7c-da30-4b9a-a8cf-73187100d5ae: 
Agent ID: 61b70d7c-da30-4b9a-a8cf-73187100d5ae
Agent 9722b49f-739a-41e5-a7c8-3c444376ba20: 
Agent ID: 9722b49f-739a-41e5-a7c8-3c444376ba20
Agent a7acd7b8-7ff3-4bda-9de4-80b69bc64888: 
Agent ID: a7acd7b8-7ff3-4bda-9de4-80b69bc64888
Agent b802eeae-ac19-4ff3-8ba0-764be45c311d: 
Agent ID: b802eeae-ac19-4ff3-8ba0-764be45c311d

Iteration 1, Turn 3:
Agent 054ca0d8-9d19-480f-8519-58e12581d85f: 
Agent ID: 054ca0d8-9d19-480f-8519-58e12581d85f
Agent 25bad08b-fdaa-47b6-a994-471250f2ae10: 
Agent ID: 25bad08b-fdaa-47b6-a994-471250f2ae10
Agent 5311dcda-d721-40c0-8fc8-720c77926ee9: 
Agent ID: 5311dcda-d721-40c0-8fc8-720c77926ee9
Agent 61b70d7c-da30-4b9a-a8cf-73187100d5ae: 
Agent ID: 61b70d7c-da30-4b9a-a8cf-73187100d5ae
Agent 9722b49f-739a-41e5-a7c8-3c444376ba20: 
Agent ID: 9722b49f-739a-41e5-a7c8-3c444376ba20
Agent a7acd7b8-7ff3-4bda-9de4-80b69bc64888: 
Agent ID: a7acd7b8-7ff3-4bda-9de4-80b69bc64888
Agent b802eeae-ac19-4ff3-8ba0-764be45c311d: 
Agent ID: b802eeae-ac19-4ff3-8ba0-764be45c311d

Iteration 1, Turn 4:
Agent 054ca0d8-9d19-480f-8519-58e12581d85f: 
Agent ID: 054ca0d8-9d19-480f-8519-58e12581d85f
Agent 25bad08b-fdaa-47b6-a994-471250f2ae10: 
Agent ID: 25bad08b-fdaa-47b6-a994-471250f2ae10
Agent 5311dcda-d721-40c0-8fc8-720c77926ee9: 
Agent ID: 5311dcda-d721-40c0-8fc8-720c77926ee9
Agent 61b70d7c-da30-4b9a-a8cf-73187100d5ae: 
Agent ID: 61b70d7c-da30-4b9a-a8cf-73187100d5ae
Agent 9722b49f-739a-41e5-a7c8-3c444376ba20: 
Agent ID: 9722b49f-739a-41e5-a7c8-3c444376ba20
Agent a7acd7b8-7ff3-4bda-9de4-80b69bc64888: 
Agent ID: a7acd7b8-7ff3-4bda-9de4-80b69bc64888
Agent b802eeae-ac19-4ff3-8ba0-764be45c311d: 
Agent ID: b802eeae-ac19-4ff3-8ba0-764be45c311d

Iteration 2, Turn 0:

Iteration 2, Turn 0:
Agent 054ca0d8-9d19-480f-8519-58e12581d85f: 
Agent ID: 054ca0d8-9d19-480f-8519-58e12581d85f
Agent 25bad08b-fdaa-47b6-a994-471250f2ae10: 
Agent ID: 25bad08b-fdaa-47b6-a994-471250f2ae10
Agent 5311dcda-d721-40c0-8fc8-720c77926ee9: 
Agent ID: 5311dcda-d721-40c0-8fc8-720c77926ee9
Agent 61b70d7c-da30-4b9a-a8cf-73187100d5ae: 
Agent ID: 61b70d7c-da30-4b9a-a8cf-73187100d5ae
Agent 9722b49f-739a-41e5-a7c8-3c444376ba20: 
Agent ID: 9722b49f-739a-41e5-a7c8-3c444376ba20
Agent a7acd7b8-7ff3-4bda-9de4-80b69bc64888: 
Agent ID: a7acd7b8-7ff3-4bda-9de4-80b69bc64888
Agent b802eeae-ac19-4ff3-8ba0-764be45c311d: 
Agent ID: b802eeae-ac19-4ff3-8ba0-764be45c311d

Iteration 2, Turn 1:
Agent 054ca0d8-9d19-480f-8519-58e12581d85f: 
Agent ID: 054ca0d8-9d19-480f-8519-58e12581d85f
Agent 25bad08b-fdaa-47b6-a994-471250f2ae10: 
Agent ID: 25bad08b-fdaa-47b6-a994-471250f2ae10
Agent 5311dcda-d721-40c0-8fc8-720c77926ee9: 
Agent ID: 5311dcda-d721-40c0-8fc8-720c77926ee9
Agent 61b70d7c-da30-4b9a-a8cf-73187100d5ae: 
Agent ID: 61b70d7c-da30-4b9a-a8cf-73187100d5ae
Agent 9722b49f-739a-41e5-a7c8-3c444376ba20: 
Agent ID: 9722b49f-739a-41e5-a7c8-3c444376ba20
Agent a7acd7b8-7ff3-4bda-9de4-80b69bc64888: 
Agent ID: a7acd7b8-7ff3-4bda-9de4-80b69bc64888
Agent b802eeae-ac19-4ff3-8ba0-764be45c311d: 
Agent ID: b802eeae-ac19-4ff3-8ba0-764be45c311d

Iteration 2, Turn 2:
Agent 054ca0d8-9d19-480f-8519-58e12581d85f: 
Agent ID: 054ca0d8-9d19-480f-8519-58e12581d85f
Agent 25bad08b-fdaa-47b6-a994-471250f2ae10: 
Agent ID: 25bad08b-fdaa-47b6-a994-471250f2ae10
Agent 5311dcda-d721-40c0-8fc8-720c77926ee9: 
Agent ID: 5311dcda-d721-40c0-8fc8-720c77926ee9
Agent 61b70d7c-da30-4b9a-a8cf-73187100d5ae: 
Agent ID: 61b70d7c-da30-4b9a-a8cf-73187100d5ae
Agent 9722b49f-739a-41e5-a7c8-3c444376ba20: 
Agent ID: 9722b49f-739a-41e5-a7c8-3c444376ba20
Agent b802eeae-ac19-4ff3-8ba0-764be45c311d: 
Agent ID: b802eeae-ac19-4ff3-8ba0-764be45c311d

Iteration 2, Turn 3:
Agent 054ca0d8-9d19-480f-8519-58e12581d85f: 
Agent ID: 054ca0d8-9d19-480f-8519-58e12581d85f
Agent 25bad08b-fdaa-47b6-a994-471250f2ae10: 
Agent ID: 25bad08b-fdaa-47b6-a994-471250f2ae10
Agent 5311dcda-d721-40c0-8fc8-720c77926ee9: 
Agent ID: 5311dcda-d721-40c0-8fc8-720c77926ee9
Agent 61b70d7c-da30-4b9a-a8cf-73187100d5ae: 
Agent ID: 61b70d7c-da30-4b9a-a8cf-73187100d5ae
Agent 9722b49f-739a-41e5-a7c8-3c444376ba20: 
Agent ID: 9722b49f-739a-41e5-a7c8-3c444376ba20
Agent b802eeae-ac19-4ff3-8ba0-764be45c311d: 
Agent ID: b802eeae-ac19-4ff3-8ba0-764be45c311d

Iteration 2, Turn 4:
Agent 054ca0d8-9d19-480f-8519-58e12581d85f: 
Agent ID: 054ca0d8-9d19-480f-8519-58e12581d85f
Agent 25bad08b-fdaa-47b6-a994-471250f2ae10: 
Agent ID: 25bad08b-fdaa-47b6-a994-471250f2ae10
Agent 5311dcda-d721-40c0-8fc8-720c77926ee9: 
Agent ID: 5311dcda-d721-40c0-8fc8-720c77926ee9
Agent 61b70d7c-da30-4b9a-a8cf-73187100d5ae: 
Agent ID: 61b70d7c-da30-4b9a-a8cf-73187100d5ae
Agent 9722b49f-739a-41e5-a7c8-3c444376ba20: 
Agent ID: 9722b49f-739a-41e5-a7c8-3c444376ba20
Agent b802eeae-ac19-4ff3-8ba0-764be45c311d: 
Agent ID: b802eeae-ac19-4ff3-8ba0-764be45c311d
