main function started.
--------Start of iteration 0---------


Iteration 0, Turn 0, current agent count: 5


Iteration 0, Turn 1, current agent count: 5


Iteration 0, Turn 2, current agent count: 5


Iteration 0, Turn 3, current agent count: 5


Iteration 0, Turn 4, current agent count: 5
--------End of iteration 0---------
--------Start of iteration 1---------


Iteration 1, Turn 0, current agent count: 5


Iteration 1, Turn 1, current agent count: 5


Iteration 1, Turn 2, current agent count: 5


Iteration 1, Turn 3, current agent count: 5


Iteration 1, Turn 4, current agent count: 5
--------End of iteration 1---------
--------Start of iteration 2---------


Iteration 2, Turn 0, current agent count: 5


Iteration 2, Turn 1, current agent count: 5


Iteration 2, Turn 2, current agent count: 5


Iteration 2, Turn 3, current agent count: 5


Iteration 2, Turn 4, current agent count: 5
--------End of iteration 2---------


GamePlaybackSummary - playing 18 turn records

Iteration 0, Turn 0:

Iteration 0, Turn 1:
Agent 0858c0c0-ea83-45f8-aa04-beaf80b87690: 
Agent ID: 0858c0c0-ea83-45f8-aa04-beaf80b87690
Agent 3b12ff5d-bc0b-4b8f-a785-7f10605813f7: 
[DEAD] 
Agent ID: 3b12ff5d-bc0b-4b8f-a785-7f10605813f7
Agent 43e50e5c-7d16-4378-b319-892b6e95c3ed: 
[DEAD] 
Agent ID: 43e50e5c-7d16-4378-b319-892b6e95c3ed
Agent 9f1e1b8b-004a-4627-8f06-43dcc3cd72db: 
[DEAD] 
Agent ID: 9f1e1b8b-004a-4627-8f06-43dcc3cd72db
Agent afa72480-4e34-40f0-abda-6b39f552aa1e: 
[DEAD] 
Agent ID: afa72480-4e34-40f0-abda-6b39f552aa1e

Iteration 0, Turn 2:
Agent 0858c0c0-ea83-45f8-aa04-beaf80b87690: 
[DEAD] 
Agent ID: 0858c0c0-ea83-45f8-aa04-beaf80b87690
Agent 3b12ff5d-bc0b-4b8f-a785-7f10605813f7: 
[DEAD] 
Agent ID: 3b12ff5d-bc0b-4b8f-a785-7f10605813f7
Agent 43e50e5c-7d16-4378-b319-892b6e95c3ed: 
[DEAD] 
Agent ID: 43e50e5c-7d16-4378-b319-892b6e95c3ed
Agent 9f1e1b8b-004a-4627-8f06-43dcc3cd72db: 
[DEAD] 
Agent ID: 9f1e1b8b-004a-4627-8f06-43dcc3cd72db
Agent afa72480-4e34-40f0-abda-6b39f552aa1e: 
[DEAD] 
Agent ID: afa72480-4e34-40f0-abda-6b39f552aa1e

Iteration 0, Turn 3:
Agent 0858c0c0-ea83-45f8-aa04-beaf80b87690: 
[DEAD] 
Agent ID: 0858c0c0-ea83-45f8-aa04-beaf80b87690
Agent 3b12ff5d-bc0b-4b8f-a785-7f10605813f7: 
[DEAD] 
Agent ID: 3b12ff5d-bc0b-4b8f-a785-7f10605813f7
Agent 43e50e5c-7d16-4378-b319-892b6e95c3ed: 
[DEAD] 
Agent ID: 43e50e5c-7d16-4378-b319-892b6e95c3ed
Agent 9f1e1b8b-004a-4627-8f06-43dcc3cd72db: 
[DEAD] 
Agent ID: 9f1e1b8b-004a-4627-8f06-43dcc3cd72db
Agent afa72480-4e34-40f0-abda-6b39f552aa1e: 
[DEAD] 
Agent ID: afa72480-4e34-40f0-abda-6b39f552aa1e

Iteration 0, Turn 4:
Agent 0858c0c0-ea83-45f8-aa04-beaf80b87690: 
[DEAD] 
Agent ID: 0858c0c0-ea83-45f8-aa04-beaf80b87690
Agent 3b12ff5d-bc0b-4b8f-a785-7f10605813f7: 
[DEAD] 
Agent ID: 3b12ff5d-bc0b-4b8f-a785-7f10605813f7
Agent 43e50e5c-7d16-4378-b319-892b6e95c3ed: 
[DEAD] 
Agent ID: 43e50e5c-7d16-4378-b319-892b6e95c3ed
Agent 9f1e1b8b-004a-4627-8f06-43dcc3cd72db: 
[DEAD] 
Agent ID: 9f1e1b8b-004a-4627-8f06-43dcc3cd72db
Agent afa72480-4e34-40f0-abda-6b39f552aa1e: 
[DEAD] 
Agent ID: afa72480-4e34-40f0-abda-6b39f552aa1e

Iteration 0, Turn 5:
Agent 0858c0c0-ea83-45f8-aa04-beaf80b87690: 
[DEAD] 
Agent ID: 0858c0c0-ea83-45f8-aa04-beaf80b87690
Agent 3b12ff5d-bc0b-4b8f-a785-7f10605813f7: 
[DEAD] 
Agent ID: 3b12ff5d-bc0b-4b8f-a785-7f10605813f7
Agent 43e50e5c-7d16-4378-b319-892b6e95c3ed: 
[DEAD] 
Agent ID: 43e50e5c-7d16-4378-b319-892b6e95c3ed
Agent 9f1e1b8b-004a-4627-8f06-43dcc3cd72db: 
[DEAD] 
Agent ID: 9f1e1b8b-004a-4627-8f06-43dcc3cd72db
Agent afa72480-4e34-40f0-abda-6b39f552aa1e: 
[DEAD] 
Agent ID: afa72480-4e34-40f0-abda-6b39f552aa1e

Iteration 1, Turn 0:

Iteration 1, Turn 1:
Agent 0858c0c0-ea83-45f8-aa04-beaf80b87690: 
[DEAD] 
Agent ID: 0858c0c0-ea83-45f8-aa04-beaf80b87690
Agent 3b12ff5d-bc0b-4b8f-a785-7f10605813f7: 
[DEAD] 
Agent ID: 3b12ff5d-bc0b-4b8f-a785-7f10605813f7
Agent 43e50e5c-7d16-4378-b319-892b6e95c3ed: 
[DEAD] 
Agent ID: 43e50e5c-7d16-4378-b319-892b6e95c3ed
Agent 9f1e1b8b-004a-4627-8f06-43dcc3cd72db: 
[DEAD] 
Agent ID: 9f1e1b8b-004a-4627-8f06-43dcc3cd72db
Agent afa72480-4e34-40f0-abda-6b39f552aa1e: 
[DEAD] 
Agent ID: afa72480-4e34-40f0-abda-6b39f552aa1e

Iteration 1, Turn 2:
Agent 0858c0c0-ea83-45f8-aa04-beaf80b87690: 
[DEAD] 
Agent ID: 0858c0c0-ea83-45f8-aa04-beaf80b87690
Agent 3b12ff5d-bc0b-4b8f-a785-7f10605813f7: 
[DEAD] 
Agent ID: 3b12ff5d-bc0b-4b8f-a785-7f10605813f7
Agent 43e50e5c-7d16-4378-b319-892b6e95c3ed: 
[DEAD] 
Agent ID: 43e50e5c-7d16-4378-b319-892b6e95c3ed
Agent 9f1e1b8b-004a-4627-8f06-43dcc3cd72db: 
[DEAD] 
Agent ID: 9f1e1b8b-004a-4627-8f06-43dcc3cd72db
Agent afa72480-4e34-40f0-abda-6b39f552aa1e: 
[DEAD] 
Agent ID: afa72480-4e34-40f0-abda-6b39f552aa1e

Iteration 1, Turn 3:
Agent 0858c0c0-ea83-45f8-aa04-beaf80b87690: 
[DEAD] 
Agent ID: 0858c0c0-ea83-45f8-aa04-beaf80b87690
Agent 3b12ff5d-bc0b-4b8f-a785-7f10605813f7: 
[DEAD] 
Agent ID: 3b12ff5d-bc0b-4b8f-a785-7f10605813f7
Agent 43e50e5c-7d16-4378-b319-892b6e95c3ed: 
[DEAD] 
Agent ID: 43e50e5c-7d16-4378-b319-892b6e95c3ed
Agent 9f1e1b8b-004a-4627-8f06-43dcc3cd72db: 
[DEAD] 
Agent ID: 9f1e1b8b-004a-4627-8f06-43dcc3cd72db
Agent afa72480-4e34-40f0-abda-6b39f552aa1e: 
[DEAD] 
Agent ID: afa72480-4e34-40f0-abda-6b39f552aa1e

Iteration 1, Turn 4:
Agent 0858c0c0-ea83-45f8-aa04-beaf80b87690: 
[DEAD] 
Agent ID: 0858c0c0-ea83-45f8-aa04-beaf80b87690
Agent 3b12ff5d-bc0b-4b8f-a785-7f10605813f7: 
[DEAD] 
Agent ID: 3b12ff5d-bc0b-4b8f-a785-7f10605813f7
Agent 43e50e5c-7d16-4378-b319-892b6e95c3ed: 
[DEAD] 
Agent ID: 43e50e5c-7d16-4378-b319-892b6e95c3ed
Agent 9f1e1b8b-004a-4627-8f06-43dcc3cd72db: 
[DEAD] 
Agent ID: 9f1e1b8b-004a-4627-8f06-43dcc3cd72db
Agent afa72480-4e34-40f0-abda-6b39f552aa1e: 
[DEAD] 
Agent ID: afa72480-4e34-40f0-abda-6b39f552aa1e

Iteration 1, Turn 5:
Agent 0858c0c0-ea83-45f8-aa04-beaf80b87690: 
[DEAD] 
Agent ID: 0858c0c0-ea83-45f8-aa04-beaf80b87690
Agent 3b12ff5d-bc0b-4b8f-a785-7f10605813f7: 
[DEAD] 
Agent ID: 3b12ff5d-bc0b-4b8f-a785-7f10605813f7
Agent 43e50e5c-7d16-4378-b319-892b6e95c3ed: 
[DEAD] 
Agent ID: 43e50e5c-7d16-4378-b319-892b6e95c3ed
Agent 9f1e1b8b-004a-4627-8f06-43dcc3cd72db: 
[DEAD] 
Agent ID: 9f1e1b8b-004a-4627-8f06-43dcc3cd72db
Agent afa72480-4e34-40f0-abda-6b39f552aa1e: 
[DEAD] 
Agent ID: afa72480-4e34-40f0-abda-6b39f552aa1e

Iteration 2, Turn 0:

Iteration 2, Turn 1:
Agent 0858c0c0-ea83-45f8-aa04-beaf80b87690: 
[DEAD] 
Agent ID: 0858c0c0-ea83-45f8-aa04-beaf80b87690
Agent 3b12ff5d-bc0b-4b8f-a785-7f10605813f7: 
[DEAD] 
Agent ID: 3b12ff5d-bc0b-4b8f-a785-7f10605813f7
Agent 43e50e5c-7d16-4378-b319-892b6e95c3ed: 
[DEAD] 
Agent ID: 43e50e5c-7d16-4378-b319-892b6e95c3ed
Agent 9f1e1b8b-004a-4627-8f06-43dcc3cd72db: 
[DEAD] 
Agent ID: 9f1e1b8b-004a-4627-8f06-43dcc3cd72db
Agent afa72480-4e34-40f0-abda-6b39f552aa1e: 
[DEAD] 
Agent ID: afa72480-4e34-40f0-abda-6b39f552aa1e

Iteration 2, Turn 2:
Agent 0858c0c0-ea83-45f8-aa04-beaf80b87690: 
[DEAD] 
Agent ID: 0858c0c0-ea83-45f8-aa04-beaf80b87690
Agent 3b12ff5d-bc0b-4b8f-a785-7f10605813f7: 
[DEAD] 
Agent ID: 3b12ff5d-bc0b-4b8f-a785-7f10605813f7
Agent 43e50e5c-7d16-4378-b319-892b6e95c3ed: 
[DEAD] 
Agent ID: 43e50e5c-7d16-4378-b319-892b6e95c3ed
Agent 9f1e1b8b-004a-4627-8f06-43dcc3cd72db: 
[DEAD] 
Agent ID: 9f1e1b8b-004a-4627-8f06-43dcc3cd72db
Agent afa72480-4e34-40f0-abda-6b39f552aa1e: 
[DEAD] 
Agent ID: afa72480-4e34-40f0-abda-6b39f552aa1e

Iteration 2, Turn 3:
Agent 0858c0c0-ea83-45f8-aa04-beaf80b87690: 
[DEAD] 
Agent ID: 0858c0c0-ea83-45f8-aa04-beaf80b87690
Agent 3b12ff5d-bc0b-4b8f-a785-7f10605813f7: 
[DEAD] 
Agent ID: 3b12ff5d-bc0b-4b8f-a785-7f10605813f7
Agent 43e50e5c-7d16-4378-b319-892b6e95c3ed: 
[DEAD] 
Agent ID: 43e50e5c-7d16-4378-b319-892b6e95c3ed
Agent 9f1e1b8b-004a-4627-8f06-43dcc3cd72db: 
[DEAD] 
Agent ID: 9f1e1b8b-004a-4627-8f06-43dcc3cd72db
Agent afa72480-4e34-40f0-abda-6b39f552aa1e: 
[DEAD] 
Agent ID: afa72480-4e34-40f0-abda-6b39f552aa1e

Iteration 2, Turn 4:
Agent 0858c0c0-ea83-45f8-aa04-beaf80b87690: 
[DEAD] 
Agent ID: 0858c0c0-ea83-45f8-aa04-beaf80b87690
Agent 3b12ff5d-bc0b-4b8f-a785-7f10605813f7: 
[DEAD] 
Agent ID: 3b12ff5d-bc0b-4b8f-a785-7f10605813f7
Agent 43e50e5c-7d16-4378-b319-892b6e95c3ed: 
[DEAD] 
Agent ID: 43e50e5c-7d16-4378-b319-892b6e95c3ed
Agent 9f1e1b8b-004a-4627-8f06-43dcc3cd72db: 
[DEAD] 
Agent ID: 9f1e1b8b-004a-4627-8f06-43dcc3cd72db
Agent afa72480-4e34-40f0-abda-6b39f552aa1e: 
[DEAD] 
Agent ID: afa72480-4e34-40f0-abda-6b39f552aa1e

Iteration 2, Turn 5:
Agent 0858c0c0-ea83-45f8-aa04-beaf80b87690: 
[DEAD] 
Agent ID: 0858c0c0-ea83-45f8-aa04-beaf80b87690
Agent 3b12ff5d-bc0b-4b8f-a785-7f10605813f7: 
[DEAD] 
Agent ID: 3b12ff5d-bc0b-4b8f-a785-7f10605813f7
Agent 43e50e5c-7d16-4378-b319-892b6e95c3ed: 
[DEAD] 
Agent ID: 43e50e5c-7d16-4378-b319-892b6e95c3ed
Agent 9f1e1b8b-004a-4627-8f06-43dcc3cd72db: 
[DEAD] 
Agent ID: 9f1e1b8b-004a-4627-8f06-43dcc3cd72db
Agent afa72480-4e34-40f0-abda-6b39f552aa1e: 
[DEAD] 
Agent ID: afa72480-4e34-40f0-abda-6b39f552aa1e
