main function started.
--------Start of iteration 0---------


Iteration 0, Turn 0, current agent count: 16


Iteration 0, Turn 1, current agent count: 16


Iteration 0, Turn 2, current agent count: 15


Iteration 0, Turn 3, current agent count: 12


Iteration 0, Turn 4, current agent count: 12
--------End of iteration 0---------
--------Start of iteration 1---------


Iteration 1, Turn 0, current agent count: 10


Iteration 1, Turn 1, current agent count: 10


Iteration 1, Turn 2, current agent count: 10


Iteration 1, Turn 3, current agent count: 10


Iteration 1, Turn 4, current agent count: 9
--------End of iteration 1---------
--------Start of iteration 2---------


Iteration 2, Turn 0, current agent count: 8


Iteration 2, Turn 1, current agent count: 8


Iteration 2, Turn 2, current agent count: 8


Iteration 2, Turn 3, current agent count: 8


Iteration 2, Turn 4, current agent count: 7
--------End of iteration 2---------


GamePlaybackSummary - playing 18 turn records

Iteration 0, Turn 0:

Iteration 0, Turn 0:
Agent 0279b642-b227-46e9-b1be-ad485a68f8ca: 
Agent ID: 0279b642-b227-46e9-b1be-ad485a68f8ca
Agent 1a658c78-71e2-462e-9faf-3bd2c0253692: 
Agent ID: 1a658c78-71e2-462e-9faf-3bd2c0253692
Agent 2573760b-96a3-4e72-ac84-1268af90e02a: 
Agent ID: 2573760b-96a3-4e72-ac84-1268af90e02a
Agent 3b7f4fd7-be2b-484a-94b3-8f826546b331: 
Agent ID: 3b7f4fd7-be2b-484a-94b3-8f826546b331
Agent 50c34ee6-5e3c-4174-88ce-04d2bef6bdd5: 
Agent ID: 50c34ee6-5e3c-4174-88ce-04d2bef6bdd5
Agent 54eb6d8a-79f4-42f1-aab2-4691e109f12a: 
Agent ID: 54eb6d8a-79f4-42f1-aab2-4691e109f12a
Agent 5a381ef4-d928-4730-8420-50caac72b12c: 
Agent ID: 5a381ef4-d928-4730-8420-50caac72b12c
Agent 6a22836b-1325-41ec-81c8-2f5530a37df0: 
Agent ID: 6a22836b-1325-41ec-81c8-2f5530a37df0
Agent 7cc8c8c8-48c4-44f8-b1f3-98cba5715365: 
Agent ID: 7cc8c8c8-48c4-44f8-b1f3-98cba5715365
Agent 81e9d3a6-b360-4506-b7af-c1e026224c45: 
Agent ID: 81e9d3a6-b360-4506-b7af-c1e026224c45
Agent 8a3f5b18-cf21-4753-8739-4916977254ba: 
Agent ID: 8a3f5b18-cf21-4753-8739-4916977254ba
Agent 946654d6-c924-4a3d-84ae-fd1458e0b71a: 
Agent ID: 946654d6-c924-4a3d-84ae-fd1458e0b71a
Agent a55b14cf-c761-4a30-8428-c32cdf876246: 
Agent ID: a55b14cf-c761-4a30-8428-c32cdf876246
Agent ac0f3f25-3166-446b-9d2f-adc28e51c695: 
Agent ID: ac0f3f25-3166-446b-9d2f-adc28e51c695
Agent ca37308f-dc0d-48b2-9b21-8ae9f8c1cdf2: 
Agent ID: ca37308f-dc0d-48b2-9b21-8ae9f8c1cdf2
Agent f2721356-7ccf-4111-a8ba-caaa9f6e1a6d: 
Agent ID: f2721356-7ccf-4111-a8ba-caaa9f6e1a6d

Iteration 0, Turn 1:
Agent 0279b642-b227-46e9-b1be-ad485a68f8ca: 
Agent ID: 0279b642-b227-46e9-b1be-ad485a68f8ca
Agent 1a658c78-71e2-462e-9faf-3bd2c0253692: 
Agent ID: 1a658c78-71e2-462e-9faf-3bd2c0253692
Agent 2573760b-96a3-4e72-ac84-1268af90e02a: 
Agent ID: 2573760b-96a3-4e72-ac84-1268af90e02a
Agent 3b7f4fd7-be2b-484a-94b3-8f826546b331: 
Agent ID: 3b7f4fd7-be2b-484a-94b3-8f826546b331
Agent 50c34ee6-5e3c-4174-88ce-04d2bef6bdd5: 
Agent ID: 50c34ee6-5e3c-4174-88ce-04d2bef6bdd5
Agent 54eb6d8a-79f4-42f1-aab2-4691e109f12a: 
Agent ID: 54eb6d8a-79f4-42f1-aab2-4691e109f12a
Agent 5a381ef4-d928-4730-8420-50caac72b12c: 
Agent ID: 5a381ef4-d928-4730-8420-50caac72b12c
Agent 6a22836b-1325-41ec-81c8-2f5530a37df0: 
Agent ID: 6a22836b-1325-41ec-81c8-2f5530a37df0
Agent 7cc8c8c8-48c4-44f8-b1f3-98cba5715365: 
Agent ID: 7cc8c8c8-48c4-44f8-b1f3-98cba5715365
Agent 81e9d3a6-b360-4506-b7af-c1e026224c45: 
Agent ID: 81e9d3a6-b360-4506-b7af-c1e026224c45
Agent 8a3f5b18-cf21-4753-8739-4916977254ba: 
Agent ID: 8a3f5b18-cf21-4753-8739-4916977254ba
Agent 946654d6-c924-4a3d-84ae-fd1458e0b71a: 
Agent ID: 946654d6-c924-4a3d-84ae-fd1458e0b71a
Agent a55b14cf-c761-4a30-8428-c32cdf876246: 
Agent ID: a55b14cf-c761-4a30-8428-c32cdf876246
Agent ac0f3f25-3166-446b-9d2f-adc28e51c695: 
Agent ID: ac0f3f25-3166-446b-9d2f-adc28e51c695
Agent f2721356-7ccf-4111-a8ba-caaa9f6e1a6d: 
Agent ID: f2721356-7ccf-4111-a8ba-caaa9f6e1a6d

Iteration 0, Turn 2:
Agent 2573760b-96a3-4e72-ac84-1268af90e02a: 
Agent ID: 2573760b-96a3-4e72-ac84-1268af90e02a
Agent 3b7f4fd7-be2b-484a-94b3-8f826546b331: 
Agent ID: 3b7f4fd7-be2b-484a-94b3-8f826546b331
Agent 50c34ee6-5e3c-4174-88ce-04d2bef6bdd5: 
Agent ID: 50c34ee6-5e3c-4174-88ce-04d2bef6bdd5
Agent 54eb6d8a-79f4-42f1-aab2-4691e109f12a: 
Agent ID: 54eb6d8a-79f4-42f1-aab2-4691e109f12a
Agent 6a22836b-1325-41ec-81c8-2f5530a37df0: 
Agent ID: 6a22836b-1325-41ec-81c8-2f5530a37df0
Agent 7cc8c8c8-48c4-44f8-b1f3-98cba5715365: 
Agent ID: 7cc8c8c8-48c4-44f8-b1f3-98cba5715365
Agent 81e9d3a6-b360-4506-b7af-c1e026224c45: 
Agent ID: 81e9d3a6-b360-4506-b7af-c1e026224c45
Agent 8a3f5b18-cf21-4753-8739-4916977254ba: 
Agent ID: 8a3f5b18-cf21-4753-8739-4916977254ba
Agent 946654d6-c924-4a3d-84ae-fd1458e0b71a: 
Agent ID: 946654d6-c924-4a3d-84ae-fd1458e0b71a
Agent a55b14cf-c761-4a30-8428-c32cdf876246: 
Agent ID: a55b14cf-c761-4a30-8428-c32cdf876246
Agent ac0f3f25-3166-446b-9d2f-adc28e51c695: 
Agent ID: ac0f3f25-3166-446b-9d2f-adc28e51c695
Agent f2721356-7ccf-4111-a8ba-caaa9f6e1a6d: 
Agent ID: f2721356-7ccf-4111-a8ba-caaa9f6e1a6d

Iteration 0, Turn 3:
Agent 2573760b-96a3-4e72-ac84-1268af90e02a: 
Agent ID: 2573760b-96a3-4e72-ac84-1268af90e02a
Agent 3b7f4fd7-be2b-484a-94b3-8f826546b331: 
Agent ID: 3b7f4fd7-be2b-484a-94b3-8f826546b331
Agent 50c34ee6-5e3c-4174-88ce-04d2bef6bdd5: 
Agent ID: 50c34ee6-5e3c-4174-88ce-04d2bef6bdd5
Agent 54eb6d8a-79f4-42f1-aab2-4691e109f12a: 
Agent ID: 54eb6d8a-79f4-42f1-aab2-4691e109f12a
Agent 6a22836b-1325-41ec-81c8-2f5530a37df0: 
Agent ID: 6a22836b-1325-41ec-81c8-2f5530a37df0
Agent 7cc8c8c8-48c4-44f8-b1f3-98cba5715365: 
Agent ID: 7cc8c8c8-48c4-44f8-b1f3-98cba5715365
Agent 81e9d3a6-b360-4506-b7af-c1e026224c45: 
Agent ID: 81e9d3a6-b360-4506-b7af-c1e026224c45
Agent 8a3f5b18-cf21-4753-8739-4916977254ba: 
Agent ID: 8a3f5b18-cf21-4753-8739-4916977254ba
Agent 946654d6-c924-4a3d-84ae-fd1458e0b71a: 
Agent ID: 946654d6-c924-4a3d-84ae-fd1458e0b71a
Agent a55b14cf-c761-4a30-8428-c32cdf876246: 
Agent ID: a55b14cf-c761-4a30-8428-c32cdf876246
Agent ac0f3f25-3166-446b-9d2f-adc28e51c695: 
Agent ID: ac0f3f25-3166-446b-9d2f-adc28e51c695
Agent f2721356-7ccf-4111-a8ba-caaa9f6e1a6d: 
Agent ID: f2721356-7ccf-4111-a8ba-caaa9f6e1a6d

Iteration 0, Turn 4:
Agent 2573760b-96a3-4e72-ac84-1268af90e02a: 
Agent ID: 2573760b-96a3-4e72-ac84-1268af90e02a
Agent 50c34ee6-5e3c-4174-88ce-04d2bef6bdd5: 
Agent ID: 50c34ee6-5e3c-4174-88ce-04d2bef6bdd5
Agent 54eb6d8a-79f4-42f1-aab2-4691e109f12a: 
Agent ID: 54eb6d8a-79f4-42f1-aab2-4691e109f12a
Agent 7cc8c8c8-48c4-44f8-b1f3-98cba5715365: 
Agent ID: 7cc8c8c8-48c4-44f8-b1f3-98cba5715365
Agent 81e9d3a6-b360-4506-b7af-c1e026224c45: 
Agent ID: 81e9d3a6-b360-4506-b7af-c1e026224c45
Agent 8a3f5b18-cf21-4753-8739-4916977254ba: 
Agent ID: 8a3f5b18-cf21-4753-8739-4916977254ba
Agent 946654d6-c924-4a3d-84ae-fd1458e0b71a: 
Agent ID: 946654d6-c924-4a3d-84ae-fd1458e0b71a
Agent a55b14cf-c761-4a30-8428-c32cdf876246: 
Agent ID: a55b14cf-c761-4a30-8428-c32cdf876246
Agent ac0f3f25-3166-446b-9d2f-adc28e51c695: 
Agent ID: ac0f3f25-3166-446b-9d2f-adc28e51c695
Agent f2721356-7ccf-4111-a8ba-caaa9f6e1a6d: 
Agent ID: f2721356-7ccf-4111-a8ba-caaa9f6e1a6d

Iteration 1, Turn 0:

Iteration 1, Turn 0:
Agent 2573760b-96a3-4e72-ac84-1268af90e02a: 
Agent ID: 2573760b-96a3-4e72-ac84-1268af90e02a
Agent 50c34ee6-5e3c-4174-88ce-04d2bef6bdd5: 
Agent ID: 50c34ee6-5e3c-4174-88ce-04d2bef6bdd5
Agent 54eb6d8a-79f4-42f1-aab2-4691e109f12a: 
Agent ID: 54eb6d8a-79f4-42f1-aab2-4691e109f12a
Agent 7cc8c8c8-48c4-44f8-b1f3-98cba5715365: 
Agent ID: 7cc8c8c8-48c4-44f8-b1f3-98cba5715365
Agent 81e9d3a6-b360-4506-b7af-c1e026224c45: 
Agent ID: 81e9d3a6-b360-4506-b7af-c1e026224c45
Agent 8a3f5b18-cf21-4753-8739-4916977254ba: 
Agent ID: 8a3f5b18-cf21-4753-8739-4916977254ba
Agent 946654d6-c924-4a3d-84ae-fd1458e0b71a: 
Agent ID: 946654d6-c924-4a3d-84ae-fd1458e0b71a
Agent a55b14cf-c761-4a30-8428-c32cdf876246: 
Agent ID: a55b14cf-c761-4a30-8428-c32cdf876246
Agent ac0f3f25-3166-446b-9d2f-adc28e51c695: 
Agent ID: ac0f3f25-3166-446b-9d2f-adc28e51c695
Agent f2721356-7ccf-4111-a8ba-caaa9f6e1a6d: 
Agent ID: f2721356-7ccf-4111-a8ba-caaa9f6e1a6d

Iteration 1, Turn 1:
Agent 2573760b-96a3-4e72-ac84-1268af90e02a: 
Agent ID: 2573760b-96a3-4e72-ac84-1268af90e02a
Agent 50c34ee6-5e3c-4174-88ce-04d2bef6bdd5: 
Agent ID: 50c34ee6-5e3c-4174-88ce-04d2bef6bdd5
Agent 54eb6d8a-79f4-42f1-aab2-4691e109f12a: 
Agent ID: 54eb6d8a-79f4-42f1-aab2-4691e109f12a
Agent 7cc8c8c8-48c4-44f8-b1f3-98cba5715365: 
Agent ID: 7cc8c8c8-48c4-44f8-b1f3-98cba5715365
Agent 81e9d3a6-b360-4506-b7af-c1e026224c45: 
Agent ID: 81e9d3a6-b360-4506-b7af-c1e026224c45
Agent 8a3f5b18-cf21-4753-8739-4916977254ba: 
Agent ID: 8a3f5b18-cf21-4753-8739-4916977254ba
Agent 946654d6-c924-4a3d-84ae-fd1458e0b71a: 
Agent ID: 946654d6-c924-4a3d-84ae-fd1458e0b71a
Agent a55b14cf-c761-4a30-8428-c32cdf876246: 
Agent ID: a55b14cf-c761-4a30-8428-c32cdf876246
Agent ac0f3f25-3166-446b-9d2f-adc28e51c695: 
Agent ID: ac0f3f25-3166-446b-9d2f-adc28e51c695
Agent f2721356-7ccf-4111-a8ba-caaa9f6e1a6d: 
Agent ID: f2721356-7ccf-4111-a8ba-caaa9f6e1a6d

Iteration 1, Turn 2:
Agent 2573760b-96a3-4e72-ac84-1268af90e02a: 
Agent ID: 2573760b-96a3-4e72-ac84-1268af90e02a
Agent 50c34ee6-5e3c-4174-88ce-04d2bef6bdd5: 
Agent ID: 50c34ee6-5e3c-4174-88ce-04d2bef6bdd5
Agent 54eb6d8a-79f4-42f1-aab2-4691e109f12a: 
Agent ID: 54eb6d8a-79f4-42f1-aab2-4691e109f12a
Agent 7cc8c8c8-48c4-44f8-b1f3-98cba5715365: 
Agent ID: 7cc8c8c8-48c4-44f8-b1f3-98cba5715365
Agent 81e9d3a6-b360-4506-b7af-c1e026224c45: 
Agent ID: 81e9d3a6-b360-4506-b7af-c1e026224c45
Agent 8a3f5b18-cf21-4753-8739-4916977254ba: 
Agent ID: 8a3f5b18-cf21-4753-8739-4916977254ba
Agent 946654d6-c924-4a3d-84ae-fd1458e0b71a: 
Agent ID: 946654d6-c924-4a3d-84ae-fd1458e0b71a
Agent a55b14cf-c761-4a30-8428-c32cdf876246: 
Agent ID: a55b14cf-c761-4a30-8428-c32cdf876246
Agent ac0f3f25-3166-446b-9d2f-adc28e51c695: 
Agent ID: ac0f3f25-3166-446b-9d2f-adc28e51c695
Agent f2721356-7ccf-4111-a8ba-caaa9f6e1a6d: 
Agent ID: f2721356-7ccf-4111-a8ba-caaa9f6e1a6d

Iteration 1, Turn 3:
Agent 2573760b-96a3-4e72-ac84-1268af90e02a: 
Agent ID: 2573760b-96a3-4e72-ac84-1268af90e02a
Agent 50c34ee6-5e3c-4174-88ce-04d2bef6bdd5: 
Agent ID: 50c34ee6-5e3c-4174-88ce-04d2bef6bdd5
Agent 54eb6d8a-79f4-42f1-aab2-4691e109f12a: 
Agent ID: 54eb6d8a-79f4-42f1-aab2-4691e109f12a
Agent 7cc8c8c8-48c4-44f8-b1f3-98cba5715365: 
Agent ID: 7cc8c8c8-48c4-44f8-b1f3-98cba5715365
Agent 81e9d3a6-b360-4506-b7af-c1e026224c45: 
Agent ID: 81e9d3a6-b360-4506-b7af-c1e026224c45
Agent 8a3f5b18-cf21-4753-8739-4916977254ba: 
Agent ID: 8a3f5b18-cf21-4753-8739-4916977254ba
Agent 946654d6-c924-4a3d-84ae-fd1458e0b71a: 
Agent ID: 946654d6-c924-4a3d-84ae-fd1458e0b71a
Agent a55b14cf-c761-4a30-8428-c32cdf876246: 
Agent ID: a55b14cf-c761-4a30-8428-c32cdf876246
Agent ac0f3f25-3166-446b-9d2f-adc28e51c695: 
Agent ID: ac0f3f25-3166-446b-9d2f-adc28e51c695

Iteration 1, Turn 4:
Agent 2573760b-96a3-4e72-ac84-1268af90e02a: 
Agent ID: 2573760b-96a3-4e72-ac84-1268af90e02a
Agent 50c34ee6-5e3c-4174-88ce-04d2bef6bdd5: 
Agent ID: 50c34ee6-5e3c-4174-88ce-04d2bef6bdd5
Agent 54eb6d8a-79f4-42f1-aab2-4691e109f12a: 
Agent ID: 54eb6d8a-79f4-42f1-aab2-4691e109f12a
Agent 7cc8c8c8-48c4-44f8-b1f3-98cba5715365: 
Agent ID: 7cc8c8c8-48c4-44f8-b1f3-98cba5715365
Agent 8a3f5b18-cf21-4753-8739-4916977254ba: 
Agent ID: 8a3f5b18-cf21-4753-8739-4916977254ba
Agent 946654d6-c924-4a3d-84ae-fd1458e0b71a: 
Agent ID: 946654d6-c924-4a3d-84ae-fd1458e0b71a
Agent a55b14cf-c761-4a30-8428-c32cdf876246: 
Agent ID: a55b14cf-c761-4a30-8428-c32cdf876246
Agent ac0f3f25-3166-446b-9d2f-adc28e51c695: 
Agent ID: ac0f3f25-3166-446b-9d2f-adc28e51c695

Iteration 2, Turn 0:

Iteration 2, Turn 0:
Agent 2573760b-96a3-4e72-ac84-1268af90e02a: 
Agent ID: 2573760b-96a3-4e72-ac84-1268af90e02a
Agent 50c34ee6-5e3c-4174-88ce-04d2bef6bdd5: 
Agent ID: 50c34ee6-5e3c-4174-88ce-04d2bef6bdd5
Agent 54eb6d8a-79f4-42f1-aab2-4691e109f12a: 
Agent ID: 54eb6d8a-79f4-42f1-aab2-4691e109f12a
Agent 7cc8c8c8-48c4-44f8-b1f3-98cba5715365: 
Agent ID: 7cc8c8c8-48c4-44f8-b1f3-98cba5715365
Agent 8a3f5b18-cf21-4753-8739-4916977254ba: 
Agent ID: 8a3f5b18-cf21-4753-8739-4916977254ba
Agent 946654d6-c924-4a3d-84ae-fd1458e0b71a: 
Agent ID: 946654d6-c924-4a3d-84ae-fd1458e0b71a
Agent a55b14cf-c761-4a30-8428-c32cdf876246: 
Agent ID: a55b14cf-c761-4a30-8428-c32cdf876246
Agent ac0f3f25-3166-446b-9d2f-adc28e51c695: 
Agent ID: ac0f3f25-3166-446b-9d2f-adc28e51c695

Iteration 2, Turn 1:
Agent 2573760b-96a3-4e72-ac84-1268af90e02a: 
Agent ID: 2573760b-96a3-4e72-ac84-1268af90e02a
Agent 50c34ee6-5e3c-4174-88ce-04d2bef6bdd5: 
Agent ID: 50c34ee6-5e3c-4174-88ce-04d2bef6bdd5
Agent 54eb6d8a-79f4-42f1-aab2-4691e109f12a: 
Agent ID: 54eb6d8a-79f4-42f1-aab2-4691e109f12a
Agent 7cc8c8c8-48c4-44f8-b1f3-98cba5715365: 
Agent ID: 7cc8c8c8-48c4-44f8-b1f3-98cba5715365
Agent 8a3f5b18-cf21-4753-8739-4916977254ba: 
Agent ID: 8a3f5b18-cf21-4753-8739-4916977254ba
Agent 946654d6-c924-4a3d-84ae-fd1458e0b71a: 
Agent ID: 946654d6-c924-4a3d-84ae-fd1458e0b71a
Agent a55b14cf-c761-4a30-8428-c32cdf876246: 
Agent ID: a55b14cf-c761-4a30-8428-c32cdf876246
Agent ac0f3f25-3166-446b-9d2f-adc28e51c695: 
Agent ID: ac0f3f25-3166-446b-9d2f-adc28e51c695

Iteration 2, Turn 2:
Agent 2573760b-96a3-4e72-ac84-1268af90e02a: 
Agent ID: 2573760b-96a3-4e72-ac84-1268af90e02a
Agent 50c34ee6-5e3c-4174-88ce-04d2bef6bdd5: 
Agent ID: 50c34ee6-5e3c-4174-88ce-04d2bef6bdd5
Agent 54eb6d8a-79f4-42f1-aab2-4691e109f12a: 
Agent ID: 54eb6d8a-79f4-42f1-aab2-4691e109f12a
Agent 7cc8c8c8-48c4-44f8-b1f3-98cba5715365: 
Agent ID: 7cc8c8c8-48c4-44f8-b1f3-98cba5715365
Agent 8a3f5b18-cf21-4753-8739-4916977254ba: 
Agent ID: 8a3f5b18-cf21-4753-8739-4916977254ba
Agent 946654d6-c924-4a3d-84ae-fd1458e0b71a: 
Agent ID: 946654d6-c924-4a3d-84ae-fd1458e0b71a
Agent a55b14cf-c761-4a30-8428-c32cdf876246: 
Agent ID: a55b14cf-c761-4a30-8428-c32cdf876246
Agent ac0f3f25-3166-446b-9d2f-adc28e51c695: 
Agent ID: ac0f3f25-3166-446b-9d2f-adc28e51c695

Iteration 2, Turn 3:
Agent 2573760b-96a3-4e72-ac84-1268af90e02a: 
Agent ID: 2573760b-96a3-4e72-ac84-1268af90e02a
Agent 50c34ee6-5e3c-4174-88ce-04d2bef6bdd5: 
Agent ID: 50c34ee6-5e3c-4174-88ce-04d2bef6bdd5
Agent 54eb6d8a-79f4-42f1-aab2-4691e109f12a: 
Agent ID: 54eb6d8a-79f4-42f1-aab2-4691e109f12a
Agent 7cc8c8c8-48c4-44f8-b1f3-98cba5715365: 
Agent ID: 7cc8c8c8-48c4-44f8-b1f3-98cba5715365
Agent 946654d6-c924-4a3d-84ae-fd1458e0b71a: 
Agent ID: 946654d6-c924-4a3d-84ae-fd1458e0b71a
Agent a55b14cf-c761-4a30-8428-c32cdf876246: 
Agent ID: a55b14cf-c761-4a30-8428-c32cdf876246
Agent ac0f3f25-3166-446b-9d2f-adc28e51c695: 
Agent ID: ac0f3f25-3166-446b-9d2f-adc28e51c695

Iteration 2, Turn 4:
Agent 2573760b-96a3-4e72-ac84-1268af90e02a: 
Agent ID: 2573760b-96a3-4e72-ac84-1268af90e02a
Agent 50c34ee6-5e3c-4174-88ce-04d2bef6bdd5: 
Agent ID: 50c34ee6-5e3c-4174-88ce-04d2bef6bdd5
Agent 54eb6d8a-79f4-42f1-aab2-4691e109f12a: 
Agent ID: 54eb6d8a-79f4-42f1-aab2-4691e109f12a
Agent 946654d6-c924-4a3d-84ae-fd1458e0b71a: 
Agent ID: 946654d6-c924-4a3d-84ae-fd1458e0b71a
Agent a55b14cf-c761-4a30-8428-c32cdf876246: 
Agent ID: a55b14cf-c761-4a30-8428-c32cdf876246
Agent ac0f3f25-3166-446b-9d2f-adc28e51c695: 
Agent ID: ac0f3f25-3166-446b-9d2f-adc28e51c695
