main function started.
--------Start of iteration 0---------


Iteration 0, Turn 0, current agent count: 5


Iteration 0, Turn 1, current agent count: 5


Iteration 0, Turn 2, current agent count: 5


Iteration 0, Turn 3, current agent count: 5


Iteration 0, Turn 4, current agent count: 5
--------End of iteration 0---------
--------Start of iteration 1---------


Iteration 1, Turn 0, current agent count: 5


Iteration 1, Turn 1, current agent count: 5


Iteration 1, Turn 2, current agent count: 5


Iteration 1, Turn 3, current agent count: 5


Iteration 1, Turn 4, current agent count: 5
--------End of iteration 1---------
--------Start of iteration 2---------


Iteration 2, Turn 0, current agent count: 5


Iteration 2, Turn 1, current agent count: 5


Iteration 2, Turn 2, current agent count: 5


Iteration 2, Turn 3, current agent count: 5


Iteration 2, Turn 4, current agent count: 5
--------End of iteration 2---------


GamePlaybackSummary - playing 18 turn records

Iteration 0, Turn 0:

Iteration 0, Turn 0:
Agent 0c32b84e-13d6-441f-a7d4-c4f05f591f85: 
[DEAD] 
Agent ID: 0c32b84e-13d6-441f-a7d4-c4f05f591f85
Agent 1ed8272f-644e-4ab1-9528-ff4b2f4954c4: 
[DEAD] 
Agent ID: 1ed8272f-644e-4ab1-9528-ff4b2f4954c4
Agent 37078402-1d62-42c5-8c2d-2e22384bce94: 
[DEAD] 
Agent ID: 37078402-1d62-42c5-8c2d-2e22384bce94
Agent 62de0a88-d456-412e-a25d-f796e81e8ae9: 
[DEAD] 
Agent ID: 62de0a88-d456-412e-a25d-f796e81e8ae9
Agent 94894641-3d56-44e0-a38d-9b292cfe9695: 
[DEAD] 
Agent ID: 94894641-3d56-44e0-a38d-9b292cfe9695

Iteration 0, Turn 1:
Agent 0c32b84e-13d6-441f-a7d4-c4f05f591f85: 
[DEAD] 
Agent ID: 0c32b84e-13d6-441f-a7d4-c4f05f591f85
Agent 1ed8272f-644e-4ab1-9528-ff4b2f4954c4: 
[DEAD] 
Agent ID: 1ed8272f-644e-4ab1-9528-ff4b2f4954c4
Agent 37078402-1d62-42c5-8c2d-2e22384bce94: 
[DEAD] 
Agent ID: 37078402-1d62-42c5-8c2d-2e22384bce94
Agent 62de0a88-d456-412e-a25d-f796e81e8ae9: 
[DEAD] 
Agent ID: 62de0a88-d456-412e-a25d-f796e81e8ae9
Agent 94894641-3d56-44e0-a38d-9b292cfe9695: 
[DEAD] 
Agent ID: 94894641-3d56-44e0-a38d-9b292cfe9695

Iteration 0, Turn 2:
Agent 0c32b84e-13d6-441f-a7d4-c4f05f591f85: 
[DEAD] 
Agent ID: 0c32b84e-13d6-441f-a7d4-c4f05f591f85
Agent 1ed8272f-644e-4ab1-9528-ff4b2f4954c4: 
[DEAD] 
Agent ID: 1ed8272f-644e-4ab1-9528-ff4b2f4954c4
Agent 37078402-1d62-42c5-8c2d-2e22384bce94: 
[DEAD] 
Agent ID: 37078402-1d62-42c5-8c2d-2e22384bce94
Agent 62de0a88-d456-412e-a25d-f796e81e8ae9: 
[DEAD] 
Agent ID: 62de0a88-d456-412e-a25d-f796e81e8ae9
Agent 94894641-3d56-44e0-a38d-9b292cfe9695: 
[DEAD] 
Agent ID: 94894641-3d56-44e0-a38d-9b292cfe9695

Iteration 0, Turn 3:
Agent 0c32b84e-13d6-441f-a7d4-c4f05f591f85: 
[DEAD] 
Agent ID: 0c32b84e-13d6-441f-a7d4-c4f05f591f85
Agent 1ed8272f-644e-4ab1-9528-ff4b2f4954c4: 
[DEAD] 
Agent ID: 1ed8272f-644e-4ab1-9528-ff4b2f4954c4
Agent 37078402-1d62-42c5-8c2d-2e22384bce94: 
[DEAD] 
Agent ID: 37078402-1d62-42c5-8c2d-2e22384bce94
Agent 62de0a88-d456-412e-a25d-f796e81e8ae9: 
[DEAD] 
Agent ID: 62de0a88-d456-412e-a25d-f796e81e8ae9
Agent 94894641-3d56-44e0-a38d-9b292cfe9695: 
[DEAD] 
Agent ID: 94894641-3d56-44e0-a38d-9b292cfe9695

Iteration 0, Turn 4:
Agent 0c32b84e-13d6-441f-a7d4-c4f05f591f85: 
[DEAD] 
Agent ID: 0c32b84e-13d6-441f-a7d4-c4f05f591f85
Agent 1ed8272f-644e-4ab1-9528-ff4b2f4954c4: 
[DEAD] 
Agent ID: 1ed8272f-644e-4ab1-9528-ff4b2f4954c4
Agent 37078402-1d62-42c5-8c2d-2e22384bce94: 
[DEAD] 
Agent ID: 37078402-1d62-42c5-8c2d-2e22384bce94
Agent 62de0a88-d456-412e-a25d-f796e81e8ae9: 
[DEAD] 
Agent ID: 62de0a88-d456-412e-a25d-f796e81e8ae9
Agent 94894641-3d56-44e0-a38d-9b292cfe9695: 
[DEAD] 
Agent ID: 94894641-3d56-44e0-a38d-9b292cfe9695

Iteration 1, Turn 0:

Iteration 1, Turn 0:
Agent 0c32b84e-13d6-441f-a7d4-c4f05f591f85: 
[DEAD] 
Agent ID: 0c32b84e-13d6-441f-a7d4-c4f05f591f85
Agent 1ed8272f-644e-4ab1-9528-ff4b2f4954c4: 
[DEAD] 
Agent ID: 1ed8272f-644e-4ab1-9528-ff4b2f4954c4
Agent 37078402-1d62-42c5-8c2d-2e22384bce94: 
[DEAD] 
Agent ID: 37078402-1d62-42c5-8c2d-2e22384bce94
Agent 62de0a88-d456-412e-a25d-f796e81e8ae9: 
[DEAD] 
Agent ID: 62de0a88-d456-412e-a25d-f796e81e8ae9
Agent 94894641-3d56-44e0-a38d-9b292cfe9695: 
[DEAD] 
Agent ID: 94894641-3d56-44e0-a38d-9b292cfe9695

Iteration 1, Turn 1:
Agent 0c32b84e-13d6-441f-a7d4-c4f05f591f85: 
[DEAD] 
Agent ID: 0c32b84e-13d6-441f-a7d4-c4f05f591f85
Agent 1ed8272f-644e-4ab1-9528-ff4b2f4954c4: 
[DEAD] 
Agent ID: 1ed8272f-644e-4ab1-9528-ff4b2f4954c4
Agent 37078402-1d62-42c5-8c2d-2e22384bce94: 
[DEAD] 
Agent ID: 37078402-1d62-42c5-8c2d-2e22384bce94
Agent 62de0a88-d456-412e-a25d-f796e81e8ae9: 
[DEAD] 
Agent ID: 62de0a88-d456-412e-a25d-f796e81e8ae9
Agent 94894641-3d56-44e0-a38d-9b292cfe9695: 
[DEAD] 
Agent ID: 94894641-3d56-44e0-a38d-9b292cfe9695

Iteration 1, Turn 2:
Agent 0c32b84e-13d6-441f-a7d4-c4f05f591f85: 
[DEAD] 
Agent ID: 0c32b84e-13d6-441f-a7d4-c4f05f591f85
Agent 1ed8272f-644e-4ab1-9528-ff4b2f4954c4: 
[DEAD] 
Agent ID: 1ed8272f-644e-4ab1-9528-ff4b2f4954c4
Agent 37078402-1d62-42c5-8c2d-2e22384bce94: 
[DEAD] 
Agent ID: 37078402-1d62-42c5-8c2d-2e22384bce94
Agent 62de0a88-d456-412e-a25d-f796e81e8ae9: 
[DEAD] 
Agent ID: 62de0a88-d456-412e-a25d-f796e81e8ae9
Agent 94894641-3d56-44e0-a38d-9b292cfe9695: 
[DEAD] 
Agent ID: 94894641-3d56-44e0-a38d-9b292cfe9695

Iteration 1, Turn 3:
Agent 0c32b84e-13d6-441f-a7d4-c4f05f591f85: 
[DEAD] 
Agent ID: 0c32b84e-13d6-441f-a7d4-c4f05f591f85
Agent 1ed8272f-644e-4ab1-9528-ff4b2f4954c4: 
[DEAD] 
Agent ID: 1ed8272f-644e-4ab1-9528-ff4b2f4954c4
Agent 37078402-1d62-42c5-8c2d-2e22384bce94: 
[DEAD] 
Agent ID: 37078402-1d62-42c5-8c2d-2e22384bce94
Agent 62de0a88-d456-412e-a25d-f796e81e8ae9: 
[DEAD] 
Agent ID: 62de0a88-d456-412e-a25d-f796e81e8ae9
Agent 94894641-3d56-44e0-a38d-9b292cfe9695: 
[DEAD] 
Agent ID: 94894641-3d56-44e0-a38d-9b292cfe9695

Iteration 1, Turn 4:
Agent 0c32b84e-13d6-441f-a7d4-c4f05f591f85: 
[DEAD] 
Agent ID: 0c32b84e-13d6-441f-a7d4-c4f05f591f85
Agent 1ed8272f-644e-4ab1-9528-ff4b2f4954c4: 
[DEAD] 
Agent ID: 1ed8272f-644e-4ab1-9528-ff4b2f4954c4
Agent 37078402-1d62-42c5-8c2d-2e22384bce94: 
[DEAD] 
Agent ID: 37078402-1d62-42c5-8c2d-2e22384bce94
Agent 62de0a88-d456-412e-a25d-f796e81e8ae9: 
[DEAD] 
Agent ID: 62de0a88-d456-412e-a25d-f796e81e8ae9
Agent 94894641-3d56-44e0-a38d-9b292cfe9695: 
[DEAD] 
Agent ID: 94894641-3d56-44e0-a38d-9b292cfe9695

Iteration 2, Turn 0:

Iteration 2, Turn 0:
Agent 0c32b84e-13d6-441f-a7d4-c4f05f591f85: 
[DEAD] 
Agent ID: 0c32b84e-13d6-441f-a7d4-c4f05f591f85
Agent 1ed8272f-644e-4ab1-9528-ff4b2f4954c4: 
[DEAD] 
Agent ID: 1ed8272f-644e-4ab1-9528-ff4b2f4954c4
Agent 37078402-1d62-42c5-8c2d-2e22384bce94: 
[DEAD] 
Agent ID: 37078402-1d62-42c5-8c2d-2e22384bce94
Agent 62de0a88-d456-412e-a25d-f796e81e8ae9: 
[DEAD] 
Agent ID: 62de0a88-d456-412e-a25d-f796e81e8ae9
Agent 94894641-3d56-44e0-a38d-9b292cfe9695: 
[DEAD] 
Agent ID: 94894641-3d56-44e0-a38d-9b292cfe9695

Iteration 2, Turn 1:
Agent 0c32b84e-13d6-441f-a7d4-c4f05f591f85: 
[DEAD] 
Agent ID: 0c32b84e-13d6-441f-a7d4-c4f05f591f85
Agent 1ed8272f-644e-4ab1-9528-ff4b2f4954c4: 
[DEAD] 
Agent ID: 1ed8272f-644e-4ab1-9528-ff4b2f4954c4
Agent 37078402-1d62-42c5-8c2d-2e22384bce94: 
[DEAD] 
Agent ID: 37078402-1d62-42c5-8c2d-2e22384bce94
Agent 62de0a88-d456-412e-a25d-f796e81e8ae9: 
[DEAD] 
Agent ID: 62de0a88-d456-412e-a25d-f796e81e8ae9
Agent 94894641-3d56-44e0-a38d-9b292cfe9695: 
[DEAD] 
Agent ID: 94894641-3d56-44e0-a38d-9b292cfe9695

Iteration 2, Turn 2:
Agent 0c32b84e-13d6-441f-a7d4-c4f05f591f85: 
[DEAD] 
Agent ID: 0c32b84e-13d6-441f-a7d4-c4f05f591f85
Agent 1ed8272f-644e-4ab1-9528-ff4b2f4954c4: 
[DEAD] 
Agent ID: 1ed8272f-644e-4ab1-9528-ff4b2f4954c4
Agent 37078402-1d62-42c5-8c2d-2e22384bce94: 
[DEAD] 
Agent ID: 37078402-1d62-42c5-8c2d-2e22384bce94
Agent 62de0a88-d456-412e-a25d-f796e81e8ae9: 
[DEAD] 
Agent ID: 62de0a88-d456-412e-a25d-f796e81e8ae9
Agent 94894641-3d56-44e0-a38d-9b292cfe9695: 
[DEAD] 
Agent ID: 94894641-3d56-44e0-a38d-9b292cfe9695

Iteration 2, Turn 3:
Agent 0c32b84e-13d6-441f-a7d4-c4f05f591f85: 
[DEAD] 
Agent ID: 0c32b84e-13d6-441f-a7d4-c4f05f591f85
Agent 1ed8272f-644e-4ab1-9528-ff4b2f4954c4: 
[DEAD] 
Agent ID: 1ed8272f-644e-4ab1-9528-ff4b2f4954c4
Agent 37078402-1d62-42c5-8c2d-2e22384bce94: 
[DEAD] 
Agent ID: 37078402-1d62-42c5-8c2d-2e22384bce94
Agent 62de0a88-d456-412e-a25d-f796e81e8ae9: 
[DEAD] 
Agent ID: 62de0a88-d456-412e-a25d-f796e81e8ae9
Agent 94894641-3d56-44e0-a38d-9b292cfe9695: 
[DEAD] 
Agent ID: 94894641-3d56-44e0-a38d-9b292cfe9695

Iteration 2, Turn 4:
Agent 0c32b84e-13d6-441f-a7d4-c4f05f591f85: 
[DEAD] 
Agent ID: 0c32b84e-13d6-441f-a7d4-c4f05f591f85
Agent 1ed8272f-644e-4ab1-9528-ff4b2f4954c4: 
[DEAD] 
Agent ID: 1ed8272f-644e-4ab1-9528-ff4b2f4954c4
Agent 37078402-1d62-42c5-8c2d-2e22384bce94: 
[DEAD] 
Agent ID: 37078402-1d62-42c5-8c2d-2e22384bce94
Agent 62de0a88-d456-412e-a25d-f796e81e8ae9: 
[DEAD] 
Agent ID: 62de0a88-d456-412e-a25d-f796e81e8ae9
Agent 94894641-3d56-44e0-a38d-9b292cfe9695: 
[DEAD] 
Agent ID: 94894641-3d56-44e0-a38d-9b292cfe9695
