main function started.
--------Start of iteration 0---------


Iteration 0, Turn 0, current agent count: 16


Iteration 0, Turn 1, current agent count: 16


Iteration 0, Turn 2, current agent count: 16


Iteration 0, Turn 3, current agent count: 15


Iteration 0, Turn 4, current agent count: 14
--------End of iteration 0---------
--------Start of iteration 1---------


Iteration 1, Turn 0, current agent count: 11


Iteration 1, Turn 1, current agent count: 8


Iteration 1, Turn 2, current agent count: 8


Iteration 1, Turn 3, current agent count: 6


Iteration 1, Turn 4, current agent count: 6
--------End of iteration 1---------
--------Start of iteration 2---------


Iteration 2, Turn 0, current agent count: 5


Iteration 2, Turn 1, current agent count: 4


Iteration 2, Turn 2, current agent count: 4


Iteration 2, Turn 3, current agent count: 4


Iteration 2, Turn 4, current agent count: 4
--------End of iteration 2---------


GamePlaybackSummary - playing 18 turn records

Iteration 0, Turn 0:

Iteration 0, Turn 0:
Agent 068f0430-f058-4a60-a648-f164f5ab1cad: 
Agent ID: 068f0430-f058-4a60-a648-f164f5ab1cad
Agent 0a311491-7e1c-4e7a-97cd-8ddd10617a15: 
Agent ID: 0a311491-7e1c-4e7a-97cd-8ddd10617a15
Agent 0d1c63c1-016c-4a7d-802f-5ff29272b20c: 
Agent ID: 0d1c63c1-016c-4a7d-802f-5ff29272b20c
Agent 20aff8e0-c0c9-42a4-9cf1-2899ec26129e: 
Agent ID: 20aff8e0-c0c9-42a4-9cf1-2899ec26129e
Agent 22c658d9-d45a-4dfb-8f19-1c5d23cda19b: 
Agent ID: 22c658d9-d45a-4dfb-8f19-1c5d23cda19b
Agent 2a9f8971-dae0-48cf-ab24-88bdfe96a2a1: 
Agent ID: 2a9f8971-dae0-48cf-ab24-88bdfe96a2a1
Agent 4dc8aec5-6f7c-4d7c-97a1-99329bb85d5b: 
Agent ID: 4dc8aec5-6f7c-4d7c-97a1-99329bb85d5b
Agent 5e8e8f77-fa1a-40c8-9edc-b093614355d5: 
Agent ID: 5e8e8f77-fa1a-40c8-9edc-b093614355d5
Agent 87133a54-37af-4785-bc25-6318e5892edb: 
Agent ID: 87133a54-37af-4785-bc25-6318e5892edb
Agent 8bf0c593-b721-41ac-b534-dc1f702a2a9f: 
Agent ID: 8bf0c593-b721-41ac-b534-dc1f702a2a9f
Agent a1e49a03-8b07-42e6-9d40-076079c036b4: 
Agent ID: a1e49a03-8b07-42e6-9d40-076079c036b4
Agent a4641938-729a-45f0-af5b-f3b246d112ea: 
Agent ID: a4641938-729a-45f0-af5b-f3b246d112ea
Agent aee07c0e-5238-4a30-ad7c-fc722d82906d: 
Agent ID: aee07c0e-5238-4a30-ad7c-fc722d82906d
Agent bd352d91-8f2c-4f99-a9c1-8719f2673d7f: 
Agent ID: bd352d91-8f2c-4f99-a9c1-8719f2673d7f
Agent c3f0efec-17a9-40da-823a-f33c3822931a: 
Agent ID: c3f0efec-17a9-40da-823a-f33c3822931a
Agent f07c8b42-8e63-44a9-a984-6cbf51fa1441: 
Agent ID: f07c8b42-8e63-44a9-a984-6cbf51fa1441

Iteration 0, Turn 1:
Agent 068f0430-f058-4a60-a648-f164f5ab1cad: 
Agent ID: 068f0430-f058-4a60-a648-f164f5ab1cad
Agent 0a311491-7e1c-4e7a-97cd-8ddd10617a15: 
Agent ID: 0a311491-7e1c-4e7a-97cd-8ddd10617a15
Agent 0d1c63c1-016c-4a7d-802f-5ff29272b20c: 
Agent ID: 0d1c63c1-016c-4a7d-802f-5ff29272b20c
Agent 20aff8e0-c0c9-42a4-9cf1-2899ec26129e: 
Agent ID: 20aff8e0-c0c9-42a4-9cf1-2899ec26129e
Agent 22c658d9-d45a-4dfb-8f19-1c5d23cda19b: 
Agent ID: 22c658d9-d45a-4dfb-8f19-1c5d23cda19b
Agent 2a9f8971-dae0-48cf-ab24-88bdfe96a2a1: 
Agent ID: 2a9f8971-dae0-48cf-ab24-88bdfe96a2a1
Agent 4dc8aec5-6f7c-4d7c-97a1-99329bb85d5b: 
Agent ID: 4dc8aec5-6f7c-4d7c-97a1-99329bb85d5b
Agent 5e8e8f77-fa1a-40c8-9edc-b093614355d5: 
Agent ID: 5e8e8f77-fa1a-40c8-9edc-b093614355d5
Agent 87133a54-37af-4785-bc25-6318e5892edb: 
Agent ID: 87133a54-37af-4785-bc25-6318e5892edb
Agent 8bf0c593-b721-41ac-b534-dc1f702a2a9f: 
Agent ID: 8bf0c593-b721-41ac-b534-dc1f702a2a9f
Agent a1e49a03-8b07-42e6-9d40-076079c036b4: 
Agent ID: a1e49a03-8b07-42e6-9d40-076079c036b4
Agent a4641938-729a-45f0-af5b-f3b246d112ea: 
Agent ID: a4641938-729a-45f0-af5b-f3b246d112ea
Agent aee07c0e-5238-4a30-ad7c-fc722d82906d: 
Agent ID: aee07c0e-5238-4a30-ad7c-fc722d82906d
Agent bd352d91-8f2c-4f99-a9c1-8719f2673d7f: 
Agent ID: bd352d91-8f2c-4f99-a9c1-8719f2673d7f
Agent c3f0efec-17a9-40da-823a-f33c3822931a: 
Agent ID: c3f0efec-17a9-40da-823a-f33c3822931a
Agent f07c8b42-8e63-44a9-a984-6cbf51fa1441: 
Agent ID: f07c8b42-8e63-44a9-a984-6cbf51fa1441

Iteration 0, Turn 2:
Agent 068f0430-f058-4a60-a648-f164f5ab1cad: 
Agent ID: 068f0430-f058-4a60-a648-f164f5ab1cad
Agent 0a311491-7e1c-4e7a-97cd-8ddd10617a15: 
Agent ID: 0a311491-7e1c-4e7a-97cd-8ddd10617a15
Agent 0d1c63c1-016c-4a7d-802f-5ff29272b20c: 
Agent ID: 0d1c63c1-016c-4a7d-802f-5ff29272b20c
Agent 20aff8e0-c0c9-42a4-9cf1-2899ec26129e: 
Agent ID: 20aff8e0-c0c9-42a4-9cf1-2899ec26129e
Agent 22c658d9-d45a-4dfb-8f19-1c5d23cda19b: 
Agent ID: 22c658d9-d45a-4dfb-8f19-1c5d23cda19b
Agent 2a9f8971-dae0-48cf-ab24-88bdfe96a2a1: 
Agent ID: 2a9f8971-dae0-48cf-ab24-88bdfe96a2a1
Agent 4dc8aec5-6f7c-4d7c-97a1-99329bb85d5b: 
Agent ID: 4dc8aec5-6f7c-4d7c-97a1-99329bb85d5b
Agent 87133a54-37af-4785-bc25-6318e5892edb: 
Agent ID: 87133a54-37af-4785-bc25-6318e5892edb
Agent 8bf0c593-b721-41ac-b534-dc1f702a2a9f: 
Agent ID: 8bf0c593-b721-41ac-b534-dc1f702a2a9f
Agent a1e49a03-8b07-42e6-9d40-076079c036b4: 
Agent ID: a1e49a03-8b07-42e6-9d40-076079c036b4
Agent a4641938-729a-45f0-af5b-f3b246d112ea: 
Agent ID: a4641938-729a-45f0-af5b-f3b246d112ea
Agent aee07c0e-5238-4a30-ad7c-fc722d82906d: 
Agent ID: aee07c0e-5238-4a30-ad7c-fc722d82906d
Agent bd352d91-8f2c-4f99-a9c1-8719f2673d7f: 
Agent ID: bd352d91-8f2c-4f99-a9c1-8719f2673d7f
Agent c3f0efec-17a9-40da-823a-f33c3822931a: 
Agent ID: c3f0efec-17a9-40da-823a-f33c3822931a
Agent f07c8b42-8e63-44a9-a984-6cbf51fa1441: 
Agent ID: f07c8b42-8e63-44a9-a984-6cbf51fa1441

Iteration 0, Turn 3:
Agent 068f0430-f058-4a60-a648-f164f5ab1cad: 
Agent ID: 068f0430-f058-4a60-a648-f164f5ab1cad
Agent 0a311491-7e1c-4e7a-97cd-8ddd10617a15: 
Agent ID: 0a311491-7e1c-4e7a-97cd-8ddd10617a15
Agent 0d1c63c1-016c-4a7d-802f-5ff29272b20c: 
Agent ID: 0d1c63c1-016c-4a7d-802f-5ff29272b20c
Agent 20aff8e0-c0c9-42a4-9cf1-2899ec26129e: 
Agent ID: 20aff8e0-c0c9-42a4-9cf1-2899ec26129e
Agent 22c658d9-d45a-4dfb-8f19-1c5d23cda19b: 
Agent ID: 22c658d9-d45a-4dfb-8f19-1c5d23cda19b
Agent 2a9f8971-dae0-48cf-ab24-88bdfe96a2a1: 
Agent ID: 2a9f8971-dae0-48cf-ab24-88bdfe96a2a1
Agent 4dc8aec5-6f7c-4d7c-97a1-99329bb85d5b: 
Agent ID: 4dc8aec5-6f7c-4d7c-97a1-99329bb85d5b
Agent 87133a54-37af-4785-bc25-6318e5892edb: 
Agent ID: 87133a54-37af-4785-bc25-6318e5892edb
Agent 8bf0c593-b721-41ac-b534-dc1f702a2a9f: 
Agent ID: 8bf0c593-b721-41ac-b534-dc1f702a2a9f
Agent a4641938-729a-45f0-af5b-f3b246d112ea: 
Agent ID: a4641938-729a-45f0-af5b-f3b246d112ea
Agent aee07c0e-5238-4a30-ad7c-fc722d82906d: 
Agent ID: aee07c0e-5238-4a30-ad7c-fc722d82906d
Agent bd352d91-8f2c-4f99-a9c1-8719f2673d7f: 
Agent ID: bd352d91-8f2c-4f99-a9c1-8719f2673d7f
Agent c3f0efec-17a9-40da-823a-f33c3822931a: 
Agent ID: c3f0efec-17a9-40da-823a-f33c3822931a
Agent f07c8b42-8e63-44a9-a984-6cbf51fa1441: 
Agent ID: f07c8b42-8e63-44a9-a984-6cbf51fa1441

Iteration 0, Turn 4:
Agent 068f0430-f058-4a60-a648-f164f5ab1cad: 
Agent ID: 068f0430-f058-4a60-a648-f164f5ab1cad
Agent 0d1c63c1-016c-4a7d-802f-5ff29272b20c: 
Agent ID: 0d1c63c1-016c-4a7d-802f-5ff29272b20c
Agent 20aff8e0-c0c9-42a4-9cf1-2899ec26129e: 
Agent ID: 20aff8e0-c0c9-42a4-9cf1-2899ec26129e
Agent 22c658d9-d45a-4dfb-8f19-1c5d23cda19b: 
Agent ID: 22c658d9-d45a-4dfb-8f19-1c5d23cda19b
Agent 2a9f8971-dae0-48cf-ab24-88bdfe96a2a1: 
Agent ID: 2a9f8971-dae0-48cf-ab24-88bdfe96a2a1
Agent 4dc8aec5-6f7c-4d7c-97a1-99329bb85d5b: 
Agent ID: 4dc8aec5-6f7c-4d7c-97a1-99329bb85d5b
Agent 8bf0c593-b721-41ac-b534-dc1f702a2a9f: 
Agent ID: 8bf0c593-b721-41ac-b534-dc1f702a2a9f
Agent a4641938-729a-45f0-af5b-f3b246d112ea: 
Agent ID: a4641938-729a-45f0-af5b-f3b246d112ea
Agent aee07c0e-5238-4a30-ad7c-fc722d82906d: 
Agent ID: aee07c0e-5238-4a30-ad7c-fc722d82906d
Agent c3f0efec-17a9-40da-823a-f33c3822931a: 
Agent ID: c3f0efec-17a9-40da-823a-f33c3822931a
Agent f07c8b42-8e63-44a9-a984-6cbf51fa1441: 
Agent ID: f07c8b42-8e63-44a9-a984-6cbf51fa1441

Iteration 1, Turn 0:

Iteration 1, Turn 0:
Agent 068f0430-f058-4a60-a648-f164f5ab1cad: 
Agent ID: 068f0430-f058-4a60-a648-f164f5ab1cad
Agent 0d1c63c1-016c-4a7d-802f-5ff29272b20c: 
Agent ID: 0d1c63c1-016c-4a7d-802f-5ff29272b20c
Agent 22c658d9-d45a-4dfb-8f19-1c5d23cda19b: 
Agent ID: 22c658d9-d45a-4dfb-8f19-1c5d23cda19b
Agent 2a9f8971-dae0-48cf-ab24-88bdfe96a2a1: 
Agent ID: 2a9f8971-dae0-48cf-ab24-88bdfe96a2a1
Agent 4dc8aec5-6f7c-4d7c-97a1-99329bb85d5b: 
Agent ID: 4dc8aec5-6f7c-4d7c-97a1-99329bb85d5b
Agent a4641938-729a-45f0-af5b-f3b246d112ea: 
Agent ID: a4641938-729a-45f0-af5b-f3b246d112ea
Agent aee07c0e-5238-4a30-ad7c-fc722d82906d: 
Agent ID: aee07c0e-5238-4a30-ad7c-fc722d82906d
Agent f07c8b42-8e63-44a9-a984-6cbf51fa1441: 
Agent ID: f07c8b42-8e63-44a9-a984-6cbf51fa1441

Iteration 1, Turn 1:
Agent 068f0430-f058-4a60-a648-f164f5ab1cad: 
Agent ID: 068f0430-f058-4a60-a648-f164f5ab1cad
Agent 0d1c63c1-016c-4a7d-802f-5ff29272b20c: 
Agent ID: 0d1c63c1-016c-4a7d-802f-5ff29272b20c
Agent 22c658d9-d45a-4dfb-8f19-1c5d23cda19b: 
Agent ID: 22c658d9-d45a-4dfb-8f19-1c5d23cda19b
Agent 2a9f8971-dae0-48cf-ab24-88bdfe96a2a1: 
Agent ID: 2a9f8971-dae0-48cf-ab24-88bdfe96a2a1
Agent 4dc8aec5-6f7c-4d7c-97a1-99329bb85d5b: 
Agent ID: 4dc8aec5-6f7c-4d7c-97a1-99329bb85d5b
Agent a4641938-729a-45f0-af5b-f3b246d112ea: 
Agent ID: a4641938-729a-45f0-af5b-f3b246d112ea
Agent aee07c0e-5238-4a30-ad7c-fc722d82906d: 
Agent ID: aee07c0e-5238-4a30-ad7c-fc722d82906d
Agent f07c8b42-8e63-44a9-a984-6cbf51fa1441: 
Agent ID: f07c8b42-8e63-44a9-a984-6cbf51fa1441

Iteration 1, Turn 2:
Agent 0d1c63c1-016c-4a7d-802f-5ff29272b20c: 
Agent ID: 0d1c63c1-016c-4a7d-802f-5ff29272b20c
Agent 2a9f8971-dae0-48cf-ab24-88bdfe96a2a1: 
Agent ID: 2a9f8971-dae0-48cf-ab24-88bdfe96a2a1
Agent 4dc8aec5-6f7c-4d7c-97a1-99329bb85d5b: 
Agent ID: 4dc8aec5-6f7c-4d7c-97a1-99329bb85d5b
Agent a4641938-729a-45f0-af5b-f3b246d112ea: 
Agent ID: a4641938-729a-45f0-af5b-f3b246d112ea
Agent aee07c0e-5238-4a30-ad7c-fc722d82906d: 
Agent ID: aee07c0e-5238-4a30-ad7c-fc722d82906d
Agent f07c8b42-8e63-44a9-a984-6cbf51fa1441: 
Agent ID: f07c8b42-8e63-44a9-a984-6cbf51fa1441

Iteration 1, Turn 3:
Agent 0d1c63c1-016c-4a7d-802f-5ff29272b20c: 
Agent ID: 0d1c63c1-016c-4a7d-802f-5ff29272b20c
Agent 2a9f8971-dae0-48cf-ab24-88bdfe96a2a1: 
Agent ID: 2a9f8971-dae0-48cf-ab24-88bdfe96a2a1
Agent 4dc8aec5-6f7c-4d7c-97a1-99329bb85d5b: 
Agent ID: 4dc8aec5-6f7c-4d7c-97a1-99329bb85d5b
Agent a4641938-729a-45f0-af5b-f3b246d112ea: 
Agent ID: a4641938-729a-45f0-af5b-f3b246d112ea
Agent aee07c0e-5238-4a30-ad7c-fc722d82906d: 
Agent ID: aee07c0e-5238-4a30-ad7c-fc722d82906d
Agent f07c8b42-8e63-44a9-a984-6cbf51fa1441: 
Agent ID: f07c8b42-8e63-44a9-a984-6cbf51fa1441

Iteration 1, Turn 4:
Agent 0d1c63c1-016c-4a7d-802f-5ff29272b20c: 
Agent ID: 0d1c63c1-016c-4a7d-802f-5ff29272b20c
Agent 2a9f8971-dae0-48cf-ab24-88bdfe96a2a1: 
Agent ID: 2a9f8971-dae0-48cf-ab24-88bdfe96a2a1
Agent a4641938-729a-45f0-af5b-f3b246d112ea: 
Agent ID: a4641938-729a-45f0-af5b-f3b246d112ea
Agent aee07c0e-5238-4a30-ad7c-fc722d82906d: 
Agent ID: aee07c0e-5238-4a30-ad7c-fc722d82906d
Agent f07c8b42-8e63-44a9-a984-6cbf51fa1441: 
Agent ID: f07c8b42-8e63-44a9-a984-6cbf51fa1441

Iteration 2, Turn 0:

Iteration 2, Turn 0:
Agent 2a9f8971-dae0-48cf-ab24-88bdfe96a2a1: 
Agent ID: 2a9f8971-dae0-48cf-ab24-88bdfe96a2a1
Agent a4641938-729a-45f0-af5b-f3b246d112ea: 
Agent ID: a4641938-729a-45f0-af5b-f3b246d112ea
Agent aee07c0e-5238-4a30-ad7c-fc722d82906d: 
Agent ID: aee07c0e-5238-4a30-ad7c-fc722d82906d
Agent f07c8b42-8e63-44a9-a984-6cbf51fa1441: 
Agent ID: f07c8b42-8e63-44a9-a984-6cbf51fa1441

Iteration 2, Turn 1:
Agent 2a9f8971-dae0-48cf-ab24-88bdfe96a2a1: 
Agent ID: 2a9f8971-dae0-48cf-ab24-88bdfe96a2a1
Agent a4641938-729a-45f0-af5b-f3b246d112ea: 
Agent ID: a4641938-729a-45f0-af5b-f3b246d112ea
Agent aee07c0e-5238-4a30-ad7c-fc722d82906d: 
Agent ID: aee07c0e-5238-4a30-ad7c-fc722d82906d
Agent f07c8b42-8e63-44a9-a984-6cbf51fa1441: 
Agent ID: f07c8b42-8e63-44a9-a984-6cbf51fa1441

Iteration 2, Turn 2:
Agent 2a9f8971-dae0-48cf-ab24-88bdfe96a2a1: 
Agent ID: 2a9f8971-dae0-48cf-ab24-88bdfe96a2a1
Agent a4641938-729a-45f0-af5b-f3b246d112ea: 
Agent ID: a4641938-729a-45f0-af5b-f3b246d112ea
Agent aee07c0e-5238-4a30-ad7c-fc722d82906d: 
Agent ID: aee07c0e-5238-4a30-ad7c-fc722d82906d
Agent f07c8b42-8e63-44a9-a984-6cbf51fa1441: 
Agent ID: f07c8b42-8e63-44a9-a984-6cbf51fa1441

Iteration 2, Turn 3:
Agent 2a9f8971-dae0-48cf-ab24-88bdfe96a2a1: 
Agent ID: 2a9f8971-dae0-48cf-ab24-88bdfe96a2a1
Agent a4641938-729a-45f0-af5b-f3b246d112ea: 
Agent ID: a4641938-729a-45f0-af5b-f3b246d112ea
Agent aee07c0e-5238-4a30-ad7c-fc722d82906d: 
Agent ID: aee07c0e-5238-4a30-ad7c-fc722d82906d
Agent f07c8b42-8e63-44a9-a984-6cbf51fa1441: 
Agent ID: f07c8b42-8e63-44a9-a984-6cbf51fa1441

Iteration 2, Turn 4:
Agent 2a9f8971-dae0-48cf-ab24-88bdfe96a2a1: 
Agent ID: 2a9f8971-dae0-48cf-ab24-88bdfe96a2a1
Agent a4641938-729a-45f0-af5b-f3b246d112ea: 
Agent ID: a4641938-729a-45f0-af5b-f3b246d112ea
Agent aee07c0e-5238-4a30-ad7c-fc722d82906d: 
Agent ID: aee07c0e-5238-4a30-ad7c-fc722d82906d
Agent f07c8b42-8e63-44a9-a984-6cbf51fa1441: 
Agent ID: f07c8b42-8e63-44a9-a984-6cbf51fa1441
