main function started.
--------Start of iteration 0---------


Iteration 0, Turn 0, current agent count: 10


Iteration 0, Turn 1, current agent count: 10


Iteration 0, Turn 2, current agent count: 10


Iteration 0, Turn 3, current agent count: 10


Iteration 0, Turn 4, current agent count: 10
--------End of iteration 0---------
--------Start of iteration 1---------


Iteration 1, Turn 0, current agent count: 10


Iteration 1, Turn 1, current agent count: 10


Iteration 1, Turn 2, current agent count: 10


Iteration 1, Turn 3, current agent count: 10


Iteration 1, Turn 4, current agent count: 10
--------End of iteration 1---------
--------Start of iteration 2---------


Iteration 2, Turn 0, current agent count: 10


Iteration 2, Turn 1, current agent count: 10


Iteration 2, Turn 2, current agent count: 10


Iteration 2, Turn 3, current agent count: 10


Iteration 2, Turn 4, current agent count: 10
--------End of iteration 2---------


GamePlaybackSummary - playing 18 turn records

Iteration 0, Turn 0:

Iteration 0, Turn 0:
Agent 06b795e5-ab0b-4c9f-b1ca-cdaf833a3c92: 
Agent ID: 06b795e5-ab0b-4c9f-b1ca-cdaf833a3c92
Agent 18d7cb20-bc3e-4a33-be33-7c82764bd4b5: 
Agent ID: 18d7cb20-bc3e-4a33-be33-7c82764bd4b5
Agent 2e16cd5e-6cda-445c-8ecf-1f59b47b72e6: 
Agent ID: 2e16cd5e-6cda-445c-8ecf-1f59b47b72e6
Agent 3610ee82-7bf2-4c81-bb77-27babbfa907c: 
Agent ID: 3610ee82-7bf2-4c81-bb77-27babbfa907c
Agent 59af487d-4f4a-483e-a0be-6d6237b77512: 
Agent ID: 59af487d-4f4a-483e-a0be-6d6237b77512
Agent 69f5f6cd-f3fd-4511-a4dd-c23ab18c5fea: 
Agent ID: 69f5f6cd-f3fd-4511-a4dd-c23ab18c5fea
Agent a6d633a5-5533-42c2-8658-a69d5569e802: 
Agent ID: a6d633a5-5533-42c2-8658-a69d5569e802
Agent c82ad5d8-7c46-46e7-8e67-cf148038dbad: 
Agent ID: c82ad5d8-7c46-46e7-8e67-cf148038dbad
Agent d847f3d6-9ada-4006-9a8c-01978fa9e6e3: 
Agent ID: d847f3d6-9ada-4006-9a8c-01978fa9e6e3
Agent e65ab024-f01e-43b6-a492-027f615a413a: 
Agent ID: e65ab024-f01e-43b6-a492-027f615a413a

Iteration 0, Turn 1:
Agent 06b795e5-ab0b-4c9f-b1ca-cdaf833a3c92: 
Agent ID: 06b795e5-ab0b-4c9f-b1ca-cdaf833a3c92
Agent 18d7cb20-bc3e-4a33-be33-7c82764bd4b5: 
Agent ID: 18d7cb20-bc3e-4a33-be33-7c82764bd4b5
Agent 2e16cd5e-6cda-445c-8ecf-1f59b47b72e6: 
[DEAD] 
Agent ID: 2e16cd5e-6cda-445c-8ecf-1f59b47b72e6
Agent 3610ee82-7bf2-4c81-bb77-27babbfa907c: 
Agent ID: 3610ee82-7bf2-4c81-bb77-27babbfa907c
Agent 59af487d-4f4a-483e-a0be-6d6237b77512: 
Agent ID: 59af487d-4f4a-483e-a0be-6d6237b77512
Agent 69f5f6cd-f3fd-4511-a4dd-c23ab18c5fea: 
Agent ID: 69f5f6cd-f3fd-4511-a4dd-c23ab18c5fea
Agent a6d633a5-5533-42c2-8658-a69d5569e802: 
Agent ID: a6d633a5-5533-42c2-8658-a69d5569e802
Agent c82ad5d8-7c46-46e7-8e67-cf148038dbad: 
Agent ID: c82ad5d8-7c46-46e7-8e67-cf148038dbad
Agent d847f3d6-9ada-4006-9a8c-01978fa9e6e3: 
Agent ID: d847f3d6-9ada-4006-9a8c-01978fa9e6e3
Agent e65ab024-f01e-43b6-a492-027f615a413a: 
Agent ID: e65ab024-f01e-43b6-a492-027f615a413a

Iteration 0, Turn 2:
Agent 06b795e5-ab0b-4c9f-b1ca-cdaf833a3c92: 
Agent ID: 06b795e5-ab0b-4c9f-b1ca-cdaf833a3c92
Agent 18d7cb20-bc3e-4a33-be33-7c82764bd4b5: 
Agent ID: 18d7cb20-bc3e-4a33-be33-7c82764bd4b5
Agent 2e16cd5e-6cda-445c-8ecf-1f59b47b72e6: 
[DEAD] 
Agent ID: 2e16cd5e-6cda-445c-8ecf-1f59b47b72e6
Agent 3610ee82-7bf2-4c81-bb77-27babbfa907c: 
Agent ID: 3610ee82-7bf2-4c81-bb77-27babbfa907c
Agent 59af487d-4f4a-483e-a0be-6d6237b77512: 
[DEAD] 
Agent ID: 59af487d-4f4a-483e-a0be-6d6237b77512
Agent 69f5f6cd-f3fd-4511-a4dd-c23ab18c5fea: 
Agent ID: 69f5f6cd-f3fd-4511-a4dd-c23ab18c5fea
Agent a6d633a5-5533-42c2-8658-a69d5569e802: 
Agent ID: a6d633a5-5533-42c2-8658-a69d5569e802
Agent c82ad5d8-7c46-46e7-8e67-cf148038dbad: 
[DEAD] 
Agent ID: c82ad5d8-7c46-46e7-8e67-cf148038dbad
Agent d847f3d6-9ada-4006-9a8c-01978fa9e6e3: 
[DEAD] 
Agent ID: d847f3d6-9ada-4006-9a8c-01978fa9e6e3
Agent e65ab024-f01e-43b6-a492-027f615a413a: 
Agent ID: e65ab024-f01e-43b6-a492-027f615a413a

Iteration 0, Turn 3:
Agent 06b795e5-ab0b-4c9f-b1ca-cdaf833a3c92: 
[DEAD] 
Agent ID: 06b795e5-ab0b-4c9f-b1ca-cdaf833a3c92
Agent 18d7cb20-bc3e-4a33-be33-7c82764bd4b5: 
Agent ID: 18d7cb20-bc3e-4a33-be33-7c82764bd4b5
Agent 2e16cd5e-6cda-445c-8ecf-1f59b47b72e6: 
[DEAD] 
Agent ID: 2e16cd5e-6cda-445c-8ecf-1f59b47b72e6
Agent 3610ee82-7bf2-4c81-bb77-27babbfa907c: 
[DEAD] 
Agent ID: 3610ee82-7bf2-4c81-bb77-27babbfa907c
Agent 59af487d-4f4a-483e-a0be-6d6237b77512: 
[DEAD] 
Agent ID: 59af487d-4f4a-483e-a0be-6d6237b77512
Agent 69f5f6cd-f3fd-4511-a4dd-c23ab18c5fea: 
Agent ID: 69f5f6cd-f3fd-4511-a4dd-c23ab18c5fea
Agent a6d633a5-5533-42c2-8658-a69d5569e802: 
[DEAD] 
Agent ID: a6d633a5-5533-42c2-8658-a69d5569e802
Agent c82ad5d8-7c46-46e7-8e67-cf148038dbad: 
[DEAD] 
Agent ID: c82ad5d8-7c46-46e7-8e67-cf148038dbad
Agent d847f3d6-9ada-4006-9a8c-01978fa9e6e3: 
[DEAD] 
Agent ID: d847f3d6-9ada-4006-9a8c-01978fa9e6e3
Agent e65ab024-f01e-43b6-a492-027f615a413a: 
Agent ID: e65ab024-f01e-43b6-a492-027f615a413a

Iteration 0, Turn 4:
Agent 06b795e5-ab0b-4c9f-b1ca-cdaf833a3c92: 
[DEAD] 
Agent ID: 06b795e5-ab0b-4c9f-b1ca-cdaf833a3c92
Agent 18d7cb20-bc3e-4a33-be33-7c82764bd4b5: 
[DEAD] 
Agent ID: 18d7cb20-bc3e-4a33-be33-7c82764bd4b5
Agent 2e16cd5e-6cda-445c-8ecf-1f59b47b72e6: 
[DEAD] 
Agent ID: 2e16cd5e-6cda-445c-8ecf-1f59b47b72e6
Agent 3610ee82-7bf2-4c81-bb77-27babbfa907c: 
[DEAD] 
Agent ID: 3610ee82-7bf2-4c81-bb77-27babbfa907c
Agent 59af487d-4f4a-483e-a0be-6d6237b77512: 
[DEAD] 
Agent ID: 59af487d-4f4a-483e-a0be-6d6237b77512
Agent 69f5f6cd-f3fd-4511-a4dd-c23ab18c5fea: 
Agent ID: 69f5f6cd-f3fd-4511-a4dd-c23ab18c5fea
Agent a6d633a5-5533-42c2-8658-a69d5569e802: 
[DEAD] 
Agent ID: a6d633a5-5533-42c2-8658-a69d5569e802
Agent c82ad5d8-7c46-46e7-8e67-cf148038dbad: 
[DEAD] 
Agent ID: c82ad5d8-7c46-46e7-8e67-cf148038dbad
Agent d847f3d6-9ada-4006-9a8c-01978fa9e6e3: 
[DEAD] 
Agent ID: d847f3d6-9ada-4006-9a8c-01978fa9e6e3
Agent e65ab024-f01e-43b6-a492-027f615a413a: 
Agent ID: e65ab024-f01e-43b6-a492-027f615a413a

Iteration 1, Turn 0:

Iteration 1, Turn 0:
Agent 06b795e5-ab0b-4c9f-b1ca-cdaf833a3c92: 
[DEAD] 
Agent ID: 06b795e5-ab0b-4c9f-b1ca-cdaf833a3c92
Agent 18d7cb20-bc3e-4a33-be33-7c82764bd4b5: 
[DEAD] 
Agent ID: 18d7cb20-bc3e-4a33-be33-7c82764bd4b5
Agent 2e16cd5e-6cda-445c-8ecf-1f59b47b72e6: 
[DEAD] 
Agent ID: 2e16cd5e-6cda-445c-8ecf-1f59b47b72e6
Agent 3610ee82-7bf2-4c81-bb77-27babbfa907c: 
[DEAD] 
Agent ID: 3610ee82-7bf2-4c81-bb77-27babbfa907c
Agent 59af487d-4f4a-483e-a0be-6d6237b77512: 
[DEAD] 
Agent ID: 59af487d-4f4a-483e-a0be-6d6237b77512
Agent 69f5f6cd-f3fd-4511-a4dd-c23ab18c5fea: 
Agent ID: 69f5f6cd-f3fd-4511-a4dd-c23ab18c5fea
Agent a6d633a5-5533-42c2-8658-a69d5569e802: 
[DEAD] 
Agent ID: a6d633a5-5533-42c2-8658-a69d5569e802
Agent c82ad5d8-7c46-46e7-8e67-cf148038dbad: 
[DEAD] 
Agent ID: c82ad5d8-7c46-46e7-8e67-cf148038dbad
Agent d847f3d6-9ada-4006-9a8c-01978fa9e6e3: 
[DEAD] 
Agent ID: d847f3d6-9ada-4006-9a8c-01978fa9e6e3
Agent e65ab024-f01e-43b6-a492-027f615a413a: 
Agent ID: e65ab024-f01e-43b6-a492-027f615a413a

Iteration 1, Turn 1:
Agent 06b795e5-ab0b-4c9f-b1ca-cdaf833a3c92: 
[DEAD] 
Agent ID: 06b795e5-ab0b-4c9f-b1ca-cdaf833a3c92
Agent 18d7cb20-bc3e-4a33-be33-7c82764bd4b5: 
[DEAD] 
Agent ID: 18d7cb20-bc3e-4a33-be33-7c82764bd4b5
Agent 2e16cd5e-6cda-445c-8ecf-1f59b47b72e6: 
[DEAD] 
Agent ID: 2e16cd5e-6cda-445c-8ecf-1f59b47b72e6
Agent 3610ee82-7bf2-4c81-bb77-27babbfa907c: 
[DEAD] 
Agent ID: 3610ee82-7bf2-4c81-bb77-27babbfa907c
Agent 59af487d-4f4a-483e-a0be-6d6237b77512: 
[DEAD] 
Agent ID: 59af487d-4f4a-483e-a0be-6d6237b77512
Agent 69f5f6cd-f3fd-4511-a4dd-c23ab18c5fea: 
Agent ID: 69f5f6cd-f3fd-4511-a4dd-c23ab18c5fea
Agent a6d633a5-5533-42c2-8658-a69d5569e802: 
[DEAD] 
Agent ID: a6d633a5-5533-42c2-8658-a69d5569e802
Agent c82ad5d8-7c46-46e7-8e67-cf148038dbad: 
[DEAD] 
Agent ID: c82ad5d8-7c46-46e7-8e67-cf148038dbad
Agent d847f3d6-9ada-4006-9a8c-01978fa9e6e3: 
[DEAD] 
Agent ID: d847f3d6-9ada-4006-9a8c-01978fa9e6e3
Agent e65ab024-f01e-43b6-a492-027f615a413a: 
[DEAD] 
Agent ID: e65ab024-f01e-43b6-a492-027f615a413a

Iteration 1, Turn 2:
Agent 06b795e5-ab0b-4c9f-b1ca-cdaf833a3c92: 
[DEAD] 
Agent ID: 06b795e5-ab0b-4c9f-b1ca-cdaf833a3c92
Agent 18d7cb20-bc3e-4a33-be33-7c82764bd4b5: 
[DEAD] 
Agent ID: 18d7cb20-bc3e-4a33-be33-7c82764bd4b5
Agent 2e16cd5e-6cda-445c-8ecf-1f59b47b72e6: 
[DEAD] 
Agent ID: 2e16cd5e-6cda-445c-8ecf-1f59b47b72e6
Agent 3610ee82-7bf2-4c81-bb77-27babbfa907c: 
[DEAD] 
Agent ID: 3610ee82-7bf2-4c81-bb77-27babbfa907c
Agent 59af487d-4f4a-483e-a0be-6d6237b77512: 
[DEAD] 
Agent ID: 59af487d-4f4a-483e-a0be-6d6237b77512
Agent 69f5f6cd-f3fd-4511-a4dd-c23ab18c5fea: 
Agent ID: 69f5f6cd-f3fd-4511-a4dd-c23ab18c5fea
Agent a6d633a5-5533-42c2-8658-a69d5569e802: 
[DEAD] 
Agent ID: a6d633a5-5533-42c2-8658-a69d5569e802
Agent c82ad5d8-7c46-46e7-8e67-cf148038dbad: 
[DEAD] 
Agent ID: c82ad5d8-7c46-46e7-8e67-cf148038dbad
Agent d847f3d6-9ada-4006-9a8c-01978fa9e6e3: 
[DEAD] 
Agent ID: d847f3d6-9ada-4006-9a8c-01978fa9e6e3
Agent e65ab024-f01e-43b6-a492-027f615a413a: 
[DEAD] 
Agent ID: e65ab024-f01e-43b6-a492-027f615a413a

Iteration 1, Turn 3:
Agent 06b795e5-ab0b-4c9f-b1ca-cdaf833a3c92: 
[DEAD] 
Agent ID: 06b795e5-ab0b-4c9f-b1ca-cdaf833a3c92
Agent 18d7cb20-bc3e-4a33-be33-7c82764bd4b5: 
[DEAD] 
Agent ID: 18d7cb20-bc3e-4a33-be33-7c82764bd4b5
Agent 2e16cd5e-6cda-445c-8ecf-1f59b47b72e6: 
[DEAD] 
Agent ID: 2e16cd5e-6cda-445c-8ecf-1f59b47b72e6
Agent 3610ee82-7bf2-4c81-bb77-27babbfa907c: 
[DEAD] 
Agent ID: 3610ee82-7bf2-4c81-bb77-27babbfa907c
Agent 59af487d-4f4a-483e-a0be-6d6237b77512: 
[DEAD] 
Agent ID: 59af487d-4f4a-483e-a0be-6d6237b77512
Agent 69f5f6cd-f3fd-4511-a4dd-c23ab18c5fea: 
Agent ID: 69f5f6cd-f3fd-4511-a4dd-c23ab18c5fea
Agent a6d633a5-5533-42c2-8658-a69d5569e802: 
[DEAD] 
Agent ID: a6d633a5-5533-42c2-8658-a69d5569e802
Agent c82ad5d8-7c46-46e7-8e67-cf148038dbad: 
[DEAD] 
Agent ID: c82ad5d8-7c46-46e7-8e67-cf148038dbad
Agent d847f3d6-9ada-4006-9a8c-01978fa9e6e3: 
[DEAD] 
Agent ID: d847f3d6-9ada-4006-9a8c-01978fa9e6e3
Agent e65ab024-f01e-43b6-a492-027f615a413a: 
[DEAD] 
Agent ID: e65ab024-f01e-43b6-a492-027f615a413a

Iteration 1, Turn 4:
Agent 06b795e5-ab0b-4c9f-b1ca-cdaf833a3c92: 
[DEAD] 
Agent ID: 06b795e5-ab0b-4c9f-b1ca-cdaf833a3c92
Agent 18d7cb20-bc3e-4a33-be33-7c82764bd4b5: 
[DEAD] 
Agent ID: 18d7cb20-bc3e-4a33-be33-7c82764bd4b5
Agent 2e16cd5e-6cda-445c-8ecf-1f59b47b72e6: 
[DEAD] 
Agent ID: 2e16cd5e-6cda-445c-8ecf-1f59b47b72e6
Agent 3610ee82-7bf2-4c81-bb77-27babbfa907c: 
[DEAD] 
Agent ID: 3610ee82-7bf2-4c81-bb77-27babbfa907c
Agent 59af487d-4f4a-483e-a0be-6d6237b77512: 
[DEAD] 
Agent ID: 59af487d-4f4a-483e-a0be-6d6237b77512
Agent 69f5f6cd-f3fd-4511-a4dd-c23ab18c5fea: 
Agent ID: 69f5f6cd-f3fd-4511-a4dd-c23ab18c5fea
Agent a6d633a5-5533-42c2-8658-a69d5569e802: 
[DEAD] 
Agent ID: a6d633a5-5533-42c2-8658-a69d5569e802
Agent c82ad5d8-7c46-46e7-8e67-cf148038dbad: 
[DEAD] 
Agent ID: c82ad5d8-7c46-46e7-8e67-cf148038dbad
Agent d847f3d6-9ada-4006-9a8c-01978fa9e6e3: 
[DEAD] 
Agent ID: d847f3d6-9ada-4006-9a8c-01978fa9e6e3
Agent e65ab024-f01e-43b6-a492-027f615a413a: 
[DEAD] 
Agent ID: e65ab024-f01e-43b6-a492-027f615a413a

Iteration 2, Turn 0:

Iteration 2, Turn 0:
Agent 06b795e5-ab0b-4c9f-b1ca-cdaf833a3c92: 
[DEAD] 
Agent ID: 06b795e5-ab0b-4c9f-b1ca-cdaf833a3c92
Agent 18d7cb20-bc3e-4a33-be33-7c82764bd4b5: 
[DEAD] 
Agent ID: 18d7cb20-bc3e-4a33-be33-7c82764bd4b5
Agent 2e16cd5e-6cda-445c-8ecf-1f59b47b72e6: 
[DEAD] 
Agent ID: 2e16cd5e-6cda-445c-8ecf-1f59b47b72e6
Agent 3610ee82-7bf2-4c81-bb77-27babbfa907c: 
[DEAD] 
Agent ID: 3610ee82-7bf2-4c81-bb77-27babbfa907c
Agent 59af487d-4f4a-483e-a0be-6d6237b77512: 
[DEAD] 
Agent ID: 59af487d-4f4a-483e-a0be-6d6237b77512
Agent 69f5f6cd-f3fd-4511-a4dd-c23ab18c5fea: 
Agent ID: 69f5f6cd-f3fd-4511-a4dd-c23ab18c5fea
Agent a6d633a5-5533-42c2-8658-a69d5569e802: 
[DEAD] 
Agent ID: a6d633a5-5533-42c2-8658-a69d5569e802
Agent c82ad5d8-7c46-46e7-8e67-cf148038dbad: 
[DEAD] 
Agent ID: c82ad5d8-7c46-46e7-8e67-cf148038dbad
Agent d847f3d6-9ada-4006-9a8c-01978fa9e6e3: 
[DEAD] 
Agent ID: d847f3d6-9ada-4006-9a8c-01978fa9e6e3
Agent e65ab024-f01e-43b6-a492-027f615a413a: 
[DEAD] 
Agent ID: e65ab024-f01e-43b6-a492-027f615a413a

Iteration 2, Turn 1:
Agent 06b795e5-ab0b-4c9f-b1ca-cdaf833a3c92: 
[DEAD] 
Agent ID: 06b795e5-ab0b-4c9f-b1ca-cdaf833a3c92
Agent 18d7cb20-bc3e-4a33-be33-7c82764bd4b5: 
[DEAD] 
Agent ID: 18d7cb20-bc3e-4a33-be33-7c82764bd4b5
Agent 2e16cd5e-6cda-445c-8ecf-1f59b47b72e6: 
[DEAD] 
Agent ID: 2e16cd5e-6cda-445c-8ecf-1f59b47b72e6
Agent 3610ee82-7bf2-4c81-bb77-27babbfa907c: 
[DEAD] 
Agent ID: 3610ee82-7bf2-4c81-bb77-27babbfa907c
Agent 59af487d-4f4a-483e-a0be-6d6237b77512: 
[DEAD] 
Agent ID: 59af487d-4f4a-483e-a0be-6d6237b77512
Agent 69f5f6cd-f3fd-4511-a4dd-c23ab18c5fea: 
Agent ID: 69f5f6cd-f3fd-4511-a4dd-c23ab18c5fea
Agent a6d633a5-5533-42c2-8658-a69d5569e802: 
[DEAD] 
Agent ID: a6d633a5-5533-42c2-8658-a69d5569e802
Agent c82ad5d8-7c46-46e7-8e67-cf148038dbad: 
[DEAD] 
Agent ID: c82ad5d8-7c46-46e7-8e67-cf148038dbad
Agent d847f3d6-9ada-4006-9a8c-01978fa9e6e3: 
[DEAD] 
Agent ID: d847f3d6-9ada-4006-9a8c-01978fa9e6e3
Agent e65ab024-f01e-43b6-a492-027f615a413a: 
[DEAD] 
Agent ID: e65ab024-f01e-43b6-a492-027f615a413a

Iteration 2, Turn 2:
Agent 06b795e5-ab0b-4c9f-b1ca-cdaf833a3c92: 
[DEAD] 
Agent ID: 06b795e5-ab0b-4c9f-b1ca-cdaf833a3c92
Agent 18d7cb20-bc3e-4a33-be33-7c82764bd4b5: 
[DEAD] 
Agent ID: 18d7cb20-bc3e-4a33-be33-7c82764bd4b5
Agent 2e16cd5e-6cda-445c-8ecf-1f59b47b72e6: 
[DEAD] 
Agent ID: 2e16cd5e-6cda-445c-8ecf-1f59b47b72e6
Agent 3610ee82-7bf2-4c81-bb77-27babbfa907c: 
[DEAD] 
Agent ID: 3610ee82-7bf2-4c81-bb77-27babbfa907c
Agent 59af487d-4f4a-483e-a0be-6d6237b77512: 
[DEAD] 
Agent ID: 59af487d-4f4a-483e-a0be-6d6237b77512
Agent 69f5f6cd-f3fd-4511-a4dd-c23ab18c5fea: 
Agent ID: 69f5f6cd-f3fd-4511-a4dd-c23ab18c5fea
Agent a6d633a5-5533-42c2-8658-a69d5569e802: 
[DEAD] 
Agent ID: a6d633a5-5533-42c2-8658-a69d5569e802
Agent c82ad5d8-7c46-46e7-8e67-cf148038dbad: 
[DEAD] 
Agent ID: c82ad5d8-7c46-46e7-8e67-cf148038dbad
Agent d847f3d6-9ada-4006-9a8c-01978fa9e6e3: 
[DEAD] 
Agent ID: d847f3d6-9ada-4006-9a8c-01978fa9e6e3
Agent e65ab024-f01e-43b6-a492-027f615a413a: 
[DEAD] 
Agent ID: e65ab024-f01e-43b6-a492-027f615a413a

Iteration 2, Turn 3:
Agent 06b795e5-ab0b-4c9f-b1ca-cdaf833a3c92: 
[DEAD] 
Agent ID: 06b795e5-ab0b-4c9f-b1ca-cdaf833a3c92
Agent 18d7cb20-bc3e-4a33-be33-7c82764bd4b5: 
[DEAD] 
Agent ID: 18d7cb20-bc3e-4a33-be33-7c82764bd4b5
Agent 2e16cd5e-6cda-445c-8ecf-1f59b47b72e6: 
[DEAD] 
Agent ID: 2e16cd5e-6cda-445c-8ecf-1f59b47b72e6
Agent 3610ee82-7bf2-4c81-bb77-27babbfa907c: 
[DEAD] 
Agent ID: 3610ee82-7bf2-4c81-bb77-27babbfa907c
Agent 59af487d-4f4a-483e-a0be-6d6237b77512: 
[DEAD] 
Agent ID: 59af487d-4f4a-483e-a0be-6d6237b77512
Agent 69f5f6cd-f3fd-4511-a4dd-c23ab18c5fea: 
Agent ID: 69f5f6cd-f3fd-4511-a4dd-c23ab18c5fea
Agent a6d633a5-5533-42c2-8658-a69d5569e802: 
[DEAD] 
Agent ID: a6d633a5-5533-42c2-8658-a69d5569e802
Agent c82ad5d8-7c46-46e7-8e67-cf148038dbad: 
[DEAD] 
Agent ID: c82ad5d8-7c46-46e7-8e67-cf148038dbad
Agent d847f3d6-9ada-4006-9a8c-01978fa9e6e3: 
[DEAD] 
Agent ID: d847f3d6-9ada-4006-9a8c-01978fa9e6e3
Agent e65ab024-f01e-43b6-a492-027f615a413a: 
[DEAD] 
Agent ID: e65ab024-f01e-43b6-a492-027f615a413a

Iteration 2, Turn 4:
Agent 06b795e5-ab0b-4c9f-b1ca-cdaf833a3c92: 
[DEAD] 
Agent ID: 06b795e5-ab0b-4c9f-b1ca-cdaf833a3c92
Agent 18d7cb20-bc3e-4a33-be33-7c82764bd4b5: 
[DEAD] 
Agent ID: 18d7cb20-bc3e-4a33-be33-7c82764bd4b5
Agent 2e16cd5e-6cda-445c-8ecf-1f59b47b72e6: 
[DEAD] 
Agent ID: 2e16cd5e-6cda-445c-8ecf-1f59b47b72e6
Agent 3610ee82-7bf2-4c81-bb77-27babbfa907c: 
[DEAD] 
Agent ID: 3610ee82-7bf2-4c81-bb77-27babbfa907c
Agent 59af487d-4f4a-483e-a0be-6d6237b77512: 
[DEAD] 
Agent ID: 59af487d-4f4a-483e-a0be-6d6237b77512
Agent 69f5f6cd-f3fd-4511-a4dd-c23ab18c5fea: 
[DEAD] 
Agent ID: 69f5f6cd-f3fd-4511-a4dd-c23ab18c5fea
Agent a6d633a5-5533-42c2-8658-a69d5569e802: 
[DEAD] 
Agent ID: a6d633a5-5533-42c2-8658-a69d5569e802
Agent c82ad5d8-7c46-46e7-8e67-cf148038dbad: 
[DEAD] 
Agent ID: c82ad5d8-7c46-46e7-8e67-cf148038dbad
Agent d847f3d6-9ada-4006-9a8c-01978fa9e6e3: 
[DEAD] 
Agent ID: d847f3d6-9ada-4006-9a8c-01978fa9e6e3
Agent e65ab024-f01e-43b6-a492-027f615a413a: 
[DEAD] 
Agent ID: e65ab024-f01e-43b6-a492-027f615a413a
