main function started.
--------Start of iteration 0---------


Iteration 0, Turn 0, current agent count: 5


Iteration 0, Turn 1, current agent count: 5
--------End of iteration 0---------
--------Start of iteration 1---------


Iteration 1, Turn 0, current agent count: 5


Iteration 1, Turn 1, current agent count: 5
--------End of iteration 1---------
--------Start of iteration 2---------


Iteration 2, Turn 0, current agent count: 5


Iteration 2, Turn 1, current agent count: 5
--------End of iteration 2---------


GamePlaybackSummary - playing 9 turn records

Iteration 0, Turn 0:

Iteration 0, Turn 1:
Agent 5394c439-5fca-4be0-b042-ae43da5a0b58: 
Agent ID: 5394c439-5fca-4be0-b042-ae43da5a0b58
Agent 633a55a4-d509-461f-8172-acaa15334194: 
[DEAD] 
Agent ID: 633a55a4-d509-461f-8172-acaa15334194
Agent a5ab51e1-c83b-4175-b96e-dc8bee83c5cc: 
[DEAD] 
Agent ID: a5ab51e1-c83b-4175-b96e-dc8bee83c5cc
Agent e0f100e3-6f44-4778-a6e2-6604f791d212: 
[DEAD] 
Agent ID: e0f100e3-6f44-4778-a6e2-6604f791d212
Agent ea944109-b8bc-4666-9107-633fbb6746f8: 
[DEAD] 
Agent ID: ea944109-b8bc-4666-9107-633fbb6746f8

Iteration 0, Turn 2:
Agent 5394c439-5fca-4be0-b042-ae43da5a0b58: 
Agent ID: 5394c439-5fca-4be0-b042-ae43da5a0b58
Agent 633a55a4-d509-461f-8172-acaa15334194: 
[DEAD] 
Agent ID: 633a55a4-d509-461f-8172-acaa15334194
Agent a5ab51e1-c83b-4175-b96e-dc8bee83c5cc: 
[DEAD] 
Agent ID: a5ab51e1-c83b-4175-b96e-dc8bee83c5cc
Agent e0f100e3-6f44-4778-a6e2-6604f791d212: 
[DEAD] 
Agent ID: e0f100e3-6f44-4778-a6e2-6604f791d212
Agent ea944109-b8bc-4666-9107-633fbb6746f8: 
[DEAD] 
Agent ID: ea944109-b8bc-4666-9107-633fbb6746f8

Iteration 1, Turn 0:

Iteration 1, Turn 1:
Agent 5394c439-5fca-4be0-b042-ae43da5a0b58: 
Agent ID: 5394c439-5fca-4be0-b042-ae43da5a0b58
Agent 633a55a4-d509-461f-8172-acaa15334194: 
[DEAD] 
Agent ID: 633a55a4-d509-461f-8172-acaa15334194
Agent a5ab51e1-c83b-4175-b96e-dc8bee83c5cc: 
[DEAD] 
Agent ID: a5ab51e1-c83b-4175-b96e-dc8bee83c5cc
Agent e0f100e3-6f44-4778-a6e2-6604f791d212: 
[DEAD] 
Agent ID: e0f100e3-6f44-4778-a6e2-6604f791d212
Agent ea944109-b8bc-4666-9107-633fbb6746f8: 
[DEAD] 
Agent ID: ea944109-b8bc-4666-9107-633fbb6746f8

Iteration 1, Turn 2:
Agent 5394c439-5fca-4be0-b042-ae43da5a0b58: 
Agent ID: 5394c439-5fca-4be0-b042-ae43da5a0b58
Agent 633a55a4-d509-461f-8172-acaa15334194: 
[DEAD] 
Agent ID: 633a55a4-d509-461f-8172-acaa15334194
Agent a5ab51e1-c83b-4175-b96e-dc8bee83c5cc: 
[DEAD] 
Agent ID: a5ab51e1-c83b-4175-b96e-dc8bee83c5cc
Agent e0f100e3-6f44-4778-a6e2-6604f791d212: 
[DEAD] 
Agent ID: e0f100e3-6f44-4778-a6e2-6604f791d212
Agent ea944109-b8bc-4666-9107-633fbb6746f8: 
[DEAD] 
Agent ID: ea944109-b8bc-4666-9107-633fbb6746f8

Iteration 2, Turn 0:

Iteration 2, Turn 1:
Agent 5394c439-5fca-4be0-b042-ae43da5a0b58: 
[DEAD] 
Agent ID: 5394c439-5fca-4be0-b042-ae43da5a0b58
Agent 633a55a4-d509-461f-8172-acaa15334194: 
[DEAD] 
Agent ID: 633a55a4-d509-461f-8172-acaa15334194
Agent a5ab51e1-c83b-4175-b96e-dc8bee83c5cc: 
[DEAD] 
Agent ID: a5ab51e1-c83b-4175-b96e-dc8bee83c5cc
Agent e0f100e3-6f44-4778-a6e2-6604f791d212: 
[DEAD] 
Agent ID: e0f100e3-6f44-4778-a6e2-6604f791d212
Agent ea944109-b8bc-4666-9107-633fbb6746f8: 
[DEAD] 
Agent ID: ea944109-b8bc-4666-9107-633fbb6746f8

Iteration 2, Turn 2:
Agent 5394c439-5fca-4be0-b042-ae43da5a0b58: 
[DEAD] 
Agent ID: 5394c439-5fca-4be0-b042-ae43da5a0b58
Agent 633a55a4-d509-461f-8172-acaa15334194: 
[DEAD] 
Agent ID: 633a55a4-d509-461f-8172-acaa15334194
Agent a5ab51e1-c83b-4175-b96e-dc8bee83c5cc: 
[DEAD] 
Agent ID: a5ab51e1-c83b-4175-b96e-dc8bee83c5cc
Agent e0f100e3-6f44-4778-a6e2-6604f791d212: 
[DEAD] 
Agent ID: e0f100e3-6f44-4778-a6e2-6604f791d212
Agent ea944109-b8bc-4666-9107-633fbb6746f8: 
[DEAD] 
Agent ID: ea944109-b8bc-4666-9107-633fbb6746f8
