main function started.
--------Start of iteration 0---------


Iteration 0, Turn 0, current agent count: 5


Iteration 0, Turn 1, current agent count: 5


Iteration 0, Turn 2, current agent count: 5


Iteration 0, Turn 3, current agent count: 5


Iteration 0, Turn 4, current agent count: 5
--------End of iteration 0---------
--------Start of iteration 1---------


Iteration 1, Turn 0, current agent count: 5


Iteration 1, Turn 1, current agent count: 5


Iteration 1, Turn 2, current agent count: 5


Iteration 1, Turn 3, current agent count: 5


Iteration 1, Turn 4, current agent count: 5
--------End of iteration 1---------
--------Start of iteration 2---------


Iteration 2, Turn 0, current agent count: 5


Iteration 2, Turn 1, current agent count: 5


Iteration 2, Turn 2, current agent count: 5


Iteration 2, Turn 3, current agent count: 5


Iteration 2, Turn 4, current agent count: 5
--------End of iteration 2---------


GamePlaybackSummary - playing 18 turn records

Iteration 0, Turn 0:

Iteration 0, Turn 1:
Agent 0be0945b-0808-4569-88c3-70540bb48734: 
Agent ID: 0be0945b-0808-4569-88c3-70540bb48734
Agent 5a11c0ab-3c55-4fe3-98a5-66c14074b2d9: 
[DEAD] 
Agent ID: 5a11c0ab-3c55-4fe3-98a5-66c14074b2d9
Agent 631be56e-9a1a-451d-b96b-ce138e4e5f96: 
[DEAD] 
Agent ID: 631be56e-9a1a-451d-b96b-ce138e4e5f96
Agent c81461f4-ad5e-471b-88c5-61f2091082ac: 
Agent ID: c81461f4-ad5e-471b-88c5-61f2091082ac
Agent eb8500d4-8ea3-43d2-b2ef-97a138167ee5: 
Agent ID: eb8500d4-8ea3-43d2-b2ef-97a138167ee5

Iteration 0, Turn 2:
Agent 0be0945b-0808-4569-88c3-70540bb48734: 
Agent ID: 0be0945b-0808-4569-88c3-70540bb48734
Agent 5a11c0ab-3c55-4fe3-98a5-66c14074b2d9: 
[DEAD] 
Agent ID: 5a11c0ab-3c55-4fe3-98a5-66c14074b2d9
Agent 631be56e-9a1a-451d-b96b-ce138e4e5f96: 
[DEAD] 
Agent ID: 631be56e-9a1a-451d-b96b-ce138e4e5f96
Agent c81461f4-ad5e-471b-88c5-61f2091082ac: 
[DEAD] 
Agent ID: c81461f4-ad5e-471b-88c5-61f2091082ac
Agent eb8500d4-8ea3-43d2-b2ef-97a138167ee5: 
Agent ID: eb8500d4-8ea3-43d2-b2ef-97a138167ee5

Iteration 0, Turn 3:
Agent 0be0945b-0808-4569-88c3-70540bb48734: 
[DEAD] 
Agent ID: 0be0945b-0808-4569-88c3-70540bb48734
Agent 5a11c0ab-3c55-4fe3-98a5-66c14074b2d9: 
[DEAD] 
Agent ID: 5a11c0ab-3c55-4fe3-98a5-66c14074b2d9
Agent 631be56e-9a1a-451d-b96b-ce138e4e5f96: 
[DEAD] 
Agent ID: 631be56e-9a1a-451d-b96b-ce138e4e5f96
Agent c81461f4-ad5e-471b-88c5-61f2091082ac: 
[DEAD] 
Agent ID: c81461f4-ad5e-471b-88c5-61f2091082ac
Agent eb8500d4-8ea3-43d2-b2ef-97a138167ee5: 
Agent ID: eb8500d4-8ea3-43d2-b2ef-97a138167ee5

Iteration 0, Turn 4:
Agent 0be0945b-0808-4569-88c3-70540bb48734: 
[DEAD] 
Agent ID: 0be0945b-0808-4569-88c3-70540bb48734
Agent 5a11c0ab-3c55-4fe3-98a5-66c14074b2d9: 
[DEAD] 
Agent ID: 5a11c0ab-3c55-4fe3-98a5-66c14074b2d9
Agent 631be56e-9a1a-451d-b96b-ce138e4e5f96: 
[DEAD] 
Agent ID: 631be56e-9a1a-451d-b96b-ce138e4e5f96
Agent c81461f4-ad5e-471b-88c5-61f2091082ac: 
[DEAD] 
Agent ID: c81461f4-ad5e-471b-88c5-61f2091082ac
Agent eb8500d4-8ea3-43d2-b2ef-97a138167ee5: 
Agent ID: eb8500d4-8ea3-43d2-b2ef-97a138167ee5

Iteration 0, Turn 5:
Agent 0be0945b-0808-4569-88c3-70540bb48734: 
[DEAD] 
Agent ID: 0be0945b-0808-4569-88c3-70540bb48734
Agent 5a11c0ab-3c55-4fe3-98a5-66c14074b2d9: 
[DEAD] 
Agent ID: 5a11c0ab-3c55-4fe3-98a5-66c14074b2d9
Agent 631be56e-9a1a-451d-b96b-ce138e4e5f96: 
[DEAD] 
Agent ID: 631be56e-9a1a-451d-b96b-ce138e4e5f96
Agent c81461f4-ad5e-471b-88c5-61f2091082ac: 
[DEAD] 
Agent ID: c81461f4-ad5e-471b-88c5-61f2091082ac
Agent eb8500d4-8ea3-43d2-b2ef-97a138167ee5: 
Agent ID: eb8500d4-8ea3-43d2-b2ef-97a138167ee5

Iteration 1, Turn 0:

Iteration 1, Turn 1:
Agent 0be0945b-0808-4569-88c3-70540bb48734: 
[DEAD] 
Agent ID: 0be0945b-0808-4569-88c3-70540bb48734
Agent 5a11c0ab-3c55-4fe3-98a5-66c14074b2d9: 
[DEAD] 
Agent ID: 5a11c0ab-3c55-4fe3-98a5-66c14074b2d9
Agent 631be56e-9a1a-451d-b96b-ce138e4e5f96: 
[DEAD] 
Agent ID: 631be56e-9a1a-451d-b96b-ce138e4e5f96
Agent c81461f4-ad5e-471b-88c5-61f2091082ac: 
[DEAD] 
Agent ID: c81461f4-ad5e-471b-88c5-61f2091082ac
Agent eb8500d4-8ea3-43d2-b2ef-97a138167ee5: 
[DEAD] 
Agent ID: eb8500d4-8ea3-43d2-b2ef-97a138167ee5

Iteration 1, Turn 2:
Agent 0be0945b-0808-4569-88c3-70540bb48734: 
[DEAD] 
Agent ID: 0be0945b-0808-4569-88c3-70540bb48734
Agent 5a11c0ab-3c55-4fe3-98a5-66c14074b2d9: 
[DEAD] 
Agent ID: 5a11c0ab-3c55-4fe3-98a5-66c14074b2d9
Agent 631be56e-9a1a-451d-b96b-ce138e4e5f96: 
[DEAD] 
Agent ID: 631be56e-9a1a-451d-b96b-ce138e4e5f96
Agent c81461f4-ad5e-471b-88c5-61f2091082ac: 
[DEAD] 
Agent ID: c81461f4-ad5e-471b-88c5-61f2091082ac
Agent eb8500d4-8ea3-43d2-b2ef-97a138167ee5: 
[DEAD] 
Agent ID: eb8500d4-8ea3-43d2-b2ef-97a138167ee5

Iteration 1, Turn 3:
Agent 0be0945b-0808-4569-88c3-70540bb48734: 
[DEAD] 
Agent ID: 0be0945b-0808-4569-88c3-70540bb48734
Agent 5a11c0ab-3c55-4fe3-98a5-66c14074b2d9: 
[DEAD] 
Agent ID: 5a11c0ab-3c55-4fe3-98a5-66c14074b2d9
Agent 631be56e-9a1a-451d-b96b-ce138e4e5f96: 
[DEAD] 
Agent ID: 631be56e-9a1a-451d-b96b-ce138e4e5f96
Agent c81461f4-ad5e-471b-88c5-61f2091082ac: 
[DEAD] 
Agent ID: c81461f4-ad5e-471b-88c5-61f2091082ac
Agent eb8500d4-8ea3-43d2-b2ef-97a138167ee5: 
[DEAD] 
Agent ID: eb8500d4-8ea3-43d2-b2ef-97a138167ee5

Iteration 1, Turn 4:
Agent 0be0945b-0808-4569-88c3-70540bb48734: 
[DEAD] 
Agent ID: 0be0945b-0808-4569-88c3-70540bb48734
Agent 5a11c0ab-3c55-4fe3-98a5-66c14074b2d9: 
[DEAD] 
Agent ID: 5a11c0ab-3c55-4fe3-98a5-66c14074b2d9
Agent 631be56e-9a1a-451d-b96b-ce138e4e5f96: 
[DEAD] 
Agent ID: 631be56e-9a1a-451d-b96b-ce138e4e5f96
Agent c81461f4-ad5e-471b-88c5-61f2091082ac: 
[DEAD] 
Agent ID: c81461f4-ad5e-471b-88c5-61f2091082ac
Agent eb8500d4-8ea3-43d2-b2ef-97a138167ee5: 
[DEAD] 
Agent ID: eb8500d4-8ea3-43d2-b2ef-97a138167ee5

Iteration 1, Turn 5:
Agent 0be0945b-0808-4569-88c3-70540bb48734: 
[DEAD] 
Agent ID: 0be0945b-0808-4569-88c3-70540bb48734
Agent 5a11c0ab-3c55-4fe3-98a5-66c14074b2d9: 
[DEAD] 
Agent ID: 5a11c0ab-3c55-4fe3-98a5-66c14074b2d9
Agent 631be56e-9a1a-451d-b96b-ce138e4e5f96: 
[DEAD] 
Agent ID: 631be56e-9a1a-451d-b96b-ce138e4e5f96
Agent c81461f4-ad5e-471b-88c5-61f2091082ac: 
[DEAD] 
Agent ID: c81461f4-ad5e-471b-88c5-61f2091082ac
Agent eb8500d4-8ea3-43d2-b2ef-97a138167ee5: 
[DEAD] 
Agent ID: eb8500d4-8ea3-43d2-b2ef-97a138167ee5

Iteration 2, Turn 0:

Iteration 2, Turn 1:
Agent 0be0945b-0808-4569-88c3-70540bb48734: 
[DEAD] 
Agent ID: 0be0945b-0808-4569-88c3-70540bb48734
Agent 5a11c0ab-3c55-4fe3-98a5-66c14074b2d9: 
[DEAD] 
Agent ID: 5a11c0ab-3c55-4fe3-98a5-66c14074b2d9
Agent 631be56e-9a1a-451d-b96b-ce138e4e5f96: 
[DEAD] 
Agent ID: 631be56e-9a1a-451d-b96b-ce138e4e5f96
Agent c81461f4-ad5e-471b-88c5-61f2091082ac: 
[DEAD] 
Agent ID: c81461f4-ad5e-471b-88c5-61f2091082ac
Agent eb8500d4-8ea3-43d2-b2ef-97a138167ee5: 
[DEAD] 
Agent ID: eb8500d4-8ea3-43d2-b2ef-97a138167ee5

Iteration 2, Turn 2:
Agent 0be0945b-0808-4569-88c3-70540bb48734: 
[DEAD] 
Agent ID: 0be0945b-0808-4569-88c3-70540bb48734
Agent 5a11c0ab-3c55-4fe3-98a5-66c14074b2d9: 
[DEAD] 
Agent ID: 5a11c0ab-3c55-4fe3-98a5-66c14074b2d9
Agent 631be56e-9a1a-451d-b96b-ce138e4e5f96: 
[DEAD] 
Agent ID: 631be56e-9a1a-451d-b96b-ce138e4e5f96
Agent c81461f4-ad5e-471b-88c5-61f2091082ac: 
[DEAD] 
Agent ID: c81461f4-ad5e-471b-88c5-61f2091082ac
Agent eb8500d4-8ea3-43d2-b2ef-97a138167ee5: 
[DEAD] 
Agent ID: eb8500d4-8ea3-43d2-b2ef-97a138167ee5

Iteration 2, Turn 3:
Agent 0be0945b-0808-4569-88c3-70540bb48734: 
[DEAD] 
Agent ID: 0be0945b-0808-4569-88c3-70540bb48734
Agent 5a11c0ab-3c55-4fe3-98a5-66c14074b2d9: 
[DEAD] 
Agent ID: 5a11c0ab-3c55-4fe3-98a5-66c14074b2d9
Agent 631be56e-9a1a-451d-b96b-ce138e4e5f96: 
[DEAD] 
Agent ID: 631be56e-9a1a-451d-b96b-ce138e4e5f96
Agent c81461f4-ad5e-471b-88c5-61f2091082ac: 
[DEAD] 
Agent ID: c81461f4-ad5e-471b-88c5-61f2091082ac
Agent eb8500d4-8ea3-43d2-b2ef-97a138167ee5: 
[DEAD] 
Agent ID: eb8500d4-8ea3-43d2-b2ef-97a138167ee5

Iteration 2, Turn 4:
Agent 0be0945b-0808-4569-88c3-70540bb48734: 
[DEAD] 
Agent ID: 0be0945b-0808-4569-88c3-70540bb48734
Agent 5a11c0ab-3c55-4fe3-98a5-66c14074b2d9: 
[DEAD] 
Agent ID: 5a11c0ab-3c55-4fe3-98a5-66c14074b2d9
Agent 631be56e-9a1a-451d-b96b-ce138e4e5f96: 
[DEAD] 
Agent ID: 631be56e-9a1a-451d-b96b-ce138e4e5f96
Agent c81461f4-ad5e-471b-88c5-61f2091082ac: 
[DEAD] 
Agent ID: c81461f4-ad5e-471b-88c5-61f2091082ac
Agent eb8500d4-8ea3-43d2-b2ef-97a138167ee5: 
[DEAD] 
Agent ID: eb8500d4-8ea3-43d2-b2ef-97a138167ee5

Iteration 2, Turn 5:
Agent 0be0945b-0808-4569-88c3-70540bb48734: 
[DEAD] 
Agent ID: 0be0945b-0808-4569-88c3-70540bb48734
Agent 5a11c0ab-3c55-4fe3-98a5-66c14074b2d9: 
[DEAD] 
Agent ID: 5a11c0ab-3c55-4fe3-98a5-66c14074b2d9
Agent 631be56e-9a1a-451d-b96b-ce138e4e5f96: 
[DEAD] 
Agent ID: 631be56e-9a1a-451d-b96b-ce138e4e5f96
Agent c81461f4-ad5e-471b-88c5-61f2091082ac: 
[DEAD] 
Agent ID: c81461f4-ad5e-471b-88c5-61f2091082ac
Agent eb8500d4-8ea3-43d2-b2ef-97a138167ee5: 
[DEAD] 
Agent ID: eb8500d4-8ea3-43d2-b2ef-97a138167ee5
